   1              		.file	"dm_opt.c"
   2              		.option nopic
   3              		.attribute arch, "rv32i2p0_m2p0_a2p0_f2p0_c2p0_b_p0p94"
   4              		.attribute unaligned_access, 0
   5              		.attribute stack_align, 16
   6              		.text
   7              	.Ltext0:
   8              		.cfi_sections	.debug_frame
   9              		.section	.text.dm_opt_set,"ax",@progbits
  10              		.align	1
  11              		.globl	dm_opt_set
  13              	dm_opt_set:
  14              	.LFB20:
  15              		.file 1 "C:/Users/stapi/OneDrive/Desktop/GD32VW553/V1_MQTT_OK/GD32VW55X_Wifi_BLE_SDK/GD32VW55x_REL
   1:C:/Users/stapi/OneDrive/Desktop/GD32VW553/V1_MQTT_OK/GD32VW55X_Wifi_BLE_SDK/GD32VW55x_RELEASE_V1.0.2/MSDK/cloud/alicloud/src/services/linkkit/dm\dm_opt.c **** /*
   2:C:/Users/stapi/OneDrive/Desktop/GD32VW553/V1_MQTT_OK/GD32VW55X_Wifi_BLE_SDK/GD32VW55x_RELEASE_V1.0.2/MSDK/cloud/alicloud/src/services/linkkit/dm\dm_opt.c ****  * Copyright (C) 2015-2018 Alibaba Group Holding Limited
   3:C:/Users/stapi/OneDrive/Desktop/GD32VW553/V1_MQTT_OK/GD32VW55X_Wifi_BLE_SDK/GD32VW55x_RELEASE_V1.0.2/MSDK/cloud/alicloud/src/services/linkkit/dm\dm_opt.c ****  */
   4:C:/Users/stapi/OneDrive/Desktop/GD32VW553/V1_MQTT_OK/GD32VW55X_Wifi_BLE_SDK/GD32VW55x_RELEASE_V1.0.2/MSDK/cloud/alicloud/src/services/linkkit/dm\dm_opt.c **** 
   5:C:/Users/stapi/OneDrive/Desktop/GD32VW553/V1_MQTT_OK/GD32VW55X_Wifi_BLE_SDK/GD32VW55x_RELEASE_V1.0.2/MSDK/cloud/alicloud/src/services/linkkit/dm\dm_opt.c **** #include "iotx_dm_internal.h"
   6:C:/Users/stapi/OneDrive/Desktop/GD32VW553/V1_MQTT_OK/GD32VW55X_Wifi_BLE_SDK/GD32VW55x_RELEASE_V1.0.2/MSDK/cloud/alicloud/src/services/linkkit/dm\dm_opt.c **** 
   7:C:/Users/stapi/OneDrive/Desktop/GD32VW553/V1_MQTT_OK/GD32VW55X_Wifi_BLE_SDK/GD32VW55x_RELEASE_V1.0.2/MSDK/cloud/alicloud/src/services/linkkit/dm\dm_opt.c **** static dm_opt_ctx g_dm_opt = {
   8:C:/Users/stapi/OneDrive/Desktop/GD32VW553/V1_MQTT_OK/GD32VW55X_Wifi_BLE_SDK/GD32VW55x_RELEASE_V1.0.2/MSDK/cloud/alicloud/src/services/linkkit/dm\dm_opt.c ****     0, 0, 1
   9:C:/Users/stapi/OneDrive/Desktop/GD32VW553/V1_MQTT_OK/GD32VW55X_Wifi_BLE_SDK/GD32VW55x_RELEASE_V1.0.2/MSDK/cloud/alicloud/src/services/linkkit/dm\dm_opt.c **** };
  10:C:/Users/stapi/OneDrive/Desktop/GD32VW553/V1_MQTT_OK/GD32VW55X_Wifi_BLE_SDK/GD32VW55x_RELEASE_V1.0.2/MSDK/cloud/alicloud/src/services/linkkit/dm\dm_opt.c **** 
  11:C:/Users/stapi/OneDrive/Desktop/GD32VW553/V1_MQTT_OK/GD32VW55X_Wifi_BLE_SDK/GD32VW55x_RELEASE_V1.0.2/MSDK/cloud/alicloud/src/services/linkkit/dm\dm_opt.c **** int dm_opt_set(dm_opt_t opt, void *data)
  12:C:/Users/stapi/OneDrive/Desktop/GD32VW553/V1_MQTT_OK/GD32VW55X_Wifi_BLE_SDK/GD32VW55x_RELEASE_V1.0.2/MSDK/cloud/alicloud/src/services/linkkit/dm\dm_opt.c **** {
  16              		.loc 1 12 1
  17              		.cfi_startproc
  18              	.LVL0:
  13:C:/Users/stapi/OneDrive/Desktop/GD32VW553/V1_MQTT_OK/GD32VW55X_Wifi_BLE_SDK/GD32VW55x_RELEASE_V1.0.2/MSDK/cloud/alicloud/src/services/linkkit/dm\dm_opt.c ****     int res = SUCCESS_RETURN;
  19              		.loc 1 13 5
  14:C:/Users/stapi/OneDrive/Desktop/GD32VW553/V1_MQTT_OK/GD32VW55X_Wifi_BLE_SDK/GD32VW55x_RELEASE_V1.0.2/MSDK/cloud/alicloud/src/services/linkkit/dm\dm_opt.c **** 
  15:C:/Users/stapi/OneDrive/Desktop/GD32VW553/V1_MQTT_OK/GD32VW55X_Wifi_BLE_SDK/GD32VW55x_RELEASE_V1.0.2/MSDK/cloud/alicloud/src/services/linkkit/dm\dm_opt.c ****     if (data == NULL) {
  20              		.loc 1 15 5
  21              		.loc 1 15 8 is_stmt 0
  22 0000 95C1     		beq	a1,zero,.L8
  16:C:/Users/stapi/OneDrive/Desktop/GD32VW553/V1_MQTT_OK/GD32VW55X_Wifi_BLE_SDK/GD32VW55x_RELEASE_V1.0.2/MSDK/cloud/alicloud/src/services/linkkit/dm\dm_opt.c ****         return FAIL_RETURN;
  17:C:/Users/stapi/OneDrive/Desktop/GD32VW553/V1_MQTT_OK/GD32VW55X_Wifi_BLE_SDK/GD32VW55x_RELEASE_V1.0.2/MSDK/cloud/alicloud/src/services/linkkit/dm\dm_opt.c ****     }
  18:C:/Users/stapi/OneDrive/Desktop/GD32VW553/V1_MQTT_OK/GD32VW55X_Wifi_BLE_SDK/GD32VW55x_RELEASE_V1.0.2/MSDK/cloud/alicloud/src/services/linkkit/dm\dm_opt.c **** 
  19:C:/Users/stapi/OneDrive/Desktop/GD32VW553/V1_MQTT_OK/GD32VW55X_Wifi_BLE_SDK/GD32VW55x_RELEASE_V1.0.2/MSDK/cloud/alicloud/src/services/linkkit/dm\dm_opt.c ****     switch (opt) {
  23              		.loc 1 19 5 is_stmt 1
  24 0002 8947     		li	a5,2
  25 0004 6304F502 		beq	a0,a5,.L3
  26 0008 63EBA700 		bgtu	a0,a5,.L4
  27 000c B7070000 		lui	a5,%hi(.LANCHOR0)
  28 0010 9841     		lw	a4,0(a1)
  29 0012 93870700 		addi	a5,a5,%lo(.LANCHOR0)
  30 0016 09E9     		bne	a0,zero,.L9
  31              	.LBB2:
  20:C:/Users/stapi/OneDrive/Desktop/GD32VW553/V1_MQTT_OK/GD32VW55X_Wifi_BLE_SDK/GD32VW55x_RELEASE_V1.0.2/MSDK/cloud/alicloud/src/services/linkkit/dm\dm_opt.c ****         case DM_OPT_DOWNSTREAM_PROPERTY_POST_REPLY: {
  21:C:/Users/stapi/OneDrive/Desktop/GD32VW553/V1_MQTT_OK/GD32VW55X_Wifi_BLE_SDK/GD32VW55x_RELEASE_V1.0.2/MSDK/cloud/alicloud/src/services/linkkit/dm\dm_opt.c ****             int opt = *(int *)(data);
  32              		.loc 1 21 13
  33              	.LVL1:
  22:C:/Users/stapi/OneDrive/Desktop/GD32VW553/V1_MQTT_OK/GD32VW55X_Wifi_BLE_SDK/GD32VW55x_RELEASE_V1.0.2/MSDK/cloud/alicloud/src/services/linkkit/dm\dm_opt.c ****             g_dm_opt.prop_post_reply_opt = opt;
  34              		.loc 1 22 13
  35              		.loc 1 22 42 is_stmt 0
  36 0018 98C3     		sw	a4,0(a5)
  37              	.LBE2:
  23:C:/Users/stapi/OneDrive/Desktop/GD32VW553/V1_MQTT_OK/GD32VW55X_Wifi_BLE_SDK/GD32VW55x_RELEASE_V1.0.2/MSDK/cloud/alicloud/src/services/linkkit/dm\dm_opt.c ****         }
  24:C:/Users/stapi/OneDrive/Desktop/GD32VW553/V1_MQTT_OK/GD32VW55X_Wifi_BLE_SDK/GD32VW55x_RELEASE_V1.0.2/MSDK/cloud/alicloud/src/services/linkkit/dm\dm_opt.c ****         break;
  38              		.loc 1 24 9 is_stmt 1
  39              	.LVL2:
  40              	.L10:
  25:C:/Users/stapi/OneDrive/Desktop/GD32VW553/V1_MQTT_OK/GD32VW55X_Wifi_BLE_SDK/GD32VW55x_RELEASE_V1.0.2/MSDK/cloud/alicloud/src/services/linkkit/dm\dm_opt.c ****         case DM_OPT_DOWNSTREAM_EVENT_POST_REPLY: {
  26:C:/Users/stapi/OneDrive/Desktop/GD32VW553/V1_MQTT_OK/GD32VW55X_Wifi_BLE_SDK/GD32VW55x_RELEASE_V1.0.2/MSDK/cloud/alicloud/src/services/linkkit/dm\dm_opt.c ****             int opt = *(int *)(data);
  27:C:/Users/stapi/OneDrive/Desktop/GD32VW553/V1_MQTT_OK/GD32VW55X_Wifi_BLE_SDK/GD32VW55x_RELEASE_V1.0.2/MSDK/cloud/alicloud/src/services/linkkit/dm\dm_opt.c ****             g_dm_opt.event_post_reply_opt = opt;
  28:C:/Users/stapi/OneDrive/Desktop/GD32VW553/V1_MQTT_OK/GD32VW55X_Wifi_BLE_SDK/GD32VW55x_RELEASE_V1.0.2/MSDK/cloud/alicloud/src/services/linkkit/dm\dm_opt.c ****         }
  29:C:/Users/stapi/OneDrive/Desktop/GD32VW553/V1_MQTT_OK/GD32VW55X_Wifi_BLE_SDK/GD32VW55x_RELEASE_V1.0.2/MSDK/cloud/alicloud/src/services/linkkit/dm\dm_opt.c ****         break;
  30:C:/Users/stapi/OneDrive/Desktop/GD32VW553/V1_MQTT_OK/GD32VW55X_Wifi_BLE_SDK/GD32VW55x_RELEASE_V1.0.2/MSDK/cloud/alicloud/src/services/linkkit/dm\dm_opt.c ****         case DM_OPT_UPSTREAM_PROPERTY_SET_REPLY: {
  31:C:/Users/stapi/OneDrive/Desktop/GD32VW553/V1_MQTT_OK/GD32VW55X_Wifi_BLE_SDK/GD32VW55x_RELEASE_V1.0.2/MSDK/cloud/alicloud/src/services/linkkit/dm\dm_opt.c ****             int opt = *(int *)(data);
  32:C:/Users/stapi/OneDrive/Desktop/GD32VW553/V1_MQTT_OK/GD32VW55X_Wifi_BLE_SDK/GD32VW55x_RELEASE_V1.0.2/MSDK/cloud/alicloud/src/services/linkkit/dm\dm_opt.c ****             g_dm_opt.prop_set_reply_opt = opt;
  33:C:/Users/stapi/OneDrive/Desktop/GD32VW553/V1_MQTT_OK/GD32VW55X_Wifi_BLE_SDK/GD32VW55x_RELEASE_V1.0.2/MSDK/cloud/alicloud/src/services/linkkit/dm\dm_opt.c ****         }
  34:C:/Users/stapi/OneDrive/Desktop/GD32VW553/V1_MQTT_OK/GD32VW55X_Wifi_BLE_SDK/GD32VW55x_RELEASE_V1.0.2/MSDK/cloud/alicloud/src/services/linkkit/dm\dm_opt.c ****         break;
  35:C:/Users/stapi/OneDrive/Desktop/GD32VW553/V1_MQTT_OK/GD32VW55X_Wifi_BLE_SDK/GD32VW55x_RELEASE_V1.0.2/MSDK/cloud/alicloud/src/services/linkkit/dm\dm_opt.c ****         case DM_OPT_UPSTREAM_EVENT_NOTIFY_REPLY: {
  36:C:/Users/stapi/OneDrive/Desktop/GD32VW553/V1_MQTT_OK/GD32VW55X_Wifi_BLE_SDK/GD32VW55x_RELEASE_V1.0.2/MSDK/cloud/alicloud/src/services/linkkit/dm\dm_opt.c ****             int opt = *(int *)(data);
  37:C:/Users/stapi/OneDrive/Desktop/GD32VW553/V1_MQTT_OK/GD32VW55X_Wifi_BLE_SDK/GD32VW55x_RELEASE_V1.0.2/MSDK/cloud/alicloud/src/services/linkkit/dm\dm_opt.c ****             g_dm_opt.event_notify_reply_opt = opt;
  38:C:/Users/stapi/OneDrive/Desktop/GD32VW553/V1_MQTT_OK/GD32VW55X_Wifi_BLE_SDK/GD32VW55x_RELEASE_V1.0.2/MSDK/cloud/alicloud/src/services/linkkit/dm\dm_opt.c ****         }
  39:C:/Users/stapi/OneDrive/Desktop/GD32VW553/V1_MQTT_OK/GD32VW55X_Wifi_BLE_SDK/GD32VW55x_RELEASE_V1.0.2/MSDK/cloud/alicloud/src/services/linkkit/dm\dm_opt.c ****         break;
  41              		.loc 1 39 9
  13:C:/Users/stapi/OneDrive/Desktop/GD32VW553/V1_MQTT_OK/GD32VW55X_Wifi_BLE_SDK/GD32VW55x_RELEASE_V1.0.2/MSDK/cloud/alicloud/src/services/linkkit/dm\dm_opt.c **** 
  42              		.loc 1 13 9 is_stmt 0
  43 001a 0145     		li	a0,0
  44              	.LVL3:
  45              		.loc 1 39 9
  46 001c 8280     		ret
  47              	.LVL4:
  48              	.L4:
  19:C:/Users/stapi/OneDrive/Desktop/GD32VW553/V1_MQTT_OK/GD32VW55X_Wifi_BLE_SDK/GD32VW55x_RELEASE_V1.0.2/MSDK/cloud/alicloud/src/services/linkkit/dm\dm_opt.c ****         case DM_OPT_DOWNSTREAM_PROPERTY_POST_REPLY: {
  49              		.loc 1 19 5
  50 001e 8D47     		li	a5,3
  51 0020 630CF500 		beq	a0,a5,.L7
  52              	.L8:
  16:C:/Users/stapi/OneDrive/Desktop/GD32VW553/V1_MQTT_OK/GD32VW55X_Wifi_BLE_SDK/GD32VW55x_RELEASE_V1.0.2/MSDK/cloud/alicloud/src/services/linkkit/dm\dm_opt.c ****     }
  53              		.loc 1 16 16
  54 0024 7D55     		li	a0,-1
  55              	.LVL5:
  40:C:/Users/stapi/OneDrive/Desktop/GD32VW553/V1_MQTT_OK/GD32VW55X_Wifi_BLE_SDK/GD32VW55x_RELEASE_V1.0.2/MSDK/cloud/alicloud/src/services/linkkit/dm\dm_opt.c ****         default: {
  41:C:/Users/stapi/OneDrive/Desktop/GD32VW553/V1_MQTT_OK/GD32VW55X_Wifi_BLE_SDK/GD32VW55x_RELEASE_V1.0.2/MSDK/cloud/alicloud/src/services/linkkit/dm\dm_opt.c ****             res = FAIL_RETURN;
  42:C:/Users/stapi/OneDrive/Desktop/GD32VW553/V1_MQTT_OK/GD32VW55X_Wifi_BLE_SDK/GD32VW55x_RELEASE_V1.0.2/MSDK/cloud/alicloud/src/services/linkkit/dm\dm_opt.c ****         }
  43:C:/Users/stapi/OneDrive/Desktop/GD32VW553/V1_MQTT_OK/GD32VW55X_Wifi_BLE_SDK/GD32VW55x_RELEASE_V1.0.2/MSDK/cloud/alicloud/src/services/linkkit/dm\dm_opt.c ****         break;
  44:C:/Users/stapi/OneDrive/Desktop/GD32VW553/V1_MQTT_OK/GD32VW55X_Wifi_BLE_SDK/GD32VW55x_RELEASE_V1.0.2/MSDK/cloud/alicloud/src/services/linkkit/dm\dm_opt.c ****     }
  45:C:/Users/stapi/OneDrive/Desktop/GD32VW553/V1_MQTT_OK/GD32VW55X_Wifi_BLE_SDK/GD32VW55x_RELEASE_V1.0.2/MSDK/cloud/alicloud/src/services/linkkit/dm\dm_opt.c **** 
  46:C:/Users/stapi/OneDrive/Desktop/GD32VW553/V1_MQTT_OK/GD32VW55X_Wifi_BLE_SDK/GD32VW55x_RELEASE_V1.0.2/MSDK/cloud/alicloud/src/services/linkkit/dm\dm_opt.c ****     return res;
  47:C:/Users/stapi/OneDrive/Desktop/GD32VW553/V1_MQTT_OK/GD32VW55X_Wifi_BLE_SDK/GD32VW55x_RELEASE_V1.0.2/MSDK/cloud/alicloud/src/services/linkkit/dm\dm_opt.c **** }
  56              		.loc 1 47 1
  57 0026 8280     		ret
  58              	.LVL6:
  59              	.L9:
  60              	.LBB3:
  26:C:/Users/stapi/OneDrive/Desktop/GD32VW553/V1_MQTT_OK/GD32VW55X_Wifi_BLE_SDK/GD32VW55x_RELEASE_V1.0.2/MSDK/cloud/alicloud/src/services/linkkit/dm\dm_opt.c ****             g_dm_opt.event_post_reply_opt = opt;
  61              		.loc 1 26 13 is_stmt 1
  27:C:/Users/stapi/OneDrive/Desktop/GD32VW553/V1_MQTT_OK/GD32VW55X_Wifi_BLE_SDK/GD32VW55x_RELEASE_V1.0.2/MSDK/cloud/alicloud/src/services/linkkit/dm\dm_opt.c ****         }
  62              		.loc 1 27 13
  27:C:/Users/stapi/OneDrive/Desktop/GD32VW553/V1_MQTT_OK/GD32VW55X_Wifi_BLE_SDK/GD32VW55x_RELEASE_V1.0.2/MSDK/cloud/alicloud/src/services/linkkit/dm\dm_opt.c ****         }
  63              		.loc 1 27 43 is_stmt 0
  64 0028 D8C3     		sw	a4,4(a5)
  65              	.LBE3:
  29:C:/Users/stapi/OneDrive/Desktop/GD32VW553/V1_MQTT_OK/GD32VW55X_Wifi_BLE_SDK/GD32VW55x_RELEASE_V1.0.2/MSDK/cloud/alicloud/src/services/linkkit/dm\dm_opt.c ****         case DM_OPT_UPSTREAM_PROPERTY_SET_REPLY: {
  66              		.loc 1 29 9 is_stmt 1
  67 002a C5BF     		j	.L10
  68              	.LVL7:
  69              	.L3:
  70              	.LBB4:
  31:C:/Users/stapi/OneDrive/Desktop/GD32VW553/V1_MQTT_OK/GD32VW55X_Wifi_BLE_SDK/GD32VW55x_RELEASE_V1.0.2/MSDK/cloud/alicloud/src/services/linkkit/dm\dm_opt.c ****             g_dm_opt.prop_set_reply_opt = opt;
  71              		.loc 1 31 13
  32:C:/Users/stapi/OneDrive/Desktop/GD32VW553/V1_MQTT_OK/GD32VW55X_Wifi_BLE_SDK/GD32VW55x_RELEASE_V1.0.2/MSDK/cloud/alicloud/src/services/linkkit/dm\dm_opt.c ****         }
  72              		.loc 1 32 13
  32:C:/Users/stapi/OneDrive/Desktop/GD32VW553/V1_MQTT_OK/GD32VW55X_Wifi_BLE_SDK/GD32VW55x_RELEASE_V1.0.2/MSDK/cloud/alicloud/src/services/linkkit/dm\dm_opt.c ****         }
  73              		.loc 1 32 41 is_stmt 0
  74 002c 9841     		lw	a4,0(a1)
  75 002e B7070000 		lui	a5,%hi(.LANCHOR0+8)
  76 0032 23A4E700 		sw	a4,%lo(.LANCHOR0+8)(a5)
  77              	.LBE4:
  34:C:/Users/stapi/OneDrive/Desktop/GD32VW553/V1_MQTT_OK/GD32VW55X_Wifi_BLE_SDK/GD32VW55x_RELEASE_V1.0.2/MSDK/cloud/alicloud/src/services/linkkit/dm\dm_opt.c ****         case DM_OPT_UPSTREAM_EVENT_NOTIFY_REPLY: {
  78              		.loc 1 34 9 is_stmt 1
  79 0036 D5B7     		j	.L10
  80              	.LVL8:
  81              	.L7:
  82              	.LBB5:
  36:C:/Users/stapi/OneDrive/Desktop/GD32VW553/V1_MQTT_OK/GD32VW55X_Wifi_BLE_SDK/GD32VW55x_RELEASE_V1.0.2/MSDK/cloud/alicloud/src/services/linkkit/dm\dm_opt.c ****             g_dm_opt.event_notify_reply_opt = opt;
  83              		.loc 1 36 13
  37:C:/Users/stapi/OneDrive/Desktop/GD32VW553/V1_MQTT_OK/GD32VW55X_Wifi_BLE_SDK/GD32VW55x_RELEASE_V1.0.2/MSDK/cloud/alicloud/src/services/linkkit/dm\dm_opt.c ****         }
  84              		.loc 1 37 13
  37:C:/Users/stapi/OneDrive/Desktop/GD32VW553/V1_MQTT_OK/GD32VW55X_Wifi_BLE_SDK/GD32VW55x_RELEASE_V1.0.2/MSDK/cloud/alicloud/src/services/linkkit/dm\dm_opt.c ****         }
  85              		.loc 1 37 45 is_stmt 0
  86 0038 9841     		lw	a4,0(a1)
  87 003a B7070000 		lui	a5,%hi(.LANCHOR0+12)
  88 003e 23A6E700 		sw	a4,%lo(.LANCHOR0+12)(a5)
  89 0042 E1BF     		j	.L10
  90              	.LBE5:
  91              		.cfi_endproc
  92              	.LFE20:
  94              		.section	.text.dm_opt_get,"ax",@progbits
  95              		.align	1
  96              		.globl	dm_opt_get
  98              	dm_opt_get:
  99              	.LFB21:
  48:C:/Users/stapi/OneDrive/Desktop/GD32VW553/V1_MQTT_OK/GD32VW55X_Wifi_BLE_SDK/GD32VW55x_RELEASE_V1.0.2/MSDK/cloud/alicloud/src/services/linkkit/dm\dm_opt.c **** 
  49:C:/Users/stapi/OneDrive/Desktop/GD32VW553/V1_MQTT_OK/GD32VW55X_Wifi_BLE_SDK/GD32VW55x_RELEASE_V1.0.2/MSDK/cloud/alicloud/src/services/linkkit/dm\dm_opt.c **** int dm_opt_get(dm_opt_t opt, void *data)
  50:C:/Users/stapi/OneDrive/Desktop/GD32VW553/V1_MQTT_OK/GD32VW55X_Wifi_BLE_SDK/GD32VW55x_RELEASE_V1.0.2/MSDK/cloud/alicloud/src/services/linkkit/dm\dm_opt.c **** {
 100              		.loc 1 50 1 is_stmt 1
 101              		.cfi_startproc
 102              	.LVL9:
  51:C:/Users/stapi/OneDrive/Desktop/GD32VW553/V1_MQTT_OK/GD32VW55X_Wifi_BLE_SDK/GD32VW55x_RELEASE_V1.0.2/MSDK/cloud/alicloud/src/services/linkkit/dm\dm_opt.c ****     int res = SUCCESS_RETURN;
 103              		.loc 1 51 5
  52:C:/Users/stapi/OneDrive/Desktop/GD32VW553/V1_MQTT_OK/GD32VW55X_Wifi_BLE_SDK/GD32VW55x_RELEASE_V1.0.2/MSDK/cloud/alicloud/src/services/linkkit/dm\dm_opt.c **** 
  53:C:/Users/stapi/OneDrive/Desktop/GD32VW553/V1_MQTT_OK/GD32VW55X_Wifi_BLE_SDK/GD32VW55x_RELEASE_V1.0.2/MSDK/cloud/alicloud/src/services/linkkit/dm\dm_opt.c ****     if (data == NULL) {
 104              		.loc 1 53 5
 105              		.loc 1 53 8 is_stmt 0
 106 0000 95C1     		beq	a1,zero,.L18
  54:C:/Users/stapi/OneDrive/Desktop/GD32VW553/V1_MQTT_OK/GD32VW55X_Wifi_BLE_SDK/GD32VW55x_RELEASE_V1.0.2/MSDK/cloud/alicloud/src/services/linkkit/dm\dm_opt.c ****         return FAIL_RETURN;
  55:C:/Users/stapi/OneDrive/Desktop/GD32VW553/V1_MQTT_OK/GD32VW55X_Wifi_BLE_SDK/GD32VW55x_RELEASE_V1.0.2/MSDK/cloud/alicloud/src/services/linkkit/dm\dm_opt.c ****     }
  56:C:/Users/stapi/OneDrive/Desktop/GD32VW553/V1_MQTT_OK/GD32VW55X_Wifi_BLE_SDK/GD32VW55x_RELEASE_V1.0.2/MSDK/cloud/alicloud/src/services/linkkit/dm\dm_opt.c **** 
  57:C:/Users/stapi/OneDrive/Desktop/GD32VW553/V1_MQTT_OK/GD32VW55X_Wifi_BLE_SDK/GD32VW55x_RELEASE_V1.0.2/MSDK/cloud/alicloud/src/services/linkkit/dm\dm_opt.c ****     switch (opt) {
 107              		.loc 1 57 5 is_stmt 1
 108 0002 8947     		li	a5,2
 109 0004 6304F502 		beq	a0,a5,.L13
 110 0008 63EBA700 		bgtu	a0,a5,.L14
 111 000c B7070000 		lui	a5,%hi(.LANCHOR0)
 112 0010 93870700 		addi	a5,a5,%lo(.LANCHOR0)
 113 0014 11E9     		bne	a0,zero,.L19
  58:C:/Users/stapi/OneDrive/Desktop/GD32VW553/V1_MQTT_OK/GD32VW55X_Wifi_BLE_SDK/GD32VW55x_RELEASE_V1.0.2/MSDK/cloud/alicloud/src/services/linkkit/dm\dm_opt.c ****         case DM_OPT_DOWNSTREAM_PROPERTY_POST_REPLY: {
  59:C:/Users/stapi/OneDrive/Desktop/GD32VW553/V1_MQTT_OK/GD32VW55X_Wifi_BLE_SDK/GD32VW55x_RELEASE_V1.0.2/MSDK/cloud/alicloud/src/services/linkkit/dm\dm_opt.c ****             *(int *)(data) = g_dm_opt.prop_post_reply_opt;
 114              		.loc 1 59 13
 115              		.loc 1 59 28 is_stmt 0
 116 0016 9C43     		lw	a5,0(a5)
 117              	.L20:
  60:C:/Users/stapi/OneDrive/Desktop/GD32VW553/V1_MQTT_OK/GD32VW55X_Wifi_BLE_SDK/GD32VW55x_RELEASE_V1.0.2/MSDK/cloud/alicloud/src/services/linkkit/dm\dm_opt.c ****         }
  61:C:/Users/stapi/OneDrive/Desktop/GD32VW553/V1_MQTT_OK/GD32VW55X_Wifi_BLE_SDK/GD32VW55x_RELEASE_V1.0.2/MSDK/cloud/alicloud/src/services/linkkit/dm\dm_opt.c ****         break;
  62:C:/Users/stapi/OneDrive/Desktop/GD32VW553/V1_MQTT_OK/GD32VW55X_Wifi_BLE_SDK/GD32VW55x_RELEASE_V1.0.2/MSDK/cloud/alicloud/src/services/linkkit/dm\dm_opt.c ****         case DM_OPT_DOWNSTREAM_EVENT_POST_REPLY: {
  63:C:/Users/stapi/OneDrive/Desktop/GD32VW553/V1_MQTT_OK/GD32VW55X_Wifi_BLE_SDK/GD32VW55x_RELEASE_V1.0.2/MSDK/cloud/alicloud/src/services/linkkit/dm\dm_opt.c ****             *(int *)(data) = g_dm_opt.event_post_reply_opt;
  64:C:/Users/stapi/OneDrive/Desktop/GD32VW553/V1_MQTT_OK/GD32VW55X_Wifi_BLE_SDK/GD32VW55x_RELEASE_V1.0.2/MSDK/cloud/alicloud/src/services/linkkit/dm\dm_opt.c ****         }
  65:C:/Users/stapi/OneDrive/Desktop/GD32VW553/V1_MQTT_OK/GD32VW55X_Wifi_BLE_SDK/GD32VW55x_RELEASE_V1.0.2/MSDK/cloud/alicloud/src/services/linkkit/dm\dm_opt.c ****         break;
  66:C:/Users/stapi/OneDrive/Desktop/GD32VW553/V1_MQTT_OK/GD32VW55X_Wifi_BLE_SDK/GD32VW55x_RELEASE_V1.0.2/MSDK/cloud/alicloud/src/services/linkkit/dm\dm_opt.c ****         case DM_OPT_UPSTREAM_PROPERTY_SET_REPLY: {
  67:C:/Users/stapi/OneDrive/Desktop/GD32VW553/V1_MQTT_OK/GD32VW55X_Wifi_BLE_SDK/GD32VW55x_RELEASE_V1.0.2/MSDK/cloud/alicloud/src/services/linkkit/dm\dm_opt.c ****             *(int *)(data) = g_dm_opt.prop_set_reply_opt;
  68:C:/Users/stapi/OneDrive/Desktop/GD32VW553/V1_MQTT_OK/GD32VW55X_Wifi_BLE_SDK/GD32VW55x_RELEASE_V1.0.2/MSDK/cloud/alicloud/src/services/linkkit/dm\dm_opt.c ****         }
  69:C:/Users/stapi/OneDrive/Desktop/GD32VW553/V1_MQTT_OK/GD32VW55X_Wifi_BLE_SDK/GD32VW55x_RELEASE_V1.0.2/MSDK/cloud/alicloud/src/services/linkkit/dm\dm_opt.c ****         break;
  70:C:/Users/stapi/OneDrive/Desktop/GD32VW553/V1_MQTT_OK/GD32VW55X_Wifi_BLE_SDK/GD32VW55x_RELEASE_V1.0.2/MSDK/cloud/alicloud/src/services/linkkit/dm\dm_opt.c ****         case DM_OPT_UPSTREAM_EVENT_NOTIFY_REPLY: {
  71:C:/Users/stapi/OneDrive/Desktop/GD32VW553/V1_MQTT_OK/GD32VW55X_Wifi_BLE_SDK/GD32VW55x_RELEASE_V1.0.2/MSDK/cloud/alicloud/src/services/linkkit/dm\dm_opt.c ****             *(int *)(data) = g_dm_opt.event_notify_reply_opt;
 118              		.loc 1 71 28
 119 0018 9CC1     		sw	a5,0(a1)
  72:C:/Users/stapi/OneDrive/Desktop/GD32VW553/V1_MQTT_OK/GD32VW55X_Wifi_BLE_SDK/GD32VW55x_RELEASE_V1.0.2/MSDK/cloud/alicloud/src/services/linkkit/dm\dm_opt.c ****         }
  73:C:/Users/stapi/OneDrive/Desktop/GD32VW553/V1_MQTT_OK/GD32VW55X_Wifi_BLE_SDK/GD32VW55x_RELEASE_V1.0.2/MSDK/cloud/alicloud/src/services/linkkit/dm\dm_opt.c ****         break;
 120              		.loc 1 73 9 is_stmt 1
  51:C:/Users/stapi/OneDrive/Desktop/GD32VW553/V1_MQTT_OK/GD32VW55X_Wifi_BLE_SDK/GD32VW55x_RELEASE_V1.0.2/MSDK/cloud/alicloud/src/services/linkkit/dm\dm_opt.c **** 
 121              		.loc 1 51 9 is_stmt 0
 122 001a 0145     		li	a0,0
 123              	.LVL10:
 124              		.loc 1 73 9
 125 001c 8280     		ret
 126              	.LVL11:
 127              	.L14:
  57:C:/Users/stapi/OneDrive/Desktop/GD32VW553/V1_MQTT_OK/GD32VW55X_Wifi_BLE_SDK/GD32VW55x_RELEASE_V1.0.2/MSDK/cloud/alicloud/src/services/linkkit/dm\dm_opt.c ****         case DM_OPT_DOWNSTREAM_PROPERTY_POST_REPLY: {
 128              		.loc 1 57 5
 129 001e 8D47     		li	a5,3
 130 0020 630BF500 		beq	a0,a5,.L17
 131              	.L18:
  54:C:/Users/stapi/OneDrive/Desktop/GD32VW553/V1_MQTT_OK/GD32VW55X_Wifi_BLE_SDK/GD32VW55x_RELEASE_V1.0.2/MSDK/cloud/alicloud/src/services/linkkit/dm\dm_opt.c ****     }
 132              		.loc 1 54 16
 133 0024 7D55     		li	a0,-1
 134              	.LVL12:
  74:C:/Users/stapi/OneDrive/Desktop/GD32VW553/V1_MQTT_OK/GD32VW55X_Wifi_BLE_SDK/GD32VW55x_RELEASE_V1.0.2/MSDK/cloud/alicloud/src/services/linkkit/dm\dm_opt.c ****         default: {
  75:C:/Users/stapi/OneDrive/Desktop/GD32VW553/V1_MQTT_OK/GD32VW55X_Wifi_BLE_SDK/GD32VW55x_RELEASE_V1.0.2/MSDK/cloud/alicloud/src/services/linkkit/dm\dm_opt.c ****             res = FAIL_RETURN;
  76:C:/Users/stapi/OneDrive/Desktop/GD32VW553/V1_MQTT_OK/GD32VW55X_Wifi_BLE_SDK/GD32VW55x_RELEASE_V1.0.2/MSDK/cloud/alicloud/src/services/linkkit/dm\dm_opt.c ****         }
  77:C:/Users/stapi/OneDrive/Desktop/GD32VW553/V1_MQTT_OK/GD32VW55X_Wifi_BLE_SDK/GD32VW55x_RELEASE_V1.0.2/MSDK/cloud/alicloud/src/services/linkkit/dm\dm_opt.c ****         break;
  78:C:/Users/stapi/OneDrive/Desktop/GD32VW553/V1_MQTT_OK/GD32VW55X_Wifi_BLE_SDK/GD32VW55x_RELEASE_V1.0.2/MSDK/cloud/alicloud/src/services/linkkit/dm\dm_opt.c ****     }
  79:C:/Users/stapi/OneDrive/Desktop/GD32VW553/V1_MQTT_OK/GD32VW55X_Wifi_BLE_SDK/GD32VW55x_RELEASE_V1.0.2/MSDK/cloud/alicloud/src/services/linkkit/dm\dm_opt.c **** 
  80:C:/Users/stapi/OneDrive/Desktop/GD32VW553/V1_MQTT_OK/GD32VW55X_Wifi_BLE_SDK/GD32VW55x_RELEASE_V1.0.2/MSDK/cloud/alicloud/src/services/linkkit/dm\dm_opt.c ****     return res;
  81:C:/Users/stapi/OneDrive/Desktop/GD32VW553/V1_MQTT_OK/GD32VW55X_Wifi_BLE_SDK/GD32VW55x_RELEASE_V1.0.2/MSDK/cloud/alicloud/src/services/linkkit/dm\dm_opt.c **** }
 135              		.loc 1 81 1
 136 0026 8280     		ret
 137              	.LVL13:
 138              	.L19:
  63:C:/Users/stapi/OneDrive/Desktop/GD32VW553/V1_MQTT_OK/GD32VW55X_Wifi_BLE_SDK/GD32VW55x_RELEASE_V1.0.2/MSDK/cloud/alicloud/src/services/linkkit/dm\dm_opt.c ****         }
 139              		.loc 1 63 13 is_stmt 1
  63:C:/Users/stapi/OneDrive/Desktop/GD32VW553/V1_MQTT_OK/GD32VW55X_Wifi_BLE_SDK/GD32VW55x_RELEASE_V1.0.2/MSDK/cloud/alicloud/src/services/linkkit/dm\dm_opt.c ****         }
 140              		.loc 1 63 28 is_stmt 0
 141 0028 DC43     		lw	a5,4(a5)
 142 002a FDB7     		j	.L20
 143              	.L13:
  67:C:/Users/stapi/OneDrive/Desktop/GD32VW553/V1_MQTT_OK/GD32VW55X_Wifi_BLE_SDK/GD32VW55x_RELEASE_V1.0.2/MSDK/cloud/alicloud/src/services/linkkit/dm\dm_opt.c ****         }
 144              		.loc 1 67 13 is_stmt 1
  67:C:/Users/stapi/OneDrive/Desktop/GD32VW553/V1_MQTT_OK/GD32VW55X_Wifi_BLE_SDK/GD32VW55x_RELEASE_V1.0.2/MSDK/cloud/alicloud/src/services/linkkit/dm\dm_opt.c ****         }
 145              		.loc 1 67 38 is_stmt 0
 146 002c B7070000 		lui	a5,%hi(.LANCHOR0+8)
  67:C:/Users/stapi/OneDrive/Desktop/GD32VW553/V1_MQTT_OK/GD32VW55X_Wifi_BLE_SDK/GD32VW55x_RELEASE_V1.0.2/MSDK/cloud/alicloud/src/services/linkkit/dm\dm_opt.c ****         }
 147              		.loc 1 67 28
 148 0030 83A78700 		lw	a5,%lo(.LANCHOR0+8)(a5)
 149 0034 D5B7     		j	.L20
 150              	.L17:
  71:C:/Users/stapi/OneDrive/Desktop/GD32VW553/V1_MQTT_OK/GD32VW55X_Wifi_BLE_SDK/GD32VW55x_RELEASE_V1.0.2/MSDK/cloud/alicloud/src/services/linkkit/dm\dm_opt.c ****         }
 151              		.loc 1 71 13 is_stmt 1
  71:C:/Users/stapi/OneDrive/Desktop/GD32VW553/V1_MQTT_OK/GD32VW55X_Wifi_BLE_SDK/GD32VW55x_RELEASE_V1.0.2/MSDK/cloud/alicloud/src/services/linkkit/dm\dm_opt.c ****         }
 152              		.loc 1 71 38 is_stmt 0
 153 0036 B7070000 		lui	a5,%hi(.LANCHOR0+12)
  71:C:/Users/stapi/OneDrive/Desktop/GD32VW553/V1_MQTT_OK/GD32VW55X_Wifi_BLE_SDK/GD32VW55x_RELEASE_V1.0.2/MSDK/cloud/alicloud/src/services/linkkit/dm\dm_opt.c ****         }
 154              		.loc 1 71 28
 155 003a 83A7C700 		lw	a5,%lo(.LANCHOR0+12)(a5)
 156 003e E9BF     		j	.L20
 157              		.cfi_endproc
 158              	.LFE21:
 160              		.section	.data.g_dm_opt,"aw"
 161              		.align	2
 162              		.set	.LANCHOR0,. + 0
 165              	g_dm_opt:
 166 0000 00000000 		.word	0
 167 0004 00000000 		.word	0
 168 0008 01000000 		.word	1
 169 000c 00000000 		.zero	4
 170              		.text
 171              	.Letext0:
 172              		.file 2 "C:/Users/stapi/OneDrive/Desktop/GD32VW553/V1_MQTT_OK/GD32VW55X_Wifi_BLE_SDK/GD32VW55x_REL
 173              		.file 3 "..\\..\\..\\..\\cloud\\alicloud\\include/exports/iot_export_errno.h"
DEFINED SYMBOLS
                            *ABS*:0000000000000000 dm_opt.c
C:\Users\stapi\AppData\Local\Temp\cczR0OQ2.s:13     .text.dm_opt_set:0000000000000000 dm_opt_set
C:\Users\stapi\AppData\Local\Temp\cczR0OQ2.s:17     .text.dm_opt_set:0000000000000000 .L0 
C:\Users\stapi\AppData\Local\Temp\cczR0OQ2.s:19     .text.dm_opt_set:0000000000000000 .L0 
C:\Users\stapi\AppData\Local\Temp\cczR0OQ2.s:20     .text.dm_opt_set:0000000000000000 .L0 
C:\Users\stapi\AppData\Local\Temp\cczR0OQ2.s:21     .text.dm_opt_set:0000000000000000 .L0 
C:\Users\stapi\AppData\Local\Temp\cczR0OQ2.s:22     .text.dm_opt_set:0000000000000000 .L0 
C:\Users\stapi\AppData\Local\Temp\cczR0OQ2.s:24     .text.dm_opt_set:0000000000000002 .L0 
C:\Users\stapi\AppData\Local\Temp\cczR0OQ2.s:34     .text.dm_opt_set:0000000000000018 .L0 
C:\Users\stapi\AppData\Local\Temp\cczR0OQ2.s:35     .text.dm_opt_set:0000000000000018 .L0 
C:\Users\stapi\AppData\Local\Temp\cczR0OQ2.s:36     .text.dm_opt_set:0000000000000018 .L0 
C:\Users\stapi\AppData\Local\Temp\cczR0OQ2.s:41     .text.dm_opt_set:000000000000001a .L0 
C:\Users\stapi\AppData\Local\Temp\cczR0OQ2.s:42     .text.dm_opt_set:000000000000001a .L0 
C:\Users\stapi\AppData\Local\Temp\cczR0OQ2.s:43     .text.dm_opt_set:000000000000001a .L0 
C:\Users\stapi\AppData\Local\Temp\cczR0OQ2.s:46     .text.dm_opt_set:000000000000001c .L0 
C:\Users\stapi\AppData\Local\Temp\cczR0OQ2.s:50     .text.dm_opt_set:000000000000001e .L0 
C:\Users\stapi\AppData\Local\Temp\cczR0OQ2.s:54     .text.dm_opt_set:0000000000000024 .L0 
C:\Users\stapi\AppData\Local\Temp\cczR0OQ2.s:57     .text.dm_opt_set:0000000000000026 .L0 
C:\Users\stapi\AppData\Local\Temp\cczR0OQ2.s:62     .text.dm_opt_set:0000000000000028 .L0 
C:\Users\stapi\AppData\Local\Temp\cczR0OQ2.s:63     .text.dm_opt_set:0000000000000028 .L0 
C:\Users\stapi\AppData\Local\Temp\cczR0OQ2.s:64     .text.dm_opt_set:0000000000000028 .L0 
C:\Users\stapi\AppData\Local\Temp\cczR0OQ2.s:67     .text.dm_opt_set:000000000000002a .L0 
C:\Users\stapi\AppData\Local\Temp\cczR0OQ2.s:72     .text.dm_opt_set:000000000000002c .L0 
C:\Users\stapi\AppData\Local\Temp\cczR0OQ2.s:73     .text.dm_opt_set:000000000000002c .L0 
C:\Users\stapi\AppData\Local\Temp\cczR0OQ2.s:74     .text.dm_opt_set:000000000000002c .L0 
C:\Users\stapi\AppData\Local\Temp\cczR0OQ2.s:79     .text.dm_opt_set:0000000000000036 .L0 
C:\Users\stapi\AppData\Local\Temp\cczR0OQ2.s:84     .text.dm_opt_set:0000000000000038 .L0 
C:\Users\stapi\AppData\Local\Temp\cczR0OQ2.s:85     .text.dm_opt_set:0000000000000038 .L0 
C:\Users\stapi\AppData\Local\Temp\cczR0OQ2.s:86     .text.dm_opt_set:0000000000000038 .L0 
C:\Users\stapi\AppData\Local\Temp\cczR0OQ2.s:91     .text.dm_opt_set:0000000000000044 .L0 
C:\Users\stapi\AppData\Local\Temp\cczR0OQ2.s:98     .text.dm_opt_get:0000000000000000 dm_opt_get
C:\Users\stapi\AppData\Local\Temp\cczR0OQ2.s:101    .text.dm_opt_get:0000000000000000 .L0 
C:\Users\stapi\AppData\Local\Temp\cczR0OQ2.s:103    .text.dm_opt_get:0000000000000000 .L0 
C:\Users\stapi\AppData\Local\Temp\cczR0OQ2.s:104    .text.dm_opt_get:0000000000000000 .L0 
C:\Users\stapi\AppData\Local\Temp\cczR0OQ2.s:105    .text.dm_opt_get:0000000000000000 .L0 
C:\Users\stapi\AppData\Local\Temp\cczR0OQ2.s:106    .text.dm_opt_get:0000000000000000 .L0 
C:\Users\stapi\AppData\Local\Temp\cczR0OQ2.s:108    .text.dm_opt_get:0000000000000002 .L0 
C:\Users\stapi\AppData\Local\Temp\cczR0OQ2.s:115    .text.dm_opt_get:0000000000000016 .L0 
C:\Users\stapi\AppData\Local\Temp\cczR0OQ2.s:116    .text.dm_opt_get:0000000000000016 .L0 
C:\Users\stapi\AppData\Local\Temp\cczR0OQ2.s:119    .text.dm_opt_get:0000000000000018 .L0 
C:\Users\stapi\AppData\Local\Temp\cczR0OQ2.s:121    .text.dm_opt_get:000000000000001a .L0 
C:\Users\stapi\AppData\Local\Temp\cczR0OQ2.s:122    .text.dm_opt_get:000000000000001a .L0 
C:\Users\stapi\AppData\Local\Temp\cczR0OQ2.s:125    .text.dm_opt_get:000000000000001c .L0 
C:\Users\stapi\AppData\Local\Temp\cczR0OQ2.s:129    .text.dm_opt_get:000000000000001e .L0 
C:\Users\stapi\AppData\Local\Temp\cczR0OQ2.s:133    .text.dm_opt_get:0000000000000024 .L0 
C:\Users\stapi\AppData\Local\Temp\cczR0OQ2.s:136    .text.dm_opt_get:0000000000000026 .L0 
C:\Users\stapi\AppData\Local\Temp\cczR0OQ2.s:140    .text.dm_opt_get:0000000000000028 .L0 
C:\Users\stapi\AppData\Local\Temp\cczR0OQ2.s:141    .text.dm_opt_get:0000000000000028 .L0 
C:\Users\stapi\AppData\Local\Temp\cczR0OQ2.s:145    .text.dm_opt_get:000000000000002c .L0 
C:\Users\stapi\AppData\Local\Temp\cczR0OQ2.s:146    .text.dm_opt_get:000000000000002c .L0 
C:\Users\stapi\AppData\Local\Temp\cczR0OQ2.s:148    .text.dm_opt_get:0000000000000030 .L0 
C:\Users\stapi\AppData\Local\Temp\cczR0OQ2.s:152    .text.dm_opt_get:0000000000000036 .L0 
C:\Users\stapi\AppData\Local\Temp\cczR0OQ2.s:153    .text.dm_opt_get:0000000000000036 .L0 
C:\Users\stapi\AppData\Local\Temp\cczR0OQ2.s:155    .text.dm_opt_get:000000000000003a .L0 
C:\Users\stapi\AppData\Local\Temp\cczR0OQ2.s:157    .text.dm_opt_get:0000000000000040 .L0 
C:\Users\stapi\AppData\Local\Temp\cczR0OQ2.s:162    .data.g_dm_opt:0000000000000000 .LANCHOR0
C:\Users\stapi\AppData\Local\Temp\cczR0OQ2.s:165    .data.g_dm_opt:0000000000000000 g_dm_opt
C:\Users\stapi\AppData\Local\Temp\cczR0OQ2.s:94     .text.dm_opt_set:0000000000000044 .L0 
C:\Users\stapi\AppData\Local\Temp\cczR0OQ2.s:160    .text.dm_opt_get:0000000000000040 .L0 
                     .debug_frame:0000000000000000 .L0 
C:\Users\stapi\AppData\Local\Temp\cczR0OQ2.s:52     .text.dm_opt_set:0000000000000024 .L8
C:\Users\stapi\AppData\Local\Temp\cczR0OQ2.s:69     .text.dm_opt_set:000000000000002c .L3
C:\Users\stapi\AppData\Local\Temp\cczR0OQ2.s:48     .text.dm_opt_set:000000000000001e .L4
C:\Users\stapi\AppData\Local\Temp\cczR0OQ2.s:59     .text.dm_opt_set:0000000000000028 .L9
C:\Users\stapi\AppData\Local\Temp\cczR0OQ2.s:81     .text.dm_opt_set:0000000000000038 .L7
C:\Users\stapi\AppData\Local\Temp\cczR0OQ2.s:40     .text.dm_opt_set:000000000000001a .L10
C:\Users\stapi\AppData\Local\Temp\cczR0OQ2.s:131    .text.dm_opt_get:0000000000000024 .L18
C:\Users\stapi\AppData\Local\Temp\cczR0OQ2.s:143    .text.dm_opt_get:000000000000002c .L13
C:\Users\stapi\AppData\Local\Temp\cczR0OQ2.s:127    .text.dm_opt_get:000000000000001e .L14
C:\Users\stapi\AppData\Local\Temp\cczR0OQ2.s:138    .text.dm_opt_get:0000000000000028 .L19
C:\Users\stapi\AppData\Local\Temp\cczR0OQ2.s:150    .text.dm_opt_get:0000000000000036 .L17
C:\Users\stapi\AppData\Local\Temp\cczR0OQ2.s:117    .text.dm_opt_get:0000000000000018 .L20
C:\Users\stapi\AppData\Local\Temp\cczR0OQ2.s:1004   .debug_abbrev:0000000000000000 .Ldebug_abbrev0
C:\Users\stapi\AppData\Local\Temp\cczR0OQ2.s:1843   .debug_str:0000000000001484 .LASF210
C:\Users\stapi\AppData\Local\Temp\cczR0OQ2.s:1851   .debug_str:00000000000015d6 .LASF211
C:\Users\stapi\AppData\Local\Temp\cczR0OQ2.s:1617   .debug_str:0000000000000839 .LASF212
C:\Users\stapi\AppData\Local\Temp\cczR0OQ2.s:1445   .debug_ranges:0000000000000000 .Ldebug_ranges0
C:\Users\stapi\AppData\Local\Temp\cczR0OQ2.s:1453   .debug_line:0000000000000000 .Ldebug_line0
C:\Users\stapi\AppData\Local\Temp\cczR0OQ2.s:1507   .debug_str:00000000000002ac .LASF0
C:\Users\stapi\AppData\Local\Temp\cczR0OQ2.s:1723   .debug_str:0000000000000e6a .LASF1
C:\Users\stapi\AppData\Local\Temp\cczR0OQ2.s:1729   .debug_str:0000000000000ea6 .LASF2
C:\Users\stapi\AppData\Local\Temp\cczR0OQ2.s:1607   .debug_str:00000000000007bd .LASF3
C:\Users\stapi\AppData\Local\Temp\cczR0OQ2.s:1529   .debug_str:00000000000003e0 .LASF4
C:\Users\stapi\AppData\Local\Temp\cczR0OQ2.s:1597   .debug_str:0000000000000744 .LASF5
C:\Users\stapi\AppData\Local\Temp\cczR0OQ2.s:1505   .debug_str:000000000000029e .LASF6
C:\Users\stapi\AppData\Local\Temp\cczR0OQ2.s:1517   .debug_str:000000000000032f .LASF7
C:\Users\stapi\AppData\Local\Temp\cczR0OQ2.s:1587   .debug_str:00000000000006c0 .LASF8
C:\Users\stapi\AppData\Local\Temp\cczR0OQ2.s:1769   .debug_str:00000000000010a9 .LASF9
C:\Users\stapi\AppData\Local\Temp\cczR0OQ2.s:1467   .debug_str:0000000000000094 .LASF213
C:\Users\stapi\AppData\Local\Temp\cczR0OQ2.s:1543   .debug_str:000000000000046b .LASF10
C:\Users\stapi\AppData\Local\Temp\cczR0OQ2.s:1749   .debug_str:0000000000000f8d .LASF11
C:\Users\stapi\AppData\Local\Temp\cczR0OQ2.s:1773   .debug_str:00000000000010c2 .LASF12
C:\Users\stapi\AppData\Local\Temp\cczR0OQ2.s:1715   .debug_str:0000000000000e11 .LASF13
C:\Users\stapi\AppData\Local\Temp\cczR0OQ2.s:1669   .debug_str:0000000000000b81 .LASF14
C:\Users\stapi\AppData\Local\Temp\cczR0OQ2.s:1481   .debug_str:0000000000000164 .LASF15
C:\Users\stapi\AppData\Local\Temp\cczR0OQ2.s:1641   .debug_str:0000000000000a15 .LASF16
C:\Users\stapi\AppData\Local\Temp\cczR0OQ2.s:1819   .debug_str:000000000000132d .LASF17
C:\Users\stapi\AppData\Local\Temp\cczR0OQ2.s:1885   .debug_str:000000000000180f .LASF18
C:\Users\stapi\AppData\Local\Temp\cczR0OQ2.s:1579   .debug_str:0000000000000640 .LASF19
C:\Users\stapi\AppData\Local\Temp\cczR0OQ2.s:1565   .debug_str:0000000000000580 .LASF20
C:\Users\stapi\AppData\Local\Temp\cczR0OQ2.s:1687   .debug_str:0000000000000c6e .LASF21
C:\Users\stapi\AppData\Local\Temp\cczR0OQ2.s:1561   .debug_str:0000000000000557 .LASF22
C:\Users\stapi\AppData\Local\Temp\cczR0OQ2.s:1809   .debug_str:000000000000129b .LASF23
C:\Users\stapi\AppData\Local\Temp\cczR0OQ2.s:1471   .debug_str:00000000000000c6 .LASF24
C:\Users\stapi\AppData\Local\Temp\cczR0OQ2.s:1473   .debug_str:00000000000000de .LASF25
C:\Users\stapi\AppData\Local\Temp\cczR0OQ2.s:1847   .debug_str:000000000000158a .LASF26
C:\Users\stapi\AppData\Local\Temp\cczR0OQ2.s:1849   .debug_str:00000000000015a5 .LASF27
C:\Users\stapi\AppData\Local\Temp\cczR0OQ2.s:1525   .debug_str:0000000000000398 .LASF28
C:\Users\stapi\AppData\Local\Temp\cczR0OQ2.s:1509   .debug_str:00000000000002b8 .LASF29
C:\Users\stapi\AppData\Local\Temp\cczR0OQ2.s:1867   .debug_str:0000000000001725 .LASF30
C:\Users\stapi\AppData\Local\Temp\cczR0OQ2.s:1603   .debug_str:0000000000000796 .LASF31
C:\Users\stapi\AppData\Local\Temp\cczR0OQ2.s:1643   .debug_str:0000000000000a24 .LASF32
C:\Users\stapi\AppData\Local\Temp\cczR0OQ2.s:1537   .debug_str:0000000000000433 .LASF33
C:\Users\stapi\AppData\Local\Temp\cczR0OQ2.s:1531   .debug_str:00000000000003e9 .LASF34
C:\Users\stapi\AppData\Local\Temp\cczR0OQ2.s:1813   .debug_str:00000000000012d9 .LASF35
C:\Users\stapi\AppData\Local\Temp\cczR0OQ2.s:1835   .debug_str:000000000000140c .LASF36
C:\Users\stapi\AppData\Local\Temp\cczR0OQ2.s:1779   .debug_str:0000000000001113 .LASF37
C:\Users\stapi\AppData\Local\Temp\cczR0OQ2.s:1521   .debug_str:0000000000000366 .LASF38
C:\Users\stapi\AppData\Local\Temp\cczR0OQ2.s:1661   .debug_str:0000000000000b19 .LASF39
C:\Users\stapi\AppData\Local\Temp\cczR0OQ2.s:1803   .debug_str:0000000000001245 .LASF40
C:\Users\stapi\AppData\Local\Temp\cczR0OQ2.s:1735   .debug_str:0000000000000ee6 .LASF41
C:\Users\stapi\AppData\Local\Temp\cczR0OQ2.s:1839   .debug_str:000000000000144a .LASF42
C:\Users\stapi\AppData\Local\Temp\cczR0OQ2.s:1515   .debug_str:0000000000000311 .LASF43
C:\Users\stapi\AppData\Local\Temp\cczR0OQ2.s:1759   .debug_str:0000000000001021 .LASF44
C:\Users\stapi\AppData\Local\Temp\cczR0OQ2.s:1857   .debug_str:000000000000169c .LASF45
C:\Users\stapi\AppData\Local\Temp\cczR0OQ2.s:1787   .debug_str:000000000000117b .LASF46
C:\Users\stapi\AppData\Local\Temp\cczR0OQ2.s:1575   .debug_str:00000000000005ff .LASF47
C:\Users\stapi\AppData\Local\Temp\cczR0OQ2.s:1589   .debug_str:00000000000006cd .LASF48
C:\Users\stapi\AppData\Local\Temp\cczR0OQ2.s:1701   .debug_str:0000000000000d40 .LASF49
C:\Users\stapi\AppData\Local\Temp\cczR0OQ2.s:1487   .debug_str:00000000000001bd .LASF50
C:\Users\stapi\AppData\Local\Temp\cczR0OQ2.s:1829   .debug_str:00000000000013c1 .LASF51
C:\Users\stapi\AppData\Local\Temp\cczR0OQ2.s:1871   .debug_str:0000000000001750 .LASF52
C:\Users\stapi\AppData\Local\Temp\cczR0OQ2.s:1695   .debug_str:0000000000000cd9 .LASF53
C:\Users\stapi\AppData\Local\Temp\cczR0OQ2.s:1491   .debug_str:00000000000001fa .LASF54
C:\Users\stapi\AppData\Local\Temp\cczR0OQ2.s:1557   .debug_str:0000000000000527 .LASF55
C:\Users\stapi\AppData\Local\Temp\cczR0OQ2.s:1689   .debug_str:0000000000000c85 .LASF56
C:\Users\stapi\AppData\Local\Temp\cczR0OQ2.s:1633   .debug_str:00000000000009ac .LASF57
C:\Users\stapi\AppData\Local\Temp\cczR0OQ2.s:1489   .debug_str:00000000000001df .LASF58
C:\Users\stapi\AppData\Local\Temp\cczR0OQ2.s:1865   .debug_str:000000000000170d .LASF59
C:\Users\stapi\AppData\Local\Temp\cczR0OQ2.s:1553   .debug_str:0000000000000500 .LASF60
C:\Users\stapi\AppData\Local\Temp\cczR0OQ2.s:1833   .debug_str:00000000000013f1 .LASF61
C:\Users\stapi\AppData\Local\Temp\cczR0OQ2.s:1853   .debug_str:0000000000001670 .LASF62
C:\Users\stapi\AppData\Local\Temp\cczR0OQ2.s:1569   .debug_str:00000000000005a8 .LASF63
C:\Users\stapi\AppData\Local\Temp\cczR0OQ2.s:1845   .debug_str:000000000000156b .LASF64
C:\Users\stapi\AppData\Local\Temp\cczR0OQ2.s:1789   .debug_str:0000000000001199 .LASF65
C:\Users\stapi\AppData\Local\Temp\cczR0OQ2.s:1677   .debug_str:0000000000000bed .LASF66
C:\Users\stapi\AppData\Local\Temp\cczR0OQ2.s:1739   .debug_str:0000000000000f1a .LASF67
C:\Users\stapi\AppData\Local\Temp\cczR0OQ2.s:1595   .debug_str:0000000000000724 .LASF68
C:\Users\stapi\AppData\Local\Temp\cczR0OQ2.s:1665   .debug_str:0000000000000b53 .LASF69
C:\Users\stapi\AppData\Local\Temp\cczR0OQ2.s:1639   .debug_str:00000000000009f6 .LASF70
C:\Users\stapi\AppData\Local\Temp\cczR0OQ2.s:1747   .debug_str:0000000000000f78 .LASF71
C:\Users\stapi\AppData\Local\Temp\cczR0OQ2.s:1745   .debug_str:0000000000000f60 .LASF72
C:\Users\stapi\AppData\Local\Temp\cczR0OQ2.s:1629   .debug_str:0000000000000978 .LASF73
C:\Users\stapi\AppData\Local\Temp\cczR0OQ2.s:1691   .debug_str:0000000000000c9e .LASF74
C:\Users\stapi\AppData\Local\Temp\cczR0OQ2.s:1765   .debug_str:0000000000001072 .LASF75
C:\Users\stapi\AppData\Local\Temp\cczR0OQ2.s:1837   .debug_str:000000000000142a .LASF76
C:\Users\stapi\AppData\Local\Temp\cczR0OQ2.s:1601   .debug_str:0000000000000777 .LASF77
C:\Users\stapi\AppData\Local\Temp\cczR0OQ2.s:1623   .debug_str:0000000000000914 .LASF78
C:\Users\stapi\AppData\Local\Temp\cczR0OQ2.s:1571   .debug_str:00000000000005c4 .LASF79
C:\Users\stapi\AppData\Local\Temp\cczR0OQ2.s:1619   .debug_str:00000000000008ca .LASF80
C:\Users\stapi\AppData\Local\Temp\cczR0OQ2.s:1733   .debug_str:0000000000000eca .LASF81
C:\Users\stapi\AppData\Local\Temp\cczR0OQ2.s:1459   .debug_str:000000000000002f .LASF82
C:\Users\stapi\AppData\Local\Temp\cczR0OQ2.s:1465   .debug_str:0000000000000074 .LASF83
C:\Users\stapi\AppData\Local\Temp\cczR0OQ2.s:1713   .debug_str:0000000000000df2 .LASF84
C:\Users\stapi\AppData\Local\Temp\cczR0OQ2.s:1667   .debug_str:0000000000000b6d .LASF85
C:\Users\stapi\AppData\Local\Temp\cczR0OQ2.s:1493   .debug_str:0000000000000212 .LASF86
C:\Users\stapi\AppData\Local\Temp\cczR0OQ2.s:1731   .debug_str:0000000000000eb0 .LASF87
C:\Users\stapi\AppData\Local\Temp\cczR0OQ2.s:1685   .debug_str:0000000000000c55 .LASF88
C:\Users\stapi\AppData\Local\Temp\cczR0OQ2.s:1461   .debug_str:000000000000004b .LASF89
C:\Users\stapi\AppData\Local\Temp\cczR0OQ2.s:1795   .debug_str:00000000000011f1 .LASF90
C:\Users\stapi\AppData\Local\Temp\cczR0OQ2.s:1883   .debug_str:00000000000017f0 .LASF91
C:\Users\stapi\AppData\Local\Temp\cczR0OQ2.s:1567   .debug_str:000000000000058f .LASF92
C:\Users\stapi\AppData\Local\Temp\cczR0OQ2.s:1823   .debug_str:000000000000135e .LASF93
C:\Users\stapi\AppData\Local\Temp\cczR0OQ2.s:1655   .debug_str:0000000000000ad1 .LASF94
C:\Users\stapi\AppData\Local\Temp\cczR0OQ2.s:1635   .debug_str:00000000000009c6 .LASF95
C:\Users\stapi\AppData\Local\Temp\cczR0OQ2.s:1511   .debug_str:00000000000002de .LASF96
C:\Users\stapi\AppData\Local\Temp\cczR0OQ2.s:1527   .debug_str:00000000000003bf .LASF97
C:\Users\stapi\AppData\Local\Temp\cczR0OQ2.s:1497   .debug_str:000000000000024c .LASF98
C:\Users\stapi\AppData\Local\Temp\cczR0OQ2.s:1621   .debug_str:00000000000008f2 .LASF99
C:\Users\stapi\AppData\Local\Temp\cczR0OQ2.s:1755   .debug_str:0000000000000fe5 .LASF100
C:\Users\stapi\AppData\Local\Temp\cczR0OQ2.s:1539   .debug_str:000000000000044c .LASF101
C:\Users\stapi\AppData\Local\Temp\cczR0OQ2.s:1737   .debug_str:0000000000000f01 .LASF102
C:\Users\stapi\AppData\Local\Temp\cczR0OQ2.s:1707   .debug_str:0000000000000d8e .LASF103
C:\Users\stapi\AppData\Local\Temp\cczR0OQ2.s:1593   .debug_str:0000000000000703 .LASF104
C:\Users\stapi\AppData\Local\Temp\cczR0OQ2.s:1549   .debug_str:00000000000004be .LASF105
C:\Users\stapi\AppData\Local\Temp\cczR0OQ2.s:1807   .debug_str:000000000000127d .LASF106
C:\Users\stapi\AppData\Local\Temp\cczR0OQ2.s:1663   .debug_str:0000000000000b35 .LASF107
C:\Users\stapi\AppData\Local\Temp\cczR0OQ2.s:1797   .debug_str:000000000000120b .LASF108
C:\Users\stapi\AppData\Local\Temp\cczR0OQ2.s:1559   .debug_str:0000000000000543 .LASF109
C:\Users\stapi\AppData\Local\Temp\cczR0OQ2.s:1647   .debug_str:0000000000000a57 .LASF110
C:\Users\stapi\AppData\Local\Temp\cczR0OQ2.s:1613   .debug_str:0000000000000804 .LASF111
C:\Users\stapi\AppData\Local\Temp\cczR0OQ2.s:1743   .debug_str:0000000000000f45 .LASF112
C:\Users\stapi\AppData\Local\Temp\cczR0OQ2.s:1881   .debug_str:00000000000017d8 .LASF113
C:\Users\stapi\AppData\Local\Temp\cczR0OQ2.s:1805   .debug_str:0000000000001265 .LASF114
C:\Users\stapi\AppData\Local\Temp\cczR0OQ2.s:1827   .debug_str:00000000000013a4 .LASF115
C:\Users\stapi\AppData\Local\Temp\cczR0OQ2.s:1875   .debug_str:0000000000001784 .LASF116
C:\Users\stapi\AppData\Local\Temp\cczR0OQ2.s:1785   .debug_str:000000000000115e .LASF117
C:\Users\stapi\AppData\Local\Temp\cczR0OQ2.s:1533   .debug_str:0000000000000400 .LASF118
C:\Users\stapi\AppData\Local\Temp\cczR0OQ2.s:1825   .debug_str:000000000000137c .LASF119
C:\Users\stapi\AppData\Local\Temp\cczR0OQ2.s:1585   .debug_str:0000000000000698 .LASF120
C:\Users\stapi\AppData\Local\Temp\cczR0OQ2.s:1591   .debug_str:00000000000006eb .LASF121
C:\Users\stapi\AppData\Local\Temp\cczR0OQ2.s:1877   .debug_str:000000000000179a .LASF122
C:\Users\stapi\AppData\Local\Temp\cczR0OQ2.s:1523   .debug_str:0000000000000377 .LASF123
C:\Users\stapi\AppData\Local\Temp\cczR0OQ2.s:1861   .debug_str:00000000000016d6 .LASF124
C:\Users\stapi\AppData\Local\Temp\cczR0OQ2.s:1753   .debug_str:0000000000000fbe .LASF125
C:\Users\stapi\AppData\Local\Temp\cczR0OQ2.s:1873   .debug_str:000000000000176c .LASF126
C:\Users\stapi\AppData\Local\Temp\cczR0OQ2.s:1645   .debug_str:0000000000000a37 .LASF127
C:\Users\stapi\AppData\Local\Temp\cczR0OQ2.s:1681   .debug_str:0000000000000c1d .LASF128
C:\Users\stapi\AppData\Local\Temp\cczR0OQ2.s:1757   .debug_str:0000000000001004 .LASF129
C:\Users\stapi\AppData\Local\Temp\cczR0OQ2.s:1775   .debug_str:00000000000010d9 .LASF130
C:\Users\stapi\AppData\Local\Temp\cczR0OQ2.s:1751   .debug_str:0000000000000f9f .LASF131
C:\Users\stapi\AppData\Local\Temp\cczR0OQ2.s:1683   .debug_str:0000000000000c38 .LASF132
C:\Users\stapi\AppData\Local\Temp\cczR0OQ2.s:1693   .debug_str:0000000000000cbb .LASF133
C:\Users\stapi\AppData\Local\Temp\cczR0OQ2.s:1863   .debug_str:00000000000016f6 .LASF134
C:\Users\stapi\AppData\Local\Temp\cczR0OQ2.s:1817   .debug_str:0000000000001316 .LASF135
C:\Users\stapi\AppData\Local\Temp\cczR0OQ2.s:1659   .debug_str:0000000000000b02 .LASF136
C:\Users\stapi\AppData\Local\Temp\cczR0OQ2.s:1799   .debug_str:0000000000001223 .LASF137
C:\Users\stapi\AppData\Local\Temp\cczR0OQ2.s:1519   .debug_str:0000000000000346 .LASF138
C:\Users\stapi\AppData\Local\Temp\cczR0OQ2.s:1599   .debug_str:0000000000000756 .LASF139
C:\Users\stapi\AppData\Local\Temp\cczR0OQ2.s:1547   .debug_str:00000000000004a4 .LASF140
C:\Users\stapi\AppData\Local\Temp\cczR0OQ2.s:1767   .debug_str:0000000000001095 .LASF141
C:\Users\stapi\AppData\Local\Temp\cczR0OQ2.s:1777   .debug_str:00000000000010f4 .LASF142
C:\Users\stapi\AppData\Local\Temp\cczR0OQ2.s:1649   .debug_str:0000000000000a77 .LASF143
C:\Users\stapi\AppData\Local\Temp\cczR0OQ2.s:1483   .debug_str:0000000000000176 .LASF144
C:\Users\stapi\AppData\Local\Temp\cczR0OQ2.s:1703   .debug_str:0000000000000d5e .LASF145
C:\Users\stapi\AppData\Local\Temp\cczR0OQ2.s:1609   .debug_str:00000000000007d0 .LASF146
C:\Users\stapi\AppData\Local\Temp\cczR0OQ2.s:1711   .debug_str:0000000000000dce .LASF147
C:\Users\stapi\AppData\Local\Temp\cczR0OQ2.s:1475   .debug_str:0000000000000100 .LASF148
C:\Users\stapi\AppData\Local\Temp\cczR0OQ2.s:1545   .debug_str:0000000000000482 .LASF149
C:\Users\stapi\AppData\Local\Temp\cczR0OQ2.s:1479   .debug_str:0000000000000144 .LASF150
C:\Users\stapi\AppData\Local\Temp\cczR0OQ2.s:1577   .debug_str:000000000000061e .LASF151
C:\Users\stapi\AppData\Local\Temp\cczR0OQ2.s:1725   .debug_str:0000000000000e78 .LASF152
C:\Users\stapi\AppData\Local\Temp\cczR0OQ2.s:1469   .debug_str:00000000000000a5 .LASF153
C:\Users\stapi\AppData\Local\Temp\cczR0OQ2.s:1815   .debug_str:00000000000012f3 .LASF154
C:\Users\stapi\AppData\Local\Temp\cczR0OQ2.s:1651   .debug_str:0000000000000a8d .LASF155
C:\Users\stapi\AppData\Local\Temp\cczR0OQ2.s:1477   .debug_str:0000000000000121 .LASF156
C:\Users\stapi\AppData\Local\Temp\cczR0OQ2.s:1821   .debug_str:000000000000133e .LASF157
C:\Users\stapi\AppData\Local\Temp\cczR0OQ2.s:1455   .debug_str:0000000000000000 .LASF158
C:\Users\stapi\AppData\Local\Temp\cczR0OQ2.s:1501   .debug_str:0000000000000278 .LASF159
C:\Users\stapi\AppData\Local\Temp\cczR0OQ2.s:1551   .debug_str:00000000000004d6 .LASF160
C:\Users\stapi\AppData\Local\Temp\cczR0OQ2.s:1791   .debug_str:00000000000011bd .LASF161
C:\Users\stapi\AppData\Local\Temp\cczR0OQ2.s:1771   .debug_str:00000000000010ae .LASF162
C:\Users\stapi\AppData\Local\Temp\cczR0OQ2.s:1485   .debug_str:0000000000000197 .LASF163
C:\Users\stapi\AppData\Local\Temp\cczR0OQ2.s:1717   .debug_str:0000000000000e2a .LASF164
C:\Users\stapi\AppData\Local\Temp\cczR0OQ2.s:1495   .debug_str:0000000000000229 .LASF165
C:\Users\stapi\AppData\Local\Temp\cczR0OQ2.s:1811   .debug_str:00000000000012b3 .LASF166
C:\Users\stapi\AppData\Local\Temp\cczR0OQ2.s:1859   .debug_str:00000000000016b3 .LASF167
C:\Users\stapi\AppData\Local\Temp\cczR0OQ2.s:1783   .debug_str:0000000000001148 .LASF168
C:\Users\stapi\AppData\Local\Temp\cczR0OQ2.s:1637   .debug_str:00000000000009de .LASF169
C:\Users\stapi\AppData\Local\Temp\cczR0OQ2.s:1615   .debug_str:000000000000081c .LASF170
C:\Users\stapi\AppData\Local\Temp\cczR0OQ2.s:1709   .debug_str:0000000000000da6 .LASF171
C:\Users\stapi\AppData\Local\Temp\cczR0OQ2.s:1841   .debug_str:0000000000001463 .LASF172
C:\Users\stapi\AppData\Local\Temp\cczR0OQ2.s:1697   .debug_str:0000000000000cf0 .LASF173
C:\Users\stapi\AppData\Local\Temp\cczR0OQ2.s:1761   .debug_str:000000000000103b .LASF174
C:\Users\stapi\AppData\Local\Temp\cczR0OQ2.s:1831   .debug_str:00000000000013d4 .LASF175
C:\Users\stapi\AppData\Local\Temp\cczR0OQ2.s:1671   .debug_str:0000000000000b92 .LASF176
C:\Users\stapi\AppData\Local\Temp\cczR0OQ2.s:1741   .debug_str:0000000000000f38 .LASF177
C:\Users\stapi\AppData\Local\Temp\cczR0OQ2.s:1781   .debug_str:000000000000112e .LASF178
C:\Users\stapi\AppData\Local\Temp\cczR0OQ2.s:1727   .debug_str:0000000000000e99 .LASF179
C:\Users\stapi\AppData\Local\Temp\cczR0OQ2.s:1719   .debug_str:0000000000000e46 .LASF180
C:\Users\stapi\AppData\Local\Temp\cczR0OQ2.s:1627   .debug_str:0000000000000945 .LASF181
C:\Users\stapi\AppData\Local\Temp\cczR0OQ2.s:1675   .debug_str:0000000000000bc0 .LASF182
C:\Users\stapi\AppData\Local\Temp\cczR0OQ2.s:1699   .debug_str:0000000000000d0e .LASF183
C:\Users\stapi\AppData\Local\Temp\cczR0OQ2.s:1679   .debug_str:0000000000000c0c .LASF184
C:\Users\stapi\AppData\Local\Temp\cczR0OQ2.s:1793   .debug_str:00000000000011dc .LASF185
C:\Users\stapi\AppData\Local\Temp\cczR0OQ2.s:1611   .debug_str:00000000000007f3 .LASF186
C:\Users\stapi\AppData\Local\Temp\cczR0OQ2.s:1499   .debug_str:0000000000000267 .LASF187
C:\Users\stapi\AppData\Local\Temp\cczR0OQ2.s:1721   .debug_str:0000000000000e5a .LASF188
C:\Users\stapi\AppData\Local\Temp\cczR0OQ2.s:1673   .debug_str:0000000000000baf .LASF189
C:\Users\stapi\AppData\Local\Temp\cczR0OQ2.s:1573   .debug_str:00000000000005e5 .LASF190
C:\Users\stapi\AppData\Local\Temp\cczR0OQ2.s:1763   .debug_str:0000000000001061 .LASF191
C:\Users\stapi\AppData\Local\Temp\cczR0OQ2.s:1563   .debug_str:0000000000000575 .LASF192
C:\Users\stapi\AppData\Local\Temp\cczR0OQ2.s:1513   .debug_str:00000000000002ff .LASF193
C:\Users\stapi\AppData\Local\Temp\cczR0OQ2.s:1631   .debug_str:000000000000099b .LASF194
C:\Users\stapi\AppData\Local\Temp\cczR0OQ2.s:1705   .debug_str:0000000000000d82 .LASF195
C:\Users\stapi\AppData\Local\Temp\cczR0OQ2.s:1463   .debug_str:0000000000000065 .LASF196
C:\Users\stapi\AppData\Local\Temp\cczR0OQ2.s:1555   .debug_str:0000000000000520 .LASF197
C:\Users\stapi\AppData\Local\Temp\cczR0OQ2.s:1583   .debug_str:0000000000000672 .LASF198
C:\Users\stapi\AppData\Local\Temp\cczR0OQ2.s:1879   .debug_str:00000000000017b5 .LASF199
C:\Users\stapi\AppData\Local\Temp\cczR0OQ2.s:1581   .debug_str:000000000000064f .LASF200
C:\Users\stapi\AppData\Local\Temp\cczR0OQ2.s:1653   .debug_str:0000000000000aae .LASF201
C:\Users\stapi\AppData\Local\Temp\cczR0OQ2.s:1541   .debug_str:0000000000000462 .LASF206
C:\Users\stapi\AppData\Local\Temp\cczR0OQ2.s:1855   .debug_str:0000000000001688 .LASF202
C:\Users\stapi\AppData\Local\Temp\cczR0OQ2.s:1535   .debug_str:000000000000041e .LASF203
C:\Users\stapi\AppData\Local\Temp\cczR0OQ2.s:1625   .debug_str:0000000000000932 .LASF204
C:\Users\stapi\AppData\Local\Temp\cczR0OQ2.s:1657   .debug_str:0000000000000aeb .LASF205
C:\Users\stapi\AppData\Local\Temp\cczR0OQ2.s:1801   .debug_str:000000000000123a .LASF207
C:\Users\stapi\AppData\Local\Temp\cczR0OQ2.s:1457   .debug_str:0000000000000026 .LASF209
C:\Users\stapi\AppData\Local\Temp\cczR0OQ2.s:1503   .debug_str:0000000000000293 .LASF214
C:\Users\stapi\AppData\Local\Temp\cczR0OQ2.s:99     .text.dm_opt_get:0000000000000000 .LFB21
C:\Users\stapi\AppData\Local\Temp\cczR0OQ2.s:158    .text.dm_opt_get:0000000000000040 .LFE21
C:\Users\stapi\AppData\Local\Temp\cczR0OQ2.s:1322   .debug_loc:0000000000000000 .LLST5
C:\Users\stapi\AppData\Local\Temp\cczR0OQ2.s:1605   .debug_str:00000000000007b8 .LASF208
C:\Users\stapi\AppData\Local\Temp\cczR0OQ2.s:1351   .debug_loc:0000000000000045 .LLST6
C:\Users\stapi\AppData\Local\Temp\cczR0OQ2.s:1869   .debug_str:0000000000001745 .LASF215
C:\Users\stapi\AppData\Local\Temp\cczR0OQ2.s:14     .text.dm_opt_set:0000000000000000 .LFB20
C:\Users\stapi\AppData\Local\Temp\cczR0OQ2.s:92     .text.dm_opt_set:0000000000000044 .LFE20
C:\Users\stapi\AppData\Local\Temp\cczR0OQ2.s:1364   .debug_loc:0000000000000065 .LLST0
C:\Users\stapi\AppData\Local\Temp\cczR0OQ2.s:1393   .debug_loc:00000000000000aa .LLST1
C:\Users\stapi\AppData\Local\Temp\cczR0OQ2.s:31     .text.dm_opt_set:0000000000000018 .LBB2
C:\Users\stapi\AppData\Local\Temp\cczR0OQ2.s:37     .text.dm_opt_set:000000000000001a .LBE2
C:\Users\stapi\AppData\Local\Temp\cczR0OQ2.s:1406   .debug_loc:00000000000000ca .LLST2
C:\Users\stapi\AppData\Local\Temp\cczR0OQ2.s:60     .text.dm_opt_set:0000000000000028 .LBB3
C:\Users\stapi\AppData\Local\Temp\cczR0OQ2.s:65     .text.dm_opt_set:000000000000002a .LBE3
C:\Users\stapi\AppData\Local\Temp\cczR0OQ2.s:1414   .debug_loc:00000000000000de .LLST3
C:\Users\stapi\AppData\Local\Temp\cczR0OQ2.s:70     .text.dm_opt_set:000000000000002c .LBB4
C:\Users\stapi\AppData\Local\Temp\cczR0OQ2.s:77     .text.dm_opt_set:0000000000000036 .LBE4
C:\Users\stapi\AppData\Local\Temp\cczR0OQ2.s:1422   .debug_loc:00000000000000f2 .LLST4
C:\Users\stapi\AppData\Local\Temp\cczR0OQ2.s:82     .text.dm_opt_set:0000000000000038 .LBB5
C:\Users\stapi\AppData\Local\Temp\cczR0OQ2.s:90     .text.dm_opt_set:0000000000000044 .LBE5
C:\Users\stapi\AppData\Local\Temp\cczR0OQ2.s:102    .text.dm_opt_get:0000000000000000 .LVL9
C:\Users\stapi\AppData\Local\Temp\cczR0OQ2.s:123    .text.dm_opt_get:000000000000001c .LVL10
C:\Users\stapi\AppData\Local\Temp\cczR0OQ2.s:126    .text.dm_opt_get:000000000000001e .LVL11
C:\Users\stapi\AppData\Local\Temp\cczR0OQ2.s:134    .text.dm_opt_get:0000000000000026 .LVL12
C:\Users\stapi\AppData\Local\Temp\cczR0OQ2.s:137    .text.dm_opt_get:0000000000000028 .LVL13
C:\Users\stapi\AppData\Local\Temp\cczR0OQ2.s:18     .text.dm_opt_set:0000000000000000 .LVL0
C:\Users\stapi\AppData\Local\Temp\cczR0OQ2.s:44     .text.dm_opt_set:000000000000001c .LVL3
C:\Users\stapi\AppData\Local\Temp\cczR0OQ2.s:47     .text.dm_opt_set:000000000000001e .LVL4
C:\Users\stapi\AppData\Local\Temp\cczR0OQ2.s:55     .text.dm_opt_set:0000000000000026 .LVL5
C:\Users\stapi\AppData\Local\Temp\cczR0OQ2.s:58     .text.dm_opt_set:0000000000000028 .LVL6
C:\Users\stapi\AppData\Local\Temp\cczR0OQ2.s:33     .text.dm_opt_set:0000000000000018 .LVL1
C:\Users\stapi\AppData\Local\Temp\cczR0OQ2.s:39     .text.dm_opt_set:000000000000001a .LVL2
C:\Users\stapi\AppData\Local\Temp\cczR0OQ2.s:68     .text.dm_opt_set:000000000000002c .LVL7
C:\Users\stapi\AppData\Local\Temp\cczR0OQ2.s:80     .text.dm_opt_set:0000000000000038 .LVL8
C:\Users\stapi\AppData\Local\Temp\cczR0OQ2.s:175    .debug_info:0000000000000000 .Ldebug_info0

NO UNDEFINED SYMBOLS
