   1              		.file	"config_none.c"
   2              		.option nopic
   3              		.attribute arch, "rv32i2p0_m2p0_a2p0_f2p0_c2p0_b_p0p94"
   4              		.attribute unaligned_access, 0
   5              		.attribute stack_align, 16
   6              		.text
   7              	.Ltext0:
   8              		.cfi_sections	.debug_frame
   9              		.section	.text.wpa_config_read,"ax",@progbits
  10              		.align	1
  11              		.globl	wpa_config_read
  13              	wpa_config_read:
  14              	.LFB119:
  15              		.file 1 "C:/Users/stapi/OneDrive/Desktop/GD32VW553/V1_MQTT_OK/GD32VW55X_Wifi_BLE_SDK/GD32VW55x_REL
   1:C:/Users/stapi/OneDrive/Desktop/GD32VW553/V1_MQTT_OK/GD32VW55X_Wifi_BLE_SDK/GD32VW55x_RELEASE_V1.0.2/MSDK/wpa_supplicant/wpa_supplicant\config_none.c **** /*
   2:C:/Users/stapi/OneDrive/Desktop/GD32VW553/V1_MQTT_OK/GD32VW55X_Wifi_BLE_SDK/GD32VW55x_RELEASE_V1.0.2/MSDK/wpa_supplicant/wpa_supplicant\config_none.c ****  * WPA Supplicant / Configuration backend: empty starting point
   3:C:/Users/stapi/OneDrive/Desktop/GD32VW553/V1_MQTT_OK/GD32VW55X_Wifi_BLE_SDK/GD32VW55x_RELEASE_V1.0.2/MSDK/wpa_supplicant/wpa_supplicant\config_none.c ****  * Copyright (c) 2003-2005, Jouni Malinen <j@w1.fi>
   4:C:/Users/stapi/OneDrive/Desktop/GD32VW553/V1_MQTT_OK/GD32VW55X_Wifi_BLE_SDK/GD32VW55x_RELEASE_V1.0.2/MSDK/wpa_supplicant/wpa_supplicant\config_none.c ****  *
   5:C:/Users/stapi/OneDrive/Desktop/GD32VW553/V1_MQTT_OK/GD32VW55X_Wifi_BLE_SDK/GD32VW55x_RELEASE_V1.0.2/MSDK/wpa_supplicant/wpa_supplicant\config_none.c ****  * This software may be distributed under the terms of the BSD license.
   6:C:/Users/stapi/OneDrive/Desktop/GD32VW553/V1_MQTT_OK/GD32VW55X_Wifi_BLE_SDK/GD32VW55x_RELEASE_V1.0.2/MSDK/wpa_supplicant/wpa_supplicant\config_none.c ****  * See README for more details.
   7:C:/Users/stapi/OneDrive/Desktop/GD32VW553/V1_MQTT_OK/GD32VW55X_Wifi_BLE_SDK/GD32VW55x_RELEASE_V1.0.2/MSDK/wpa_supplicant/wpa_supplicant\config_none.c ****  *
   8:C:/Users/stapi/OneDrive/Desktop/GD32VW553/V1_MQTT_OK/GD32VW55X_Wifi_BLE_SDK/GD32VW55x_RELEASE_V1.0.2/MSDK/wpa_supplicant/wpa_supplicant\config_none.c ****  * This file implements stub example of a configuration backend. None of the
   9:C:/Users/stapi/OneDrive/Desktop/GD32VW553/V1_MQTT_OK/GD32VW55X_Wifi_BLE_SDK/GD32VW55x_RELEASE_V1.0.2/MSDK/wpa_supplicant/wpa_supplicant\config_none.c ****  * functions are actually implemented so this can be used as a simple
  10:C:/Users/stapi/OneDrive/Desktop/GD32VW553/V1_MQTT_OK/GD32VW55X_Wifi_BLE_SDK/GD32VW55x_RELEASE_V1.0.2/MSDK/wpa_supplicant/wpa_supplicant\config_none.c ****  * compilation test or a starting point for a new configuration backend.
  11:C:/Users/stapi/OneDrive/Desktop/GD32VW553/V1_MQTT_OK/GD32VW55X_Wifi_BLE_SDK/GD32VW55x_RELEASE_V1.0.2/MSDK/wpa_supplicant/wpa_supplicant\config_none.c ****  */
  12:C:/Users/stapi/OneDrive/Desktop/GD32VW553/V1_MQTT_OK/GD32VW55X_Wifi_BLE_SDK/GD32VW55x_RELEASE_V1.0.2/MSDK/wpa_supplicant/wpa_supplicant\config_none.c **** 
  13:C:/Users/stapi/OneDrive/Desktop/GD32VW553/V1_MQTT_OK/GD32VW55X_Wifi_BLE_SDK/GD32VW55x_RELEASE_V1.0.2/MSDK/wpa_supplicant/wpa_supplicant\config_none.c **** #include "includes.h"
  14:C:/Users/stapi/OneDrive/Desktop/GD32VW553/V1_MQTT_OK/GD32VW55X_Wifi_BLE_SDK/GD32VW55x_RELEASE_V1.0.2/MSDK/wpa_supplicant/wpa_supplicant\config_none.c **** 
  15:C:/Users/stapi/OneDrive/Desktop/GD32VW553/V1_MQTT_OK/GD32VW55X_Wifi_BLE_SDK/GD32VW55x_RELEASE_V1.0.2/MSDK/wpa_supplicant/wpa_supplicant\config_none.c **** #include "common.h"
  16:C:/Users/stapi/OneDrive/Desktop/GD32VW553/V1_MQTT_OK/GD32VW55X_Wifi_BLE_SDK/GD32VW55x_RELEASE_V1.0.2/MSDK/wpa_supplicant/wpa_supplicant\config_none.c **** #include "config.h"
  17:C:/Users/stapi/OneDrive/Desktop/GD32VW553/V1_MQTT_OK/GD32VW55X_Wifi_BLE_SDK/GD32VW55x_RELEASE_V1.0.2/MSDK/wpa_supplicant/wpa_supplicant\config_none.c **** #include "base64.h"
  18:C:/Users/stapi/OneDrive/Desktop/GD32VW553/V1_MQTT_OK/GD32VW55X_Wifi_BLE_SDK/GD32VW55x_RELEASE_V1.0.2/MSDK/wpa_supplicant/wpa_supplicant\config_none.c **** 
  19:C:/Users/stapi/OneDrive/Desktop/GD32VW553/V1_MQTT_OK/GD32VW55X_Wifi_BLE_SDK/GD32VW55x_RELEASE_V1.0.2/MSDK/wpa_supplicant/wpa_supplicant\config_none.c **** 
  20:C:/Users/stapi/OneDrive/Desktop/GD32VW553/V1_MQTT_OK/GD32VW55X_Wifi_BLE_SDK/GD32VW55x_RELEASE_V1.0.2/MSDK/wpa_supplicant/wpa_supplicant\config_none.c **** struct wpa_config * wpa_config_read(const char *name, struct wpa_config *cfgp)
  21:C:/Users/stapi/OneDrive/Desktop/GD32VW553/V1_MQTT_OK/GD32VW55X_Wifi_BLE_SDK/GD32VW55x_RELEASE_V1.0.2/MSDK/wpa_supplicant/wpa_supplicant\config_none.c **** {
  16              		.loc 1 21 1
  17              		.cfi_startproc
  18              	.LVL0:
  22:C:/Users/stapi/OneDrive/Desktop/GD32VW553/V1_MQTT_OK/GD32VW55X_Wifi_BLE_SDK/GD32VW55x_RELEASE_V1.0.2/MSDK/wpa_supplicant/wpa_supplicant\config_none.c **** 	struct wpa_config *config;
  19              		.loc 1 22 2
  23:C:/Users/stapi/OneDrive/Desktop/GD32VW553/V1_MQTT_OK/GD32VW55X_Wifi_BLE_SDK/GD32VW55x_RELEASE_V1.0.2/MSDK/wpa_supplicant/wpa_supplicant\config_none.c **** 
  24:C:/Users/stapi/OneDrive/Desktop/GD32VW553/V1_MQTT_OK/GD32VW55X_Wifi_BLE_SDK/GD32VW55x_RELEASE_V1.0.2/MSDK/wpa_supplicant/wpa_supplicant\config_none.c **** 	if (name == NULL)
  20              		.loc 1 24 2
  21              		.loc 1 24 5 is_stmt 0
  22 0000 19C5     		beq	a0,zero,.L8
  25:C:/Users/stapi/OneDrive/Desktop/GD32VW553/V1_MQTT_OK/GD32VW55X_Wifi_BLE_SDK/GD32VW55x_RELEASE_V1.0.2/MSDK/wpa_supplicant/wpa_supplicant\config_none.c **** 		return NULL;
  26:C:/Users/stapi/OneDrive/Desktop/GD32VW553/V1_MQTT_OK/GD32VW55X_Wifi_BLE_SDK/GD32VW55x_RELEASE_V1.0.2/MSDK/wpa_supplicant/wpa_supplicant\config_none.c **** 	if (cfgp)
  23              		.loc 1 26 2 is_stmt 1
  24 0002 2E85     		mv	a0,a1
  25              	.LVL1:
  26              		.loc 1 26 5 is_stmt 0
  27 0004 89E5     		bne	a1,zero,.L8
  27:C:/Users/stapi/OneDrive/Desktop/GD32VW553/V1_MQTT_OK/GD32VW55X_Wifi_BLE_SDK/GD32VW55x_RELEASE_V1.0.2/MSDK/wpa_supplicant/wpa_supplicant\config_none.c **** 		config = cfgp;
  28:C:/Users/stapi/OneDrive/Desktop/GD32VW553/V1_MQTT_OK/GD32VW55X_Wifi_BLE_SDK/GD32VW55x_RELEASE_V1.0.2/MSDK/wpa_supplicant/wpa_supplicant\config_none.c **** 	else
  29:C:/Users/stapi/OneDrive/Desktop/GD32VW553/V1_MQTT_OK/GD32VW55X_Wifi_BLE_SDK/GD32VW55x_RELEASE_V1.0.2/MSDK/wpa_supplicant/wpa_supplicant\config_none.c **** 		config = wpa_config_alloc_empty(NULL, NULL);
  28              		.loc 1 29 3 is_stmt 1
  29              		.loc 1 29 12 is_stmt 0
  30 0006 17030000 		tail	wpa_config_alloc_empty
  30      67000300 
  31              	.LVL2:
  30:C:/Users/stapi/OneDrive/Desktop/GD32VW553/V1_MQTT_OK/GD32VW55X_Wifi_BLE_SDK/GD32VW55x_RELEASE_V1.0.2/MSDK/wpa_supplicant/wpa_supplicant\config_none.c **** 	if (config == NULL)
  32              		.loc 1 30 2 is_stmt 1
  33              	.L8:
  31:C:/Users/stapi/OneDrive/Desktop/GD32VW553/V1_MQTT_OK/GD32VW55X_Wifi_BLE_SDK/GD32VW55x_RELEASE_V1.0.2/MSDK/wpa_supplicant/wpa_supplicant\config_none.c **** 		return NULL;
  32:C:/Users/stapi/OneDrive/Desktop/GD32VW553/V1_MQTT_OK/GD32VW55X_Wifi_BLE_SDK/GD32VW55x_RELEASE_V1.0.2/MSDK/wpa_supplicant/wpa_supplicant\config_none.c **** 	/* TODO: fill in configuration data */
  33:C:/Users/stapi/OneDrive/Desktop/GD32VW553/V1_MQTT_OK/GD32VW55X_Wifi_BLE_SDK/GD32VW55x_RELEASE_V1.0.2/MSDK/wpa_supplicant/wpa_supplicant\config_none.c **** 	return config;
  34:C:/Users/stapi/OneDrive/Desktop/GD32VW553/V1_MQTT_OK/GD32VW55X_Wifi_BLE_SDK/GD32VW55x_RELEASE_V1.0.2/MSDK/wpa_supplicant/wpa_supplicant\config_none.c **** }
  34              		.loc 1 34 1 is_stmt 0
  35 000e 8280     		ret
  36              		.cfi_endproc
  37              	.LFE119:
  39              		.section	.rodata.wpa_config_write.str1.4,"aMS",@progbits,1
  40              		.align	2
  41              	.LC0:
  42 0000 57726974 		.string	"Writing configuration file '%s'"
  42      696E6720 
  42      636F6E66 
  42      69677572 
  42      6174696F 
  43              		.section	.text.wpa_config_write,"ax",@progbits
  44              		.align	1
  45              		.globl	wpa_config_write
  47              	wpa_config_write:
  48              	.LFB120:
  35:C:/Users/stapi/OneDrive/Desktop/GD32VW553/V1_MQTT_OK/GD32VW55X_Wifi_BLE_SDK/GD32VW55x_RELEASE_V1.0.2/MSDK/wpa_supplicant/wpa_supplicant\config_none.c **** 
  36:C:/Users/stapi/OneDrive/Desktop/GD32VW553/V1_MQTT_OK/GD32VW55X_Wifi_BLE_SDK/GD32VW55x_RELEASE_V1.0.2/MSDK/wpa_supplicant/wpa_supplicant\config_none.c **** 
  37:C:/Users/stapi/OneDrive/Desktop/GD32VW553/V1_MQTT_OK/GD32VW55X_Wifi_BLE_SDK/GD32VW55x_RELEASE_V1.0.2/MSDK/wpa_supplicant/wpa_supplicant\config_none.c **** int wpa_config_write(const char *name, struct wpa_config *config)
  38:C:/Users/stapi/OneDrive/Desktop/GD32VW553/V1_MQTT_OK/GD32VW55X_Wifi_BLE_SDK/GD32VW55x_RELEASE_V1.0.2/MSDK/wpa_supplicant/wpa_supplicant\config_none.c **** {
  49              		.loc 1 38 1 is_stmt 1
  50              		.cfi_startproc
  51              	.LVL3:
  52 0000 17030000 		call	t0,__riscv_save_1
  52      E7020300 
  53              		.cfi_offset 8, -8
  54              		.cfi_offset 1, -4
  55              		.cfi_def_cfa_offset 16
  39:C:/Users/stapi/OneDrive/Desktop/GD32VW553/V1_MQTT_OK/GD32VW55X_Wifi_BLE_SDK/GD32VW55x_RELEASE_V1.0.2/MSDK/wpa_supplicant/wpa_supplicant\config_none.c **** 	struct wpa_ssid *ssid;
  56              		.loc 1 39 2
  40:C:/Users/stapi/OneDrive/Desktop/GD32VW553/V1_MQTT_OK/GD32VW55X_Wifi_BLE_SDK/GD32VW55x_RELEASE_V1.0.2/MSDK/wpa_supplicant/wpa_supplicant\config_none.c **** 	struct wpa_config_blob *blob;
  57              		.loc 1 40 2
  41:C:/Users/stapi/OneDrive/Desktop/GD32VW553/V1_MQTT_OK/GD32VW55X_Wifi_BLE_SDK/GD32VW55x_RELEASE_V1.0.2/MSDK/wpa_supplicant/wpa_supplicant\config_none.c **** 
  42:C:/Users/stapi/OneDrive/Desktop/GD32VW553/V1_MQTT_OK/GD32VW55X_Wifi_BLE_SDK/GD32VW55x_RELEASE_V1.0.2/MSDK/wpa_supplicant/wpa_supplicant\config_none.c **** 	wpa_printf(MSG_DEBUG, "Writing configuration file '%s'", name);
  58              		.loc 1 42 2
  38:C:/Users/stapi/OneDrive/Desktop/GD32VW553/V1_MQTT_OK/GD32VW55X_Wifi_BLE_SDK/GD32VW55x_RELEASE_V1.0.2/MSDK/wpa_supplicant/wpa_supplicant\config_none.c **** 	struct wpa_ssid *ssid;
  59              		.loc 1 38 1 is_stmt 0
  60 0008 2E84     		mv	s0,a1
  61              		.loc 1 42 2
  62 000a B7050000 		lui	a1,%hi(.LC0)
  63              	.LVL4:
  38:C:/Users/stapi/OneDrive/Desktop/GD32VW553/V1_MQTT_OK/GD32VW55X_Wifi_BLE_SDK/GD32VW55x_RELEASE_V1.0.2/MSDK/wpa_supplicant/wpa_supplicant\config_none.c **** 	struct wpa_ssid *ssid;
  64              		.loc 1 38 1
  65 000e 2A86     		mv	a2,a0
  66              		.loc 1 42 2
  67 0010 93850500 		addi	a1,a1,%lo(.LC0)
  68 0014 0945     		li	a0,2
  69              	.LVL5:
  70 0016 97000000 		call	wpa_printf
  70      E7800000 
  71              	.LVL6:
  43:C:/Users/stapi/OneDrive/Desktop/GD32VW553/V1_MQTT_OK/GD32VW55X_Wifi_BLE_SDK/GD32VW55x_RELEASE_V1.0.2/MSDK/wpa_supplicant/wpa_supplicant\config_none.c **** 
  44:C:/Users/stapi/OneDrive/Desktop/GD32VW553/V1_MQTT_OK/GD32VW55X_Wifi_BLE_SDK/GD32VW55x_RELEASE_V1.0.2/MSDK/wpa_supplicant/wpa_supplicant\config_none.c **** 	/* TODO: write global config parameters */
  45:C:/Users/stapi/OneDrive/Desktop/GD32VW553/V1_MQTT_OK/GD32VW55X_Wifi_BLE_SDK/GD32VW55x_RELEASE_V1.0.2/MSDK/wpa_supplicant/wpa_supplicant\config_none.c **** 
  46:C:/Users/stapi/OneDrive/Desktop/GD32VW553/V1_MQTT_OK/GD32VW55X_Wifi_BLE_SDK/GD32VW55x_RELEASE_V1.0.2/MSDK/wpa_supplicant/wpa_supplicant\config_none.c **** 
  47:C:/Users/stapi/OneDrive/Desktop/GD32VW553/V1_MQTT_OK/GD32VW55X_Wifi_BLE_SDK/GD32VW55x_RELEASE_V1.0.2/MSDK/wpa_supplicant/wpa_supplicant\config_none.c **** 	for (ssid = config->ssid; ssid; ssid = ssid->next) {
  72              		.loc 1 47 2 is_stmt 1
  73              		.loc 1 47 12 is_stmt 0
  74 001e 1C40     		lw	a5,0(s0)
  75              	.LVL7:
  76              	.L12:
  77              		.loc 1 47 28 is_stmt 1 discriminator 1
  78              		.loc 1 47 2 is_stmt 0 discriminator 1
  79 0020 81EB     		bne	a5,zero,.L13
  48:C:/Users/stapi/OneDrive/Desktop/GD32VW553/V1_MQTT_OK/GD32VW55X_Wifi_BLE_SDK/GD32VW55x_RELEASE_V1.0.2/MSDK/wpa_supplicant/wpa_supplicant\config_none.c **** 		/* TODO: write networks */
  49:C:/Users/stapi/OneDrive/Desktop/GD32VW553/V1_MQTT_OK/GD32VW55X_Wifi_BLE_SDK/GD32VW55x_RELEASE_V1.0.2/MSDK/wpa_supplicant/wpa_supplicant\config_none.c **** 	}
  50:C:/Users/stapi/OneDrive/Desktop/GD32VW553/V1_MQTT_OK/GD32VW55X_Wifi_BLE_SDK/GD32VW55x_RELEASE_V1.0.2/MSDK/wpa_supplicant/wpa_supplicant\config_none.c **** 
  51:C:/Users/stapi/OneDrive/Desktop/GD32VW553/V1_MQTT_OK/GD32VW55X_Wifi_BLE_SDK/GD32VW55x_RELEASE_V1.0.2/MSDK/wpa_supplicant/wpa_supplicant\config_none.c **** 	for (blob = config->blobs; blob; blob = blob->next) {
  80              		.loc 1 51 2 is_stmt 1
  81              		.loc 1 51 12 is_stmt 0
  82 0022 7C4C     		lw	a5,92(s0)
  83              	.LVL8:
  84              	.L14:
  85              		.loc 1 51 29 is_stmt 1 discriminator 1
  86              		.loc 1 51 2 is_stmt 0 discriminator 1
  87 0024 81EB     		bne	a5,zero,.L15
  52:C:/Users/stapi/OneDrive/Desktop/GD32VW553/V1_MQTT_OK/GD32VW55X_Wifi_BLE_SDK/GD32VW55x_RELEASE_V1.0.2/MSDK/wpa_supplicant/wpa_supplicant\config_none.c **** 		/* TODO: write blobs */
  53:C:/Users/stapi/OneDrive/Desktop/GD32VW553/V1_MQTT_OK/GD32VW55X_Wifi_BLE_SDK/GD32VW55x_RELEASE_V1.0.2/MSDK/wpa_supplicant/wpa_supplicant\config_none.c **** 	}
  54:C:/Users/stapi/OneDrive/Desktop/GD32VW553/V1_MQTT_OK/GD32VW55X_Wifi_BLE_SDK/GD32VW55x_RELEASE_V1.0.2/MSDK/wpa_supplicant/wpa_supplicant\config_none.c **** 
  55:C:/Users/stapi/OneDrive/Desktop/GD32VW553/V1_MQTT_OK/GD32VW55X_Wifi_BLE_SDK/GD32VW55x_RELEASE_V1.0.2/MSDK/wpa_supplicant/wpa_supplicant\config_none.c **** 	return 0;
  88              		.loc 1 55 2 is_stmt 1
  56:C:/Users/stapi/OneDrive/Desktop/GD32VW553/V1_MQTT_OK/GD32VW55X_Wifi_BLE_SDK/GD32VW55x_RELEASE_V1.0.2/MSDK/wpa_supplicant/wpa_supplicant\config_none.c **** }
  89              		.loc 1 56 1 is_stmt 0
  90 0026 0145     		li	a0,0
  91 0028 17030000 		tail	__riscv_restore_1
  91      67000300 
  92              		.cfi_remember_state
  93              		.cfi_restore 8
  94              		.cfi_restore 1
  95              		.cfi_def_cfa_offset 0
  96              	.LVL9:
  97              	.L13:
  98              		.cfi_restore_state
  49:C:/Users/stapi/OneDrive/Desktop/GD32VW553/V1_MQTT_OK/GD32VW55X_Wifi_BLE_SDK/GD32VW55x_RELEASE_V1.0.2/MSDK/wpa_supplicant/wpa_supplicant\config_none.c **** 
  99              		.loc 1 49 2 is_stmt 1 discriminator 3
  47:C:/Users/stapi/OneDrive/Desktop/GD32VW553/V1_MQTT_OK/GD32VW55X_Wifi_BLE_SDK/GD32VW55x_RELEASE_V1.0.2/MSDK/wpa_supplicant/wpa_supplicant\config_none.c **** 		/* TODO: write networks */
 100              		.loc 1 47 34 discriminator 3
  47:C:/Users/stapi/OneDrive/Desktop/GD32VW553/V1_MQTT_OK/GD32VW55X_Wifi_BLE_SDK/GD32VW55x_RELEASE_V1.0.2/MSDK/wpa_supplicant/wpa_supplicant\config_none.c **** 		/* TODO: write networks */
 101              		.loc 1 47 39 is_stmt 0 discriminator 3
 102 0030 9C43     		lw	a5,0(a5)
 103              	.LVL10:
 104 0032 FDB7     		j	.L12
 105              	.LVL11:
 106              	.L15:
  53:C:/Users/stapi/OneDrive/Desktop/GD32VW553/V1_MQTT_OK/GD32VW55X_Wifi_BLE_SDK/GD32VW55x_RELEASE_V1.0.2/MSDK/wpa_supplicant/wpa_supplicant\config_none.c **** 
 107              		.loc 1 53 2 is_stmt 1 discriminator 3
  51:C:/Users/stapi/OneDrive/Desktop/GD32VW553/V1_MQTT_OK/GD32VW55X_Wifi_BLE_SDK/GD32VW55x_RELEASE_V1.0.2/MSDK/wpa_supplicant/wpa_supplicant\config_none.c **** 		/* TODO: write blobs */
 108              		.loc 1 51 35 discriminator 3
  51:C:/Users/stapi/OneDrive/Desktop/GD32VW553/V1_MQTT_OK/GD32VW55X_Wifi_BLE_SDK/GD32VW55x_RELEASE_V1.0.2/MSDK/wpa_supplicant/wpa_supplicant\config_none.c **** 		/* TODO: write blobs */
 109              		.loc 1 51 40 is_stmt 0 discriminator 3
 110 0034 DC47     		lw	a5,12(a5)
 111              	.LVL12:
 112 0036 FDB7     		j	.L14
 113              		.cfi_endproc
 114              	.LFE120:
 116              		.text
 117              	.Letext0:
 118              		.file 2 "c:\\users\\stapi\\onedrive\\desktop\\gd32vw553\\embeddedbuilder_v1.4.7.26843\\tools\\nucl
 119              		.file 3 "c:\\users\\stapi\\onedrive\\desktop\\gd32vw553\\embeddedbuilder_v1.4.7.26843\\tools\\nucl
 120              		.file 4 "c:\\users\\stapi\\onedrive\\desktop\\gd32vw553\\embeddedbuilder_v1.4.7.26843\\tools\\nucl
 121              		.file 5 "..\\..\\..\\..\\wpa_supplicant\\src\\utils/os.h"
 122              		.file 6 "..\\..\\..\\..\\wpa_supplicant\\src\\utils/wpabuf.h"
 123              		.file 7 "..\\..\\..\\..\\wpa_supplicant\\src/common/defs.h"
 124              		.file 8 "..\\..\\..\\..\\wpa_supplicant\\src/utils/list.h"
 125              		.file 9 "..\\..\\..\\..\\wpa_supplicant\\src/eap_peer/eap_config.h"
 126              		.file 10 "C:/Users/stapi/OneDrive/Desktop/GD32VW553/V1_MQTT_OK/GD32VW55X_Wifi_BLE_SDK/GD32VW55x_RE
 127              		.file 11 "..\\..\\..\\..\\wpa_supplicant\\src/common/ieee802_11_common.h"
 128              		.file 12 "C:/Users/stapi/OneDrive/Desktop/GD32VW553/V1_MQTT_OK/GD32VW55X_Wifi_BLE_SDK/GD32VW55x_RE
 129              		.file 13 "..\\..\\..\\..\\wpa_supplicant\\src\\utils/wpa_debug.h"
 130              		.file 14 "..\\..\\..\\..\\wpa_supplicant\\src\\utils/common.h"
DEFINED SYMBOLS
                            *ABS*:0000000000000000 config_none.c
C:\Users\stapi\AppData\Local\Temp\cc0VbeIk.s:13     .text.wpa_config_read:0000000000000000 wpa_config_read
C:\Users\stapi\AppData\Local\Temp\cc0VbeIk.s:17     .text.wpa_config_read:0000000000000000 .L0 
C:\Users\stapi\AppData\Local\Temp\cc0VbeIk.s:19     .text.wpa_config_read:0000000000000000 .L0 
C:\Users\stapi\AppData\Local\Temp\cc0VbeIk.s:20     .text.wpa_config_read:0000000000000000 .L0 
C:\Users\stapi\AppData\Local\Temp\cc0VbeIk.s:21     .text.wpa_config_read:0000000000000000 .L0 
C:\Users\stapi\AppData\Local\Temp\cc0VbeIk.s:22     .text.wpa_config_read:0000000000000000 .L0 
C:\Users\stapi\AppData\Local\Temp\cc0VbeIk.s:24     .text.wpa_config_read:0000000000000002 .L0 
C:\Users\stapi\AppData\Local\Temp\cc0VbeIk.s:27     .text.wpa_config_read:0000000000000004 .L0 
C:\Users\stapi\AppData\Local\Temp\cc0VbeIk.s:29     .text.wpa_config_read:0000000000000006 .L0 
C:\Users\stapi\AppData\Local\Temp\cc0VbeIk.s:30     .text.wpa_config_read:0000000000000006 .L0 
C:\Users\stapi\AppData\Local\Temp\cc0VbeIk.s:34     .text.wpa_config_read:000000000000000e .L0 
C:\Users\stapi\AppData\Local\Temp\cc0VbeIk.s:35     .text.wpa_config_read:000000000000000e .L0 
C:\Users\stapi\AppData\Local\Temp\cc0VbeIk.s:36     .text.wpa_config_read:0000000000000010 .L0 
C:\Users\stapi\AppData\Local\Temp\cc0VbeIk.s:47     .text.wpa_config_write:0000000000000000 wpa_config_write
C:\Users\stapi\AppData\Local\Temp\cc0VbeIk.s:50     .text.wpa_config_write:0000000000000000 .L0 
C:\Users\stapi\AppData\Local\Temp\cc0VbeIk.s:52     .text.wpa_config_write:0000000000000000 .L0 
C:\Users\stapi\AppData\Local\Temp\cc0VbeIk.s:53     .text.wpa_config_write:0000000000000008 .L0 
C:\Users\stapi\AppData\Local\Temp\cc0VbeIk.s:54     .text.wpa_config_write:0000000000000008 .L0 
C:\Users\stapi\AppData\Local\Temp\cc0VbeIk.s:55     .text.wpa_config_write:0000000000000008 .L0 
C:\Users\stapi\AppData\Local\Temp\cc0VbeIk.s:57     .text.wpa_config_write:0000000000000008 .L0 
C:\Users\stapi\AppData\Local\Temp\cc0VbeIk.s:58     .text.wpa_config_write:0000000000000008 .L0 
C:\Users\stapi\AppData\Local\Temp\cc0VbeIk.s:59     .text.wpa_config_write:0000000000000008 .L0 
C:\Users\stapi\AppData\Local\Temp\cc0VbeIk.s:60     .text.wpa_config_write:0000000000000008 .L0 
C:\Users\stapi\AppData\Local\Temp\cc0VbeIk.s:62     .text.wpa_config_write:000000000000000a .L0 
C:\Users\stapi\AppData\Local\Temp\cc0VbeIk.s:65     .text.wpa_config_write:000000000000000e .L0 
C:\Users\stapi\AppData\Local\Temp\cc0VbeIk.s:67     .text.wpa_config_write:0000000000000010 .L0 
C:\Users\stapi\AppData\Local\Temp\cc0VbeIk.s:73     .text.wpa_config_write:000000000000001e .L0 
C:\Users\stapi\AppData\Local\Temp\cc0VbeIk.s:74     .text.wpa_config_write:000000000000001e .L0 
C:\Users\stapi\AppData\Local\Temp\cc0VbeIk.s:78     .text.wpa_config_write:0000000000000020 .L0 
C:\Users\stapi\AppData\Local\Temp\cc0VbeIk.s:79     .text.wpa_config_write:0000000000000020 .L0 
C:\Users\stapi\AppData\Local\Temp\cc0VbeIk.s:81     .text.wpa_config_write:0000000000000022 .L0 
C:\Users\stapi\AppData\Local\Temp\cc0VbeIk.s:82     .text.wpa_config_write:0000000000000022 .L0 
C:\Users\stapi\AppData\Local\Temp\cc0VbeIk.s:86     .text.wpa_config_write:0000000000000024 .L0 
C:\Users\stapi\AppData\Local\Temp\cc0VbeIk.s:87     .text.wpa_config_write:0000000000000024 .L0 
C:\Users\stapi\AppData\Local\Temp\cc0VbeIk.s:89     .text.wpa_config_write:0000000000000026 .L0 
C:\Users\stapi\AppData\Local\Temp\cc0VbeIk.s:90     .text.wpa_config_write:0000000000000026 .L0 
C:\Users\stapi\AppData\Local\Temp\cc0VbeIk.s:92     .text.wpa_config_write:0000000000000030 .L0 
C:\Users\stapi\AppData\Local\Temp\cc0VbeIk.s:93     .text.wpa_config_write:0000000000000030 .L0 
C:\Users\stapi\AppData\Local\Temp\cc0VbeIk.s:94     .text.wpa_config_write:0000000000000030 .L0 
C:\Users\stapi\AppData\Local\Temp\cc0VbeIk.s:95     .text.wpa_config_write:0000000000000030 .L0 
C:\Users\stapi\AppData\Local\Temp\cc0VbeIk.s:98     .text.wpa_config_write:0000000000000030 .L0 
C:\Users\stapi\AppData\Local\Temp\cc0VbeIk.s:100    .text.wpa_config_write:0000000000000030 .L0 
C:\Users\stapi\AppData\Local\Temp\cc0VbeIk.s:101    .text.wpa_config_write:0000000000000030 .L0 
C:\Users\stapi\AppData\Local\Temp\cc0VbeIk.s:102    .text.wpa_config_write:0000000000000030 .L0 
C:\Users\stapi\AppData\Local\Temp\cc0VbeIk.s:108    .text.wpa_config_write:0000000000000034 .L0 
C:\Users\stapi\AppData\Local\Temp\cc0VbeIk.s:109    .text.wpa_config_write:0000000000000034 .L0 
C:\Users\stapi\AppData\Local\Temp\cc0VbeIk.s:110    .text.wpa_config_write:0000000000000034 .L0 
C:\Users\stapi\AppData\Local\Temp\cc0VbeIk.s:113    .text.wpa_config_write:0000000000000038 .L0 
C:\Users\stapi\AppData\Local\Temp\cc0VbeIk.s:39     .text.wpa_config_read:0000000000000010 .L0 
C:\Users\stapi\AppData\Local\Temp\cc0VbeIk.s:116    .text.wpa_config_write:0000000000000038 .L0 
                     .debug_frame:0000000000000000 .L0 
C:\Users\stapi\AppData\Local\Temp\cc0VbeIk.s:33     .text.wpa_config_read:000000000000000e .L8
C:\Users\stapi\AppData\Local\Temp\cc0VbeIk.s:41     .rodata.wpa_config_write.str1.4:0000000000000000 .LC0
C:\Users\stapi\AppData\Local\Temp\cc0VbeIk.s:97     .text.wpa_config_write:0000000000000030 .L13
C:\Users\stapi\AppData\Local\Temp\cc0VbeIk.s:106    .text.wpa_config_write:0000000000000034 .L15
C:\Users\stapi\AppData\Local\Temp\cc0VbeIk.s:76     .text.wpa_config_write:0000000000000020 .L12
C:\Users\stapi\AppData\Local\Temp\cc0VbeIk.s:84     .text.wpa_config_write:0000000000000024 .L14
C:\Users\stapi\AppData\Local\Temp\cc0VbeIk.s:2938   .debug_abbrev:0000000000000000 .Ldebug_abbrev0
C:\Users\stapi\AppData\Local\Temp\cc0VbeIk.s:4235   .debug_str:00000000000013d1 .LASF346
C:\Users\stapi\AppData\Local\Temp\cc0VbeIk.s:3721   .debug_str:00000000000003e5 .LASF347
C:\Users\stapi\AppData\Local\Temp\cc0VbeIk.s:3769   .debug_str:00000000000005f5 .LASF348
C:\Users\stapi\AppData\Local\Temp\cc0VbeIk.s:3565   .debug_ranges:0000000000000000 .Ldebug_ranges0
C:\Users\stapi\AppData\Local\Temp\cc0VbeIk.s:3573   .debug_line:0000000000000000 .Ldebug_line0
C:\Users\stapi\AppData\Local\Temp\cc0VbeIk.s:3795   .debug_str:0000000000000707 .LASF2
C:\Users\stapi\AppData\Local\Temp\cc0VbeIk.s:3639   .debug_str:00000000000001be .LASF0
C:\Users\stapi\AppData\Local\Temp\cc0VbeIk.s:4211   .debug_str:00000000000012fc .LASF1
C:\Users\stapi\AppData\Local\Temp\cc0VbeIk.s:4117   .debug_str:000000000000101d .LASF3
C:\Users\stapi\AppData\Local\Temp\cc0VbeIk.s:4155   .debug_str:000000000000112a .LASF4
C:\Users\stapi\AppData\Local\Temp\cc0VbeIk.s:3663   .debug_str:000000000000025f .LASF5
C:\Users\stapi\AppData\Local\Temp\cc0VbeIk.s:4217   .debug_str:0000000000001332 .LASF6
C:\Users\stapi\AppData\Local\Temp\cc0VbeIk.s:3579   .debug_str:0000000000000021 .LASF7
C:\Users\stapi\AppData\Local\Temp\cc0VbeIk.s:4139   .debug_str:00000000000010b4 .LASF8
C:\Users\stapi\AppData\Local\Temp\cc0VbeIk.s:3937   .debug_str:0000000000000af0 .LASF9
C:\Users\stapi\AppData\Local\Temp\cc0VbeIk.s:3735   .debug_str:00000000000004bd .LASF10
C:\Users\stapi\AppData\Local\Temp\cc0VbeIk.s:3605   .debug_str:00000000000000c1 .LASF11
C:\Users\stapi\AppData\Local\Temp\cc0VbeIk.s:3877   .debug_str:000000000000095a .LASF12
C:\Users\stapi\AppData\Local\Temp\cc0VbeIk.s:3809   .debug_str:0000000000000761 .LASF13
C:\Users\stapi\AppData\Local\Temp\cc0VbeIk.s:3927   .debug_str:0000000000000ab0 .LASF14
C:\Users\stapi\AppData\Local\Temp\cc0VbeIk.s:4229   .debug_str:000000000000139e .LASF16
C:\Users\stapi\AppData\Local\Temp\cc0VbeIk.s:3781   .debug_str:00000000000006ca .LASF15
C:\Users\stapi\AppData\Local\Temp\cc0VbeIk.s:3679   .debug_str:00000000000002b6 .LASF17
C:\Users\stapi\AppData\Local\Temp\cc0VbeIk.s:3977   .debug_str:0000000000000c01 .LASF18
C:\Users\stapi\AppData\Local\Temp\cc0VbeIk.s:3783   .debug_str:00000000000006cf .LASF19
C:\Users\stapi\AppData\Local\Temp\cc0VbeIk.s:3623   .debug_str:000000000000013d .LASF20
C:\Users\stapi\AppData\Local\Temp\cc0VbeIk.s:4055   .debug_str:0000000000000e82 .LASF21
C:\Users\stapi\AppData\Local\Temp\cc0VbeIk.s:4005   .debug_str:0000000000000cf6 .LASF22
C:\Users\stapi\AppData\Local\Temp\cc0VbeIk.s:3771   .debug_str:0000000000000687 .LASF23
C:\Users\stapi\AppData\Local\Temp\cc0VbeIk.s:3803   .debug_str:0000000000000729 .LASF24
C:\Users\stapi\AppData\Local\Temp\cc0VbeIk.s:3951   .debug_str:0000000000000b54 .LASF25
C:\Users\stapi\AppData\Local\Temp\cc0VbeIk.s:3919   .debug_str:0000000000000a83 .LASF26
C:\Users\stapi\AppData\Local\Temp\cc0VbeIk.s:4029   .debug_str:0000000000000dc0 .LASF30
C:\Users\stapi\AppData\Local\Temp\cc0VbeIk.s:4103   .debug_str:0000000000000fc0 .LASF27
C:\Users\stapi\AppData\Local\Temp\cc0VbeIk.s:4243   .debug_str:000000000000150f .LASF28
C:\Users\stapi\AppData\Local\Temp\cc0VbeIk.s:3599   .debug_str:000000000000008d .LASF29
C:\Users\stapi\AppData\Local\Temp\cc0VbeIk.s:3835   .debug_str:000000000000080e .LASF31
C:\Users\stapi\AppData\Local\Temp\cc0VbeIk.s:3713   .debug_str:00000000000003ac .LASF32
C:\Users\stapi\AppData\Local\Temp\cc0VbeIk.s:3753   .debug_str:0000000000000563 .LASF33
C:\Users\stapi\AppData\Local\Temp\cc0VbeIk.s:3767   .debug_str:00000000000005de .LASF34
C:\Users\stapi\AppData\Local\Temp\cc0VbeIk.s:3675   .debug_str:00000000000002a2 .LASF35
C:\Users\stapi\AppData\Local\Temp\cc0VbeIk.s:3641   .debug_str:00000000000001cb .LASF36
C:\Users\stapi\AppData\Local\Temp\cc0VbeIk.s:3653   .debug_str:0000000000000217 .LASF37
C:\Users\stapi\AppData\Local\Temp\cc0VbeIk.s:3651   .debug_str:0000000000000207 .LASF147
C:\Users\stapi\AppData\Local\Temp\cc0VbeIk.s:4033   .debug_str:0000000000000de2 .LASF38
C:\Users\stapi\AppData\Local\Temp\cc0VbeIk.s:4121   .debug_str:0000000000001034 .LASF39
C:\Users\stapi\AppData\Local\Temp\cc0VbeIk.s:3903   .debug_str:0000000000000a14 .LASF40
C:\Users\stapi\AppData\Local\Temp\cc0VbeIk.s:3591   .debug_str:0000000000000059 .LASF41
C:\Users\stapi\AppData\Local\Temp\cc0VbeIk.s:4047   .debug_str:0000000000000e3d .LASF42
C:\Users\stapi\AppData\Local\Temp\cc0VbeIk.s:3981   .debug_str:0000000000000c20 .LASF43
C:\Users\stapi\AppData\Local\Temp\cc0VbeIk.s:3995   .debug_str:0000000000000c97 .LASF44
C:\Users\stapi\AppData\Local\Temp\cc0VbeIk.s:4007   .debug_str:0000000000000d02 .LASF45
C:\Users\stapi\AppData\Local\Temp\cc0VbeIk.s:4185   .debug_str:0000000000001217 .LASF46
C:\Users\stapi\AppData\Local\Temp\cc0VbeIk.s:3619   .debug_str:000000000000010c .LASF47
C:\Users\stapi\AppData\Local\Temp\cc0VbeIk.s:3659   .debug_str:000000000000023e .LASF48
C:\Users\stapi\AppData\Local\Temp\cc0VbeIk.s:3907   .debug_str:0000000000000a2a .LASF49
C:\Users\stapi\AppData\Local\Temp\cc0VbeIk.s:3637   .debug_str:00000000000001ad .LASF50
C:\Users\stapi\AppData\Local\Temp\cc0VbeIk.s:4075   .debug_str:0000000000000f04 .LASF51
C:\Users\stapi\AppData\Local\Temp\cc0VbeIk.s:4071   .debug_str:0000000000000eef .LASF52
C:\Users\stapi\AppData\Local\Temp\cc0VbeIk.s:3883   .debug_str:0000000000000984 .LASF53
C:\Users\stapi\AppData\Local\Temp\cc0VbeIk.s:4085   .debug_str:0000000000000f50 .LASF54
C:\Users\stapi\AppData\Local\Temp\cc0VbeIk.s:3861   .debug_str:00000000000008e6 .LASF55
C:\Users\stapi\AppData\Local\Temp\cc0VbeIk.s:3933   .debug_str:0000000000000ad2 .LASF56
C:\Users\stapi\AppData\Local\Temp\cc0VbeIk.s:4115   .debug_str:0000000000001017 .LASF57
C:\Users\stapi\AppData\Local\Temp\cc0VbeIk.s:3603   .debug_str:00000000000000b4 .LASF58
C:\Users\stapi\AppData\Local\Temp\cc0VbeIk.s:3821   .debug_str:00000000000007ac .LASF59
C:\Users\stapi\AppData\Local\Temp\cc0VbeIk.s:3709   .debug_str:0000000000000396 .LASF60
C:\Users\stapi\AppData\Local\Temp\cc0VbeIk.s:3875   .debug_str:0000000000000949 .LASF61
C:\Users\stapi\AppData\Local\Temp\cc0VbeIk.s:4231   .debug_str:00000000000013a9 .LASF62
C:\Users\stapi\AppData\Local\Temp\cc0VbeIk.s:4011   .debug_str:0000000000000d1d .LASF63
C:\Users\stapi\AppData\Local\Temp\cc0VbeIk.s:3691   .debug_str:0000000000000305 .LASF64
C:\Users\stapi\AppData\Local\Temp\cc0VbeIk.s:4081   .debug_str:0000000000000f2a .LASF65
C:\Users\stapi\AppData\Local\Temp\cc0VbeIk.s:3889   .debug_str:00000000000009aa .LASF66
C:\Users\stapi\AppData\Local\Temp\cc0VbeIk.s:4209   .debug_str:00000000000012f1 .LASF67
C:\Users\stapi\AppData\Local\Temp\cc0VbeIk.s:3911   .debug_str:0000000000000a51 .LASF68
C:\Users\stapi\AppData\Local\Temp\cc0VbeIk.s:3765   .debug_str:00000000000005ce .LASF69
C:\Users\stapi\AppData\Local\Temp\cc0VbeIk.s:4191   .debug_str:0000000000001255 .LASF70
C:\Users\stapi\AppData\Local\Temp\cc0VbeIk.s:4119   .debug_str:0000000000001027 .LASF71
C:\Users\stapi\AppData\Local\Temp\cc0VbeIk.s:3855   .debug_str:00000000000008b2 .LASF72
C:\Users\stapi\AppData\Local\Temp\cc0VbeIk.s:3631   .debug_str:0000000000000174 .LASF73
C:\Users\stapi\AppData\Local\Temp\cc0VbeIk.s:4215   .debug_str:0000000000001320 .LASF74
C:\Users\stapi\AppData\Local\Temp\cc0VbeIk.s:3729   .debug_str:00000000000004a1 .LASF75
C:\Users\stapi\AppData\Local\Temp\cc0VbeIk.s:3931   .debug_str:0000000000000ac3 .LASF76
C:\Users\stapi\AppData\Local\Temp\cc0VbeIk.s:4095   .debug_str:0000000000000f95 .LASF77
C:\Users\stapi\AppData\Local\Temp\cc0VbeIk.s:3813   .debug_str:0000000000000771 .LASF78
C:\Users\stapi\AppData\Local\Temp\cc0VbeIk.s:4065   .debug_str:0000000000000ec4 .LASF79
C:\Users\stapi\AppData\Local\Temp\cc0VbeIk.s:3849   .debug_str:000000000000087c .LASF80
C:\Users\stapi\AppData\Local\Temp\cc0VbeIk.s:4183   .debug_str:000000000000120c .LASF81
C:\Users\stapi\AppData\Local\Temp\cc0VbeIk.s:3671   .debug_str:000000000000028c .LASF82
C:\Users\stapi\AppData\Local\Temp\cc0VbeIk.s:4089   .debug_str:0000000000000f6f .LASF83
C:\Users\stapi\AppData\Local\Temp\cc0VbeIk.s:3733   .debug_str:00000000000004b4 .LASF84
C:\Users\stapi\AppData\Local\Temp\cc0VbeIk.s:3701   .debug_str:0000000000000354 .LASF85
C:\Users\stapi\AppData\Local\Temp\cc0VbeIk.s:3817   .debug_str:000000000000078b .LASF86
C:\Users\stapi\AppData\Local\Temp\cc0VbeIk.s:4131   .debug_str:0000000000001085 .LASF87
C:\Users\stapi\AppData\Local\Temp\cc0VbeIk.s:3667   .debug_str:0000000000000276 .LASF88
C:\Users\stapi\AppData\Local\Temp\cc0VbeIk.s:3947   .debug_str:0000000000000b35 .LASF89
C:\Users\stapi\AppData\Local\Temp\cc0VbeIk.s:4015   .debug_str:0000000000000d3f .LASF90
C:\Users\stapi\AppData\Local\Temp\cc0VbeIk.s:3949   .debug_str:0000000000000b40 .LASF91
C:\Users\stapi\AppData\Local\Temp\cc0VbeIk.s:3941   .debug_str:0000000000000b0b .LASF92
C:\Users\stapi\AppData\Local\Temp\cc0VbeIk.s:4067   .debug_str:0000000000000ece .LASF93
C:\Users\stapi\AppData\Local\Temp\cc0VbeIk.s:4153   .debug_str:0000000000001112 .LASF94
C:\Users\stapi\AppData\Local\Temp\cc0VbeIk.s:3953   .debug_str:0000000000000b60 .LASF95
C:\Users\stapi\AppData\Local\Temp\cc0VbeIk.s:3611   .debug_str:00000000000000de .LASF96
C:\Users\stapi\AppData\Local\Temp\cc0VbeIk.s:4027   .debug_str:0000000000000daf .LASF97
C:\Users\stapi\AppData\Local\Temp\cc0VbeIk.s:3857   .debug_str:00000000000008c2 .LASF98
C:\Users\stapi\AppData\Local\Temp\cc0VbeIk.s:3673   .debug_str:0000000000000291 .LASF99
C:\Users\stapi\AppData\Local\Temp\cc0VbeIk.s:3773   .debug_str:0000000000000691 .LASF100
C:\Users\stapi\AppData\Local\Temp\cc0VbeIk.s:3741   .debug_str:00000000000004f6 .LASF101
C:\Users\stapi\AppData\Local\Temp\cc0VbeIk.s:4099   .debug_str:0000000000000fad .LASF102
C:\Users\stapi\AppData\Local\Temp\cc0VbeIk.s:3811   .debug_str:0000000000000767 .LASF103
C:\Users\stapi\AppData\Local\Temp\cc0VbeIk.s:4259   .debug_str:000000000000158e .LASF104
C:\Users\stapi\AppData\Local\Temp\cc0VbeIk.s:3627   .debug_str:0000000000000150 .LASF105
C:\Users\stapi\AppData\Local\Temp\cc0VbeIk.s:3705   .debug_str:0000000000000379 .LASF106
C:\Users\stapi\AppData\Local\Temp\cc0VbeIk.s:3829   .debug_str:00000000000007d8 .LASF107
C:\Users\stapi\AppData\Local\Temp\cc0VbeIk.s:3871   .debug_str:0000000000000927 .LASF108
C:\Users\stapi\AppData\Local\Temp\cc0VbeIk.s:3929   .debug_str:0000000000000aba .LASF109
C:\Users\stapi\AppData\Local\Temp\cc0VbeIk.s:3609   .debug_str:00000000000000d4 .LASF110
C:\Users\stapi\AppData\Local\Temp\cc0VbeIk.s:3683   .debug_str:00000000000002cb .LASF111
C:\Users\stapi\AppData\Local\Temp\cc0VbeIk.s:4135   .debug_str:0000000000001095 .LASF112
C:\Users\stapi\AppData\Local\Temp\cc0VbeIk.s:3925   .debug_str:0000000000000aa4 .LASF113
C:\Users\stapi\AppData\Local\Temp\cc0VbeIk.s:4001   .debug_str:0000000000000ccb .LASF114
C:\Users\stapi\AppData\Local\Temp\cc0VbeIk.s:3657   .debug_str:0000000000000232 .LASF115
C:\Users\stapi\AppData\Local\Temp\cc0VbeIk.s:3991   .debug_str:0000000000000c7b .LASF116
C:\Users\stapi\AppData\Local\Temp\cc0VbeIk.s:4093   .debug_str:0000000000000f87 .LASF117
C:\Users\stapi\AppData\Local\Temp\cc0VbeIk.s:4195   .debug_str:0000000000001268 .LASF118
C:\Users\stapi\AppData\Local\Temp\cc0VbeIk.s:3787   .debug_str:00000000000006e0 .LASF119
C:\Users\stapi\AppData\Local\Temp\cc0VbeIk.s:3797   .debug_str:000000000000070e .LASF120
C:\Users\stapi\AppData\Local\Temp\cc0VbeIk.s:3711   .debug_str:00000000000003a3 .LASF121
C:\Users\stapi\AppData\Local\Temp\cc0VbeIk.s:3987   .debug_str:0000000000000c64 .LASF122
C:\Users\stapi\AppData\Local\Temp\cc0VbeIk.s:4237   .debug_str:00000000000014ca .LASF123
C:\Users\stapi\AppData\Local\Temp\cc0VbeIk.s:4167   .debug_str:0000000000001197 .LASF124
C:\Users\stapi\AppData\Local\Temp\cc0VbeIk.s:4187   .debug_str:0000000000001235 .LASF125
C:\Users\stapi\AppData\Local\Temp\cc0VbeIk.s:3681   .debug_str:00000000000002bd .LASF126
C:\Users\stapi\AppData\Local\Temp\cc0VbeIk.s:3905   .debug_str:0000000000000a19 .LASF127
C:\Users\stapi\AppData\Local\Temp\cc0VbeIk.s:4137   .debug_str:000000000000109f .LASF128
C:\Users\stapi\AppData\Local\Temp\cc0VbeIk.s:3577   .debug_str:0000000000000009 .LASF129
C:\Users\stapi\AppData\Local\Temp\cc0VbeIk.s:4061   .debug_str:0000000000000eb4 .LASF130
C:\Users\stapi\AppData\Local\Temp\cc0VbeIk.s:3775   .debug_str:000000000000069f .LASF131
C:\Users\stapi\AppData\Local\Temp\cc0VbeIk.s:4197   .debug_str:0000000000001277 .LASF132
C:\Users\stapi\AppData\Local\Temp\cc0VbeIk.s:4245   .debug_str:000000000000152e .LASF133
C:\Users\stapi\AppData\Local\Temp\cc0VbeIk.s:3645   .debug_str:00000000000001e3 .LASF134
C:\Users\stapi\AppData\Local\Temp\cc0VbeIk.s:3909   .debug_str:0000000000000a40 .LASF135
C:\Users\stapi\AppData\Local\Temp\cc0VbeIk.s:3989   .debug_str:0000000000000c71 .LASF136
C:\Users\stapi\AppData\Local\Temp\cc0VbeIk.s:3585   .debug_str:0000000000000040 .LASF137
C:\Users\stapi\AppData\Local\Temp\cc0VbeIk.s:3643   .debug_str:00000000000001d0 .LASF138
C:\Users\stapi\AppData\Local\Temp\cc0VbeIk.s:4019   .debug_str:0000000000000d5d .LASF139
C:\Users\stapi\AppData\Local\Temp\cc0VbeIk.s:4087   .debug_str:0000000000000f59 .LASF140
C:\Users\stapi\AppData\Local\Temp\cc0VbeIk.s:3633   .debug_str:0000000000000181 .LASF141
C:\Users\stapi\AppData\Local\Temp\cc0VbeIk.s:3717   .debug_str:00000000000003c9 .LASF142
C:\Users\stapi\AppData\Local\Temp\cc0VbeIk.s:3749   .debug_str:000000000000053e .LASF143
C:\Users\stapi\AppData\Local\Temp\cc0VbeIk.s:4101   .debug_str:0000000000000fb9 .LASF144
C:\Users\stapi\AppData\Local\Temp\cc0VbeIk.s:4125   .debug_str:0000000000001048 .LASF145
C:\Users\stapi\AppData\Local\Temp\cc0VbeIk.s:3725   .debug_str:0000000000000487 .LASF146
C:\Users\stapi\AppData\Local\Temp\cc0VbeIk.s:4105   .debug_str:0000000000000fd9 .LASF148
C:\Users\stapi\AppData\Local\Temp\cc0VbeIk.s:4031   .debug_str:0000000000000dcc .LASF149
C:\Users\stapi\AppData\Local\Temp\cc0VbeIk.s:4265   .debug_str:00000000000015b6 .LASF150
C:\Users\stapi\AppData\Local\Temp\cc0VbeIk.s:4149   .debug_str:0000000000001100 .LASF151
C:\Users\stapi\AppData\Local\Temp\cc0VbeIk.s:4257   .debug_str:0000000000001589 .LASF152
C:\Users\stapi\AppData\Local\Temp\cc0VbeIk.s:4035   .debug_str:0000000000000df2 .LASF153
C:\Users\stapi\AppData\Local\Temp\cc0VbeIk.s:4271   .debug_str:00000000000015cf .LASF154
C:\Users\stapi\AppData\Local\Temp\cc0VbeIk.s:3831   .debug_str:00000000000007e8 .LASF155
C:\Users\stapi\AppData\Local\Temp\cc0VbeIk.s:4269   .debug_str:00000000000015c9 .LASF156
C:\Users\stapi\AppData\Local\Temp\cc0VbeIk.s:3917   .debug_str:0000000000000a75 .LASF157
C:\Users\stapi\AppData\Local\Temp\cc0VbeIk.s:3703   .debug_str:0000000000000369 .LASF158
C:\Users\stapi\AppData\Local\Temp\cc0VbeIk.s:4203   .debug_str:00000000000012be .LASF159
C:\Users\stapi\AppData\Local\Temp\cc0VbeIk.s:3805   .debug_str:0000000000000732 .LASF160
C:\Users\stapi\AppData\Local\Temp\cc0VbeIk.s:3695   .debug_str:000000000000032a .LASF161
C:\Users\stapi\AppData\Local\Temp\cc0VbeIk.s:4143   .debug_str:00000000000010d2 .LASF162
C:\Users\stapi\AppData\Local\Temp\cc0VbeIk.s:4179   .debug_str:00000000000011f8 .LASF163
C:\Users\stapi\AppData\Local\Temp\cc0VbeIk.s:3615   .debug_str:00000000000000f3 .LASF164
C:\Users\stapi\AppData\Local\Temp\cc0VbeIk.s:4077   .debug_str:0000000000000f19 .LASF165
C:\Users\stapi\AppData\Local\Temp\cc0VbeIk.s:3583   .debug_str:0000000000000037 .LASF166
C:\Users\stapi\AppData\Local\Temp\cc0VbeIk.s:3967   .debug_str:0000000000000bbc .LASF167
C:\Users\stapi\AppData\Local\Temp\cc0VbeIk.s:3601   .debug_str:00000000000000ac .LASF168
C:\Users\stapi\AppData\Local\Temp\cc0VbeIk.s:3785   .debug_str:00000000000006d4 .LASF169
C:\Users\stapi\AppData\Local\Temp\cc0VbeIk.s:3923   .debug_str:0000000000000a98 .LASF170
C:\Users\stapi\AppData\Local\Temp\cc0VbeIk.s:3747   .debug_str:000000000000052b .LASF171
C:\Users\stapi\AppData\Local\Temp\cc0VbeIk.s:4133   .debug_str:0000000000001090 .LASF172
C:\Users\stapi\AppData\Local\Temp\cc0VbeIk.s:3971   .debug_str:0000000000000bd2 .LASF173
C:\Users\stapi\AppData\Local\Temp\cc0VbeIk.s:4043   .debug_str:0000000000000e2b .LASF174
C:\Users\stapi\AppData\Local\Temp\cc0VbeIk.s:3841   .debug_str:000000000000083a .LASF175
C:\Users\stapi\AppData\Local\Temp\cc0VbeIk.s:3745   .debug_str:0000000000000520 .LASF176
C:\Users\stapi\AppData\Local\Temp\cc0VbeIk.s:4059   .debug_str:0000000000000eac .LASF177
C:\Users\stapi\AppData\Local\Temp\cc0VbeIk.s:3945   .debug_str:0000000000000b2e .LASF178
C:\Users\stapi\AppData\Local\Temp\cc0VbeIk.s:4175   .debug_str:00000000000011cc .LASF179
C:\Users\stapi\AppData\Local\Temp\cc0VbeIk.s:4111   .debug_str:0000000000001002 .LASF180
C:\Users\stapi\AppData\Local\Temp\cc0VbeIk.s:3779   .debug_str:00000000000006bf .LASF181
C:\Users\stapi\AppData\Local\Temp\cc0VbeIk.s:3851   .debug_str:0000000000000892 .LASF182
C:\Users\stapi\AppData\Local\Temp\cc0VbeIk.s:3635   .debug_str:0000000000000196 .LASF183
C:\Users\stapi\AppData\Local\Temp\cc0VbeIk.s:4201   .debug_str:00000000000012a2 .LASF184
C:\Users\stapi\AppData\Local\Temp\cc0VbeIk.s:4199   .debug_str:0000000000001282 .LASF185
C:\Users\stapi\AppData\Local\Temp\cc0VbeIk.s:3997   .debug_str:0000000000000ca4 .LASF186
C:\Users\stapi\AppData\Local\Temp\cc0VbeIk.s:4213   .debug_str:0000000000001308 .LASF187
C:\Users\stapi\AppData\Local\Temp\cc0VbeIk.s:4177   .debug_str:00000000000011e0 .LASF188
C:\Users\stapi\AppData\Local\Temp\cc0VbeIk.s:3589   .debug_str:000000000000004e .LASF189
C:\Users\stapi\AppData\Local\Temp\cc0VbeIk.s:3791   .debug_str:00000000000006f9 .LASF190
C:\Users\stapi\AppData\Local\Temp\cc0VbeIk.s:3793   .debug_str:0000000000000700 .LASF191
C:\Users\stapi\AppData\Local\Temp\cc0VbeIk.s:3699   .debug_str:0000000000000342 .LASF192
C:\Users\stapi\AppData\Local\Temp\cc0VbeIk.s:3893   .debug_str:00000000000009c5 .LASF193
C:\Users\stapi\AppData\Local\Temp\cc0VbeIk.s:4189   .debug_str:0000000000001243 .LASF194
C:\Users\stapi\AppData\Local\Temp\cc0VbeIk.s:3863   .debug_str:00000000000008eb .LASF195
C:\Users\stapi\AppData\Local\Temp\cc0VbeIk.s:4223   .debug_str:000000000000136a .LASF196
C:\Users\stapi\AppData\Local\Temp\cc0VbeIk.s:3743   .debug_str:000000000000050a .LASF197
C:\Users\stapi\AppData\Local\Temp\cc0VbeIk.s:3985   .debug_str:0000000000000c4e .LASF198
C:\Users\stapi\AppData\Local\Temp\cc0VbeIk.s:4025   .debug_str:0000000000000d96 .LASF199
C:\Users\stapi\AppData\Local\Temp\cc0VbeIk.s:4003   .debug_str:0000000000000cdd .LASF200
C:\Users\stapi\AppData\Local\Temp\cc0VbeIk.s:3789   .debug_str:00000000000006ec .LASF201
C:\Users\stapi\AppData\Local\Temp\cc0VbeIk.s:3975   .debug_str:0000000000000bee .LASF202
C:\Users\stapi\AppData\Local\Temp\cc0VbeIk.s:4129   .debug_str:0000000000001070 .LASF203
C:\Users\stapi\AppData\Local\Temp\cc0VbeIk.s:3595   .debug_str:000000000000006e .LASF204
C:\Users\stapi\AppData\Local\Temp\cc0VbeIk.s:3963   .debug_str:0000000000000ba4 .LASF205
C:\Users\stapi\AppData\Local\Temp\cc0VbeIk.s:3869   .debug_str:000000000000091f .LASF206
C:\Users\stapi\AppData\Local\Temp\cc0VbeIk.s:4263   .debug_str:00000000000015a1 .LASF207
C:\Users\stapi\AppData\Local\Temp\cc0VbeIk.s:3807   .debug_str:000000000000073e .LASF208
C:\Users\stapi\AppData\Local\Temp\cc0VbeIk.s:3693   .debug_str:0000000000000314 .LASF209
C:\Users\stapi\AppData\Local\Temp\cc0VbeIk.s:3819   .debug_str:0000000000000792 .LASF210
C:\Users\stapi\AppData\Local\Temp\cc0VbeIk.s:3935   .debug_str:0000000000000adb .LASF211
C:\Users\stapi\AppData\Local\Temp\cc0VbeIk.s:4193   .debug_str:000000000000125d .LASF212
C:\Users\stapi\AppData\Local\Temp\cc0VbeIk.s:4169   .debug_str:00000000000011a4 .LASF213
C:\Users\stapi\AppData\Local\Temp\cc0VbeIk.s:3959   .debug_str:0000000000000b84 .LASF214
C:\Users\stapi\AppData\Local\Temp\cc0VbeIk.s:4023   .debug_str:0000000000000d91 .LASF215
C:\Users\stapi\AppData\Local\Temp\cc0VbeIk.s:3759   .debug_str:000000000000059e .LASF216
C:\Users\stapi\AppData\Local\Temp\cc0VbeIk.s:3839   .debug_str:0000000000000832 .LASF217
C:\Users\stapi\AppData\Local\Temp\cc0VbeIk.s:3897   .debug_str:00000000000009e6 .LASF218
C:\Users\stapi\AppData\Local\Temp\cc0VbeIk.s:4145   .debug_str:00000000000010db .LASF219
C:\Users\stapi\AppData\Local\Temp\cc0VbeIk.s:3661   .debug_str:000000000000024a .LASF220
C:\Users\stapi\AppData\Local\Temp\cc0VbeIk.s:3677   .debug_str:00000000000002aa .LASF221
C:\Users\stapi\AppData\Local\Temp\cc0VbeIk.s:3891   .debug_str:00000000000009b2 .LASF222
C:\Users\stapi\AppData\Local\Temp\cc0VbeIk.s:4049   .debug_str:0000000000000e4d .LASF223
C:\Users\stapi\AppData\Local\Temp\cc0VbeIk.s:4163   .debug_str:0000000000001178 .LASF224
C:\Users\stapi\AppData\Local\Temp\cc0VbeIk.s:3719   .debug_str:00000000000003d5 .LASF225
C:\Users\stapi\AppData\Local\Temp\cc0VbeIk.s:4261   .debug_str:0000000000001595 .LASF226
C:\Users\stapi\AppData\Local\Temp\cc0VbeIk.s:4069   .debug_str:0000000000000ee6 .LASF227
C:\Users\stapi\AppData\Local\Temp\cc0VbeIk.s:3939   .debug_str:0000000000000afe .LASF228
C:\Users\stapi\AppData\Local\Temp\cc0VbeIk.s:4039   .debug_str:0000000000000e0e .LASF229
C:\Users\stapi\AppData\Local\Temp\cc0VbeIk.s:4239   .debug_str:00000000000014de .LASF230
C:\Users\stapi\AppData\Local\Temp\cc0VbeIk.s:3621   .debug_str:000000000000011b .LASF231
C:\Users\stapi\AppData\Local\Temp\cc0VbeIk.s:4221   .debug_str:0000000000001351 .LASF232
C:\Users\stapi\AppData\Local\Temp\cc0VbeIk.s:3763   .debug_str:00000000000005c0 .LASF233
C:\Users\stapi\AppData\Local\Temp\cc0VbeIk.s:4063   .debug_str:0000000000000ebe .LASF234
C:\Users\stapi\AppData\Local\Temp\cc0VbeIk.s:3827   .debug_str:00000000000007d3 .LASF235
C:\Users\stapi\AppData\Local\Temp\cc0VbeIk.s:4009   .debug_str:0000000000000d13 .LASF236
C:\Users\stapi\AppData\Local\Temp\cc0VbeIk.s:4165   .debug_str:000000000000118b .LASF237
C:\Users\stapi\AppData\Local\Temp\cc0VbeIk.s:3581   .debug_str:000000000000002a .LASF238
C:\Users\stapi\AppData\Local\Temp\cc0VbeIk.s:3597   .debug_str:0000000000000082 .LASF239
C:\Users\stapi\AppData\Local\Temp\cc0VbeIk.s:3853   .debug_str:00000000000008a5 .LASF240
C:\Users\stapi\AppData\Local\Temp\cc0VbeIk.s:3629   .debug_str:0000000000000166 .LASF241
C:\Users\stapi\AppData\Local\Temp\cc0VbeIk.s:4141   .debug_str:00000000000010c6 .LASF242
C:\Users\stapi\AppData\Local\Temp\cc0VbeIk.s:3957   .debug_str:0000000000000b75 .LASF243
C:\Users\stapi\AppData\Local\Temp\cc0VbeIk.s:4045   .debug_str:0000000000000e32 .LASF244
C:\Users\stapi\AppData\Local\Temp\cc0VbeIk.s:3737   .debug_str:00000000000004d4 .LASF245
C:\Users\stapi\AppData\Local\Temp\cc0VbeIk.s:3993   .debug_str:0000000000000c86 .LASF246
C:\Users\stapi\AppData\Local\Temp\cc0VbeIk.s:3873   .debug_str:0000000000000937 .LASF247
C:\Users\stapi\AppData\Local\Temp\cc0VbeIk.s:3885   .debug_str:000000000000098a .LASF248
C:\Users\stapi\AppData\Local\Temp\cc0VbeIk.s:4181   .debug_str:00000000000011fd .LASF249
C:\Users\stapi\AppData\Local\Temp\cc0VbeIk.s:3979   .debug_str:0000000000000c06 .LASF250
C:\Users\stapi\AppData\Local\Temp\cc0VbeIk.s:3965   .debug_str:0000000000000ba9 .LASF251
C:\Users\stapi\AppData\Local\Temp\cc0VbeIk.s:4225   .debug_str:0000000000001376 .LASF252
C:\Users\stapi\AppData\Local\Temp\cc0VbeIk.s:3859   .debug_str:00000000000008d3 .LASF253
C:\Users\stapi\AppData\Local\Temp\cc0VbeIk.s:4157   .debug_str:0000000000001138 .LASF254
C:\Users\stapi\AppData\Local\Temp\cc0VbeIk.s:4253   .debug_str:000000000000156b .LASF255
C:\Users\stapi\AppData\Local\Temp\cc0VbeIk.s:3845   .debug_str:000000000000085b .LASF256
C:\Users\stapi\AppData\Local\Temp\cc0VbeIk.s:3669   .debug_str:0000000000000280 .LASF257
C:\Users\stapi\AppData\Local\Temp\cc0VbeIk.s:4161   .debug_str:000000000000116d .LASF258
C:\Users\stapi\AppData\Local\Temp\cc0VbeIk.s:4051   .debug_str:0000000000000e60 .LASF259
C:\Users\stapi\AppData\Local\Temp\cc0VbeIk.s:3833   .debug_str:0000000000000800 .LASF260
C:\Users\stapi\AppData\Local\Temp\cc0VbeIk.s:4159   .debug_str:0000000000001152 .LASF261
C:\Users\stapi\AppData\Local\Temp\cc0VbeIk.s:3617   .debug_str:00000000000000f9 .LASF262
C:\Users\stapi\AppData\Local\Temp\cc0VbeIk.s:4255   .debug_str:0000000000001578 .LASF263
C:\Users\stapi\AppData\Local\Temp\cc0VbeIk.s:4017   .debug_str:0000000000000d50 .LASF264
C:\Users\stapi\AppData\Local\Temp\cc0VbeIk.s:3881   .debug_str:0000000000000970 .LASF265
C:\Users\stapi\AppData\Local\Temp\cc0VbeIk.s:3613   .debug_str:00000000000000e3 .LASF266
C:\Users\stapi\AppData\Local\Temp\cc0VbeIk.s:4171   .debug_str:00000000000011aa .LASF267
C:\Users\stapi\AppData\Local\Temp\cc0VbeIk.s:3723   .debug_str:000000000000047b .LASF268
C:\Users\stapi\AppData\Local\Temp\cc0VbeIk.s:4123   .debug_str:0000000000001039 .LASF269
C:\Users\stapi\AppData\Local\Temp\cc0VbeIk.s:3879   .debug_str:0000000000000962 .LASF270
C:\Users\stapi\AppData\Local\Temp\cc0VbeIk.s:3689   .debug_str:00000000000002fe .LASF271
C:\Users\stapi\AppData\Local\Temp\cc0VbeIk.s:3715   .debug_str:00000000000003c4 .LASF272
C:\Users\stapi\AppData\Local\Temp\cc0VbeIk.s:3731   .debug_str:00000000000004aa .LASF273
C:\Users\stapi\AppData\Local\Temp\cc0VbeIk.s:3955   .debug_str:0000000000000b6c .LASF274
C:\Users\stapi\AppData\Local\Temp\cc0VbeIk.s:3843   .debug_str:0000000000000844 .LASF275
C:\Users\stapi\AppData\Local\Temp\cc0VbeIk.s:3751   .debug_str:0000000000000551 .LASF276
C:\Users\stapi\AppData\Local\Temp\cc0VbeIk.s:3647   .debug_str:00000000000001eb .LASF277
C:\Users\stapi\AppData\Local\Temp\cc0VbeIk.s:4205   .debug_str:00000000000012c3 .LASF278
C:\Users\stapi\AppData\Local\Temp\cc0VbeIk.s:3825   .debug_str:00000000000007c4 .LASF279
C:\Users\stapi\AppData\Local\Temp\cc0VbeIk.s:3685   .debug_str:00000000000002e0 .LASF280
C:\Users\stapi\AppData\Local\Temp\cc0VbeIk.s:4147   .debug_str:00000000000010ea .LASF281
C:\Users\stapi\AppData\Local\Temp\cc0VbeIk.s:3739   .debug_str:00000000000004e8 .LASF282
C:\Users\stapi\AppData\Local\Temp\cc0VbeIk.s:3969   .debug_str:0000000000000bc9 .LASF283
C:\Users\stapi\AppData\Local\Temp\cc0VbeIk.s:3777   .debug_str:00000000000006ad .LASF284
C:\Users\stapi\AppData\Local\Temp\cc0VbeIk.s:4251   .debug_str:000000000000155f .LASF285
C:\Users\stapi\AppData\Local\Temp\cc0VbeIk.s:3593   .debug_str:0000000000000063 .LASF286
C:\Users\stapi\AppData\Local\Temp\cc0VbeIk.s:4073   .debug_str:0000000000000ef8 .LASF287
C:\Users\stapi\AppData\Local\Temp\cc0VbeIk.s:3649   .debug_str:00000000000001fd .LASF288
C:\Users\stapi\AppData\Local\Temp\cc0VbeIk.s:3837   .debug_str:0000000000000822 .LASF289
C:\Users\stapi\AppData\Local\Temp\cc0VbeIk.s:3865   .debug_str:00000000000008fb .LASF290
C:\Users\stapi\AppData\Local\Temp\cc0VbeIk.s:3973   .debug_str:0000000000000bdb .LASF291
C:\Users\stapi\AppData\Local\Temp\cc0VbeIk.s:3801   .debug_str:000000000000071b .LASF292
C:\Users\stapi\AppData\Local\Temp\cc0VbeIk.s:3921   .debug_str:0000000000000a8d .LASF293
C:\Users\stapi\AppData\Local\Temp\cc0VbeIk.s:4091   .debug_str:0000000000000f74 .LASF294
C:\Users\stapi\AppData\Local\Temp\cc0VbeIk.s:4247   .debug_str:000000000000153d .LASF295
C:\Users\stapi\AppData\Local\Temp\cc0VbeIk.s:4241   .debug_str:00000000000014f9 .LASF296
C:\Users\stapi\AppData\Local\Temp\cc0VbeIk.s:4021   .debug_str:0000000000000d7d .LASF297
C:\Users\stapi\AppData\Local\Temp\cc0VbeIk.s:3757   .debug_str:000000000000058a .LASF298
C:\Users\stapi\AppData\Local\Temp\cc0VbeIk.s:4107   .debug_str:0000000000000fe0 .LASF299
C:\Users\stapi\AppData\Local\Temp\cc0VbeIk.s:3655   .debug_str:000000000000021c .LASF300
C:\Users\stapi\AppData\Local\Temp\cc0VbeIk.s:4173   .debug_str:00000000000011c1 .LASF301
C:\Users\stapi\AppData\Local\Temp\cc0VbeIk.s:3895   .debug_str:00000000000009d9 .LASF302
C:\Users\stapi\AppData\Local\Temp\cc0VbeIk.s:3607   .debug_str:00000000000000c6 .LASF303
C:\Users\stapi\AppData\Local\Temp\cc0VbeIk.s:3913   .debug_str:0000000000000a5e .LASF304
C:\Users\stapi\AppData\Local\Temp\cc0VbeIk.s:4079   .debug_str:0000000000000f22 .LASF305
C:\Users\stapi\AppData\Local\Temp\cc0VbeIk.s:4041   .debug_str:0000000000000e1b .LASF306
C:\Users\stapi\AppData\Local\Temp\cc0VbeIk.s:3887   .debug_str:0000000000000999 .LASF307
C:\Users\stapi\AppData\Local\Temp\cc0VbeIk.s:3999   .debug_str:0000000000000cb8 .LASF308
C:\Users\stapi\AppData\Local\Temp\cc0VbeIk.s:4097   .debug_str:0000000000000f9b .LASF309
C:\Users\stapi\AppData\Local\Temp\cc0VbeIk.s:3815   .debug_str:000000000000077a .LASF310
C:\Users\stapi\AppData\Local\Temp\cc0VbeIk.s:3575   .debug_str:0000000000000000 .LASF311
C:\Users\stapi\AppData\Local\Temp\cc0VbeIk.s:4249   .debug_str:0000000000001550 .LASF312
C:\Users\stapi\AppData\Local\Temp\cc0VbeIk.s:3915   .debug_str:0000000000000a6a .LASF313
C:\Users\stapi\AppData\Local\Temp\cc0VbeIk.s:3761   .debug_str:00000000000005ac .LASF314
C:\Users\stapi\AppData\Local\Temp\cc0VbeIk.s:4227   .debug_str:0000000000001384 .LASF315
C:\Users\stapi\AppData\Local\Temp\cc0VbeIk.s:4267   .debug_str:00000000000015bc .LASF316
C:\Users\stapi\AppData\Local\Temp\cc0VbeIk.s:3961   .debug_str:0000000000000b8d .LASF317
C:\Users\stapi\AppData\Local\Temp\cc0VbeIk.s:3625   .debug_str:0000000000000143 .LASF318
C:\Users\stapi\AppData\Local\Temp\cc0VbeIk.s:3943   .debug_str:0000000000000b21 .LASF319
C:\Users\stapi\AppData\Local\Temp\cc0VbeIk.s:3665   .debug_str:0000000000000269 .LASF320
C:\Users\stapi\AppData\Local\Temp\cc0VbeIk.s:3899   .debug_str:00000000000009fb .LASF321
C:\Users\stapi\AppData\Local\Temp\cc0VbeIk.s:3707   .debug_str:0000000000000383 .LASF322
C:\Users\stapi\AppData\Local\Temp\cc0VbeIk.s:3901   .debug_str:0000000000000a03 .LASF323
C:\Users\stapi\AppData\Local\Temp\cc0VbeIk.s:3755   .debug_str:000000000000057d .LASF324
C:\Users\stapi\AppData\Local\Temp\cc0VbeIk.s:4113   .debug_str:0000000000001009 .LASF325
C:\Users\stapi\AppData\Local\Temp\cc0VbeIk.s:4127   .debug_str:0000000000001062 .LASF326
C:\Users\stapi\AppData\Local\Temp\cc0VbeIk.s:4013   .debug_str:0000000000000d28 .LASF327
C:\Users\stapi\AppData\Local\Temp\cc0VbeIk.s:3727   .debug_str:000000000000048f .LASF328
C:\Users\stapi\AppData\Local\Temp\cc0VbeIk.s:4083   .debug_str:0000000000000f3a .LASF329
C:\Users\stapi\AppData\Local\Temp\cc0VbeIk.s:3687   .debug_str:00000000000002f5 .LASF330
C:\Users\stapi\AppData\Local\Temp\cc0VbeIk.s:4219   .debug_str:0000000000001345 .LASF331
C:\Users\stapi\AppData\Local\Temp\cc0VbeIk.s:3847   .debug_str:0000000000000867 .LASF332
C:\Users\stapi\AppData\Local\Temp\cc0VbeIk.s:4207   .debug_str:00000000000012d6 .LASF333
C:\Users\stapi\AppData\Local\Temp\cc0VbeIk.s:3983   .debug_str:0000000000000c2f .LASF334
C:\Users\stapi\AppData\Local\Temp\cc0VbeIk.s:4233   .debug_str:00000000000013b3 .LASF335
C:\Users\stapi\AppData\Local\Temp\cc0VbeIk.s:4151   .debug_str:0000000000001106 .LASF336
C:\Users\stapi\AppData\Local\Temp\cc0VbeIk.s:4053   .debug_str:0000000000000e72 .LASF337
C:\Users\stapi\AppData\Local\Temp\cc0VbeIk.s:4057   .debug_str:0000000000000e90 .LASF338
C:\Users\stapi\AppData\Local\Temp\cc0VbeIk.s:4037   .debug_str:0000000000000dfd .LASF341
C:\Users\stapi\AppData\Local\Temp\cc0VbeIk.s:48     .text.wpa_config_write:0000000000000000 .LFB120
C:\Users\stapi\AppData\Local\Temp\cc0VbeIk.s:114    .text.wpa_config_write:0000000000000038 .LFE120
C:\Users\stapi\AppData\Local\Temp\cc0VbeIk.s:3467   .debug_loc:0000000000000000 .LLST2
C:\Users\stapi\AppData\Local\Temp\cc0VbeIk.s:3823   .debug_str:00000000000007bd .LASF339
C:\Users\stapi\AppData\Local\Temp\cc0VbeIk.s:3485   .debug_loc:000000000000002c .LLST3
C:\Users\stapi\AppData\Local\Temp\cc0VbeIk.s:3496   .debug_loc:000000000000004a .LLST4
C:\Users\stapi\AppData\Local\Temp\cc0VbeIk.s:3799   .debug_str:0000000000000716 .LASF340
C:\Users\stapi\AppData\Local\Temp\cc0VbeIk.s:3507   .debug_loc:0000000000000068 .LLST5
C:\Users\stapi\AppData\Local\Temp\cc0VbeIk.s:71     .text.wpa_config_write:000000000000001e .LVL6
C:\Users\stapi\AppData\Local\Temp\cc0VbeIk.s:3697   .debug_str:0000000000000332 .LASF342
C:\Users\stapi\AppData\Local\Temp\cc0VbeIk.s:14     .text.wpa_config_read:0000000000000000 .LFB119
C:\Users\stapi\AppData\Local\Temp\cc0VbeIk.s:37     .text.wpa_config_read:0000000000000010 .LFE119
C:\Users\stapi\AppData\Local\Temp\cc0VbeIk.s:3518   .debug_loc:0000000000000086 .LLST0
C:\Users\stapi\AppData\Local\Temp\cc0VbeIk.s:3587   .debug_str:0000000000000049 .LASF343
C:\Users\stapi\AppData\Local\Temp\cc0VbeIk.s:3532   .debug_loc:00000000000000a7 .LLST1
C:\Users\stapi\AppData\Local\Temp\cc0VbeIk.s:31     .text.wpa_config_read:000000000000000e .LVL2
C:\Users\stapi\AppData\Local\Temp\cc0VbeIk.s:4109   .debug_str:0000000000000ff7 .LASF344
C:\Users\stapi\AppData\Local\Temp\cc0VbeIk.s:3867   .debug_str:0000000000000908 .LASF345
C:\Users\stapi\AppData\Local\Temp\cc0VbeIk.s:51     .text.wpa_config_write:0000000000000000 .LVL3
C:\Users\stapi\AppData\Local\Temp\cc0VbeIk.s:69     .text.wpa_config_write:0000000000000016 .LVL5
C:\Users\stapi\AppData\Local\Temp\cc0VbeIk.s:63     .text.wpa_config_write:000000000000000e .LVL4
C:\Users\stapi\AppData\Local\Temp\cc0VbeIk.s:75     .text.wpa_config_write:0000000000000020 .LVL7
C:\Users\stapi\AppData\Local\Temp\cc0VbeIk.s:83     .text.wpa_config_write:0000000000000024 .LVL8
C:\Users\stapi\AppData\Local\Temp\cc0VbeIk.s:96     .text.wpa_config_write:0000000000000030 .LVL9
C:\Users\stapi\AppData\Local\Temp\cc0VbeIk.s:105    .text.wpa_config_write:0000000000000034 .LVL11
C:\Users\stapi\AppData\Local\Temp\cc0VbeIk.s:18     .text.wpa_config_read:0000000000000000 .LVL0
C:\Users\stapi\AppData\Local\Temp\cc0VbeIk.s:25     .text.wpa_config_read:0000000000000004 .LVL1
C:\Users\stapi\AppData\Local\Temp\cc0VbeIk.s:132    .debug_info:0000000000000000 .Ldebug_info0

UNDEFINED SYMBOLS
wpa_config_alloc_empty
__riscv_save_1
wpa_printf
__riscv_restore_1
