   1              		.file	"drivers.c"
   2              		.option nopic
   3              		.attribute arch, "rv32i2p0_m2p0_a2p0_f2p0_c2p0_b_p0p94"
   4              		.attribute unaligned_access, 0
   5              		.attribute stack_align, 16
   6              		.text
   7              	.Ltext0:
   8              		.cfi_sections	.debug_frame
   9              		.globl	wpa_drivers
  10              		.section	.srodata.wpa_drivers,"a"
  11              		.align	2
  14              	wpa_drivers:
  15 0000 00000000 		.word	wpa_driver_gdwifi_ops
  16 0004 00000000 		.word	0
  17              		.text
  18              	.Letext0:
  19              		.file 1 "c:\\users\\stapi\\onedrive\\desktop\\gd32vw553\\embeddedbuilder_v1.4.7.26843\\tools\\nucl
  20              		.file 2 "c:\\users\\stapi\\onedrive\\desktop\\gd32vw553\\embeddedbuilder_v1.4.7.26843\\tools\\nucl
  21              		.file 3 "c:\\users\\stapi\\onedrive\\desktop\\gd32vw553\\embeddedbuilder_v1.4.7.26843\\tools\\nucl
  22              		.file 4 "..\\..\\..\\..\\wpa_supplicant\\src/utils/os.h"
  23              		.file 5 "..\\..\\..\\..\\wpa_supplicant\\src/utils/common.h"
  24              		.file 6 "..\\..\\..\\..\\wpa_supplicant\\src/utils/wpabuf.h"
  25              		.file 7 "..\\..\\..\\..\\lwip\\lwip-2.1.2\\src\\include/lwip/netif.h"
  26              		.file 8 "..\\..\\..\\..\\wpa_supplicant\\src/common/defs.h"
  27              		.file 9 "..\\..\\..\\..\\wpa_supplicant\\src/common/ieee802_11_defs.h"
  28              		.file 10 "..\\..\\..\\..\\wpa_supplicant\\src/utils/list.h"
  29              		.file 11 "C:/Users/stapi/OneDrive/Desktop/GD32VW553/V1_MQTT_OK/GD32VW55X_Wifi_BLE_SDK/GD32VW55x_RE
  30              		.file 12 "..\\..\\..\\..\\lwip\\lwip-2.1.2\\src\\include/lwip/memp.h"
  31              		.file 13 "C:/Users/stapi/OneDrive/Desktop/GD32VW553/V1_MQTT_OK/GD32VW55X_Wifi_BLE_SDK/GD32VW55x_RE
DEFINED SYMBOLS
                            *ABS*:0000000000000000 drivers.c
C:\Users\stapi\AppData\Local\Temp\ccMWWdfb.s:14     .srodata.wpa_drivers:0000000000000000 wpa_drivers
C:\Users\stapi\AppData\Local\Temp\ccMWWdfb.s:7133   .debug_abbrev:0000000000000000 .Ldebug_abbrev0
C:\Users\stapi\AppData\Local\Temp\ccMWWdfb.s:8487   .debug_str:00000000000018c5 .LASF725
C:\Users\stapi\AppData\Local\Temp\ccMWWdfb.s:8597   .debug_str:0000000000001cf2 .LASF726
C:\Users\stapi\AppData\Local\Temp\ccMWWdfb.s:8331   .debug_str:000000000000139d .LASF727
C:\Users\stapi\AppData\Local\Temp\ccMWWdfb.s:7635   .debug_line:0000000000000000 .Ldebug_line0
C:\Users\stapi\AppData\Local\Temp\ccMWWdfb.s:8123   .debug_str:0000000000000dd0 .LASF1
C:\Users\stapi\AppData\Local\Temp\ccMWWdfb.s:9061   .debug_str:0000000000002a45 .LASF0
C:\Users\stapi\AppData\Local\Temp\ccMWWdfb.s:9041   .debug_str:00000000000029c8 .LASF2
C:\Users\stapi\AppData\Local\Temp\ccMWWdfb.s:8369   .debug_str:000000000000153d .LASF3
C:\Users\stapi\AppData\Local\Temp\ccMWWdfb.s:7675   .debug_str:000000000000010b .LASF4
C:\Users\stapi\AppData\Local\Temp\ccMWWdfb.s:7969   .debug_str:00000000000009cb .LASF5
C:\Users\stapi\AppData\Local\Temp\ccMWWdfb.s:9073   .debug_str:0000000000002a84 .LASF6
C:\Users\stapi\AppData\Local\Temp\ccMWWdfb.s:7915   .debug_str:0000000000000819 .LASF7
C:\Users\stapi\AppData\Local\Temp\ccMWWdfb.s:8365   .debug_str:000000000000151b .LASF8
C:\Users\stapi\AppData\Local\Temp\ccMWWdfb.s:8751   .debug_str:0000000000002221 .LASF9
C:\Users\stapi\AppData\Local\Temp\ccMWWdfb.s:8475   .debug_str:000000000000186f .LASF10
C:\Users\stapi\AppData\Local\Temp\ccMWWdfb.s:8757   .debug_str:0000000000002242 .LASF11
C:\Users\stapi\AppData\Local\Temp\ccMWWdfb.s:8529   .debug_str:0000000000001ae8 .LASF12
C:\Users\stapi\AppData\Local\Temp\ccMWWdfb.s:8961   .debug_str:00000000000027b4 .LASF13
C:\Users\stapi\AppData\Local\Temp\ccMWWdfb.s:8219   .debug_str:00000000000010a8 .LASF14
C:\Users\stapi\AppData\Local\Temp\ccMWWdfb.s:8839   .debug_str:0000000000002450 .LASF15
C:\Users\stapi\AppData\Local\Temp\ccMWWdfb.s:8561   .debug_str:0000000000001bc9 .LASF16
C:\Users\stapi\AppData\Local\Temp\ccMWWdfb.s:8315   .debug_str:0000000000001342 .LASF17
C:\Users\stapi\AppData\Local\Temp\ccMWWdfb.s:8131   .debug_str:0000000000000e01 .LASF18
C:\Users\stapi\AppData\Local\Temp\ccMWWdfb.s:7717   .debug_str:0000000000000251 .LASF19
C:\Users\stapi\AppData\Local\Temp\ccMWWdfb.s:7791   .debug_str:000000000000046f .LASF20
C:\Users\stapi\AppData\Local\Temp\ccMWWdfb.s:8505   .debug_str:0000000000001a42 .LASF21
C:\Users\stapi\AppData\Local\Temp\ccMWWdfb.s:8023   .debug_str:0000000000000b14 .LASF22
C:\Users\stapi\AppData\Local\Temp\ccMWWdfb.s:7681   .debug_str:000000000000013a .LASF23
C:\Users\stapi\AppData\Local\Temp\ccMWWdfb.s:9039   .debug_str:00000000000029bb .LASF24
C:\Users\stapi\AppData\Local\Temp\ccMWWdfb.s:8767   .debug_str:0000000000002270 .LASF25
C:\Users\stapi\AppData\Local\Temp\ccMWWdfb.s:8443   .debug_str:0000000000001792 .LASF26
C:\Users\stapi\AppData\Local\Temp\ccMWWdfb.s:8071   .debug_str:0000000000000c4c .LASF27
C:\Users\stapi\AppData\Local\Temp\ccMWWdfb.s:8985   .debug_str:0000000000002850 .LASF28
C:\Users\stapi\AppData\Local\Temp\ccMWWdfb.s:8931   .debug_str:00000000000026bd .LASF29
C:\Users\stapi\AppData\Local\Temp\ccMWWdfb.s:8401   .debug_str:000000000000163d .LASF30
C:\Users\stapi\AppData\Local\Temp\ccMWWdfb.s:8737   .debug_str:00000000000021bc .LASF31
C:\Users\stapi\AppData\Local\Temp\ccMWWdfb.s:8663   .debug_str:0000000000001f66 .LASF32
C:\Users\stapi\AppData\Local\Temp\ccMWWdfb.s:7801   .debug_str:00000000000004b5 .LASF33
C:\Users\stapi\AppData\Local\Temp\ccMWWdfb.s:7647   .debug_str:0000000000000041 .LASF34
C:\Users\stapi\AppData\Local\Temp\ccMWWdfb.s:7943   .debug_str:00000000000008f6 .LASF35
C:\Users\stapi\AppData\Local\Temp\ccMWWdfb.s:8157   .debug_str:0000000000000eb2 .LASF36
C:\Users\stapi\AppData\Local\Temp\ccMWWdfb.s:8143   .debug_str:0000000000000e57 .LASF37
C:\Users\stapi\AppData\Local\Temp\ccMWWdfb.s:8631   .debug_str:0000000000001e7d .LASF38
C:\Users\stapi\AppData\Local\Temp\ccMWWdfb.s:8029   .debug_str:0000000000000b2c .LASF39
C:\Users\stapi\AppData\Local\Temp\ccMWWdfb.s:8233   .debug_str:0000000000001109 .LASF40
C:\Users\stapi\AppData\Local\Temp\ccMWWdfb.s:8675   .debug_str:0000000000001fb8 .LASF41
C:\Users\stapi\AppData\Local\Temp\ccMWWdfb.s:8951   .debug_str:0000000000002745 .LASF54
C:\Users\stapi\AppData\Local\Temp\ccMWWdfb.s:8581   .debug_str:0000000000001c5d .LASF42
C:\Users\stapi\AppData\Local\Temp\ccMWWdfb.s:7867   .debug_str:000000000000068a .LASF43
C:\Users\stapi\AppData\Local\Temp\ccMWWdfb.s:7921   .debug_str:0000000000000841 .LASF44
C:\Users\stapi\AppData\Local\Temp\ccMWWdfb.s:8013   .debug_str:0000000000000ae1 .LASF45
C:\Users\stapi\AppData\Local\Temp\ccMWWdfb.s:7697   .debug_str:00000000000001b7 .LASF49
C:\Users\stapi\AppData\Local\Temp\ccMWWdfb.s:8995   .debug_str:00000000000028a1 .LASF46
C:\Users\stapi\AppData\Local\Temp\ccMWWdfb.s:9011   .debug_str:0000000000002902 .LASF47
C:\Users\stapi\AppData\Local\Temp\ccMWWdfb.s:9051   .debug_str:0000000000002a0e .LASF48
C:\Users\stapi\AppData\Local\Temp\ccMWWdfb.s:9017   .debug_str:0000000000002928 .LASF50
C:\Users\stapi\AppData\Local\Temp\ccMWWdfb.s:8103   .debug_str:0000000000000d50 .LASF51
C:\Users\stapi\AppData\Local\Temp\ccMWWdfb.s:8997   .debug_str:00000000000028a6 .LASF52
C:\Users\stapi\AppData\Local\Temp\ccMWWdfb.s:9093   .debug_str:0000000000002b10 .LASF53
C:\Users\stapi\AppData\Local\Temp\ccMWWdfb.s:8357   .debug_str:00000000000014ef .LASF55
C:\Users\stapi\AppData\Local\Temp\ccMWWdfb.s:8617   .debug_str:0000000000001e26 .LASF56
C:\Users\stapi\AppData\Local\Temp\ccMWWdfb.s:7919   .debug_str:0000000000000835 .LASF57
C:\Users\stapi\AppData\Local\Temp\ccMWWdfb.s:7923   .debug_str:0000000000000862 .LASF58
C:\Users\stapi\AppData\Local\Temp\ccMWWdfb.s:8067   .debug_str:0000000000000c33 .LASF59
C:\Users\stapi\AppData\Local\Temp\ccMWWdfb.s:8905   .debug_str:0000000000002618 .LASF60
C:\Users\stapi\AppData\Local\Temp\ccMWWdfb.s:7961   .debug_str:0000000000000987 .LASF61
C:\Users\stapi\AppData\Local\Temp\ccMWWdfb.s:7739   .debug_str:00000000000002f0 .LASF62
C:\Users\stapi\AppData\Local\Temp\ccMWWdfb.s:8003   .debug_str:0000000000000a9e .LASF63
C:\Users\stapi\AppData\Local\Temp\ccMWWdfb.s:8241   .debug_str:0000000000001136 .LASF64
C:\Users\stapi\AppData\Local\Temp\ccMWWdfb.s:8171   .debug_str:0000000000000f31 .LASF65
C:\Users\stapi\AppData\Local\Temp\ccMWWdfb.s:9059   .debug_str:0000000000002a30 .LASF66
C:\Users\stapi\AppData\Local\Temp\ccMWWdfb.s:7789   .debug_str:000000000000045a .LASF67
C:\Users\stapi\AppData\Local\Temp\ccMWWdfb.s:7665   .debug_str:00000000000000cd .LASF68
C:\Users\stapi\AppData\Local\Temp\ccMWWdfb.s:9053   .debug_str:0000000000002a13 .LASF69
C:\Users\stapi\AppData\Local\Temp\ccMWWdfb.s:9015   .debug_str:000000000000290f .LASF70
C:\Users\stapi\AppData\Local\Temp\ccMWWdfb.s:8725   .debug_str:000000000000214c .LASF71
C:\Users\stapi\AppData\Local\Temp\ccMWWdfb.s:8203   .debug_str:0000000000001024 .LASF72
C:\Users\stapi\AppData\Local\Temp\ccMWWdfb.s:7889   .debug_str:0000000000000739 .LASF73
C:\Users\stapi\AppData\Local\Temp\ccMWWdfb.s:8601   .debug_str:0000000000001d99 .LASF74
C:\Users\stapi\AppData\Local\Temp\ccMWWdfb.s:8603   .debug_str:0000000000001db1 .LASF75
C:\Users\stapi\AppData\Local\Temp\ccMWWdfb.s:8599   .debug_str:0000000000001d81 .LASF76
C:\Users\stapi\AppData\Local\Temp\ccMWWdfb.s:8953   .debug_str:000000000000276b .LASF77
C:\Users\stapi\AppData\Local\Temp\ccMWWdfb.s:8375   .debug_str:0000000000001560 .LASF78
C:\Users\stapi\AppData\Local\Temp\ccMWWdfb.s:8391   .debug_str:00000000000015df .LASF79
C:\Users\stapi\AppData\Local\Temp\ccMWWdfb.s:9067   .debug_str:0000000000002a67 .LASF80
C:\Users\stapi\AppData\Local\Temp\ccMWWdfb.s:8527   .debug_str:0000000000001ad7 .LASF81
C:\Users\stapi\AppData\Local\Temp\ccMWWdfb.s:8457   .debug_str:00000000000017f5 .LASF82
C:\Users\stapi\AppData\Local\Temp\ccMWWdfb.s:8389   .debug_str:00000000000015d0 .LASF83
C:\Users\stapi\AppData\Local\Temp\ccMWWdfb.s:8485   .debug_str:00000000000018b6 .LASF84
C:\Users\stapi\AppData\Local\Temp\ccMWWdfb.s:8307   .debug_str:0000000000001311 .LASF85
C:\Users\stapi\AppData\Local\Temp\ccMWWdfb.s:8081   .debug_str:0000000000000c94 .LASF86
C:\Users\stapi\AppData\Local\Temp\ccMWWdfb.s:8717   .debug_str:0000000000002115 .LASF87
C:\Users\stapi\AppData\Local\Temp\ccMWWdfb.s:7891   .debug_str:0000000000000749 .LASF88
C:\Users\stapi\AppData\Local\Temp\ccMWWdfb.s:8705   .debug_str:00000000000020b4 .LASF89
C:\Users\stapi\AppData\Local\Temp\ccMWWdfb.s:8269   .debug_str:00000000000011fd .LASF90
C:\Users\stapi\AppData\Local\Temp\ccMWWdfb.s:8085   .debug_str:0000000000000cb5 .LASF91
C:\Users\stapi\AppData\Local\Temp\ccMWWdfb.s:8841   .debug_str:0000000000002467 .LASF92
C:\Users\stapi\AppData\Local\Temp\ccMWWdfb.s:8897   .debug_str:00000000000025d7 .LASF93
C:\Users\stapi\AppData\Local\Temp\ccMWWdfb.s:9025   .debug_str:0000000000002956 .LASF94
C:\Users\stapi\AppData\Local\Temp\ccMWWdfb.s:8261   .debug_str:00000000000011bd .LASF95
C:\Users\stapi\AppData\Local\Temp\ccMWWdfb.s:8513   .debug_str:0000000000001a80 .LASF96
C:\Users\stapi\AppData\Local\Temp\ccMWWdfb.s:7785   .debug_str:0000000000000434 .LASF97
C:\Users\stapi\AppData\Local\Temp\ccMWWdfb.s:8703   .debug_str:00000000000020a4 .LASF98
C:\Users\stapi\AppData\Local\Temp\ccMWWdfb.s:8979   .debug_str:0000000000002833 .LASF99
C:\Users\stapi\AppData\Local\Temp\ccMWWdfb.s:7639   .debug_str:000000000000000c .LASF100
C:\Users\stapi\AppData\Local\Temp\ccMWWdfb.s:8417   .debug_str:00000000000016a2 .LASF101
C:\Users\stapi\AppData\Local\Temp\ccMWWdfb.s:8313   .debug_str:0000000000001339 .LASF102
C:\Users\stapi\AppData\Local\Temp\ccMWWdfb.s:8843   .debug_str:0000000000002475 .LASF103
C:\Users\stapi\AppData\Local\Temp\ccMWWdfb.s:8447   .debug_str:00000000000017ad .LASF104
C:\Users\stapi\AppData\Local\Temp\ccMWWdfb.s:8645   .debug_str:0000000000001efa .LASF105
C:\Users\stapi\AppData\Local\Temp\ccMWWdfb.s:8709   .debug_str:00000000000020d5 .LASF106
C:\Users\stapi\AppData\Local\Temp\ccMWWdfb.s:7975   .debug_str:00000000000009f3 .LASF107
C:\Users\stapi\AppData\Local\Temp\ccMWWdfb.s:8075   .debug_str:0000000000000c6d .LASF108
C:\Users\stapi\AppData\Local\Temp\ccMWWdfb.s:7863   .debug_str:000000000000065f .LASF109
C:\Users\stapi\AppData\Local\Temp\ccMWWdfb.s:7799   .debug_str:00000000000004a6 .LASF110
C:\Users\stapi\AppData\Local\Temp\ccMWWdfb.s:7941   .debug_str:00000000000008e1 .LASF111
C:\Users\stapi\AppData\Local\Temp\ccMWWdfb.s:7853   .debug_str:0000000000000606 .LASF112
C:\Users\stapi\AppData\Local\Temp\ccMWWdfb.s:7905   .debug_str:00000000000007cc .LASF113
C:\Users\stapi\AppData\Local\Temp\ccMWWdfb.s:8587   .debug_str:0000000000001c9b .LASF114
C:\Users\stapi\AppData\Local\Temp\ccMWWdfb.s:8537   .debug_str:0000000000001b2c .LASF115
C:\Users\stapi\AppData\Local\Temp\ccMWWdfb.s:8319   .debug_str:0000000000001353 .LASF116
C:\Users\stapi\AppData\Local\Temp\ccMWWdfb.s:8479   .debug_str:0000000000001883 .LASF117
C:\Users\stapi\AppData\Local\Temp\ccMWWdfb.s:7909   .debug_str:00000000000007e6 .LASF118
C:\Users\stapi\AppData\Local\Temp\ccMWWdfb.s:8989   .debug_str:0000000000002864 .LASF119
C:\Users\stapi\AppData\Local\Temp\ccMWWdfb.s:8707   .debug_str:00000000000020c3 .LASF120
C:\Users\stapi\AppData\Local\Temp\ccMWWdfb.s:7893   .debug_str:0000000000000759 .LASF121
C:\Users\stapi\AppData\Local\Temp\ccMWWdfb.s:8957   .debug_str:000000000000278e .LASF122
C:\Users\stapi\AppData\Local\Temp\ccMWWdfb.s:8189   .debug_str:0000000000000fb1 .LASF123
C:\Users\stapi\AppData\Local\Temp\ccMWWdfb.s:8739   .debug_str:00000000000021cb .LASF124
C:\Users\stapi\AppData\Local\Temp\ccMWWdfb.s:8849   .debug_str:00000000000024a1 .LASF125
C:\Users\stapi\AppData\Local\Temp\ccMWWdfb.s:7705   .debug_str:00000000000001ee .LASF126
C:\Users\stapi\AppData\Local\Temp\ccMWWdfb.s:8113   .debug_str:0000000000000d83 .LASF127
C:\Users\stapi\AppData\Local\Temp\ccMWWdfb.s:8855   .debug_str:00000000000024d6 .LASF128
C:\Users\stapi\AppData\Local\Temp\ccMWWdfb.s:8731   .debug_str:0000000000002181 .LASF129
C:\Users\stapi\AppData\Local\Temp\ccMWWdfb.s:8809   .debug_str:000000000000236f .LASF130
C:\Users\stapi\AppData\Local\Temp\ccMWWdfb.s:7813   .debug_str:00000000000004fd .LASF131
C:\Users\stapi\AppData\Local\Temp\ccMWWdfb.s:8045   .debug_str:0000000000000b7f .LASF132
C:\Users\stapi\AppData\Local\Temp\ccMWWdfb.s:8287   .debug_str:0000000000001274 .LASF133
C:\Users\stapi\AppData\Local\Temp\ccMWWdfb.s:8399   .debug_str:0000000000001627 .LASF134
C:\Users\stapi\AppData\Local\Temp\ccMWWdfb.s:7851   .debug_str:00000000000005ff .LASF135
C:\Users\stapi\AppData\Local\Temp\ccMWWdfb.s:8039   .debug_str:0000000000000b5c .LASF136
C:\Users\stapi\AppData\Local\Temp\ccMWWdfb.s:8041   .debug_str:0000000000000b66 .LASF137
C:\Users\stapi\AppData\Local\Temp\ccMWWdfb.s:8483   .debug_str:00000000000018ac .LASF138
C:\Users\stapi\AppData\Local\Temp\ccMWWdfb.s:9071   .debug_str:0000000000002a7a .LASF139
C:\Users\stapi\AppData\Local\Temp\ccMWWdfb.s:7669   .debug_str:00000000000000f0 .LASF140
C:\Users\stapi\AppData\Local\Temp\ccMWWdfb.s:7685   .debug_str:000000000000014d .LASF141
C:\Users\stapi\AppData\Local\Temp\ccMWWdfb.s:8413   .debug_str:0000000000001682 .LASF142
C:\Users\stapi\AppData\Local\Temp\ccMWWdfb.s:8637   .debug_str:0000000000001eb4 .LASF143
C:\Users\stapi\AppData\Local\Temp\ccMWWdfb.s:8553   .debug_str:0000000000001ba0 .LASF144
C:\Users\stapi\AppData\Local\Temp\ccMWWdfb.s:7873   .debug_str:00000000000006be .LASF145
C:\Users\stapi\AppData\Local\Temp\ccMWWdfb.s:7769   .debug_str:00000000000003c4 .LASF146
C:\Users\stapi\AppData\Local\Temp\ccMWWdfb.s:7797   .debug_str:0000000000000497 .LASF147
C:\Users\stapi\AppData\Local\Temp\ccMWWdfb.s:8813   .debug_str:000000000000238c .LASF148
C:\Users\stapi\AppData\Local\Temp\ccMWWdfb.s:8815   .debug_str:000000000000239d .LASF149
C:\Users\stapi\AppData\Local\Temp\ccMWWdfb.s:7907   .debug_str:00000000000007de .LASF150
C:\Users\stapi\AppData\Local\Temp\ccMWWdfb.s:7725   .debug_str:000000000000027f .LASF151
C:\Users\stapi\AppData\Local\Temp\ccMWWdfb.s:9083   .debug_str:0000000000002acc .LASF152
C:\Users\stapi\AppData\Local\Temp\ccMWWdfb.s:8969   .debug_str:00000000000027ec .LASF153
C:\Users\stapi\AppData\Local\Temp\ccMWWdfb.s:8137   .debug_str:0000000000000e31 .LASF154
C:\Users\stapi\AppData\Local\Temp\ccMWWdfb.s:7947   .debug_str:0000000000000917 .LASF155
C:\Users\stapi\AppData\Local\Temp\ccMWWdfb.s:7721   .debug_str:0000000000000265 .LASF156
C:\Users\stapi\AppData\Local\Temp\ccMWWdfb.s:8865   .debug_str:0000000000002504 .LASF157
C:\Users\stapi\AppData\Local\Temp\ccMWWdfb.s:8531   .debug_str:0000000000001afa .LASF158
C:\Users\stapi\AppData\Local\Temp\ccMWWdfb.s:8559   .debug_str:0000000000001bc4 .LASF159
C:\Users\stapi\AppData\Local\Temp\ccMWWdfb.s:7845   .debug_str:00000000000005e7 .LASF160
C:\Users\stapi\AppData\Local\Temp\ccMWWdfb.s:8321   .debug_str:0000000000001368 .LASF161
C:\Users\stapi\AppData\Local\Temp\ccMWWdfb.s:8109   .debug_str:0000000000000d6f .LASF162
C:\Users\stapi\AppData\Local\Temp\ccMWWdfb.s:8455   .debug_str:00000000000017e8 .LASF163
C:\Users\stapi\AppData\Local\Temp\ccMWWdfb.s:7819   .debug_str:000000000000052f .LASF164
C:\Users\stapi\AppData\Local\Temp\ccMWWdfb.s:8227   .debug_str:00000000000010e0 .LASF165
C:\Users\stapi\AppData\Local\Temp\ccMWWdfb.s:8037   .debug_str:0000000000000b51 .LASF166
C:\Users\stapi\AppData\Local\Temp\ccMWWdfb.s:8511   .debug_str:0000000000001a70 .LASF167
C:\Users\stapi\AppData\Local\Temp\ccMWWdfb.s:8835   .debug_str:0000000000002436 .LASF168
C:\Users\stapi\AppData\Local\Temp\ccMWWdfb.s:8273   .debug_str:0000000000001216 .LASF169
C:\Users\stapi\AppData\Local\Temp\ccMWWdfb.s:8937   .debug_str:00000000000026e9 .LASF170
C:\Users\stapi\AppData\Local\Temp\ccMWWdfb.s:8803   .debug_str:000000000000234c .LASF171
C:\Users\stapi\AppData\Local\Temp\ccMWWdfb.s:7727   .debug_str:0000000000000284 .LASF172
C:\Users\stapi\AppData\Local\Temp\ccMWWdfb.s:8759   .debug_str:000000000000224d .LASF173
C:\Users\stapi\AppData\Local\Temp\ccMWWdfb.s:7765   .debug_str:00000000000003ae .LASF174
C:\Users\stapi\AppData\Local\Temp\ccMWWdfb.s:8493   .debug_str:00000000000019e5 .LASF175
C:\Users\stapi\AppData\Local\Temp\ccMWWdfb.s:8349   .debug_str:000000000000149d .LASF176
C:\Users\stapi\AppData\Local\Temp\ccMWWdfb.s:8217   .debug_str:0000000000001094 .LASF177
C:\Users\stapi\AppData\Local\Temp\ccMWWdfb.s:7827   .debug_str:000000000000056a .LASF178
C:\Users\stapi\AppData\Local\Temp\ccMWWdfb.s:8507   .debug_str:0000000000001a4b .LASF179
C:\Users\stapi\AppData\Local\Temp\ccMWWdfb.s:7903   .debug_str:00000000000007b9 .LASF180
C:\Users\stapi\AppData\Local\Temp\ccMWWdfb.s:8087   .debug_str:0000000000000cc8 .LASF181
C:\Users\stapi\AppData\Local\Temp\ccMWWdfb.s:8901   .debug_str:00000000000025f8 .LASF182
C:\Users\stapi\AppData\Local\Temp\ccMWWdfb.s:8763   .debug_str:000000000000225a .LASF183
C:\Users\stapi\AppData\Local\Temp\ccMWWdfb.s:8959   .debug_str:00000000000027a3 .LASF184
C:\Users\stapi\AppData\Local\Temp\ccMWWdfb.s:7933   .debug_str:00000000000008a8 .LASF185
C:\Users\stapi\AppData\Local\Temp\ccMWWdfb.s:8213   .debug_str:000000000000107f .LASF186
C:\Users\stapi\AppData\Local\Temp\ccMWWdfb.s:8405   .debug_str:000000000000165b .LASF187
C:\Users\stapi\AppData\Local\Temp\ccMWWdfb.s:8577   .debug_str:0000000000001c42 .LASF188
C:\Users\stapi\AppData\Local\Temp\ccMWWdfb.s:7871   .debug_str:00000000000006b5 .LASF189
C:\Users\stapi\AppData\Local\Temp\ccMWWdfb.s:7781   .debug_str:000000000000041b .LASF190
C:\Users\stapi\AppData\Local\Temp\ccMWWdfb.s:7887   .debug_str:000000000000072f .LASF191
C:\Users\stapi\AppData\Local\Temp\ccMWWdfb.s:8055   .debug_str:0000000000000bce .LASF192
C:\Users\stapi\AppData\Local\Temp\ccMWWdfb.s:8371   .debug_str:0000000000001549 .LASF193
C:\Users\stapi\AppData\Local\Temp\ccMWWdfb.s:8247   .debug_str:000000000000116e .LASF194
C:\Users\stapi\AppData\Local\Temp\ccMWWdfb.s:7939   .debug_str:00000000000008d4 .LASF195
C:\Users\stapi\AppData\Local\Temp\ccMWWdfb.s:8925   .debug_str:00000000000026a3 .LASF196
C:\Users\stapi\AppData\Local\Temp\ccMWWdfb.s:7901   .debug_str:00000000000007ae .LASF197
C:\Users\stapi\AppData\Local\Temp\ccMWWdfb.s:7979   .debug_str:0000000000000a0e .LASF198
C:\Users\stapi\AppData\Local\Temp\ccMWWdfb.s:7805   .debug_str:00000000000004c8 .LASF199
C:\Users\stapi\AppData\Local\Temp\ccMWWdfb.s:8983   .debug_str:000000000000284a .LASF200
C:\Users\stapi\AppData\Local\Temp\ccMWWdfb.s:8303   .debug_str:00000000000012fa .LASF201
C:\Users\stapi\AppData\Local\Temp\ccMWWdfb.s:8621   .debug_str:0000000000001e48 .LASF202
C:\Users\stapi\AppData\Local\Temp\ccMWWdfb.s:9089   .debug_str:0000000000002aeb .LASF203
C:\Users\stapi\AppData\Local\Temp\ccMWWdfb.s:7953   .debug_str:000000000000094e .LASF204
C:\Users\stapi\AppData\Local\Temp\ccMWWdfb.s:8565   .debug_str:0000000000001be3 .LASF205
C:\Users\stapi\AppData\Local\Temp\ccMWWdfb.s:8415   .debug_str:0000000000001694 .LASF206
C:\Users\stapi\AppData\Local\Temp\ccMWWdfb.s:8305   .debug_str:0000000000001300 .LASF207
C:\Users\stapi\AppData\Local\Temp\ccMWWdfb.s:8877   .debug_str:0000000000002560 .LASF208
C:\Users\stapi\AppData\Local\Temp\ccMWWdfb.s:8009   .debug_str:0000000000000ac3 .LASF209
C:\Users\stapi\AppData\Local\Temp\ccMWWdfb.s:8047   .debug_str:0000000000000b9a .LASF210
C:\Users\stapi\AppData\Local\Temp\ccMWWdfb.s:7849   .debug_str:00000000000005fa .LASF211
C:\Users\stapi\AppData\Local\Temp\ccMWWdfb.s:8629   .debug_str:0000000000001e74 .LASF212
C:\Users\stapi\AppData\Local\Temp\ccMWWdfb.s:8125   .debug_str:0000000000000dd7 .LASF213
C:\Users\stapi\AppData\Local\Temp\ccMWWdfb.s:7671   .debug_str:00000000000000fb .LASF214
C:\Users\stapi\AppData\Local\Temp\ccMWWdfb.s:8847   .debug_str:0000000000002498 .LASF215
C:\Users\stapi\AppData\Local\Temp\ccMWWdfb.s:9029   .debug_str:0000000000002974 .LASF216
C:\Users\stapi\AppData\Local\Temp\ccMWWdfb.s:8837   .debug_str:0000000000002440 .LASF217
C:\Users\stapi\AppData\Local\Temp\ccMWWdfb.s:8523   .debug_str:0000000000001abe .LASF218
C:\Users\stapi\AppData\Local\Temp\ccMWWdfb.s:9049   .debug_str:0000000000002a03 .LASF219
C:\Users\stapi\AppData\Local\Temp\ccMWWdfb.s:8191   .debug_str:0000000000000fbf .LASF220
C:\Users\stapi\AppData\Local\Temp\ccMWWdfb.s:8463   .debug_str:0000000000001821 .LASF221
C:\Users\stapi\AppData\Local\Temp\ccMWWdfb.s:8279   .debug_str:0000000000001242 .LASF222
C:\Users\stapi\AppData\Local\Temp\ccMWWdfb.s:8347   .debug_str:0000000000001493 .LASF223
C:\Users\stapi\AppData\Local\Temp\ccMWWdfb.s:8325   .debug_str:0000000000001374 .LASF224
C:\Users\stapi\AppData\Local\Temp\ccMWWdfb.s:8229   .debug_str:00000000000010e7 .LASF225
C:\Users\stapi\AppData\Local\Temp\ccMWWdfb.s:8781   .debug_str:00000000000022c0 .LASF226
C:\Users\stapi\AppData\Local\Temp\ccMWWdfb.s:8915   .debug_str:0000000000002658 .LASF227
C:\Users\stapi\AppData\Local\Temp\ccMWWdfb.s:9031   .debug_str:000000000000298b .LASF228
C:\Users\stapi\AppData\Local\Temp\ccMWWdfb.s:7955   .debug_str:0000000000000958 .LASF229
C:\Users\stapi\AppData\Local\Temp\ccMWWdfb.s:7713   .debug_str:0000000000000239 .LASF230
C:\Users\stapi\AppData\Local\Temp\ccMWWdfb.s:8185   .debug_str:0000000000000f96 .LASF231
C:\Users\stapi\AppData\Local\Temp\ccMWWdfb.s:8187   .debug_str:0000000000000fa3 .LASF232
C:\Users\stapi\AppData\Local\Temp\ccMWWdfb.s:7995   .debug_str:0000000000000a6c .LASF233
C:\Users\stapi\AppData\Local\Temp\ccMWWdfb.s:7731   .debug_str:000000000000029f .LASF234
C:\Users\stapi\AppData\Local\Temp\ccMWWdfb.s:8473   .debug_str:000000000000185e .LASF235
C:\Users\stapi\AppData\Local\Temp\ccMWWdfb.s:8579   .debug_str:0000000000001c48 .LASF236
C:\Users\stapi\AppData\Local\Temp\ccMWWdfb.s:8095   .debug_str:0000000000000d10 .LASF237
C:\Users\stapi\AppData\Local\Temp\ccMWWdfb.s:7811   .debug_str:00000000000004f1 .LASF238
C:\Users\stapi\AppData\Local\Temp\ccMWWdfb.s:8057   .debug_str:0000000000000bda .LASF239
C:\Users\stapi\AppData\Local\Temp\ccMWWdfb.s:7777   .debug_str:00000000000003fc .LASF240
C:\Users\stapi\AppData\Local\Temp\ccMWWdfb.s:8787   .debug_str:00000000000022ef .LASF241
C:\Users\stapi\AppData\Local\Temp\ccMWWdfb.s:8535   .debug_str:0000000000001b1e .LASF242
C:\Users\stapi\AppData\Local\Temp\ccMWWdfb.s:8063   .debug_str:0000000000000c0c .LASF243
C:\Users\stapi\AppData\Local\Temp\ccMWWdfb.s:8547   .debug_str:0000000000001b6d .LASF244
C:\Users\stapi\AppData\Local\Temp\ccMWWdfb.s:8541   .debug_str:0000000000001b4a .LASF245
C:\Users\stapi\AppData\Local\Temp\ccMWWdfb.s:7743   .debug_str:0000000000000304 .LASF246
C:\Users\stapi\AppData\Local\Temp\ccMWWdfb.s:8573   .debug_str:0000000000001c19 .LASF247
C:\Users\stapi\AppData\Local\Temp\ccMWWdfb.s:8911   .debug_str:0000000000002648 .LASF248
C:\Users\stapi\AppData\Local\Temp\ccMWWdfb.s:9019   .debug_str:000000000000292f .LASF249
C:\Users\stapi\AppData\Local\Temp\ccMWWdfb.s:8147   .debug_str:0000000000000e77 .LASF250
C:\Users\stapi\AppData\Local\Temp\ccMWWdfb.s:8445   .debug_str:000000000000179f .LASF251
C:\Users\stapi\AppData\Local\Temp\ccMWWdfb.s:9081   .debug_str:0000000000002ab9 .LASF252
C:\Users\stapi\AppData\Local\Temp\ccMWWdfb.s:7759   .debug_str:0000000000000388 .LASF253
C:\Users\stapi\AppData\Local\Temp\ccMWWdfb.s:9063   .debug_str:0000000000002a52 .LASF254
C:\Users\stapi\AppData\Local\Temp\ccMWWdfb.s:8129   .debug_str:0000000000000df8 .LASF255
C:\Users\stapi\AppData\Local\Temp\ccMWWdfb.s:8583   .debug_str:0000000000001c7f .LASF256
C:\Users\stapi\AppData\Local\Temp\ccMWWdfb.s:7809   .debug_str:00000000000004e3 .LASF257
C:\Users\stapi\AppData\Local\Temp\ccMWWdfb.s:7917   .debug_str:0000000000000824 .LASF258
C:\Users\stapi\AppData\Local\Temp\ccMWWdfb.s:8883   .debug_str:000000000000258d .LASF259
C:\Users\stapi\AppData\Local\Temp\ccMWWdfb.s:8251   .debug_str:000000000000117f .LASF260
C:\Users\stapi\AppData\Local\Temp\ccMWWdfb.s:8771   .debug_str:0000000000002289 .LASF261
C:\Users\stapi\AppData\Local\Temp\ccMWWdfb.s:8441   .debug_str:000000000000177f .LASF262
C:\Users\stapi\AppData\Local\Temp\ccMWWdfb.s:8069   .debug_str:0000000000000c40 .LASF263
C:\Users\stapi\AppData\Local\Temp\ccMWWdfb.s:8699   .debug_str:0000000000002083 .LASF264
C:\Users\stapi\AppData\Local\Temp\ccMWWdfb.s:8921   .debug_str:0000000000002689 .LASF265
C:\Users\stapi\AppData\Local\Temp\ccMWWdfb.s:8923   .debug_str:0000000000002696 .LASF266
C:\Users\stapi\AppData\Local\Temp\ccMWWdfb.s:8955   .debug_str:0000000000002784 .LASF267
C:\Users\stapi\AppData\Local\Temp\ccMWWdfb.s:8499   .debug_str:0000000000001a17 .LASF268
C:\Users\stapi\AppData\Local\Temp\ccMWWdfb.s:7653   .debug_str:000000000000006f .LASF269
C:\Users\stapi\AppData\Local\Temp\ccMWWdfb.s:8151   .debug_str:0000000000000e8d .LASF270
C:\Users\stapi\AppData\Local\Temp\ccMWWdfb.s:8015   .debug_str:0000000000000aeb .LASF271
C:\Users\stapi\AppData\Local\Temp\ccMWWdfb.s:8107   .debug_str:0000000000000d65 .LASF272
C:\Users\stapi\AppData\Local\Temp\ccMWWdfb.s:8727   .debug_str:000000000000216b .LASF273
C:\Users\stapi\AppData\Local\Temp\ccMWWdfb.s:7817   .debug_str:0000000000000523 .LASF274
C:\Users\stapi\AppData\Local\Temp\ccMWWdfb.s:8991   .debug_str:0000000000002878 .LASF275
C:\Users\stapi\AppData\Local\Temp\ccMWWdfb.s:7963   .debug_str:0000000000000994 .LASF276
C:\Users\stapi\AppData\Local\Temp\ccMWWdfb.s:8735   .debug_str:00000000000021a0 .LASF277
C:\Users\stapi\AppData\Local\Temp\ccMWWdfb.s:8825   .debug_str:00000000000023e5 .LASF278
C:\Users\stapi\AppData\Local\Temp\ccMWWdfb.s:7899   .debug_str:00000000000007a4 .LASF279
C:\Users\stapi\AppData\Local\Temp\ccMWWdfb.s:8139   .debug_str:0000000000000e3b .LASF280
C:\Users\stapi\AppData\Local\Temp\ccMWWdfb.s:8239   .debug_str:000000000000112f .LASF281
C:\Users\stapi\AppData\Local\Temp\ccMWWdfb.s:8807   .debug_str:0000000000002364 .LASF282
C:\Users\stapi\AppData\Local\Temp\ccMWWdfb.s:8797   .debug_str:0000000000002329 .LASF283
C:\Users\stapi\AppData\Local\Temp\ccMWWdfb.s:7823   .debug_str:0000000000000549 .LASF284
C:\Users\stapi\AppData\Local\Temp\ccMWWdfb.s:8755   .debug_str:0000000000002236 .LASF285
C:\Users\stapi\AppData\Local\Temp\ccMWWdfb.s:8521   .debug_str:0000000000001aad .LASF286
C:\Users\stapi\AppData\Local\Temp\ccMWWdfb.s:8077   .debug_str:0000000000000c7f .LASF287
C:\Users\stapi\AppData\Local\Temp\ccMWWdfb.s:7807   .debug_str:00000000000004cd .LASF288
C:\Users\stapi\AppData\Local\Temp\ccMWWdfb.s:8195   .debug_str:0000000000000fdf .LASF289
C:\Users\stapi\AppData\Local\Temp\ccMWWdfb.s:7771   .debug_str:00000000000003ca .LASF290
C:\Users\stapi\AppData\Local\Temp\ccMWWdfb.s:7835   .debug_str:000000000000059b .LASF291
C:\Users\stapi\AppData\Local\Temp\ccMWWdfb.s:8275   .debug_str:0000000000001226 .LASF292
C:\Users\stapi\AppData\Local\Temp\ccMWWdfb.s:8257   .debug_str:00000000000011a1 .LASF293
C:\Users\stapi\AppData\Local\Temp\ccMWWdfb.s:8297   .debug_str:00000000000012cd .LASF294
C:\Users\stapi\AppData\Local\Temp\ccMWWdfb.s:7719   .debug_str:000000000000025a .LASF295
C:\Users\stapi\AppData\Local\Temp\ccMWWdfb.s:8235   .debug_str:0000000000001118 .LASF296
C:\Users\stapi\AppData\Local\Temp\ccMWWdfb.s:8519   .debug_str:0000000000001aa1 .LASF297
C:\Users\stapi\AppData\Local\Temp\ccMWWdfb.s:8563   .debug_str:0000000000001bce .LASF298
C:\Users\stapi\AppData\Local\Temp\ccMWWdfb.s:8701   .debug_str:000000000000208e .LASF299
C:\Users\stapi\AppData\Local\Temp\ccMWWdfb.s:8615   .debug_str:0000000000001e1d .LASF300
C:\Users\stapi\AppData\Local\Temp\ccMWWdfb.s:8027   .debug_str:0000000000000b27 .LASF301
C:\Users\stapi\AppData\Local\Temp\ccMWWdfb.s:8327   .debug_str:0000000000001382 .LASF302
C:\Users\stapi\AppData\Local\Temp\ccMWWdfb.s:9023   .debug_str:0000000000002946 .LASF303
C:\Users\stapi\AppData\Local\Temp\ccMWWdfb.s:8875   .debug_str:000000000000254e .LASF304
C:\Users\stapi\AppData\Local\Temp\ccMWWdfb.s:9043   .debug_str:00000000000029d1 .LASF305
C:\Users\stapi\AppData\Local\Temp\ccMWWdfb.s:8145   .debug_str:0000000000000e68 .LASF306
C:\Users\stapi\AppData\Local\Temp\ccMWWdfb.s:7729   .debug_str:000000000000028c .LASF307
C:\Users\stapi\AppData\Local\Temp\ccMWWdfb.s:8155   .debug_str:0000000000000e9c .LASF308
C:\Users\stapi\AppData\Local\Temp\ccMWWdfb.s:8909   .debug_str:000000000000263b .LASF309
C:\Users\stapi\AppData\Local\Temp\ccMWWdfb.s:8567   .debug_str:0000000000001bea .LASF310
C:\Users\stapi\AppData\Local\Temp\ccMWWdfb.s:8215   .debug_str:000000000000108c .LASF311
C:\Users\stapi\AppData\Local\Temp\ccMWWdfb.s:9055   .debug_str:0000000000002a1f .LASF312
C:\Users\stapi\AppData\Local\Temp\ccMWWdfb.s:8939   .debug_str:00000000000026f6 .LASF313
C:\Users\stapi\AppData\Local\Temp\ccMWWdfb.s:8497   .debug_str:0000000000001a02 .LASF314
C:\Users\stapi\AppData\Local\Temp\ccMWWdfb.s:8451   .debug_str:00000000000017c3 .LASF315
C:\Users\stapi\AppData\Local\Temp\ccMWWdfb.s:8281   .debug_str:000000000000124c .LASF316
C:\Users\stapi\AppData\Local\Temp\ccMWWdfb.s:8335   .debug_str:000000000000143f .LASF317
C:\Users\stapi\AppData\Local\Temp\ccMWWdfb.s:8661   .debug_str:0000000000001f5c .LASF318
C:\Users\stapi\AppData\Local\Temp\ccMWWdfb.s:7911   .debug_str:00000000000007fd .LASF319
C:\Users\stapi\AppData\Local\Temp\ccMWWdfb.s:8721   .debug_str:0000000000002132 .LASF320
C:\Users\stapi\AppData\Local\Temp\ccMWWdfb.s:8899   .debug_str:00000000000025e5 .LASF321
C:\Users\stapi\AppData\Local\Temp\ccMWWdfb.s:8833   .debug_str:0000000000002427 .LASF322
C:\Users\stapi\AppData\Local\Temp\ccMWWdfb.s:8295   .debug_str:00000000000012b8 .LASF323
C:\Users\stapi\AppData\Local\Temp\ccMWWdfb.s:8775   .debug_str:000000000000229f .LASF324
C:\Users\stapi\AppData\Local\Temp\ccMWWdfb.s:9075   .debug_str:0000000000002a8e .LASF325
C:\Users\stapi\AppData\Local\Temp\ccMWWdfb.s:8503   .debug_str:0000000000001a3d .LASF326
C:\Users\stapi\AppData\Local\Temp\ccMWWdfb.s:7767   .debug_str:00000000000003bb .LASF327
C:\Users\stapi\AppData\Local\Temp\ccMWWdfb.s:8643   .debug_str:0000000000001eee .LASF328
C:\Users\stapi\AppData\Local\Temp\ccMWWdfb.s:8285   .debug_str:0000000000001268 .LASF329
C:\Users\stapi\AppData\Local\Temp\ccMWWdfb.s:8713   .debug_str:00000000000020f7 .LASF330
C:\Users\stapi\AppData\Local\Temp\ccMWWdfb.s:8179   .debug_str:0000000000000f6f .LASF331
C:\Users\stapi\AppData\Local\Temp\ccMWWdfb.s:7925   .debug_str:000000000000086f .LASF332
C:\Users\stapi\AppData\Local\Temp\ccMWWdfb.s:7821   .debug_str:000000000000053b .LASF333
C:\Users\stapi\AppData\Local\Temp\ccMWWdfb.s:7783   .debug_str:0000000000000423 .LASF334
C:\Users\stapi\AppData\Local\Temp\ccMWWdfb.s:8919   .debug_str:000000000000267c .LASF335
C:\Users\stapi\AppData\Local\Temp\ccMWWdfb.s:7733   .debug_str:00000000000002ad .LASF336
C:\Users\stapi\AppData\Local\Temp\ccMWWdfb.s:8317   .debug_str:0000000000001349 .LASF337
C:\Users\stapi\AppData\Local\Temp\ccMWWdfb.s:9085   .debug_str:0000000000002ad1 .LASF338
C:\Users\stapi\AppData\Local\Temp\ccMWWdfb.s:8963   .debug_str:00000000000027c2 .LASF339
C:\Users\stapi\AppData\Local\Temp\ccMWWdfb.s:7707   .debug_str:0000000000000204 .LASF340
C:\Users\stapi\AppData\Local\Temp\ccMWWdfb.s:8851   .debug_str:00000000000024ba .LASF341
C:\Users\stapi\AppData\Local\Temp\ccMWWdfb.s:8019   .debug_str:0000000000000b01 .LASF342
C:\Users\stapi\AppData\Local\Temp\ccMWWdfb.s:8651   .debug_str:0000000000001f23 .LASF343
C:\Users\stapi\AppData\Local\Temp\ccMWWdfb.s:7773   .debug_str:00000000000003db .LASF344
C:\Users\stapi\AppData\Local\Temp\ccMWWdfb.s:7831   .debug_str:0000000000000586 .LASF345
C:\Users\stapi\AppData\Local\Temp\ccMWWdfb.s:8199   .debug_str:0000000000000ff7 .LASF346
C:\Users\stapi\AppData\Local\Temp\ccMWWdfb.s:8633   .debug_str:0000000000001e88 .LASF347
C:\Users\stapi\AppData\Local\Temp\ccMWWdfb.s:8971   .debug_str:00000000000027fd .LASF348
C:\Users\stapi\AppData\Local\Temp\ccMWWdfb.s:7741   .debug_str:00000000000002fd .LASF349
C:\Users\stapi\AppData\Local\Temp\ccMWWdfb.s:7895   .debug_str:0000000000000773 .LASF350
C:\Users\stapi\AppData\Local\Temp\ccMWWdfb.s:8647   .debug_str:0000000000001f06 .LASF351
C:\Users\stapi\AppData\Local\Temp\ccMWWdfb.s:8343   .debug_str:0000000000001475 .LASF352
C:\Users\stapi\AppData\Local\Temp\ccMWWdfb.s:8653   .debug_str:0000000000001f2b .LASF353
C:\Users\stapi\AppData\Local\Temp\ccMWWdfb.s:8449   .debug_str:00000000000017be .LASF354
C:\Users\stapi\AppData\Local\Temp\ccMWWdfb.s:7999   .debug_str:0000000000000a86 .LASF355
C:\Users\stapi\AppData\Local\Temp\ccMWWdfb.s:7775   .debug_str:00000000000003e7 .LASF356
C:\Users\stapi\AppData\Local\Temp\ccMWWdfb.s:8543   .debug_str:0000000000001b53 .LASF357
C:\Users\stapi\AppData\Local\Temp\ccMWWdfb.s:8539   .debug_str:0000000000001b44 .LASF358
C:\Users\stapi\AppData\Local\Temp\ccMWWdfb.s:8551   .debug_str:0000000000001b94 .LASF359
C:\Users\stapi\AppData\Local\Temp\ccMWWdfb.s:8635   .debug_str:0000000000001e92 .LASF360
C:\Users\stapi\AppData\Local\Temp\ccMWWdfb.s:8355   .debug_str:00000000000014d1 .LASF361
C:\Users\stapi\AppData\Local\Temp\ccMWWdfb.s:7865   .debug_str:000000000000066c .LASF362
C:\Users\stapi\AppData\Local\Temp\ccMWWdfb.s:9005   .debug_str:00000000000028d1 .LASF363
C:\Users\stapi\AppData\Local\Temp\ccMWWdfb.s:8231   .debug_str:00000000000010ed .LASF364
C:\Users\stapi\AppData\Local\Temp\ccMWWdfb.s:8119   .debug_str:0000000000000daa .LASF365
C:\Users\stapi\AppData\Local\Temp\ccMWWdfb.s:8873   .debug_str:0000000000002539 .LASF366
C:\Users\stapi\AppData\Local\Temp\ccMWWdfb.s:8571   .debug_str:0000000000001c0c .LASF367
C:\Users\stapi\AppData\Local\Temp\ccMWWdfb.s:8679   .debug_str:0000000000001fcd .LASF368
C:\Users\stapi\AppData\Local\Temp\ccMWWdfb.s:8515   .debug_str:0000000000001a8f .LASF369
C:\Users\stapi\AppData\Local\Temp\ccMWWdfb.s:8435   .debug_str:0000000000001747 .LASF370
C:\Users\stapi\AppData\Local\Temp\ccMWWdfb.s:8657   .debug_str:0000000000001f40 .LASF371
C:\Users\stapi\AppData\Local\Temp\ccMWWdfb.s:8461   .debug_str:000000000000180f .LASF372
C:\Users\stapi\AppData\Local\Temp\ccMWWdfb.s:8611   .debug_str:0000000000001df3 .LASF373
C:\Users\stapi\AppData\Local\Temp\ccMWWdfb.s:8439   .debug_str:0000000000001763 .LASF374
C:\Users\stapi\AppData\Local\Temp\ccMWWdfb.s:8993   .debug_str:0000000000002881 .LASF375
C:\Users\stapi\AppData\Local\Temp\ccMWWdfb.s:8691   .debug_str:0000000000002017 .LASF376
C:\Users\stapi\AppData\Local\Temp\ccMWWdfb.s:8999   .debug_str:00000000000028ab .LASF377
C:\Users\stapi\AppData\Local\Temp\ccMWWdfb.s:8051   .debug_str:0000000000000bad .LASF378
C:\Users\stapi\AppData\Local\Temp\ccMWWdfb.s:8381   .debug_str:0000000000001592 .LASF379
C:\Users\stapi\AppData\Local\Temp\ccMWWdfb.s:7935   .debug_str:00000000000008ad .LASF380
C:\Users\stapi\AppData\Local\Temp\ccMWWdfb.s:7655   .debug_str:0000000000000078 .LASF381
C:\Users\stapi\AppData\Local\Temp\ccMWWdfb.s:8695   .debug_str:0000000000002044 .LASF382
C:\Users\stapi\AppData\Local\Temp\ccMWWdfb.s:8163   .debug_str:0000000000000edf .LASF383
C:\Users\stapi\AppData\Local\Temp\ccMWWdfb.s:8685   .debug_str:0000000000001ff4 .LASF384
C:\Users\stapi\AppData\Local\Temp\ccMWWdfb.s:8411   .debug_str:000000000000167d .LASF385
C:\Users\stapi\AppData\Local\Temp\ccMWWdfb.s:8161   .debug_str:0000000000000ed4 .LASF386
C:\Users\stapi\AppData\Local\Temp\ccMWWdfb.s:9091   .debug_str:0000000000002af6 .LASF387
C:\Users\stapi\AppData\Local\Temp\ccMWWdfb.s:8385   .debug_str:00000000000015bd .LASF388
C:\Users\stapi\AppData\Local\Temp\ccMWWdfb.s:9065   .debug_str:0000000000002a60 .LASF389
C:\Users\stapi\AppData\Local\Temp\ccMWWdfb.s:8299   .debug_str:00000000000012d8 .LASF390
C:\Users\stapi\AppData\Local\Temp\ccMWWdfb.s:8863   .debug_str:00000000000024fc .LASF391
C:\Users\stapi\AppData\Local\Temp\ccMWWdfb.s:9013   .debug_str:0000000000002907 .LASF392
C:\Users\stapi\AppData\Local\Temp\ccMWWdfb.s:7857   .debug_str:000000000000062e .LASF393
C:\Users\stapi\AppData\Local\Temp\ccMWWdfb.s:8017   .debug_str:0000000000000af2 .LASF394
C:\Users\stapi\AppData\Local\Temp\ccMWWdfb.s:7699   .debug_str:00000000000001c2 .LASF395
C:\Users\stapi\AppData\Local\Temp\ccMWWdfb.s:8469   .debug_str:0000000000001842 .LASF396
C:\Users\stapi\AppData\Local\Temp\ccMWWdfb.s:8395   .debug_str:00000000000015ff .LASF397
C:\Users\stapi\AppData\Local\Temp\ccMWWdfb.s:7703   .debug_str:00000000000001dc .LASF398
C:\Users\stapi\AppData\Local\Temp\ccMWWdfb.s:8569   .debug_str:0000000000001bfb .LASF399
C:\Users\stapi\AppData\Local\Temp\ccMWWdfb.s:8693   .debug_str:0000000000002032 .LASF400
C:\Users\stapi\AppData\Local\Temp\ccMWWdfb.s:8927   .debug_str:00000000000026a9 .LASF401
C:\Users\stapi\AppData\Local\Temp\ccMWWdfb.s:7711   .debug_str:000000000000022d .LASF402
C:\Users\stapi\AppData\Local\Temp\ccMWWdfb.s:8545   .debug_str:0000000000001b61 .LASF403
C:\Users\stapi\AppData\Local\Temp\ccMWWdfb.s:8209   .debug_str:0000000000001062 .LASF404
C:\Users\stapi\AppData\Local\Temp\ccMWWdfb.s:8459   .debug_str:0000000000001804 .LASF405
C:\Users\stapi\AppData\Local\Temp\ccMWWdfb.s:7747   .debug_str:0000000000000323 .LASF406
C:\Users\stapi\AppData\Local\Temp\ccMWWdfb.s:8871   .debug_str:0000000000002530 .LASF407
C:\Users\stapi\AppData\Local\Temp\ccMWWdfb.s:7877   .debug_str:00000000000006ec .LASF408
C:\Users\stapi\AppData\Local\Temp\ccMWWdfb.s:8021   .debug_str:0000000000000b0f .LASF409
C:\Users\stapi\AppData\Local\Temp\ccMWWdfb.s:7881   .debug_str:0000000000000709 .LASF410
C:\Users\stapi\AppData\Local\Temp\ccMWWdfb.s:7723   .debug_str:000000000000026e .LASF411
C:\Users\stapi\AppData\Local\Temp\ccMWWdfb.s:7897   .debug_str:0000000000000787 .LASF412
C:\Users\stapi\AppData\Local\Temp\ccMWWdfb.s:8165   .debug_str:0000000000000ee6 .LASF413
C:\Users\stapi\AppData\Local\Temp\ccMWWdfb.s:7795   .debug_str:0000000000000488 .LASF414
C:\Users\stapi\AppData\Local\Temp\ccMWWdfb.s:8829   .debug_str:0000000000002409 .LASF415
C:\Users\stapi\AppData\Local\Temp\ccMWWdfb.s:8965   .debug_str:00000000000027ca .LASF416
C:\Users\stapi\AppData\Local\Temp\ccMWWdfb.s:8201   .debug_str:0000000000001007 .LASF417
C:\Users\stapi\AppData\Local\Temp\ccMWWdfb.s:7661   .debug_str:0000000000000099 .LASF418
C:\Users\stapi\AppData\Local\Temp\ccMWWdfb.s:8467   .debug_str:000000000000182d .LASF419
C:\Users\stapi\AppData\Local\Temp\ccMWWdfb.s:8745   .debug_str:00000000000021f8 .LASF420
C:\Users\stapi\AppData\Local\Temp\ccMWWdfb.s:8917   .debug_str:0000000000002669 .LASF421
C:\Users\stapi\AppData\Local\Temp\ccMWWdfb.s:8221   .debug_str:00000000000010b3 .LASF422
C:\Users\stapi\AppData\Local\Temp\ccMWWdfb.s:8785   .debug_str:00000000000022db .LASF423
C:\Users\stapi\AppData\Local\Temp\ccMWWdfb.s:8159   .debug_str:0000000000000ec2 .LASF424
C:\Users\stapi\AppData\Local\Temp\ccMWWdfb.s:8135   .debug_str:0000000000000e18 .LASF425
C:\Users\stapi\AppData\Local\Temp\ccMWWdfb.s:8585   .debug_str:0000000000001c8d .LASF426
C:\Users\stapi\AppData\Local\Temp\ccMWWdfb.s:7931   .debug_str:0000000000000895 .LASF427
C:\Users\stapi\AppData\Local\Temp\ccMWWdfb.s:8253   .debug_str:0000000000001187 .LASF428
C:\Users\stapi\AppData\Local\Temp\ccMWWdfb.s:7971   .debug_str:00000000000009d9 .LASF429
C:\Users\stapi\AppData\Local\Temp\ccMWWdfb.s:8453   .debug_str:00000000000017dd .LASF430
C:\Users\stapi\AppData\Local\Temp\ccMWWdfb.s:8181   .debug_str:0000000000000f79 .LASF431
C:\Users\stapi\AppData\Local\Temp\ccMWWdfb.s:8575   .debug_str:0000000000001c30 .LASF432
C:\Users\stapi\AppData\Local\Temp\ccMWWdfb.s:9045   .debug_str:00000000000029e7 .LASF433
C:\Users\stapi\AppData\Local\Temp\ccMWWdfb.s:8293   .debug_str:00000000000012a1 .LASF434
C:\Users\stapi\AppData\Local\Temp\ccMWWdfb.s:9003   .debug_str:00000000000028c6 .LASF435
C:\Users\stapi\AppData\Local\Temp\ccMWWdfb.s:8033   .debug_str:0000000000000b3b .LASF436
C:\Users\stapi\AppData\Local\Temp\ccMWWdfb.s:8193   .debug_str:0000000000000fd6 .LASF437
C:\Users\stapi\AppData\Local\Temp\ccMWWdfb.s:8723   .debug_str:0000000000002143 .LASF438
C:\Users\stapi\AppData\Local\Temp\ccMWWdfb.s:8773   .debug_str:0000000000002294 .LASF439
C:\Users\stapi\AppData\Local\Temp\ccMWWdfb.s:7843   .debug_str:00000000000005dc .LASF440
C:\Users\stapi\AppData\Local\Temp\ccMWWdfb.s:8249   .debug_str:0000000000001173 .LASF441
C:\Users\stapi\AppData\Local\Temp\ccMWWdfb.s:8105   .debug_str:0000000000000d55 .LASF442
C:\Users\stapi\AppData\Local\Temp\ccMWWdfb.s:8975   .debug_str:000000000000281b .LASF443
C:\Users\stapi\AppData\Local\Temp\ccMWWdfb.s:8271   .debug_str:0000000000001208 .LASF444
C:\Users\stapi\AppData\Local\Temp\ccMWWdfb.s:8245   .debug_str:0000000000001160 .LASF445
C:\Users\stapi\AppData\Local\Temp\ccMWWdfb.s:7753   .debug_str:000000000000034f .LASF446
C:\Users\stapi\AppData\Local\Temp\ccMWWdfb.s:8805   .debug_str:0000000000002354 .LASF447
C:\Users\stapi\AppData\Local\Temp\ccMWWdfb.s:7859   .debug_str:0000000000000641 .LASF448
C:\Users\stapi\AppData\Local\Temp\ccMWWdfb.s:8373   .debug_str:0000000000001552 .LASF449
C:\Users\stapi\AppData\Local\Temp\ccMWWdfb.s:8525   .debug_str:0000000000001ac7 .LASF450
C:\Users\stapi\AppData\Local\Temp\ccMWWdfb.s:7847   .debug_str:00000000000005ec .LASF451
C:\Users\stapi\AppData\Local\Temp\ccMWWdfb.s:7751   .debug_str:0000000000000348 .LASF452
C:\Users\stapi\AppData\Local\Temp\ccMWWdfb.s:8609   .debug_str:0000000000001de9 .LASF453
C:\Users\stapi\AppData\Local\Temp\ccMWWdfb.s:8625   .debug_str:0000000000001e5f .LASF454
C:\Users\stapi\AppData\Local\Temp\ccMWWdfb.s:8913   .debug_str:0000000000002651 .LASF455
C:\Users\stapi\AppData\Local\Temp\ccMWWdfb.s:8861   .debug_str:00000000000024f5 .LASF456
C:\Users\stapi\AppData\Local\Temp\ccMWWdfb.s:8791   .debug_str:0000000000002306 .LASF457
C:\Users\stapi\AppData\Local\Temp\ccMWWdfb.s:7855   .debug_str:0000000000000623 .LASF458
C:\Users\stapi\AppData\Local\Temp\ccMWWdfb.s:8903   .debug_str:0000000000002601 .LASF459
C:\Users\stapi\AppData\Local\Temp\ccMWWdfb.s:8177   .debug_str:0000000000000f64 .LASF460
C:\Users\stapi\AppData\Local\Temp\ccMWWdfb.s:7673   .debug_str:0000000000000100 .LASF461
C:\Users\stapi\AppData\Local\Temp\ccMWWdfb.s:8001   .debug_str:0000000000000a8f .LASF462
C:\Users\stapi\AppData\Local\Temp\ccMWWdfb.s:8121   .debug_str:0000000000000dc0 .LASF463
C:\Users\stapi\AppData\Local\Temp\ccMWWdfb.s:8491   .debug_str:00000000000019d5 .LASF464
C:\Users\stapi\AppData\Local\Temp\ccMWWdfb.s:7997   .debug_str:0000000000000a75 .LASF465
C:\Users\stapi\AppData\Local\Temp\ccMWWdfb.s:7965   .debug_str:00000000000009a1 .LASF466
C:\Users\stapi\AppData\Local\Temp\ccMWWdfb.s:8477   .debug_str:0000000000001878 .LASF467
C:\Users\stapi\AppData\Local\Temp\ccMWWdfb.s:7989   .debug_str:0000000000000a48 .LASF468
C:\Users\stapi\AppData\Local\Temp\ccMWWdfb.s:7667   .debug_str:00000000000000e2 .LASF469
C:\Users\stapi\AppData\Local\Temp\ccMWWdfb.s:8353   .debug_str:00000000000014c6 .LASF470
C:\Users\stapi\AppData\Local\Temp\ccMWWdfb.s:8929   .debug_str:00000000000026b5 .LASF471
C:\Users\stapi\AppData\Local\Temp\ccMWWdfb.s:8149   .debug_str:0000000000000e83 .LASF472
C:\Users\stapi\AppData\Local\Temp\ccMWWdfb.s:8783   .debug_str:00000000000022cd .LASF473
C:\Users\stapi\AppData\Local\Temp\ccMWWdfb.s:8907   .debug_str:000000000000262d .LASF474
C:\Users\stapi\AppData\Local\Temp\ccMWWdfb.s:8309   .debug_str:0000000000001322 .LASF475
C:\Users\stapi\AppData\Local\Temp\ccMWWdfb.s:8549   .debug_str:0000000000001b82 .LASF476
C:\Users\stapi\AppData\Local\Temp\ccMWWdfb.s:8711   .debug_str:00000000000020e1 .LASF477
C:\Users\stapi\AppData\Local\Temp\ccMWWdfb.s:7649   .debug_str:0000000000000054 .LASF478
C:\Users\stapi\AppData\Local\Temp\ccMWWdfb.s:8283   .debug_str:000000000000125c .LASF479
C:\Users\stapi\AppData\Local\Temp\ccMWWdfb.s:8845   .debug_str:0000000000002485 .LASF480
C:\Users\stapi\AppData\Local\Temp\ccMWWdfb.s:7985   .debug_str:0000000000000a2b .LASF481
C:\Users\stapi\AppData\Local\Temp\ccMWWdfb.s:8427   .debug_str:00000000000016f6 .LASF482
C:\Users\stapi\AppData\Local\Temp\ccMWWdfb.s:8977   .debug_str:000000000000282b .LASF483
C:\Users\stapi\AppData\Local\Temp\ccMWWdfb.s:8869   .debug_str:0000000000002520 .LASF484
C:\Users\stapi\AppData\Local\Temp\ccMWWdfb.s:8127   .debug_str:0000000000000dec .LASF485
C:\Users\stapi\AppData\Local\Temp\ccMWWdfb.s:8393   .debug_str:00000000000015f1 .LASF486
C:\Users\stapi\AppData\Local\Temp\ccMWWdfb.s:7875   .debug_str:00000000000006d9 .LASF487
C:\Users\stapi\AppData\Local\Temp\ccMWWdfb.s:7715   .debug_str:000000000000024a .LASF488
C:\Users\stapi\AppData\Local\Temp\ccMWWdfb.s:8665   .debug_str:0000000000001f72 .LASF489
C:\Users\stapi\AppData\Local\Temp\ccMWWdfb.s:8043   .debug_str:0000000000000b70 .LASF490
C:\Users\stapi\AppData\Local\Temp\ccMWWdfb.s:7691   .debug_str:0000000000000197 .LASF491
C:\Users\stapi\AppData\Local\Temp\ccMWWdfb.s:7983   .debug_str:0000000000000a20 .LASF492
C:\Users\stapi\AppData\Local\Temp\ccMWWdfb.s:7641   .debug_str:000000000000001c .LASF493
C:\Users\stapi\AppData\Local\Temp\ccMWWdfb.s:8555   .debug_str:0000000000001ba9 .LASF494
C:\Users\stapi\AppData\Local\Temp\ccMWWdfb.s:8895   .debug_str:00000000000025ca .LASF495
C:\Users\stapi\AppData\Local\Temp\ccMWWdfb.s:7977   .debug_str:0000000000000a02 .LASF496
C:\Users\stapi\AppData\Local\Temp\ccMWWdfb.s:8779   .debug_str:00000000000022b5 .LASF497
C:\Users\stapi\AppData\Local\Temp\ccMWWdfb.s:8859   .debug_str:00000000000024eb .LASF498
C:\Users\stapi\AppData\Local\Temp\ccMWWdfb.s:8059   .debug_str:0000000000000be3 .LASF499
C:\Users\stapi\AppData\Local\Temp\ccMWWdfb.s:8225   .debug_str:00000000000010d5 .LASF500
C:\Users\stapi\AppData\Local\Temp\ccMWWdfb.s:7679   .debug_str:000000000000012c .LASF501
C:\Users\stapi\AppData\Local\Temp\ccMWWdfb.s:7645   .debug_str:0000000000000030 .LASF502
C:\Users\stapi\AppData\Local\Temp\ccMWWdfb.s:8715   .debug_str:0000000000002103 .LASF503
C:\Users\stapi\AppData\Local\Temp\ccMWWdfb.s:8117   .debug_str:0000000000000d9e .LASF504
C:\Users\stapi\AppData\Local\Temp\ccMWWdfb.s:8667   .debug_str:0000000000001f7d .LASF505
C:\Users\stapi\AppData\Local\Temp\ccMWWdfb.s:7927   .debug_str:0000000000000879 .LASF506
C:\Users\stapi\AppData\Local\Temp\ccMWWdfb.s:7959   .debug_str:000000000000096f .LASF507
C:\Users\stapi\AppData\Local\Temp\ccMWWdfb.s:8223   .debug_str:00000000000010c0 .LASF508
C:\Users\stapi\AppData\Local\Temp\ccMWWdfb.s:8173   .debug_str:0000000000000f42 .LASF509
C:\Users\stapi\AppData\Local\Temp\ccMWWdfb.s:8733   .debug_str:000000000000218c .LASF510
C:\Users\stapi\AppData\Local\Temp\ccMWWdfb.s:8817   .debug_str:00000000000023ae .LASF511
C:\Users\stapi\AppData\Local\Temp\ccMWWdfb.s:8301   .debug_str:00000000000012e0 .LASF512
C:\Users\stapi\AppData\Local\Temp\ccMWWdfb.s:8433   .debug_str:000000000000172e .LASF513
C:\Users\stapi\AppData\Local\Temp\ccMWWdfb.s:8091   .debug_str:0000000000000cee .LASF514
C:\Users\stapi\AppData\Local\Temp\ccMWWdfb.s:7815   .debug_str:0000000000000508 .LASF515
C:\Users\stapi\AppData\Local\Temp\ccMWWdfb.s:7755   .debug_str:0000000000000361 .LASF516
C:\Users\stapi\AppData\Local\Temp\ccMWWdfb.s:7663   .debug_str:00000000000000b8 .LASF517
C:\Users\stapi\AppData\Local\Temp\ccMWWdfb.s:8089   .debug_str:0000000000000cde .LASF518
C:\Users\stapi\AppData\Local\Temp\ccMWWdfb.s:7829   .debug_str:000000000000057c .LASF519
C:\Users\stapi\AppData\Local\Temp\ccMWWdfb.s:8237   .debug_str:000000000000111f .LASF520
C:\Users\stapi\AppData\Local\Temp\ccMWWdfb.s:8367   .debug_str:000000000000152e .LASF521
C:\Users\stapi\AppData\Local\Temp\ccMWWdfb.s:8649   .debug_str:0000000000001f18 .LASF522
C:\Users\stapi\AppData\Local\Temp\ccMWWdfb.s:7949   .debug_str:0000000000000921 .LASF523
C:\Users\stapi\AppData\Local\Temp\ccMWWdfb.s:8881   .debug_str:000000000000257f .LASF524
C:\Users\stapi\AppData\Local\Temp\ccMWWdfb.s:8425   .debug_str:00000000000016e7 .LASF525
C:\Users\stapi\AppData\Local\Temp\ccMWWdfb.s:8941   .debug_str:0000000000002705 .LASF526
C:\Users\stapi\AppData\Local\Temp\ccMWWdfb.s:8359   .debug_str:00000000000014f7 .LASF527
C:\Users\stapi\AppData\Local\Temp\ccMWWdfb.s:8361   .debug_str:0000000000001503 .LASF528
C:\Users\stapi\AppData\Local\Temp\ccMWWdfb.s:7885   .debug_str:000000000000071e .LASF529
C:\Users\stapi\AppData\Local\Temp\ccMWWdfb.s:8049   .debug_str:0000000000000ba1 .LASF530
C:\Users\stapi\AppData\Local\Temp\ccMWWdfb.s:7869   .debug_str:00000000000006ac .LASF531
C:\Users\stapi\AppData\Local\Temp\ccMWWdfb.s:7637   .debug_str:0000000000000000 .LASF532
C:\Users\stapi\AppData\Local\Temp\ccMWWdfb.s:8035   .debug_str:0000000000000b46 .LASF533
C:\Users\stapi\AppData\Local\Temp\ccMWWdfb.s:8341   .debug_str:0000000000001466 .LASF534
C:\Users\stapi\AppData\Local\Temp\ccMWWdfb.s:7825   .debug_str:0000000000000558 .LASF535
C:\Users\stapi\AppData\Local\Temp\ccMWWdfb.s:7987   .debug_str:0000000000000a36 .LASF536
C:\Users\stapi\AppData\Local\Temp\ccMWWdfb.s:8403   .debug_str:000000000000164c .LASF537
C:\Users\stapi\AppData\Local\Temp\ccMWWdfb.s:8141   .debug_str:0000000000000e4a .LASF538
C:\Users\stapi\AppData\Local\Temp\ccMWWdfb.s:8887   .debug_str:00000000000025a8 .LASF539
C:\Users\stapi\AppData\Local\Temp\ccMWWdfb.s:8115   .debug_str:0000000000000d95 .LASF540
C:\Users\stapi\AppData\Local\Temp\ccMWWdfb.s:7833   .debug_str:000000000000058f .LASF541
C:\Users\stapi\AppData\Local\Temp\ccMWWdfb.s:8591   .debug_str:0000000000001cc0 .LASF542
C:\Users\stapi\AppData\Local\Temp\ccMWWdfb.s:8933   .debug_str:00000000000026cc .LASF543
C:\Users\stapi\AppData\Local\Temp\ccMWWdfb.s:8277   .debug_str:000000000000122c .LASF544
C:\Users\stapi\AppData\Local\Temp\ccMWWdfb.s:8619   .debug_str:0000000000001e33 .LASF545
C:\Users\stapi\AppData\Local\Temp\ccMWWdfb.s:8437   .debug_str:0000000000001752 .LASF546
C:\Users\stapi\AppData\Local\Temp\ccMWWdfb.s:8397   .debug_str:000000000000160d .LASF547
C:\Users\stapi\AppData\Local\Temp\ccMWWdfb.s:7709   .debug_str:000000000000020f .LASF548
C:\Users\stapi\AppData\Local\Temp\ccMWWdfb.s:8263   .debug_str:00000000000011ce .LASF549
C:\Users\stapi\AppData\Local\Temp\ccMWWdfb.s:8169   .debug_str:0000000000000f14 .LASF550
C:\Users\stapi\AppData\Local\Temp\ccMWWdfb.s:8639   .debug_str:0000000000001ec6 .LASF551
C:\Users\stapi\AppData\Local\Temp\ccMWWdfb.s:7991   .debug_str:0000000000000a55 .LASF552
C:\Users\stapi\AppData\Local\Temp\ccMWWdfb.s:8255   .debug_str:0000000000001199 .LASF553
C:\Users\stapi\AppData\Local\Temp\ccMWWdfb.s:7763   .debug_str:00000000000003a1 .LASF554
C:\Users\stapi\AppData\Local\Temp\ccMWWdfb.s:8831   .debug_str:000000000000241e .LASF555
C:\Users\stapi\AppData\Local\Temp\ccMWWdfb.s:7913   .debug_str:000000000000080f .LASF556
C:\Users\stapi\AppData\Local\Temp\ccMWWdfb.s:8681   .debug_str:0000000000001fdb .LASF557
C:\Users\stapi\AppData\Local\Temp\ccMWWdfb.s:8867   .debug_str:000000000000250d .LASF558
C:\Users\stapi\AppData\Local\Temp\ccMWWdfb.s:7787   .debug_str:0000000000000444 .LASF559
C:\Users\stapi\AppData\Local\Temp\ccMWWdfb.s:7981   .debug_str:0000000000000a13 .LASF560
C:\Users\stapi\AppData\Local\Temp\ccMWWdfb.s:7761   .debug_str:0000000000000392 .LASF561
C:\Users\stapi\AppData\Local\Temp\ccMWWdfb.s:8289   .debug_str:000000000000128a .LASF562
C:\Users\stapi\AppData\Local\Temp\ccMWWdfb.s:8377   .debug_str:000000000000157a .LASF563
C:\Users\stapi\AppData\Local\Temp\ccMWWdfb.s:8489   .debug_str:00000000000019be .LASF564
C:\Users\stapi\AppData\Local\Temp\ccMWWdfb.s:8627   .debug_str:0000000000001e69 .LASF565
C:\Users\stapi\AppData\Local\Temp\ccMWWdfb.s:8509   .debug_str:0000000000001a5f .LASF566
C:\Users\stapi\AppData\Local\Temp\ccMWWdfb.s:9087   .debug_str:0000000000002add .LASF567
C:\Users\stapi\AppData\Local\Temp\ccMWWdfb.s:8465   .debug_str:0000000000001827 .LASF568
C:\Users\stapi\AppData\Local\Temp\ccMWWdfb.s:8655   .debug_str:0000000000001f38 .LASF569
C:\Users\stapi\AppData\Local\Temp\ccMWWdfb.s:8945   .debug_str:000000000000271d .LASF570
C:\Users\stapi\AppData\Local\Temp\ccMWWdfb.s:7749   .debug_str:0000000000000333 .LASF571
C:\Users\stapi\AppData\Local\Temp\ccMWWdfb.s:8697   .debug_str:0000000000002060 .LASF572
C:\Users\stapi\AppData\Local\Temp\ccMWWdfb.s:8827   .debug_str:00000000000023f0 .LASF573
C:\Users\stapi\AppData\Local\Temp\ccMWWdfb.s:7689   .debug_str:000000000000017a .LASF574
C:\Users\stapi\AppData\Local\Temp\ccMWWdfb.s:9079   .debug_str:0000000000002aa0 .LASF575
C:\Users\stapi\AppData\Local\Temp\ccMWWdfb.s:8533   .debug_str:0000000000001b0f .LASF576
C:\Users\stapi\AppData\Local\Temp\ccMWWdfb.s:9001   .debug_str:00000000000028b7 .LASF577
C:\Users\stapi\AppData\Local\Temp\ccMWWdfb.s:8943   .debug_str:000000000000270f .LASF578
C:\Users\stapi\AppData\Local\Temp\ccMWWdfb.s:8885   .debug_str:00000000000025a1 .LASF579
C:\Users\stapi\AppData\Local\Temp\ccMWWdfb.s:7659   .debug_str:000000000000008d .LASF580
C:\Users\stapi\AppData\Local\Temp\ccMWWdfb.s:8419   .debug_str:00000000000016b5 .LASF581
C:\Users\stapi\AppData\Local\Temp\ccMWWdfb.s:8669   .debug_str:0000000000001f8a .LASF582
C:\Users\stapi\AppData\Local\Temp\ccMWWdfb.s:7937   .debug_str:00000000000008bc .LASF583
C:\Users\stapi\AppData\Local\Temp\ccMWWdfb.s:8053   .debug_str:0000000000000bbf .LASF584
C:\Users\stapi\AppData\Local\Temp\ccMWWdfb.s:8311   .debug_str:0000000000001334 .LASF585
C:\Users\stapi\AppData\Local\Temp\ccMWWdfb.s:8889   .debug_str:00000000000025b1 .LASF586
C:\Users\stapi\AppData\Local\Temp\ccMWWdfb.s:9077   .debug_str:0000000000002a97 .LASF587
C:\Users\stapi\AppData\Local\Temp\ccMWWdfb.s:8099   .debug_str:0000000000000d3f .LASF588
C:\Users\stapi\AppData\Local\Temp\ccMWWdfb.s:8031   .debug_str:0000000000000b36 .LASF589
C:\Users\stapi\AppData\Local\Temp\ccMWWdfb.s:9057   .debug_str:0000000000002a29 .LASF590
C:\Users\stapi\AppData\Local\Temp\ccMWWdfb.s:8153   .debug_str:0000000000000e92 .LASF591
C:\Users\stapi\AppData\Local\Temp\ccMWWdfb.s:8265   .debug_str:00000000000011df .LASF592
C:\Users\stapi\AppData\Local\Temp\ccMWWdfb.s:9037   .debug_str:00000000000029ac .LASF593
C:\Users\stapi\AppData\Local\Temp\ccMWWdfb.s:7643   .debug_str:0000000000000026 .LASF594
C:\Users\stapi\AppData\Local\Temp\ccMWWdfb.s:8605   .debug_str:0000000000001dc9 .LASF595
C:\Users\stapi\AppData\Local\Temp\ccMWWdfb.s:7957   .debug_str:0000000000000962 .LASF596
C:\Users\stapi\AppData\Local\Temp\ccMWWdfb.s:8689   .debug_str:000000000000200b .LASF597
C:\Users\stapi\AppData\Local\Temp\ccMWWdfb.s:8111   .debug_str:0000000000000d7a .LASF598
C:\Users\stapi\AppData\Local\Temp\ccMWWdfb.s:8789   .debug_str:0000000000002301 .LASF599
C:\Users\stapi\AppData\Local\Temp\ccMWWdfb.s:8799   .debug_str:0000000000002333 .LASF600
C:\Users\stapi\AppData\Local\Temp\ccMWWdfb.s:8589   .debug_str:0000000000001cb5 .LASF601
C:\Users\stapi\AppData\Local\Temp\ccMWWdfb.s:8821   .debug_str:00000000000023d2 .LASF602
C:\Users\stapi\AppData\Local\Temp\ccMWWdfb.s:8345   .debug_str:0000000000001485 .LASF603
C:\Users\stapi\AppData\Local\Temp\ccMWWdfb.s:8423   .debug_str:00000000000016d4 .LASF604
C:\Users\stapi\AppData\Local\Temp\ccMWWdfb.s:8879   .debug_str:000000000000256b .LASF605
C:\Users\stapi\AppData\Local\Temp\ccMWWdfb.s:8379   .debug_str:0000000000001588 .LASF606
C:\Users\stapi\AppData\Local\Temp\ccMWWdfb.s:8471   .debug_str:0000000000001850 .LASF607
C:\Users\stapi\AppData\Local\Temp\ccMWWdfb.s:8065   .debug_str:0000000000000c21 .LASF608
C:\Users\stapi\AppData\Local\Temp\ccMWWdfb.s:8363   .debug_str:000000000000150f .LASF609
C:\Users\stapi\AppData\Local\Temp\ccMWWdfb.s:8409   .debug_str:0000000000001671 .LASF610
C:\Users\stapi\AppData\Local\Temp\ccMWWdfb.s:8683   .debug_str:0000000000001fe8 .LASF611
C:\Users\stapi\AppData\Local\Temp\ccMWWdfb.s:8083   .debug_str:0000000000000ca7 .LASF612
C:\Users\stapi\AppData\Local\Temp\ccMWWdfb.s:8893   .debug_str:00000000000025c4 .LASF613
C:\Users\stapi\AppData\Local\Temp\ccMWWdfb.s:8741   .debug_str:00000000000021dd .LASF614
C:\Users\stapi\AppData\Local\Temp\ccMWWdfb.s:8823   .debug_str:00000000000023df .LASF615
C:\Users\stapi\AppData\Local\Temp\ccMWWdfb.s:8291   .debug_str:0000000000001294 .LASF616
C:\Users\stapi\AppData\Local\Temp\ccMWWdfb.s:8517   .debug_str:0000000000001a9a .LASF617
C:\Users\stapi\AppData\Local\Temp\ccMWWdfb.s:8093   .debug_str:0000000000000d08 .LASF618
C:\Users\stapi\AppData\Local\Temp\ccMWWdfb.s:8481   .debug_str:00000000000018a2 .LASF619
C:\Users\stapi\AppData\Local\Temp\ccMWWdfb.s:7945   .debug_str:000000000000090b .LASF620
C:\Users\stapi\AppData\Local\Temp\ccMWWdfb.s:8853   .debug_str:00000000000024c8 .LASF621
C:\Users\stapi\AppData\Local\Temp\ccMWWdfb.s:7779   .debug_str:000000000000040f .LASF622
C:\Users\stapi\AppData\Local\Temp\ccMWWdfb.s:8167   .debug_str:0000000000000f09 .LASF623
C:\Users\stapi\AppData\Local\Temp\ccMWWdfb.s:7803   .debug_str:00000000000004c2 .LASF624
C:\Users\stapi\AppData\Local\Temp\ccMWWdfb.s:7793   .debug_str:0000000000000477 .LASF625
C:\Users\stapi\AppData\Local\Temp\ccMWWdfb.s:7883   .debug_str:0000000000000710 .LASF626
C:\Users\stapi\AppData\Local\Temp\ccMWWdfb.s:8935   .debug_str:00000000000026d9 .LASF627
C:\Users\stapi\AppData\Local\Temp\ccMWWdfb.s:7973   .debug_str:00000000000009e3 .LASF628
C:\Users\stapi\AppData\Local\Temp\ccMWWdfb.s:8819   .debug_str:00000000000023c7 .LASF629
C:\Users\stapi\AppData\Local\Temp\ccMWWdfb.s:7683   .debug_str:0000000000000140 .LASF630
C:\Users\stapi\AppData\Local\Temp\ccMWWdfb.s:7701   .debug_str:00000000000001d1 .LASF631
C:\Users\stapi\AppData\Local\Temp\ccMWWdfb.s:8659   .debug_str:0000000000001f4e .LASF632
C:\Users\stapi\AppData\Local\Temp\ccMWWdfb.s:9035   .debug_str:000000000000299e .LASF633
C:\Users\stapi\AppData\Local\Temp\ccMWWdfb.s:8431   .debug_str:0000000000001715 .LASF634
C:\Users\stapi\AppData\Local\Temp\ccMWWdfb.s:9007   .debug_str:00000000000028e9 .LASF635
C:\Users\stapi\AppData\Local\Temp\ccMWWdfb.s:8557   .debug_str:0000000000001bb6 .LASF636
C:\Users\stapi\AppData\Local\Temp\ccMWWdfb.s:8259   .debug_str:00000000000011ad .LASF637
C:\Users\stapi\AppData\Local\Temp\ccMWWdfb.s:8891   .debug_str:00000000000025bb .LASF638
C:\Users\stapi\AppData\Local\Temp\ccMWWdfb.s:7993   .debug_str:0000000000000a64 .LASF639
C:\Users\stapi\AppData\Local\Temp\ccMWWdfb.s:8101   .debug_str:0000000000000d47 .LASF640
C:\Users\stapi\AppData\Local\Temp\ccMWWdfb.s:8857   .debug_str:00000000000024dd .LASF641
C:\Users\stapi\AppData\Local\Temp\ccMWWdfb.s:7677   .debug_str:0000000000000115 .LASF642
C:\Users\stapi\AppData\Local\Temp\ccMWWdfb.s:8351   .debug_str:00000000000014b2 .LASF643
C:\Users\stapi\AppData\Local\Temp\ccMWWdfb.s:8981   .debug_str:0000000000002843 .LASF644
C:\Users\stapi\AppData\Local\Temp\ccMWWdfb.s:8729   .debug_str:0000000000002177 .LASF645
C:\Users\stapi\AppData\Local\Temp\ccMWWdfb.s:8073   .debug_str:0000000000000c60 .LASF646
C:\Users\stapi\AppData\Local\Temp\ccMWWdfb.s:9033   .debug_str:0000000000002997 .LASF647
C:\Users\stapi\AppData\Local\Temp\ccMWWdfb.s:8205   .debug_str:0000000000001043 .LASF648
C:\Users\stapi\AppData\Local\Temp\ccMWWdfb.s:8811   .debug_str:0000000000002376 .LASF649
C:\Users\stapi\AppData\Local\Temp\ccMWWdfb.s:7839   .debug_str:00000000000005b4 .LASF650
C:\Users\stapi\AppData\Local\Temp\ccMWWdfb.s:7837   .debug_str:00000000000005a6 .LASF651
C:\Users\stapi\AppData\Local\Temp\ccMWWdfb.s:8765   .debug_str:0000000000002264 .LASF652
C:\Users\stapi\AppData\Local\Temp\ccMWWdfb.s:7651   .debug_str:0000000000000063 .LASF653
C:\Users\stapi\AppData\Local\Temp\ccMWWdfb.s:8097   .debug_str:0000000000000d27 .LASF654
C:\Users\stapi\AppData\Local\Temp\ccMWWdfb.s:8749   .debug_str:000000000000220f .LASF655
C:\Users\stapi\AppData\Local\Temp\ccMWWdfb.s:8243   .debug_str:0000000000001147 .LASF656
C:\Users\stapi\AppData\Local\Temp\ccMWWdfb.s:9009   .debug_str:00000000000028f1 .LASF657
C:\Users\stapi\AppData\Local\Temp\ccMWWdfb.s:8421   .debug_str:00000000000016ca .LASF658
C:\Users\stapi\AppData\Local\Temp\ccMWWdfb.s:8339   .debug_str:0000000000001457 .LASF659
C:\Users\stapi\AppData\Local\Temp\ccMWWdfb.s:8673   .debug_str:0000000000001fb0 .LASF660
C:\Users\stapi\AppData\Local\Temp\ccMWWdfb.s:8323   .debug_str:000000000000136d .LASF661
C:\Users\stapi\AppData\Local\Temp\ccMWWdfb.s:8793   .debug_str:0000000000002311 .LASF662
C:\Users\stapi\AppData\Local\Temp\ccMWWdfb.s:8761   .debug_str:0000000000002252 .LASF663
C:\Users\stapi\AppData\Local\Temp\ccMWWdfb.s:8747   .debug_str:0000000000002207 .LASF664
C:\Users\stapi\AppData\Local\Temp\ccMWWdfb.s:8211   .debug_str:000000000000106d .LASF665
C:\Users\stapi\AppData\Local\Temp\ccMWWdfb.s:8079   .debug_str:0000000000000c8e .LASF666
C:\Users\stapi\AppData\Local\Temp\ccMWWdfb.s:7861   .debug_str:0000000000000650 .LASF667
C:\Users\stapi\AppData\Local\Temp\ccMWWdfb.s:8133   .debug_str:0000000000000e09 .LASF668
C:\Users\stapi\AppData\Local\Temp\ccMWWdfb.s:8743   .debug_str:00000000000021ec .LASF669
C:\Users\stapi\AppData\Local\Temp\ccMWWdfb.s:8333   .debug_str:000000000000142f .LASF670
C:\Users\stapi\AppData\Local\Temp\ccMWWdfb.s:8429   .debug_str:0000000000001702 .LASF671
C:\Users\stapi\AppData\Local\Temp\ccMWWdfb.s:8973   .debug_str:000000000000280a .LASF672
C:\Users\stapi\AppData\Local\Temp\ccMWWdfb.s:8777   .debug_str:00000000000022a4 .LASF673
C:\Users\stapi\AppData\Local\Temp\ccMWWdfb.s:8011   .debug_str:0000000000000ad6 .LASF674
C:\Users\stapi\AppData\Local\Temp\ccMWWdfb.s:8501   .debug_str:0000000000001a32 .LASF675
C:\Users\stapi\AppData\Local\Temp\ccMWWdfb.s:8677   .debug_str:0000000000001fc1 .LASF676
C:\Users\stapi\AppData\Local\Temp\ccMWWdfb.s:8947   .debug_str:000000000000272a .LASF677
C:\Users\stapi\AppData\Local\Temp\ccMWWdfb.s:8197   .debug_str:0000000000000fea .LASF678
C:\Users\stapi\AppData\Local\Temp\ccMWWdfb.s:9047   .debug_str:00000000000029f8 .LASF679
C:\Users\stapi\AppData\Local\Temp\ccMWWdfb.s:8329   .debug_str:000000000000138e .LASF680
C:\Users\stapi\AppData\Local\Temp\ccMWWdfb.s:9069   .debug_str:0000000000002a70 .LASF681
C:\Users\stapi\AppData\Local\Temp\ccMWWdfb.s:8795   .debug_str:0000000000002320 .LASF682
C:\Users\stapi\AppData\Local\Temp\ccMWWdfb.s:8005   .debug_str:0000000000000aaa .LASF683
C:\Users\stapi\AppData\Local\Temp\ccMWWdfb.s:8337   .debug_str:000000000000144a .LASF684
C:\Users\stapi\AppData\Local\Temp\ccMWWdfb.s:8183   .debug_str:0000000000000f8b .LASF685
C:\Users\stapi\AppData\Local\Temp\ccMWWdfb.s:7695   .debug_str:00000000000001a7 .LASF686
C:\Users\stapi\AppData\Local\Temp\ccMWWdfb.s:8687   .debug_str:0000000000001fff .LASF687
C:\Users\stapi\AppData\Local\Temp\ccMWWdfb.s:8949   .debug_str:0000000000002737 .LASF688
C:\Users\stapi\AppData\Local\Temp\ccMWWdfb.s:8007   .debug_str:0000000000000ab4 .LASF689
C:\Users\stapi\AppData\Local\Temp\ccMWWdfb.s:8025   .debug_str:0000000000000b1d .LASF690
C:\Users\stapi\AppData\Local\Temp\ccMWWdfb.s:7657   .debug_str:0000000000000083 .LASF691
C:\Users\stapi\AppData\Local\Temp\ccMWWdfb.s:7951   .debug_str:0000000000000933 .LASF692
C:\Users\stapi\AppData\Local\Temp\ccMWWdfb.s:8383   .debug_str:00000000000015a1 .LASF693
C:\Users\stapi\AppData\Local\Temp\ccMWWdfb.s:7745   .debug_str:0000000000000315 .LASF694
C:\Users\stapi\AppData\Local\Temp\ccMWWdfb.s:8623   .debug_str:0000000000001e57 .LASF695
C:\Users\stapi\AppData\Local\Temp\ccMWWdfb.s:8175   .debug_str:0000000000000f59 .LASF696
C:\Users\stapi\AppData\Local\Temp\ccMWWdfb.s:7693   .debug_str:000000000000019f .LASF697
C:\Users\stapi\AppData\Local\Temp\ccMWWdfb.s:8967   .debug_str:00000000000027df .LASF698
C:\Users\stapi\AppData\Local\Temp\ccMWWdfb.s:8801   .debug_str:000000000000233f .LASF699
C:\Users\stapi\AppData\Local\Temp\ccMWWdfb.s:8267   .debug_str:00000000000011f3 .LASF700
C:\Users\stapi\AppData\Local\Temp\ccMWWdfb.s:8613   .debug_str:0000000000001e13 .LASF701
C:\Users\stapi\AppData\Local\Temp\ccMWWdfb.s:8495   .debug_str:00000000000019f7 .LASF702
C:\Users\stapi\AppData\Local\Temp\ccMWWdfb.s:9027   .debug_str:0000000000002964 .LASF703
C:\Users\stapi\AppData\Local\Temp\ccMWWdfb.s:8987   .debug_str:000000000000285d .LASF704
C:\Users\stapi\AppData\Local\Temp\ccMWWdfb.s:7687   .debug_str:0000000000000167 .LASF705
C:\Users\stapi\AppData\Local\Temp\ccMWWdfb.s:7929   .debug_str:0000000000000882 .LASF706
C:\Users\stapi\AppData\Local\Temp\ccMWWdfb.s:8753   .debug_str:000000000000222b .LASF707
C:\Users\stapi\AppData\Local\Temp\ccMWWdfb.s:7735   .debug_str:00000000000002bd .LASF708
C:\Users\stapi\AppData\Local\Temp\ccMWWdfb.s:8641   .debug_str:0000000000001ee0 .LASF709
C:\Users\stapi\AppData\Local\Temp\ccMWWdfb.s:7879   .debug_str:00000000000006fc .LASF710
C:\Users\stapi\AppData\Local\Temp\ccMWWdfb.s:8769   .debug_str:000000000000227d .LASF711
C:\Users\stapi\AppData\Local\Temp\ccMWWdfb.s:8671   .debug_str:0000000000001f9b .LASF712
C:\Users\stapi\AppData\Local\Temp\ccMWWdfb.s:8719   .debug_str:0000000000002124 .LASF713
C:\Users\stapi\AppData\Local\Temp\ccMWWdfb.s:8595   .debug_str:0000000000001cd8 .LASF714
C:\Users\stapi\AppData\Local\Temp\ccMWWdfb.s:7737   .debug_str:00000000000002da .LASF715
C:\Users\stapi\AppData\Local\Temp\ccMWWdfb.s:7967   .debug_str:00000000000009b4 .LASF716
C:\Users\stapi\AppData\Local\Temp\ccMWWdfb.s:8061   .debug_str:0000000000000bf6 .LASF717
C:\Users\stapi\AppData\Local\Temp\ccMWWdfb.s:7841   .debug_str:00000000000005c2 .LASF718
C:\Users\stapi\AppData\Local\Temp\ccMWWdfb.s:9021   .debug_str:0000000000002937 .LASF719
C:\Users\stapi\AppData\Local\Temp\ccMWWdfb.s:8593   .debug_str:0000000000001ccb .LASF720
C:\Users\stapi\AppData\Local\Temp\ccMWWdfb.s:8207   .debug_str:0000000000001057 .LASF721
C:\Users\stapi\AppData\Local\Temp\ccMWWdfb.s:8387   .debug_str:00000000000015c5 .LASF722
C:\Users\stapi\AppData\Local\Temp\ccMWWdfb.s:7757   .debug_str:000000000000037b .LASF728
C:\Users\stapi\AppData\Local\Temp\ccMWWdfb.s:8407   .debug_str:0000000000001665 .LASF723
C:\Users\stapi\AppData\Local\Temp\ccMWWdfb.s:8607   .debug_str:0000000000001dd3 .LASF724
C:\Users\stapi\AppData\Local\Temp\ccMWWdfb.s:33     .debug_info:0000000000000000 .Ldebug_info0

UNDEFINED SYMBOLS
wpa_driver_gdwifi_ops
