   1              		.file	"eap_register.c"
   2              		.option nopic
   3              		.attribute arch, "rv32i2p0_m2p0_a2p0_f2p0_c2p0_b_p0p94"
   4              		.attribute unaligned_access, 0
   5              		.attribute stack_align, 16
   6              		.text
   7              	.Ltext0:
   8              		.cfi_sections	.debug_frame
   9              		.section	.text.eap_register_methods,"ax",@progbits
  10              		.align	1
  11              		.globl	eap_register_methods
  13              	eap_register_methods:
  14              	.LFB144:
  15              		.file 1 "C:/Users/stapi/OneDrive/Desktop/GD32VW553/V1_MQTT_OK/GD32VW55X_Wifi_BLE_SDK/GD32VW55x_REL
   1:C:/Users/stapi/OneDrive/Desktop/GD32VW553/V1_MQTT_OK/GD32VW55X_Wifi_BLE_SDK/GD32VW55x_RELEASE_V1.0.2/MSDK/wpa_supplicant/wpa_supplicant\eap_register.c **** /*
   2:C:/Users/stapi/OneDrive/Desktop/GD32VW553/V1_MQTT_OK/GD32VW55X_Wifi_BLE_SDK/GD32VW55x_RELEASE_V1.0.2/MSDK/wpa_supplicant/wpa_supplicant\eap_register.c ****  * EAP method registration
   3:C:/Users/stapi/OneDrive/Desktop/GD32VW553/V1_MQTT_OK/GD32VW55X_Wifi_BLE_SDK/GD32VW55x_RELEASE_V1.0.2/MSDK/wpa_supplicant/wpa_supplicant\eap_register.c ****  * Copyright (c) 2004-2009, Jouni Malinen <j@w1.fi>
   4:C:/Users/stapi/OneDrive/Desktop/GD32VW553/V1_MQTT_OK/GD32VW55X_Wifi_BLE_SDK/GD32VW55x_RELEASE_V1.0.2/MSDK/wpa_supplicant/wpa_supplicant\eap_register.c ****  *
   5:C:/Users/stapi/OneDrive/Desktop/GD32VW553/V1_MQTT_OK/GD32VW55X_Wifi_BLE_SDK/GD32VW55x_RELEASE_V1.0.2/MSDK/wpa_supplicant/wpa_supplicant\eap_register.c ****  * This software may be distributed under the terms of the BSD license.
   6:C:/Users/stapi/OneDrive/Desktop/GD32VW553/V1_MQTT_OK/GD32VW55X_Wifi_BLE_SDK/GD32VW55x_RELEASE_V1.0.2/MSDK/wpa_supplicant/wpa_supplicant\eap_register.c ****  * See README for more details.
   7:C:/Users/stapi/OneDrive/Desktop/GD32VW553/V1_MQTT_OK/GD32VW55X_Wifi_BLE_SDK/GD32VW55x_RELEASE_V1.0.2/MSDK/wpa_supplicant/wpa_supplicant\eap_register.c ****  */
   8:C:/Users/stapi/OneDrive/Desktop/GD32VW553/V1_MQTT_OK/GD32VW55X_Wifi_BLE_SDK/GD32VW55x_RELEASE_V1.0.2/MSDK/wpa_supplicant/wpa_supplicant\eap_register.c **** 
   9:C:/Users/stapi/OneDrive/Desktop/GD32VW553/V1_MQTT_OK/GD32VW55X_Wifi_BLE_SDK/GD32VW55x_RELEASE_V1.0.2/MSDK/wpa_supplicant/wpa_supplicant\eap_register.c **** #include "includes.h"
  10:C:/Users/stapi/OneDrive/Desktop/GD32VW553/V1_MQTT_OK/GD32VW55X_Wifi_BLE_SDK/GD32VW55x_RELEASE_V1.0.2/MSDK/wpa_supplicant/wpa_supplicant\eap_register.c **** 
  11:C:/Users/stapi/OneDrive/Desktop/GD32VW553/V1_MQTT_OK/GD32VW55X_Wifi_BLE_SDK/GD32VW55x_RELEASE_V1.0.2/MSDK/wpa_supplicant/wpa_supplicant\eap_register.c **** #include "common.h"
  12:C:/Users/stapi/OneDrive/Desktop/GD32VW553/V1_MQTT_OK/GD32VW55X_Wifi_BLE_SDK/GD32VW55x_RELEASE_V1.0.2/MSDK/wpa_supplicant/wpa_supplicant\eap_register.c **** #include "eap_peer/eap_methods.h"
  13:C:/Users/stapi/OneDrive/Desktop/GD32VW553/V1_MQTT_OK/GD32VW55X_Wifi_BLE_SDK/GD32VW55x_RELEASE_V1.0.2/MSDK/wpa_supplicant/wpa_supplicant\eap_register.c **** #include "eap_server/eap_methods.h"
  14:C:/Users/stapi/OneDrive/Desktop/GD32VW553/V1_MQTT_OK/GD32VW55X_Wifi_BLE_SDK/GD32VW55x_RELEASE_V1.0.2/MSDK/wpa_supplicant/wpa_supplicant\eap_register.c **** #include "wpa_supplicant_i.h"
  15:C:/Users/stapi/OneDrive/Desktop/GD32VW553/V1_MQTT_OK/GD32VW55X_Wifi_BLE_SDK/GD32VW55x_RELEASE_V1.0.2/MSDK/wpa_supplicant/wpa_supplicant\eap_register.c **** 
  16:C:/Users/stapi/OneDrive/Desktop/GD32VW553/V1_MQTT_OK/GD32VW55X_Wifi_BLE_SDK/GD32VW55x_RELEASE_V1.0.2/MSDK/wpa_supplicant/wpa_supplicant\eap_register.c **** 
  17:C:/Users/stapi/OneDrive/Desktop/GD32VW553/V1_MQTT_OK/GD32VW55X_Wifi_BLE_SDK/GD32VW55x_RELEASE_V1.0.2/MSDK/wpa_supplicant/wpa_supplicant\eap_register.c **** /**
  18:C:/Users/stapi/OneDrive/Desktop/GD32VW553/V1_MQTT_OK/GD32VW55X_Wifi_BLE_SDK/GD32VW55x_RELEASE_V1.0.2/MSDK/wpa_supplicant/wpa_supplicant\eap_register.c ****  * eap_register_methods - Register statically linked EAP methods
  19:C:/Users/stapi/OneDrive/Desktop/GD32VW553/V1_MQTT_OK/GD32VW55X_Wifi_BLE_SDK/GD32VW55x_RELEASE_V1.0.2/MSDK/wpa_supplicant/wpa_supplicant\eap_register.c ****  * Returns: 0 on success, -1 or -2 on failure
  20:C:/Users/stapi/OneDrive/Desktop/GD32VW553/V1_MQTT_OK/GD32VW55X_Wifi_BLE_SDK/GD32VW55x_RELEASE_V1.0.2/MSDK/wpa_supplicant/wpa_supplicant\eap_register.c ****  *
  21:C:/Users/stapi/OneDrive/Desktop/GD32VW553/V1_MQTT_OK/GD32VW55X_Wifi_BLE_SDK/GD32VW55x_RELEASE_V1.0.2/MSDK/wpa_supplicant/wpa_supplicant\eap_register.c ****  * This function is called at program initialization to register all EAP
  22:C:/Users/stapi/OneDrive/Desktop/GD32VW553/V1_MQTT_OK/GD32VW55X_Wifi_BLE_SDK/GD32VW55x_RELEASE_V1.0.2/MSDK/wpa_supplicant/wpa_supplicant\eap_register.c ****  * methods that were linked in statically.
  23:C:/Users/stapi/OneDrive/Desktop/GD32VW553/V1_MQTT_OK/GD32VW55X_Wifi_BLE_SDK/GD32VW55x_RELEASE_V1.0.2/MSDK/wpa_supplicant/wpa_supplicant\eap_register.c ****  */
  24:C:/Users/stapi/OneDrive/Desktop/GD32VW553/V1_MQTT_OK/GD32VW55X_Wifi_BLE_SDK/GD32VW55x_RELEASE_V1.0.2/MSDK/wpa_supplicant/wpa_supplicant\eap_register.c **** int eap_register_methods(void)
  25:C:/Users/stapi/OneDrive/Desktop/GD32VW553/V1_MQTT_OK/GD32VW55X_Wifi_BLE_SDK/GD32VW55x_RELEASE_V1.0.2/MSDK/wpa_supplicant/wpa_supplicant\eap_register.c **** {
  16              		.loc 1 25 1
  17              		.cfi_startproc
  26:C:/Users/stapi/OneDrive/Desktop/GD32VW553/V1_MQTT_OK/GD32VW55X_Wifi_BLE_SDK/GD32VW55x_RELEASE_V1.0.2/MSDK/wpa_supplicant/wpa_supplicant\eap_register.c **** 	int ret = 0;
  18              		.loc 1 26 2
  19              	.LVL0:
  27:C:/Users/stapi/OneDrive/Desktop/GD32VW553/V1_MQTT_OK/GD32VW55X_Wifi_BLE_SDK/GD32VW55x_RELEASE_V1.0.2/MSDK/wpa_supplicant/wpa_supplicant\eap_register.c **** 
  28:C:/Users/stapi/OneDrive/Desktop/GD32VW553/V1_MQTT_OK/GD32VW55X_Wifi_BLE_SDK/GD32VW55x_RELEASE_V1.0.2/MSDK/wpa_supplicant/wpa_supplicant\eap_register.c **** #ifdef EAP_MD5
  29:C:/Users/stapi/OneDrive/Desktop/GD32VW553/V1_MQTT_OK/GD32VW55X_Wifi_BLE_SDK/GD32VW55x_RELEASE_V1.0.2/MSDK/wpa_supplicant/wpa_supplicant\eap_register.c **** 	if (ret == 0)
  30:C:/Users/stapi/OneDrive/Desktop/GD32VW553/V1_MQTT_OK/GD32VW55X_Wifi_BLE_SDK/GD32VW55x_RELEASE_V1.0.2/MSDK/wpa_supplicant/wpa_supplicant\eap_register.c **** 		ret = eap_peer_md5_register();
  31:C:/Users/stapi/OneDrive/Desktop/GD32VW553/V1_MQTT_OK/GD32VW55X_Wifi_BLE_SDK/GD32VW55x_RELEASE_V1.0.2/MSDK/wpa_supplicant/wpa_supplicant\eap_register.c **** #endif /* EAP_MD5 */
  32:C:/Users/stapi/OneDrive/Desktop/GD32VW553/V1_MQTT_OK/GD32VW55X_Wifi_BLE_SDK/GD32VW55x_RELEASE_V1.0.2/MSDK/wpa_supplicant/wpa_supplicant\eap_register.c **** 
  33:C:/Users/stapi/OneDrive/Desktop/GD32VW553/V1_MQTT_OK/GD32VW55X_Wifi_BLE_SDK/GD32VW55x_RELEASE_V1.0.2/MSDK/wpa_supplicant/wpa_supplicant\eap_register.c **** #ifdef EAP_TLS
  34:C:/Users/stapi/OneDrive/Desktop/GD32VW553/V1_MQTT_OK/GD32VW55X_Wifi_BLE_SDK/GD32VW55x_RELEASE_V1.0.2/MSDK/wpa_supplicant/wpa_supplicant\eap_register.c **** 	if (ret == 0)
  35:C:/Users/stapi/OneDrive/Desktop/GD32VW553/V1_MQTT_OK/GD32VW55X_Wifi_BLE_SDK/GD32VW55x_RELEASE_V1.0.2/MSDK/wpa_supplicant/wpa_supplicant\eap_register.c **** 		ret = eap_peer_tls_register();
  36:C:/Users/stapi/OneDrive/Desktop/GD32VW553/V1_MQTT_OK/GD32VW55X_Wifi_BLE_SDK/GD32VW55x_RELEASE_V1.0.2/MSDK/wpa_supplicant/wpa_supplicant\eap_register.c **** #endif /* EAP_TLS */
  37:C:/Users/stapi/OneDrive/Desktop/GD32VW553/V1_MQTT_OK/GD32VW55X_Wifi_BLE_SDK/GD32VW55x_RELEASE_V1.0.2/MSDK/wpa_supplicant/wpa_supplicant\eap_register.c **** 
  38:C:/Users/stapi/OneDrive/Desktop/GD32VW553/V1_MQTT_OK/GD32VW55X_Wifi_BLE_SDK/GD32VW55x_RELEASE_V1.0.2/MSDK/wpa_supplicant/wpa_supplicant\eap_register.c **** #ifdef EAP_UNAUTH_TLS
  39:C:/Users/stapi/OneDrive/Desktop/GD32VW553/V1_MQTT_OK/GD32VW55X_Wifi_BLE_SDK/GD32VW55x_RELEASE_V1.0.2/MSDK/wpa_supplicant/wpa_supplicant\eap_register.c **** 	if (ret == 0)
  40:C:/Users/stapi/OneDrive/Desktop/GD32VW553/V1_MQTT_OK/GD32VW55X_Wifi_BLE_SDK/GD32VW55x_RELEASE_V1.0.2/MSDK/wpa_supplicant/wpa_supplicant\eap_register.c **** 		ret = eap_peer_unauth_tls_register();
  41:C:/Users/stapi/OneDrive/Desktop/GD32VW553/V1_MQTT_OK/GD32VW55X_Wifi_BLE_SDK/GD32VW55x_RELEASE_V1.0.2/MSDK/wpa_supplicant/wpa_supplicant\eap_register.c **** #endif /* EAP_UNAUTH_TLS */
  42:C:/Users/stapi/OneDrive/Desktop/GD32VW553/V1_MQTT_OK/GD32VW55X_Wifi_BLE_SDK/GD32VW55x_RELEASE_V1.0.2/MSDK/wpa_supplicant/wpa_supplicant\eap_register.c **** 
  43:C:/Users/stapi/OneDrive/Desktop/GD32VW553/V1_MQTT_OK/GD32VW55X_Wifi_BLE_SDK/GD32VW55x_RELEASE_V1.0.2/MSDK/wpa_supplicant/wpa_supplicant\eap_register.c **** #ifdef EAP_TLS
  44:C:/Users/stapi/OneDrive/Desktop/GD32VW553/V1_MQTT_OK/GD32VW55X_Wifi_BLE_SDK/GD32VW55x_RELEASE_V1.0.2/MSDK/wpa_supplicant/wpa_supplicant\eap_register.c **** #ifdef CONFIG_HS20
  45:C:/Users/stapi/OneDrive/Desktop/GD32VW553/V1_MQTT_OK/GD32VW55X_Wifi_BLE_SDK/GD32VW55x_RELEASE_V1.0.2/MSDK/wpa_supplicant/wpa_supplicant\eap_register.c **** 	if (ret == 0)
  46:C:/Users/stapi/OneDrive/Desktop/GD32VW553/V1_MQTT_OK/GD32VW55X_Wifi_BLE_SDK/GD32VW55x_RELEASE_V1.0.2/MSDK/wpa_supplicant/wpa_supplicant\eap_register.c **** 		ret = eap_peer_wfa_unauth_tls_register();
  47:C:/Users/stapi/OneDrive/Desktop/GD32VW553/V1_MQTT_OK/GD32VW55X_Wifi_BLE_SDK/GD32VW55x_RELEASE_V1.0.2/MSDK/wpa_supplicant/wpa_supplicant\eap_register.c **** #endif /* CONFIG_HS20 */
  48:C:/Users/stapi/OneDrive/Desktop/GD32VW553/V1_MQTT_OK/GD32VW55X_Wifi_BLE_SDK/GD32VW55x_RELEASE_V1.0.2/MSDK/wpa_supplicant/wpa_supplicant\eap_register.c **** #endif /* EAP_TLS */
  49:C:/Users/stapi/OneDrive/Desktop/GD32VW553/V1_MQTT_OK/GD32VW55X_Wifi_BLE_SDK/GD32VW55x_RELEASE_V1.0.2/MSDK/wpa_supplicant/wpa_supplicant\eap_register.c **** 
  50:C:/Users/stapi/OneDrive/Desktop/GD32VW553/V1_MQTT_OK/GD32VW55X_Wifi_BLE_SDK/GD32VW55x_RELEASE_V1.0.2/MSDK/wpa_supplicant/wpa_supplicant\eap_register.c **** #ifdef EAP_MSCHAPv2
  51:C:/Users/stapi/OneDrive/Desktop/GD32VW553/V1_MQTT_OK/GD32VW55X_Wifi_BLE_SDK/GD32VW55x_RELEASE_V1.0.2/MSDK/wpa_supplicant/wpa_supplicant\eap_register.c **** 	if (ret == 0)
  52:C:/Users/stapi/OneDrive/Desktop/GD32VW553/V1_MQTT_OK/GD32VW55X_Wifi_BLE_SDK/GD32VW55x_RELEASE_V1.0.2/MSDK/wpa_supplicant/wpa_supplicant\eap_register.c **** 		ret = eap_peer_mschapv2_register();
  53:C:/Users/stapi/OneDrive/Desktop/GD32VW553/V1_MQTT_OK/GD32VW55X_Wifi_BLE_SDK/GD32VW55x_RELEASE_V1.0.2/MSDK/wpa_supplicant/wpa_supplicant\eap_register.c **** #endif /* EAP_MSCHAPv2 */
  54:C:/Users/stapi/OneDrive/Desktop/GD32VW553/V1_MQTT_OK/GD32VW55X_Wifi_BLE_SDK/GD32VW55x_RELEASE_V1.0.2/MSDK/wpa_supplicant/wpa_supplicant\eap_register.c **** 
  55:C:/Users/stapi/OneDrive/Desktop/GD32VW553/V1_MQTT_OK/GD32VW55X_Wifi_BLE_SDK/GD32VW55x_RELEASE_V1.0.2/MSDK/wpa_supplicant/wpa_supplicant\eap_register.c **** #ifdef EAP_PEAP
  56:C:/Users/stapi/OneDrive/Desktop/GD32VW553/V1_MQTT_OK/GD32VW55X_Wifi_BLE_SDK/GD32VW55x_RELEASE_V1.0.2/MSDK/wpa_supplicant/wpa_supplicant\eap_register.c **** 	if (ret == 0)
  57:C:/Users/stapi/OneDrive/Desktop/GD32VW553/V1_MQTT_OK/GD32VW55X_Wifi_BLE_SDK/GD32VW55x_RELEASE_V1.0.2/MSDK/wpa_supplicant/wpa_supplicant\eap_register.c **** 		ret = eap_peer_peap_register();
  58:C:/Users/stapi/OneDrive/Desktop/GD32VW553/V1_MQTT_OK/GD32VW55X_Wifi_BLE_SDK/GD32VW55x_RELEASE_V1.0.2/MSDK/wpa_supplicant/wpa_supplicant\eap_register.c **** #endif /* EAP_PEAP */
  59:C:/Users/stapi/OneDrive/Desktop/GD32VW553/V1_MQTT_OK/GD32VW55X_Wifi_BLE_SDK/GD32VW55x_RELEASE_V1.0.2/MSDK/wpa_supplicant/wpa_supplicant\eap_register.c **** 
  60:C:/Users/stapi/OneDrive/Desktop/GD32VW553/V1_MQTT_OK/GD32VW55X_Wifi_BLE_SDK/GD32VW55x_RELEASE_V1.0.2/MSDK/wpa_supplicant/wpa_supplicant\eap_register.c **** #ifdef EAP_TTLS
  61:C:/Users/stapi/OneDrive/Desktop/GD32VW553/V1_MQTT_OK/GD32VW55X_Wifi_BLE_SDK/GD32VW55x_RELEASE_V1.0.2/MSDK/wpa_supplicant/wpa_supplicant\eap_register.c **** 	if (ret == 0)
  62:C:/Users/stapi/OneDrive/Desktop/GD32VW553/V1_MQTT_OK/GD32VW55X_Wifi_BLE_SDK/GD32VW55x_RELEASE_V1.0.2/MSDK/wpa_supplicant/wpa_supplicant\eap_register.c **** 		ret = eap_peer_ttls_register();
  63:C:/Users/stapi/OneDrive/Desktop/GD32VW553/V1_MQTT_OK/GD32VW55X_Wifi_BLE_SDK/GD32VW55x_RELEASE_V1.0.2/MSDK/wpa_supplicant/wpa_supplicant\eap_register.c **** #endif /* EAP_TTLS */
  64:C:/Users/stapi/OneDrive/Desktop/GD32VW553/V1_MQTT_OK/GD32VW55X_Wifi_BLE_SDK/GD32VW55x_RELEASE_V1.0.2/MSDK/wpa_supplicant/wpa_supplicant\eap_register.c **** 
  65:C:/Users/stapi/OneDrive/Desktop/GD32VW553/V1_MQTT_OK/GD32VW55X_Wifi_BLE_SDK/GD32VW55x_RELEASE_V1.0.2/MSDK/wpa_supplicant/wpa_supplicant\eap_register.c **** #ifdef EAP_GTC
  66:C:/Users/stapi/OneDrive/Desktop/GD32VW553/V1_MQTT_OK/GD32VW55X_Wifi_BLE_SDK/GD32VW55x_RELEASE_V1.0.2/MSDK/wpa_supplicant/wpa_supplicant\eap_register.c **** 	if (ret == 0)
  67:C:/Users/stapi/OneDrive/Desktop/GD32VW553/V1_MQTT_OK/GD32VW55X_Wifi_BLE_SDK/GD32VW55x_RELEASE_V1.0.2/MSDK/wpa_supplicant/wpa_supplicant\eap_register.c **** 		ret = eap_peer_gtc_register();
  68:C:/Users/stapi/OneDrive/Desktop/GD32VW553/V1_MQTT_OK/GD32VW55X_Wifi_BLE_SDK/GD32VW55x_RELEASE_V1.0.2/MSDK/wpa_supplicant/wpa_supplicant\eap_register.c **** #endif /* EAP_GTC */
  69:C:/Users/stapi/OneDrive/Desktop/GD32VW553/V1_MQTT_OK/GD32VW55X_Wifi_BLE_SDK/GD32VW55x_RELEASE_V1.0.2/MSDK/wpa_supplicant/wpa_supplicant\eap_register.c **** 
  70:C:/Users/stapi/OneDrive/Desktop/GD32VW553/V1_MQTT_OK/GD32VW55X_Wifi_BLE_SDK/GD32VW55x_RELEASE_V1.0.2/MSDK/wpa_supplicant/wpa_supplicant\eap_register.c **** #ifdef EAP_OTP
  71:C:/Users/stapi/OneDrive/Desktop/GD32VW553/V1_MQTT_OK/GD32VW55X_Wifi_BLE_SDK/GD32VW55x_RELEASE_V1.0.2/MSDK/wpa_supplicant/wpa_supplicant\eap_register.c **** 	if (ret == 0)
  72:C:/Users/stapi/OneDrive/Desktop/GD32VW553/V1_MQTT_OK/GD32VW55X_Wifi_BLE_SDK/GD32VW55x_RELEASE_V1.0.2/MSDK/wpa_supplicant/wpa_supplicant\eap_register.c **** 		ret = eap_peer_otp_register();
  73:C:/Users/stapi/OneDrive/Desktop/GD32VW553/V1_MQTT_OK/GD32VW55X_Wifi_BLE_SDK/GD32VW55x_RELEASE_V1.0.2/MSDK/wpa_supplicant/wpa_supplicant\eap_register.c **** #endif /* EAP_OTP */
  74:C:/Users/stapi/OneDrive/Desktop/GD32VW553/V1_MQTT_OK/GD32VW55X_Wifi_BLE_SDK/GD32VW55x_RELEASE_V1.0.2/MSDK/wpa_supplicant/wpa_supplicant\eap_register.c **** 
  75:C:/Users/stapi/OneDrive/Desktop/GD32VW553/V1_MQTT_OK/GD32VW55X_Wifi_BLE_SDK/GD32VW55x_RELEASE_V1.0.2/MSDK/wpa_supplicant/wpa_supplicant\eap_register.c **** #ifdef EAP_SIM
  76:C:/Users/stapi/OneDrive/Desktop/GD32VW553/V1_MQTT_OK/GD32VW55X_Wifi_BLE_SDK/GD32VW55x_RELEASE_V1.0.2/MSDK/wpa_supplicant/wpa_supplicant\eap_register.c **** 	if (ret == 0)
  77:C:/Users/stapi/OneDrive/Desktop/GD32VW553/V1_MQTT_OK/GD32VW55X_Wifi_BLE_SDK/GD32VW55x_RELEASE_V1.0.2/MSDK/wpa_supplicant/wpa_supplicant\eap_register.c **** 		ret = eap_peer_sim_register();
  78:C:/Users/stapi/OneDrive/Desktop/GD32VW553/V1_MQTT_OK/GD32VW55X_Wifi_BLE_SDK/GD32VW55x_RELEASE_V1.0.2/MSDK/wpa_supplicant/wpa_supplicant\eap_register.c **** #endif /* EAP_SIM */
  79:C:/Users/stapi/OneDrive/Desktop/GD32VW553/V1_MQTT_OK/GD32VW55X_Wifi_BLE_SDK/GD32VW55x_RELEASE_V1.0.2/MSDK/wpa_supplicant/wpa_supplicant\eap_register.c **** 
  80:C:/Users/stapi/OneDrive/Desktop/GD32VW553/V1_MQTT_OK/GD32VW55X_Wifi_BLE_SDK/GD32VW55x_RELEASE_V1.0.2/MSDK/wpa_supplicant/wpa_supplicant\eap_register.c **** #ifdef EAP_LEAP
  81:C:/Users/stapi/OneDrive/Desktop/GD32VW553/V1_MQTT_OK/GD32VW55X_Wifi_BLE_SDK/GD32VW55x_RELEASE_V1.0.2/MSDK/wpa_supplicant/wpa_supplicant\eap_register.c **** 	if (ret == 0)
  82:C:/Users/stapi/OneDrive/Desktop/GD32VW553/V1_MQTT_OK/GD32VW55X_Wifi_BLE_SDK/GD32VW55x_RELEASE_V1.0.2/MSDK/wpa_supplicant/wpa_supplicant\eap_register.c **** 		ret = eap_peer_leap_register();
  83:C:/Users/stapi/OneDrive/Desktop/GD32VW553/V1_MQTT_OK/GD32VW55X_Wifi_BLE_SDK/GD32VW55x_RELEASE_V1.0.2/MSDK/wpa_supplicant/wpa_supplicant\eap_register.c **** #endif /* EAP_LEAP */
  84:C:/Users/stapi/OneDrive/Desktop/GD32VW553/V1_MQTT_OK/GD32VW55X_Wifi_BLE_SDK/GD32VW55x_RELEASE_V1.0.2/MSDK/wpa_supplicant/wpa_supplicant\eap_register.c **** 
  85:C:/Users/stapi/OneDrive/Desktop/GD32VW553/V1_MQTT_OK/GD32VW55X_Wifi_BLE_SDK/GD32VW55x_RELEASE_V1.0.2/MSDK/wpa_supplicant/wpa_supplicant\eap_register.c **** #ifdef EAP_PSK
  86:C:/Users/stapi/OneDrive/Desktop/GD32VW553/V1_MQTT_OK/GD32VW55X_Wifi_BLE_SDK/GD32VW55x_RELEASE_V1.0.2/MSDK/wpa_supplicant/wpa_supplicant\eap_register.c **** 	if (ret == 0)
  87:C:/Users/stapi/OneDrive/Desktop/GD32VW553/V1_MQTT_OK/GD32VW55X_Wifi_BLE_SDK/GD32VW55x_RELEASE_V1.0.2/MSDK/wpa_supplicant/wpa_supplicant\eap_register.c **** 		ret = eap_peer_psk_register();
  88:C:/Users/stapi/OneDrive/Desktop/GD32VW553/V1_MQTT_OK/GD32VW55X_Wifi_BLE_SDK/GD32VW55x_RELEASE_V1.0.2/MSDK/wpa_supplicant/wpa_supplicant\eap_register.c **** #endif /* EAP_PSK */
  89:C:/Users/stapi/OneDrive/Desktop/GD32VW553/V1_MQTT_OK/GD32VW55X_Wifi_BLE_SDK/GD32VW55x_RELEASE_V1.0.2/MSDK/wpa_supplicant/wpa_supplicant\eap_register.c **** 
  90:C:/Users/stapi/OneDrive/Desktop/GD32VW553/V1_MQTT_OK/GD32VW55X_Wifi_BLE_SDK/GD32VW55x_RELEASE_V1.0.2/MSDK/wpa_supplicant/wpa_supplicant\eap_register.c **** #ifdef EAP_AKA
  91:C:/Users/stapi/OneDrive/Desktop/GD32VW553/V1_MQTT_OK/GD32VW55X_Wifi_BLE_SDK/GD32VW55x_RELEASE_V1.0.2/MSDK/wpa_supplicant/wpa_supplicant\eap_register.c **** 	if (ret == 0)
  92:C:/Users/stapi/OneDrive/Desktop/GD32VW553/V1_MQTT_OK/GD32VW55X_Wifi_BLE_SDK/GD32VW55x_RELEASE_V1.0.2/MSDK/wpa_supplicant/wpa_supplicant\eap_register.c **** 		ret = eap_peer_aka_register();
  93:C:/Users/stapi/OneDrive/Desktop/GD32VW553/V1_MQTT_OK/GD32VW55X_Wifi_BLE_SDK/GD32VW55x_RELEASE_V1.0.2/MSDK/wpa_supplicant/wpa_supplicant\eap_register.c **** #endif /* EAP_AKA */
  94:C:/Users/stapi/OneDrive/Desktop/GD32VW553/V1_MQTT_OK/GD32VW55X_Wifi_BLE_SDK/GD32VW55x_RELEASE_V1.0.2/MSDK/wpa_supplicant/wpa_supplicant\eap_register.c **** 
  95:C:/Users/stapi/OneDrive/Desktop/GD32VW553/V1_MQTT_OK/GD32VW55X_Wifi_BLE_SDK/GD32VW55x_RELEASE_V1.0.2/MSDK/wpa_supplicant/wpa_supplicant\eap_register.c **** #ifdef EAP_AKA_PRIME
  96:C:/Users/stapi/OneDrive/Desktop/GD32VW553/V1_MQTT_OK/GD32VW55X_Wifi_BLE_SDK/GD32VW55x_RELEASE_V1.0.2/MSDK/wpa_supplicant/wpa_supplicant\eap_register.c **** 	if (ret == 0)
  97:C:/Users/stapi/OneDrive/Desktop/GD32VW553/V1_MQTT_OK/GD32VW55X_Wifi_BLE_SDK/GD32VW55x_RELEASE_V1.0.2/MSDK/wpa_supplicant/wpa_supplicant\eap_register.c **** 		ret = eap_peer_aka_prime_register();
  98:C:/Users/stapi/OneDrive/Desktop/GD32VW553/V1_MQTT_OK/GD32VW55X_Wifi_BLE_SDK/GD32VW55x_RELEASE_V1.0.2/MSDK/wpa_supplicant/wpa_supplicant\eap_register.c **** #endif /* EAP_AKA_PRIME */
  99:C:/Users/stapi/OneDrive/Desktop/GD32VW553/V1_MQTT_OK/GD32VW55X_Wifi_BLE_SDK/GD32VW55x_RELEASE_V1.0.2/MSDK/wpa_supplicant/wpa_supplicant\eap_register.c **** 
 100:C:/Users/stapi/OneDrive/Desktop/GD32VW553/V1_MQTT_OK/GD32VW55X_Wifi_BLE_SDK/GD32VW55x_RELEASE_V1.0.2/MSDK/wpa_supplicant/wpa_supplicant\eap_register.c **** #ifdef EAP_FAST
 101:C:/Users/stapi/OneDrive/Desktop/GD32VW553/V1_MQTT_OK/GD32VW55X_Wifi_BLE_SDK/GD32VW55x_RELEASE_V1.0.2/MSDK/wpa_supplicant/wpa_supplicant\eap_register.c **** 	if (ret == 0)
 102:C:/Users/stapi/OneDrive/Desktop/GD32VW553/V1_MQTT_OK/GD32VW55X_Wifi_BLE_SDK/GD32VW55x_RELEASE_V1.0.2/MSDK/wpa_supplicant/wpa_supplicant\eap_register.c **** 		ret = eap_peer_fast_register();
 103:C:/Users/stapi/OneDrive/Desktop/GD32VW553/V1_MQTT_OK/GD32VW55X_Wifi_BLE_SDK/GD32VW55x_RELEASE_V1.0.2/MSDK/wpa_supplicant/wpa_supplicant\eap_register.c **** #endif /* EAP_FAST */
 104:C:/Users/stapi/OneDrive/Desktop/GD32VW553/V1_MQTT_OK/GD32VW55X_Wifi_BLE_SDK/GD32VW55x_RELEASE_V1.0.2/MSDK/wpa_supplicant/wpa_supplicant\eap_register.c **** 
 105:C:/Users/stapi/OneDrive/Desktop/GD32VW553/V1_MQTT_OK/GD32VW55X_Wifi_BLE_SDK/GD32VW55x_RELEASE_V1.0.2/MSDK/wpa_supplicant/wpa_supplicant\eap_register.c **** #ifdef EAP_TEAP
 106:C:/Users/stapi/OneDrive/Desktop/GD32VW553/V1_MQTT_OK/GD32VW55X_Wifi_BLE_SDK/GD32VW55x_RELEASE_V1.0.2/MSDK/wpa_supplicant/wpa_supplicant\eap_register.c **** 	if (ret == 0)
 107:C:/Users/stapi/OneDrive/Desktop/GD32VW553/V1_MQTT_OK/GD32VW55X_Wifi_BLE_SDK/GD32VW55x_RELEASE_V1.0.2/MSDK/wpa_supplicant/wpa_supplicant\eap_register.c **** 		ret = eap_peer_teap_register();
 108:C:/Users/stapi/OneDrive/Desktop/GD32VW553/V1_MQTT_OK/GD32VW55X_Wifi_BLE_SDK/GD32VW55x_RELEASE_V1.0.2/MSDK/wpa_supplicant/wpa_supplicant\eap_register.c **** #endif /* EAP_TEAP */
 109:C:/Users/stapi/OneDrive/Desktop/GD32VW553/V1_MQTT_OK/GD32VW55X_Wifi_BLE_SDK/GD32VW55x_RELEASE_V1.0.2/MSDK/wpa_supplicant/wpa_supplicant\eap_register.c **** 
 110:C:/Users/stapi/OneDrive/Desktop/GD32VW553/V1_MQTT_OK/GD32VW55X_Wifi_BLE_SDK/GD32VW55x_RELEASE_V1.0.2/MSDK/wpa_supplicant/wpa_supplicant\eap_register.c **** #ifdef EAP_PAX
 111:C:/Users/stapi/OneDrive/Desktop/GD32VW553/V1_MQTT_OK/GD32VW55X_Wifi_BLE_SDK/GD32VW55x_RELEASE_V1.0.2/MSDK/wpa_supplicant/wpa_supplicant\eap_register.c **** 	if (ret == 0)
 112:C:/Users/stapi/OneDrive/Desktop/GD32VW553/V1_MQTT_OK/GD32VW55X_Wifi_BLE_SDK/GD32VW55x_RELEASE_V1.0.2/MSDK/wpa_supplicant/wpa_supplicant\eap_register.c **** 		ret = eap_peer_pax_register();
 113:C:/Users/stapi/OneDrive/Desktop/GD32VW553/V1_MQTT_OK/GD32VW55X_Wifi_BLE_SDK/GD32VW55x_RELEASE_V1.0.2/MSDK/wpa_supplicant/wpa_supplicant\eap_register.c **** #endif /* EAP_PAX */
 114:C:/Users/stapi/OneDrive/Desktop/GD32VW553/V1_MQTT_OK/GD32VW55X_Wifi_BLE_SDK/GD32VW55x_RELEASE_V1.0.2/MSDK/wpa_supplicant/wpa_supplicant\eap_register.c **** 
 115:C:/Users/stapi/OneDrive/Desktop/GD32VW553/V1_MQTT_OK/GD32VW55X_Wifi_BLE_SDK/GD32VW55x_RELEASE_V1.0.2/MSDK/wpa_supplicant/wpa_supplicant\eap_register.c **** #ifdef EAP_SAKE
 116:C:/Users/stapi/OneDrive/Desktop/GD32VW553/V1_MQTT_OK/GD32VW55X_Wifi_BLE_SDK/GD32VW55x_RELEASE_V1.0.2/MSDK/wpa_supplicant/wpa_supplicant\eap_register.c **** 	if (ret == 0)
 117:C:/Users/stapi/OneDrive/Desktop/GD32VW553/V1_MQTT_OK/GD32VW55X_Wifi_BLE_SDK/GD32VW55x_RELEASE_V1.0.2/MSDK/wpa_supplicant/wpa_supplicant\eap_register.c **** 		ret = eap_peer_sake_register();
 118:C:/Users/stapi/OneDrive/Desktop/GD32VW553/V1_MQTT_OK/GD32VW55X_Wifi_BLE_SDK/GD32VW55x_RELEASE_V1.0.2/MSDK/wpa_supplicant/wpa_supplicant\eap_register.c **** #endif /* EAP_SAKE */
 119:C:/Users/stapi/OneDrive/Desktop/GD32VW553/V1_MQTT_OK/GD32VW55X_Wifi_BLE_SDK/GD32VW55x_RELEASE_V1.0.2/MSDK/wpa_supplicant/wpa_supplicant\eap_register.c **** 
 120:C:/Users/stapi/OneDrive/Desktop/GD32VW553/V1_MQTT_OK/GD32VW55X_Wifi_BLE_SDK/GD32VW55x_RELEASE_V1.0.2/MSDK/wpa_supplicant/wpa_supplicant\eap_register.c **** #ifdef EAP_GPSK
 121:C:/Users/stapi/OneDrive/Desktop/GD32VW553/V1_MQTT_OK/GD32VW55X_Wifi_BLE_SDK/GD32VW55x_RELEASE_V1.0.2/MSDK/wpa_supplicant/wpa_supplicant\eap_register.c **** 	if (ret == 0)
 122:C:/Users/stapi/OneDrive/Desktop/GD32VW553/V1_MQTT_OK/GD32VW55X_Wifi_BLE_SDK/GD32VW55x_RELEASE_V1.0.2/MSDK/wpa_supplicant/wpa_supplicant\eap_register.c **** 		ret = eap_peer_gpsk_register();
 123:C:/Users/stapi/OneDrive/Desktop/GD32VW553/V1_MQTT_OK/GD32VW55X_Wifi_BLE_SDK/GD32VW55x_RELEASE_V1.0.2/MSDK/wpa_supplicant/wpa_supplicant\eap_register.c **** #endif /* EAP_GPSK */
 124:C:/Users/stapi/OneDrive/Desktop/GD32VW553/V1_MQTT_OK/GD32VW55X_Wifi_BLE_SDK/GD32VW55x_RELEASE_V1.0.2/MSDK/wpa_supplicant/wpa_supplicant\eap_register.c **** 
 125:C:/Users/stapi/OneDrive/Desktop/GD32VW553/V1_MQTT_OK/GD32VW55X_Wifi_BLE_SDK/GD32VW55x_RELEASE_V1.0.2/MSDK/wpa_supplicant/wpa_supplicant\eap_register.c **** #ifdef EAP_WSC
 126:C:/Users/stapi/OneDrive/Desktop/GD32VW553/V1_MQTT_OK/GD32VW55X_Wifi_BLE_SDK/GD32VW55x_RELEASE_V1.0.2/MSDK/wpa_supplicant/wpa_supplicant\eap_register.c **** 	if (ret == 0)
 127:C:/Users/stapi/OneDrive/Desktop/GD32VW553/V1_MQTT_OK/GD32VW55X_Wifi_BLE_SDK/GD32VW55x_RELEASE_V1.0.2/MSDK/wpa_supplicant/wpa_supplicant\eap_register.c **** 		ret = eap_peer_wsc_register();
 128:C:/Users/stapi/OneDrive/Desktop/GD32VW553/V1_MQTT_OK/GD32VW55X_Wifi_BLE_SDK/GD32VW55x_RELEASE_V1.0.2/MSDK/wpa_supplicant/wpa_supplicant\eap_register.c **** #endif /* EAP_WSC */
 129:C:/Users/stapi/OneDrive/Desktop/GD32VW553/V1_MQTT_OK/GD32VW55X_Wifi_BLE_SDK/GD32VW55x_RELEASE_V1.0.2/MSDK/wpa_supplicant/wpa_supplicant\eap_register.c **** 
 130:C:/Users/stapi/OneDrive/Desktop/GD32VW553/V1_MQTT_OK/GD32VW55X_Wifi_BLE_SDK/GD32VW55x_RELEASE_V1.0.2/MSDK/wpa_supplicant/wpa_supplicant\eap_register.c **** #ifdef EAP_IKEV2
 131:C:/Users/stapi/OneDrive/Desktop/GD32VW553/V1_MQTT_OK/GD32VW55X_Wifi_BLE_SDK/GD32VW55x_RELEASE_V1.0.2/MSDK/wpa_supplicant/wpa_supplicant\eap_register.c **** 	if (ret == 0)
 132:C:/Users/stapi/OneDrive/Desktop/GD32VW553/V1_MQTT_OK/GD32VW55X_Wifi_BLE_SDK/GD32VW55x_RELEASE_V1.0.2/MSDK/wpa_supplicant/wpa_supplicant\eap_register.c **** 		ret = eap_peer_ikev2_register();
 133:C:/Users/stapi/OneDrive/Desktop/GD32VW553/V1_MQTT_OK/GD32VW55X_Wifi_BLE_SDK/GD32VW55x_RELEASE_V1.0.2/MSDK/wpa_supplicant/wpa_supplicant\eap_register.c **** #endif /* EAP_IKEV2 */
 134:C:/Users/stapi/OneDrive/Desktop/GD32VW553/V1_MQTT_OK/GD32VW55X_Wifi_BLE_SDK/GD32VW55x_RELEASE_V1.0.2/MSDK/wpa_supplicant/wpa_supplicant\eap_register.c **** 
 135:C:/Users/stapi/OneDrive/Desktop/GD32VW553/V1_MQTT_OK/GD32VW55X_Wifi_BLE_SDK/GD32VW55x_RELEASE_V1.0.2/MSDK/wpa_supplicant/wpa_supplicant\eap_register.c **** #ifdef EAP_VENDOR_TEST
 136:C:/Users/stapi/OneDrive/Desktop/GD32VW553/V1_MQTT_OK/GD32VW55X_Wifi_BLE_SDK/GD32VW55x_RELEASE_V1.0.2/MSDK/wpa_supplicant/wpa_supplicant\eap_register.c **** 	if (ret == 0)
 137:C:/Users/stapi/OneDrive/Desktop/GD32VW553/V1_MQTT_OK/GD32VW55X_Wifi_BLE_SDK/GD32VW55x_RELEASE_V1.0.2/MSDK/wpa_supplicant/wpa_supplicant\eap_register.c **** 		ret = eap_peer_vendor_test_register();
 138:C:/Users/stapi/OneDrive/Desktop/GD32VW553/V1_MQTT_OK/GD32VW55X_Wifi_BLE_SDK/GD32VW55x_RELEASE_V1.0.2/MSDK/wpa_supplicant/wpa_supplicant\eap_register.c **** #endif /* EAP_VENDOR_TEST */
 139:C:/Users/stapi/OneDrive/Desktop/GD32VW553/V1_MQTT_OK/GD32VW55X_Wifi_BLE_SDK/GD32VW55x_RELEASE_V1.0.2/MSDK/wpa_supplicant/wpa_supplicant\eap_register.c **** 
 140:C:/Users/stapi/OneDrive/Desktop/GD32VW553/V1_MQTT_OK/GD32VW55X_Wifi_BLE_SDK/GD32VW55x_RELEASE_V1.0.2/MSDK/wpa_supplicant/wpa_supplicant\eap_register.c **** #ifdef EAP_TNC
 141:C:/Users/stapi/OneDrive/Desktop/GD32VW553/V1_MQTT_OK/GD32VW55X_Wifi_BLE_SDK/GD32VW55x_RELEASE_V1.0.2/MSDK/wpa_supplicant/wpa_supplicant\eap_register.c **** 	if (ret == 0)
 142:C:/Users/stapi/OneDrive/Desktop/GD32VW553/V1_MQTT_OK/GD32VW55X_Wifi_BLE_SDK/GD32VW55x_RELEASE_V1.0.2/MSDK/wpa_supplicant/wpa_supplicant\eap_register.c **** 		ret = eap_peer_tnc_register();
 143:C:/Users/stapi/OneDrive/Desktop/GD32VW553/V1_MQTT_OK/GD32VW55X_Wifi_BLE_SDK/GD32VW55x_RELEASE_V1.0.2/MSDK/wpa_supplicant/wpa_supplicant\eap_register.c **** #endif /* EAP_TNC */
 144:C:/Users/stapi/OneDrive/Desktop/GD32VW553/V1_MQTT_OK/GD32VW55X_Wifi_BLE_SDK/GD32VW55x_RELEASE_V1.0.2/MSDK/wpa_supplicant/wpa_supplicant\eap_register.c **** 
 145:C:/Users/stapi/OneDrive/Desktop/GD32VW553/V1_MQTT_OK/GD32VW55X_Wifi_BLE_SDK/GD32VW55x_RELEASE_V1.0.2/MSDK/wpa_supplicant/wpa_supplicant\eap_register.c **** #ifdef EAP_PWD
 146:C:/Users/stapi/OneDrive/Desktop/GD32VW553/V1_MQTT_OK/GD32VW55X_Wifi_BLE_SDK/GD32VW55x_RELEASE_V1.0.2/MSDK/wpa_supplicant/wpa_supplicant\eap_register.c **** 	if (ret == 0)
 147:C:/Users/stapi/OneDrive/Desktop/GD32VW553/V1_MQTT_OK/GD32VW55X_Wifi_BLE_SDK/GD32VW55x_RELEASE_V1.0.2/MSDK/wpa_supplicant/wpa_supplicant\eap_register.c **** 		ret = eap_peer_pwd_register();
 148:C:/Users/stapi/OneDrive/Desktop/GD32VW553/V1_MQTT_OK/GD32VW55X_Wifi_BLE_SDK/GD32VW55x_RELEASE_V1.0.2/MSDK/wpa_supplicant/wpa_supplicant\eap_register.c **** #endif /* EAP_PWD */
 149:C:/Users/stapi/OneDrive/Desktop/GD32VW553/V1_MQTT_OK/GD32VW55X_Wifi_BLE_SDK/GD32VW55x_RELEASE_V1.0.2/MSDK/wpa_supplicant/wpa_supplicant\eap_register.c **** 
 150:C:/Users/stapi/OneDrive/Desktop/GD32VW553/V1_MQTT_OK/GD32VW55X_Wifi_BLE_SDK/GD32VW55x_RELEASE_V1.0.2/MSDK/wpa_supplicant/wpa_supplicant\eap_register.c **** #ifdef EAP_EKE
 151:C:/Users/stapi/OneDrive/Desktop/GD32VW553/V1_MQTT_OK/GD32VW55X_Wifi_BLE_SDK/GD32VW55x_RELEASE_V1.0.2/MSDK/wpa_supplicant/wpa_supplicant\eap_register.c **** 	if (ret == 0)
 152:C:/Users/stapi/OneDrive/Desktop/GD32VW553/V1_MQTT_OK/GD32VW55X_Wifi_BLE_SDK/GD32VW55x_RELEASE_V1.0.2/MSDK/wpa_supplicant/wpa_supplicant\eap_register.c **** 		ret = eap_peer_eke_register();
 153:C:/Users/stapi/OneDrive/Desktop/GD32VW553/V1_MQTT_OK/GD32VW55X_Wifi_BLE_SDK/GD32VW55x_RELEASE_V1.0.2/MSDK/wpa_supplicant/wpa_supplicant\eap_register.c **** #endif /* EAP_EKE */
 154:C:/Users/stapi/OneDrive/Desktop/GD32VW553/V1_MQTT_OK/GD32VW55X_Wifi_BLE_SDK/GD32VW55x_RELEASE_V1.0.2/MSDK/wpa_supplicant/wpa_supplicant\eap_register.c **** 
 155:C:/Users/stapi/OneDrive/Desktop/GD32VW553/V1_MQTT_OK/GD32VW55X_Wifi_BLE_SDK/GD32VW55x_RELEASE_V1.0.2/MSDK/wpa_supplicant/wpa_supplicant\eap_register.c **** #ifdef EAP_SERVER_IDENTITY
 156:C:/Users/stapi/OneDrive/Desktop/GD32VW553/V1_MQTT_OK/GD32VW55X_Wifi_BLE_SDK/GD32VW55x_RELEASE_V1.0.2/MSDK/wpa_supplicant/wpa_supplicant\eap_register.c **** 	if (ret == 0)
 157:C:/Users/stapi/OneDrive/Desktop/GD32VW553/V1_MQTT_OK/GD32VW55X_Wifi_BLE_SDK/GD32VW55x_RELEASE_V1.0.2/MSDK/wpa_supplicant/wpa_supplicant\eap_register.c **** 		ret = eap_server_identity_register();
 158:C:/Users/stapi/OneDrive/Desktop/GD32VW553/V1_MQTT_OK/GD32VW55X_Wifi_BLE_SDK/GD32VW55x_RELEASE_V1.0.2/MSDK/wpa_supplicant/wpa_supplicant\eap_register.c **** #endif /* EAP_SERVER_IDENTITY */
 159:C:/Users/stapi/OneDrive/Desktop/GD32VW553/V1_MQTT_OK/GD32VW55X_Wifi_BLE_SDK/GD32VW55x_RELEASE_V1.0.2/MSDK/wpa_supplicant/wpa_supplicant\eap_register.c **** 
 160:C:/Users/stapi/OneDrive/Desktop/GD32VW553/V1_MQTT_OK/GD32VW55X_Wifi_BLE_SDK/GD32VW55x_RELEASE_V1.0.2/MSDK/wpa_supplicant/wpa_supplicant\eap_register.c **** #ifdef EAP_SERVER_MD5
 161:C:/Users/stapi/OneDrive/Desktop/GD32VW553/V1_MQTT_OK/GD32VW55X_Wifi_BLE_SDK/GD32VW55x_RELEASE_V1.0.2/MSDK/wpa_supplicant/wpa_supplicant\eap_register.c **** 	if (ret == 0)
 162:C:/Users/stapi/OneDrive/Desktop/GD32VW553/V1_MQTT_OK/GD32VW55X_Wifi_BLE_SDK/GD32VW55x_RELEASE_V1.0.2/MSDK/wpa_supplicant/wpa_supplicant\eap_register.c **** 		ret = eap_server_md5_register();
 163:C:/Users/stapi/OneDrive/Desktop/GD32VW553/V1_MQTT_OK/GD32VW55X_Wifi_BLE_SDK/GD32VW55x_RELEASE_V1.0.2/MSDK/wpa_supplicant/wpa_supplicant\eap_register.c **** #endif /* EAP_SERVER_MD5 */
 164:C:/Users/stapi/OneDrive/Desktop/GD32VW553/V1_MQTT_OK/GD32VW55X_Wifi_BLE_SDK/GD32VW55x_RELEASE_V1.0.2/MSDK/wpa_supplicant/wpa_supplicant\eap_register.c **** 
 165:C:/Users/stapi/OneDrive/Desktop/GD32VW553/V1_MQTT_OK/GD32VW55X_Wifi_BLE_SDK/GD32VW55x_RELEASE_V1.0.2/MSDK/wpa_supplicant/wpa_supplicant\eap_register.c **** #ifdef EAP_SERVER_TLS
 166:C:/Users/stapi/OneDrive/Desktop/GD32VW553/V1_MQTT_OK/GD32VW55X_Wifi_BLE_SDK/GD32VW55x_RELEASE_V1.0.2/MSDK/wpa_supplicant/wpa_supplicant\eap_register.c **** 	if (ret == 0)
 167:C:/Users/stapi/OneDrive/Desktop/GD32VW553/V1_MQTT_OK/GD32VW55X_Wifi_BLE_SDK/GD32VW55x_RELEASE_V1.0.2/MSDK/wpa_supplicant/wpa_supplicant\eap_register.c **** 		ret = eap_server_tls_register();
 168:C:/Users/stapi/OneDrive/Desktop/GD32VW553/V1_MQTT_OK/GD32VW55X_Wifi_BLE_SDK/GD32VW55x_RELEASE_V1.0.2/MSDK/wpa_supplicant/wpa_supplicant\eap_register.c **** #endif /* EAP_SERVER_TLS */
 169:C:/Users/stapi/OneDrive/Desktop/GD32VW553/V1_MQTT_OK/GD32VW55X_Wifi_BLE_SDK/GD32VW55x_RELEASE_V1.0.2/MSDK/wpa_supplicant/wpa_supplicant\eap_register.c **** 
 170:C:/Users/stapi/OneDrive/Desktop/GD32VW553/V1_MQTT_OK/GD32VW55X_Wifi_BLE_SDK/GD32VW55x_RELEASE_V1.0.2/MSDK/wpa_supplicant/wpa_supplicant\eap_register.c **** #ifdef EAP_SERVER_UNAUTH_TLS
 171:C:/Users/stapi/OneDrive/Desktop/GD32VW553/V1_MQTT_OK/GD32VW55X_Wifi_BLE_SDK/GD32VW55x_RELEASE_V1.0.2/MSDK/wpa_supplicant/wpa_supplicant\eap_register.c **** 	if (ret == 0)
 172:C:/Users/stapi/OneDrive/Desktop/GD32VW553/V1_MQTT_OK/GD32VW55X_Wifi_BLE_SDK/GD32VW55x_RELEASE_V1.0.2/MSDK/wpa_supplicant/wpa_supplicant\eap_register.c **** 		ret = eap_server_unauth_tls_register();
 173:C:/Users/stapi/OneDrive/Desktop/GD32VW553/V1_MQTT_OK/GD32VW55X_Wifi_BLE_SDK/GD32VW55x_RELEASE_V1.0.2/MSDK/wpa_supplicant/wpa_supplicant\eap_register.c **** #endif /* EAP_SERVER_UNAUTH_TLS */
 174:C:/Users/stapi/OneDrive/Desktop/GD32VW553/V1_MQTT_OK/GD32VW55X_Wifi_BLE_SDK/GD32VW55x_RELEASE_V1.0.2/MSDK/wpa_supplicant/wpa_supplicant\eap_register.c **** 
 175:C:/Users/stapi/OneDrive/Desktop/GD32VW553/V1_MQTT_OK/GD32VW55X_Wifi_BLE_SDK/GD32VW55x_RELEASE_V1.0.2/MSDK/wpa_supplicant/wpa_supplicant\eap_register.c **** #ifdef EAP_SERVER_MSCHAPV2
 176:C:/Users/stapi/OneDrive/Desktop/GD32VW553/V1_MQTT_OK/GD32VW55X_Wifi_BLE_SDK/GD32VW55x_RELEASE_V1.0.2/MSDK/wpa_supplicant/wpa_supplicant\eap_register.c **** 	if (ret == 0)
 177:C:/Users/stapi/OneDrive/Desktop/GD32VW553/V1_MQTT_OK/GD32VW55X_Wifi_BLE_SDK/GD32VW55x_RELEASE_V1.0.2/MSDK/wpa_supplicant/wpa_supplicant\eap_register.c **** 		ret = eap_server_mschapv2_register();
 178:C:/Users/stapi/OneDrive/Desktop/GD32VW553/V1_MQTT_OK/GD32VW55X_Wifi_BLE_SDK/GD32VW55x_RELEASE_V1.0.2/MSDK/wpa_supplicant/wpa_supplicant\eap_register.c **** #endif /* EAP_SERVER_MSCHAPV2 */
 179:C:/Users/stapi/OneDrive/Desktop/GD32VW553/V1_MQTT_OK/GD32VW55X_Wifi_BLE_SDK/GD32VW55x_RELEASE_V1.0.2/MSDK/wpa_supplicant/wpa_supplicant\eap_register.c **** 
 180:C:/Users/stapi/OneDrive/Desktop/GD32VW553/V1_MQTT_OK/GD32VW55X_Wifi_BLE_SDK/GD32VW55x_RELEASE_V1.0.2/MSDK/wpa_supplicant/wpa_supplicant\eap_register.c **** #ifdef EAP_SERVER_PEAP
 181:C:/Users/stapi/OneDrive/Desktop/GD32VW553/V1_MQTT_OK/GD32VW55X_Wifi_BLE_SDK/GD32VW55x_RELEASE_V1.0.2/MSDK/wpa_supplicant/wpa_supplicant\eap_register.c **** 	if (ret == 0)
 182:C:/Users/stapi/OneDrive/Desktop/GD32VW553/V1_MQTT_OK/GD32VW55X_Wifi_BLE_SDK/GD32VW55x_RELEASE_V1.0.2/MSDK/wpa_supplicant/wpa_supplicant\eap_register.c **** 		ret = eap_server_peap_register();
 183:C:/Users/stapi/OneDrive/Desktop/GD32VW553/V1_MQTT_OK/GD32VW55X_Wifi_BLE_SDK/GD32VW55x_RELEASE_V1.0.2/MSDK/wpa_supplicant/wpa_supplicant\eap_register.c **** #endif /* EAP_SERVER_PEAP */
 184:C:/Users/stapi/OneDrive/Desktop/GD32VW553/V1_MQTT_OK/GD32VW55X_Wifi_BLE_SDK/GD32VW55x_RELEASE_V1.0.2/MSDK/wpa_supplicant/wpa_supplicant\eap_register.c **** 
 185:C:/Users/stapi/OneDrive/Desktop/GD32VW553/V1_MQTT_OK/GD32VW55X_Wifi_BLE_SDK/GD32VW55x_RELEASE_V1.0.2/MSDK/wpa_supplicant/wpa_supplicant\eap_register.c **** #ifdef EAP_SERVER_TLV
 186:C:/Users/stapi/OneDrive/Desktop/GD32VW553/V1_MQTT_OK/GD32VW55X_Wifi_BLE_SDK/GD32VW55x_RELEASE_V1.0.2/MSDK/wpa_supplicant/wpa_supplicant\eap_register.c **** 	if (ret == 0)
 187:C:/Users/stapi/OneDrive/Desktop/GD32VW553/V1_MQTT_OK/GD32VW55X_Wifi_BLE_SDK/GD32VW55x_RELEASE_V1.0.2/MSDK/wpa_supplicant/wpa_supplicant\eap_register.c **** 		ret = eap_server_tlv_register();
 188:C:/Users/stapi/OneDrive/Desktop/GD32VW553/V1_MQTT_OK/GD32VW55X_Wifi_BLE_SDK/GD32VW55x_RELEASE_V1.0.2/MSDK/wpa_supplicant/wpa_supplicant\eap_register.c **** #endif /* EAP_SERVER_TLV */
 189:C:/Users/stapi/OneDrive/Desktop/GD32VW553/V1_MQTT_OK/GD32VW55X_Wifi_BLE_SDK/GD32VW55x_RELEASE_V1.0.2/MSDK/wpa_supplicant/wpa_supplicant\eap_register.c **** 
 190:C:/Users/stapi/OneDrive/Desktop/GD32VW553/V1_MQTT_OK/GD32VW55X_Wifi_BLE_SDK/GD32VW55x_RELEASE_V1.0.2/MSDK/wpa_supplicant/wpa_supplicant\eap_register.c **** #ifdef EAP_SERVER_GTC
 191:C:/Users/stapi/OneDrive/Desktop/GD32VW553/V1_MQTT_OK/GD32VW55X_Wifi_BLE_SDK/GD32VW55x_RELEASE_V1.0.2/MSDK/wpa_supplicant/wpa_supplicant\eap_register.c **** 	if (ret == 0)
 192:C:/Users/stapi/OneDrive/Desktop/GD32VW553/V1_MQTT_OK/GD32VW55X_Wifi_BLE_SDK/GD32VW55x_RELEASE_V1.0.2/MSDK/wpa_supplicant/wpa_supplicant\eap_register.c **** 		ret = eap_server_gtc_register();
 193:C:/Users/stapi/OneDrive/Desktop/GD32VW553/V1_MQTT_OK/GD32VW55X_Wifi_BLE_SDK/GD32VW55x_RELEASE_V1.0.2/MSDK/wpa_supplicant/wpa_supplicant\eap_register.c **** #endif /* EAP_SERVER_GTC */
 194:C:/Users/stapi/OneDrive/Desktop/GD32VW553/V1_MQTT_OK/GD32VW55X_Wifi_BLE_SDK/GD32VW55x_RELEASE_V1.0.2/MSDK/wpa_supplicant/wpa_supplicant\eap_register.c **** 
 195:C:/Users/stapi/OneDrive/Desktop/GD32VW553/V1_MQTT_OK/GD32VW55X_Wifi_BLE_SDK/GD32VW55x_RELEASE_V1.0.2/MSDK/wpa_supplicant/wpa_supplicant\eap_register.c **** #ifdef EAP_SERVER_TTLS
 196:C:/Users/stapi/OneDrive/Desktop/GD32VW553/V1_MQTT_OK/GD32VW55X_Wifi_BLE_SDK/GD32VW55x_RELEASE_V1.0.2/MSDK/wpa_supplicant/wpa_supplicant\eap_register.c **** 	if (ret == 0)
 197:C:/Users/stapi/OneDrive/Desktop/GD32VW553/V1_MQTT_OK/GD32VW55X_Wifi_BLE_SDK/GD32VW55x_RELEASE_V1.0.2/MSDK/wpa_supplicant/wpa_supplicant\eap_register.c **** 		ret = eap_server_ttls_register();
 198:C:/Users/stapi/OneDrive/Desktop/GD32VW553/V1_MQTT_OK/GD32VW55X_Wifi_BLE_SDK/GD32VW55x_RELEASE_V1.0.2/MSDK/wpa_supplicant/wpa_supplicant\eap_register.c **** #endif /* EAP_SERVER_TTLS */
 199:C:/Users/stapi/OneDrive/Desktop/GD32VW553/V1_MQTT_OK/GD32VW55X_Wifi_BLE_SDK/GD32VW55x_RELEASE_V1.0.2/MSDK/wpa_supplicant/wpa_supplicant\eap_register.c **** 
 200:C:/Users/stapi/OneDrive/Desktop/GD32VW553/V1_MQTT_OK/GD32VW55X_Wifi_BLE_SDK/GD32VW55x_RELEASE_V1.0.2/MSDK/wpa_supplicant/wpa_supplicant\eap_register.c **** #ifdef EAP_SERVER_SIM
 201:C:/Users/stapi/OneDrive/Desktop/GD32VW553/V1_MQTT_OK/GD32VW55X_Wifi_BLE_SDK/GD32VW55x_RELEASE_V1.0.2/MSDK/wpa_supplicant/wpa_supplicant\eap_register.c **** 	if (ret == 0)
 202:C:/Users/stapi/OneDrive/Desktop/GD32VW553/V1_MQTT_OK/GD32VW55X_Wifi_BLE_SDK/GD32VW55x_RELEASE_V1.0.2/MSDK/wpa_supplicant/wpa_supplicant\eap_register.c **** 		ret = eap_server_sim_register();
 203:C:/Users/stapi/OneDrive/Desktop/GD32VW553/V1_MQTT_OK/GD32VW55X_Wifi_BLE_SDK/GD32VW55x_RELEASE_V1.0.2/MSDK/wpa_supplicant/wpa_supplicant\eap_register.c **** #endif /* EAP_SERVER_SIM */
 204:C:/Users/stapi/OneDrive/Desktop/GD32VW553/V1_MQTT_OK/GD32VW55X_Wifi_BLE_SDK/GD32VW55x_RELEASE_V1.0.2/MSDK/wpa_supplicant/wpa_supplicant\eap_register.c **** 
 205:C:/Users/stapi/OneDrive/Desktop/GD32VW553/V1_MQTT_OK/GD32VW55X_Wifi_BLE_SDK/GD32VW55x_RELEASE_V1.0.2/MSDK/wpa_supplicant/wpa_supplicant\eap_register.c **** #ifdef EAP_SERVER_AKA
 206:C:/Users/stapi/OneDrive/Desktop/GD32VW553/V1_MQTT_OK/GD32VW55X_Wifi_BLE_SDK/GD32VW55x_RELEASE_V1.0.2/MSDK/wpa_supplicant/wpa_supplicant\eap_register.c **** 	if (ret == 0)
 207:C:/Users/stapi/OneDrive/Desktop/GD32VW553/V1_MQTT_OK/GD32VW55X_Wifi_BLE_SDK/GD32VW55x_RELEASE_V1.0.2/MSDK/wpa_supplicant/wpa_supplicant\eap_register.c **** 		ret = eap_server_aka_register();
 208:C:/Users/stapi/OneDrive/Desktop/GD32VW553/V1_MQTT_OK/GD32VW55X_Wifi_BLE_SDK/GD32VW55x_RELEASE_V1.0.2/MSDK/wpa_supplicant/wpa_supplicant\eap_register.c **** #endif /* EAP_SERVER_AKA */
 209:C:/Users/stapi/OneDrive/Desktop/GD32VW553/V1_MQTT_OK/GD32VW55X_Wifi_BLE_SDK/GD32VW55x_RELEASE_V1.0.2/MSDK/wpa_supplicant/wpa_supplicant\eap_register.c **** 
 210:C:/Users/stapi/OneDrive/Desktop/GD32VW553/V1_MQTT_OK/GD32VW55X_Wifi_BLE_SDK/GD32VW55x_RELEASE_V1.0.2/MSDK/wpa_supplicant/wpa_supplicant\eap_register.c **** #ifdef EAP_SERVER_AKA_PRIME
 211:C:/Users/stapi/OneDrive/Desktop/GD32VW553/V1_MQTT_OK/GD32VW55X_Wifi_BLE_SDK/GD32VW55x_RELEASE_V1.0.2/MSDK/wpa_supplicant/wpa_supplicant\eap_register.c **** 	if (ret == 0)
 212:C:/Users/stapi/OneDrive/Desktop/GD32VW553/V1_MQTT_OK/GD32VW55X_Wifi_BLE_SDK/GD32VW55x_RELEASE_V1.0.2/MSDK/wpa_supplicant/wpa_supplicant\eap_register.c **** 		ret = eap_server_aka_prime_register();
 213:C:/Users/stapi/OneDrive/Desktop/GD32VW553/V1_MQTT_OK/GD32VW55X_Wifi_BLE_SDK/GD32VW55x_RELEASE_V1.0.2/MSDK/wpa_supplicant/wpa_supplicant\eap_register.c **** #endif /* EAP_SERVER_AKA_PRIME */
 214:C:/Users/stapi/OneDrive/Desktop/GD32VW553/V1_MQTT_OK/GD32VW55X_Wifi_BLE_SDK/GD32VW55x_RELEASE_V1.0.2/MSDK/wpa_supplicant/wpa_supplicant\eap_register.c **** 
 215:C:/Users/stapi/OneDrive/Desktop/GD32VW553/V1_MQTT_OK/GD32VW55X_Wifi_BLE_SDK/GD32VW55x_RELEASE_V1.0.2/MSDK/wpa_supplicant/wpa_supplicant\eap_register.c **** #ifdef EAP_SERVER_PAX
 216:C:/Users/stapi/OneDrive/Desktop/GD32VW553/V1_MQTT_OK/GD32VW55X_Wifi_BLE_SDK/GD32VW55x_RELEASE_V1.0.2/MSDK/wpa_supplicant/wpa_supplicant\eap_register.c **** 	if (ret == 0)
 217:C:/Users/stapi/OneDrive/Desktop/GD32VW553/V1_MQTT_OK/GD32VW55X_Wifi_BLE_SDK/GD32VW55x_RELEASE_V1.0.2/MSDK/wpa_supplicant/wpa_supplicant\eap_register.c **** 		ret = eap_server_pax_register();
 218:C:/Users/stapi/OneDrive/Desktop/GD32VW553/V1_MQTT_OK/GD32VW55X_Wifi_BLE_SDK/GD32VW55x_RELEASE_V1.0.2/MSDK/wpa_supplicant/wpa_supplicant\eap_register.c **** #endif /* EAP_SERVER_PAX */
 219:C:/Users/stapi/OneDrive/Desktop/GD32VW553/V1_MQTT_OK/GD32VW55X_Wifi_BLE_SDK/GD32VW55x_RELEASE_V1.0.2/MSDK/wpa_supplicant/wpa_supplicant\eap_register.c **** 
 220:C:/Users/stapi/OneDrive/Desktop/GD32VW553/V1_MQTT_OK/GD32VW55X_Wifi_BLE_SDK/GD32VW55x_RELEASE_V1.0.2/MSDK/wpa_supplicant/wpa_supplicant\eap_register.c **** #ifdef EAP_SERVER_PSK
 221:C:/Users/stapi/OneDrive/Desktop/GD32VW553/V1_MQTT_OK/GD32VW55X_Wifi_BLE_SDK/GD32VW55x_RELEASE_V1.0.2/MSDK/wpa_supplicant/wpa_supplicant\eap_register.c **** 	if (ret == 0)
 222:C:/Users/stapi/OneDrive/Desktop/GD32VW553/V1_MQTT_OK/GD32VW55X_Wifi_BLE_SDK/GD32VW55x_RELEASE_V1.0.2/MSDK/wpa_supplicant/wpa_supplicant\eap_register.c **** 		ret = eap_server_psk_register();
 223:C:/Users/stapi/OneDrive/Desktop/GD32VW553/V1_MQTT_OK/GD32VW55X_Wifi_BLE_SDK/GD32VW55x_RELEASE_V1.0.2/MSDK/wpa_supplicant/wpa_supplicant\eap_register.c **** #endif /* EAP_SERVER_PSK */
 224:C:/Users/stapi/OneDrive/Desktop/GD32VW553/V1_MQTT_OK/GD32VW55X_Wifi_BLE_SDK/GD32VW55x_RELEASE_V1.0.2/MSDK/wpa_supplicant/wpa_supplicant\eap_register.c **** 
 225:C:/Users/stapi/OneDrive/Desktop/GD32VW553/V1_MQTT_OK/GD32VW55X_Wifi_BLE_SDK/GD32VW55x_RELEASE_V1.0.2/MSDK/wpa_supplicant/wpa_supplicant\eap_register.c **** #ifdef EAP_SERVER_SAKE
 226:C:/Users/stapi/OneDrive/Desktop/GD32VW553/V1_MQTT_OK/GD32VW55X_Wifi_BLE_SDK/GD32VW55x_RELEASE_V1.0.2/MSDK/wpa_supplicant/wpa_supplicant\eap_register.c **** 	if (ret == 0)
 227:C:/Users/stapi/OneDrive/Desktop/GD32VW553/V1_MQTT_OK/GD32VW55X_Wifi_BLE_SDK/GD32VW55x_RELEASE_V1.0.2/MSDK/wpa_supplicant/wpa_supplicant\eap_register.c **** 		ret = eap_server_sake_register();
 228:C:/Users/stapi/OneDrive/Desktop/GD32VW553/V1_MQTT_OK/GD32VW55X_Wifi_BLE_SDK/GD32VW55x_RELEASE_V1.0.2/MSDK/wpa_supplicant/wpa_supplicant\eap_register.c **** #endif /* EAP_SERVER_SAKE */
 229:C:/Users/stapi/OneDrive/Desktop/GD32VW553/V1_MQTT_OK/GD32VW55X_Wifi_BLE_SDK/GD32VW55x_RELEASE_V1.0.2/MSDK/wpa_supplicant/wpa_supplicant\eap_register.c **** 
 230:C:/Users/stapi/OneDrive/Desktop/GD32VW553/V1_MQTT_OK/GD32VW55X_Wifi_BLE_SDK/GD32VW55x_RELEASE_V1.0.2/MSDK/wpa_supplicant/wpa_supplicant\eap_register.c **** #ifdef EAP_SERVER_GPSK
 231:C:/Users/stapi/OneDrive/Desktop/GD32VW553/V1_MQTT_OK/GD32VW55X_Wifi_BLE_SDK/GD32VW55x_RELEASE_V1.0.2/MSDK/wpa_supplicant/wpa_supplicant\eap_register.c **** 	if (ret == 0)
 232:C:/Users/stapi/OneDrive/Desktop/GD32VW553/V1_MQTT_OK/GD32VW55X_Wifi_BLE_SDK/GD32VW55x_RELEASE_V1.0.2/MSDK/wpa_supplicant/wpa_supplicant\eap_register.c **** 		ret = eap_server_gpsk_register();
 233:C:/Users/stapi/OneDrive/Desktop/GD32VW553/V1_MQTT_OK/GD32VW55X_Wifi_BLE_SDK/GD32VW55x_RELEASE_V1.0.2/MSDK/wpa_supplicant/wpa_supplicant\eap_register.c **** #endif /* EAP_SERVER_GPSK */
 234:C:/Users/stapi/OneDrive/Desktop/GD32VW553/V1_MQTT_OK/GD32VW55X_Wifi_BLE_SDK/GD32VW55x_RELEASE_V1.0.2/MSDK/wpa_supplicant/wpa_supplicant\eap_register.c **** 
 235:C:/Users/stapi/OneDrive/Desktop/GD32VW553/V1_MQTT_OK/GD32VW55X_Wifi_BLE_SDK/GD32VW55x_RELEASE_V1.0.2/MSDK/wpa_supplicant/wpa_supplicant\eap_register.c **** #ifdef EAP_SERVER_VENDOR_TEST
 236:C:/Users/stapi/OneDrive/Desktop/GD32VW553/V1_MQTT_OK/GD32VW55X_Wifi_BLE_SDK/GD32VW55x_RELEASE_V1.0.2/MSDK/wpa_supplicant/wpa_supplicant\eap_register.c **** 	if (ret == 0)
 237:C:/Users/stapi/OneDrive/Desktop/GD32VW553/V1_MQTT_OK/GD32VW55X_Wifi_BLE_SDK/GD32VW55x_RELEASE_V1.0.2/MSDK/wpa_supplicant/wpa_supplicant\eap_register.c **** 		ret = eap_server_vendor_test_register();
 238:C:/Users/stapi/OneDrive/Desktop/GD32VW553/V1_MQTT_OK/GD32VW55X_Wifi_BLE_SDK/GD32VW55x_RELEASE_V1.0.2/MSDK/wpa_supplicant/wpa_supplicant\eap_register.c **** #endif /* EAP_SERVER_VENDOR_TEST */
 239:C:/Users/stapi/OneDrive/Desktop/GD32VW553/V1_MQTT_OK/GD32VW55X_Wifi_BLE_SDK/GD32VW55x_RELEASE_V1.0.2/MSDK/wpa_supplicant/wpa_supplicant\eap_register.c **** 
 240:C:/Users/stapi/OneDrive/Desktop/GD32VW553/V1_MQTT_OK/GD32VW55X_Wifi_BLE_SDK/GD32VW55x_RELEASE_V1.0.2/MSDK/wpa_supplicant/wpa_supplicant\eap_register.c **** #ifdef EAP_SERVER_FAST
 241:C:/Users/stapi/OneDrive/Desktop/GD32VW553/V1_MQTT_OK/GD32VW55X_Wifi_BLE_SDK/GD32VW55x_RELEASE_V1.0.2/MSDK/wpa_supplicant/wpa_supplicant\eap_register.c **** 	if (ret == 0)
 242:C:/Users/stapi/OneDrive/Desktop/GD32VW553/V1_MQTT_OK/GD32VW55X_Wifi_BLE_SDK/GD32VW55x_RELEASE_V1.0.2/MSDK/wpa_supplicant/wpa_supplicant\eap_register.c **** 		ret = eap_server_fast_register();
 243:C:/Users/stapi/OneDrive/Desktop/GD32VW553/V1_MQTT_OK/GD32VW55X_Wifi_BLE_SDK/GD32VW55x_RELEASE_V1.0.2/MSDK/wpa_supplicant/wpa_supplicant\eap_register.c **** #endif /* EAP_SERVER_FAST */
 244:C:/Users/stapi/OneDrive/Desktop/GD32VW553/V1_MQTT_OK/GD32VW55X_Wifi_BLE_SDK/GD32VW55x_RELEASE_V1.0.2/MSDK/wpa_supplicant/wpa_supplicant\eap_register.c **** 
 245:C:/Users/stapi/OneDrive/Desktop/GD32VW553/V1_MQTT_OK/GD32VW55X_Wifi_BLE_SDK/GD32VW55x_RELEASE_V1.0.2/MSDK/wpa_supplicant/wpa_supplicant\eap_register.c **** #ifdef EAP_SERVER_TEAP
 246:C:/Users/stapi/OneDrive/Desktop/GD32VW553/V1_MQTT_OK/GD32VW55X_Wifi_BLE_SDK/GD32VW55x_RELEASE_V1.0.2/MSDK/wpa_supplicant/wpa_supplicant\eap_register.c **** 	if (ret == 0)
 247:C:/Users/stapi/OneDrive/Desktop/GD32VW553/V1_MQTT_OK/GD32VW55X_Wifi_BLE_SDK/GD32VW55x_RELEASE_V1.0.2/MSDK/wpa_supplicant/wpa_supplicant\eap_register.c **** 		ret = eap_server_teap_register();
 248:C:/Users/stapi/OneDrive/Desktop/GD32VW553/V1_MQTT_OK/GD32VW55X_Wifi_BLE_SDK/GD32VW55x_RELEASE_V1.0.2/MSDK/wpa_supplicant/wpa_supplicant\eap_register.c **** #endif /* EAP_SERVER_TEAP */
 249:C:/Users/stapi/OneDrive/Desktop/GD32VW553/V1_MQTT_OK/GD32VW55X_Wifi_BLE_SDK/GD32VW55x_RELEASE_V1.0.2/MSDK/wpa_supplicant/wpa_supplicant\eap_register.c **** 
 250:C:/Users/stapi/OneDrive/Desktop/GD32VW553/V1_MQTT_OK/GD32VW55X_Wifi_BLE_SDK/GD32VW55x_RELEASE_V1.0.2/MSDK/wpa_supplicant/wpa_supplicant\eap_register.c **** #ifdef EAP_SERVER_WSC
 251:C:/Users/stapi/OneDrive/Desktop/GD32VW553/V1_MQTT_OK/GD32VW55X_Wifi_BLE_SDK/GD32VW55x_RELEASE_V1.0.2/MSDK/wpa_supplicant/wpa_supplicant\eap_register.c **** 	if (ret == 0)
 252:C:/Users/stapi/OneDrive/Desktop/GD32VW553/V1_MQTT_OK/GD32VW55X_Wifi_BLE_SDK/GD32VW55x_RELEASE_V1.0.2/MSDK/wpa_supplicant/wpa_supplicant\eap_register.c **** 		ret = eap_server_wsc_register();
 253:C:/Users/stapi/OneDrive/Desktop/GD32VW553/V1_MQTT_OK/GD32VW55X_Wifi_BLE_SDK/GD32VW55x_RELEASE_V1.0.2/MSDK/wpa_supplicant/wpa_supplicant\eap_register.c **** #endif /* EAP_SERVER_WSC */
 254:C:/Users/stapi/OneDrive/Desktop/GD32VW553/V1_MQTT_OK/GD32VW55X_Wifi_BLE_SDK/GD32VW55x_RELEASE_V1.0.2/MSDK/wpa_supplicant/wpa_supplicant\eap_register.c **** 
 255:C:/Users/stapi/OneDrive/Desktop/GD32VW553/V1_MQTT_OK/GD32VW55X_Wifi_BLE_SDK/GD32VW55x_RELEASE_V1.0.2/MSDK/wpa_supplicant/wpa_supplicant\eap_register.c **** #ifdef EAP_SERVER_IKEV2
 256:C:/Users/stapi/OneDrive/Desktop/GD32VW553/V1_MQTT_OK/GD32VW55X_Wifi_BLE_SDK/GD32VW55x_RELEASE_V1.0.2/MSDK/wpa_supplicant/wpa_supplicant\eap_register.c **** 	if (ret == 0)
 257:C:/Users/stapi/OneDrive/Desktop/GD32VW553/V1_MQTT_OK/GD32VW55X_Wifi_BLE_SDK/GD32VW55x_RELEASE_V1.0.2/MSDK/wpa_supplicant/wpa_supplicant\eap_register.c **** 		ret = eap_server_ikev2_register();
 258:C:/Users/stapi/OneDrive/Desktop/GD32VW553/V1_MQTT_OK/GD32VW55X_Wifi_BLE_SDK/GD32VW55x_RELEASE_V1.0.2/MSDK/wpa_supplicant/wpa_supplicant\eap_register.c **** #endif /* EAP_SERVER_IKEV2 */
 259:C:/Users/stapi/OneDrive/Desktop/GD32VW553/V1_MQTT_OK/GD32VW55X_Wifi_BLE_SDK/GD32VW55x_RELEASE_V1.0.2/MSDK/wpa_supplicant/wpa_supplicant\eap_register.c **** 
 260:C:/Users/stapi/OneDrive/Desktop/GD32VW553/V1_MQTT_OK/GD32VW55X_Wifi_BLE_SDK/GD32VW55x_RELEASE_V1.0.2/MSDK/wpa_supplicant/wpa_supplicant\eap_register.c **** #ifdef EAP_SERVER_TNC
 261:C:/Users/stapi/OneDrive/Desktop/GD32VW553/V1_MQTT_OK/GD32VW55X_Wifi_BLE_SDK/GD32VW55x_RELEASE_V1.0.2/MSDK/wpa_supplicant/wpa_supplicant\eap_register.c **** 	if (ret == 0)
 262:C:/Users/stapi/OneDrive/Desktop/GD32VW553/V1_MQTT_OK/GD32VW55X_Wifi_BLE_SDK/GD32VW55x_RELEASE_V1.0.2/MSDK/wpa_supplicant/wpa_supplicant\eap_register.c **** 		ret = eap_server_tnc_register();
 263:C:/Users/stapi/OneDrive/Desktop/GD32VW553/V1_MQTT_OK/GD32VW55X_Wifi_BLE_SDK/GD32VW55x_RELEASE_V1.0.2/MSDK/wpa_supplicant/wpa_supplicant\eap_register.c **** #endif /* EAP_SERVER_TNC */
 264:C:/Users/stapi/OneDrive/Desktop/GD32VW553/V1_MQTT_OK/GD32VW55X_Wifi_BLE_SDK/GD32VW55x_RELEASE_V1.0.2/MSDK/wpa_supplicant/wpa_supplicant\eap_register.c **** 
 265:C:/Users/stapi/OneDrive/Desktop/GD32VW553/V1_MQTT_OK/GD32VW55X_Wifi_BLE_SDK/GD32VW55x_RELEASE_V1.0.2/MSDK/wpa_supplicant/wpa_supplicant\eap_register.c **** #ifdef EAP_SERVER_PWD
 266:C:/Users/stapi/OneDrive/Desktop/GD32VW553/V1_MQTT_OK/GD32VW55X_Wifi_BLE_SDK/GD32VW55x_RELEASE_V1.0.2/MSDK/wpa_supplicant/wpa_supplicant\eap_register.c **** 	if (ret == 0)
 267:C:/Users/stapi/OneDrive/Desktop/GD32VW553/V1_MQTT_OK/GD32VW55X_Wifi_BLE_SDK/GD32VW55x_RELEASE_V1.0.2/MSDK/wpa_supplicant/wpa_supplicant\eap_register.c **** 		ret = eap_server_pwd_register();
 268:C:/Users/stapi/OneDrive/Desktop/GD32VW553/V1_MQTT_OK/GD32VW55X_Wifi_BLE_SDK/GD32VW55x_RELEASE_V1.0.2/MSDK/wpa_supplicant/wpa_supplicant\eap_register.c **** #endif /* EAP_SERVER_PWD */
 269:C:/Users/stapi/OneDrive/Desktop/GD32VW553/V1_MQTT_OK/GD32VW55X_Wifi_BLE_SDK/GD32VW55x_RELEASE_V1.0.2/MSDK/wpa_supplicant/wpa_supplicant\eap_register.c **** 
 270:C:/Users/stapi/OneDrive/Desktop/GD32VW553/V1_MQTT_OK/GD32VW55X_Wifi_BLE_SDK/GD32VW55x_RELEASE_V1.0.2/MSDK/wpa_supplicant/wpa_supplicant\eap_register.c **** 	return ret;
  20              		.loc 1 270 2
 271:C:/Users/stapi/OneDrive/Desktop/GD32VW553/V1_MQTT_OK/GD32VW55X_Wifi_BLE_SDK/GD32VW55x_RELEASE_V1.0.2/MSDK/wpa_supplicant/wpa_supplicant\eap_register.c **** }
  21              		.loc 1 271 1 is_stmt 0
  22 0000 0145     		li	a0,0
  23 0002 8280     		ret
  24              		.cfi_endproc
  25              	.LFE144:
  27              		.text
  28              	.Letext0:
DEFINED SYMBOLS
                            *ABS*:0000000000000000 eap_register.c
C:\Users\stapi\AppData\Local\Temp\cckWlBAd.s:13     .text.eap_register_methods:0000000000000000 eap_register_methods
C:\Users\stapi\AppData\Local\Temp\cckWlBAd.s:17     .text.eap_register_methods:0000000000000000 .L0 
C:\Users\stapi\AppData\Local\Temp\cckWlBAd.s:18     .text.eap_register_methods:0000000000000000 .L0 
C:\Users\stapi\AppData\Local\Temp\cckWlBAd.s:20     .text.eap_register_methods:0000000000000000 .L0 
C:\Users\stapi\AppData\Local\Temp\cckWlBAd.s:21     .text.eap_register_methods:0000000000000000 .L0 
C:\Users\stapi\AppData\Local\Temp\cckWlBAd.s:22     .text.eap_register_methods:0000000000000000 .L0 
C:\Users\stapi\AppData\Local\Temp\cckWlBAd.s:24     .text.eap_register_methods:0000000000000004 .L0 
C:\Users\stapi\AppData\Local\Temp\cckWlBAd.s:27     .text.eap_register_methods:0000000000000004 .L0 
                     .debug_frame:0000000000000000 .L0 
C:\Users\stapi\AppData\Local\Temp\cckWlBAd.s:111    .debug_abbrev:0000000000000000 .Ldebug_abbrev0
C:\Users\stapi\AppData\Local\Temp\cckWlBAd.s:233    .debug_str:000000000000006c .LASF11
C:\Users\stapi\AppData\Local\Temp\cckWlBAd.s:245    .debug_str:0000000000000225 .LASF12
C:\Users\stapi\AppData\Local\Temp\cckWlBAd.s:243    .debug_str:0000000000000193 .LASF13
C:\Users\stapi\AppData\Local\Temp\cckWlBAd.s:211    .debug_ranges:0000000000000000 .Ldebug_ranges0
C:\Users\stapi\AppData\Local\Temp\cckWlBAd.s:217    .debug_line:0000000000000000 .Ldebug_line0
C:\Users\stapi\AppData\Local\Temp\cckWlBAd.s:221    .debug_str:000000000000000e .LASF0
C:\Users\stapi\AppData\Local\Temp\cckWlBAd.s:241    .debug_str:0000000000000187 .LASF1
C:\Users\stapi\AppData\Local\Temp\cckWlBAd.s:223    .debug_str:000000000000001b .LASF2
C:\Users\stapi\AppData\Local\Temp\cckWlBAd.s:247    .debug_str:00000000000002bc .LASF3
C:\Users\stapi\AppData\Local\Temp\cckWlBAd.s:239    .debug_str:0000000000000174 .LASF4
C:\Users\stapi\AppData\Local\Temp\cckWlBAd.s:235    .debug_str:0000000000000165 .LASF5
C:\Users\stapi\AppData\Local\Temp\cckWlBAd.s:225    .debug_str:0000000000000029 .LASF6
C:\Users\stapi\AppData\Local\Temp\cckWlBAd.s:219    .debug_str:0000000000000000 .LASF7
C:\Users\stapi\AppData\Local\Temp\cckWlBAd.s:227    .debug_str:000000000000003b .LASF8
C:\Users\stapi\AppData\Local\Temp\cckWlBAd.s:231    .debug_str:0000000000000067 .LASF9
C:\Users\stapi\AppData\Local\Temp\cckWlBAd.s:237    .debug_str:000000000000016e .LASF10
C:\Users\stapi\AppData\Local\Temp\cckWlBAd.s:229    .debug_str:0000000000000052 .LASF14
C:\Users\stapi\AppData\Local\Temp\cckWlBAd.s:14     .text.eap_register_methods:0000000000000000 .LFB144
C:\Users\stapi\AppData\Local\Temp\cckWlBAd.s:25     .text.eap_register_methods:0000000000000004 .LFE144
C:\Users\stapi\AppData\Local\Temp\cckWlBAd.s:30     .debug_info:0000000000000000 .Ldebug_info0

NO UNDEFINED SYMBOLS
