   1              		.file	"eap_wsc_common.c"
   2              		.option nopic
   3              		.attribute arch, "rv32i2p0_m2p0_a2p0_f2p0_c2p0_b_p0p94"
   4              		.attribute unaligned_access, 0
   5              		.attribute stack_align, 16
   6              		.text
   7              	.Ltext0:
   8              		.cfi_sections	.debug_frame
   9              	.Letext0:
DEFINED SYMBOLS
                            *ABS*:0000000000000000 eap_wsc_common.c
C:\Users\stapi\AppData\Local\Temp\ccBDHjVi.s:72     .debug_abbrev:0000000000000000 .Ldebug_abbrev0
C:\Users\stapi\AppData\Local\Temp\ccBDHjVi.s:128    .debug_str:000000000000001f .LASF11
C:\Users\stapi\AppData\Local\Temp\ccBDHjVi.s:132    .debug_str:0000000000000124 .LASF12
C:\Users\stapi\AppData\Local\Temp\ccBDHjVi.s:148    .debug_str:000000000000021b .LASF13
C:\Users\stapi\AppData\Local\Temp\ccBDHjVi.s:122    .debug_line:0000000000000000 .Ldebug_line0
C:\Users\stapi\AppData\Local\Temp\ccBDHjVi.s:124    .debug_str:0000000000000000 .LASF0
C:\Users\stapi\AppData\Local\Temp\ccBDHjVi.s:130    .debug_str:0000000000000118 .LASF1
C:\Users\stapi\AppData\Local\Temp\ccBDHjVi.s:140    .debug_str:00000000000001f1 .LASF2
C:\Users\stapi\AppData\Local\Temp\ccBDHjVi.s:136    .debug_str:00000000000001d0 .LASF3
C:\Users\stapi\AppData\Local\Temp\ccBDHjVi.s:134    .debug_str:00000000000001bd .LASF4
C:\Users\stapi\AppData\Local\Temp\ccBDHjVi.s:142    .debug_str:00000000000001ff .LASF5
C:\Users\stapi\AppData\Local\Temp\ccBDHjVi.s:126    .debug_str:000000000000000d .LASF6
C:\Users\stapi\AppData\Local\Temp\ccBDHjVi.s:144    .debug_str:0000000000000208 .LASF7
C:\Users\stapi\AppData\Local\Temp\ccBDHjVi.s:138    .debug_str:00000000000001da .LASF8
C:\Users\stapi\AppData\Local\Temp\ccBDHjVi.s:146    .debug_str:0000000000000216 .LASF9
C:\Users\stapi\AppData\Local\Temp\ccBDHjVi.s:150    .debug_str:00000000000002ad .LASF10
C:\Users\stapi\AppData\Local\Temp\ccBDHjVi.s:11     .debug_info:0000000000000000 .Ldebug_info0

NO UNDEFINED SYMBOLS
