   1              		.file	"eapol_supp_sm.c"
   2              		.option nopic
   3              		.attribute arch, "rv32i2p0_m2p0_a2p0_f2p0_c2p0_b_p0p94"
   4              		.attribute unaligned_access, 0
   5              		.attribute stack_align, 16
   6              		.text
   7              	.Ltext0:
   8              		.cfi_sections	.debug_frame
   9              	.Letext0:
DEFINED SYMBOLS
                            *ABS*:0000000000000000 eapol_supp_sm.c
C:\Users\stapi\AppData\Local\Temp\ccVBTopI.s:72     .debug_abbrev:0000000000000000 .Ldebug_abbrev0
C:\Users\stapi\AppData\Local\Temp\ccVBTopI.s:126    .debug_str:000000000000000d .LASF11
C:\Users\stapi\AppData\Local\Temp\ccVBTopI.s:142    .debug_str:0000000000000163 .LASF12
C:\Users\stapi\AppData\Local\Temp\ccVBTopI.s:148    .debug_str:0000000000000212 .LASF13
C:\Users\stapi\AppData\Local\Temp\ccVBTopI.s:122    .debug_line:0000000000000000 .Ldebug_line0
C:\Users\stapi\AppData\Local\Temp\ccVBTopI.s:124    .debug_str:0000000000000000 .LASF0
C:\Users\stapi\AppData\Local\Temp\ccVBTopI.s:132    .debug_str:000000000000011d .LASF1
C:\Users\stapi\AppData\Local\Temp\ccVBTopI.s:130    .debug_str:000000000000010f .LASF2
C:\Users\stapi\AppData\Local\Temp\ccVBTopI.s:136    .debug_str:000000000000013c .LASF3
C:\Users\stapi\AppData\Local\Temp\ccVBTopI.s:134    .debug_str:0000000000000129 .LASF4
C:\Users\stapi\AppData\Local\Temp\ccVBTopI.s:128    .debug_str:0000000000000106 .LASF5
C:\Users\stapi\AppData\Local\Temp\ccVBTopI.s:144    .debug_str:00000000000001fb .LASF6
C:\Users\stapi\AppData\Local\Temp\ccVBTopI.s:150    .debug_str:00000000000002a4 .LASF7
C:\Users\stapi\AppData\Local\Temp\ccVBTopI.s:138    .debug_str:0000000000000146 .LASF8
C:\Users\stapi\AppData\Local\Temp\ccVBTopI.s:146    .debug_str:000000000000020d .LASF9
C:\Users\stapi\AppData\Local\Temp\ccVBTopI.s:140    .debug_str:000000000000015d .LASF10
C:\Users\stapi\AppData\Local\Temp\ccVBTopI.s:11     .debug_info:0000000000000000 .Ldebug_info0

NO UNDEFINED SYMBOLS
