   1              		.file	"ssl_client.c"
   2              		.option nopic
   3              		.attribute arch, "rv32i2p0_m2p0_a2p0_f2p0_c2p0_b_p0p94"
   4              		.attribute unaligned_access, 0
   5              		.attribute stack_align, 16
   6              		.text
   7              	.Ltext0:
   8              		.cfi_sections	.debug_frame
   9              	.Letext0:
DEFINED SYMBOLS
                            *ABS*:0000000000000000 ssl_client.c
C:\Users\stapi\AppData\Local\Temp\cclXYsm5.s:68     .debug_abbrev:0000000000000000 .Ldebug_abbrev0
C:\Users\stapi\AppData\Local\Temp\cclXYsm5.s:126    .debug_str:00000000000000a3 .LASF10
C:\Users\stapi\AppData\Local\Temp\cclXYsm5.s:120    .debug_str:0000000000000000 .LASF11
C:\Users\stapi\AppData\Local\Temp\cclXYsm5.s:136    .debug_str:00000000000001dc .LASF12
C:\Users\stapi\AppData\Local\Temp\cclXYsm5.s:118    .debug_line:0000000000000000 .Ldebug_line0
C:\Users\stapi\AppData\Local\Temp\cclXYsm5.s:128    .debug_str:000000000000019c .LASF0
C:\Users\stapi\AppData\Local\Temp\cclXYsm5.s:138    .debug_str:0000000000000265 .LASF1
C:\Users\stapi\AppData\Local\Temp\cclXYsm5.s:132    .debug_str:00000000000001bb .LASF2
C:\Users\stapi\AppData\Local\Temp\cclXYsm5.s:130    .debug_str:00000000000001a8 .LASF3
C:\Users\stapi\AppData\Local\Temp\cclXYsm5.s:140    .debug_str:0000000000000273 .LASF4
C:\Users\stapi\AppData\Local\Temp\cclXYsm5.s:124    .debug_str:0000000000000091 .LASF5
C:\Users\stapi\AppData\Local\Temp\cclXYsm5.s:144    .debug_str:0000000000000281 .LASF6
C:\Users\stapi\AppData\Local\Temp\cclXYsm5.s:134    .debug_str:00000000000001c5 .LASF7
C:\Users\stapi\AppData\Local\Temp\cclXYsm5.s:122    .debug_str:0000000000000084 .LASF8
C:\Users\stapi\AppData\Local\Temp\cclXYsm5.s:142    .debug_str:000000000000027c .LASF9
C:\Users\stapi\AppData\Local\Temp\cclXYsm5.s:11     .debug_info:0000000000000000 .Ldebug_info0

NO UNDEFINED SYMBOLS
