   1              		.file	"ssl_default_conf.c"
   2              		.option nopic
   3              		.attribute arch, "rv32i2p0_m2p0_a2p0_f2p0_c2p0_b_p0p94"
   4              		.attribute unaligned_access, 0
   5              		.attribute stack_align, 16
   6              		.text
   7              	.Ltext0:
   8              		.cfi_sections	.debug_frame
   9              		.globl	mbedtls_x509_crt_profile_default
  10              		.section	.rodata.mbedtls_x509_crt_profile_default,"a"
  11              		.align	2
  14              	mbedtls_x509_crt_profile_default:
  15 0000 F8000000 		.word	248
  16 0004 FFFFFF0F 		.word	268435455
  17 0008 FFFFFF0F 		.word	268435455
  18 000c 00040000 		.word	1024
  19              		.text
  20              	.Letext0:
  21              		.file 1 "c:\\users\\stapi\\onedrive\\desktop\\gd32vw553\\embeddedbuilder_v1.4.7.26843\\tools\\nucl
  22              		.file 2 "c:\\users\\stapi\\onedrive\\desktop\\gd32vw553\\embeddedbuilder_v1.4.7.26843\\tools\\nucl
  23              		.file 3 "..\\..\\..\\..\\..\\ROM-EXPORT\\mbedtls-2.17.0-rom\\include/mbedtls/x509_crt.h"
  24              		.file 4 "..\\..\\..\\..\\..\\ROM-EXPORT\\mbedtls-2.17.0-rom\\include/mbedtls/md.h"
  25              		.file 5 "C:/Users/stapi/OneDrive/Desktop/GD32VW553/GD32VW55X_Wifi_BLE_SDK/GD32VW55x_RELEASE_V1.0.2
DEFINED SYMBOLS
                            *ABS*:0000000000000000 ssl_default_conf.c
C:\Users\stapi\AppData\Local\Temp\cco702hQ.s:14     .rodata.mbedtls_x509_crt_profile_default:0000000000000000 mbedtls_x509_crt_profile_default
C:\Users\stapi\AppData\Local\Temp\cco702hQ.s:193    .debug_abbrev:0000000000000000 .Ldebug_abbrev0
C:\Users\stapi\AppData\Local\Temp\cco702hQ.s:395    .debug_str:0000000000000208 .LASF27
C:\Users\stapi\AppData\Local\Temp\cco702hQ.s:379    .debug_str:000000000000008d .LASF28
C:\Users\stapi\AppData\Local\Temp\cco702hQ.s:385    .debug_str:0000000000000147 .LASF29
C:\Users\stapi\AppData\Local\Temp\cco702hQ.s:361    .debug_line:0000000000000000 .Ldebug_line0
C:\Users\stapi\AppData\Local\Temp\cco702hQ.s:399    .debug_str:000000000000030c .LASF0
C:\Users\stapi\AppData\Local\Temp\cco702hQ.s:421    .debug_str:00000000000003a5 .LASF1
C:\Users\stapi\AppData\Local\Temp\cco702hQ.s:383    .debug_str:0000000000000139 .LASF2
C:\Users\stapi\AppData\Local\Temp\cco702hQ.s:413    .debug_str:0000000000000377 .LASF3
C:\Users\stapi\AppData\Local\Temp\cco702hQ.s:389    .debug_str:00000000000001d7 .LASF4
C:\Users\stapi\AppData\Local\Temp\cco702hQ.s:417    .debug_str:000000000000038a .LASF5
C:\Users\stapi\AppData\Local\Temp\cco702hQ.s:397    .debug_str:0000000000000301 .LASF9
C:\Users\stapi\AppData\Local\Temp\cco702hQ.s:387    .debug_str:00000000000001c5 .LASF6
C:\Users\stapi\AppData\Local\Temp\cco702hQ.s:363    .debug_str:0000000000000000 .LASF7
C:\Users\stapi\AppData\Local\Temp\cco702hQ.s:381    .debug_str:0000000000000122 .LASF8
C:\Users\stapi\AppData\Local\Temp\cco702hQ.s:415    .debug_str:0000000000000381 .LASF10
C:\Users\stapi\AppData\Local\Temp\cco702hQ.s:401    .debug_str:0000000000000319 .LASF11
C:\Users\stapi\AppData\Local\Temp\cco702hQ.s:365    .debug_str:000000000000000e .LASF12
C:\Users\stapi\AppData\Local\Temp\cco702hQ.s:371    .debug_str:000000000000004e .LASF13
C:\Users\stapi\AppData\Local\Temp\cco702hQ.s:373    .debug_str:000000000000005d .LASF14
C:\Users\stapi\AppData\Local\Temp\cco702hQ.s:375    .debug_str:000000000000006c .LASF15
C:\Users\stapi\AppData\Local\Temp\cco702hQ.s:403    .debug_str:000000000000031e .LASF16
C:\Users\stapi\AppData\Local\Temp\cco702hQ.s:391    .debug_str:00000000000001ea .LASF17
C:\Users\stapi\AppData\Local\Temp\cco702hQ.s:423    .debug_str:00000000000003b1 .LASF18
C:\Users\stapi\AppData\Local\Temp\cco702hQ.s:419    .debug_str:0000000000000393 .LASF19
C:\Users\stapi\AppData\Local\Temp\cco702hQ.s:377    .debug_str:000000000000007b .LASF20
C:\Users\stapi\AppData\Local\Temp\cco702hQ.s:409    .debug_str:0000000000000353 .LASF21
C:\Users\stapi\AppData\Local\Temp\cco702hQ.s:407    .debug_str:000000000000033a .LASF26
C:\Users\stapi\AppData\Local\Temp\cco702hQ.s:405    .debug_str:000000000000032e .LASF22
C:\Users\stapi\AppData\Local\Temp\cco702hQ.s:393    .debug_str:00000000000001fc .LASF23
C:\Users\stapi\AppData\Local\Temp\cco702hQ.s:367    .debug_str:000000000000001e .LASF24
C:\Users\stapi\AppData\Local\Temp\cco702hQ.s:411    .debug_str:0000000000000368 .LASF25
C:\Users\stapi\AppData\Local\Temp\cco702hQ.s:369    .debug_str:000000000000002d .LASF30
C:\Users\stapi\AppData\Local\Temp\cco702hQ.s:27     .debug_info:0000000000000000 .Ldebug_info0

NO UNDEFINED SYMBOLS
