   1              		.file	"utils_event.c"
   2              		.option nopic
   3              		.attribute arch, "rv32i2p0_m2p0_a2p0_f2p0_c2p0_b_p0p94"
   4              		.attribute unaligned_access, 0
   5              		.attribute stack_align, 16
   6              		.text
   7              	.Ltext0:
   8              		.cfi_sections	.debug_frame
   9              		.section	.text.iotx_event_regist_cb,"ax",@progbits
  10              		.align	1
  11              		.globl	iotx_event_regist_cb
  13              	iotx_event_regist_cb:
  14              	.LFB3:
  15              		.file 1 "C:/Users/stapi/OneDrive/Desktop/GD32VW553/V1_MQTT_OK/GD32VW55X_Wifi_BLE_SDK/GD32VW55x_REL
   1:C:/Users/stapi/OneDrive/Desktop/GD32VW553/V1_MQTT_OK/GD32VW55X_Wifi_BLE_SDK/GD32VW55x_RELEASE_V1.0.2/MSDK/cloud/alicloud/src/infra/utils/misc\utils_event.c **** /*
   2:C:/Users/stapi/OneDrive/Desktop/GD32VW553/V1_MQTT_OK/GD32VW55X_Wifi_BLE_SDK/GD32VW55x_RELEASE_V1.0.2/MSDK/cloud/alicloud/src/infra/utils/misc\utils_event.c ****  * Copyright (C) 2015-2018 Alibaba Group Holding Limited
   3:C:/Users/stapi/OneDrive/Desktop/GD32VW553/V1_MQTT_OK/GD32VW55X_Wifi_BLE_SDK/GD32VW55x_RELEASE_V1.0.2/MSDK/cloud/alicloud/src/infra/utils/misc\utils_event.c ****  */
   4:C:/Users/stapi/OneDrive/Desktop/GD32VW553/V1_MQTT_OK/GD32VW55X_Wifi_BLE_SDK/GD32VW55x_RELEASE_V1.0.2/MSDK/cloud/alicloud/src/infra/utils/misc\utils_event.c **** 
   5:C:/Users/stapi/OneDrive/Desktop/GD32VW553/V1_MQTT_OK/GD32VW55X_Wifi_BLE_SDK/GD32VW55x_RELEASE_V1.0.2/MSDK/cloud/alicloud/src/infra/utils/misc\utils_event.c **** 
   6:C:/Users/stapi/OneDrive/Desktop/GD32VW553/V1_MQTT_OK/GD32VW55X_Wifi_BLE_SDK/GD32VW55x_RELEASE_V1.0.2/MSDK/cloud/alicloud/src/infra/utils/misc\utils_event.c **** 
   7:C:/Users/stapi/OneDrive/Desktop/GD32VW553/V1_MQTT_OK/GD32VW55X_Wifi_BLE_SDK/GD32VW55x_RELEASE_V1.0.2/MSDK/cloud/alicloud/src/infra/utils/misc\utils_event.c **** 
   8:C:/Users/stapi/OneDrive/Desktop/GD32VW553/V1_MQTT_OK/GD32VW55X_Wifi_BLE_SDK/GD32VW55x_RELEASE_V1.0.2/MSDK/cloud/alicloud/src/infra/utils/misc\utils_event.c **** #include <stdio.h>
   9:C:/Users/stapi/OneDrive/Desktop/GD32VW553/V1_MQTT_OK/GD32VW55X_Wifi_BLE_SDK/GD32VW55x_RELEASE_V1.0.2/MSDK/cloud/alicloud/src/infra/utils/misc\utils_event.c **** 
  10:C:/Users/stapi/OneDrive/Desktop/GD32VW553/V1_MQTT_OK/GD32VW55X_Wifi_BLE_SDK/GD32VW55x_RELEASE_V1.0.2/MSDK/cloud/alicloud/src/infra/utils/misc\utils_event.c **** #ifdef __cplusplus
  11:C:/Users/stapi/OneDrive/Desktop/GD32VW553/V1_MQTT_OK/GD32VW55X_Wifi_BLE_SDK/GD32VW55x_RELEASE_V1.0.2/MSDK/cloud/alicloud/src/infra/utils/misc\utils_event.c **** extern "C" {
  12:C:/Users/stapi/OneDrive/Desktop/GD32VW553/V1_MQTT_OK/GD32VW55X_Wifi_BLE_SDK/GD32VW55x_RELEASE_V1.0.2/MSDK/cloud/alicloud/src/infra/utils/misc\utils_event.c **** #endif /* __cplusplus */
  13:C:/Users/stapi/OneDrive/Desktop/GD32VW553/V1_MQTT_OK/GD32VW55X_Wifi_BLE_SDK/GD32VW55x_RELEASE_V1.0.2/MSDK/cloud/alicloud/src/infra/utils/misc\utils_event.c **** 
  14:C:/Users/stapi/OneDrive/Desktop/GD32VW553/V1_MQTT_OK/GD32VW55X_Wifi_BLE_SDK/GD32VW55x_RELEASE_V1.0.2/MSDK/cloud/alicloud/src/infra/utils/misc\utils_event.c **** static void *g_event_monitor = NULL;
  15:C:/Users/stapi/OneDrive/Desktop/GD32VW553/V1_MQTT_OK/GD32VW55X_Wifi_BLE_SDK/GD32VW55x_RELEASE_V1.0.2/MSDK/cloud/alicloud/src/infra/utils/misc\utils_event.c **** 
  16:C:/Users/stapi/OneDrive/Desktop/GD32VW553/V1_MQTT_OK/GD32VW55X_Wifi_BLE_SDK/GD32VW55x_RELEASE_V1.0.2/MSDK/cloud/alicloud/src/infra/utils/misc\utils_event.c **** int iotx_event_regist_cb(void (*monitor_cb)(int event))
  17:C:/Users/stapi/OneDrive/Desktop/GD32VW553/V1_MQTT_OK/GD32VW55X_Wifi_BLE_SDK/GD32VW55x_RELEASE_V1.0.2/MSDK/cloud/alicloud/src/infra/utils/misc\utils_event.c **** {
  16              		.loc 1 17 1
  17              		.cfi_startproc
  18              	.LVL0:
  18:C:/Users/stapi/OneDrive/Desktop/GD32VW553/V1_MQTT_OK/GD32VW55X_Wifi_BLE_SDK/GD32VW55x_RELEASE_V1.0.2/MSDK/cloud/alicloud/src/infra/utils/misc\utils_event.c ****     g_event_monitor = monitor_cb;
  19              		.loc 1 18 5
  20              		.loc 1 18 21 is_stmt 0
  21 0000 B7070000 		lui	a5,%hi(.LANCHOR0)
  22 0004 23A0A700 		sw	a0,%lo(.LANCHOR0)(a5)
  19:C:/Users/stapi/OneDrive/Desktop/GD32VW553/V1_MQTT_OK/GD32VW55X_Wifi_BLE_SDK/GD32VW55x_RELEASE_V1.0.2/MSDK/cloud/alicloud/src/infra/utils/misc\utils_event.c ****     return 0;
  23              		.loc 1 19 5 is_stmt 1
  20:C:/Users/stapi/OneDrive/Desktop/GD32VW553/V1_MQTT_OK/GD32VW55X_Wifi_BLE_SDK/GD32VW55x_RELEASE_V1.0.2/MSDK/cloud/alicloud/src/infra/utils/misc\utils_event.c **** }
  24              		.loc 1 20 1 is_stmt 0
  25 0008 0145     		li	a0,0
  26              	.LVL1:
  27 000a 8280     		ret
  28              		.cfi_endproc
  29              	.LFE3:
  31              		.section	.text.iotx_event_post,"ax",@progbits
  32              		.align	1
  33              		.globl	iotx_event_post
  35              	iotx_event_post:
  36              	.LFB4:
  21:C:/Users/stapi/OneDrive/Desktop/GD32VW553/V1_MQTT_OK/GD32VW55X_Wifi_BLE_SDK/GD32VW55x_RELEASE_V1.0.2/MSDK/cloud/alicloud/src/infra/utils/misc\utils_event.c **** 
  22:C:/Users/stapi/OneDrive/Desktop/GD32VW553/V1_MQTT_OK/GD32VW55X_Wifi_BLE_SDK/GD32VW55x_RELEASE_V1.0.2/MSDK/cloud/alicloud/src/infra/utils/misc\utils_event.c **** int iotx_event_post(int event)
  23:C:/Users/stapi/OneDrive/Desktop/GD32VW553/V1_MQTT_OK/GD32VW55X_Wifi_BLE_SDK/GD32VW55x_RELEASE_V1.0.2/MSDK/cloud/alicloud/src/infra/utils/misc\utils_event.c **** {
  37              		.loc 1 23 1 is_stmt 1
  38              		.cfi_startproc
  39              	.LVL2:
  24:C:/Users/stapi/OneDrive/Desktop/GD32VW553/V1_MQTT_OK/GD32VW55X_Wifi_BLE_SDK/GD32VW55x_RELEASE_V1.0.2/MSDK/cloud/alicloud/src/infra/utils/misc\utils_event.c ****     if (g_event_monitor == NULL)
  40              		.loc 1 24 5
  41              		.loc 1 24 25 is_stmt 0
  42 0000 B7070000 		lui	a5,%hi(.LANCHOR0)
  43 0004 83A70700 		lw	a5,%lo(.LANCHOR0)(a5)
  44              		.loc 1 24 8
  45 0008 99CB     		beq	a5,zero,.L4
  23:C:/Users/stapi/OneDrive/Desktop/GD32VW553/V1_MQTT_OK/GD32VW55X_Wifi_BLE_SDK/GD32VW55x_RELEASE_V1.0.2/MSDK/cloud/alicloud/src/infra/utils/misc\utils_event.c ****     if (g_event_monitor == NULL)
  46              		.loc 1 23 1
  47 000a 17030000 		call	t0,__riscv_save_0
  47      E7020300 
  48              		.cfi_offset 1, -4
  49              		.cfi_def_cfa_offset 16
  25:C:/Users/stapi/OneDrive/Desktop/GD32VW553/V1_MQTT_OK/GD32VW55X_Wifi_BLE_SDK/GD32VW55x_RELEASE_V1.0.2/MSDK/cloud/alicloud/src/infra/utils/misc\utils_event.c ****         return -1;
  26:C:/Users/stapi/OneDrive/Desktop/GD32VW553/V1_MQTT_OK/GD32VW55X_Wifi_BLE_SDK/GD32VW55x_RELEASE_V1.0.2/MSDK/cloud/alicloud/src/infra/utils/misc\utils_event.c ****     ((void (*)(int))g_event_monitor)(event);
  50              		.loc 1 26 5 is_stmt 1
  51              		.loc 1 26 6 is_stmt 0
  52 0012 8297     		jalr	a5
  53              	.LVL3:
  27:C:/Users/stapi/OneDrive/Desktop/GD32VW553/V1_MQTT_OK/GD32VW55X_Wifi_BLE_SDK/GD32VW55x_RELEASE_V1.0.2/MSDK/cloud/alicloud/src/infra/utils/misc\utils_event.c ****     return 0;
  54              		.loc 1 27 5 is_stmt 1
  55              		.loc 1 27 12 is_stmt 0
  56 0014 0145     		li	a0,0
  28:C:/Users/stapi/OneDrive/Desktop/GD32VW553/V1_MQTT_OK/GD32VW55X_Wifi_BLE_SDK/GD32VW55x_RELEASE_V1.0.2/MSDK/cloud/alicloud/src/infra/utils/misc\utils_event.c **** }
  57              		.loc 1 28 1
  58 0016 17030000 		tail	__riscv_restore_0
  58      67000300 
  59              		.cfi_restore 1
  60              		.cfi_def_cfa_offset 0
  61              	.LVL4:
  62              	.L4:
  25:C:/Users/stapi/OneDrive/Desktop/GD32VW553/V1_MQTT_OK/GD32VW55X_Wifi_BLE_SDK/GD32VW55x_RELEASE_V1.0.2/MSDK/cloud/alicloud/src/infra/utils/misc\utils_event.c ****         return -1;
  63              		.loc 1 25 16
  64 001e 7D55     		li	a0,-1
  65              	.LVL5:
  66              		.loc 1 28 1
  67 0020 8280     		ret
  68              		.cfi_endproc
  69              	.LFE4:
  71              		.section	.sbss.g_event_monitor,"aw",@nobits
  72              		.align	2
  73              		.set	.LANCHOR0,. + 0
  76              	g_event_monitor:
  77 0000 00000000 		.zero	4
  78              		.text
  79              	.Letext0:
DEFINED SYMBOLS
                            *ABS*:0000000000000000 utils_event.c
C:\Users\stapi\AppData\Local\Temp\ccCNlxvq.s:13     .text.iotx_event_regist_cb:0000000000000000 iotx_event_regist_cb
C:\Users\stapi\AppData\Local\Temp\ccCNlxvq.s:17     .text.iotx_event_regist_cb:0000000000000000 .L0 
C:\Users\stapi\AppData\Local\Temp\ccCNlxvq.s:19     .text.iotx_event_regist_cb:0000000000000000 .L0 
C:\Users\stapi\AppData\Local\Temp\ccCNlxvq.s:20     .text.iotx_event_regist_cb:0000000000000000 .L0 
C:\Users\stapi\AppData\Local\Temp\ccCNlxvq.s:21     .text.iotx_event_regist_cb:0000000000000000 .L0 
C:\Users\stapi\AppData\Local\Temp\ccCNlxvq.s:24     .text.iotx_event_regist_cb:0000000000000008 .L0 
C:\Users\stapi\AppData\Local\Temp\ccCNlxvq.s:25     .text.iotx_event_regist_cb:0000000000000008 .L0 
C:\Users\stapi\AppData\Local\Temp\ccCNlxvq.s:28     .text.iotx_event_regist_cb:000000000000000c .L0 
C:\Users\stapi\AppData\Local\Temp\ccCNlxvq.s:35     .text.iotx_event_post:0000000000000000 iotx_event_post
C:\Users\stapi\AppData\Local\Temp\ccCNlxvq.s:38     .text.iotx_event_post:0000000000000000 .L0 
C:\Users\stapi\AppData\Local\Temp\ccCNlxvq.s:40     .text.iotx_event_post:0000000000000000 .L0 
C:\Users\stapi\AppData\Local\Temp\ccCNlxvq.s:41     .text.iotx_event_post:0000000000000000 .L0 
C:\Users\stapi\AppData\Local\Temp\ccCNlxvq.s:42     .text.iotx_event_post:0000000000000000 .L0 
C:\Users\stapi\AppData\Local\Temp\ccCNlxvq.s:45     .text.iotx_event_post:0000000000000008 .L0 
C:\Users\stapi\AppData\Local\Temp\ccCNlxvq.s:47     .text.iotx_event_post:000000000000000a .L0 
C:\Users\stapi\AppData\Local\Temp\ccCNlxvq.s:48     .text.iotx_event_post:0000000000000012 .L0 
C:\Users\stapi\AppData\Local\Temp\ccCNlxvq.s:49     .text.iotx_event_post:0000000000000012 .L0 
C:\Users\stapi\AppData\Local\Temp\ccCNlxvq.s:51     .text.iotx_event_post:0000000000000012 .L0 
C:\Users\stapi\AppData\Local\Temp\ccCNlxvq.s:52     .text.iotx_event_post:0000000000000012 .L0 
C:\Users\stapi\AppData\Local\Temp\ccCNlxvq.s:55     .text.iotx_event_post:0000000000000014 .L0 
C:\Users\stapi\AppData\Local\Temp\ccCNlxvq.s:56     .text.iotx_event_post:0000000000000014 .L0 
C:\Users\stapi\AppData\Local\Temp\ccCNlxvq.s:58     .text.iotx_event_post:0000000000000016 .L0 
C:\Users\stapi\AppData\Local\Temp\ccCNlxvq.s:59     .text.iotx_event_post:000000000000001e .L0 
C:\Users\stapi\AppData\Local\Temp\ccCNlxvq.s:60     .text.iotx_event_post:000000000000001e .L0 
C:\Users\stapi\AppData\Local\Temp\ccCNlxvq.s:64     .text.iotx_event_post:000000000000001e .L0 
C:\Users\stapi\AppData\Local\Temp\ccCNlxvq.s:67     .text.iotx_event_post:0000000000000020 .L0 
C:\Users\stapi\AppData\Local\Temp\ccCNlxvq.s:68     .text.iotx_event_post:0000000000000022 .L0 
C:\Users\stapi\AppData\Local\Temp\ccCNlxvq.s:73     .sbss.g_event_monitor:0000000000000000 .LANCHOR0
C:\Users\stapi\AppData\Local\Temp\ccCNlxvq.s:76     .sbss.g_event_monitor:0000000000000000 g_event_monitor
C:\Users\stapi\AppData\Local\Temp\ccCNlxvq.s:31     .text.iotx_event_regist_cb:000000000000000c .L0 
C:\Users\stapi\AppData\Local\Temp\ccCNlxvq.s:71     .text.iotx_event_post:0000000000000022 .L0 
                     .debug_frame:0000000000000000 .L0 
C:\Users\stapi\AppData\Local\Temp\ccCNlxvq.s:62     .text.iotx_event_post:000000000000001e .L4
C:\Users\stapi\AppData\Local\Temp\ccCNlxvq.s:206    .debug_abbrev:0000000000000000 .Ldebug_abbrev0
C:\Users\stapi\AppData\Local\Temp\ccCNlxvq.s:483    .debug_str:000000000000016b .LASF12
C:\Users\stapi\AppData\Local\Temp\ccCNlxvq.s:455    .debug_str:000000000000001b .LASF13
C:\Users\stapi\AppData\Local\Temp\ccCNlxvq.s:485    .debug_str:0000000000000252 .LASF14
C:\Users\stapi\AppData\Local\Temp\ccCNlxvq.s:441    .debug_ranges:0000000000000000 .Ldebug_ranges0
C:\Users\stapi\AppData\Local\Temp\ccCNlxvq.s:449    .debug_line:0000000000000000 .Ldebug_line0
C:\Users\stapi\AppData\Local\Temp\ccCNlxvq.s:479    .debug_str:0000000000000155 .LASF0
C:\Users\stapi\AppData\Local\Temp\ccCNlxvq.s:467    .debug_str:0000000000000106 .LASF1
C:\Users\stapi\AppData\Local\Temp\ccCNlxvq.s:481    .debug_str:0000000000000161 .LASF2
C:\Users\stapi\AppData\Local\Temp\ccCNlxvq.s:477    .debug_str:0000000000000142 .LASF3
C:\Users\stapi\AppData\Local\Temp\ccCNlxvq.s:475    .debug_str:0000000000000139 .LASF4
C:\Users\stapi\AppData\Local\Temp\ccCNlxvq.s:461    .debug_str:00000000000000d7 .LASF5
C:\Users\stapi\AppData\Local\Temp\ccCNlxvq.s:451    .debug_str:0000000000000000 .LASF6
C:\Users\stapi\AppData\Local\Temp\ccCNlxvq.s:463    .debug_str:00000000000000e9 .LASF7
C:\Users\stapi\AppData\Local\Temp\ccCNlxvq.s:453    .debug_str:000000000000000e .LASF8
C:\Users\stapi\AppData\Local\Temp\ccCNlxvq.s:469    .debug_str:0000000000000114 .LASF9
C:\Users\stapi\AppData\Local\Temp\ccCNlxvq.s:471    .debug_str:0000000000000119 .LASF15
C:\Users\stapi\AppData\Local\Temp\ccCNlxvq.s:473    .debug_str:0000000000000129 .LASF16
C:\Users\stapi\AppData\Local\Temp\ccCNlxvq.s:36     .text.iotx_event_post:0000000000000000 .LFB4
C:\Users\stapi\AppData\Local\Temp\ccCNlxvq.s:69     .text.iotx_event_post:0000000000000022 .LFE4
C:\Users\stapi\AppData\Local\Temp\ccCNlxvq.s:465    .debug_str:0000000000000100 .LASF10
C:\Users\stapi\AppData\Local\Temp\ccCNlxvq.s:389    .debug_loc:0000000000000000 .LLST1
C:\Users\stapi\AppData\Local\Temp\ccCNlxvq.s:53     .text.iotx_event_post:0000000000000014 .LVL3
C:\Users\stapi\AppData\Local\Temp\ccCNlxvq.s:459    .debug_str:00000000000000c2 .LASF17
C:\Users\stapi\AppData\Local\Temp\ccCNlxvq.s:14     .text.iotx_event_regist_cb:0000000000000000 .LFB3
C:\Users\stapi\AppData\Local\Temp\ccCNlxvq.s:29     .text.iotx_event_regist_cb:000000000000000c .LFE3
C:\Users\stapi\AppData\Local\Temp\ccCNlxvq.s:457    .debug_str:00000000000000b7 .LASF11
C:\Users\stapi\AppData\Local\Temp\ccCNlxvq.s:414    .debug_loc:000000000000003a .LLST0
C:\Users\stapi\AppData\Local\Temp\ccCNlxvq.s:39     .text.iotx_event_post:0000000000000000 .LVL2
C:\Users\stapi\AppData\Local\Temp\ccCNlxvq.s:61     .text.iotx_event_post:000000000000001e .LVL4
C:\Users\stapi\AppData\Local\Temp\ccCNlxvq.s:65     .text.iotx_event_post:0000000000000020 .LVL5
C:\Users\stapi\AppData\Local\Temp\ccCNlxvq.s:18     .text.iotx_event_regist_cb:0000000000000000 .LVL0
C:\Users\stapi\AppData\Local\Temp\ccCNlxvq.s:26     .text.iotx_event_regist_cb:000000000000000a .LVL1
C:\Users\stapi\AppData\Local\Temp\ccCNlxvq.s:81     .debug_info:0000000000000000 .Ldebug_info0

UNDEFINED SYMBOLS
__riscv_save_0
__riscv_restore_0
