   1              		.file	"ble_cscss.c"
   2              		.option nopic
   3              		.attribute arch, "rv32i2p0_m2p0_a2p0_f2p0_c2p0_b_p0p94"
   4              		.attribute unaligned_access, 0
   5              		.attribute stack_align, 16
   6              		.text
   7              	.Ltext0:
   8              		.cfi_sections	.debug_frame
   9              	.Letext0:
DEFINED SYMBOLS
                            *ABS*:0000000000000000 ble_cscss.c
C:\Users\stapi\AppData\Local\Temp\cc5oivTT.s:68     .debug_abbrev:0000000000000000 .Ldebug_abbrev0
C:\Users\stapi\AppData\Local\Temp\cc5oivTT.s:126    .debug_str:000000000000009b .LASF10
C:\Users\stapi\AppData\Local\Temp\cc5oivTT.s:122    .debug_str:000000000000000d .LASF11
C:\Users\stapi\AppData\Local\Temp\cc5oivTT.s:136    .debug_str:00000000000001d4 .LASF12
C:\Users\stapi\AppData\Local\Temp\cc5oivTT.s:118    .debug_line:0000000000000000 .Ldebug_line0
C:\Users\stapi\AppData\Local\Temp\cc5oivTT.s:128    .debug_str:0000000000000194 .LASF0
C:\Users\stapi\AppData\Local\Temp\cc5oivTT.s:138    .debug_str:0000000000000252 .LASF1
C:\Users\stapi\AppData\Local\Temp\cc5oivTT.s:132    .debug_str:00000000000001b3 .LASF2
C:\Users\stapi\AppData\Local\Temp\cc5oivTT.s:130    .debug_str:00000000000001a0 .LASF3
C:\Users\stapi\AppData\Local\Temp\cc5oivTT.s:140    .debug_str:0000000000000260 .LASF4
C:\Users\stapi\AppData\Local\Temp\cc5oivTT.s:124    .debug_str:0000000000000089 .LASF5
C:\Users\stapi\AppData\Local\Temp\cc5oivTT.s:142    .debug_str:0000000000000269 .LASF6
C:\Users\stapi\AppData\Local\Temp\cc5oivTT.s:134    .debug_str:00000000000001bd .LASF7
C:\Users\stapi\AppData\Local\Temp\cc5oivTT.s:120    .debug_str:0000000000000000 .LASF8
C:\Users\stapi\AppData\Local\Temp\cc5oivTT.s:144    .debug_str:0000000000000277 .LASF9
C:\Users\stapi\AppData\Local\Temp\cc5oivTT.s:11     .debug_info:0000000000000000 .Ldebug_info0

NO UNDEFINED SYMBOLS
