   1              		.file	"ble_glps.c"
   2              		.option nopic
   3              		.attribute arch, "rv32i2p0_m2p0_a2p0_f2p0_c2p0_b_p0p94"
   4              		.attribute unaligned_access, 0
   5              		.attribute stack_align, 16
   6              		.text
   7              	.Ltext0:
   8              		.cfi_sections	.debug_frame
   9              	.Letext0:
DEFINED SYMBOLS
                            *ABS*:0000000000000000 ble_glps.c
C:\Users\stapi\AppData\Local\Temp\ccGymrMz.s:68     .debug_abbrev:0000000000000000 .Ldebug_abbrev0
C:\Users\stapi\AppData\Local\Temp\ccGymrMz.s:124    .debug_str:000000000000001f .LASF10
C:\Users\stapi\AppData\Local\Temp\ccGymrMz.s:126    .debug_str:0000000000000118 .LASF11
C:\Users\stapi\AppData\Local\Temp\ccGymrMz.s:136    .debug_str:00000000000001dd .LASF12
C:\Users\stapi\AppData\Local\Temp\ccGymrMz.s:118    .debug_line:0000000000000000 .Ldebug_line0
C:\Users\stapi\AppData\Local\Temp\ccGymrMz.s:128    .debug_str:000000000000019d .LASF0
C:\Users\stapi\AppData\Local\Temp\ccGymrMz.s:138    .debug_str:0000000000000266 .LASF1
C:\Users\stapi\AppData\Local\Temp\ccGymrMz.s:132    .debug_str:00000000000001bc .LASF2
C:\Users\stapi\AppData\Local\Temp\ccGymrMz.s:130    .debug_str:00000000000001a9 .LASF3
C:\Users\stapi\AppData\Local\Temp\ccGymrMz.s:140    .debug_str:0000000000000274 .LASF4
C:\Users\stapi\AppData\Local\Temp\ccGymrMz.s:122    .debug_str:000000000000000d .LASF5
C:\Users\stapi\AppData\Local\Temp\ccGymrMz.s:142    .debug_str:000000000000027d .LASF6
C:\Users\stapi\AppData\Local\Temp\ccGymrMz.s:134    .debug_str:00000000000001c6 .LASF7
C:\Users\stapi\AppData\Local\Temp\ccGymrMz.s:120    .debug_str:0000000000000000 .LASF8
C:\Users\stapi\AppData\Local\Temp\ccGymrMz.s:144    .debug_str:000000000000028b .LASF9
C:\Users\stapi\AppData\Local\Temp\ccGymrMz.s:11     .debug_info:0000000000000000 .Ldebug_info0

NO UNDEFINED SYMBOLS
