   1              		.file	"ble_profile_utils.c"
   2              		.option nopic
   3              		.attribute arch, "rv32i2p0_m2p0_a2p0_f2p0_c2p0_b_p0p94"
   4              		.attribute unaligned_access, 0
   5              		.attribute stack_align, 16
   6              		.text
   7              	.Ltext0:
   8              		.cfi_sections	.debug_frame
   9              		.section	.text.ble_prf_pack_date_time,"ax",@progbits
  10              		.align	1
  11              		.globl	ble_prf_pack_date_time
  13              	ble_prf_pack_date_time:
  14              	.LFB0:
  15              		.file 1 "C:/Users/stapi/OneDrive/Desktop/GD32VW553/V1_MQTT_OK/GD32VW55X_Wifi_BLE_SDK/GD32VW55x_REL
   1:C:/Users/stapi/OneDrive/Desktop/GD32VW553/V1_MQTT_OK/GD32VW55X_Wifi_BLE_SDK/GD32VW55x_RELEASE_V1.0.2/MSDK/ble/profile\ble_profile_utils.c **** /*!
   2:C:/Users/stapi/OneDrive/Desktop/GD32VW553/V1_MQTT_OK/GD32VW55X_Wifi_BLE_SDK/GD32VW55x_RELEASE_V1.0.2/MSDK/ble/profile\ble_profile_utils.c ****     \file    ble_profile_utils.c
   3:C:/Users/stapi/OneDrive/Desktop/GD32VW553/V1_MQTT_OK/GD32VW55X_Wifi_BLE_SDK/GD32VW55x_RELEASE_V1.0.2/MSDK/ble/profile\ble_profile_utils.c ****     \brief   Implementation of Profile Utilities
   4:C:/Users/stapi/OneDrive/Desktop/GD32VW553/V1_MQTT_OK/GD32VW55X_Wifi_BLE_SDK/GD32VW55x_RELEASE_V1.0.2/MSDK/ble/profile\ble_profile_utils.c **** 
   5:C:/Users/stapi/OneDrive/Desktop/GD32VW553/V1_MQTT_OK/GD32VW55X_Wifi_BLE_SDK/GD32VW55x_RELEASE_V1.0.2/MSDK/ble/profile\ble_profile_utils.c ****     \version 2023-07-20, V1.0.0, firmware for GD32VW55x
   6:C:/Users/stapi/OneDrive/Desktop/GD32VW553/V1_MQTT_OK/GD32VW55X_Wifi_BLE_SDK/GD32VW55x_RELEASE_V1.0.2/MSDK/ble/profile\ble_profile_utils.c **** */
   7:C:/Users/stapi/OneDrive/Desktop/GD32VW553/V1_MQTT_OK/GD32VW55X_Wifi_BLE_SDK/GD32VW55x_RELEASE_V1.0.2/MSDK/ble/profile\ble_profile_utils.c **** 
   8:C:/Users/stapi/OneDrive/Desktop/GD32VW553/V1_MQTT_OK/GD32VW55X_Wifi_BLE_SDK/GD32VW55x_RELEASE_V1.0.2/MSDK/ble/profile\ble_profile_utils.c **** /*
   9:C:/Users/stapi/OneDrive/Desktop/GD32VW553/V1_MQTT_OK/GD32VW55X_Wifi_BLE_SDK/GD32VW55x_RELEASE_V1.0.2/MSDK/ble/profile\ble_profile_utils.c ****     Copyright (c) 2023, GigaDevice Semiconductor Inc.
  10:C:/Users/stapi/OneDrive/Desktop/GD32VW553/V1_MQTT_OK/GD32VW55X_Wifi_BLE_SDK/GD32VW55x_RELEASE_V1.0.2/MSDK/ble/profile\ble_profile_utils.c **** 
  11:C:/Users/stapi/OneDrive/Desktop/GD32VW553/V1_MQTT_OK/GD32VW55X_Wifi_BLE_SDK/GD32VW55x_RELEASE_V1.0.2/MSDK/ble/profile\ble_profile_utils.c ****     Redistribution and use in source and binary forms, with or without modification,
  12:C:/Users/stapi/OneDrive/Desktop/GD32VW553/V1_MQTT_OK/GD32VW55X_Wifi_BLE_SDK/GD32VW55x_RELEASE_V1.0.2/MSDK/ble/profile\ble_profile_utils.c **** are permitted provided that the following conditions are met:
  13:C:/Users/stapi/OneDrive/Desktop/GD32VW553/V1_MQTT_OK/GD32VW55X_Wifi_BLE_SDK/GD32VW55x_RELEASE_V1.0.2/MSDK/ble/profile\ble_profile_utils.c **** 
  14:C:/Users/stapi/OneDrive/Desktop/GD32VW553/V1_MQTT_OK/GD32VW55X_Wifi_BLE_SDK/GD32VW55x_RELEASE_V1.0.2/MSDK/ble/profile\ble_profile_utils.c ****     1. Redistributions of source code must retain the above copyright notice, this
  15:C:/Users/stapi/OneDrive/Desktop/GD32VW553/V1_MQTT_OK/GD32VW55X_Wifi_BLE_SDK/GD32VW55x_RELEASE_V1.0.2/MSDK/ble/profile\ble_profile_utils.c ****        list of conditions and the following disclaimer.
  16:C:/Users/stapi/OneDrive/Desktop/GD32VW553/V1_MQTT_OK/GD32VW55X_Wifi_BLE_SDK/GD32VW55x_RELEASE_V1.0.2/MSDK/ble/profile\ble_profile_utils.c ****     2. Redistributions in binary form must reproduce the above copyright notice,
  17:C:/Users/stapi/OneDrive/Desktop/GD32VW553/V1_MQTT_OK/GD32VW55X_Wifi_BLE_SDK/GD32VW55x_RELEASE_V1.0.2/MSDK/ble/profile\ble_profile_utils.c ****        this list of conditions and the following disclaimer in the documentation
  18:C:/Users/stapi/OneDrive/Desktop/GD32VW553/V1_MQTT_OK/GD32VW55X_Wifi_BLE_SDK/GD32VW55x_RELEASE_V1.0.2/MSDK/ble/profile\ble_profile_utils.c ****        and/or other materials provided with the distribution.
  19:C:/Users/stapi/OneDrive/Desktop/GD32VW553/V1_MQTT_OK/GD32VW55X_Wifi_BLE_SDK/GD32VW55x_RELEASE_V1.0.2/MSDK/ble/profile\ble_profile_utils.c ****     3. Neither the name of the copyright holder nor the names of its contributors
  20:C:/Users/stapi/OneDrive/Desktop/GD32VW553/V1_MQTT_OK/GD32VW55X_Wifi_BLE_SDK/GD32VW55x_RELEASE_V1.0.2/MSDK/ble/profile\ble_profile_utils.c ****        may be used to endorse or promote products derived from this software without
  21:C:/Users/stapi/OneDrive/Desktop/GD32VW553/V1_MQTT_OK/GD32VW55X_Wifi_BLE_SDK/GD32VW55x_RELEASE_V1.0.2/MSDK/ble/profile\ble_profile_utils.c ****        specific prior written permission.
  22:C:/Users/stapi/OneDrive/Desktop/GD32VW553/V1_MQTT_OK/GD32VW55X_Wifi_BLE_SDK/GD32VW55x_RELEASE_V1.0.2/MSDK/ble/profile\ble_profile_utils.c **** 
  23:C:/Users/stapi/OneDrive/Desktop/GD32VW553/V1_MQTT_OK/GD32VW55X_Wifi_BLE_SDK/GD32VW55x_RELEASE_V1.0.2/MSDK/ble/profile\ble_profile_utils.c ****     THIS SOFTWARE IS PROVIDED BY THE COPYRIGHT HOLDERS AND CONTRIBUTORS "AS IS"
  24:C:/Users/stapi/OneDrive/Desktop/GD32VW553/V1_MQTT_OK/GD32VW55X_Wifi_BLE_SDK/GD32VW55x_RELEASE_V1.0.2/MSDK/ble/profile\ble_profile_utils.c **** AND ANY EXPRESS OR IMPLIED WARRANTIES, INCLUDING, BUT NOT LIMITED TO, THE IMPLIED
  25:C:/Users/stapi/OneDrive/Desktop/GD32VW553/V1_MQTT_OK/GD32VW55X_Wifi_BLE_SDK/GD32VW55x_RELEASE_V1.0.2/MSDK/ble/profile\ble_profile_utils.c **** WARRANTIES OF MERCHANTABILITY AND FITNESS FOR A PARTICULAR PURPOSE ARE DISCLAIMED.
  26:C:/Users/stapi/OneDrive/Desktop/GD32VW553/V1_MQTT_OK/GD32VW55X_Wifi_BLE_SDK/GD32VW55x_RELEASE_V1.0.2/MSDK/ble/profile\ble_profile_utils.c **** IN NO EVENT SHALL THE COPYRIGHT HOLDER OR CONTRIBUTORS BE LIABLE FOR ANY DIRECT,
  27:C:/Users/stapi/OneDrive/Desktop/GD32VW553/V1_MQTT_OK/GD32VW55X_Wifi_BLE_SDK/GD32VW55x_RELEASE_V1.0.2/MSDK/ble/profile\ble_profile_utils.c **** INDIRECT, INCIDENTAL, SPECIAL, EXEMPLARY, OR CONSEQUENTIAL DAMAGES (INCLUDING, BUT
  28:C:/Users/stapi/OneDrive/Desktop/GD32VW553/V1_MQTT_OK/GD32VW55X_Wifi_BLE_SDK/GD32VW55x_RELEASE_V1.0.2/MSDK/ble/profile\ble_profile_utils.c **** NOT LIMITED TO, PROCUREMENT OF SUBSTITUTE GOODS OR SERVICES; LOSS OF USE, DATA, OR
  29:C:/Users/stapi/OneDrive/Desktop/GD32VW553/V1_MQTT_OK/GD32VW55X_Wifi_BLE_SDK/GD32VW55x_RELEASE_V1.0.2/MSDK/ble/profile\ble_profile_utils.c **** PROFITS; OR BUSINESS INTERRUPTION) HOWEVER CAUSED AND ON ANY THEORY OF LIABILITY,
  30:C:/Users/stapi/OneDrive/Desktop/GD32VW553/V1_MQTT_OK/GD32VW55X_Wifi_BLE_SDK/GD32VW55x_RELEASE_V1.0.2/MSDK/ble/profile\ble_profile_utils.c **** WHETHER IN CONTRACT, STRICT LIABILITY, OR TORT (INCLUDING NEGLIGENCE OR OTHERWISE)
  31:C:/Users/stapi/OneDrive/Desktop/GD32VW553/V1_MQTT_OK/GD32VW55X_Wifi_BLE_SDK/GD32VW55x_RELEASE_V1.0.2/MSDK/ble/profile\ble_profile_utils.c **** ARISING IN ANY WAY OUT OF THE USE OF THIS SOFTWARE, EVEN IF ADVISED OF THE POSSIBILITY
  32:C:/Users/stapi/OneDrive/Desktop/GD32VW553/V1_MQTT_OK/GD32VW55X_Wifi_BLE_SDK/GD32VW55x_RELEASE_V1.0.2/MSDK/ble/profile\ble_profile_utils.c **** OF SUCH DAMAGE.
  33:C:/Users/stapi/OneDrive/Desktop/GD32VW553/V1_MQTT_OK/GD32VW55X_Wifi_BLE_SDK/GD32VW55x_RELEASE_V1.0.2/MSDK/ble/profile\ble_profile_utils.c **** */
  34:C:/Users/stapi/OneDrive/Desktop/GD32VW553/V1_MQTT_OK/GD32VW55X_Wifi_BLE_SDK/GD32VW55x_RELEASE_V1.0.2/MSDK/ble/profile\ble_profile_utils.c **** 
  35:C:/Users/stapi/OneDrive/Desktop/GD32VW553/V1_MQTT_OK/GD32VW55X_Wifi_BLE_SDK/GD32VW55x_RELEASE_V1.0.2/MSDK/ble/profile\ble_profile_utils.c **** #include "ble_profile_config.h"
  36:C:/Users/stapi/OneDrive/Desktop/GD32VW553/V1_MQTT_OK/GD32VW55X_Wifi_BLE_SDK/GD32VW55x_RELEASE_V1.0.2/MSDK/ble/profile\ble_profile_utils.c **** 
  37:C:/Users/stapi/OneDrive/Desktop/GD32VW553/V1_MQTT_OK/GD32VW55X_Wifi_BLE_SDK/GD32VW55x_RELEASE_V1.0.2/MSDK/ble/profile\ble_profile_utils.c **** #ifdef BLE_HOST_SUPPORT
  38:C:/Users/stapi/OneDrive/Desktop/GD32VW553/V1_MQTT_OK/GD32VW55X_Wifi_BLE_SDK/GD32VW55x_RELEASE_V1.0.2/MSDK/ble/profile\ble_profile_utils.c **** #include <stdint.h>
  39:C:/Users/stapi/OneDrive/Desktop/GD32VW553/V1_MQTT_OK/GD32VW55X_Wifi_BLE_SDK/GD32VW55x_RELEASE_V1.0.2/MSDK/ble/profile\ble_profile_utils.c **** #include <stdbool.h>
  40:C:/Users/stapi/OneDrive/Desktop/GD32VW553/V1_MQTT_OK/GD32VW55X_Wifi_BLE_SDK/GD32VW55x_RELEASE_V1.0.2/MSDK/ble/profile\ble_profile_utils.c **** #include "ble_profile_utils.h"
  41:C:/Users/stapi/OneDrive/Desktop/GD32VW553/V1_MQTT_OK/GD32VW55X_Wifi_BLE_SDK/GD32VW55x_RELEASE_V1.0.2/MSDK/ble/profile\ble_profile_utils.c **** 
  42:C:/Users/stapi/OneDrive/Desktop/GD32VW553/V1_MQTT_OK/GD32VW55X_Wifi_BLE_SDK/GD32VW55x_RELEASE_V1.0.2/MSDK/ble/profile\ble_profile_utils.c **** #ifdef BLE_GATT_CLIENT_SUPPORT
  43:C:/Users/stapi/OneDrive/Desktop/GD32VW553/V1_MQTT_OK/GD32VW55X_Wifi_BLE_SDK/GD32VW55x_RELEASE_V1.0.2/MSDK/ble/profile\ble_profile_utils.c **** /*!
  44:C:/Users/stapi/OneDrive/Desktop/GD32VW553/V1_MQTT_OK/GD32VW55X_Wifi_BLE_SDK/GD32VW55x_RELEASE_V1.0.2/MSDK/ble/profile\ble_profile_utils.c ****     \brief      Pack date and time information into little endian stream data buffer
  45:C:/Users/stapi/OneDrive/Desktop/GD32VW553/V1_MQTT_OK/GD32VW55X_Wifi_BLE_SDK/GD32VW55x_RELEASE_V1.0.2/MSDK/ble/profile\ble_profile_utils.c ****     \param[in]  p_buf: pointer to buffer to fill the packed data
  46:C:/Users/stapi/OneDrive/Desktop/GD32VW553/V1_MQTT_OK/GD32VW55X_Wifi_BLE_SDK/GD32VW55x_RELEASE_V1.0.2/MSDK/ble/profile\ble_profile_utils.c ****     \param[in]  p_date_time: pointer to date and time information
  47:C:/Users/stapi/OneDrive/Desktop/GD32VW553/V1_MQTT_OK/GD32VW55X_Wifi_BLE_SDK/GD32VW55x_RELEASE_V1.0.2/MSDK/ble/profile\ble_profile_utils.c ****     \param[out] p_buf: pointer to the next byte in the buffer after packed data
  48:C:/Users/stapi/OneDrive/Desktop/GD32VW553/V1_MQTT_OK/GD32VW55X_Wifi_BLE_SDK/GD32VW55x_RELEASE_V1.0.2/MSDK/ble/profile\ble_profile_utils.c ****     \retval     none
  49:C:/Users/stapi/OneDrive/Desktop/GD32VW553/V1_MQTT_OK/GD32VW55X_Wifi_BLE_SDK/GD32VW55x_RELEASE_V1.0.2/MSDK/ble/profile\ble_profile_utils.c **** */
  50:C:/Users/stapi/OneDrive/Desktop/GD32VW553/V1_MQTT_OK/GD32VW55X_Wifi_BLE_SDK/GD32VW55x_RELEASE_V1.0.2/MSDK/ble/profile\ble_profile_utils.c **** void ble_prf_pack_date_time(uint8_t* p_buf, const ble_prf_date_time_t* p_date_time)
  51:C:/Users/stapi/OneDrive/Desktop/GD32VW553/V1_MQTT_OK/GD32VW55X_Wifi_BLE_SDK/GD32VW55x_RELEASE_V1.0.2/MSDK/ble/profile\ble_profile_utils.c **** {
  16              		.loc 1 51 1
  17              		.cfi_startproc
  18              	.LVL0:
  52:C:/Users/stapi/OneDrive/Desktop/GD32VW553/V1_MQTT_OK/GD32VW55X_Wifi_BLE_SDK/GD32VW55x_RELEASE_V1.0.2/MSDK/ble/profile\ble_profile_utils.c ****     LE_UINT16_TO_STREAM(p_buf, p_date_time->year);
  19              		.loc 1 52 5
  20 0000 83D70500 		lhu	a5,0(a1)
  21 0004 2300F500 		sb	a5,0(a0)
  22              		.loc 1 52 5
  23              	.LVL1:
  24 0008 83D70500 		lhu	a5,0(a1)
  25 000c A183     		srli	a5,a5,8
  26 000e A300F500 		sb	a5,1(a0)
  27              		.loc 1 52 50
  53:C:/Users/stapi/OneDrive/Desktop/GD32VW553/V1_MQTT_OK/GD32VW55X_Wifi_BLE_SDK/GD32VW55x_RELEASE_V1.0.2/MSDK/ble/profile\ble_profile_utils.c ****     LE_UINT8_TO_STREAM(p_buf, p_date_time->month);
  28              		.loc 1 53 5
  29              	.LVL2:
  30 0012 83C72500 		lbu	a5,2(a1)
  31 0016 2301F500 		sb	a5,2(a0)
  32              		.loc 1 53 50
  54:C:/Users/stapi/OneDrive/Desktop/GD32VW553/V1_MQTT_OK/GD32VW55X_Wifi_BLE_SDK/GD32VW55x_RELEASE_V1.0.2/MSDK/ble/profile\ble_profile_utils.c ****     LE_UINT8_TO_STREAM(p_buf, p_date_time->day);
  33              		.loc 1 54 5
  34              	.LVL3:
  35 001a 83C73500 		lbu	a5,3(a1)
  36 001e A301F500 		sb	a5,3(a0)
  37              		.loc 1 54 48
  55:C:/Users/stapi/OneDrive/Desktop/GD32VW553/V1_MQTT_OK/GD32VW55X_Wifi_BLE_SDK/GD32VW55x_RELEASE_V1.0.2/MSDK/ble/profile\ble_profile_utils.c ****     LE_UINT8_TO_STREAM(p_buf, p_date_time->hour);
  38              		.loc 1 55 5
  39              	.LVL4:
  40 0022 83C74500 		lbu	a5,4(a1)
  41 0026 2302F500 		sb	a5,4(a0)
  42              		.loc 1 55 49
  56:C:/Users/stapi/OneDrive/Desktop/GD32VW553/V1_MQTT_OK/GD32VW55X_Wifi_BLE_SDK/GD32VW55x_RELEASE_V1.0.2/MSDK/ble/profile\ble_profile_utils.c ****     LE_UINT8_TO_STREAM(p_buf, p_date_time->min);
  43              		.loc 1 56 5
  44              	.LVL5:
  45 002a 83C75500 		lbu	a5,5(a1)
  46 002e A302F500 		sb	a5,5(a0)
  47              		.loc 1 56 48
  57:C:/Users/stapi/OneDrive/Desktop/GD32VW553/V1_MQTT_OK/GD32VW55X_Wifi_BLE_SDK/GD32VW55x_RELEASE_V1.0.2/MSDK/ble/profile\ble_profile_utils.c ****     LE_UINT8_TO_STREAM(p_buf, p_date_time->sec);
  48              		.loc 1 57 5
  49              	.LVL6:
  50 0032 83C76500 		lbu	a5,6(a1)
  51 0036 2303F500 		sb	a5,6(a0)
  52              		.loc 1 57 48
  58:C:/Users/stapi/OneDrive/Desktop/GD32VW553/V1_MQTT_OK/GD32VW55X_Wifi_BLE_SDK/GD32VW55x_RELEASE_V1.0.2/MSDK/ble/profile\ble_profile_utils.c **** }
  53              		.loc 1 58 1 is_stmt 0
  54 003a 8280     		ret
  55              		.cfi_endproc
  56              	.LFE0:
  58              		.section	.text.ble_prf_pack_date,"ax",@progbits
  59              		.align	1
  60              		.globl	ble_prf_pack_date
  62              	ble_prf_pack_date:
  63              	.LFB1:
  59:C:/Users/stapi/OneDrive/Desktop/GD32VW553/V1_MQTT_OK/GD32VW55X_Wifi_BLE_SDK/GD32VW55x_RELEASE_V1.0.2/MSDK/ble/profile\ble_profile_utils.c **** 
  60:C:/Users/stapi/OneDrive/Desktop/GD32VW553/V1_MQTT_OK/GD32VW55X_Wifi_BLE_SDK/GD32VW55x_RELEASE_V1.0.2/MSDK/ble/profile\ble_profile_utils.c **** /*!
  61:C:/Users/stapi/OneDrive/Desktop/GD32VW553/V1_MQTT_OK/GD32VW55X_Wifi_BLE_SDK/GD32VW55x_RELEASE_V1.0.2/MSDK/ble/profile\ble_profile_utils.c ****     \brief      Pack date information into little endian stream data buffer
  62:C:/Users/stapi/OneDrive/Desktop/GD32VW553/V1_MQTT_OK/GD32VW55X_Wifi_BLE_SDK/GD32VW55x_RELEASE_V1.0.2/MSDK/ble/profile\ble_profile_utils.c ****     \param[in]  p_buf: pointer to buffer to fill the packed data
  63:C:/Users/stapi/OneDrive/Desktop/GD32VW553/V1_MQTT_OK/GD32VW55X_Wifi_BLE_SDK/GD32VW55x_RELEASE_V1.0.2/MSDK/ble/profile\ble_profile_utils.c ****     \param[in]  p_date: pointer to date information
  64:C:/Users/stapi/OneDrive/Desktop/GD32VW553/V1_MQTT_OK/GD32VW55X_Wifi_BLE_SDK/GD32VW55x_RELEASE_V1.0.2/MSDK/ble/profile\ble_profile_utils.c ****     \param[out] p_buf: pointer to the next byte in the buffer after packed data
  65:C:/Users/stapi/OneDrive/Desktop/GD32VW553/V1_MQTT_OK/GD32VW55X_Wifi_BLE_SDK/GD32VW55x_RELEASE_V1.0.2/MSDK/ble/profile\ble_profile_utils.c ****     \retval     none
  66:C:/Users/stapi/OneDrive/Desktop/GD32VW553/V1_MQTT_OK/GD32VW55X_Wifi_BLE_SDK/GD32VW55x_RELEASE_V1.0.2/MSDK/ble/profile\ble_profile_utils.c **** */
  67:C:/Users/stapi/OneDrive/Desktop/GD32VW553/V1_MQTT_OK/GD32VW55X_Wifi_BLE_SDK/GD32VW55x_RELEASE_V1.0.2/MSDK/ble/profile\ble_profile_utils.c **** void ble_prf_pack_date(uint8_t* p_buf, const ble_prf_date_t* p_date)
  68:C:/Users/stapi/OneDrive/Desktop/GD32VW553/V1_MQTT_OK/GD32VW55X_Wifi_BLE_SDK/GD32VW55x_RELEASE_V1.0.2/MSDK/ble/profile\ble_profile_utils.c **** {
  64              		.loc 1 68 1 is_stmt 1
  65              		.cfi_startproc
  66              	.LVL7:
  69:C:/Users/stapi/OneDrive/Desktop/GD32VW553/V1_MQTT_OK/GD32VW55X_Wifi_BLE_SDK/GD32VW55x_RELEASE_V1.0.2/MSDK/ble/profile\ble_profile_utils.c ****     LE_UINT16_TO_STREAM(p_buf, p_date->year);
  67              		.loc 1 69 5
  68 0000 83D70500 		lhu	a5,0(a1)
  69 0004 2300F500 		sb	a5,0(a0)
  70              		.loc 1 69 5
  71              	.LVL8:
  72 0008 83D70500 		lhu	a5,0(a1)
  73 000c A183     		srli	a5,a5,8
  74 000e A300F500 		sb	a5,1(a0)
  75              		.loc 1 69 45
  70:C:/Users/stapi/OneDrive/Desktop/GD32VW553/V1_MQTT_OK/GD32VW55X_Wifi_BLE_SDK/GD32VW55x_RELEASE_V1.0.2/MSDK/ble/profile\ble_profile_utils.c ****     LE_UINT8_TO_STREAM(p_buf, p_date->month);
  76              		.loc 1 70 5
  77              	.LVL9:
  78 0012 83C72500 		lbu	a5,2(a1)
  79 0016 2301F500 		sb	a5,2(a0)
  80              		.loc 1 70 45
  71:C:/Users/stapi/OneDrive/Desktop/GD32VW553/V1_MQTT_OK/GD32VW55X_Wifi_BLE_SDK/GD32VW55x_RELEASE_V1.0.2/MSDK/ble/profile\ble_profile_utils.c ****     LE_UINT8_TO_STREAM(p_buf, p_date->day);
  81              		.loc 1 71 5
  82              	.LVL10:
  83 001a 83C73500 		lbu	a5,3(a1)
  84 001e A301F500 		sb	a5,3(a0)
  85              		.loc 1 71 43
  72:C:/Users/stapi/OneDrive/Desktop/GD32VW553/V1_MQTT_OK/GD32VW55X_Wifi_BLE_SDK/GD32VW55x_RELEASE_V1.0.2/MSDK/ble/profile\ble_profile_utils.c **** }
  86              		.loc 1 72 1 is_stmt 0
  87 0022 8280     		ret
  88              		.cfi_endproc
  89              	.LFE1:
  91              		.section	.text.ble_prf_unpack_date_time,"ax",@progbits
  92              		.align	1
  93              		.globl	ble_prf_unpack_date_time
  95              	ble_prf_unpack_date_time:
  96              	.LFB2:
  73:C:/Users/stapi/OneDrive/Desktop/GD32VW553/V1_MQTT_OK/GD32VW55X_Wifi_BLE_SDK/GD32VW55x_RELEASE_V1.0.2/MSDK/ble/profile\ble_profile_utils.c **** 
  74:C:/Users/stapi/OneDrive/Desktop/GD32VW553/V1_MQTT_OK/GD32VW55X_Wifi_BLE_SDK/GD32VW55x_RELEASE_V1.0.2/MSDK/ble/profile\ble_profile_utils.c **** /*!
  75:C:/Users/stapi/OneDrive/Desktop/GD32VW553/V1_MQTT_OK/GD32VW55X_Wifi_BLE_SDK/GD32VW55x_RELEASE_V1.0.2/MSDK/ble/profile\ble_profile_utils.c ****     \brief      Unpack date and time information from little endian stream data
  76:C:/Users/stapi/OneDrive/Desktop/GD32VW553/V1_MQTT_OK/GD32VW55X_Wifi_BLE_SDK/GD32VW55x_RELEASE_V1.0.2/MSDK/ble/profile\ble_profile_utils.c ****     \param[in]  p_buf: pointer to buffer contain the packed data
  77:C:/Users/stapi/OneDrive/Desktop/GD32VW553/V1_MQTT_OK/GD32VW55X_Wifi_BLE_SDK/GD32VW55x_RELEASE_V1.0.2/MSDK/ble/profile\ble_profile_utils.c ****     \param[in]  p_date_time: pointer to date and time information structure to set the unpacked val
  78:C:/Users/stapi/OneDrive/Desktop/GD32VW553/V1_MQTT_OK/GD32VW55X_Wifi_BLE_SDK/GD32VW55x_RELEASE_V1.0.2/MSDK/ble/profile\ble_profile_utils.c ****     \param[out] p_buf: pointer to the next byte in the buffer after packed data
  79:C:/Users/stapi/OneDrive/Desktop/GD32VW553/V1_MQTT_OK/GD32VW55X_Wifi_BLE_SDK/GD32VW55x_RELEASE_V1.0.2/MSDK/ble/profile\ble_profile_utils.c ****     \retval     none
  80:C:/Users/stapi/OneDrive/Desktop/GD32VW553/V1_MQTT_OK/GD32VW55X_Wifi_BLE_SDK/GD32VW55x_RELEASE_V1.0.2/MSDK/ble/profile\ble_profile_utils.c **** */
  81:C:/Users/stapi/OneDrive/Desktop/GD32VW553/V1_MQTT_OK/GD32VW55X_Wifi_BLE_SDK/GD32VW55x_RELEASE_V1.0.2/MSDK/ble/profile\ble_profile_utils.c **** void ble_prf_unpack_date_time(uint8_t* p_buf, ble_prf_date_time_t* p_date_time)
  82:C:/Users/stapi/OneDrive/Desktop/GD32VW553/V1_MQTT_OK/GD32VW55X_Wifi_BLE_SDK/GD32VW55x_RELEASE_V1.0.2/MSDK/ble/profile\ble_profile_utils.c **** {
  97              		.loc 1 82 1 is_stmt 1
  98              		.cfi_startproc
  99              	.LVL11:
  83:C:/Users/stapi/OneDrive/Desktop/GD32VW553/V1_MQTT_OK/GD32VW55X_Wifi_BLE_SDK/GD32VW55x_RELEASE_V1.0.2/MSDK/ble/profile\ble_profile_utils.c ****     LE_STREAM_TO_UINT16(p_date_time->year, p_buf);
 100              		.loc 1 83 5
 101 0000 83471500 		lbu	a5,1(a0)
 102 0004 03470500 		lbu	a4,0(a0)
 103 0008 A207     		slli	a5,a5,8
 104 000a BA97     		add	a5,a5,a4
 105 000c 2390F500 		sh	a5,0(a1)
 106              		.loc 1 83 5
 107              	.LVL12:
 108              		.loc 1 83 50
  84:C:/Users/stapi/OneDrive/Desktop/GD32VW553/V1_MQTT_OK/GD32VW55X_Wifi_BLE_SDK/GD32VW55x_RELEASE_V1.0.2/MSDK/ble/profile\ble_profile_utils.c ****     LE_STREAM_TO_UINT8(p_date_time->month, p_buf);
 109              		.loc 1 84 5
 110 0010 83472500 		lbu	a5,2(a0)
 111 0014 2381F500 		sb	a5,2(a1)
 112              		.loc 1 84 5
 113              	.LVL13:
 114              		.loc 1 84 50
  85:C:/Users/stapi/OneDrive/Desktop/GD32VW553/V1_MQTT_OK/GD32VW55X_Wifi_BLE_SDK/GD32VW55x_RELEASE_V1.0.2/MSDK/ble/profile\ble_profile_utils.c ****     LE_STREAM_TO_UINT8(p_date_time->day, p_buf);
 115              		.loc 1 85 5
 116 0018 83473500 		lbu	a5,3(a0)
 117 001c A381F500 		sb	a5,3(a1)
 118              		.loc 1 85 5
 119              	.LVL14:
 120              		.loc 1 85 48
  86:C:/Users/stapi/OneDrive/Desktop/GD32VW553/V1_MQTT_OK/GD32VW55X_Wifi_BLE_SDK/GD32VW55x_RELEASE_V1.0.2/MSDK/ble/profile\ble_profile_utils.c ****     LE_STREAM_TO_UINT8(p_date_time->hour, p_buf);
 121              		.loc 1 86 5
 122 0020 83474500 		lbu	a5,4(a0)
 123 0024 2382F500 		sb	a5,4(a1)
 124              		.loc 1 86 5
 125              	.LVL15:
 126              		.loc 1 86 49
  87:C:/Users/stapi/OneDrive/Desktop/GD32VW553/V1_MQTT_OK/GD32VW55X_Wifi_BLE_SDK/GD32VW55x_RELEASE_V1.0.2/MSDK/ble/profile\ble_profile_utils.c ****     LE_STREAM_TO_UINT8(p_date_time->min, p_buf);
 127              		.loc 1 87 5
 128 0028 83475500 		lbu	a5,5(a0)
 129 002c A382F500 		sb	a5,5(a1)
 130              		.loc 1 87 5
 131              	.LVL16:
 132              		.loc 1 87 48
  88:C:/Users/stapi/OneDrive/Desktop/GD32VW553/V1_MQTT_OK/GD32VW55X_Wifi_BLE_SDK/GD32VW55x_RELEASE_V1.0.2/MSDK/ble/profile\ble_profile_utils.c ****     LE_STREAM_TO_UINT8(p_date_time->sec, p_buf);
 133              		.loc 1 88 5
 134 0030 83476500 		lbu	a5,6(a0)
 135 0034 2383F500 		sb	a5,6(a1)
 136              		.loc 1 88 5
 137              	.LVL17:
 138              		.loc 1 88 48
  89:C:/Users/stapi/OneDrive/Desktop/GD32VW553/V1_MQTT_OK/GD32VW55X_Wifi_BLE_SDK/GD32VW55x_RELEASE_V1.0.2/MSDK/ble/profile\ble_profile_utils.c **** }
 139              		.loc 1 89 1 is_stmt 0
 140 0038 8280     		ret
 141              		.cfi_endproc
 142              	.LFE2:
 144              		.section	.text.ble_prf_unpack_date,"ax",@progbits
 145              		.align	1
 146              		.globl	ble_prf_unpack_date
 148              	ble_prf_unpack_date:
 149              	.LFB3:
  90:C:/Users/stapi/OneDrive/Desktop/GD32VW553/V1_MQTT_OK/GD32VW55X_Wifi_BLE_SDK/GD32VW55x_RELEASE_V1.0.2/MSDK/ble/profile\ble_profile_utils.c **** 
  91:C:/Users/stapi/OneDrive/Desktop/GD32VW553/V1_MQTT_OK/GD32VW55X_Wifi_BLE_SDK/GD32VW55x_RELEASE_V1.0.2/MSDK/ble/profile\ble_profile_utils.c **** /*!
  92:C:/Users/stapi/OneDrive/Desktop/GD32VW553/V1_MQTT_OK/GD32VW55X_Wifi_BLE_SDK/GD32VW55x_RELEASE_V1.0.2/MSDK/ble/profile\ble_profile_utils.c ****     \brief      Unpack date information from little endian stream data
  93:C:/Users/stapi/OneDrive/Desktop/GD32VW553/V1_MQTT_OK/GD32VW55X_Wifi_BLE_SDK/GD32VW55x_RELEASE_V1.0.2/MSDK/ble/profile\ble_profile_utils.c ****     \param[in]  p_buf: pointer to buffer contain the packed data
  94:C:/Users/stapi/OneDrive/Desktop/GD32VW553/V1_MQTT_OK/GD32VW55X_Wifi_BLE_SDK/GD32VW55x_RELEASE_V1.0.2/MSDK/ble/profile\ble_profile_utils.c ****     \param[in]  p_date: pointer to date information structure to set the unpacked value
  95:C:/Users/stapi/OneDrive/Desktop/GD32VW553/V1_MQTT_OK/GD32VW55X_Wifi_BLE_SDK/GD32VW55x_RELEASE_V1.0.2/MSDK/ble/profile\ble_profile_utils.c ****     \param[out] p_buf: pointer to the next byte in the buffer after packed data
  96:C:/Users/stapi/OneDrive/Desktop/GD32VW553/V1_MQTT_OK/GD32VW55X_Wifi_BLE_SDK/GD32VW55x_RELEASE_V1.0.2/MSDK/ble/profile\ble_profile_utils.c ****     \retval     none
  97:C:/Users/stapi/OneDrive/Desktop/GD32VW553/V1_MQTT_OK/GD32VW55X_Wifi_BLE_SDK/GD32VW55x_RELEASE_V1.0.2/MSDK/ble/profile\ble_profile_utils.c **** */
  98:C:/Users/stapi/OneDrive/Desktop/GD32VW553/V1_MQTT_OK/GD32VW55X_Wifi_BLE_SDK/GD32VW55x_RELEASE_V1.0.2/MSDK/ble/profile\ble_profile_utils.c **** void ble_prf_unpack_date(uint8_t* p_buf, ble_prf_date_t* p_date)
  99:C:/Users/stapi/OneDrive/Desktop/GD32VW553/V1_MQTT_OK/GD32VW55X_Wifi_BLE_SDK/GD32VW55x_RELEASE_V1.0.2/MSDK/ble/profile\ble_profile_utils.c **** {
 150              		.loc 1 99 1 is_stmt 1
 151              		.cfi_startproc
 152              	.LVL18:
 100:C:/Users/stapi/OneDrive/Desktop/GD32VW553/V1_MQTT_OK/GD32VW55X_Wifi_BLE_SDK/GD32VW55x_RELEASE_V1.0.2/MSDK/ble/profile\ble_profile_utils.c ****     LE_STREAM_TO_UINT16(p_date->year, p_buf);
 153              		.loc 1 100 5
 154 0000 83471500 		lbu	a5,1(a0)
 155 0004 03470500 		lbu	a4,0(a0)
 156 0008 A207     		slli	a5,a5,8
 157 000a BA97     		add	a5,a5,a4
 158 000c 2390F500 		sh	a5,0(a1)
 159              		.loc 1 100 5
 160              	.LVL19:
 161              		.loc 1 100 45
 101:C:/Users/stapi/OneDrive/Desktop/GD32VW553/V1_MQTT_OK/GD32VW55X_Wifi_BLE_SDK/GD32VW55x_RELEASE_V1.0.2/MSDK/ble/profile\ble_profile_utils.c ****     LE_STREAM_TO_UINT8(p_date->month, p_buf);
 162              		.loc 1 101 5
 163 0010 83472500 		lbu	a5,2(a0)
 164 0014 2381F500 		sb	a5,2(a1)
 165              		.loc 1 101 5
 166              	.LVL20:
 167              		.loc 1 101 45
 102:C:/Users/stapi/OneDrive/Desktop/GD32VW553/V1_MQTT_OK/GD32VW55X_Wifi_BLE_SDK/GD32VW55x_RELEASE_V1.0.2/MSDK/ble/profile\ble_profile_utils.c ****     LE_STREAM_TO_UINT8(p_date->day, p_buf);
 168              		.loc 1 102 5
 169 0018 83473500 		lbu	a5,3(a0)
 170 001c A381F500 		sb	a5,3(a1)
 171              		.loc 1 102 5
 172              	.LVL21:
 173              		.loc 1 102 43
 103:C:/Users/stapi/OneDrive/Desktop/GD32VW553/V1_MQTT_OK/GD32VW55X_Wifi_BLE_SDK/GD32VW55x_RELEASE_V1.0.2/MSDK/ble/profile\ble_profile_utils.c **** }
 174              		.loc 1 103 1 is_stmt 0
 175 0020 8280     		ret
 176              		.cfi_endproc
 177              	.LFE3:
 179              		.text
 180              	.Letext0:
 181              		.file 2 "c:\\users\\stapi\\onedrive\\desktop\\gd32vw553\\embeddedbuilder_v1.4.7.26843\\tools\\nucl
 182              		.file 3 "c:\\users\\stapi\\onedrive\\desktop\\gd32vw553\\embeddedbuilder_v1.4.7.26843\\tools\\nucl
 183              		.file 4 "C:/Users/stapi/OneDrive/Desktop/GD32VW553/V1_MQTT_OK/GD32VW55X_Wifi_BLE_SDK/GD32VW55x_REL
DEFINED SYMBOLS
                            *ABS*:0000000000000000 ble_profile_utils.c
C:\Users\stapi\AppData\Local\Temp\cc3zpyrq.s:13     .text.ble_prf_pack_date_time:0000000000000000 ble_prf_pack_date_time
C:\Users\stapi\AppData\Local\Temp\cc3zpyrq.s:17     .text.ble_prf_pack_date_time:0000000000000000 .L0 
C:\Users\stapi\AppData\Local\Temp\cc3zpyrq.s:19     .text.ble_prf_pack_date_time:0000000000000000 .L0 
C:\Users\stapi\AppData\Local\Temp\cc3zpyrq.s:20     .text.ble_prf_pack_date_time:0000000000000000 .L0 
C:\Users\stapi\AppData\Local\Temp\cc3zpyrq.s:24     .text.ble_prf_pack_date_time:0000000000000008 .L0 
C:\Users\stapi\AppData\Local\Temp\cc3zpyrq.s:28     .text.ble_prf_pack_date_time:0000000000000012 .L0 
C:\Users\stapi\AppData\Local\Temp\cc3zpyrq.s:30     .text.ble_prf_pack_date_time:0000000000000012 .L0 
C:\Users\stapi\AppData\Local\Temp\cc3zpyrq.s:33     .text.ble_prf_pack_date_time:000000000000001a .L0 
C:\Users\stapi\AppData\Local\Temp\cc3zpyrq.s:35     .text.ble_prf_pack_date_time:000000000000001a .L0 
C:\Users\stapi\AppData\Local\Temp\cc3zpyrq.s:38     .text.ble_prf_pack_date_time:0000000000000022 .L0 
C:\Users\stapi\AppData\Local\Temp\cc3zpyrq.s:40     .text.ble_prf_pack_date_time:0000000000000022 .L0 
C:\Users\stapi\AppData\Local\Temp\cc3zpyrq.s:43     .text.ble_prf_pack_date_time:000000000000002a .L0 
C:\Users\stapi\AppData\Local\Temp\cc3zpyrq.s:45     .text.ble_prf_pack_date_time:000000000000002a .L0 
C:\Users\stapi\AppData\Local\Temp\cc3zpyrq.s:48     .text.ble_prf_pack_date_time:0000000000000032 .L0 
C:\Users\stapi\AppData\Local\Temp\cc3zpyrq.s:50     .text.ble_prf_pack_date_time:0000000000000032 .L0 
C:\Users\stapi\AppData\Local\Temp\cc3zpyrq.s:53     .text.ble_prf_pack_date_time:000000000000003a .L0 
C:\Users\stapi\AppData\Local\Temp\cc3zpyrq.s:54     .text.ble_prf_pack_date_time:000000000000003a .L0 
C:\Users\stapi\AppData\Local\Temp\cc3zpyrq.s:55     .text.ble_prf_pack_date_time:000000000000003c .L0 
C:\Users\stapi\AppData\Local\Temp\cc3zpyrq.s:62     .text.ble_prf_pack_date:0000000000000000 ble_prf_pack_date
C:\Users\stapi\AppData\Local\Temp\cc3zpyrq.s:65     .text.ble_prf_pack_date:0000000000000000 .L0 
C:\Users\stapi\AppData\Local\Temp\cc3zpyrq.s:67     .text.ble_prf_pack_date:0000000000000000 .L0 
C:\Users\stapi\AppData\Local\Temp\cc3zpyrq.s:68     .text.ble_prf_pack_date:0000000000000000 .L0 
C:\Users\stapi\AppData\Local\Temp\cc3zpyrq.s:72     .text.ble_prf_pack_date:0000000000000008 .L0 
C:\Users\stapi\AppData\Local\Temp\cc3zpyrq.s:76     .text.ble_prf_pack_date:0000000000000012 .L0 
C:\Users\stapi\AppData\Local\Temp\cc3zpyrq.s:78     .text.ble_prf_pack_date:0000000000000012 .L0 
C:\Users\stapi\AppData\Local\Temp\cc3zpyrq.s:81     .text.ble_prf_pack_date:000000000000001a .L0 
C:\Users\stapi\AppData\Local\Temp\cc3zpyrq.s:83     .text.ble_prf_pack_date:000000000000001a .L0 
C:\Users\stapi\AppData\Local\Temp\cc3zpyrq.s:86     .text.ble_prf_pack_date:0000000000000022 .L0 
C:\Users\stapi\AppData\Local\Temp\cc3zpyrq.s:87     .text.ble_prf_pack_date:0000000000000022 .L0 
C:\Users\stapi\AppData\Local\Temp\cc3zpyrq.s:88     .text.ble_prf_pack_date:0000000000000024 .L0 
C:\Users\stapi\AppData\Local\Temp\cc3zpyrq.s:95     .text.ble_prf_unpack_date_time:0000000000000000 ble_prf_unpack_date_time
C:\Users\stapi\AppData\Local\Temp\cc3zpyrq.s:98     .text.ble_prf_unpack_date_time:0000000000000000 .L0 
C:\Users\stapi\AppData\Local\Temp\cc3zpyrq.s:100    .text.ble_prf_unpack_date_time:0000000000000000 .L0 
C:\Users\stapi\AppData\Local\Temp\cc3zpyrq.s:101    .text.ble_prf_unpack_date_time:0000000000000000 .L0 
C:\Users\stapi\AppData\Local\Temp\cc3zpyrq.s:108    .text.ble_prf_unpack_date_time:0000000000000010 .L0 
C:\Users\stapi\AppData\Local\Temp\cc3zpyrq.s:109    .text.ble_prf_unpack_date_time:0000000000000010 .L0 
C:\Users\stapi\AppData\Local\Temp\cc3zpyrq.s:110    .text.ble_prf_unpack_date_time:0000000000000010 .L0 
C:\Users\stapi\AppData\Local\Temp\cc3zpyrq.s:114    .text.ble_prf_unpack_date_time:0000000000000018 .L0 
C:\Users\stapi\AppData\Local\Temp\cc3zpyrq.s:115    .text.ble_prf_unpack_date_time:0000000000000018 .L0 
C:\Users\stapi\AppData\Local\Temp\cc3zpyrq.s:116    .text.ble_prf_unpack_date_time:0000000000000018 .L0 
C:\Users\stapi\AppData\Local\Temp\cc3zpyrq.s:120    .text.ble_prf_unpack_date_time:0000000000000020 .L0 
C:\Users\stapi\AppData\Local\Temp\cc3zpyrq.s:121    .text.ble_prf_unpack_date_time:0000000000000020 .L0 
C:\Users\stapi\AppData\Local\Temp\cc3zpyrq.s:122    .text.ble_prf_unpack_date_time:0000000000000020 .L0 
C:\Users\stapi\AppData\Local\Temp\cc3zpyrq.s:126    .text.ble_prf_unpack_date_time:0000000000000028 .L0 
C:\Users\stapi\AppData\Local\Temp\cc3zpyrq.s:127    .text.ble_prf_unpack_date_time:0000000000000028 .L0 
C:\Users\stapi\AppData\Local\Temp\cc3zpyrq.s:128    .text.ble_prf_unpack_date_time:0000000000000028 .L0 
C:\Users\stapi\AppData\Local\Temp\cc3zpyrq.s:132    .text.ble_prf_unpack_date_time:0000000000000030 .L0 
C:\Users\stapi\AppData\Local\Temp\cc3zpyrq.s:133    .text.ble_prf_unpack_date_time:0000000000000030 .L0 
C:\Users\stapi\AppData\Local\Temp\cc3zpyrq.s:134    .text.ble_prf_unpack_date_time:0000000000000030 .L0 
C:\Users\stapi\AppData\Local\Temp\cc3zpyrq.s:138    .text.ble_prf_unpack_date_time:0000000000000038 .L0 
C:\Users\stapi\AppData\Local\Temp\cc3zpyrq.s:139    .text.ble_prf_unpack_date_time:0000000000000038 .L0 
C:\Users\stapi\AppData\Local\Temp\cc3zpyrq.s:140    .text.ble_prf_unpack_date_time:0000000000000038 .L0 
C:\Users\stapi\AppData\Local\Temp\cc3zpyrq.s:141    .text.ble_prf_unpack_date_time:000000000000003a .L0 
C:\Users\stapi\AppData\Local\Temp\cc3zpyrq.s:148    .text.ble_prf_unpack_date:0000000000000000 ble_prf_unpack_date
C:\Users\stapi\AppData\Local\Temp\cc3zpyrq.s:151    .text.ble_prf_unpack_date:0000000000000000 .L0 
C:\Users\stapi\AppData\Local\Temp\cc3zpyrq.s:153    .text.ble_prf_unpack_date:0000000000000000 .L0 
C:\Users\stapi\AppData\Local\Temp\cc3zpyrq.s:154    .text.ble_prf_unpack_date:0000000000000000 .L0 
C:\Users\stapi\AppData\Local\Temp\cc3zpyrq.s:161    .text.ble_prf_unpack_date:0000000000000010 .L0 
C:\Users\stapi\AppData\Local\Temp\cc3zpyrq.s:162    .text.ble_prf_unpack_date:0000000000000010 .L0 
C:\Users\stapi\AppData\Local\Temp\cc3zpyrq.s:163    .text.ble_prf_unpack_date:0000000000000010 .L0 
C:\Users\stapi\AppData\Local\Temp\cc3zpyrq.s:167    .text.ble_prf_unpack_date:0000000000000018 .L0 
C:\Users\stapi\AppData\Local\Temp\cc3zpyrq.s:168    .text.ble_prf_unpack_date:0000000000000018 .L0 
C:\Users\stapi\AppData\Local\Temp\cc3zpyrq.s:169    .text.ble_prf_unpack_date:0000000000000018 .L0 
C:\Users\stapi\AppData\Local\Temp\cc3zpyrq.s:173    .text.ble_prf_unpack_date:0000000000000020 .L0 
C:\Users\stapi\AppData\Local\Temp\cc3zpyrq.s:174    .text.ble_prf_unpack_date:0000000000000020 .L0 
C:\Users\stapi\AppData\Local\Temp\cc3zpyrq.s:175    .text.ble_prf_unpack_date:0000000000000020 .L0 
C:\Users\stapi\AppData\Local\Temp\cc3zpyrq.s:176    .text.ble_prf_unpack_date:0000000000000022 .L0 
C:\Users\stapi\AppData\Local\Temp\cc3zpyrq.s:58     .text.ble_prf_pack_date_time:000000000000003c .L0 
C:\Users\stapi\AppData\Local\Temp\cc3zpyrq.s:91     .text.ble_prf_pack_date:0000000000000024 .L0 
C:\Users\stapi\AppData\Local\Temp\cc3zpyrq.s:144    .text.ble_prf_unpack_date_time:000000000000003a .L0 
C:\Users\stapi\AppData\Local\Temp\cc3zpyrq.s:179    .text.ble_prf_unpack_date:0000000000000022 .L0 
                     .debug_frame:0000000000000000 .L0 
C:\Users\stapi\AppData\Local\Temp\cc3zpyrq.s:482    .debug_abbrev:0000000000000000 .Ldebug_abbrev0
C:\Users\stapi\AppData\Local\Temp\cc3zpyrq.s:875    .debug_str:00000000000000b1 .LASF28
C:\Users\stapi\AppData\Local\Temp\cc3zpyrq.s:909    .debug_str:00000000000002dc .LASF29
C:\Users\stapi\AppData\Local\Temp\cc3zpyrq.s:889    .debug_str:00000000000001e9 .LASF30
C:\Users\stapi\AppData\Local\Temp\cc3zpyrq.s:837    .debug_ranges:0000000000000000 .Ldebug_ranges0
C:\Users\stapi\AppData\Local\Temp\cc3zpyrq.s:849    .debug_line:0000000000000000 .Ldebug_line0
C:\Users\stapi\AppData\Local\Temp\cc3zpyrq.s:905    .debug_str:00000000000002ca .LASF0
C:\Users\stapi\AppData\Local\Temp\cc3zpyrq.s:851    .debug_str:0000000000000000 .LASF3
C:\Users\stapi\AppData\Local\Temp\cc3zpyrq.s:863    .debug_str:0000000000000052 .LASF1
C:\Users\stapi\AppData\Local\Temp\cc3zpyrq.s:895    .debug_str:0000000000000286 .LASF2
C:\Users\stapi\AppData\Local\Temp\cc3zpyrq.s:873    .debug_str:00000000000000a6 .LASF4
C:\Users\stapi\AppData\Local\Temp\cc3zpyrq.s:869    .debug_str:000000000000007f .LASF5
C:\Users\stapi\AppData\Local\Temp\cc3zpyrq.s:899    .debug_str:0000000000000299 .LASF6
C:\Users\stapi\AppData\Local\Temp\cc3zpyrq.s:867    .debug_str:000000000000006d .LASF7
C:\Users\stapi\AppData\Local\Temp\cc3zpyrq.s:891    .debug_str:0000000000000272 .LASF8
C:\Users\stapi\AppData\Local\Temp\cc3zpyrq.s:911    .debug_str:0000000000000366 .LASF9
C:\Users\stapi\AppData\Local\Temp\cc3zpyrq.s:879    .debug_str:00000000000001b1 .LASF10
C:\Users\stapi\AppData\Local\Temp\cc3zpyrq.s:883    .debug_str:00000000000001d0 .LASF11
C:\Users\stapi\AppData\Local\Temp\cc3zpyrq.s:897    .debug_str:0000000000000290 .LASF12
C:\Users\stapi\AppData\Local\Temp\cc3zpyrq.s:907    .debug_str:00000000000002d6 .LASF13
C:\Users\stapi\AppData\Local\Temp\cc3zpyrq.s:881    .debug_str:00000000000001be .LASF18
C:\Users\stapi\AppData\Local\Temp\cc3zpyrq.s:853    .debug_str:000000000000000a .LASF14
C:\Users\stapi\AppData\Local\Temp\cc3zpyrq.s:855    .debug_str:000000000000000f .LASF15
C:\Users\stapi\AppData\Local\Temp\cc3zpyrq.s:885    .debug_str:00000000000001d8 .LASF16
C:\Users\stapi\AppData\Local\Temp\cc3zpyrq.s:861    .debug_str:000000000000003e .LASF17
C:\Users\stapi\AppData\Local\Temp\cc3zpyrq.s:865    .debug_str:0000000000000060 .LASF19
C:\Users\stapi\AppData\Local\Temp\cc3zpyrq.s:901    .debug_str:00000000000002a2 .LASF20
C:\Users\stapi\AppData\Local\Temp\cc3zpyrq.s:871    .debug_str:0000000000000092 .LASF23
C:\Users\stapi\AppData\Local\Temp\cc3zpyrq.s:149    .text.ble_prf_unpack_date:0000000000000000 .LFB3
C:\Users\stapi\AppData\Local\Temp\cc3zpyrq.s:177    .text.ble_prf_unpack_date:0000000000000022 .LFE3
C:\Users\stapi\AppData\Local\Temp\cc3zpyrq.s:893    .debug_str:0000000000000280 .LASF21
C:\Users\stapi\AppData\Local\Temp\cc3zpyrq.s:670    .debug_loc:0000000000000000 .LLST3
C:\Users\stapi\AppData\Local\Temp\cc3zpyrq.s:877    .debug_str:00000000000001aa .LASF22
C:\Users\stapi\AppData\Local\Temp\cc3zpyrq.s:903    .debug_str:00000000000002b1 .LASF24
C:\Users\stapi\AppData\Local\Temp\cc3zpyrq.s:96     .text.ble_prf_unpack_date_time:0000000000000000 .LFB2
C:\Users\stapi\AppData\Local\Temp\cc3zpyrq.s:142    .text.ble_prf_unpack_date_time:000000000000003a .LFE2
C:\Users\stapi\AppData\Local\Temp\cc3zpyrq.s:695    .debug_loc:000000000000003a .LLST2
C:\Users\stapi\AppData\Local\Temp\cc3zpyrq.s:887    .debug_str:00000000000001dd .LASF25
C:\Users\stapi\AppData\Local\Temp\cc3zpyrq.s:857    .debug_str:0000000000000015 .LASF26
C:\Users\stapi\AppData\Local\Temp\cc3zpyrq.s:63     .text.ble_prf_pack_date:0000000000000000 .LFB1
C:\Users\stapi\AppData\Local\Temp\cc3zpyrq.s:89     .text.ble_prf_pack_date:0000000000000024 .LFE1
C:\Users\stapi\AppData\Local\Temp\cc3zpyrq.s:738    .debug_loc:000000000000009b .LLST1
C:\Users\stapi\AppData\Local\Temp\cc3zpyrq.s:859    .debug_str:0000000000000027 .LASF27
C:\Users\stapi\AppData\Local\Temp\cc3zpyrq.s:14     .text.ble_prf_pack_date_time:0000000000000000 .LFB0
C:\Users\stapi\AppData\Local\Temp\cc3zpyrq.s:56     .text.ble_prf_pack_date_time:000000000000003c .LFE0
C:\Users\stapi\AppData\Local\Temp\cc3zpyrq.s:769    .debug_loc:00000000000000e2 .LLST0
C:\Users\stapi\AppData\Local\Temp\cc3zpyrq.s:152    .text.ble_prf_unpack_date:0000000000000000 .LVL18
C:\Users\stapi\AppData\Local\Temp\cc3zpyrq.s:160    .text.ble_prf_unpack_date:0000000000000010 .LVL19
C:\Users\stapi\AppData\Local\Temp\cc3zpyrq.s:166    .text.ble_prf_unpack_date:0000000000000018 .LVL20
C:\Users\stapi\AppData\Local\Temp\cc3zpyrq.s:172    .text.ble_prf_unpack_date:0000000000000020 .LVL21
C:\Users\stapi\AppData\Local\Temp\cc3zpyrq.s:99     .text.ble_prf_unpack_date_time:0000000000000000 .LVL11
C:\Users\stapi\AppData\Local\Temp\cc3zpyrq.s:107    .text.ble_prf_unpack_date_time:0000000000000010 .LVL12
C:\Users\stapi\AppData\Local\Temp\cc3zpyrq.s:113    .text.ble_prf_unpack_date_time:0000000000000018 .LVL13
C:\Users\stapi\AppData\Local\Temp\cc3zpyrq.s:119    .text.ble_prf_unpack_date_time:0000000000000020 .LVL14
C:\Users\stapi\AppData\Local\Temp\cc3zpyrq.s:125    .text.ble_prf_unpack_date_time:0000000000000028 .LVL15
C:\Users\stapi\AppData\Local\Temp\cc3zpyrq.s:131    .text.ble_prf_unpack_date_time:0000000000000030 .LVL16
C:\Users\stapi\AppData\Local\Temp\cc3zpyrq.s:137    .text.ble_prf_unpack_date_time:0000000000000038 .LVL17
C:\Users\stapi\AppData\Local\Temp\cc3zpyrq.s:66     .text.ble_prf_pack_date:0000000000000000 .LVL7
C:\Users\stapi\AppData\Local\Temp\cc3zpyrq.s:71     .text.ble_prf_pack_date:0000000000000008 .LVL8
C:\Users\stapi\AppData\Local\Temp\cc3zpyrq.s:77     .text.ble_prf_pack_date:0000000000000012 .LVL9
C:\Users\stapi\AppData\Local\Temp\cc3zpyrq.s:82     .text.ble_prf_pack_date:000000000000001a .LVL10
C:\Users\stapi\AppData\Local\Temp\cc3zpyrq.s:18     .text.ble_prf_pack_date_time:0000000000000000 .LVL0
C:\Users\stapi\AppData\Local\Temp\cc3zpyrq.s:23     .text.ble_prf_pack_date_time:0000000000000008 .LVL1
C:\Users\stapi\AppData\Local\Temp\cc3zpyrq.s:29     .text.ble_prf_pack_date_time:0000000000000012 .LVL2
C:\Users\stapi\AppData\Local\Temp\cc3zpyrq.s:34     .text.ble_prf_pack_date_time:000000000000001a .LVL3
C:\Users\stapi\AppData\Local\Temp\cc3zpyrq.s:39     .text.ble_prf_pack_date_time:0000000000000022 .LVL4
C:\Users\stapi\AppData\Local\Temp\cc3zpyrq.s:44     .text.ble_prf_pack_date_time:000000000000002a .LVL5
C:\Users\stapi\AppData\Local\Temp\cc3zpyrq.s:49     .text.ble_prf_pack_date_time:0000000000000032 .LVL6
C:\Users\stapi\AppData\Local\Temp\cc3zpyrq.s:185    .debug_info:0000000000000000 .Ldebug_info0

NO UNDEFINED SYMBOLS
