   1              		.file	"lib_hook.c"
   2              		.option nopic
   3              		.attribute arch, "rv32i2p0_m2p0_a2p0_f2p0_c2p0_b_p0p94"
   4              		.attribute unaligned_access, 0
   5              		.attribute stack_align, 16
   6              		.text
   7              	.Ltext0:
   8              		.cfi_sections	.debug_frame
   9              		.section	.rodata._sbrk.str1.4,"aMS",@progbits,1
  10              		.align	2
  11              	.LC0:
  12 0000 6572726F 		.string	"error: alloc or free heap memory out of bounds\r"
  12      723A2061 
  12      6C6C6F63 
  12      206F7220 
  12      66726565 
  13              		.section	.text._sbrk,"ax",@progbits
  14              		.align	1
  15              		.globl	_sbrk
  17              	_sbrk:
  18              	.LFB3:
  19              		.file 1 "C:/Users/stapi/OneDrive/Desktop/GD32VW553/V1_MQTT_OK/GD32VW55X_Wifi_BLE_SDK/GD32VW55x_REL
   1:C:/Users/stapi/OneDrive/Desktop/GD32VW553/V1_MQTT_OK/GD32VW55X_Wifi_BLE_SDK/GD32VW55x_RELEASE_V1.0.2/MSDK/plf/riscv/arch/lib\lib_hook.c **** /*!
   2:C:/Users/stapi/OneDrive/Desktop/GD32VW553/V1_MQTT_OK/GD32VW55X_Wifi_BLE_SDK/GD32VW55x_RELEASE_V1.0.2/MSDK/plf/riscv/arch/lib\lib_hook.c ****     \file    lib_hook.c
   3:C:/Users/stapi/OneDrive/Desktop/GD32VW553/V1_MQTT_OK/GD32VW55X_Wifi_BLE_SDK/GD32VW55x_RELEASE_V1.0.2/MSDK/plf/riscv/arch/lib\lib_hook.c ****     \brief   lib hook functions for GD32VW55x SDK.
   4:C:/Users/stapi/OneDrive/Desktop/GD32VW553/V1_MQTT_OK/GD32VW55X_Wifi_BLE_SDK/GD32VW55x_RELEASE_V1.0.2/MSDK/plf/riscv/arch/lib\lib_hook.c **** 
   5:C:/Users/stapi/OneDrive/Desktop/GD32VW553/V1_MQTT_OK/GD32VW55X_Wifi_BLE_SDK/GD32VW55x_RELEASE_V1.0.2/MSDK/plf/riscv/arch/lib\lib_hook.c ****     \version 2023-07-20, V1.0.0, firmware for GD32VW55x
   6:C:/Users/stapi/OneDrive/Desktop/GD32VW553/V1_MQTT_OK/GD32VW55X_Wifi_BLE_SDK/GD32VW55x_RELEASE_V1.0.2/MSDK/plf/riscv/arch/lib\lib_hook.c **** */
   7:C:/Users/stapi/OneDrive/Desktop/GD32VW553/V1_MQTT_OK/GD32VW55X_Wifi_BLE_SDK/GD32VW55x_RELEASE_V1.0.2/MSDK/plf/riscv/arch/lib\lib_hook.c **** 
   8:C:/Users/stapi/OneDrive/Desktop/GD32VW553/V1_MQTT_OK/GD32VW55X_Wifi_BLE_SDK/GD32VW55x_RELEASE_V1.0.2/MSDK/plf/riscv/arch/lib\lib_hook.c **** /*
   9:C:/Users/stapi/OneDrive/Desktop/GD32VW553/V1_MQTT_OK/GD32VW55X_Wifi_BLE_SDK/GD32VW55x_RELEASE_V1.0.2/MSDK/plf/riscv/arch/lib\lib_hook.c ****     Copyright (c) 2023, GigaDevice Semiconductor Inc.
  10:C:/Users/stapi/OneDrive/Desktop/GD32VW553/V1_MQTT_OK/GD32VW55X_Wifi_BLE_SDK/GD32VW55x_RELEASE_V1.0.2/MSDK/plf/riscv/arch/lib\lib_hook.c **** 
  11:C:/Users/stapi/OneDrive/Desktop/GD32VW553/V1_MQTT_OK/GD32VW55X_Wifi_BLE_SDK/GD32VW55x_RELEASE_V1.0.2/MSDK/plf/riscv/arch/lib\lib_hook.c ****     Redistribution and use in source and binary forms, with or without modification,
  12:C:/Users/stapi/OneDrive/Desktop/GD32VW553/V1_MQTT_OK/GD32VW55X_Wifi_BLE_SDK/GD32VW55x_RELEASE_V1.0.2/MSDK/plf/riscv/arch/lib\lib_hook.c **** are permitted provided that the following conditions are met:
  13:C:/Users/stapi/OneDrive/Desktop/GD32VW553/V1_MQTT_OK/GD32VW55X_Wifi_BLE_SDK/GD32VW55x_RELEASE_V1.0.2/MSDK/plf/riscv/arch/lib\lib_hook.c **** 
  14:C:/Users/stapi/OneDrive/Desktop/GD32VW553/V1_MQTT_OK/GD32VW55X_Wifi_BLE_SDK/GD32VW55x_RELEASE_V1.0.2/MSDK/plf/riscv/arch/lib\lib_hook.c ****     1. Redistributions of source code must retain the above copyright notice, this
  15:C:/Users/stapi/OneDrive/Desktop/GD32VW553/V1_MQTT_OK/GD32VW55X_Wifi_BLE_SDK/GD32VW55x_RELEASE_V1.0.2/MSDK/plf/riscv/arch/lib\lib_hook.c ****        list of conditions and the following disclaimer.
  16:C:/Users/stapi/OneDrive/Desktop/GD32VW553/V1_MQTT_OK/GD32VW55X_Wifi_BLE_SDK/GD32VW55x_RELEASE_V1.0.2/MSDK/plf/riscv/arch/lib\lib_hook.c ****     2. Redistributions in binary form must reproduce the above copyright notice,
  17:C:/Users/stapi/OneDrive/Desktop/GD32VW553/V1_MQTT_OK/GD32VW55X_Wifi_BLE_SDK/GD32VW55x_RELEASE_V1.0.2/MSDK/plf/riscv/arch/lib\lib_hook.c ****        this list of conditions and the following disclaimer in the documentation
  18:C:/Users/stapi/OneDrive/Desktop/GD32VW553/V1_MQTT_OK/GD32VW55X_Wifi_BLE_SDK/GD32VW55x_RELEASE_V1.0.2/MSDK/plf/riscv/arch/lib\lib_hook.c ****        and/or other materials provided with the distribution.
  19:C:/Users/stapi/OneDrive/Desktop/GD32VW553/V1_MQTT_OK/GD32VW55X_Wifi_BLE_SDK/GD32VW55x_RELEASE_V1.0.2/MSDK/plf/riscv/arch/lib\lib_hook.c ****     3. Neither the name of the copyright holder nor the names of its contributors
  20:C:/Users/stapi/OneDrive/Desktop/GD32VW553/V1_MQTT_OK/GD32VW55X_Wifi_BLE_SDK/GD32VW55x_RELEASE_V1.0.2/MSDK/plf/riscv/arch/lib\lib_hook.c ****        may be used to endorse or promote products derived from this software without
  21:C:/Users/stapi/OneDrive/Desktop/GD32VW553/V1_MQTT_OK/GD32VW55X_Wifi_BLE_SDK/GD32VW55x_RELEASE_V1.0.2/MSDK/plf/riscv/arch/lib\lib_hook.c ****        specific prior written permission.
  22:C:/Users/stapi/OneDrive/Desktop/GD32VW553/V1_MQTT_OK/GD32VW55X_Wifi_BLE_SDK/GD32VW55x_RELEASE_V1.0.2/MSDK/plf/riscv/arch/lib\lib_hook.c **** 
  23:C:/Users/stapi/OneDrive/Desktop/GD32VW553/V1_MQTT_OK/GD32VW55X_Wifi_BLE_SDK/GD32VW55x_RELEASE_V1.0.2/MSDK/plf/riscv/arch/lib\lib_hook.c ****     THIS SOFTWARE IS PROVIDED BY THE COPYRIGHT HOLDERS AND CONTRIBUTORS "AS IS"
  24:C:/Users/stapi/OneDrive/Desktop/GD32VW553/V1_MQTT_OK/GD32VW55X_Wifi_BLE_SDK/GD32VW55x_RELEASE_V1.0.2/MSDK/plf/riscv/arch/lib\lib_hook.c **** AND ANY EXPRESS OR IMPLIED WARRANTIES, INCLUDING, BUT NOT LIMITED TO, THE IMPLIED
  25:C:/Users/stapi/OneDrive/Desktop/GD32VW553/V1_MQTT_OK/GD32VW55X_Wifi_BLE_SDK/GD32VW55x_RELEASE_V1.0.2/MSDK/plf/riscv/arch/lib\lib_hook.c **** WARRANTIES OF MERCHANTABILITY AND FITNESS FOR A PARTICULAR PURPOSE ARE DISCLAIMED.
  26:C:/Users/stapi/OneDrive/Desktop/GD32VW553/V1_MQTT_OK/GD32VW55X_Wifi_BLE_SDK/GD32VW55x_RELEASE_V1.0.2/MSDK/plf/riscv/arch/lib\lib_hook.c **** IN NO EVENT SHALL THE COPYRIGHT HOLDER OR CONTRIBUTORS BE LIABLE FOR ANY DIRECT,
  27:C:/Users/stapi/OneDrive/Desktop/GD32VW553/V1_MQTT_OK/GD32VW55X_Wifi_BLE_SDK/GD32VW55x_RELEASE_V1.0.2/MSDK/plf/riscv/arch/lib\lib_hook.c **** INDIRECT, INCIDENTAL, SPECIAL, EXEMPLARY, OR CONSEQUENTIAL DAMAGES (INCLUDING, BUT
  28:C:/Users/stapi/OneDrive/Desktop/GD32VW553/V1_MQTT_OK/GD32VW55X_Wifi_BLE_SDK/GD32VW55x_RELEASE_V1.0.2/MSDK/plf/riscv/arch/lib\lib_hook.c **** NOT LIMITED TO, PROCUREMENT OF SUBSTITUTE GOODS OR SERVICES; LOSS OF USE, DATA, OR
  29:C:/Users/stapi/OneDrive/Desktop/GD32VW553/V1_MQTT_OK/GD32VW55X_Wifi_BLE_SDK/GD32VW55x_RELEASE_V1.0.2/MSDK/plf/riscv/arch/lib\lib_hook.c **** PROFITS; OR BUSINESS INTERRUPTION) HOWEVER CAUSED AND ON ANY THEORY OF LIABILITY,
  30:C:/Users/stapi/OneDrive/Desktop/GD32VW553/V1_MQTT_OK/GD32VW55X_Wifi_BLE_SDK/GD32VW55x_RELEASE_V1.0.2/MSDK/plf/riscv/arch/lib\lib_hook.c **** WHETHER IN CONTRACT, STRICT LIABILITY, OR TORT (INCLUDING NEGLIGENCE OR OTHERWISE)
  31:C:/Users/stapi/OneDrive/Desktop/GD32VW553/V1_MQTT_OK/GD32VW55X_Wifi_BLE_SDK/GD32VW55x_RELEASE_V1.0.2/MSDK/plf/riscv/arch/lib\lib_hook.c **** ARISING IN ANY WAY OUT OF THE USE OF THIS SOFTWARE, EVEN IF ADVISED OF THE POSSIBILITY
  32:C:/Users/stapi/OneDrive/Desktop/GD32VW553/V1_MQTT_OK/GD32VW55X_Wifi_BLE_SDK/GD32VW55x_RELEASE_V1.0.2/MSDK/plf/riscv/arch/lib\lib_hook.c **** OF SUCH DAMAGE.
  33:C:/Users/stapi/OneDrive/Desktop/GD32VW553/V1_MQTT_OK/GD32VW55X_Wifi_BLE_SDK/GD32VW55x_RELEASE_V1.0.2/MSDK/plf/riscv/arch/lib\lib_hook.c **** */
  34:C:/Users/stapi/OneDrive/Desktop/GD32VW553/V1_MQTT_OK/GD32VW55X_Wifi_BLE_SDK/GD32VW55x_RELEASE_V1.0.2/MSDK/plf/riscv/arch/lib\lib_hook.c **** 
  35:C:/Users/stapi/OneDrive/Desktop/GD32VW553/V1_MQTT_OK/GD32VW55X_Wifi_BLE_SDK/GD32VW55x_RELEASE_V1.0.2/MSDK/plf/riscv/arch/lib\lib_hook.c **** #include <stddef.h>
  36:C:/Users/stapi/OneDrive/Desktop/GD32VW553/V1_MQTT_OK/GD32VW55X_Wifi_BLE_SDK/GD32VW55x_RELEASE_V1.0.2/MSDK/plf/riscv/arch/lib\lib_hook.c **** #include <stdio.h>
  37:C:/Users/stapi/OneDrive/Desktop/GD32VW553/V1_MQTT_OK/GD32VW55X_Wifi_BLE_SDK/GD32VW55x_RELEASE_V1.0.2/MSDK/plf/riscv/arch/lib\lib_hook.c **** #include "app_cfg.h"
  38:C:/Users/stapi/OneDrive/Desktop/GD32VW553/V1_MQTT_OK/GD32VW55X_Wifi_BLE_SDK/GD32VW55x_RELEASE_V1.0.2/MSDK/plf/riscv/arch/lib\lib_hook.c **** #include "wrapper_os.h"
  39:C:/Users/stapi/OneDrive/Desktop/GD32VW553/V1_MQTT_OK/GD32VW55X_Wifi_BLE_SDK/GD32VW55x_RELEASE_V1.0.2/MSDK/plf/riscv/arch/lib\lib_hook.c **** 
  40:C:/Users/stapi/OneDrive/Desktop/GD32VW553/V1_MQTT_OK/GD32VW55X_Wifi_BLE_SDK/GD32VW55x_RELEASE_V1.0.2/MSDK/plf/riscv/arch/lib\lib_hook.c **** __attribute__ ((used)) void *_sbrk(ptrdiff_t incr)
  41:C:/Users/stapi/OneDrive/Desktop/GD32VW553/V1_MQTT_OK/GD32VW55X_Wifi_BLE_SDK/GD32VW55x_RELEASE_V1.0.2/MSDK/plf/riscv/arch/lib\lib_hook.c **** {
  20              		.loc 1 41 1
  21              		.cfi_startproc
  22              	.LVL0:
  42:C:/Users/stapi/OneDrive/Desktop/GD32VW553/V1_MQTT_OK/GD32VW55X_Wifi_BLE_SDK/GD32VW55x_RELEASE_V1.0.2/MSDK/plf/riscv/arch/lib\lib_hook.c ****     extern char _end[];
  23              		.loc 1 42 5
  43:C:/Users/stapi/OneDrive/Desktop/GD32VW553/V1_MQTT_OK/GD32VW55X_Wifi_BLE_SDK/GD32VW55x_RELEASE_V1.0.2/MSDK/plf/riscv/arch/lib\lib_hook.c ****     extern char _heap_end[];
  24              		.loc 1 43 5
  44:C:/Users/stapi/OneDrive/Desktop/GD32VW553/V1_MQTT_OK/GD32VW55X_Wifi_BLE_SDK/GD32VW55x_RELEASE_V1.0.2/MSDK/plf/riscv/arch/lib\lib_hook.c ****     static char *curbrk = _end;
  25              		.loc 1 44 5
  45:C:/Users/stapi/OneDrive/Desktop/GD32VW553/V1_MQTT_OK/GD32VW55X_Wifi_BLE_SDK/GD32VW55x_RELEASE_V1.0.2/MSDK/plf/riscv/arch/lib\lib_hook.c **** 
  46:C:/Users/stapi/OneDrive/Desktop/GD32VW553/V1_MQTT_OK/GD32VW55X_Wifi_BLE_SDK/GD32VW55x_RELEASE_V1.0.2/MSDK/plf/riscv/arch/lib\lib_hook.c ****     if ((curbrk + incr < _end) || (curbrk + incr > _heap_end)) {
  26              		.loc 1 46 5
  27              		.loc 1 46 17 is_stmt 0
  28 0000 37070000 		lui	a4,%hi(.LANCHOR0)
  29 0004 13070700 		addi	a4,a4,%lo(.LANCHOR0)
  41:C:/Users/stapi/OneDrive/Desktop/GD32VW553/V1_MQTT_OK/GD32VW55X_Wifi_BLE_SDK/GD32VW55x_RELEASE_V1.0.2/MSDK/plf/riscv/arch/lib\lib_hook.c ****     extern char _end[];
  30              		.loc 1 41 1
  31 0008 AA87     		mv	a5,a0
  32              		.loc 1 46 17
  33 000a 0843     		lw	a0,0(a4)
  34              	.LVL1:
  35              		.loc 1 46 8
  36 000c B7060000 		lui	a3,%hi(_end)
  37 0010 93860600 		addi	a3,a3,%lo(_end)
  38              		.loc 1 46 17
  39 0014 AA97     		add	a5,a0,a5
  40              	.LVL2:
  41              		.loc 1 46 8
  42 0016 63E8D700 		bltu	a5,a3,.L2
  43              		.loc 1 46 32 discriminator 1
  44 001a B7060000 		lui	a3,%hi(_heap_end)
  45 001e 93860600 		addi	a3,a3,%lo(_heap_end)
  46 0022 63F3F602 		bleu	a5,a3,.L3
  47              	.L2:
  41:C:/Users/stapi/OneDrive/Desktop/GD32VW553/V1_MQTT_OK/GD32VW55X_Wifi_BLE_SDK/GD32VW55x_RELEASE_V1.0.2/MSDK/plf/riscv/arch/lib\lib_hook.c ****     extern char _end[];
  48              		.loc 1 41 1
  49 0026 17030000 		call	t0,__riscv_save_0
  49      E7020300 
  50              		.cfi_offset 1, -4
  51              		.cfi_def_cfa_offset 16
  47:C:/Users/stapi/OneDrive/Desktop/GD32VW553/V1_MQTT_OK/GD32VW55X_Wifi_BLE_SDK/GD32VW55x_RELEASE_V1.0.2/MSDK/plf/riscv/arch/lib\lib_hook.c ****         printf("error: alloc or free heap memory out of bounds\r\n");
  52              		.loc 1 47 9 is_stmt 1
  53 002e 37050000 		lui	a0,%hi(.LC0)
  54 0032 13050500 		addi	a0,a0,%lo(.LC0)
  55 0036 97000000 		call	puts
  55      E7800000 
  56              	.LVL3:
  48:C:/Users/stapi/OneDrive/Desktop/GD32VW553/V1_MQTT_OK/GD32VW55X_Wifi_BLE_SDK/GD32VW55x_RELEASE_V1.0.2/MSDK/plf/riscv/arch/lib\lib_hook.c ****         return NULL - 1;
  57              		.loc 1 48 9
  58              		.loc 1 48 21 is_stmt 0
  59 003e 7D55     		li	a0,-1
  49:C:/Users/stapi/OneDrive/Desktop/GD32VW553/V1_MQTT_OK/GD32VW55X_Wifi_BLE_SDK/GD32VW55x_RELEASE_V1.0.2/MSDK/plf/riscv/arch/lib\lib_hook.c ****     }
  50:C:/Users/stapi/OneDrive/Desktop/GD32VW553/V1_MQTT_OK/GD32VW55X_Wifi_BLE_SDK/GD32VW55x_RELEASE_V1.0.2/MSDK/plf/riscv/arch/lib\lib_hook.c **** 
  51:C:/Users/stapi/OneDrive/Desktop/GD32VW553/V1_MQTT_OK/GD32VW55X_Wifi_BLE_SDK/GD32VW55x_RELEASE_V1.0.2/MSDK/plf/riscv/arch/lib\lib_hook.c ****     curbrk += incr;
  52:C:/Users/stapi/OneDrive/Desktop/GD32VW553/V1_MQTT_OK/GD32VW55X_Wifi_BLE_SDK/GD32VW55x_RELEASE_V1.0.2/MSDK/plf/riscv/arch/lib\lib_hook.c ****     return curbrk - incr;
  53:C:/Users/stapi/OneDrive/Desktop/GD32VW553/V1_MQTT_OK/GD32VW55X_Wifi_BLE_SDK/GD32VW55x_RELEASE_V1.0.2/MSDK/plf/riscv/arch/lib\lib_hook.c **** }
  60              		.loc 1 53 1
  61 0040 17030000 		tail	__riscv_restore_0
  61      67000300 
  62              		.cfi_restore 1
  63              		.cfi_def_cfa_offset 0
  64              	.L3:
  51:C:/Users/stapi/OneDrive/Desktop/GD32VW553/V1_MQTT_OK/GD32VW55X_Wifi_BLE_SDK/GD32VW55x_RELEASE_V1.0.2/MSDK/plf/riscv/arch/lib\lib_hook.c ****     return curbrk - incr;
  65              		.loc 1 51 5 is_stmt 1
  51:C:/Users/stapi/OneDrive/Desktop/GD32VW553/V1_MQTT_OK/GD32VW55X_Wifi_BLE_SDK/GD32VW55x_RELEASE_V1.0.2/MSDK/plf/riscv/arch/lib\lib_hook.c ****     return curbrk - incr;
  66              		.loc 1 51 12 is_stmt 0
  67 0048 1CC3     		sw	a5,0(a4)
  52:C:/Users/stapi/OneDrive/Desktop/GD32VW553/V1_MQTT_OK/GD32VW55X_Wifi_BLE_SDK/GD32VW55x_RELEASE_V1.0.2/MSDK/plf/riscv/arch/lib\lib_hook.c **** }
  68              		.loc 1 52 5 is_stmt 1
  69              		.loc 1 53 1 is_stmt 0
  70 004a 8280     		ret
  71              		.cfi_endproc
  72              	.LFE3:
  74              		.section	.text._open,"ax",@progbits
  75              		.align	1
  76              		.globl	_open
  78              	_open:
  79              	.LFB4:
  54:C:/Users/stapi/OneDrive/Desktop/GD32VW553/V1_MQTT_OK/GD32VW55X_Wifi_BLE_SDK/GD32VW55x_RELEASE_V1.0.2/MSDK/plf/riscv/arch/lib\lib_hook.c **** 
  55:C:/Users/stapi/OneDrive/Desktop/GD32VW553/V1_MQTT_OK/GD32VW55X_Wifi_BLE_SDK/GD32VW55x_RELEASE_V1.0.2/MSDK/plf/riscv/arch/lib\lib_hook.c **** __attribute__ ((used)) int _open(int fd)
  56:C:/Users/stapi/OneDrive/Desktop/GD32VW553/V1_MQTT_OK/GD32VW55X_Wifi_BLE_SDK/GD32VW55x_RELEASE_V1.0.2/MSDK/plf/riscv/arch/lib\lib_hook.c **** {
  80              		.loc 1 56 1 is_stmt 1
  81              		.cfi_startproc
  82              	.LVL4:
  57:C:/Users/stapi/OneDrive/Desktop/GD32VW553/V1_MQTT_OK/GD32VW55X_Wifi_BLE_SDK/GD32VW55x_RELEASE_V1.0.2/MSDK/plf/riscv/arch/lib\lib_hook.c ****     return -1;
  83              		.loc 1 57 5
  58:C:/Users/stapi/OneDrive/Desktop/GD32VW553/V1_MQTT_OK/GD32VW55X_Wifi_BLE_SDK/GD32VW55x_RELEASE_V1.0.2/MSDK/plf/riscv/arch/lib\lib_hook.c **** }
  84              		.loc 1 58 1 is_stmt 0
  85 0000 7D55     		li	a0,-1
  86              	.LVL5:
  87 0002 8280     		ret
  88              		.cfi_endproc
  89              	.LFE4:
  91              		.section	.text._close,"ax",@progbits
  92              		.align	1
  93              		.globl	_close
  95              	_close:
  96              	.LFB16:
  97              		.cfi_startproc
  98 0000 7D55     		li	a0,-1
  99 0002 8280     		ret
 100              		.cfi_endproc
 101              	.LFE16:
 103              		.section	.text._fstat,"ax",@progbits
 104              		.align	1
 105              		.globl	_fstat
 107              	_fstat:
 108              	.LFB18:
 109              		.cfi_startproc
 110 0000 7D55     		li	a0,-1
 111 0002 8280     		ret
 112              		.cfi_endproc
 113              	.LFE18:
 115              		.section	.rodata._exit.str1.4,"aMS",@progbits,1
 116              		.align	2
 117              	.LC1:
 118 0000 0A50726F 		.string	"\nProgram has exited with code:%d\r\n"
 118      6772616D 
 118      20686173 
 118      20657869 
 118      74656420 
 119              		.section	.text._exit,"ax",@progbits
 120              		.align	1
 121              		.globl	_exit
 123              	_exit:
 124              	.LFB7:
  59:C:/Users/stapi/OneDrive/Desktop/GD32VW553/V1_MQTT_OK/GD32VW55X_Wifi_BLE_SDK/GD32VW55x_RELEASE_V1.0.2/MSDK/plf/riscv/arch/lib\lib_hook.c **** 
  60:C:/Users/stapi/OneDrive/Desktop/GD32VW553/V1_MQTT_OK/GD32VW55X_Wifi_BLE_SDK/GD32VW55x_RELEASE_V1.0.2/MSDK/plf/riscv/arch/lib\lib_hook.c **** __attribute__ ((used)) int _close(int fd)
  61:C:/Users/stapi/OneDrive/Desktop/GD32VW553/V1_MQTT_OK/GD32VW55X_Wifi_BLE_SDK/GD32VW55x_RELEASE_V1.0.2/MSDK/plf/riscv/arch/lib\lib_hook.c **** {
  62:C:/Users/stapi/OneDrive/Desktop/GD32VW553/V1_MQTT_OK/GD32VW55X_Wifi_BLE_SDK/GD32VW55x_RELEASE_V1.0.2/MSDK/plf/riscv/arch/lib\lib_hook.c ****     return -1;
  63:C:/Users/stapi/OneDrive/Desktop/GD32VW553/V1_MQTT_OK/GD32VW55X_Wifi_BLE_SDK/GD32VW55x_RELEASE_V1.0.2/MSDK/plf/riscv/arch/lib\lib_hook.c **** }
  64:C:/Users/stapi/OneDrive/Desktop/GD32VW553/V1_MQTT_OK/GD32VW55X_Wifi_BLE_SDK/GD32VW55x_RELEASE_V1.0.2/MSDK/plf/riscv/arch/lib\lib_hook.c **** 
  65:C:/Users/stapi/OneDrive/Desktop/GD32VW553/V1_MQTT_OK/GD32VW55X_Wifi_BLE_SDK/GD32VW55x_RELEASE_V1.0.2/MSDK/plf/riscv/arch/lib\lib_hook.c **** __attribute__ ((used)) int _fstat(int fd)
  66:C:/Users/stapi/OneDrive/Desktop/GD32VW553/V1_MQTT_OK/GD32VW55X_Wifi_BLE_SDK/GD32VW55x_RELEASE_V1.0.2/MSDK/plf/riscv/arch/lib\lib_hook.c **** {
  67:C:/Users/stapi/OneDrive/Desktop/GD32VW553/V1_MQTT_OK/GD32VW55X_Wifi_BLE_SDK/GD32VW55x_RELEASE_V1.0.2/MSDK/plf/riscv/arch/lib\lib_hook.c ****     return -1;
  68:C:/Users/stapi/OneDrive/Desktop/GD32VW553/V1_MQTT_OK/GD32VW55X_Wifi_BLE_SDK/GD32VW55x_RELEASE_V1.0.2/MSDK/plf/riscv/arch/lib\lib_hook.c **** }
  69:C:/Users/stapi/OneDrive/Desktop/GD32VW553/V1_MQTT_OK/GD32VW55X_Wifi_BLE_SDK/GD32VW55x_RELEASE_V1.0.2/MSDK/plf/riscv/arch/lib\lib_hook.c **** 
  70:C:/Users/stapi/OneDrive/Desktop/GD32VW553/V1_MQTT_OK/GD32VW55X_Wifi_BLE_SDK/GD32VW55x_RELEASE_V1.0.2/MSDK/plf/riscv/arch/lib\lib_hook.c **** __attribute__ ((used)) void _exit(int code)
  71:C:/Users/stapi/OneDrive/Desktop/GD32VW553/V1_MQTT_OK/GD32VW55X_Wifi_BLE_SDK/GD32VW55x_RELEASE_V1.0.2/MSDK/plf/riscv/arch/lib\lib_hook.c **** {
 125              		.loc 1 71 1 is_stmt 1
 126              		.cfi_startproc
 127              	.LVL6:
 128              		.loc 1 71 1 is_stmt 0
 129 0000 17030000 		call	t0,__riscv_save_0
 129      E7020300 
 130              		.cfi_offset 1, -4
 131              		.cfi_def_cfa_offset 16
  72:C:/Users/stapi/OneDrive/Desktop/GD32VW553/V1_MQTT_OK/GD32VW55X_Wifi_BLE_SDK/GD32VW55x_RELEASE_V1.0.2/MSDK/plf/riscv/arch/lib\lib_hook.c ****     printf("\nProgram has exited with code:%d\r\n",code);
 132              		.loc 1 72 5 is_stmt 1
  71:C:/Users/stapi/OneDrive/Desktop/GD32VW553/V1_MQTT_OK/GD32VW55X_Wifi_BLE_SDK/GD32VW55x_RELEASE_V1.0.2/MSDK/plf/riscv/arch/lib\lib_hook.c ****     printf("\nProgram has exited with code:%d\r\n",code);
 133              		.loc 1 71 1 is_stmt 0
 134 0008 AA85     		mv	a1,a0
 135              		.loc 1 72 5
 136 000a 37050000 		lui	a0,%hi(.LC1)
 137              	.LVL7:
 138 000e 13050500 		addi	a0,a0,%lo(.LC1)
 139 0012 97000000 		call	printf
 139      E7800000 
 140              	.LVL8:
 141              	.L12:
  73:C:/Users/stapi/OneDrive/Desktop/GD32VW553/V1_MQTT_OK/GD32VW55X_Wifi_BLE_SDK/GD32VW55x_RELEASE_V1.0.2/MSDK/plf/riscv/arch/lib\lib_hook.c ****     for (;;);
 142              		.loc 1 73 5 is_stmt 1 discriminator 1
 143              		.loc 1 73 13 discriminator 1
 144              		.loc 1 73 11 discriminator 1
 145 001a 01A0     		j	.L12
 146              		.cfi_endproc
 147              	.LFE7:
 149              		.section	.text._isatty,"ax",@progbits
 150              		.align	1
 151              		.globl	_isatty
 153              	_isatty:
 154              	.LFB8:
  74:C:/Users/stapi/OneDrive/Desktop/GD32VW553/V1_MQTT_OK/GD32VW55X_Wifi_BLE_SDK/GD32VW55x_RELEASE_V1.0.2/MSDK/plf/riscv/arch/lib\lib_hook.c **** }
  75:C:/Users/stapi/OneDrive/Desktop/GD32VW553/V1_MQTT_OK/GD32VW55X_Wifi_BLE_SDK/GD32VW55x_RELEASE_V1.0.2/MSDK/plf/riscv/arch/lib\lib_hook.c **** 
  76:C:/Users/stapi/OneDrive/Desktop/GD32VW553/V1_MQTT_OK/GD32VW55X_Wifi_BLE_SDK/GD32VW55x_RELEASE_V1.0.2/MSDK/plf/riscv/arch/lib\lib_hook.c **** __attribute__ ((used)) int _isatty(int fd)
  77:C:/Users/stapi/OneDrive/Desktop/GD32VW553/V1_MQTT_OK/GD32VW55X_Wifi_BLE_SDK/GD32VW55x_RELEASE_V1.0.2/MSDK/plf/riscv/arch/lib\lib_hook.c **** {
 155              		.loc 1 77 1
 156              		.cfi_startproc
 157              	.LVL9:
  78:C:/Users/stapi/OneDrive/Desktop/GD32VW553/V1_MQTT_OK/GD32VW55X_Wifi_BLE_SDK/GD32VW55x_RELEASE_V1.0.2/MSDK/plf/riscv/arch/lib\lib_hook.c ****     return 0;
 158              		.loc 1 78 5
  79:C:/Users/stapi/OneDrive/Desktop/GD32VW553/V1_MQTT_OK/GD32VW55X_Wifi_BLE_SDK/GD32VW55x_RELEASE_V1.0.2/MSDK/plf/riscv/arch/lib\lib_hook.c **** }
 159              		.loc 1 79 1 is_stmt 0
 160 0000 0145     		li	a0,0
 161              	.LVL10:
 162 0002 8280     		ret
 163              		.cfi_endproc
 164              	.LFE8:
 166              		.section	.text._lseek,"ax",@progbits
 167              		.align	1
 168              		.globl	_lseek
 170              	_lseek:
 171              	.LFB9:
  80:C:/Users/stapi/OneDrive/Desktop/GD32VW553/V1_MQTT_OK/GD32VW55X_Wifi_BLE_SDK/GD32VW55x_RELEASE_V1.0.2/MSDK/plf/riscv/arch/lib\lib_hook.c **** 
  81:C:/Users/stapi/OneDrive/Desktop/GD32VW553/V1_MQTT_OK/GD32VW55X_Wifi_BLE_SDK/GD32VW55x_RELEASE_V1.0.2/MSDK/plf/riscv/arch/lib\lib_hook.c **** __attribute__ ((used)) off_t _lseek(int fd, off_t ptr, int dir)
  82:C:/Users/stapi/OneDrive/Desktop/GD32VW553/V1_MQTT_OK/GD32VW55X_Wifi_BLE_SDK/GD32VW55x_RELEASE_V1.0.2/MSDK/plf/riscv/arch/lib\lib_hook.c **** {
 172              		.loc 1 82 1 is_stmt 1
 173              		.cfi_startproc
 174              	.LVL11:
  83:C:/Users/stapi/OneDrive/Desktop/GD32VW553/V1_MQTT_OK/GD32VW55X_Wifi_BLE_SDK/GD32VW55x_RELEASE_V1.0.2/MSDK/plf/riscv/arch/lib\lib_hook.c ****     return -1;
 175              		.loc 1 83 5
  84:C:/Users/stapi/OneDrive/Desktop/GD32VW553/V1_MQTT_OK/GD32VW55X_Wifi_BLE_SDK/GD32VW55x_RELEASE_V1.0.2/MSDK/plf/riscv/arch/lib\lib_hook.c **** }
 176              		.loc 1 84 1 is_stmt 0
 177 0000 7D55     		li	a0,-1
 178              	.LVL12:
 179 0002 8280     		ret
 180              		.cfi_endproc
 181              	.LFE9:
 183              		.section	.text._read,"ax",@progbits
 184              		.align	1
 185              		.globl	_read
 187              	_read:
 188              	.LFB10:
  85:C:/Users/stapi/OneDrive/Desktop/GD32VW553/V1_MQTT_OK/GD32VW55X_Wifi_BLE_SDK/GD32VW55x_RELEASE_V1.0.2/MSDK/plf/riscv/arch/lib\lib_hook.c **** 
  86:C:/Users/stapi/OneDrive/Desktop/GD32VW553/V1_MQTT_OK/GD32VW55X_Wifi_BLE_SDK/GD32VW55x_RELEASE_V1.0.2/MSDK/plf/riscv/arch/lib\lib_hook.c **** __attribute__ ((used)) ssize_t _read(int fd, void* ptr, size_t len)
  87:C:/Users/stapi/OneDrive/Desktop/GD32VW553/V1_MQTT_OK/GD32VW55X_Wifi_BLE_SDK/GD32VW55x_RELEASE_V1.0.2/MSDK/plf/riscv/arch/lib\lib_hook.c **** {
 189              		.loc 1 87 1 is_stmt 1
 190              		.cfi_startproc
 191              	.LVL13:
  88:C:/Users/stapi/OneDrive/Desktop/GD32VW553/V1_MQTT_OK/GD32VW55X_Wifi_BLE_SDK/GD32VW55x_RELEASE_V1.0.2/MSDK/plf/riscv/arch/lib\lib_hook.c ****     return -1;
 192              		.loc 1 88 5
  89:C:/Users/stapi/OneDrive/Desktop/GD32VW553/V1_MQTT_OK/GD32VW55X_Wifi_BLE_SDK/GD32VW55x_RELEASE_V1.0.2/MSDK/plf/riscv/arch/lib\lib_hook.c **** }
 193              		.loc 1 89 1 is_stmt 0
 194 0000 7D55     		li	a0,-1
 195              	.LVL14:
 196 0002 8280     		ret
 197              		.cfi_endproc
 198              	.LFE10:
 200              		.section	.text._kill,"ax",@progbits
 201              		.align	1
 202              		.globl	_kill
 204              	_kill:
 205              	.LFB20:
 206              		.cfi_startproc
 207 0000 7D55     		li	a0,-1
 208 0002 8280     		ret
 209              		.cfi_endproc
 210              	.LFE20:
 212              		.section	.text._getpid,"ax",@progbits
 213              		.align	1
 214              		.globl	_getpid
 216              	_getpid:
 217              	.LFB22:
 218              		.cfi_startproc
 219 0000 7D55     		li	a0,-1
 220 0002 8280     		ret
 221              		.cfi_endproc
 222              	.LFE22:
 224              		.section	.text.__malloc_lock,"ax",@progbits
 225              		.align	1
 226              		.globl	__malloc_lock
 228              	__malloc_lock:
 229              	.LFB13:
  90:C:/Users/stapi/OneDrive/Desktop/GD32VW553/V1_MQTT_OK/GD32VW55X_Wifi_BLE_SDK/GD32VW55x_RELEASE_V1.0.2/MSDK/plf/riscv/arch/lib\lib_hook.c **** 
  91:C:/Users/stapi/OneDrive/Desktop/GD32VW553/V1_MQTT_OK/GD32VW55X_Wifi_BLE_SDK/GD32VW55x_RELEASE_V1.0.2/MSDK/plf/riscv/arch/lib\lib_hook.c **** __attribute__ ((used)) int _kill(int fd)
  92:C:/Users/stapi/OneDrive/Desktop/GD32VW553/V1_MQTT_OK/GD32VW55X_Wifi_BLE_SDK/GD32VW55x_RELEASE_V1.0.2/MSDK/plf/riscv/arch/lib\lib_hook.c **** {
  93:C:/Users/stapi/OneDrive/Desktop/GD32VW553/V1_MQTT_OK/GD32VW55X_Wifi_BLE_SDK/GD32VW55x_RELEASE_V1.0.2/MSDK/plf/riscv/arch/lib\lib_hook.c ****     return -1;
  94:C:/Users/stapi/OneDrive/Desktop/GD32VW553/V1_MQTT_OK/GD32VW55X_Wifi_BLE_SDK/GD32VW55x_RELEASE_V1.0.2/MSDK/plf/riscv/arch/lib\lib_hook.c **** }
  95:C:/Users/stapi/OneDrive/Desktop/GD32VW553/V1_MQTT_OK/GD32VW55X_Wifi_BLE_SDK/GD32VW55x_RELEASE_V1.0.2/MSDK/plf/riscv/arch/lib\lib_hook.c **** 
  96:C:/Users/stapi/OneDrive/Desktop/GD32VW553/V1_MQTT_OK/GD32VW55X_Wifi_BLE_SDK/GD32VW55x_RELEASE_V1.0.2/MSDK/plf/riscv/arch/lib\lib_hook.c **** __attribute__ ((used)) int _getpid(int fd)
  97:C:/Users/stapi/OneDrive/Desktop/GD32VW553/V1_MQTT_OK/GD32VW55X_Wifi_BLE_SDK/GD32VW55x_RELEASE_V1.0.2/MSDK/plf/riscv/arch/lib\lib_hook.c **** {
  98:C:/Users/stapi/OneDrive/Desktop/GD32VW553/V1_MQTT_OK/GD32VW55X_Wifi_BLE_SDK/GD32VW55x_RELEASE_V1.0.2/MSDK/plf/riscv/arch/lib\lib_hook.c ****     return -1;
  99:C:/Users/stapi/OneDrive/Desktop/GD32VW553/V1_MQTT_OK/GD32VW55X_Wifi_BLE_SDK/GD32VW55x_RELEASE_V1.0.2/MSDK/plf/riscv/arch/lib\lib_hook.c **** }
 100:C:/Users/stapi/OneDrive/Desktop/GD32VW553/V1_MQTT_OK/GD32VW55X_Wifi_BLE_SDK/GD32VW55x_RELEASE_V1.0.2/MSDK/plf/riscv/arch/lib\lib_hook.c **** 
 101:C:/Users/stapi/OneDrive/Desktop/GD32VW553/V1_MQTT_OK/GD32VW55X_Wifi_BLE_SDK/GD32VW55x_RELEASE_V1.0.2/MSDK/plf/riscv/arch/lib\lib_hook.c **** /* __malloc_lock and __malloc_unlock functions ensure the safety of heap under multi-tasking during
 102:C:/Users/stapi/OneDrive/Desktop/GD32VW553/V1_MQTT_OK/GD32VW55X_Wifi_BLE_SDK/GD32VW55x_RELEASE_V1.0.2/MSDK/plf/riscv/arch/lib\lib_hook.c **** __attribute__ ((used)) void __malloc_lock(void)
 103:C:/Users/stapi/OneDrive/Desktop/GD32VW553/V1_MQTT_OK/GD32VW55X_Wifi_BLE_SDK/GD32VW55x_RELEASE_V1.0.2/MSDK/plf/riscv/arch/lib\lib_hook.c **** {
 230              		.loc 1 103 1 is_stmt 1
 231              		.cfi_startproc
 104:C:/Users/stapi/OneDrive/Desktop/GD32VW553/V1_MQTT_OK/GD32VW55X_Wifi_BLE_SDK/GD32VW55x_RELEASE_V1.0.2/MSDK/plf/riscv/arch/lib\lib_hook.c ****     sys_sched_lock();
 232              		.loc 1 104 5
 233 0000 17030000 		tail	sys_sched_lock
 233      67000300 
 234              	.LVL15:
 235              		.cfi_endproc
 236              	.LFE13:
 238              		.section	.text.__malloc_unlock,"ax",@progbits
 239              		.align	1
 240              		.globl	__malloc_unlock
 242              	__malloc_unlock:
 243              	.LFB14:
 105:C:/Users/stapi/OneDrive/Desktop/GD32VW553/V1_MQTT_OK/GD32VW55X_Wifi_BLE_SDK/GD32VW55x_RELEASE_V1.0.2/MSDK/plf/riscv/arch/lib\lib_hook.c **** }
 106:C:/Users/stapi/OneDrive/Desktop/GD32VW553/V1_MQTT_OK/GD32VW55X_Wifi_BLE_SDK/GD32VW55x_RELEASE_V1.0.2/MSDK/plf/riscv/arch/lib\lib_hook.c **** 
 107:C:/Users/stapi/OneDrive/Desktop/GD32VW553/V1_MQTT_OK/GD32VW55X_Wifi_BLE_SDK/GD32VW55x_RELEASE_V1.0.2/MSDK/plf/riscv/arch/lib\lib_hook.c **** __attribute__ ((used)) void __malloc_unlock(void)
 108:C:/Users/stapi/OneDrive/Desktop/GD32VW553/V1_MQTT_OK/GD32VW55X_Wifi_BLE_SDK/GD32VW55x_RELEASE_V1.0.2/MSDK/plf/riscv/arch/lib\lib_hook.c **** {
 244              		.loc 1 108 1
 245              		.cfi_startproc
 109:C:/Users/stapi/OneDrive/Desktop/GD32VW553/V1_MQTT_OK/GD32VW55X_Wifi_BLE_SDK/GD32VW55x_RELEASE_V1.0.2/MSDK/plf/riscv/arch/lib\lib_hook.c ****     sys_sched_unlock();
 246              		.loc 1 109 5
 247 0000 17030000 		tail	sys_sched_unlock
 247      67000300 
 248              	.LVL16:
 249              		.cfi_endproc
 250              	.LFE14:
 252              		.section	.sdata.curbrk.0,"aw"
 253              		.align	2
 254              		.set	.LANCHOR0,. + 0
 257              	curbrk.0:
 258 0000 00000000 		.word	_end
 259              		.text
 260              	.Letext0:
 261              		.file 2 "c:\\users\\stapi\\onedrive\\desktop\\gd32vw553\\embeddedbuilder_v1.4.7.26843\\tools\\nucl
 262              		.file 3 "c:\\users\\stapi\\onedrive\\desktop\\gd32vw553\\embeddedbuilder_v1.4.7.26843\\tools\\nucl
 263              		.file 4 "c:\\users\\stapi\\onedrive\\desktop\\gd32vw553\\embeddedbuilder_v1.4.7.26843\\tools\\nucl
 264              		.file 5 "..\\..\\..\\..\\rtos\\rtos_wrapper/wrapper_os.h"
 265              		.file 6 "c:\\users\\stapi\\onedrive\\desktop\\gd32vw553\\embeddedbuilder_v1.4.7.26843\\tools\\nucl
 266              		.file 7 "<built-in>"
DEFINED SYMBOLS
                            *ABS*:0000000000000000 lib_hook.c
C:\Users\stapi\AppData\Local\Temp\ccmaTPGI.s:17     .text._sbrk:0000000000000000 _sbrk
C:\Users\stapi\AppData\Local\Temp\ccmaTPGI.s:21     .text._sbrk:0000000000000000 .L0 
C:\Users\stapi\AppData\Local\Temp\ccmaTPGI.s:23     .text._sbrk:0000000000000000 .L0 
C:\Users\stapi\AppData\Local\Temp\ccmaTPGI.s:24     .text._sbrk:0000000000000000 .L0 
C:\Users\stapi\AppData\Local\Temp\ccmaTPGI.s:25     .text._sbrk:0000000000000000 .L0 
C:\Users\stapi\AppData\Local\Temp\ccmaTPGI.s:26     .text._sbrk:0000000000000000 .L0 
C:\Users\stapi\AppData\Local\Temp\ccmaTPGI.s:27     .text._sbrk:0000000000000000 .L0 
C:\Users\stapi\AppData\Local\Temp\ccmaTPGI.s:28     .text._sbrk:0000000000000000 .L0 
C:\Users\stapi\AppData\Local\Temp\ccmaTPGI.s:31     .text._sbrk:0000000000000008 .L0 
C:\Users\stapi\AppData\Local\Temp\ccmaTPGI.s:33     .text._sbrk:000000000000000a .L0 
C:\Users\stapi\AppData\Local\Temp\ccmaTPGI.s:36     .text._sbrk:000000000000000c .L0 
C:\Users\stapi\AppData\Local\Temp\ccmaTPGI.s:39     .text._sbrk:0000000000000014 .L0 
C:\Users\stapi\AppData\Local\Temp\ccmaTPGI.s:42     .text._sbrk:0000000000000016 .L0 
C:\Users\stapi\AppData\Local\Temp\ccmaTPGI.s:44     .text._sbrk:000000000000001a .L0 
C:\Users\stapi\AppData\Local\Temp\ccmaTPGI.s:49     .text._sbrk:0000000000000026 .L0 
C:\Users\stapi\AppData\Local\Temp\ccmaTPGI.s:50     .text._sbrk:000000000000002e .L0 
C:\Users\stapi\AppData\Local\Temp\ccmaTPGI.s:51     .text._sbrk:000000000000002e .L0 
C:\Users\stapi\AppData\Local\Temp\ccmaTPGI.s:53     .text._sbrk:000000000000002e .L0 
C:\Users\stapi\AppData\Local\Temp\ccmaTPGI.s:58     .text._sbrk:000000000000003e .L0 
C:\Users\stapi\AppData\Local\Temp\ccmaTPGI.s:59     .text._sbrk:000000000000003e .L0 
C:\Users\stapi\AppData\Local\Temp\ccmaTPGI.s:61     .text._sbrk:0000000000000040 .L0 
C:\Users\stapi\AppData\Local\Temp\ccmaTPGI.s:62     .text._sbrk:0000000000000048 .L0 
C:\Users\stapi\AppData\Local\Temp\ccmaTPGI.s:63     .text._sbrk:0000000000000048 .L0 
C:\Users\stapi\AppData\Local\Temp\ccmaTPGI.s:66     .text._sbrk:0000000000000048 .L0 
C:\Users\stapi\AppData\Local\Temp\ccmaTPGI.s:67     .text._sbrk:0000000000000048 .L0 
C:\Users\stapi\AppData\Local\Temp\ccmaTPGI.s:69     .text._sbrk:000000000000004a .L0 
C:\Users\stapi\AppData\Local\Temp\ccmaTPGI.s:70     .text._sbrk:000000000000004a .L0 
C:\Users\stapi\AppData\Local\Temp\ccmaTPGI.s:71     .text._sbrk:000000000000004c .L0 
C:\Users\stapi\AppData\Local\Temp\ccmaTPGI.s:78     .text._open:0000000000000000 _open
C:\Users\stapi\AppData\Local\Temp\ccmaTPGI.s:81     .text._open:0000000000000000 .L0 
C:\Users\stapi\AppData\Local\Temp\ccmaTPGI.s:83     .text._open:0000000000000000 .L0 
C:\Users\stapi\AppData\Local\Temp\ccmaTPGI.s:84     .text._open:0000000000000000 .L0 
C:\Users\stapi\AppData\Local\Temp\ccmaTPGI.s:85     .text._open:0000000000000000 .L0 
C:\Users\stapi\AppData\Local\Temp\ccmaTPGI.s:88     .text._open:0000000000000004 .L0 
C:\Users\stapi\AppData\Local\Temp\ccmaTPGI.s:95     .text._close:0000000000000000 _close
C:\Users\stapi\AppData\Local\Temp\ccmaTPGI.s:97     .text._close:0000000000000000 .L0 
C:\Users\stapi\AppData\Local\Temp\ccmaTPGI.s:100    .text._close:0000000000000004 .L0 
C:\Users\stapi\AppData\Local\Temp\ccmaTPGI.s:107    .text._fstat:0000000000000000 _fstat
C:\Users\stapi\AppData\Local\Temp\ccmaTPGI.s:109    .text._fstat:0000000000000000 .L0 
C:\Users\stapi\AppData\Local\Temp\ccmaTPGI.s:112    .text._fstat:0000000000000004 .L0 
C:\Users\stapi\AppData\Local\Temp\ccmaTPGI.s:123    .text._exit:0000000000000000 _exit
C:\Users\stapi\AppData\Local\Temp\ccmaTPGI.s:126    .text._exit:0000000000000000 .L0 
C:\Users\stapi\AppData\Local\Temp\ccmaTPGI.s:128    .text._exit:0000000000000000 .L0 
C:\Users\stapi\AppData\Local\Temp\ccmaTPGI.s:129    .text._exit:0000000000000000 .L0 
C:\Users\stapi\AppData\Local\Temp\ccmaTPGI.s:130    .text._exit:0000000000000008 .L0 
C:\Users\stapi\AppData\Local\Temp\ccmaTPGI.s:131    .text._exit:0000000000000008 .L0 
C:\Users\stapi\AppData\Local\Temp\ccmaTPGI.s:133    .text._exit:0000000000000008 .L0 
C:\Users\stapi\AppData\Local\Temp\ccmaTPGI.s:134    .text._exit:0000000000000008 .L0 
C:\Users\stapi\AppData\Local\Temp\ccmaTPGI.s:136    .text._exit:000000000000000a .L0 
C:\Users\stapi\AppData\Local\Temp\ccmaTPGI.s:143    .text._exit:000000000000001a .L0 
C:\Users\stapi\AppData\Local\Temp\ccmaTPGI.s:144    .text._exit:000000000000001a .L0 
C:\Users\stapi\AppData\Local\Temp\ccmaTPGI.s:145    .text._exit:000000000000001a .L0 
C:\Users\stapi\AppData\Local\Temp\ccmaTPGI.s:146    .text._exit:000000000000001c .L0 
C:\Users\stapi\AppData\Local\Temp\ccmaTPGI.s:153    .text._isatty:0000000000000000 _isatty
C:\Users\stapi\AppData\Local\Temp\ccmaTPGI.s:156    .text._isatty:0000000000000000 .L0 
C:\Users\stapi\AppData\Local\Temp\ccmaTPGI.s:158    .text._isatty:0000000000000000 .L0 
C:\Users\stapi\AppData\Local\Temp\ccmaTPGI.s:159    .text._isatty:0000000000000000 .L0 
C:\Users\stapi\AppData\Local\Temp\ccmaTPGI.s:160    .text._isatty:0000000000000000 .L0 
C:\Users\stapi\AppData\Local\Temp\ccmaTPGI.s:163    .text._isatty:0000000000000004 .L0 
C:\Users\stapi\AppData\Local\Temp\ccmaTPGI.s:170    .text._lseek:0000000000000000 _lseek
C:\Users\stapi\AppData\Local\Temp\ccmaTPGI.s:173    .text._lseek:0000000000000000 .L0 
C:\Users\stapi\AppData\Local\Temp\ccmaTPGI.s:175    .text._lseek:0000000000000000 .L0 
C:\Users\stapi\AppData\Local\Temp\ccmaTPGI.s:176    .text._lseek:0000000000000000 .L0 
C:\Users\stapi\AppData\Local\Temp\ccmaTPGI.s:177    .text._lseek:0000000000000000 .L0 
C:\Users\stapi\AppData\Local\Temp\ccmaTPGI.s:180    .text._lseek:0000000000000004 .L0 
C:\Users\stapi\AppData\Local\Temp\ccmaTPGI.s:187    .text._read:0000000000000000 _read
C:\Users\stapi\AppData\Local\Temp\ccmaTPGI.s:190    .text._read:0000000000000000 .L0 
C:\Users\stapi\AppData\Local\Temp\ccmaTPGI.s:192    .text._read:0000000000000000 .L0 
C:\Users\stapi\AppData\Local\Temp\ccmaTPGI.s:193    .text._read:0000000000000000 .L0 
C:\Users\stapi\AppData\Local\Temp\ccmaTPGI.s:194    .text._read:0000000000000000 .L0 
C:\Users\stapi\AppData\Local\Temp\ccmaTPGI.s:197    .text._read:0000000000000004 .L0 
C:\Users\stapi\AppData\Local\Temp\ccmaTPGI.s:204    .text._kill:0000000000000000 _kill
C:\Users\stapi\AppData\Local\Temp\ccmaTPGI.s:206    .text._kill:0000000000000000 .L0 
C:\Users\stapi\AppData\Local\Temp\ccmaTPGI.s:209    .text._kill:0000000000000004 .L0 
C:\Users\stapi\AppData\Local\Temp\ccmaTPGI.s:216    .text._getpid:0000000000000000 _getpid
C:\Users\stapi\AppData\Local\Temp\ccmaTPGI.s:218    .text._getpid:0000000000000000 .L0 
C:\Users\stapi\AppData\Local\Temp\ccmaTPGI.s:221    .text._getpid:0000000000000004 .L0 
C:\Users\stapi\AppData\Local\Temp\ccmaTPGI.s:228    .text.__malloc_lock:0000000000000000 __malloc_lock
C:\Users\stapi\AppData\Local\Temp\ccmaTPGI.s:231    .text.__malloc_lock:0000000000000000 .L0 
C:\Users\stapi\AppData\Local\Temp\ccmaTPGI.s:232    .text.__malloc_lock:0000000000000000 .L0 
C:\Users\stapi\AppData\Local\Temp\ccmaTPGI.s:233    .text.__malloc_lock:0000000000000000 .L0 
C:\Users\stapi\AppData\Local\Temp\ccmaTPGI.s:235    .text.__malloc_lock:0000000000000008 .L0 
C:\Users\stapi\AppData\Local\Temp\ccmaTPGI.s:242    .text.__malloc_unlock:0000000000000000 __malloc_unlock
C:\Users\stapi\AppData\Local\Temp\ccmaTPGI.s:245    .text.__malloc_unlock:0000000000000000 .L0 
C:\Users\stapi\AppData\Local\Temp\ccmaTPGI.s:246    .text.__malloc_unlock:0000000000000000 .L0 
C:\Users\stapi\AppData\Local\Temp\ccmaTPGI.s:247    .text.__malloc_unlock:0000000000000000 .L0 
C:\Users\stapi\AppData\Local\Temp\ccmaTPGI.s:249    .text.__malloc_unlock:0000000000000008 .L0 
C:\Users\stapi\AppData\Local\Temp\ccmaTPGI.s:254    .sdata.curbrk.0:0000000000000000 .LANCHOR0
C:\Users\stapi\AppData\Local\Temp\ccmaTPGI.s:257    .sdata.curbrk.0:0000000000000000 curbrk.0
C:\Users\stapi\AppData\Local\Temp\ccmaTPGI.s:74     .text._sbrk:000000000000004c .L0 
C:\Users\stapi\AppData\Local\Temp\ccmaTPGI.s:91     .text._open:0000000000000004 .L0 
C:\Users\stapi\AppData\Local\Temp\ccmaTPGI.s:149    .text._exit:000000000000001c .L0 
C:\Users\stapi\AppData\Local\Temp\ccmaTPGI.s:166    .text._isatty:0000000000000004 .L0 
C:\Users\stapi\AppData\Local\Temp\ccmaTPGI.s:183    .text._lseek:0000000000000004 .L0 
C:\Users\stapi\AppData\Local\Temp\ccmaTPGI.s:200    .text._read:0000000000000004 .L0 
C:\Users\stapi\AppData\Local\Temp\ccmaTPGI.s:238    .text.__malloc_lock:0000000000000008 .L0 
C:\Users\stapi\AppData\Local\Temp\ccmaTPGI.s:252    .text.__malloc_unlock:0000000000000008 .L0 
                     .debug_frame:0000000000000000 .L0 
C:\Users\stapi\AppData\Local\Temp\ccmaTPGI.s:11     .rodata._sbrk.str1.4:0000000000000000 .LC0
C:\Users\stapi\AppData\Local\Temp\ccmaTPGI.s:47     .text._sbrk:0000000000000026 .L2
C:\Users\stapi\AppData\Local\Temp\ccmaTPGI.s:64     .text._sbrk:0000000000000048 .L3
C:\Users\stapi\AppData\Local\Temp\ccmaTPGI.s:117    .rodata._exit.str1.4:0000000000000000 .LC1
C:\Users\stapi\AppData\Local\Temp\ccmaTPGI.s:141    .text._exit:000000000000001a .L12
C:\Users\stapi\AppData\Local\Temp\ccmaTPGI.s:686    .debug_abbrev:0000000000000000 .Ldebug_abbrev0
C:\Users\stapi\AppData\Local\Temp\ccmaTPGI.s:1259   .debug_str:0000000000000083 .LASF35
C:\Users\stapi\AppData\Local\Temp\ccmaTPGI.s:1271   .debug_str:00000000000001bd .LASF36
C:\Users\stapi\AppData\Local\Temp\ccmaTPGI.s:1291   .debug_str:00000000000002a6 .LASF37
C:\Users\stapi\AppData\Local\Temp\ccmaTPGI.s:1207   .debug_ranges:0000000000000000 .Ldebug_ranges0
C:\Users\stapi\AppData\Local\Temp\ccmaTPGI.s:1227   .debug_line:0000000000000000 .Ldebug_line0
C:\Users\stapi\AppData\Local\Temp\ccmaTPGI.s:1281   .debug_str:000000000000026a .LASF0
C:\Users\stapi\AppData\Local\Temp\ccmaTPGI.s:1265   .debug_str:00000000000001a0 .LASF1
C:\Users\stapi\AppData\Local\Temp\ccmaTPGI.s:1283   .debug_str:0000000000000274 .LASF2
C:\Users\stapi\AppData\Local\Temp\ccmaTPGI.s:1311   .debug_str:000000000000037a .LASF3
C:\Users\stapi\AppData\Local\Temp\ccmaTPGI.s:1255   .debug_str:000000000000006f .LASF4
C:\Users\stapi\AppData\Local\Temp\ccmaTPGI.s:1301   .debug_str:0000000000000355 .LASF5
C:\Users\stapi\AppData\Local\Temp\ccmaTPGI.s:1263   .debug_str:000000000000018d .LASF6
C:\Users\stapi\AppData\Local\Temp\ccmaTPGI.s:1305   .debug_str:0000000000000367 .LASF7
C:\Users\stapi\AppData\Local\Temp\ccmaTPGI.s:1277   .debug_str:0000000000000253 .LASF8
C:\Users\stapi\AppData\Local\Temp\ccmaTPGI.s:1293   .debug_str:000000000000032f .LASF9
C:\Users\stapi\AppData\Local\Temp\ccmaTPGI.s:1285   .debug_str:0000000000000281 .LASF10
C:\Users\stapi\AppData\Local\Temp\ccmaTPGI.s:1249   .debug_str:0000000000000054 .LASF11
C:\Users\stapi\AppData\Local\Temp\ccmaTPGI.s:1289   .debug_str:000000000000029e .LASF12
C:\Users\stapi\AppData\Local\Temp\ccmaTPGI.s:1239   .debug_str:0000000000000027 .LASF13
C:\Users\stapi\AppData\Local\Temp\ccmaTPGI.s:1307   .debug_str:0000000000000370 .LASF14
C:\Users\stapi\AppData\Local\Temp\ccmaTPGI.s:1231   .debug_str:0000000000000005 .LASF15
C:\Users\stapi\AppData\Local\Temp\ccmaTPGI.s:1243   .debug_str:0000000000000037 .LASF16
C:\Users\stapi\AppData\Local\Temp\ccmaTPGI.s:1267   .debug_str:00000000000001a7 .LASF17
C:\Users\stapi\AppData\Local\Temp\ccmaTPGI.s:243    .text.__malloc_unlock:0000000000000000 .LFB14
C:\Users\stapi\AppData\Local\Temp\ccmaTPGI.s:250    .text.__malloc_unlock:0000000000000008 .LFE14
C:\Users\stapi\AppData\Local\Temp\ccmaTPGI.s:248    .text.__malloc_unlock:0000000000000008 .LVL16
C:\Users\stapi\AppData\Local\Temp\ccmaTPGI.s:1235   .debug_str:0000000000000012 .LASF18
C:\Users\stapi\AppData\Local\Temp\ccmaTPGI.s:229    .text.__malloc_lock:0000000000000000 .LFB13
C:\Users\stapi\AppData\Local\Temp\ccmaTPGI.s:236    .text.__malloc_lock:0000000000000008 .LFE13
C:\Users\stapi\AppData\Local\Temp\ccmaTPGI.s:234    .text.__malloc_lock:0000000000000008 .LVL15
C:\Users\stapi\AppData\Local\Temp\ccmaTPGI.s:1273   .debug_str:0000000000000245 .LASF19
C:\Users\stapi\AppData\Local\Temp\ccmaTPGI.s:1257   .debug_str:000000000000007d .LASF20
C:\Users\stapi\AppData\Local\Temp\ccmaTPGI.s:1245   .debug_str:000000000000003f .LASF21
C:\Users\stapi\AppData\Local\Temp\ccmaTPGI.s:188    .text._read:0000000000000000 .LFB10
C:\Users\stapi\AppData\Local\Temp\ccmaTPGI.s:198    .text._read:0000000000000004 .LFE10
C:\Users\stapi\AppData\Local\Temp\ccmaTPGI.s:1088   .debug_loc:0000000000000000 .LLST5
C:\Users\stapi\AppData\Local\Temp\ccmaTPGI.s:1233   .debug_str:000000000000000b .LASF22
C:\Users\stapi\AppData\Local\Temp\ccmaTPGI.s:171    .text._lseek:0000000000000000 .LFB9
C:\Users\stapi\AppData\Local\Temp\ccmaTPGI.s:181    .text._lseek:0000000000000004 .LFE9
C:\Users\stapi\AppData\Local\Temp\ccmaTPGI.s:1102   .debug_loc:0000000000000021 .LLST4
C:\Users\stapi\AppData\Local\Temp\ccmaTPGI.s:1303   .debug_str:000000000000035f .LASF23
C:\Users\stapi\AppData\Local\Temp\ccmaTPGI.s:154    .text._isatty:0000000000000000 .LFB8
C:\Users\stapi\AppData\Local\Temp\ccmaTPGI.s:164    .text._isatty:0000000000000004 .LFE8
C:\Users\stapi\AppData\Local\Temp\ccmaTPGI.s:1116   .debug_loc:0000000000000042 .LLST3
C:\Users\stapi\AppData\Local\Temp\ccmaTPGI.s:1269   .debug_str:00000000000001b7 .LASF24
C:\Users\stapi\AppData\Local\Temp\ccmaTPGI.s:124    .text._exit:0000000000000000 .LFB7
C:\Users\stapi\AppData\Local\Temp\ccmaTPGI.s:147    .text._exit:000000000000001c .LFE7
C:\Users\stapi\AppData\Local\Temp\ccmaTPGI.s:1279   .debug_str:0000000000000265 .LASF25
C:\Users\stapi\AppData\Local\Temp\ccmaTPGI.s:1130   .debug_loc:0000000000000063 .LLST2
C:\Users\stapi\AppData\Local\Temp\ccmaTPGI.s:140    .text._exit:000000000000001a .LVL8
C:\Users\stapi\AppData\Local\Temp\ccmaTPGI.s:1295   .debug_str:000000000000033d .LASF26
C:\Users\stapi\AppData\Local\Temp\ccmaTPGI.s:1241   .debug_str:0000000000000030 .LASF27
C:\Users\stapi\AppData\Local\Temp\ccmaTPGI.s:1287   .debug_str:0000000000000298 .LASF38
C:\Users\stapi\AppData\Local\Temp\ccmaTPGI.s:1275   .debug_str:000000000000024d .LASF28
C:\Users\stapi\AppData\Local\Temp\ccmaTPGI.s:18     .text._sbrk:0000000000000000 .LFB3
C:\Users\stapi\AppData\Local\Temp\ccmaTPGI.s:72     .text._sbrk:000000000000004c .LFE3
C:\Users\stapi\AppData\Local\Temp\ccmaTPGI.s:1229   .debug_str:0000000000000000 .LASF29
C:\Users\stapi\AppData\Local\Temp\ccmaTPGI.s:1148   .debug_loc:000000000000008f .LLST0
C:\Users\stapi\AppData\Local\Temp\ccmaTPGI.s:1253   .debug_str:000000000000006a .LASF30
C:\Users\stapi\AppData\Local\Temp\ccmaTPGI.s:1299   .debug_str:000000000000034b .LASF31
C:\Users\stapi\AppData\Local\Temp\ccmaTPGI.s:1237   .debug_str:0000000000000020 .LASF39
C:\Users\stapi\AppData\Local\Temp\ccmaTPGI.s:56     .text._sbrk:000000000000003e .LVL3
C:\Users\stapi\AppData\Local\Temp\ccmaTPGI.s:79     .text._open:0000000000000000 .LFB4
C:\Users\stapi\AppData\Local\Temp\ccmaTPGI.s:89     .text._open:0000000000000004 .LFE4
C:\Users\stapi\AppData\Local\Temp\ccmaTPGI.s:1166   .debug_loc:00000000000000bb .LLST1
C:\Users\stapi\AppData\Local\Temp\ccmaTPGI.s:1261   .debug_str:000000000000017c .LASF32
C:\Users\stapi\AppData\Local\Temp\ccmaTPGI.s:1247   .debug_str:0000000000000045 .LASF33
C:\Users\stapi\AppData\Local\Temp\ccmaTPGI.s:1297   .debug_str:0000000000000344 .LASF34
C:\Users\stapi\AppData\Local\Temp\ccmaTPGI.s:1309   .debug_str:0000000000000375 .LASF40
C:\Users\stapi\AppData\Local\Temp\ccmaTPGI.s:1251   .debug_str:000000000000005b .LASF41
C:\Users\stapi\AppData\Local\Temp\ccmaTPGI.s:191    .text._read:0000000000000000 .LVL13
C:\Users\stapi\AppData\Local\Temp\ccmaTPGI.s:195    .text._read:0000000000000002 .LVL14
C:\Users\stapi\AppData\Local\Temp\ccmaTPGI.s:174    .text._lseek:0000000000000000 .LVL11
C:\Users\stapi\AppData\Local\Temp\ccmaTPGI.s:178    .text._lseek:0000000000000002 .LVL12
C:\Users\stapi\AppData\Local\Temp\ccmaTPGI.s:157    .text._isatty:0000000000000000 .LVL9
C:\Users\stapi\AppData\Local\Temp\ccmaTPGI.s:161    .text._isatty:0000000000000002 .LVL10
C:\Users\stapi\AppData\Local\Temp\ccmaTPGI.s:127    .text._exit:0000000000000000 .LVL6
C:\Users\stapi\AppData\Local\Temp\ccmaTPGI.s:137    .text._exit:000000000000000e .LVL7
C:\Users\stapi\AppData\Local\Temp\ccmaTPGI.s:22     .text._sbrk:0000000000000000 .LVL0
C:\Users\stapi\AppData\Local\Temp\ccmaTPGI.s:34     .text._sbrk:000000000000000c .LVL1
C:\Users\stapi\AppData\Local\Temp\ccmaTPGI.s:40     .text._sbrk:0000000000000016 .LVL2
C:\Users\stapi\AppData\Local\Temp\ccmaTPGI.s:82     .text._open:0000000000000000 .LVL4
C:\Users\stapi\AppData\Local\Temp\ccmaTPGI.s:86     .text._open:0000000000000002 .LVL5
C:\Users\stapi\AppData\Local\Temp\ccmaTPGI.s:268    .debug_info:0000000000000000 .Ldebug_info0

UNDEFINED SYMBOLS
_end
_heap_end
__riscv_save_0
puts
__riscv_restore_0
printf
sys_sched_lock
sys_sched_unlock
