   1              		.file	"plf_assert.c"
   2              		.option nopic
   3              		.attribute arch, "rv32i2p0_m2p0_a2p0_f2p0_c2p0_b_p0p94"
   4              		.attribute unaligned_access, 0
   5              		.attribute stack_align, 16
   6              		.text
   7              	.Ltext0:
   8              		.cfi_sections	.debug_frame
   9              		.section	.rodata.plf_assert_err.str1.4,"aMS",@progbits,1
  10              		.align	2
  11              	.LC0:
  12 0000 41535345 		.string	"ASSERT ERROR: in %s at line %d\r\n"
  12      52542045 
  12      52524F52 
  12      3A20696E 
  12      20257320 
  13              		.section	.text.plf_assert_err,"ax",@progbits
  14              		.align	1
  15              		.globl	plf_assert_err
  17              	plf_assert_err:
  18              	.LFB0:
  19              		.file 1 "C:/Users/stapi/OneDrive/Desktop/GD32VW553/GD32VW55X_Wifi_BLE_SDK/GD32VW55x_RELEASE_V1.0.2
   1:C:/Users/stapi/OneDrive/Desktop/GD32VW553/GD32VW55X_Wifi_BLE_SDK/GD32VW55x_RELEASE_V1.0.2/MSDK/plf/src\plf_assert.c **** /*!
   2:C:/Users/stapi/OneDrive/Desktop/GD32VW553/GD32VW55X_Wifi_BLE_SDK/GD32VW55x_RELEASE_V1.0.2/MSDK/plf/src\plf_assert.c ****     \file    plf_assert.c
   3:C:/Users/stapi/OneDrive/Desktop/GD32VW553/GD32VW55X_Wifi_BLE_SDK/GD32VW55x_RELEASE_V1.0.2/MSDK/plf/src\plf_assert.c ****     \brief   Debug Assert function for GD32VW55x SDK.
   4:C:/Users/stapi/OneDrive/Desktop/GD32VW553/GD32VW55X_Wifi_BLE_SDK/GD32VW55x_RELEASE_V1.0.2/MSDK/plf/src\plf_assert.c **** 
   5:C:/Users/stapi/OneDrive/Desktop/GD32VW553/GD32VW55X_Wifi_BLE_SDK/GD32VW55x_RELEASE_V1.0.2/MSDK/plf/src\plf_assert.c ****     \version 2023-07-20, V1.0.0, firmware for GD32VW55x
   6:C:/Users/stapi/OneDrive/Desktop/GD32VW553/GD32VW55X_Wifi_BLE_SDK/GD32VW55x_RELEASE_V1.0.2/MSDK/plf/src\plf_assert.c **** */
   7:C:/Users/stapi/OneDrive/Desktop/GD32VW553/GD32VW55X_Wifi_BLE_SDK/GD32VW55x_RELEASE_V1.0.2/MSDK/plf/src\plf_assert.c **** 
   8:C:/Users/stapi/OneDrive/Desktop/GD32VW553/GD32VW55X_Wifi_BLE_SDK/GD32VW55x_RELEASE_V1.0.2/MSDK/plf/src\plf_assert.c **** /*
   9:C:/Users/stapi/OneDrive/Desktop/GD32VW553/GD32VW55X_Wifi_BLE_SDK/GD32VW55x_RELEASE_V1.0.2/MSDK/plf/src\plf_assert.c ****     Copyright (c) 2023, GigaDevice Semiconductor Inc.
  10:C:/Users/stapi/OneDrive/Desktop/GD32VW553/GD32VW55X_Wifi_BLE_SDK/GD32VW55x_RELEASE_V1.0.2/MSDK/plf/src\plf_assert.c **** 
  11:C:/Users/stapi/OneDrive/Desktop/GD32VW553/GD32VW55X_Wifi_BLE_SDK/GD32VW55x_RELEASE_V1.0.2/MSDK/plf/src\plf_assert.c ****     Redistribution and use in source and binary forms, with or without modification,
  12:C:/Users/stapi/OneDrive/Desktop/GD32VW553/GD32VW55X_Wifi_BLE_SDK/GD32VW55x_RELEASE_V1.0.2/MSDK/plf/src\plf_assert.c **** are permitted provided that the following conditions are met:
  13:C:/Users/stapi/OneDrive/Desktop/GD32VW553/GD32VW55X_Wifi_BLE_SDK/GD32VW55x_RELEASE_V1.0.2/MSDK/plf/src\plf_assert.c **** 
  14:C:/Users/stapi/OneDrive/Desktop/GD32VW553/GD32VW55X_Wifi_BLE_SDK/GD32VW55x_RELEASE_V1.0.2/MSDK/plf/src\plf_assert.c ****     1. Redistributions of source code must retain the above copyright notice, this
  15:C:/Users/stapi/OneDrive/Desktop/GD32VW553/GD32VW55X_Wifi_BLE_SDK/GD32VW55x_RELEASE_V1.0.2/MSDK/plf/src\plf_assert.c ****        list of conditions and the following disclaimer.
  16:C:/Users/stapi/OneDrive/Desktop/GD32VW553/GD32VW55X_Wifi_BLE_SDK/GD32VW55x_RELEASE_V1.0.2/MSDK/plf/src\plf_assert.c ****     2. Redistributions in binary form must reproduce the above copyright notice,
  17:C:/Users/stapi/OneDrive/Desktop/GD32VW553/GD32VW55X_Wifi_BLE_SDK/GD32VW55x_RELEASE_V1.0.2/MSDK/plf/src\plf_assert.c ****        this list of conditions and the following disclaimer in the documentation
  18:C:/Users/stapi/OneDrive/Desktop/GD32VW553/GD32VW55X_Wifi_BLE_SDK/GD32VW55x_RELEASE_V1.0.2/MSDK/plf/src\plf_assert.c ****        and/or other materials provided with the distribution.
  19:C:/Users/stapi/OneDrive/Desktop/GD32VW553/GD32VW55X_Wifi_BLE_SDK/GD32VW55x_RELEASE_V1.0.2/MSDK/plf/src\plf_assert.c ****     3. Neither the name of the copyright holder nor the names of its contributors
  20:C:/Users/stapi/OneDrive/Desktop/GD32VW553/GD32VW55X_Wifi_BLE_SDK/GD32VW55x_RELEASE_V1.0.2/MSDK/plf/src\plf_assert.c ****        may be used to endorse or promote products derived from this software without
  21:C:/Users/stapi/OneDrive/Desktop/GD32VW553/GD32VW55X_Wifi_BLE_SDK/GD32VW55x_RELEASE_V1.0.2/MSDK/plf/src\plf_assert.c ****        specific prior written permission.
  22:C:/Users/stapi/OneDrive/Desktop/GD32VW553/GD32VW55X_Wifi_BLE_SDK/GD32VW55x_RELEASE_V1.0.2/MSDK/plf/src\plf_assert.c **** 
  23:C:/Users/stapi/OneDrive/Desktop/GD32VW553/GD32VW55X_Wifi_BLE_SDK/GD32VW55x_RELEASE_V1.0.2/MSDK/plf/src\plf_assert.c ****     THIS SOFTWARE IS PROVIDED BY THE COPYRIGHT HOLDERS AND CONTRIBUTORS "AS IS"
  24:C:/Users/stapi/OneDrive/Desktop/GD32VW553/GD32VW55X_Wifi_BLE_SDK/GD32VW55x_RELEASE_V1.0.2/MSDK/plf/src\plf_assert.c **** AND ANY EXPRESS OR IMPLIED WARRANTIES, INCLUDING, BUT NOT LIMITED TO, THE IMPLIED
  25:C:/Users/stapi/OneDrive/Desktop/GD32VW553/GD32VW55X_Wifi_BLE_SDK/GD32VW55x_RELEASE_V1.0.2/MSDK/plf/src\plf_assert.c **** WARRANTIES OF MERCHANTABILITY AND FITNESS FOR A PARTICULAR PURPOSE ARE DISCLAIMED.
  26:C:/Users/stapi/OneDrive/Desktop/GD32VW553/GD32VW55X_Wifi_BLE_SDK/GD32VW55x_RELEASE_V1.0.2/MSDK/plf/src\plf_assert.c **** IN NO EVENT SHALL THE COPYRIGHT HOLDER OR CONTRIBUTORS BE LIABLE FOR ANY DIRECT,
  27:C:/Users/stapi/OneDrive/Desktop/GD32VW553/GD32VW55X_Wifi_BLE_SDK/GD32VW55x_RELEASE_V1.0.2/MSDK/plf/src\plf_assert.c **** INDIRECT, INCIDENTAL, SPECIAL, EXEMPLARY, OR CONSEQUENTIAL DAMAGES (INCLUDING, BUT
  28:C:/Users/stapi/OneDrive/Desktop/GD32VW553/GD32VW55X_Wifi_BLE_SDK/GD32VW55x_RELEASE_V1.0.2/MSDK/plf/src\plf_assert.c **** NOT LIMITED TO, PROCUREMENT OF SUBSTITUTE GOODS OR SERVICES; LOSS OF USE, DATA, OR
  29:C:/Users/stapi/OneDrive/Desktop/GD32VW553/GD32VW55X_Wifi_BLE_SDK/GD32VW55x_RELEASE_V1.0.2/MSDK/plf/src\plf_assert.c **** PROFITS; OR BUSINESS INTERRUPTION) HOWEVER CAUSED AND ON ANY THEORY OF LIABILITY,
  30:C:/Users/stapi/OneDrive/Desktop/GD32VW553/GD32VW55X_Wifi_BLE_SDK/GD32VW55x_RELEASE_V1.0.2/MSDK/plf/src\plf_assert.c **** WHETHER IN CONTRACT, STRICT LIABILITY, OR TORT (INCLUDING NEGLIGENCE OR OTHERWISE)
  31:C:/Users/stapi/OneDrive/Desktop/GD32VW553/GD32VW55X_Wifi_BLE_SDK/GD32VW55x_RELEASE_V1.0.2/MSDK/plf/src\plf_assert.c **** ARISING IN ANY WAY OUT OF THE USE OF THIS SOFTWARE, EVEN IF ADVISED OF THE POSSIBILITY
  32:C:/Users/stapi/OneDrive/Desktop/GD32VW553/GD32VW55X_Wifi_BLE_SDK/GD32VW55x_RELEASE_V1.0.2/MSDK/plf/src\plf_assert.c **** OF SUCH DAMAGE.
  33:C:/Users/stapi/OneDrive/Desktop/GD32VW553/GD32VW55X_Wifi_BLE_SDK/GD32VW55x_RELEASE_V1.0.2/MSDK/plf/src\plf_assert.c **** */
  34:C:/Users/stapi/OneDrive/Desktop/GD32VW553/GD32VW55X_Wifi_BLE_SDK/GD32VW55x_RELEASE_V1.0.2/MSDK/plf/src\plf_assert.c **** 
  35:C:/Users/stapi/OneDrive/Desktop/GD32VW553/GD32VW55X_Wifi_BLE_SDK/GD32VW55x_RELEASE_V1.0.2/MSDK/plf/src\plf_assert.c **** /*
  36:C:/Users/stapi/OneDrive/Desktop/GD32VW553/GD32VW55X_Wifi_BLE_SDK/GD32VW55x_RELEASE_V1.0.2/MSDK/plf/src\plf_assert.c ****  * INCLUDE FILES
  37:C:/Users/stapi/OneDrive/Desktop/GD32VW553/GD32VW55X_Wifi_BLE_SDK/GD32VW55x_RELEASE_V1.0.2/MSDK/plf/src\plf_assert.c ****  ****************************************************************************************
  38:C:/Users/stapi/OneDrive/Desktop/GD32VW553/GD32VW55X_Wifi_BLE_SDK/GD32VW55x_RELEASE_V1.0.2/MSDK/plf/src\plf_assert.c ****  */
  39:C:/Users/stapi/OneDrive/Desktop/GD32VW553/GD32VW55X_Wifi_BLE_SDK/GD32VW55x_RELEASE_V1.0.2/MSDK/plf/src\plf_assert.c **** 
  40:C:/Users/stapi/OneDrive/Desktop/GD32VW553/GD32VW55X_Wifi_BLE_SDK/GD32VW55x_RELEASE_V1.0.2/MSDK/plf/src\plf_assert.c **** #include "plf_assert.h"
  41:C:/Users/stapi/OneDrive/Desktop/GD32VW553/GD32VW55X_Wifi_BLE_SDK/GD32VW55x_RELEASE_V1.0.2/MSDK/plf/src\plf_assert.c **** #include "ll.h"
  42:C:/Users/stapi/OneDrive/Desktop/GD32VW553/GD32VW55X_Wifi_BLE_SDK/GD32VW55x_RELEASE_V1.0.2/MSDK/plf/src\plf_assert.c **** #include "debug_print.h"
  43:C:/Users/stapi/OneDrive/Desktop/GD32VW553/GD32VW55X_Wifi_BLE_SDK/GD32VW55x_RELEASE_V1.0.2/MSDK/plf/src\plf_assert.c **** #include <stdint.h>
  44:C:/Users/stapi/OneDrive/Desktop/GD32VW553/GD32VW55X_Wifi_BLE_SDK/GD32VW55x_RELEASE_V1.0.2/MSDK/plf/src\plf_assert.c **** #include <stdbool.h>
  45:C:/Users/stapi/OneDrive/Desktop/GD32VW553/GD32VW55X_Wifi_BLE_SDK/GD32VW55x_RELEASE_V1.0.2/MSDK/plf/src\plf_assert.c **** 
  46:C:/Users/stapi/OneDrive/Desktop/GD32VW553/GD32VW55X_Wifi_BLE_SDK/GD32VW55x_RELEASE_V1.0.2/MSDK/plf/src\plf_assert.c **** /*
  47:C:/Users/stapi/OneDrive/Desktop/GD32VW553/GD32VW55X_Wifi_BLE_SDK/GD32VW55x_RELEASE_V1.0.2/MSDK/plf/src\plf_assert.c ****  * DEFINES
  48:C:/Users/stapi/OneDrive/Desktop/GD32VW553/GD32VW55X_Wifi_BLE_SDK/GD32VW55x_RELEASE_V1.0.2/MSDK/plf/src\plf_assert.c ****  ****************************************************************************************
  49:C:/Users/stapi/OneDrive/Desktop/GD32VW553/GD32VW55X_Wifi_BLE_SDK/GD32VW55x_RELEASE_V1.0.2/MSDK/plf/src\plf_assert.c ****  */
  50:C:/Users/stapi/OneDrive/Desktop/GD32VW553/GD32VW55X_Wifi_BLE_SDK/GD32VW55x_RELEASE_V1.0.2/MSDK/plf/src\plf_assert.c **** 
  51:C:/Users/stapi/OneDrive/Desktop/GD32VW553/GD32VW55X_Wifi_BLE_SDK/GD32VW55x_RELEASE_V1.0.2/MSDK/plf/src\plf_assert.c **** /*
  52:C:/Users/stapi/OneDrive/Desktop/GD32VW553/GD32VW55X_Wifi_BLE_SDK/GD32VW55x_RELEASE_V1.0.2/MSDK/plf/src\plf_assert.c ****  * GLOBAL VARIABLE DEFINITIONS
  53:C:/Users/stapi/OneDrive/Desktop/GD32VW553/GD32VW55X_Wifi_BLE_SDK/GD32VW55x_RELEASE_V1.0.2/MSDK/plf/src\plf_assert.c ****  ****************************************************************************************
  54:C:/Users/stapi/OneDrive/Desktop/GD32VW553/GD32VW55X_Wifi_BLE_SDK/GD32VW55x_RELEASE_V1.0.2/MSDK/plf/src\plf_assert.c ****  */
  55:C:/Users/stapi/OneDrive/Desktop/GD32VW553/GD32VW55X_Wifi_BLE_SDK/GD32VW55x_RELEASE_V1.0.2/MSDK/plf/src\plf_assert.c **** 
  56:C:/Users/stapi/OneDrive/Desktop/GD32VW553/GD32VW55X_Wifi_BLE_SDK/GD32VW55x_RELEASE_V1.0.2/MSDK/plf/src\plf_assert.c **** /*
  57:C:/Users/stapi/OneDrive/Desktop/GD32VW553/GD32VW55X_Wifi_BLE_SDK/GD32VW55x_RELEASE_V1.0.2/MSDK/plf/src\plf_assert.c ****  * LOCAL FUNCTION DEFINITION
  58:C:/Users/stapi/OneDrive/Desktop/GD32VW553/GD32VW55X_Wifi_BLE_SDK/GD32VW55x_RELEASE_V1.0.2/MSDK/plf/src\plf_assert.c ****  ****************************************************************************************
  59:C:/Users/stapi/OneDrive/Desktop/GD32VW553/GD32VW55X_Wifi_BLE_SDK/GD32VW55x_RELEASE_V1.0.2/MSDK/plf/src\plf_assert.c ****  */
  60:C:/Users/stapi/OneDrive/Desktop/GD32VW553/GD32VW55X_Wifi_BLE_SDK/GD32VW55x_RELEASE_V1.0.2/MSDK/plf/src\plf_assert.c **** 
  61:C:/Users/stapi/OneDrive/Desktop/GD32VW553/GD32VW55X_Wifi_BLE_SDK/GD32VW55x_RELEASE_V1.0.2/MSDK/plf/src\plf_assert.c **** /*
  62:C:/Users/stapi/OneDrive/Desktop/GD32VW553/GD32VW55X_Wifi_BLE_SDK/GD32VW55x_RELEASE_V1.0.2/MSDK/plf/src\plf_assert.c ****  * EXPORTED FUNCTION DEFINITION
  63:C:/Users/stapi/OneDrive/Desktop/GD32VW553/GD32VW55X_Wifi_BLE_SDK/GD32VW55x_RELEASE_V1.0.2/MSDK/plf/src\plf_assert.c ****  ****************************************************************************************
  64:C:/Users/stapi/OneDrive/Desktop/GD32VW553/GD32VW55X_Wifi_BLE_SDK/GD32VW55x_RELEASE_V1.0.2/MSDK/plf/src\plf_assert.c ****  */
  65:C:/Users/stapi/OneDrive/Desktop/GD32VW553/GD32VW55X_Wifi_BLE_SDK/GD32VW55x_RELEASE_V1.0.2/MSDK/plf/src\plf_assert.c **** // Variable to enable infinite loop on assert
  66:C:/Users/stapi/OneDrive/Desktop/GD32VW553/GD32VW55X_Wifi_BLE_SDK/GD32VW55x_RELEASE_V1.0.2/MSDK/plf/src\plf_assert.c **** static volatile int plf_asrt_block = 1;
  67:C:/Users/stapi/OneDrive/Desktop/GD32VW553/GD32VW55X_Wifi_BLE_SDK/GD32VW55x_RELEASE_V1.0.2/MSDK/plf/src\plf_assert.c **** 
  68:C:/Users/stapi/OneDrive/Desktop/GD32VW553/GD32VW55X_Wifi_BLE_SDK/GD32VW55x_RELEASE_V1.0.2/MSDK/plf/src\plf_assert.c **** void plf_assert_err(const char *condition, const char * file, int line)
  69:C:/Users/stapi/OneDrive/Desktop/GD32VW553/GD32VW55X_Wifi_BLE_SDK/GD32VW55x_RELEASE_V1.0.2/MSDK/plf/src\plf_assert.c **** {
  20              		.loc 1 69 1
  21              		.cfi_startproc
  22              	.LVL0:
  23 0000 17030000 		call	t0,__riscv_save_0
  23      E7020300 
  24              		.cfi_offset 1, -4
  25              		.cfi_def_cfa_offset 16
  70:C:/Users/stapi/OneDrive/Desktop/GD32VW553/GD32VW55X_Wifi_BLE_SDK/GD32VW55x_RELEASE_V1.0.2/MSDK/plf/src\plf_assert.c ****     int i;
  26              		.loc 1 70 5
  71:C:/Users/stapi/OneDrive/Desktop/GD32VW553/GD32VW55X_Wifi_BLE_SDK/GD32VW55x_RELEASE_V1.0.2/MSDK/plf/src\plf_assert.c **** 
  72:C:/Users/stapi/OneDrive/Desktop/GD32VW553/GD32VW55X_Wifi_BLE_SDK/GD32VW55x_RELEASE_V1.0.2/MSDK/plf/src\plf_assert.c ****     co_printf("ASSERT ERROR: in %s at line %d\r\n", file, line);
  27              		.loc 1 72 5
  28 0008 37050000 		lui	a0,%hi(.LC0)
  29              	.LVL1:
  30 000c 13050500 		addi	a0,a0,%lo(.LC0)
  31 0010 97000000 		call	co_printf
  31      E7800000 
  32              	.LVL2:
  73:C:/Users/stapi/OneDrive/Desktop/GD32VW553/GD32VW55X_Wifi_BLE_SDK/GD32VW55x_RELEASE_V1.0.2/MSDK/plf/src\plf_assert.c **** 
  74:C:/Users/stapi/OneDrive/Desktop/GD32VW553/GD32VW55X_Wifi_BLE_SDK/GD32VW55x_RELEASE_V1.0.2/MSDK/plf/src\plf_assert.c ****     // Let time for the message transfer
  75:C:/Users/stapi/OneDrive/Desktop/GD32VW553/GD32VW55X_Wifi_BLE_SDK/GD32VW55x_RELEASE_V1.0.2/MSDK/plf/src\plf_assert.c ****     for (i = 0; i<2000;i++){plf_asrt_block = 1;};
  33              		.loc 1 75 5
  34              		.loc 1 75 17
  35              		.loc 1 75 44 is_stmt 0
  36 0018 B7070000 		lui	a5,%hi(.LANCHOR0)
  72:C:/Users/stapi/OneDrive/Desktop/GD32VW553/GD32VW55X_Wifi_BLE_SDK/GD32VW55x_RELEASE_V1.0.2/MSDK/plf/src\plf_assert.c **** 
  37              		.loc 1 72 5
  38 001c 1307007D 		li	a4,2000
  39              		.loc 1 75 44
  40 0020 93870700 		addi	a5,a5,%lo(.LANCHOR0)
  41 0024 8546     		li	a3,1
  42              	.LVL3:
  43              	.L2:
  44              		.loc 1 75 29 is_stmt 1 discriminator 3
  45              		.loc 1 75 44 is_stmt 0 discriminator 3
  46 0026 94C3     		sw	a3,0(a5)
  47              		.loc 1 75 24 is_stmt 1 discriminator 3
  48              	.LVL4:
  49              		.loc 1 75 17 discriminator 3
  50              		.loc 1 75 5 is_stmt 0 discriminator 3
  51 0028 7D17     		addi	a4,a4,-1
  52              	.LVL5:
  53 002a 75FF     		bne	a4,zero,.L2
  54              		.loc 1 75 49 is_stmt 1 discriminator 4
  76:C:/Users/stapi/OneDrive/Desktop/GD32VW553/GD32VW55X_Wifi_BLE_SDK/GD32VW55x_RELEASE_V1.0.2/MSDK/plf/src\plf_assert.c **** 
  77:C:/Users/stapi/OneDrive/Desktop/GD32VW553/GD32VW55X_Wifi_BLE_SDK/GD32VW55x_RELEASE_V1.0.2/MSDK/plf/src\plf_assert.c ****     GLOBAL_INT_STOP();
  55              		.loc 1 77 5 discriminator 4
  56              	.LBB2:
  57              		.loc 1 77 5 discriminator 4
  58              		.loc 1 77 5 discriminator 4
  59              	 #APP
  60              	# 77 "C:/Users/stapi/OneDrive/Desktop/GD32VW553/GD32VW55X_Wifi_BLE_SDK/GD32VW55x_RELEASE_V1.0.2/MSD
  78              	
  61              		csrrci a4, mstatus, 8
  62              	# 0 "" 2
  63              	.LVL6:
  64              	 #NO_APP
  65              	.LBE2:
  77:C:/Users/stapi/OneDrive/Desktop/GD32VW553/GD32VW55X_Wifi_BLE_SDK/GD32VW55x_RELEASE_V1.0.2/MSDK/plf/src\plf_assert.c ****     GLOBAL_INT_STOP();
  66              		.loc 1 77 5 discriminator 4
  79:C:/Users/stapi/OneDrive/Desktop/GD32VW553/GD32VW55X_Wifi_BLE_SDK/GD32VW55x_RELEASE_V1.0.2/MSDK/plf/src\plf_assert.c ****     while(plf_asrt_block);
  67              		.loc 1 79 5 discriminator 4
  68              	.L3:
  69              		.loc 1 79 26 discriminator 1
  70              		.loc 1 79 10 discriminator 1
  71              		.loc 1 79 11 is_stmt 0 discriminator 1
  72 0030 9843     		lw	a4,0(a5)
  73              		.loc 1 79 10 discriminator 1
  74 0032 7DFF     		bne	a4,zero,.L3
  80:C:/Users/stapi/OneDrive/Desktop/GD32VW553/GD32VW55X_Wifi_BLE_SDK/GD32VW55x_RELEASE_V1.0.2/MSDK/plf/src\plf_assert.c **** }
  75              		.loc 1 80 1
  76 0034 17030000 		tail	__riscv_restore_0
  76      67000300 
  77              		.cfi_restore 1
  78              		.cfi_def_cfa_offset 0
  79              		.cfi_endproc
  80              	.LFE0:
  82              		.section	.rodata.plf_assert_param.str1.4,"aMS",@progbits,1
  83              		.align	2
  84              	.LC1:
  85 0000 41535345 		.string	"ASSERT ERROR: param0 0x%08x param1 0x%08x, in %s at line %d\r\n"
  85      52542045 
  85      52524F52 
  85      3A207061 
  85      72616D30 
  86              		.section	.text.plf_assert_param,"ax",@progbits
  87              		.align	1
  88              		.globl	plf_assert_param
  90              	plf_assert_param:
  91              	.LFB1:
  81:C:/Users/stapi/OneDrive/Desktop/GD32VW553/GD32VW55X_Wifi_BLE_SDK/GD32VW55x_RELEASE_V1.0.2/MSDK/plf/src\plf_assert.c **** 
  82:C:/Users/stapi/OneDrive/Desktop/GD32VW553/GD32VW55X_Wifi_BLE_SDK/GD32VW55x_RELEASE_V1.0.2/MSDK/plf/src\plf_assert.c **** void plf_assert_param(int param0, int param1, const char * file, int line)
  83:C:/Users/stapi/OneDrive/Desktop/GD32VW553/GD32VW55X_Wifi_BLE_SDK/GD32VW55x_RELEASE_V1.0.2/MSDK/plf/src\plf_assert.c **** {
  92              		.loc 1 83 1 is_stmt 1
  93              		.cfi_startproc
  94              	.LVL7:
  95 0000 17030000 		call	t0,__riscv_save_0
  95      E7020300 
  96              		.cfi_offset 1, -4
  97              		.cfi_def_cfa_offset 16
  84:C:/Users/stapi/OneDrive/Desktop/GD32VW553/GD32VW55X_Wifi_BLE_SDK/GD32VW55x_RELEASE_V1.0.2/MSDK/plf/src\plf_assert.c ****     int i;
  98              		.loc 1 84 5
  85:C:/Users/stapi/OneDrive/Desktop/GD32VW553/GD32VW55X_Wifi_BLE_SDK/GD32VW55x_RELEASE_V1.0.2/MSDK/plf/src\plf_assert.c **** 
  86:C:/Users/stapi/OneDrive/Desktop/GD32VW553/GD32VW55X_Wifi_BLE_SDK/GD32VW55x_RELEASE_V1.0.2/MSDK/plf/src\plf_assert.c ****     co_printf("ASSERT ERROR: param0 0x%08x param1 0x%08x, in %s at line %d\r\n", param0, param1, fi
  99              		.loc 1 86 5
  83:C:/Users/stapi/OneDrive/Desktop/GD32VW553/GD32VW55X_Wifi_BLE_SDK/GD32VW55x_RELEASE_V1.0.2/MSDK/plf/src\plf_assert.c ****     int i;
 100              		.loc 1 83 1 is_stmt 0
 101 0008 3687     		mv	a4,a3
 102              		.loc 1 86 5
 103 000a B286     		mv	a3,a2
 104              	.LVL8:
 105 000c 2E86     		mv	a2,a1
 106              	.LVL9:
 107 000e AA85     		mv	a1,a0
 108              	.LVL10:
 109 0010 37050000 		lui	a0,%hi(.LC1)
 110              	.LVL11:
 111 0014 13050500 		addi	a0,a0,%lo(.LC1)
 112 0018 97000000 		call	co_printf
 112      E7800000 
 113              	.LVL12:
  87:C:/Users/stapi/OneDrive/Desktop/GD32VW553/GD32VW55X_Wifi_BLE_SDK/GD32VW55x_RELEASE_V1.0.2/MSDK/plf/src\plf_assert.c **** 
  88:C:/Users/stapi/OneDrive/Desktop/GD32VW553/GD32VW55X_Wifi_BLE_SDK/GD32VW55x_RELEASE_V1.0.2/MSDK/plf/src\plf_assert.c ****     // Let time for the message transfer
  89:C:/Users/stapi/OneDrive/Desktop/GD32VW553/GD32VW55X_Wifi_BLE_SDK/GD32VW55x_RELEASE_V1.0.2/MSDK/plf/src\plf_assert.c ****     for (i = 0; i<2000;i++){plf_asrt_block = 1;};
 114              		.loc 1 89 5 is_stmt 1
 115              		.loc 1 89 17
 116              		.loc 1 89 44 is_stmt 0
 117 0020 B7070000 		lui	a5,%hi(.LANCHOR0)
  86:C:/Users/stapi/OneDrive/Desktop/GD32VW553/GD32VW55X_Wifi_BLE_SDK/GD32VW55x_RELEASE_V1.0.2/MSDK/plf/src\plf_assert.c **** 
 118              		.loc 1 86 5
 119 0024 1307007D 		li	a4,2000
 120              		.loc 1 89 44
 121 0028 93870700 		addi	a5,a5,%lo(.LANCHOR0)
 122 002c 8546     		li	a3,1
 123              	.LVL13:
 124              	.L8:
 125              		.loc 1 89 29 is_stmt 1 discriminator 3
 126              		.loc 1 89 44 is_stmt 0 discriminator 3
 127 002e 94C3     		sw	a3,0(a5)
 128              		.loc 1 89 24 is_stmt 1 discriminator 3
 129              	.LVL14:
 130              		.loc 1 89 17 discriminator 3
 131              		.loc 1 89 5 is_stmt 0 discriminator 3
 132 0030 7D17     		addi	a4,a4,-1
 133              	.LVL15:
 134 0032 75FF     		bne	a4,zero,.L8
 135              		.loc 1 89 49 is_stmt 1 discriminator 4
  90:C:/Users/stapi/OneDrive/Desktop/GD32VW553/GD32VW55X_Wifi_BLE_SDK/GD32VW55x_RELEASE_V1.0.2/MSDK/plf/src\plf_assert.c **** 
  91:C:/Users/stapi/OneDrive/Desktop/GD32VW553/GD32VW55X_Wifi_BLE_SDK/GD32VW55x_RELEASE_V1.0.2/MSDK/plf/src\plf_assert.c ****     GLOBAL_INT_STOP();
 136              		.loc 1 91 5 discriminator 4
 137              	.LBB3:
 138              		.loc 1 91 5 discriminator 4
 139              		.loc 1 91 5 discriminator 4
 140              	 #APP
 141              	# 91 "C:/Users/stapi/OneDrive/Desktop/GD32VW553/GD32VW55X_Wifi_BLE_SDK/GD32VW55x_RELEASE_V1.0.2/MSD
  92              	
 142              		csrrci a4, mstatus, 8
 143              	# 0 "" 2
 144              	.LVL16:
 145              	 #NO_APP
 146              	.LBE3:
  91:C:/Users/stapi/OneDrive/Desktop/GD32VW553/GD32VW55X_Wifi_BLE_SDK/GD32VW55x_RELEASE_V1.0.2/MSDK/plf/src\plf_assert.c ****     GLOBAL_INT_STOP();
 147              		.loc 1 91 5 discriminator 4
  93:C:/Users/stapi/OneDrive/Desktop/GD32VW553/GD32VW55X_Wifi_BLE_SDK/GD32VW55x_RELEASE_V1.0.2/MSDK/plf/src\plf_assert.c ****     while(plf_asrt_block);
 148              		.loc 1 93 5 discriminator 4
 149              	.L9:
 150              		.loc 1 93 26 discriminator 1
 151              		.loc 1 93 10 discriminator 1
 152              		.loc 1 93 11 is_stmt 0 discriminator 1
 153 0038 9843     		lw	a4,0(a5)
 154              		.loc 1 93 10 discriminator 1
 155 003a 7DFF     		bne	a4,zero,.L9
  94:C:/Users/stapi/OneDrive/Desktop/GD32VW553/GD32VW55X_Wifi_BLE_SDK/GD32VW55x_RELEASE_V1.0.2/MSDK/plf/src\plf_assert.c **** }
 156              		.loc 1 94 1
 157 003c 17030000 		tail	__riscv_restore_0
 157      67000300 
 158              		.cfi_restore 1
 159              		.cfi_def_cfa_offset 0
 160              		.cfi_endproc
 161              	.LFE1:
 163              		.section	.rodata.plf_assert_warn.str1.4,"aMS",@progbits,1
 164              		.align	2
 165              	.LC2:
 166 0000 41535345 		.string	"ASSERT WARNING: param0 0x%08x param1 0x%08x, in %s at line %d\r\n"
 166      52542057 
 166      41524E49 
 166      4E473A20 
 166      70617261 
 167              		.section	.text.plf_assert_warn,"ax",@progbits
 168              		.align	1
 169              		.globl	plf_assert_warn
 171              	plf_assert_warn:
 172              	.LFB2:
  95:C:/Users/stapi/OneDrive/Desktop/GD32VW553/GD32VW55X_Wifi_BLE_SDK/GD32VW55x_RELEASE_V1.0.2/MSDK/plf/src\plf_assert.c **** 
  96:C:/Users/stapi/OneDrive/Desktop/GD32VW553/GD32VW55X_Wifi_BLE_SDK/GD32VW55x_RELEASE_V1.0.2/MSDK/plf/src\plf_assert.c **** void plf_assert_warn(int param0, int param1, const char * file, int line)
  97:C:/Users/stapi/OneDrive/Desktop/GD32VW553/GD32VW55X_Wifi_BLE_SDK/GD32VW55x_RELEASE_V1.0.2/MSDK/plf/src\plf_assert.c **** {
 173              		.loc 1 97 1 is_stmt 1
 174              		.cfi_startproc
 175              	.LVL17:
  98:C:/Users/stapi/OneDrive/Desktop/GD32VW553/GD32VW55X_Wifi_BLE_SDK/GD32VW55x_RELEASE_V1.0.2/MSDK/plf/src\plf_assert.c ****     co_printf("ASSERT WARNING: param0 0x%08x param1 0x%08x, in %s at line %d\r\n", param0, param1, 
 176              		.loc 1 98 5
  97:C:/Users/stapi/OneDrive/Desktop/GD32VW553/GD32VW55X_Wifi_BLE_SDK/GD32VW55x_RELEASE_V1.0.2/MSDK/plf/src\plf_assert.c ****     co_printf("ASSERT WARNING: param0 0x%08x param1 0x%08x, in %s at line %d\r\n", param0, param1, 
 177              		.loc 1 97 1 is_stmt 0
 178 0000 3687     		mv	a4,a3
 179              		.loc 1 98 5
 180 0002 B286     		mv	a3,a2
 181              	.LVL18:
 182 0004 2E86     		mv	a2,a1
 183              	.LVL19:
 184 0006 AA85     		mv	a1,a0
 185              	.LVL20:
 186 0008 37050000 		lui	a0,%hi(.LC2)
 187              	.LVL21:
 188 000c 13050500 		addi	a0,a0,%lo(.LC2)
 189 0010 17030000 		tail	co_printf
 189      67000300 
 190              	.LVL22:
 191              		.cfi_endproc
 192              	.LFE2:
 194              		.section	.sdata.plf_asrt_block,"aw"
 195              		.align	2
 196              		.set	.LANCHOR0,. + 0
 199              	plf_asrt_block:
 200 0000 01000000 		.word	1
 201              		.text
 202              	.Letext0:
 203              		.file 2 "..\\..\\..\\..\\util\\include/debug_print.h"
DEFINED SYMBOLS
                            *ABS*:0000000000000000 plf_assert.c
C:\Users\stapi\AppData\Local\Temp\cccbR5Kw.s:17     .text.plf_assert_err:0000000000000000 plf_assert_err
C:\Users\stapi\AppData\Local\Temp\cccbR5Kw.s:21     .text.plf_assert_err:0000000000000000 .L0 
C:\Users\stapi\AppData\Local\Temp\cccbR5Kw.s:23     .text.plf_assert_err:0000000000000000 .L0 
C:\Users\stapi\AppData\Local\Temp\cccbR5Kw.s:24     .text.plf_assert_err:0000000000000008 .L0 
C:\Users\stapi\AppData\Local\Temp\cccbR5Kw.s:25     .text.plf_assert_err:0000000000000008 .L0 
C:\Users\stapi\AppData\Local\Temp\cccbR5Kw.s:27     .text.plf_assert_err:0000000000000008 .L0 
C:\Users\stapi\AppData\Local\Temp\cccbR5Kw.s:28     .text.plf_assert_err:0000000000000008 .L0 
C:\Users\stapi\AppData\Local\Temp\cccbR5Kw.s:34     .text.plf_assert_err:0000000000000018 .L0 
C:\Users\stapi\AppData\Local\Temp\cccbR5Kw.s:35     .text.plf_assert_err:0000000000000018 .L0 
C:\Users\stapi\AppData\Local\Temp\cccbR5Kw.s:36     .text.plf_assert_err:0000000000000018 .L0 
C:\Users\stapi\AppData\Local\Temp\cccbR5Kw.s:38     .text.plf_assert_err:000000000000001c .L0 
C:\Users\stapi\AppData\Local\Temp\cccbR5Kw.s:40     .text.plf_assert_err:0000000000000020 .L0 
C:\Users\stapi\AppData\Local\Temp\cccbR5Kw.s:45     .text.plf_assert_err:0000000000000026 .L0 
C:\Users\stapi\AppData\Local\Temp\cccbR5Kw.s:46     .text.plf_assert_err:0000000000000026 .L0 
C:\Users\stapi\AppData\Local\Temp\cccbR5Kw.s:49     .text.plf_assert_err:0000000000000028 .L0 
C:\Users\stapi\AppData\Local\Temp\cccbR5Kw.s:50     .text.plf_assert_err:0000000000000028 .L0 
C:\Users\stapi\AppData\Local\Temp\cccbR5Kw.s:51     .text.plf_assert_err:0000000000000028 .L0 
C:\Users\stapi\AppData\Local\Temp\cccbR5Kw.s:55     .text.plf_assert_err:000000000000002c .L0 
C:\Users\stapi\AppData\Local\Temp\cccbR5Kw.s:57     .text.plf_assert_err:000000000000002c .L0 
C:\Users\stapi\AppData\Local\Temp\cccbR5Kw.s:58     .text.plf_assert_err:000000000000002c .L0 
C:/Users/stapi/OneDrive/Desktop/GD32VW553/GD32VW55X_Wifi_BLE_SDK/GD32VW55x_RELEASE_V1.0.2/MSDK/plf/src\plf_assert.c:77     .text.plf_assert_err:000000000000002c .L0 
C:\Users\stapi\AppData\Local\Temp\cccbR5Kw.s:67     .text.plf_assert_err:0000000000000030 .L0 
C:\Users\stapi\AppData\Local\Temp\cccbR5Kw.s:69     .text.plf_assert_err:0000000000000030 .L0 
C:\Users\stapi\AppData\Local\Temp\cccbR5Kw.s:70     .text.plf_assert_err:0000000000000030 .L0 
C:\Users\stapi\AppData\Local\Temp\cccbR5Kw.s:71     .text.plf_assert_err:0000000000000030 .L0 
C:\Users\stapi\AppData\Local\Temp\cccbR5Kw.s:72     .text.plf_assert_err:0000000000000030 .L0 
C:\Users\stapi\AppData\Local\Temp\cccbR5Kw.s:74     .text.plf_assert_err:0000000000000032 .L0 
C:\Users\stapi\AppData\Local\Temp\cccbR5Kw.s:76     .text.plf_assert_err:0000000000000034 .L0 
C:\Users\stapi\AppData\Local\Temp\cccbR5Kw.s:77     .text.plf_assert_err:000000000000003c .L0 
C:\Users\stapi\AppData\Local\Temp\cccbR5Kw.s:78     .text.plf_assert_err:000000000000003c .L0 
C:\Users\stapi\AppData\Local\Temp\cccbR5Kw.s:79     .text.plf_assert_err:000000000000003c .L0 
C:\Users\stapi\AppData\Local\Temp\cccbR5Kw.s:90     .text.plf_assert_param:0000000000000000 plf_assert_param
C:\Users\stapi\AppData\Local\Temp\cccbR5Kw.s:93     .text.plf_assert_param:0000000000000000 .L0 
C:\Users\stapi\AppData\Local\Temp\cccbR5Kw.s:95     .text.plf_assert_param:0000000000000000 .L0 
C:\Users\stapi\AppData\Local\Temp\cccbR5Kw.s:96     .text.plf_assert_param:0000000000000008 .L0 
C:\Users\stapi\AppData\Local\Temp\cccbR5Kw.s:97     .text.plf_assert_param:0000000000000008 .L0 
C:\Users\stapi\AppData\Local\Temp\cccbR5Kw.s:99     .text.plf_assert_param:0000000000000008 .L0 
C:\Users\stapi\AppData\Local\Temp\cccbR5Kw.s:100    .text.plf_assert_param:0000000000000008 .L0 
C:\Users\stapi\AppData\Local\Temp\cccbR5Kw.s:101    .text.plf_assert_param:0000000000000008 .L0 
C:\Users\stapi\AppData\Local\Temp\cccbR5Kw.s:103    .text.plf_assert_param:000000000000000a .L0 
C:\Users\stapi\AppData\Local\Temp\cccbR5Kw.s:115    .text.plf_assert_param:0000000000000020 .L0 
C:\Users\stapi\AppData\Local\Temp\cccbR5Kw.s:116    .text.plf_assert_param:0000000000000020 .L0 
C:\Users\stapi\AppData\Local\Temp\cccbR5Kw.s:117    .text.plf_assert_param:0000000000000020 .L0 
C:\Users\stapi\AppData\Local\Temp\cccbR5Kw.s:119    .text.plf_assert_param:0000000000000024 .L0 
C:\Users\stapi\AppData\Local\Temp\cccbR5Kw.s:121    .text.plf_assert_param:0000000000000028 .L0 
C:\Users\stapi\AppData\Local\Temp\cccbR5Kw.s:126    .text.plf_assert_param:000000000000002e .L0 
C:\Users\stapi\AppData\Local\Temp\cccbR5Kw.s:127    .text.plf_assert_param:000000000000002e .L0 
C:\Users\stapi\AppData\Local\Temp\cccbR5Kw.s:130    .text.plf_assert_param:0000000000000030 .L0 
C:\Users\stapi\AppData\Local\Temp\cccbR5Kw.s:131    .text.plf_assert_param:0000000000000030 .L0 
C:\Users\stapi\AppData\Local\Temp\cccbR5Kw.s:132    .text.plf_assert_param:0000000000000030 .L0 
C:\Users\stapi\AppData\Local\Temp\cccbR5Kw.s:136    .text.plf_assert_param:0000000000000034 .L0 
C:\Users\stapi\AppData\Local\Temp\cccbR5Kw.s:138    .text.plf_assert_param:0000000000000034 .L0 
C:\Users\stapi\AppData\Local\Temp\cccbR5Kw.s:139    .text.plf_assert_param:0000000000000034 .L0 
C:/Users/stapi/OneDrive/Desktop/GD32VW553/GD32VW55X_Wifi_BLE_SDK/GD32VW55x_RELEASE_V1.0.2/MSDK/plf/src\plf_assert.c:91     .text.plf_assert_param:0000000000000034 .L0 
C:\Users\stapi\AppData\Local\Temp\cccbR5Kw.s:148    .text.plf_assert_param:0000000000000038 .L0 
C:\Users\stapi\AppData\Local\Temp\cccbR5Kw.s:150    .text.plf_assert_param:0000000000000038 .L0 
C:\Users\stapi\AppData\Local\Temp\cccbR5Kw.s:151    .text.plf_assert_param:0000000000000038 .L0 
C:\Users\stapi\AppData\Local\Temp\cccbR5Kw.s:152    .text.plf_assert_param:0000000000000038 .L0 
C:\Users\stapi\AppData\Local\Temp\cccbR5Kw.s:153    .text.plf_assert_param:0000000000000038 .L0 
C:\Users\stapi\AppData\Local\Temp\cccbR5Kw.s:155    .text.plf_assert_param:000000000000003a .L0 
C:\Users\stapi\AppData\Local\Temp\cccbR5Kw.s:157    .text.plf_assert_param:000000000000003c .L0 
C:\Users\stapi\AppData\Local\Temp\cccbR5Kw.s:158    .text.plf_assert_param:0000000000000044 .L0 
C:\Users\stapi\AppData\Local\Temp\cccbR5Kw.s:159    .text.plf_assert_param:0000000000000044 .L0 
C:\Users\stapi\AppData\Local\Temp\cccbR5Kw.s:160    .text.plf_assert_param:0000000000000044 .L0 
C:\Users\stapi\AppData\Local\Temp\cccbR5Kw.s:171    .text.plf_assert_warn:0000000000000000 plf_assert_warn
C:\Users\stapi\AppData\Local\Temp\cccbR5Kw.s:174    .text.plf_assert_warn:0000000000000000 .L0 
C:\Users\stapi\AppData\Local\Temp\cccbR5Kw.s:176    .text.plf_assert_warn:0000000000000000 .L0 
C:\Users\stapi\AppData\Local\Temp\cccbR5Kw.s:177    .text.plf_assert_warn:0000000000000000 .L0 
C:\Users\stapi\AppData\Local\Temp\cccbR5Kw.s:178    .text.plf_assert_warn:0000000000000000 .L0 
C:\Users\stapi\AppData\Local\Temp\cccbR5Kw.s:180    .text.plf_assert_warn:0000000000000002 .L0 
C:\Users\stapi\AppData\Local\Temp\cccbR5Kw.s:191    .text.plf_assert_warn:0000000000000018 .L0 
C:\Users\stapi\AppData\Local\Temp\cccbR5Kw.s:196    .sdata.plf_asrt_block:0000000000000000 .LANCHOR0
C:\Users\stapi\AppData\Local\Temp\cccbR5Kw.s:199    .sdata.plf_asrt_block:0000000000000000 plf_asrt_block
C:\Users\stapi\AppData\Local\Temp\cccbR5Kw.s:82     .text.plf_assert_err:000000000000003c .L0 
C:\Users\stapi\AppData\Local\Temp\cccbR5Kw.s:163    .text.plf_assert_param:0000000000000044 .L0 
C:\Users\stapi\AppData\Local\Temp\cccbR5Kw.s:194    .text.plf_assert_warn:0000000000000018 .L0 
                     .debug_frame:0000000000000000 .L0 
C:\Users\stapi\AppData\Local\Temp\cccbR5Kw.s:11     .rodata.plf_assert_err.str1.4:0000000000000000 .LC0
C:\Users\stapi\AppData\Local\Temp\cccbR5Kw.s:43     .text.plf_assert_err:0000000000000026 .L2
C:\Users\stapi\AppData\Local\Temp\cccbR5Kw.s:68     .text.plf_assert_err:0000000000000030 .L3
C:\Users\stapi\AppData\Local\Temp\cccbR5Kw.s:84     .rodata.plf_assert_param.str1.4:0000000000000000 .LC1
C:\Users\stapi\AppData\Local\Temp\cccbR5Kw.s:124    .text.plf_assert_param:000000000000002e .L8
C:\Users\stapi\AppData\Local\Temp\cccbR5Kw.s:149    .text.plf_assert_param:0000000000000038 .L9
C:\Users\stapi\AppData\Local\Temp\cccbR5Kw.s:165    .rodata.plf_assert_warn.str1.4:0000000000000000 .LC2
C:\Users\stapi\AppData\Local\Temp\cccbR5Kw.s:532    .debug_abbrev:0000000000000000 .Ldebug_abbrev0
C:\Users\stapi\AppData\Local\Temp\cccbR5Kw.s:1049   .debug_str:00000000000000bb .LASF20
C:\Users\stapi\AppData\Local\Temp\cccbR5Kw.s:1075   .debug_str:000000000000024f .LASF21
C:\Users\stapi\AppData\Local\Temp\cccbR5Kw.s:1047   .debug_str:000000000000003d .LASF22
C:\Users\stapi\AppData\Local\Temp\cccbR5Kw.s:1025   .debug_ranges:0000000000000000 .Ldebug_ranges0
C:\Users\stapi\AppData\Local\Temp\cccbR5Kw.s:1035   .debug_line:0000000000000000 .Ldebug_line0
C:\Users\stapi\AppData\Local\Temp\cccbR5Kw.s:1081   .debug_str:00000000000002d4 .LASF0
C:\Users\stapi\AppData\Local\Temp\cccbR5Kw.s:1045   .debug_str:000000000000002f .LASF1
C:\Users\stapi\AppData\Local\Temp\cccbR5Kw.s:1073   .debug_str:0000000000000245 .LASF2
C:\Users\stapi\AppData\Local\Temp\cccbR5Kw.s:1051   .debug_str:00000000000001b4 .LASF3
C:\Users\stapi\AppData\Local\Temp\cccbR5Kw.s:1079   .debug_str:00000000000002cb .LASF4
C:\Users\stapi\AppData\Local\Temp\cccbR5Kw.s:1053   .debug_str:00000000000001c7 .LASF5
C:\Users\stapi\AppData\Local\Temp\cccbR5Kw.s:1067   .debug_str:000000000000022b .LASF6
C:\Users\stapi\AppData\Local\Temp\cccbR5Kw.s:1063   .debug_str:000000000000020f .LASF7
C:\Users\stapi\AppData\Local\Temp\cccbR5Kw.s:1059   .debug_str:00000000000001f3 .LASF8
C:\Users\stapi\AppData\Local\Temp\cccbR5Kw.s:1041   .debug_str:000000000000001b .LASF16
C:\Users\stapi\AppData\Local\Temp\cccbR5Kw.s:1055   .debug_str:00000000000001d9 .LASF14
C:\Users\stapi\AppData\Local\Temp\cccbR5Kw.s:172    .text.plf_assert_warn:0000000000000000 .LFB2
C:\Users\stapi\AppData\Local\Temp\cccbR5Kw.s:192    .text.plf_assert_warn:0000000000000018 .LFE2
C:\Users\stapi\AppData\Local\Temp\cccbR5Kw.s:1071   .debug_str:000000000000023e .LASF9
C:\Users\stapi\AppData\Local\Temp\cccbR5Kw.s:752    .debug_loc:0000000000000000 .LLST9
C:\Users\stapi\AppData\Local\Temp\cccbR5Kw.s:1083   .debug_str:00000000000002e0 .LASF10
C:\Users\stapi\AppData\Local\Temp\cccbR5Kw.s:770    .debug_loc:000000000000002c .LLST10
C:\Users\stapi\AppData\Local\Temp\cccbR5Kw.s:1043   .debug_str:000000000000002a .LASF11
C:\Users\stapi\AppData\Local\Temp\cccbR5Kw.s:788    .debug_loc:0000000000000058 .LLST11
C:\Users\stapi\AppData\Local\Temp\cccbR5Kw.s:1065   .debug_str:0000000000000226 .LASF12
C:\Users\stapi\AppData\Local\Temp\cccbR5Kw.s:806    .debug_loc:0000000000000084 .LLST12
C:\Users\stapi\AppData\Local\Temp\cccbR5Kw.s:190    .text.plf_assert_warn:0000000000000018 .LVL22
C:\Users\stapi\AppData\Local\Temp\cccbR5Kw.s:1069   .debug_str:0000000000000239 .LASF13
C:\Users\stapi\AppData\Local\Temp\cccbR5Kw.s:1039   .debug_str:000000000000000a .LASF15
C:\Users\stapi\AppData\Local\Temp\cccbR5Kw.s:91     .text.plf_assert_param:0000000000000000 .LFB1
C:\Users\stapi\AppData\Local\Temp\cccbR5Kw.s:161    .text.plf_assert_param:0000000000000044 .LFE1
C:\Users\stapi\AppData\Local\Temp\cccbR5Kw.s:824    .debug_loc:00000000000000b0 .LLST4
C:\Users\stapi\AppData\Local\Temp\cccbR5Kw.s:842    .debug_loc:00000000000000dc .LLST5
C:\Users\stapi\AppData\Local\Temp\cccbR5Kw.s:860    .debug_loc:0000000000000108 .LLST6
C:\Users\stapi\AppData\Local\Temp\cccbR5Kw.s:878    .debug_loc:0000000000000134 .LLST7
C:\Users\stapi\AppData\Local\Temp\cccbR5Kw.s:896    .debug_loc:0000000000000160 .LLST8
C:\Users\stapi\AppData\Local\Temp\cccbR5Kw.s:137    .text.plf_assert_param:0000000000000034 .LBB3
C:\Users\stapi\AppData\Local\Temp\cccbR5Kw.s:146    .text.plf_assert_param:0000000000000038 .LBE3
C:\Users\stapi\AppData\Local\Temp\cccbR5Kw.s:1077   .debug_str:00000000000002c3 .LASF19
C:\Users\stapi\AppData\Local\Temp\cccbR5Kw.s:113    .text.plf_assert_param:0000000000000020 .LVL12
C:\Users\stapi\AppData\Local\Temp\cccbR5Kw.s:1061   .debug_str:0000000000000200 .LASF17
C:\Users\stapi\AppData\Local\Temp\cccbR5Kw.s:18     .text.plf_assert_err:0000000000000000 .LFB0
C:\Users\stapi\AppData\Local\Temp\cccbR5Kw.s:80     .text.plf_assert_err:000000000000003c .LFE0
C:\Users\stapi\AppData\Local\Temp\cccbR5Kw.s:1057   .debug_str:00000000000001e9 .LASF18
C:\Users\stapi\AppData\Local\Temp\cccbR5Kw.s:931    .debug_loc:00000000000001a7 .LLST0
C:\Users\stapi\AppData\Local\Temp\cccbR5Kw.s:945    .debug_loc:00000000000001c8 .LLST1
C:\Users\stapi\AppData\Local\Temp\cccbR5Kw.s:959    .debug_loc:00000000000001e9 .LLST2
C:\Users\stapi\AppData\Local\Temp\cccbR5Kw.s:973    .debug_loc:000000000000020a .LLST3
C:\Users\stapi\AppData\Local\Temp\cccbR5Kw.s:56     .text.plf_assert_err:000000000000002c .LBB2
C:\Users\stapi\AppData\Local\Temp\cccbR5Kw.s:65     .text.plf_assert_err:0000000000000030 .LBE2
C:\Users\stapi\AppData\Local\Temp\cccbR5Kw.s:32     .text.plf_assert_err:0000000000000018 .LVL2
C:\Users\stapi\AppData\Local\Temp\cccbR5Kw.s:1037   .debug_str:0000000000000000 .LASF23
C:\Users\stapi\AppData\Local\Temp\cccbR5Kw.s:175    .text.plf_assert_warn:0000000000000000 .LVL17
C:\Users\stapi\AppData\Local\Temp\cccbR5Kw.s:187    .text.plf_assert_warn:000000000000000c .LVL21
C:\Users\stapi\AppData\Local\Temp\cccbR5Kw.s:185    .text.plf_assert_warn:0000000000000008 .LVL20
C:\Users\stapi\AppData\Local\Temp\cccbR5Kw.s:183    .text.plf_assert_warn:0000000000000006 .LVL19
C:\Users\stapi\AppData\Local\Temp\cccbR5Kw.s:181    .text.plf_assert_warn:0000000000000004 .LVL18
C:\Users\stapi\AppData\Local\Temp\cccbR5Kw.s:94     .text.plf_assert_param:0000000000000000 .LVL7
C:\Users\stapi\AppData\Local\Temp\cccbR5Kw.s:110    .text.plf_assert_param:0000000000000014 .LVL11
C:\Users\stapi\AppData\Local\Temp\cccbR5Kw.s:108    .text.plf_assert_param:0000000000000010 .LVL10
C:\Users\stapi\AppData\Local\Temp\cccbR5Kw.s:106    .text.plf_assert_param:000000000000000e .LVL9
C:\Users\stapi\AppData\Local\Temp\cccbR5Kw.s:104    .text.plf_assert_param:000000000000000c .LVL8
C:\Users\stapi\AppData\Local\Temp\cccbR5Kw.s:123    .text.plf_assert_param:000000000000002e .LVL13
C:\Users\stapi\AppData\Local\Temp\cccbR5Kw.s:129    .text.plf_assert_param:0000000000000030 .LVL14
C:\Users\stapi\AppData\Local\Temp\cccbR5Kw.s:133    .text.plf_assert_param:0000000000000032 .LVL15
C:\Users\stapi\AppData\Local\Temp\cccbR5Kw.s:144    .text.plf_assert_param:0000000000000038 .LVL16
C:\Users\stapi\AppData\Local\Temp\cccbR5Kw.s:22     .text.plf_assert_err:0000000000000000 .LVL0
C:\Users\stapi\AppData\Local\Temp\cccbR5Kw.s:29     .text.plf_assert_err:000000000000000c .LVL1
C:\Users\stapi\AppData\Local\Temp\cccbR5Kw.s:42     .text.plf_assert_err:0000000000000026 .LVL3
C:\Users\stapi\AppData\Local\Temp\cccbR5Kw.s:48     .text.plf_assert_err:0000000000000028 .LVL4
C:\Users\stapi\AppData\Local\Temp\cccbR5Kw.s:52     .text.plf_assert_err:000000000000002a .LVL5
C:\Users\stapi\AppData\Local\Temp\cccbR5Kw.s:63     .text.plf_assert_err:0000000000000030 .LVL6
C:\Users\stapi\AppData\Local\Temp\cccbR5Kw.s:205    .debug_info:0000000000000000 .Ldebug_info0

UNDEFINED SYMBOLS
__riscv_save_0
co_printf
__riscv_restore_0
