   1              		.file	"ethip6.c"
   2              		.option nopic
   3              		.attribute arch, "rv32i2p0_m2p0_a2p0_f2p0_c2p0_b_p0p94"
   4              		.attribute unaligned_access, 0
   5              		.attribute stack_align, 16
   6              		.text
   7              	.Ltext0:
   8              		.cfi_sections	.debug_frame
   9              	.Letext0:
DEFINED SYMBOLS
                            *ABS*:0000000000000000 ethip6.c
C:\Users\stapi\AppData\Local\Temp\cc9ngynj.s:68     .debug_abbrev:0000000000000000 .Ldebug_abbrev0
C:\Users\stapi\AppData\Local\Temp\cc9ngynj.s:138    .debug_str:0000000000000187 .LASF10
C:\Users\stapi\AppData\Local\Temp\cc9ngynj.s:136    .debug_str:00000000000000f6 .LASF11
C:\Users\stapi\AppData\Local\Temp\cc9ngynj.s:124    .debug_str:000000000000001f .LASF12
C:\Users\stapi\AppData\Local\Temp\cc9ngynj.s:118    .debug_line:0000000000000000 .Ldebug_line0
C:\Users\stapi\AppData\Local\Temp\cc9ngynj.s:128    .debug_str:00000000000000b6 .LASF0
C:\Users\stapi\AppData\Local\Temp\cc9ngynj.s:126    .debug_str:00000000000000a8 .LASF1
C:\Users\stapi\AppData\Local\Temp\cc9ngynj.s:132    .debug_str:00000000000000d5 .LASF2
C:\Users\stapi\AppData\Local\Temp\cc9ngynj.s:130    .debug_str:00000000000000c2 .LASF3
C:\Users\stapi\AppData\Local\Temp\cc9ngynj.s:140    .debug_str:0000000000000280 .LASF4
C:\Users\stapi\AppData\Local\Temp\cc9ngynj.s:122    .debug_str:000000000000000d .LASF5
C:\Users\stapi\AppData\Local\Temp\cc9ngynj.s:144    .debug_str:000000000000028e .LASF6
C:\Users\stapi\AppData\Local\Temp\cc9ngynj.s:134    .debug_str:00000000000000df .LASF7
C:\Users\stapi\AppData\Local\Temp\cc9ngynj.s:120    .debug_str:0000000000000000 .LASF8
C:\Users\stapi\AppData\Local\Temp\cc9ngynj.s:142    .debug_str:0000000000000289 .LASF9
C:\Users\stapi\AppData\Local\Temp\cc9ngynj.s:11     .debug_info:0000000000000000 .Ldebug_info0

NO UNDEFINED SYMBOLS
