   1              		.file	"icmp6.c"
   2              		.option nopic
   3              		.attribute arch, "rv32i2p0_m2p0_a2p0_f2p0_c2p0_b_p0p94"
   4              		.attribute unaligned_access, 0
   5              		.attribute stack_align, 16
   6              		.text
   7              	.Ltext0:
   8              		.cfi_sections	.debug_frame
   9              	.Letext0:
DEFINED SYMBOLS
                            *ABS*:0000000000000000 icmp6.c
C:\Users\stapi\AppData\Local\Temp\ccVGSIMR.s:68     .debug_abbrev:0000000000000000 .Ldebug_abbrev0
C:\Users\stapi\AppData\Local\Temp\ccVGSIMR.s:124    .debug_str:000000000000001f .LASF10
C:\Users\stapi\AppData\Local\Temp\ccVGSIMR.s:126    .debug_str:0000000000000118 .LASF11
C:\Users\stapi\AppData\Local\Temp\ccVGSIMR.s:136    .debug_str:00000000000001e8 .LASF12
C:\Users\stapi\AppData\Local\Temp\ccVGSIMR.s:118    .debug_line:0000000000000000 .Ldebug_line0
C:\Users\stapi\AppData\Local\Temp\ccVGSIMR.s:128    .debug_str:00000000000001a8 .LASF0
C:\Users\stapi\AppData\Local\Temp\ccVGSIMR.s:138    .debug_str:0000000000000271 .LASF1
C:\Users\stapi\AppData\Local\Temp\ccVGSIMR.s:132    .debug_str:00000000000001c7 .LASF2
C:\Users\stapi\AppData\Local\Temp\ccVGSIMR.s:130    .debug_str:00000000000001b4 .LASF3
C:\Users\stapi\AppData\Local\Temp\ccVGSIMR.s:140    .debug_str:000000000000027f .LASF4
C:\Users\stapi\AppData\Local\Temp\ccVGSIMR.s:122    .debug_str:000000000000000d .LASF5
C:\Users\stapi\AppData\Local\Temp\ccVGSIMR.s:144    .debug_str:000000000000028d .LASF6
C:\Users\stapi\AppData\Local\Temp\ccVGSIMR.s:134    .debug_str:00000000000001d1 .LASF7
C:\Users\stapi\AppData\Local\Temp\ccVGSIMR.s:120    .debug_str:0000000000000000 .LASF8
C:\Users\stapi\AppData\Local\Temp\ccVGSIMR.s:142    .debug_str:0000000000000288 .LASF9
C:\Users\stapi\AppData\Local\Temp\ccVGSIMR.s:11     .debug_info:0000000000000000 .Ldebug_info0

NO UNDEFINED SYMBOLS
