   1              		.file	"mld6.c"
   2              		.option nopic
   3              		.attribute arch, "rv32i2p0_m2p0_a2p0_f2p0_c2p0_b_p0p94"
   4              		.attribute unaligned_access, 0
   5              		.attribute stack_align, 16
   6              		.text
   7              	.Ltext0:
   8              		.cfi_sections	.debug_frame
   9              	.Letext0:
DEFINED SYMBOLS
                            *ABS*:0000000000000000 mld6.c
C:\Users\stapi\AppData\Local\Temp\ccpgLNtf.s:68     .debug_abbrev:0000000000000000 .Ldebug_abbrev0
C:\Users\stapi\AppData\Local\Temp\ccpgLNtf.s:124    .debug_str:000000000000001f .LASF10
C:\Users\stapi\AppData\Local\Temp\ccpgLNtf.s:140    .debug_str:00000000000001f8 .LASF11
C:\Users\stapi\AppData\Local\Temp\ccpgLNtf.s:134    .debug_str:0000000000000158 .LASF12
C:\Users\stapi\AppData\Local\Temp\ccpgLNtf.s:118    .debug_line:0000000000000000 .Ldebug_line0
C:\Users\stapi\AppData\Local\Temp\ccpgLNtf.s:126    .debug_str:0000000000000118 .LASF0
C:\Users\stapi\AppData\Local\Temp\ccpgLNtf.s:136    .debug_str:00000000000001e1 .LASF1
C:\Users\stapi\AppData\Local\Temp\ccpgLNtf.s:130    .debug_str:0000000000000137 .LASF2
C:\Users\stapi\AppData\Local\Temp\ccpgLNtf.s:128    .debug_str:0000000000000124 .LASF3
C:\Users\stapi\AppData\Local\Temp\ccpgLNtf.s:138    .debug_str:00000000000001ef .LASF4
C:\Users\stapi\AppData\Local\Temp\ccpgLNtf.s:122    .debug_str:000000000000000d .LASF5
C:\Users\stapi\AppData\Local\Temp\ccpgLNtf.s:144    .debug_str:000000000000028c .LASF6
C:\Users\stapi\AppData\Local\Temp\ccpgLNtf.s:132    .debug_str:0000000000000141 .LASF7
C:\Users\stapi\AppData\Local\Temp\ccpgLNtf.s:120    .debug_str:0000000000000000 .LASF8
C:\Users\stapi\AppData\Local\Temp\ccpgLNtf.s:142    .debug_str:0000000000000287 .LASF9
C:\Users\stapi\AppData\Local\Temp\ccpgLNtf.s:11     .debug_info:0000000000000000 .Ldebug_info0

NO UNDEFINED SYMBOLS
