   1              		.file	"ffsystem.c"
   2              		.option nopic
   3              		.attribute arch, "rv32i2p0_m2p0_a2p0_f2p0_c2p0_b_p0p94"
   4              		.attribute unaligned_access, 0
   5              		.attribute stack_align, 16
   6              		.text
   7              	.Ltext0:
   8              		.cfi_sections	.debug_frame
   9              		.section	.text.ff_memalloc,"ax",@progbits
  10              		.align	1
  11              		.globl	ff_memalloc
  13              	ff_memalloc:
  14              	.LFB0:
  15              		.file 1 "C:/Users/stapi/OneDrive/Desktop/GD32VW553/V1_MQTT_OK/GD32VW55X_Wifi_BLE_SDK/GD32VW55x_REL
   1:C:/Users/stapi/OneDrive/Desktop/GD32VW553/V1_MQTT_OK/GD32VW55X_Wifi_BLE_SDK/GD32VW55x_RELEASE_V1.0.2/MSDK/FatFS/src\ffsystem.c **** /*------------------------------------------------------------------------*/
   2:C:/Users/stapi/OneDrive/Desktop/GD32VW553/V1_MQTT_OK/GD32VW55X_Wifi_BLE_SDK/GD32VW55x_RELEASE_V1.0.2/MSDK/FatFS/src\ffsystem.c **** /* Sample Code of OS Dependent Functions for FatFs                        */
   3:C:/Users/stapi/OneDrive/Desktop/GD32VW553/V1_MQTT_OK/GD32VW55X_Wifi_BLE_SDK/GD32VW55x_RELEASE_V1.0.2/MSDK/FatFS/src\ffsystem.c **** /* (C)ChaN, 2018                                                          */
   4:C:/Users/stapi/OneDrive/Desktop/GD32VW553/V1_MQTT_OK/GD32VW55X_Wifi_BLE_SDK/GD32VW55x_RELEASE_V1.0.2/MSDK/FatFS/src\ffsystem.c **** /*------------------------------------------------------------------------*/
   5:C:/Users/stapi/OneDrive/Desktop/GD32VW553/V1_MQTT_OK/GD32VW55X_Wifi_BLE_SDK/GD32VW55x_RELEASE_V1.0.2/MSDK/FatFS/src\ffsystem.c **** 
   6:C:/Users/stapi/OneDrive/Desktop/GD32VW553/V1_MQTT_OK/GD32VW55X_Wifi_BLE_SDK/GD32VW55x_RELEASE_V1.0.2/MSDK/FatFS/src\ffsystem.c **** /*!
   7:C:/Users/stapi/OneDrive/Desktop/GD32VW553/V1_MQTT_OK/GD32VW55X_Wifi_BLE_SDK/GD32VW55x_RELEASE_V1.0.2/MSDK/FatFS/src\ffsystem.c ****     \file    ffsystem.c
   8:C:/Users/stapi/OneDrive/Desktop/GD32VW553/V1_MQTT_OK/GD32VW55X_Wifi_BLE_SDK/GD32VW55x_RELEASE_V1.0.2/MSDK/FatFS/src\ffsystem.c ****     \brief   fatfs system file
   9:C:/Users/stapi/OneDrive/Desktop/GD32VW553/V1_MQTT_OK/GD32VW55X_Wifi_BLE_SDK/GD32VW55x_RELEASE_V1.0.2/MSDK/FatFS/src\ffsystem.c **** 
  10:C:/Users/stapi/OneDrive/Desktop/GD32VW553/V1_MQTT_OK/GD32VW55X_Wifi_BLE_SDK/GD32VW55x_RELEASE_V1.0.2/MSDK/FatFS/src\ffsystem.c ****     \version 2024-05-30, V1.0.0, firmware for GD32VW55x
  11:C:/Users/stapi/OneDrive/Desktop/GD32VW553/V1_MQTT_OK/GD32VW55X_Wifi_BLE_SDK/GD32VW55x_RELEASE_V1.0.2/MSDK/FatFS/src\ffsystem.c **** */
  12:C:/Users/stapi/OneDrive/Desktop/GD32VW553/V1_MQTT_OK/GD32VW55X_Wifi_BLE_SDK/GD32VW55x_RELEASE_V1.0.2/MSDK/FatFS/src\ffsystem.c **** 
  13:C:/Users/stapi/OneDrive/Desktop/GD32VW553/V1_MQTT_OK/GD32VW55X_Wifi_BLE_SDK/GD32VW55x_RELEASE_V1.0.2/MSDK/FatFS/src\ffsystem.c **** /*
  14:C:/Users/stapi/OneDrive/Desktop/GD32VW553/V1_MQTT_OK/GD32VW55X_Wifi_BLE_SDK/GD32VW55x_RELEASE_V1.0.2/MSDK/FatFS/src\ffsystem.c ****     Copyright (c) 2024, GigaDevice Semiconductor Inc.
  15:C:/Users/stapi/OneDrive/Desktop/GD32VW553/V1_MQTT_OK/GD32VW55X_Wifi_BLE_SDK/GD32VW55x_RELEASE_V1.0.2/MSDK/FatFS/src\ffsystem.c **** 
  16:C:/Users/stapi/OneDrive/Desktop/GD32VW553/V1_MQTT_OK/GD32VW55X_Wifi_BLE_SDK/GD32VW55x_RELEASE_V1.0.2/MSDK/FatFS/src\ffsystem.c ****     Redistribution and use in source and binary forms, with or without modification,
  17:C:/Users/stapi/OneDrive/Desktop/GD32VW553/V1_MQTT_OK/GD32VW55X_Wifi_BLE_SDK/GD32VW55x_RELEASE_V1.0.2/MSDK/FatFS/src\ffsystem.c **** are permitted provided that the following conditions are met:
  18:C:/Users/stapi/OneDrive/Desktop/GD32VW553/V1_MQTT_OK/GD32VW55X_Wifi_BLE_SDK/GD32VW55x_RELEASE_V1.0.2/MSDK/FatFS/src\ffsystem.c **** 
  19:C:/Users/stapi/OneDrive/Desktop/GD32VW553/V1_MQTT_OK/GD32VW55X_Wifi_BLE_SDK/GD32VW55x_RELEASE_V1.0.2/MSDK/FatFS/src\ffsystem.c ****     1. Redistributions of source code must retain the above copyright notice, this
  20:C:/Users/stapi/OneDrive/Desktop/GD32VW553/V1_MQTT_OK/GD32VW55X_Wifi_BLE_SDK/GD32VW55x_RELEASE_V1.0.2/MSDK/FatFS/src\ffsystem.c ****        list of conditions and the following disclaimer.
  21:C:/Users/stapi/OneDrive/Desktop/GD32VW553/V1_MQTT_OK/GD32VW55X_Wifi_BLE_SDK/GD32VW55x_RELEASE_V1.0.2/MSDK/FatFS/src\ffsystem.c ****     2. Redistributions in binary form must reproduce the above copyright notice,
  22:C:/Users/stapi/OneDrive/Desktop/GD32VW553/V1_MQTT_OK/GD32VW55X_Wifi_BLE_SDK/GD32VW55x_RELEASE_V1.0.2/MSDK/FatFS/src\ffsystem.c ****        this list of conditions and the following disclaimer in the documentation
  23:C:/Users/stapi/OneDrive/Desktop/GD32VW553/V1_MQTT_OK/GD32VW55X_Wifi_BLE_SDK/GD32VW55x_RELEASE_V1.0.2/MSDK/FatFS/src\ffsystem.c ****        and/or other materials provided with the distribution.
  24:C:/Users/stapi/OneDrive/Desktop/GD32VW553/V1_MQTT_OK/GD32VW55X_Wifi_BLE_SDK/GD32VW55x_RELEASE_V1.0.2/MSDK/FatFS/src\ffsystem.c ****     3. Neither the name of the copyright holder nor the names of its contributors
  25:C:/Users/stapi/OneDrive/Desktop/GD32VW553/V1_MQTT_OK/GD32VW55X_Wifi_BLE_SDK/GD32VW55x_RELEASE_V1.0.2/MSDK/FatFS/src\ffsystem.c ****        may be used to endorse or promote products derived from this software without
  26:C:/Users/stapi/OneDrive/Desktop/GD32VW553/V1_MQTT_OK/GD32VW55X_Wifi_BLE_SDK/GD32VW55x_RELEASE_V1.0.2/MSDK/FatFS/src\ffsystem.c ****        specific prior written permission.
  27:C:/Users/stapi/OneDrive/Desktop/GD32VW553/V1_MQTT_OK/GD32VW55X_Wifi_BLE_SDK/GD32VW55x_RELEASE_V1.0.2/MSDK/FatFS/src\ffsystem.c **** 
  28:C:/Users/stapi/OneDrive/Desktop/GD32VW553/V1_MQTT_OK/GD32VW55X_Wifi_BLE_SDK/GD32VW55x_RELEASE_V1.0.2/MSDK/FatFS/src\ffsystem.c ****     THIS SOFTWARE IS PROVIDED BY THE COPYRIGHT HOLDERS AND CONTRIBUTORS "AS IS"
  29:C:/Users/stapi/OneDrive/Desktop/GD32VW553/V1_MQTT_OK/GD32VW55X_Wifi_BLE_SDK/GD32VW55x_RELEASE_V1.0.2/MSDK/FatFS/src\ffsystem.c **** AND ANY EXPRESS OR IMPLIED WARRANTIES, INCLUDING, BUT NOT LIMITED TO, THE IMPLIED
  30:C:/Users/stapi/OneDrive/Desktop/GD32VW553/V1_MQTT_OK/GD32VW55X_Wifi_BLE_SDK/GD32VW55x_RELEASE_V1.0.2/MSDK/FatFS/src\ffsystem.c **** WARRANTIES OF MERCHANTABILITY AND FITNESS FOR A PARTICULAR PURPOSE ARE DISCLAIMED.
  31:C:/Users/stapi/OneDrive/Desktop/GD32VW553/V1_MQTT_OK/GD32VW55X_Wifi_BLE_SDK/GD32VW55x_RELEASE_V1.0.2/MSDK/FatFS/src\ffsystem.c **** IN NO EVENT SHALL THE COPYRIGHT HOLDER OR CONTRIBUTORS BE LIABLE FOR ANY DIRECT,
  32:C:/Users/stapi/OneDrive/Desktop/GD32VW553/V1_MQTT_OK/GD32VW55X_Wifi_BLE_SDK/GD32VW55x_RELEASE_V1.0.2/MSDK/FatFS/src\ffsystem.c **** INDIRECT, INCIDENTAL, SPECIAL, EXEMPLARY, OR CONSEQUENTIAL DAMAGES (INCLUDING, BUT
  33:C:/Users/stapi/OneDrive/Desktop/GD32VW553/V1_MQTT_OK/GD32VW55X_Wifi_BLE_SDK/GD32VW55x_RELEASE_V1.0.2/MSDK/FatFS/src\ffsystem.c **** NOT LIMITED TO, PROCUREMENT OF SUBSTITUTE GOODS OR SERVICES; LOSS OF USE, DATA, OR
  34:C:/Users/stapi/OneDrive/Desktop/GD32VW553/V1_MQTT_OK/GD32VW55X_Wifi_BLE_SDK/GD32VW55x_RELEASE_V1.0.2/MSDK/FatFS/src\ffsystem.c **** PROFITS; OR BUSINESS INTERRUPTION) HOWEVER CAUSED AND ON ANY THEORY OF LIABILITY,
  35:C:/Users/stapi/OneDrive/Desktop/GD32VW553/V1_MQTT_OK/GD32VW55X_Wifi_BLE_SDK/GD32VW55x_RELEASE_V1.0.2/MSDK/FatFS/src\ffsystem.c **** WHETHER IN CONTRACT, STRICT LIABILITY, OR TORT (INCLUDING NEGLIGENCE OR OTHERWISE)
  36:C:/Users/stapi/OneDrive/Desktop/GD32VW553/V1_MQTT_OK/GD32VW55X_Wifi_BLE_SDK/GD32VW55x_RELEASE_V1.0.2/MSDK/FatFS/src\ffsystem.c **** ARISING IN ANY WAY OUT OF THE USE OF THIS SOFTWARE, EVEN IF ADVISED OF THE POSSIBILITY
  37:C:/Users/stapi/OneDrive/Desktop/GD32VW553/V1_MQTT_OK/GD32VW55X_Wifi_BLE_SDK/GD32VW55x_RELEASE_V1.0.2/MSDK/FatFS/src\ffsystem.c **** OF SUCH DAMAGE.
  38:C:/Users/stapi/OneDrive/Desktop/GD32VW553/V1_MQTT_OK/GD32VW55X_Wifi_BLE_SDK/GD32VW55x_RELEASE_V1.0.2/MSDK/FatFS/src\ffsystem.c **** */
  39:C:/Users/stapi/OneDrive/Desktop/GD32VW553/V1_MQTT_OK/GD32VW55X_Wifi_BLE_SDK/GD32VW55x_RELEASE_V1.0.2/MSDK/FatFS/src\ffsystem.c **** 
  40:C:/Users/stapi/OneDrive/Desktop/GD32VW553/V1_MQTT_OK/GD32VW55X_Wifi_BLE_SDK/GD32VW55x_RELEASE_V1.0.2/MSDK/FatFS/src\ffsystem.c **** #include "ff.h"
  41:C:/Users/stapi/OneDrive/Desktop/GD32VW553/V1_MQTT_OK/GD32VW55X_Wifi_BLE_SDK/GD32VW55x_RELEASE_V1.0.2/MSDK/FatFS/src\ffsystem.c **** #include "wrapper_os.h"
  42:C:/Users/stapi/OneDrive/Desktop/GD32VW553/V1_MQTT_OK/GD32VW55X_Wifi_BLE_SDK/GD32VW55x_RELEASE_V1.0.2/MSDK/FatFS/src\ffsystem.c **** 
  43:C:/Users/stapi/OneDrive/Desktop/GD32VW553/V1_MQTT_OK/GD32VW55X_Wifi_BLE_SDK/GD32VW55x_RELEASE_V1.0.2/MSDK/FatFS/src\ffsystem.c **** #if FF_USE_LFN == 3	/* Dynamic memory allocation */
  44:C:/Users/stapi/OneDrive/Desktop/GD32VW553/V1_MQTT_OK/GD32VW55X_Wifi_BLE_SDK/GD32VW55x_RELEASE_V1.0.2/MSDK/FatFS/src\ffsystem.c **** 
  45:C:/Users/stapi/OneDrive/Desktop/GD32VW553/V1_MQTT_OK/GD32VW55X_Wifi_BLE_SDK/GD32VW55x_RELEASE_V1.0.2/MSDK/FatFS/src\ffsystem.c **** /*------------------------------------------------------------------------*/
  46:C:/Users/stapi/OneDrive/Desktop/GD32VW553/V1_MQTT_OK/GD32VW55X_Wifi_BLE_SDK/GD32VW55x_RELEASE_V1.0.2/MSDK/FatFS/src\ffsystem.c **** /* Allocate a memory block                                                */
  47:C:/Users/stapi/OneDrive/Desktop/GD32VW553/V1_MQTT_OK/GD32VW55X_Wifi_BLE_SDK/GD32VW55x_RELEASE_V1.0.2/MSDK/FatFS/src\ffsystem.c **** /*------------------------------------------------------------------------*/
  48:C:/Users/stapi/OneDrive/Desktop/GD32VW553/V1_MQTT_OK/GD32VW55X_Wifi_BLE_SDK/GD32VW55x_RELEASE_V1.0.2/MSDK/FatFS/src\ffsystem.c **** 
  49:C:/Users/stapi/OneDrive/Desktop/GD32VW553/V1_MQTT_OK/GD32VW55X_Wifi_BLE_SDK/GD32VW55x_RELEASE_V1.0.2/MSDK/FatFS/src\ffsystem.c **** void* ff_memalloc (	/* Returns pointer to the allocated memory block (null if not enough core) */
  50:C:/Users/stapi/OneDrive/Desktop/GD32VW553/V1_MQTT_OK/GD32VW55X_Wifi_BLE_SDK/GD32VW55x_RELEASE_V1.0.2/MSDK/FatFS/src\ffsystem.c **** 	UINT msize		/* Number of bytes to allocate */
  51:C:/Users/stapi/OneDrive/Desktop/GD32VW553/V1_MQTT_OK/GD32VW55X_Wifi_BLE_SDK/GD32VW55x_RELEASE_V1.0.2/MSDK/FatFS/src\ffsystem.c **** )
  52:C:/Users/stapi/OneDrive/Desktop/GD32VW553/V1_MQTT_OK/GD32VW55X_Wifi_BLE_SDK/GD32VW55x_RELEASE_V1.0.2/MSDK/FatFS/src\ffsystem.c **** {
  16              		.loc 1 52 1
  17              		.cfi_startproc
  18              	.LVL0:
  53:C:/Users/stapi/OneDrive/Desktop/GD32VW553/V1_MQTT_OK/GD32VW55X_Wifi_BLE_SDK/GD32VW55x_RELEASE_V1.0.2/MSDK/FatFS/src\ffsystem.c **** 	// return malloc(msize);	/* Allocate a new memory block with POSIX API */
  54:C:/Users/stapi/OneDrive/Desktop/GD32VW553/V1_MQTT_OK/GD32VW55X_Wifi_BLE_SDK/GD32VW55x_RELEASE_V1.0.2/MSDK/FatFS/src\ffsystem.c ****     return sys_malloc(msize);	/* Allocate a new memory block with POSIX API */
  19              		.loc 1 54 5
  20              		.loc 1 54 12 is_stmt 0
  21 0000 17030000 		tail	sys_malloc
  21      67000300 
  22              	.LVL1:
  23              		.cfi_endproc
  24              	.LFE0:
  26              		.section	.text.ff_memfree,"ax",@progbits
  27              		.align	1
  28              		.globl	ff_memfree
  30              	ff_memfree:
  31              	.LFB1:
  55:C:/Users/stapi/OneDrive/Desktop/GD32VW553/V1_MQTT_OK/GD32VW55X_Wifi_BLE_SDK/GD32VW55x_RELEASE_V1.0.2/MSDK/FatFS/src\ffsystem.c **** }
  56:C:/Users/stapi/OneDrive/Desktop/GD32VW553/V1_MQTT_OK/GD32VW55X_Wifi_BLE_SDK/GD32VW55x_RELEASE_V1.0.2/MSDK/FatFS/src\ffsystem.c **** 
  57:C:/Users/stapi/OneDrive/Desktop/GD32VW553/V1_MQTT_OK/GD32VW55X_Wifi_BLE_SDK/GD32VW55x_RELEASE_V1.0.2/MSDK/FatFS/src\ffsystem.c **** 
  58:C:/Users/stapi/OneDrive/Desktop/GD32VW553/V1_MQTT_OK/GD32VW55X_Wifi_BLE_SDK/GD32VW55x_RELEASE_V1.0.2/MSDK/FatFS/src\ffsystem.c **** /*------------------------------------------------------------------------*/
  59:C:/Users/stapi/OneDrive/Desktop/GD32VW553/V1_MQTT_OK/GD32VW55X_Wifi_BLE_SDK/GD32VW55x_RELEASE_V1.0.2/MSDK/FatFS/src\ffsystem.c **** /* Free a memory block                                                    */
  60:C:/Users/stapi/OneDrive/Desktop/GD32VW553/V1_MQTT_OK/GD32VW55X_Wifi_BLE_SDK/GD32VW55x_RELEASE_V1.0.2/MSDK/FatFS/src\ffsystem.c **** /*------------------------------------------------------------------------*/
  61:C:/Users/stapi/OneDrive/Desktop/GD32VW553/V1_MQTT_OK/GD32VW55X_Wifi_BLE_SDK/GD32VW55x_RELEASE_V1.0.2/MSDK/FatFS/src\ffsystem.c **** 
  62:C:/Users/stapi/OneDrive/Desktop/GD32VW553/V1_MQTT_OK/GD32VW55X_Wifi_BLE_SDK/GD32VW55x_RELEASE_V1.0.2/MSDK/FatFS/src\ffsystem.c **** void ff_memfree (
  63:C:/Users/stapi/OneDrive/Desktop/GD32VW553/V1_MQTT_OK/GD32VW55X_Wifi_BLE_SDK/GD32VW55x_RELEASE_V1.0.2/MSDK/FatFS/src\ffsystem.c **** 	void* mblock	/* Pointer to the memory block to free (nothing to do if null) */
  64:C:/Users/stapi/OneDrive/Desktop/GD32VW553/V1_MQTT_OK/GD32VW55X_Wifi_BLE_SDK/GD32VW55x_RELEASE_V1.0.2/MSDK/FatFS/src\ffsystem.c **** )
  65:C:/Users/stapi/OneDrive/Desktop/GD32VW553/V1_MQTT_OK/GD32VW55X_Wifi_BLE_SDK/GD32VW55x_RELEASE_V1.0.2/MSDK/FatFS/src\ffsystem.c **** {
  32              		.loc 1 65 1 is_stmt 1
  33              		.cfi_startproc
  34              	.LVL2:
  66:C:/Users/stapi/OneDrive/Desktop/GD32VW553/V1_MQTT_OK/GD32VW55X_Wifi_BLE_SDK/GD32VW55x_RELEASE_V1.0.2/MSDK/FatFS/src\ffsystem.c **** 	// free(mblock);	/* Free the memory block with POSIX API */
  67:C:/Users/stapi/OneDrive/Desktop/GD32VW553/V1_MQTT_OK/GD32VW55X_Wifi_BLE_SDK/GD32VW55x_RELEASE_V1.0.2/MSDK/FatFS/src\ffsystem.c **** 	sys_mfree(mblock);	/* Free the memory block with POSIX API */
  35              		.loc 1 67 2
  36 0000 17030000 		tail	sys_mfree
  36      67000300 
  37              	.LVL3:
  38              		.cfi_endproc
  39              	.LFE1:
  41              		.section	.text.ff_cre_syncobj,"ax",@progbits
  42              		.align	1
  43              		.globl	ff_cre_syncobj
  45              	ff_cre_syncobj:
  46              	.LFB2:
  68:C:/Users/stapi/OneDrive/Desktop/GD32VW553/V1_MQTT_OK/GD32VW55X_Wifi_BLE_SDK/GD32VW55x_RELEASE_V1.0.2/MSDK/FatFS/src\ffsystem.c **** }
  69:C:/Users/stapi/OneDrive/Desktop/GD32VW553/V1_MQTT_OK/GD32VW55X_Wifi_BLE_SDK/GD32VW55x_RELEASE_V1.0.2/MSDK/FatFS/src\ffsystem.c **** 
  70:C:/Users/stapi/OneDrive/Desktop/GD32VW553/V1_MQTT_OK/GD32VW55X_Wifi_BLE_SDK/GD32VW55x_RELEASE_V1.0.2/MSDK/FatFS/src\ffsystem.c **** #endif
  71:C:/Users/stapi/OneDrive/Desktop/GD32VW553/V1_MQTT_OK/GD32VW55X_Wifi_BLE_SDK/GD32VW55x_RELEASE_V1.0.2/MSDK/FatFS/src\ffsystem.c **** 
  72:C:/Users/stapi/OneDrive/Desktop/GD32VW553/V1_MQTT_OK/GD32VW55X_Wifi_BLE_SDK/GD32VW55x_RELEASE_V1.0.2/MSDK/FatFS/src\ffsystem.c **** 
  73:C:/Users/stapi/OneDrive/Desktop/GD32VW553/V1_MQTT_OK/GD32VW55X_Wifi_BLE_SDK/GD32VW55x_RELEASE_V1.0.2/MSDK/FatFS/src\ffsystem.c **** 
  74:C:/Users/stapi/OneDrive/Desktop/GD32VW553/V1_MQTT_OK/GD32VW55X_Wifi_BLE_SDK/GD32VW55x_RELEASE_V1.0.2/MSDK/FatFS/src\ffsystem.c **** #if FF_FS_REENTRANT	/* Mutal exclusion */
  75:C:/Users/stapi/OneDrive/Desktop/GD32VW553/V1_MQTT_OK/GD32VW55X_Wifi_BLE_SDK/GD32VW55x_RELEASE_V1.0.2/MSDK/FatFS/src\ffsystem.c **** 
  76:C:/Users/stapi/OneDrive/Desktop/GD32VW553/V1_MQTT_OK/GD32VW55X_Wifi_BLE_SDK/GD32VW55x_RELEASE_V1.0.2/MSDK/FatFS/src\ffsystem.c **** /*------------------------------------------------------------------------*/
  77:C:/Users/stapi/OneDrive/Desktop/GD32VW553/V1_MQTT_OK/GD32VW55X_Wifi_BLE_SDK/GD32VW55x_RELEASE_V1.0.2/MSDK/FatFS/src\ffsystem.c **** /* Create a Synchronization Object                                        */
  78:C:/Users/stapi/OneDrive/Desktop/GD32VW553/V1_MQTT_OK/GD32VW55X_Wifi_BLE_SDK/GD32VW55x_RELEASE_V1.0.2/MSDK/FatFS/src\ffsystem.c **** /*------------------------------------------------------------------------*/
  79:C:/Users/stapi/OneDrive/Desktop/GD32VW553/V1_MQTT_OK/GD32VW55X_Wifi_BLE_SDK/GD32VW55x_RELEASE_V1.0.2/MSDK/FatFS/src\ffsystem.c **** /* This function is called in f_mount() function to create a new
  80:C:/Users/stapi/OneDrive/Desktop/GD32VW553/V1_MQTT_OK/GD32VW55X_Wifi_BLE_SDK/GD32VW55x_RELEASE_V1.0.2/MSDK/FatFS/src\ffsystem.c **** /  synchronization object for the volume, such as semaphore and mutex.
  81:C:/Users/stapi/OneDrive/Desktop/GD32VW553/V1_MQTT_OK/GD32VW55X_Wifi_BLE_SDK/GD32VW55x_RELEASE_V1.0.2/MSDK/FatFS/src\ffsystem.c **** /  When a 0 is returned, the f_mount() function fails with FR_INT_ERR.
  82:C:/Users/stapi/OneDrive/Desktop/GD32VW553/V1_MQTT_OK/GD32VW55X_Wifi_BLE_SDK/GD32VW55x_RELEASE_V1.0.2/MSDK/FatFS/src\ffsystem.c **** */
  83:C:/Users/stapi/OneDrive/Desktop/GD32VW553/V1_MQTT_OK/GD32VW55X_Wifi_BLE_SDK/GD32VW55x_RELEASE_V1.0.2/MSDK/FatFS/src\ffsystem.c **** 
  84:C:/Users/stapi/OneDrive/Desktop/GD32VW553/V1_MQTT_OK/GD32VW55X_Wifi_BLE_SDK/GD32VW55x_RELEASE_V1.0.2/MSDK/FatFS/src\ffsystem.c **** //const osMutexDef_t Mutex[FF_VOLUMES];	/* Table of CMSIS-RTOS mutex */
  85:C:/Users/stapi/OneDrive/Desktop/GD32VW553/V1_MQTT_OK/GD32VW55X_Wifi_BLE_SDK/GD32VW55x_RELEASE_V1.0.2/MSDK/FatFS/src\ffsystem.c **** 
  86:C:/Users/stapi/OneDrive/Desktop/GD32VW553/V1_MQTT_OK/GD32VW55X_Wifi_BLE_SDK/GD32VW55x_RELEASE_V1.0.2/MSDK/FatFS/src\ffsystem.c **** 
  87:C:/Users/stapi/OneDrive/Desktop/GD32VW553/V1_MQTT_OK/GD32VW55X_Wifi_BLE_SDK/GD32VW55x_RELEASE_V1.0.2/MSDK/FatFS/src\ffsystem.c **** int ff_cre_syncobj (	/* 1:Function succeeded, 0:Could not create the sync object */
  88:C:/Users/stapi/OneDrive/Desktop/GD32VW553/V1_MQTT_OK/GD32VW55X_Wifi_BLE_SDK/GD32VW55x_RELEASE_V1.0.2/MSDK/FatFS/src\ffsystem.c **** 	BYTE vol,			/* Corresponding volume (logical drive number) */
  89:C:/Users/stapi/OneDrive/Desktop/GD32VW553/V1_MQTT_OK/GD32VW55X_Wifi_BLE_SDK/GD32VW55x_RELEASE_V1.0.2/MSDK/FatFS/src\ffsystem.c **** 	FF_SYNC_t* sobj		/* Pointer to return the created sync object */
  90:C:/Users/stapi/OneDrive/Desktop/GD32VW553/V1_MQTT_OK/GD32VW55X_Wifi_BLE_SDK/GD32VW55x_RELEASE_V1.0.2/MSDK/FatFS/src\ffsystem.c **** )
  91:C:/Users/stapi/OneDrive/Desktop/GD32VW553/V1_MQTT_OK/GD32VW55X_Wifi_BLE_SDK/GD32VW55x_RELEASE_V1.0.2/MSDK/FatFS/src\ffsystem.c **** {
  47              		.loc 1 91 1
  48              		.cfi_startproc
  49              	.LVL4:
  50 0000 17030000 		call	t0,__riscv_save_0
  50      E7020300 
  51              		.cfi_offset 1, -4
  52              		.cfi_def_cfa_offset 16
  92:C:/Users/stapi/OneDrive/Desktop/GD32VW553/V1_MQTT_OK/GD32VW55X_Wifi_BLE_SDK/GD32VW55x_RELEASE_V1.0.2/MSDK/FatFS/src\ffsystem.c ****     sys_mutex_init(sobj);
  53              		.loc 1 92 5
  54 0008 2E85     		mv	a0,a1
  55              	.LVL5:
  56 000a 97000000 		call	sys_mutex_init
  56      E7800000 
  57              	.LVL6:
  93:C:/Users/stapi/OneDrive/Desktop/GD32VW553/V1_MQTT_OK/GD32VW55X_Wifi_BLE_SDK/GD32VW55x_RELEASE_V1.0.2/MSDK/FatFS/src\ffsystem.c ****     return 1;
  58              		.loc 1 93 5
  94:C:/Users/stapi/OneDrive/Desktop/GD32VW553/V1_MQTT_OK/GD32VW55X_Wifi_BLE_SDK/GD32VW55x_RELEASE_V1.0.2/MSDK/FatFS/src\ffsystem.c **** #if 0
  95:C:/Users/stapi/OneDrive/Desktop/GD32VW553/V1_MQTT_OK/GD32VW55X_Wifi_BLE_SDK/GD32VW55x_RELEASE_V1.0.2/MSDK/FatFS/src\ffsystem.c ****     /* Win32 */
  96:C:/Users/stapi/OneDrive/Desktop/GD32VW553/V1_MQTT_OK/GD32VW55X_Wifi_BLE_SDK/GD32VW55x_RELEASE_V1.0.2/MSDK/FatFS/src\ffsystem.c **** 	*sobj = CreateMutex(NULL, FALSE, NULL);
  97:C:/Users/stapi/OneDrive/Desktop/GD32VW553/V1_MQTT_OK/GD32VW55X_Wifi_BLE_SDK/GD32VW55x_RELEASE_V1.0.2/MSDK/FatFS/src\ffsystem.c **** 	return (int)(*sobj != INVALID_HANDLE_VALUE);
  98:C:/Users/stapi/OneDrive/Desktop/GD32VW553/V1_MQTT_OK/GD32VW55X_Wifi_BLE_SDK/GD32VW55x_RELEASE_V1.0.2/MSDK/FatFS/src\ffsystem.c **** 
  99:C:/Users/stapi/OneDrive/Desktop/GD32VW553/V1_MQTT_OK/GD32VW55X_Wifi_BLE_SDK/GD32VW55x_RELEASE_V1.0.2/MSDK/FatFS/src\ffsystem.c **** 	/* uITRON */
 100:C:/Users/stapi/OneDrive/Desktop/GD32VW553/V1_MQTT_OK/GD32VW55X_Wifi_BLE_SDK/GD32VW55x_RELEASE_V1.0.2/MSDK/FatFS/src\ffsystem.c **** //	T_CSEM csem = {TA_TPRI,1,1};
 101:C:/Users/stapi/OneDrive/Desktop/GD32VW553/V1_MQTT_OK/GD32VW55X_Wifi_BLE_SDK/GD32VW55x_RELEASE_V1.0.2/MSDK/FatFS/src\ffsystem.c **** //	*sobj = acre_sem(&csem);
 102:C:/Users/stapi/OneDrive/Desktop/GD32VW553/V1_MQTT_OK/GD32VW55X_Wifi_BLE_SDK/GD32VW55x_RELEASE_V1.0.2/MSDK/FatFS/src\ffsystem.c **** //	return (int)(*sobj > 0);
 103:C:/Users/stapi/OneDrive/Desktop/GD32VW553/V1_MQTT_OK/GD32VW55X_Wifi_BLE_SDK/GD32VW55x_RELEASE_V1.0.2/MSDK/FatFS/src\ffsystem.c **** 
 104:C:/Users/stapi/OneDrive/Desktop/GD32VW553/V1_MQTT_OK/GD32VW55X_Wifi_BLE_SDK/GD32VW55x_RELEASE_V1.0.2/MSDK/FatFS/src\ffsystem.c **** 	/* uC/OS-II */
 105:C:/Users/stapi/OneDrive/Desktop/GD32VW553/V1_MQTT_OK/GD32VW55X_Wifi_BLE_SDK/GD32VW55x_RELEASE_V1.0.2/MSDK/FatFS/src\ffsystem.c **** //	OS_ERR err;
 106:C:/Users/stapi/OneDrive/Desktop/GD32VW553/V1_MQTT_OK/GD32VW55X_Wifi_BLE_SDK/GD32VW55x_RELEASE_V1.0.2/MSDK/FatFS/src\ffsystem.c **** //	*sobj = OSMutexCreate(0, &err);
 107:C:/Users/stapi/OneDrive/Desktop/GD32VW553/V1_MQTT_OK/GD32VW55X_Wifi_BLE_SDK/GD32VW55x_RELEASE_V1.0.2/MSDK/FatFS/src\ffsystem.c **** //	return (int)(err == OS_NO_ERR);
 108:C:/Users/stapi/OneDrive/Desktop/GD32VW553/V1_MQTT_OK/GD32VW55X_Wifi_BLE_SDK/GD32VW55x_RELEASE_V1.0.2/MSDK/FatFS/src\ffsystem.c **** 
 109:C:/Users/stapi/OneDrive/Desktop/GD32VW553/V1_MQTT_OK/GD32VW55X_Wifi_BLE_SDK/GD32VW55x_RELEASE_V1.0.2/MSDK/FatFS/src\ffsystem.c **** 	/* FreeRTOS */
 110:C:/Users/stapi/OneDrive/Desktop/GD32VW553/V1_MQTT_OK/GD32VW55X_Wifi_BLE_SDK/GD32VW55x_RELEASE_V1.0.2/MSDK/FatFS/src\ffsystem.c **** //	*sobj = xSemaphoreCreateMutex();
 111:C:/Users/stapi/OneDrive/Desktop/GD32VW553/V1_MQTT_OK/GD32VW55X_Wifi_BLE_SDK/GD32VW55x_RELEASE_V1.0.2/MSDK/FatFS/src\ffsystem.c **** //	return (int)(*sobj != NULL);
 112:C:/Users/stapi/OneDrive/Desktop/GD32VW553/V1_MQTT_OK/GD32VW55X_Wifi_BLE_SDK/GD32VW55x_RELEASE_V1.0.2/MSDK/FatFS/src\ffsystem.c **** 
 113:C:/Users/stapi/OneDrive/Desktop/GD32VW553/V1_MQTT_OK/GD32VW55X_Wifi_BLE_SDK/GD32VW55x_RELEASE_V1.0.2/MSDK/FatFS/src\ffsystem.c **** 	/* CMSIS-RTOS */
 114:C:/Users/stapi/OneDrive/Desktop/GD32VW553/V1_MQTT_OK/GD32VW55X_Wifi_BLE_SDK/GD32VW55x_RELEASE_V1.0.2/MSDK/FatFS/src\ffsystem.c **** //	*sobj = osMutexCreate(&Mutex[vol]);
 115:C:/Users/stapi/OneDrive/Desktop/GD32VW553/V1_MQTT_OK/GD32VW55X_Wifi_BLE_SDK/GD32VW55x_RELEASE_V1.0.2/MSDK/FatFS/src\ffsystem.c **** //	return (int)(*sobj != NULL);
 116:C:/Users/stapi/OneDrive/Desktop/GD32VW553/V1_MQTT_OK/GD32VW55X_Wifi_BLE_SDK/GD32VW55x_RELEASE_V1.0.2/MSDK/FatFS/src\ffsystem.c **** #endif
 117:C:/Users/stapi/OneDrive/Desktop/GD32VW553/V1_MQTT_OK/GD32VW55X_Wifi_BLE_SDK/GD32VW55x_RELEASE_V1.0.2/MSDK/FatFS/src\ffsystem.c **** }
  59              		.loc 1 117 1 is_stmt 0
  60 0012 0545     		li	a0,1
  61 0014 17030000 		tail	__riscv_restore_0
  61      67000300 
  62              		.cfi_restore 1
  63              		.cfi_def_cfa_offset 0
  64              		.cfi_endproc
  65              	.LFE2:
  67              		.section	.text.ff_del_syncobj,"ax",@progbits
  68              		.align	1
  69              		.globl	ff_del_syncobj
  71              	ff_del_syncobj:
  72              	.LFB3:
 118:C:/Users/stapi/OneDrive/Desktop/GD32VW553/V1_MQTT_OK/GD32VW55X_Wifi_BLE_SDK/GD32VW55x_RELEASE_V1.0.2/MSDK/FatFS/src\ffsystem.c **** 
 119:C:/Users/stapi/OneDrive/Desktop/GD32VW553/V1_MQTT_OK/GD32VW55X_Wifi_BLE_SDK/GD32VW55x_RELEASE_V1.0.2/MSDK/FatFS/src\ffsystem.c **** 
 120:C:/Users/stapi/OneDrive/Desktop/GD32VW553/V1_MQTT_OK/GD32VW55X_Wifi_BLE_SDK/GD32VW55x_RELEASE_V1.0.2/MSDK/FatFS/src\ffsystem.c **** /*------------------------------------------------------------------------*/
 121:C:/Users/stapi/OneDrive/Desktop/GD32VW553/V1_MQTT_OK/GD32VW55X_Wifi_BLE_SDK/GD32VW55x_RELEASE_V1.0.2/MSDK/FatFS/src\ffsystem.c **** /* Delete a Synchronization Object                                        */
 122:C:/Users/stapi/OneDrive/Desktop/GD32VW553/V1_MQTT_OK/GD32VW55X_Wifi_BLE_SDK/GD32VW55x_RELEASE_V1.0.2/MSDK/FatFS/src\ffsystem.c **** /*------------------------------------------------------------------------*/
 123:C:/Users/stapi/OneDrive/Desktop/GD32VW553/V1_MQTT_OK/GD32VW55X_Wifi_BLE_SDK/GD32VW55x_RELEASE_V1.0.2/MSDK/FatFS/src\ffsystem.c **** /* This function is called in f_mount() function to delete a synchronization
 124:C:/Users/stapi/OneDrive/Desktop/GD32VW553/V1_MQTT_OK/GD32VW55X_Wifi_BLE_SDK/GD32VW55x_RELEASE_V1.0.2/MSDK/FatFS/src\ffsystem.c **** /  object that created with ff_cre_syncobj() function. When a 0 is returned,
 125:C:/Users/stapi/OneDrive/Desktop/GD32VW553/V1_MQTT_OK/GD32VW55X_Wifi_BLE_SDK/GD32VW55x_RELEASE_V1.0.2/MSDK/FatFS/src\ffsystem.c **** /  the f_mount() function fails with FR_INT_ERR.
 126:C:/Users/stapi/OneDrive/Desktop/GD32VW553/V1_MQTT_OK/GD32VW55X_Wifi_BLE_SDK/GD32VW55x_RELEASE_V1.0.2/MSDK/FatFS/src\ffsystem.c **** */
 127:C:/Users/stapi/OneDrive/Desktop/GD32VW553/V1_MQTT_OK/GD32VW55X_Wifi_BLE_SDK/GD32VW55x_RELEASE_V1.0.2/MSDK/FatFS/src\ffsystem.c **** 
 128:C:/Users/stapi/OneDrive/Desktop/GD32VW553/V1_MQTT_OK/GD32VW55X_Wifi_BLE_SDK/GD32VW55x_RELEASE_V1.0.2/MSDK/FatFS/src\ffsystem.c **** int ff_del_syncobj (	/* 1:Function succeeded, 0:Could not delete due to an error */
 129:C:/Users/stapi/OneDrive/Desktop/GD32VW553/V1_MQTT_OK/GD32VW55X_Wifi_BLE_SDK/GD32VW55x_RELEASE_V1.0.2/MSDK/FatFS/src\ffsystem.c **** 	FF_SYNC_t sobj		/* Sync object tied to the logical drive to be deleted */
 130:C:/Users/stapi/OneDrive/Desktop/GD32VW553/V1_MQTT_OK/GD32VW55X_Wifi_BLE_SDK/GD32VW55x_RELEASE_V1.0.2/MSDK/FatFS/src\ffsystem.c **** )
 131:C:/Users/stapi/OneDrive/Desktop/GD32VW553/V1_MQTT_OK/GD32VW55X_Wifi_BLE_SDK/GD32VW55x_RELEASE_V1.0.2/MSDK/FatFS/src\ffsystem.c **** {
  73              		.loc 1 131 1 is_stmt 1
  74              		.cfi_startproc
  75              	.LVL7:
  76 0000 17030000 		call	t0,__riscv_save_0
  76      E7020300 
  77              		.cfi_offset 1, -4
  78              		.cfi_def_cfa_offset 16
 132:C:/Users/stapi/OneDrive/Desktop/GD32VW553/V1_MQTT_OK/GD32VW55X_Wifi_BLE_SDK/GD32VW55x_RELEASE_V1.0.2/MSDK/FatFS/src\ffsystem.c ****     sys_mutex_free(&sobj);
  79              		.loc 1 132 5
 131:C:/Users/stapi/OneDrive/Desktop/GD32VW553/V1_MQTT_OK/GD32VW55X_Wifi_BLE_SDK/GD32VW55x_RELEASE_V1.0.2/MSDK/FatFS/src\ffsystem.c ****     sys_mutex_free(&sobj);
  80              		.loc 1 131 1 is_stmt 0
  81 0008 4111     		addi	sp,sp,-16
  82              		.cfi_def_cfa_offset 32
 131:C:/Users/stapi/OneDrive/Desktop/GD32VW553/V1_MQTT_OK/GD32VW55X_Wifi_BLE_SDK/GD32VW55x_RELEASE_V1.0.2/MSDK/FatFS/src\ffsystem.c ****     sys_mutex_free(&sobj);
  83              		.loc 1 131 1
  84 000a 2AC6     		sw	a0,12(sp)
  85              		.loc 1 132 5
  86 000c 6800     		addi	a0,sp,12
  87              	.LVL8:
  88 000e 97000000 		call	sys_mutex_free
  88      E7800000 
  89              	.LVL9:
 133:C:/Users/stapi/OneDrive/Desktop/GD32VW553/V1_MQTT_OK/GD32VW55X_Wifi_BLE_SDK/GD32VW55x_RELEASE_V1.0.2/MSDK/FatFS/src\ffsystem.c ****     return 1;
  90              		.loc 1 133 5 is_stmt 1
 134:C:/Users/stapi/OneDrive/Desktop/GD32VW553/V1_MQTT_OK/GD32VW55X_Wifi_BLE_SDK/GD32VW55x_RELEASE_V1.0.2/MSDK/FatFS/src\ffsystem.c **** #if 0
 135:C:/Users/stapi/OneDrive/Desktop/GD32VW553/V1_MQTT_OK/GD32VW55X_Wifi_BLE_SDK/GD32VW55x_RELEASE_V1.0.2/MSDK/FatFS/src\ffsystem.c ****     /* Win32 */
 136:C:/Users/stapi/OneDrive/Desktop/GD32VW553/V1_MQTT_OK/GD32VW55X_Wifi_BLE_SDK/GD32VW55x_RELEASE_V1.0.2/MSDK/FatFS/src\ffsystem.c **** 	return (int)CloseHandle(sobj);
 137:C:/Users/stapi/OneDrive/Desktop/GD32VW553/V1_MQTT_OK/GD32VW55X_Wifi_BLE_SDK/GD32VW55x_RELEASE_V1.0.2/MSDK/FatFS/src\ffsystem.c **** 
 138:C:/Users/stapi/OneDrive/Desktop/GD32VW553/V1_MQTT_OK/GD32VW55X_Wifi_BLE_SDK/GD32VW55x_RELEASE_V1.0.2/MSDK/FatFS/src\ffsystem.c **** 	/* uITRON */
 139:C:/Users/stapi/OneDrive/Desktop/GD32VW553/V1_MQTT_OK/GD32VW55X_Wifi_BLE_SDK/GD32VW55x_RELEASE_V1.0.2/MSDK/FatFS/src\ffsystem.c **** //	return (int)(del_sem(sobj) == E_OK);
 140:C:/Users/stapi/OneDrive/Desktop/GD32VW553/V1_MQTT_OK/GD32VW55X_Wifi_BLE_SDK/GD32VW55x_RELEASE_V1.0.2/MSDK/FatFS/src\ffsystem.c **** 
 141:C:/Users/stapi/OneDrive/Desktop/GD32VW553/V1_MQTT_OK/GD32VW55X_Wifi_BLE_SDK/GD32VW55x_RELEASE_V1.0.2/MSDK/FatFS/src\ffsystem.c **** 	/* uC/OS-II */
 142:C:/Users/stapi/OneDrive/Desktop/GD32VW553/V1_MQTT_OK/GD32VW55X_Wifi_BLE_SDK/GD32VW55x_RELEASE_V1.0.2/MSDK/FatFS/src\ffsystem.c **** //	OS_ERR err;
 143:C:/Users/stapi/OneDrive/Desktop/GD32VW553/V1_MQTT_OK/GD32VW55X_Wifi_BLE_SDK/GD32VW55x_RELEASE_V1.0.2/MSDK/FatFS/src\ffsystem.c **** //	OSMutexDel(sobj, OS_DEL_ALWAYS, &err);
 144:C:/Users/stapi/OneDrive/Desktop/GD32VW553/V1_MQTT_OK/GD32VW55X_Wifi_BLE_SDK/GD32VW55x_RELEASE_V1.0.2/MSDK/FatFS/src\ffsystem.c **** //	return (int)(err == OS_NO_ERR);
 145:C:/Users/stapi/OneDrive/Desktop/GD32VW553/V1_MQTT_OK/GD32VW55X_Wifi_BLE_SDK/GD32VW55x_RELEASE_V1.0.2/MSDK/FatFS/src\ffsystem.c **** 
 146:C:/Users/stapi/OneDrive/Desktop/GD32VW553/V1_MQTT_OK/GD32VW55X_Wifi_BLE_SDK/GD32VW55x_RELEASE_V1.0.2/MSDK/FatFS/src\ffsystem.c **** 	/* FreeRTOS */
 147:C:/Users/stapi/OneDrive/Desktop/GD32VW553/V1_MQTT_OK/GD32VW55X_Wifi_BLE_SDK/GD32VW55x_RELEASE_V1.0.2/MSDK/FatFS/src\ffsystem.c **** //  vSemaphoreDelete(sobj);
 148:C:/Users/stapi/OneDrive/Desktop/GD32VW553/V1_MQTT_OK/GD32VW55X_Wifi_BLE_SDK/GD32VW55x_RELEASE_V1.0.2/MSDK/FatFS/src\ffsystem.c **** //	return 1;
 149:C:/Users/stapi/OneDrive/Desktop/GD32VW553/V1_MQTT_OK/GD32VW55X_Wifi_BLE_SDK/GD32VW55x_RELEASE_V1.0.2/MSDK/FatFS/src\ffsystem.c **** 
 150:C:/Users/stapi/OneDrive/Desktop/GD32VW553/V1_MQTT_OK/GD32VW55X_Wifi_BLE_SDK/GD32VW55x_RELEASE_V1.0.2/MSDK/FatFS/src\ffsystem.c **** 	/* CMSIS-RTOS */
 151:C:/Users/stapi/OneDrive/Desktop/GD32VW553/V1_MQTT_OK/GD32VW55X_Wifi_BLE_SDK/GD32VW55x_RELEASE_V1.0.2/MSDK/FatFS/src\ffsystem.c **** //	return (int)(osMutexDelete(sobj) == osOK);
 152:C:/Users/stapi/OneDrive/Desktop/GD32VW553/V1_MQTT_OK/GD32VW55X_Wifi_BLE_SDK/GD32VW55x_RELEASE_V1.0.2/MSDK/FatFS/src\ffsystem.c **** #endif
 153:C:/Users/stapi/OneDrive/Desktop/GD32VW553/V1_MQTT_OK/GD32VW55X_Wifi_BLE_SDK/GD32VW55x_RELEASE_V1.0.2/MSDK/FatFS/src\ffsystem.c **** }
  91              		.loc 1 153 1 is_stmt 0
  92 0016 0545     		li	a0,1
  93 0018 4101     		addi	sp,sp,16
  94              		.cfi_def_cfa_offset 0
  95 001a 17030000 		tail	__riscv_restore_0
  95      67000300 
  96              		.cfi_restore 1
  97              		.cfi_def_cfa_offset -16
  98              		.cfi_endproc
  99              	.LFE3:
 101              		.section	.text.ff_req_grant,"ax",@progbits
 102              		.align	1
 103              		.globl	ff_req_grant
 105              	ff_req_grant:
 106              	.LFB4:
 154:C:/Users/stapi/OneDrive/Desktop/GD32VW553/V1_MQTT_OK/GD32VW55X_Wifi_BLE_SDK/GD32VW55x_RELEASE_V1.0.2/MSDK/FatFS/src\ffsystem.c **** 
 155:C:/Users/stapi/OneDrive/Desktop/GD32VW553/V1_MQTT_OK/GD32VW55X_Wifi_BLE_SDK/GD32VW55x_RELEASE_V1.0.2/MSDK/FatFS/src\ffsystem.c **** 
 156:C:/Users/stapi/OneDrive/Desktop/GD32VW553/V1_MQTT_OK/GD32VW55X_Wifi_BLE_SDK/GD32VW55x_RELEASE_V1.0.2/MSDK/FatFS/src\ffsystem.c **** /*------------------------------------------------------------------------*/
 157:C:/Users/stapi/OneDrive/Desktop/GD32VW553/V1_MQTT_OK/GD32VW55X_Wifi_BLE_SDK/GD32VW55x_RELEASE_V1.0.2/MSDK/FatFS/src\ffsystem.c **** /* Request Grant to Access the Volume                                     */
 158:C:/Users/stapi/OneDrive/Desktop/GD32VW553/V1_MQTT_OK/GD32VW55X_Wifi_BLE_SDK/GD32VW55x_RELEASE_V1.0.2/MSDK/FatFS/src\ffsystem.c **** /*------------------------------------------------------------------------*/
 159:C:/Users/stapi/OneDrive/Desktop/GD32VW553/V1_MQTT_OK/GD32VW55X_Wifi_BLE_SDK/GD32VW55x_RELEASE_V1.0.2/MSDK/FatFS/src\ffsystem.c **** /* This function is called on entering file functions to lock the volume.
 160:C:/Users/stapi/OneDrive/Desktop/GD32VW553/V1_MQTT_OK/GD32VW55X_Wifi_BLE_SDK/GD32VW55x_RELEASE_V1.0.2/MSDK/FatFS/src\ffsystem.c **** /  When a 0 is returned, the file function fails with FR_TIMEOUT.
 161:C:/Users/stapi/OneDrive/Desktop/GD32VW553/V1_MQTT_OK/GD32VW55X_Wifi_BLE_SDK/GD32VW55x_RELEASE_V1.0.2/MSDK/FatFS/src\ffsystem.c **** */
 162:C:/Users/stapi/OneDrive/Desktop/GD32VW553/V1_MQTT_OK/GD32VW55X_Wifi_BLE_SDK/GD32VW55x_RELEASE_V1.0.2/MSDK/FatFS/src\ffsystem.c **** 
 163:C:/Users/stapi/OneDrive/Desktop/GD32VW553/V1_MQTT_OK/GD32VW55X_Wifi_BLE_SDK/GD32VW55x_RELEASE_V1.0.2/MSDK/FatFS/src\ffsystem.c **** int ff_req_grant (	/* 1:Got a grant to access the volume, 0:Could not get a grant */
 164:C:/Users/stapi/OneDrive/Desktop/GD32VW553/V1_MQTT_OK/GD32VW55X_Wifi_BLE_SDK/GD32VW55x_RELEASE_V1.0.2/MSDK/FatFS/src\ffsystem.c **** 	FF_SYNC_t sobj	/* Sync object to wait */
 165:C:/Users/stapi/OneDrive/Desktop/GD32VW553/V1_MQTT_OK/GD32VW55X_Wifi_BLE_SDK/GD32VW55x_RELEASE_V1.0.2/MSDK/FatFS/src\ffsystem.c **** )
 166:C:/Users/stapi/OneDrive/Desktop/GD32VW553/V1_MQTT_OK/GD32VW55X_Wifi_BLE_SDK/GD32VW55x_RELEASE_V1.0.2/MSDK/FatFS/src\ffsystem.c **** {
 107              		.loc 1 166 1 is_stmt 1
 108              		.cfi_startproc
 109              	.LVL10:
 110 0000 17030000 		call	t0,__riscv_save_0
 110      E7020300 
 111              		.cfi_offset 1, -4
 112              		.cfi_def_cfa_offset 16
 167:C:/Users/stapi/OneDrive/Desktop/GD32VW553/V1_MQTT_OK/GD32VW55X_Wifi_BLE_SDK/GD32VW55x_RELEASE_V1.0.2/MSDK/FatFS/src\ffsystem.c ****     sys_mutex_get(&sobj);
 113              		.loc 1 167 5
 166:C:/Users/stapi/OneDrive/Desktop/GD32VW553/V1_MQTT_OK/GD32VW55X_Wifi_BLE_SDK/GD32VW55x_RELEASE_V1.0.2/MSDK/FatFS/src\ffsystem.c ****     sys_mutex_get(&sobj);
 114              		.loc 1 166 1 is_stmt 0
 115 0008 4111     		addi	sp,sp,-16
 116              		.cfi_def_cfa_offset 32
 166:C:/Users/stapi/OneDrive/Desktop/GD32VW553/V1_MQTT_OK/GD32VW55X_Wifi_BLE_SDK/GD32VW55x_RELEASE_V1.0.2/MSDK/FatFS/src\ffsystem.c ****     sys_mutex_get(&sobj);
 117              		.loc 1 166 1
 118 000a 2AC6     		sw	a0,12(sp)
 119              		.loc 1 167 5
 120 000c 6800     		addi	a0,sp,12
 121              	.LVL11:
 122 000e 97000000 		call	sys_mutex_get
 122      E7800000 
 123              	.LVL12:
 168:C:/Users/stapi/OneDrive/Desktop/GD32VW553/V1_MQTT_OK/GD32VW55X_Wifi_BLE_SDK/GD32VW55x_RELEASE_V1.0.2/MSDK/FatFS/src\ffsystem.c ****     return 1;
 124              		.loc 1 168 5 is_stmt 1
 169:C:/Users/stapi/OneDrive/Desktop/GD32VW553/V1_MQTT_OK/GD32VW55X_Wifi_BLE_SDK/GD32VW55x_RELEASE_V1.0.2/MSDK/FatFS/src\ffsystem.c **** #if 0
 170:C:/Users/stapi/OneDrive/Desktop/GD32VW553/V1_MQTT_OK/GD32VW55X_Wifi_BLE_SDK/GD32VW55x_RELEASE_V1.0.2/MSDK/FatFS/src\ffsystem.c **** 	/* Win32 */
 171:C:/Users/stapi/OneDrive/Desktop/GD32VW553/V1_MQTT_OK/GD32VW55X_Wifi_BLE_SDK/GD32VW55x_RELEASE_V1.0.2/MSDK/FatFS/src\ffsystem.c **** 	return (int)(WaitForSingleObject(sobj, FF_FS_TIMEOUT) == WAIT_OBJECT_0);
 172:C:/Users/stapi/OneDrive/Desktop/GD32VW553/V1_MQTT_OK/GD32VW55X_Wifi_BLE_SDK/GD32VW55x_RELEASE_V1.0.2/MSDK/FatFS/src\ffsystem.c **** 
 173:C:/Users/stapi/OneDrive/Desktop/GD32VW553/V1_MQTT_OK/GD32VW55X_Wifi_BLE_SDK/GD32VW55x_RELEASE_V1.0.2/MSDK/FatFS/src\ffsystem.c **** 	/* uITRON */
 174:C:/Users/stapi/OneDrive/Desktop/GD32VW553/V1_MQTT_OK/GD32VW55X_Wifi_BLE_SDK/GD32VW55x_RELEASE_V1.0.2/MSDK/FatFS/src\ffsystem.c **** //	return (int)(wai_sem(sobj) == E_OK);
 175:C:/Users/stapi/OneDrive/Desktop/GD32VW553/V1_MQTT_OK/GD32VW55X_Wifi_BLE_SDK/GD32VW55x_RELEASE_V1.0.2/MSDK/FatFS/src\ffsystem.c **** 
 176:C:/Users/stapi/OneDrive/Desktop/GD32VW553/V1_MQTT_OK/GD32VW55X_Wifi_BLE_SDK/GD32VW55x_RELEASE_V1.0.2/MSDK/FatFS/src\ffsystem.c **** 	/* uC/OS-II */
 177:C:/Users/stapi/OneDrive/Desktop/GD32VW553/V1_MQTT_OK/GD32VW55X_Wifi_BLE_SDK/GD32VW55x_RELEASE_V1.0.2/MSDK/FatFS/src\ffsystem.c **** //	OS_ERR err;
 178:C:/Users/stapi/OneDrive/Desktop/GD32VW553/V1_MQTT_OK/GD32VW55X_Wifi_BLE_SDK/GD32VW55x_RELEASE_V1.0.2/MSDK/FatFS/src\ffsystem.c **** //	OSMutexPend(sobj, FF_FS_TIMEOUT, &err));
 179:C:/Users/stapi/OneDrive/Desktop/GD32VW553/V1_MQTT_OK/GD32VW55X_Wifi_BLE_SDK/GD32VW55x_RELEASE_V1.0.2/MSDK/FatFS/src\ffsystem.c **** //	return (int)(err == OS_NO_ERR);
 180:C:/Users/stapi/OneDrive/Desktop/GD32VW553/V1_MQTT_OK/GD32VW55X_Wifi_BLE_SDK/GD32VW55x_RELEASE_V1.0.2/MSDK/FatFS/src\ffsystem.c **** 
 181:C:/Users/stapi/OneDrive/Desktop/GD32VW553/V1_MQTT_OK/GD32VW55X_Wifi_BLE_SDK/GD32VW55x_RELEASE_V1.0.2/MSDK/FatFS/src\ffsystem.c **** 	/* FreeRTOS */
 182:C:/Users/stapi/OneDrive/Desktop/GD32VW553/V1_MQTT_OK/GD32VW55X_Wifi_BLE_SDK/GD32VW55x_RELEASE_V1.0.2/MSDK/FatFS/src\ffsystem.c **** //	return (int)(xSemaphoreTake(sobj, FF_FS_TIMEOUT) == pdTRUE);
 183:C:/Users/stapi/OneDrive/Desktop/GD32VW553/V1_MQTT_OK/GD32VW55X_Wifi_BLE_SDK/GD32VW55x_RELEASE_V1.0.2/MSDK/FatFS/src\ffsystem.c **** 
 184:C:/Users/stapi/OneDrive/Desktop/GD32VW553/V1_MQTT_OK/GD32VW55X_Wifi_BLE_SDK/GD32VW55x_RELEASE_V1.0.2/MSDK/FatFS/src\ffsystem.c **** 	/* CMSIS-RTOS */
 185:C:/Users/stapi/OneDrive/Desktop/GD32VW553/V1_MQTT_OK/GD32VW55X_Wifi_BLE_SDK/GD32VW55x_RELEASE_V1.0.2/MSDK/FatFS/src\ffsystem.c **** //	return (int)(osMutexWait(sobj, FF_FS_TIMEOUT) == osOK);
 186:C:/Users/stapi/OneDrive/Desktop/GD32VW553/V1_MQTT_OK/GD32VW55X_Wifi_BLE_SDK/GD32VW55x_RELEASE_V1.0.2/MSDK/FatFS/src\ffsystem.c **** #endif
 187:C:/Users/stapi/OneDrive/Desktop/GD32VW553/V1_MQTT_OK/GD32VW55X_Wifi_BLE_SDK/GD32VW55x_RELEASE_V1.0.2/MSDK/FatFS/src\ffsystem.c **** }
 125              		.loc 1 187 1 is_stmt 0
 126 0016 0545     		li	a0,1
 127 0018 4101     		addi	sp,sp,16
 128              		.cfi_def_cfa_offset 0
 129 001a 17030000 		tail	__riscv_restore_0
 129      67000300 
 130              		.cfi_restore 1
 131              		.cfi_def_cfa_offset -16
 132              		.cfi_endproc
 133              	.LFE4:
 135              		.section	.text.ff_rel_grant,"ax",@progbits
 136              		.align	1
 137              		.globl	ff_rel_grant
 139              	ff_rel_grant:
 140              	.LFB5:
 188:C:/Users/stapi/OneDrive/Desktop/GD32VW553/V1_MQTT_OK/GD32VW55X_Wifi_BLE_SDK/GD32VW55x_RELEASE_V1.0.2/MSDK/FatFS/src\ffsystem.c **** 
 189:C:/Users/stapi/OneDrive/Desktop/GD32VW553/V1_MQTT_OK/GD32VW55X_Wifi_BLE_SDK/GD32VW55x_RELEASE_V1.0.2/MSDK/FatFS/src\ffsystem.c **** 
 190:C:/Users/stapi/OneDrive/Desktop/GD32VW553/V1_MQTT_OK/GD32VW55X_Wifi_BLE_SDK/GD32VW55x_RELEASE_V1.0.2/MSDK/FatFS/src\ffsystem.c **** /*------------------------------------------------------------------------*/
 191:C:/Users/stapi/OneDrive/Desktop/GD32VW553/V1_MQTT_OK/GD32VW55X_Wifi_BLE_SDK/GD32VW55x_RELEASE_V1.0.2/MSDK/FatFS/src\ffsystem.c **** /* Release Grant to Access the Volume                                     */
 192:C:/Users/stapi/OneDrive/Desktop/GD32VW553/V1_MQTT_OK/GD32VW55X_Wifi_BLE_SDK/GD32VW55x_RELEASE_V1.0.2/MSDK/FatFS/src\ffsystem.c **** /*------------------------------------------------------------------------*/
 193:C:/Users/stapi/OneDrive/Desktop/GD32VW553/V1_MQTT_OK/GD32VW55X_Wifi_BLE_SDK/GD32VW55x_RELEASE_V1.0.2/MSDK/FatFS/src\ffsystem.c **** /* This function is called on leaving file functions to unlock the volume.
 194:C:/Users/stapi/OneDrive/Desktop/GD32VW553/V1_MQTT_OK/GD32VW55X_Wifi_BLE_SDK/GD32VW55x_RELEASE_V1.0.2/MSDK/FatFS/src\ffsystem.c **** */
 195:C:/Users/stapi/OneDrive/Desktop/GD32VW553/V1_MQTT_OK/GD32VW55X_Wifi_BLE_SDK/GD32VW55x_RELEASE_V1.0.2/MSDK/FatFS/src\ffsystem.c **** 
 196:C:/Users/stapi/OneDrive/Desktop/GD32VW553/V1_MQTT_OK/GD32VW55X_Wifi_BLE_SDK/GD32VW55x_RELEASE_V1.0.2/MSDK/FatFS/src\ffsystem.c **** void ff_rel_grant (
 197:C:/Users/stapi/OneDrive/Desktop/GD32VW553/V1_MQTT_OK/GD32VW55X_Wifi_BLE_SDK/GD32VW55x_RELEASE_V1.0.2/MSDK/FatFS/src\ffsystem.c ****     FF_SYNC_t sobj	/* Sync object to be signaled */
 198:C:/Users/stapi/OneDrive/Desktop/GD32VW553/V1_MQTT_OK/GD32VW55X_Wifi_BLE_SDK/GD32VW55x_RELEASE_V1.0.2/MSDK/FatFS/src\ffsystem.c **** )
 199:C:/Users/stapi/OneDrive/Desktop/GD32VW553/V1_MQTT_OK/GD32VW55X_Wifi_BLE_SDK/GD32VW55x_RELEASE_V1.0.2/MSDK/FatFS/src\ffsystem.c **** {
 141              		.loc 1 199 1 is_stmt 1
 142              		.cfi_startproc
 143              	.LVL13:
 144 0000 17030000 		call	t0,__riscv_save_0
 144      E7020300 
 145              		.cfi_offset 1, -4
 146              		.cfi_def_cfa_offset 16
 200:C:/Users/stapi/OneDrive/Desktop/GD32VW553/V1_MQTT_OK/GD32VW55X_Wifi_BLE_SDK/GD32VW55x_RELEASE_V1.0.2/MSDK/FatFS/src\ffsystem.c ****     sys_mutex_put(&sobj);
 147              		.loc 1 200 5
 199:C:/Users/stapi/OneDrive/Desktop/GD32VW553/V1_MQTT_OK/GD32VW55X_Wifi_BLE_SDK/GD32VW55x_RELEASE_V1.0.2/MSDK/FatFS/src\ffsystem.c ****     sys_mutex_put(&sobj);
 148              		.loc 1 199 1 is_stmt 0
 149 0008 4111     		addi	sp,sp,-16
 150              		.cfi_def_cfa_offset 32
 199:C:/Users/stapi/OneDrive/Desktop/GD32VW553/V1_MQTT_OK/GD32VW55X_Wifi_BLE_SDK/GD32VW55x_RELEASE_V1.0.2/MSDK/FatFS/src\ffsystem.c ****     sys_mutex_put(&sobj);
 151              		.loc 1 199 1
 152 000a 2AC6     		sw	a0,12(sp)
 153              		.loc 1 200 5
 154 000c 6800     		addi	a0,sp,12
 155              	.LVL14:
 156 000e 97000000 		call	sys_mutex_put
 156      E7800000 
 157              	.LVL15:
 201:C:/Users/stapi/OneDrive/Desktop/GD32VW553/V1_MQTT_OK/GD32VW55X_Wifi_BLE_SDK/GD32VW55x_RELEASE_V1.0.2/MSDK/FatFS/src\ffsystem.c **** #if 0
 202:C:/Users/stapi/OneDrive/Desktop/GD32VW553/V1_MQTT_OK/GD32VW55X_Wifi_BLE_SDK/GD32VW55x_RELEASE_V1.0.2/MSDK/FatFS/src\ffsystem.c **** 	/* Win32 */
 203:C:/Users/stapi/OneDrive/Desktop/GD32VW553/V1_MQTT_OK/GD32VW55X_Wifi_BLE_SDK/GD32VW55x_RELEASE_V1.0.2/MSDK/FatFS/src\ffsystem.c **** 	ReleaseMutex(sobj);
 204:C:/Users/stapi/OneDrive/Desktop/GD32VW553/V1_MQTT_OK/GD32VW55X_Wifi_BLE_SDK/GD32VW55x_RELEASE_V1.0.2/MSDK/FatFS/src\ffsystem.c **** 
 205:C:/Users/stapi/OneDrive/Desktop/GD32VW553/V1_MQTT_OK/GD32VW55X_Wifi_BLE_SDK/GD32VW55x_RELEASE_V1.0.2/MSDK/FatFS/src\ffsystem.c **** 	/* uITRON */
 206:C:/Users/stapi/OneDrive/Desktop/GD32VW553/V1_MQTT_OK/GD32VW55X_Wifi_BLE_SDK/GD32VW55x_RELEASE_V1.0.2/MSDK/FatFS/src\ffsystem.c **** //	sig_sem(sobj);
 207:C:/Users/stapi/OneDrive/Desktop/GD32VW553/V1_MQTT_OK/GD32VW55X_Wifi_BLE_SDK/GD32VW55x_RELEASE_V1.0.2/MSDK/FatFS/src\ffsystem.c **** 
 208:C:/Users/stapi/OneDrive/Desktop/GD32VW553/V1_MQTT_OK/GD32VW55X_Wifi_BLE_SDK/GD32VW55x_RELEASE_V1.0.2/MSDK/FatFS/src\ffsystem.c **** 	/* uC/OS-II */
 209:C:/Users/stapi/OneDrive/Desktop/GD32VW553/V1_MQTT_OK/GD32VW55X_Wifi_BLE_SDK/GD32VW55x_RELEASE_V1.0.2/MSDK/FatFS/src\ffsystem.c **** //	OSMutexPost(sobj);
 210:C:/Users/stapi/OneDrive/Desktop/GD32VW553/V1_MQTT_OK/GD32VW55X_Wifi_BLE_SDK/GD32VW55x_RELEASE_V1.0.2/MSDK/FatFS/src\ffsystem.c **** 
 211:C:/Users/stapi/OneDrive/Desktop/GD32VW553/V1_MQTT_OK/GD32VW55X_Wifi_BLE_SDK/GD32VW55x_RELEASE_V1.0.2/MSDK/FatFS/src\ffsystem.c **** 	/* FreeRTOS */
 212:C:/Users/stapi/OneDrive/Desktop/GD32VW553/V1_MQTT_OK/GD32VW55X_Wifi_BLE_SDK/GD32VW55x_RELEASE_V1.0.2/MSDK/FatFS/src\ffsystem.c **** //	xSemaphoreGive(sobj);
 213:C:/Users/stapi/OneDrive/Desktop/GD32VW553/V1_MQTT_OK/GD32VW55X_Wifi_BLE_SDK/GD32VW55x_RELEASE_V1.0.2/MSDK/FatFS/src\ffsystem.c **** 
 214:C:/Users/stapi/OneDrive/Desktop/GD32VW553/V1_MQTT_OK/GD32VW55X_Wifi_BLE_SDK/GD32VW55x_RELEASE_V1.0.2/MSDK/FatFS/src\ffsystem.c **** 	/* CMSIS-RTOS */
 215:C:/Users/stapi/OneDrive/Desktop/GD32VW553/V1_MQTT_OK/GD32VW55X_Wifi_BLE_SDK/GD32VW55x_RELEASE_V1.0.2/MSDK/FatFS/src\ffsystem.c **** //	osMutexRelease(sobj);
 216:C:/Users/stapi/OneDrive/Desktop/GD32VW553/V1_MQTT_OK/GD32VW55X_Wifi_BLE_SDK/GD32VW55x_RELEASE_V1.0.2/MSDK/FatFS/src\ffsystem.c **** #endif
 217:C:/Users/stapi/OneDrive/Desktop/GD32VW553/V1_MQTT_OK/GD32VW55X_Wifi_BLE_SDK/GD32VW55x_RELEASE_V1.0.2/MSDK/FatFS/src\ffsystem.c **** }
 158              		.loc 1 217 1
 159 0016 4101     		addi	sp,sp,16
 160              		.cfi_def_cfa_offset 0
 161 0018 17030000 		tail	__riscv_restore_0
 161      67000300 
 162              		.cfi_restore 1
 163              		.cfi_def_cfa_offset -16
 164              		.cfi_endproc
 165              	.LFE5:
 167              		.text
 168              	.Letext0:
 169              		.file 2 "..\\..\\..\\..\\rtos\\rtos_wrapper/wrapper_os.h"
 170              		.file 3 "C:/Users/stapi/OneDrive/Desktop/GD32VW553/V1_MQTT_OK/GD32VW55X_Wifi_BLE_SDK/GD32VW55x_REL
DEFINED SYMBOLS
                            *ABS*:0000000000000000 ffsystem.c
C:\Users\stapi\AppData\Local\Temp\ccxd0B1c.s:13     .text.ff_memalloc:0000000000000000 ff_memalloc
C:\Users\stapi\AppData\Local\Temp\ccxd0B1c.s:17     .text.ff_memalloc:0000000000000000 .L0 
C:\Users\stapi\AppData\Local\Temp\ccxd0B1c.s:19     .text.ff_memalloc:0000000000000000 .L0 
C:\Users\stapi\AppData\Local\Temp\ccxd0B1c.s:20     .text.ff_memalloc:0000000000000000 .L0 
C:\Users\stapi\AppData\Local\Temp\ccxd0B1c.s:21     .text.ff_memalloc:0000000000000000 .L0 
C:\Users\stapi\AppData\Local\Temp\ccxd0B1c.s:23     .text.ff_memalloc:0000000000000008 .L0 
C:\Users\stapi\AppData\Local\Temp\ccxd0B1c.s:30     .text.ff_memfree:0000000000000000 ff_memfree
C:\Users\stapi\AppData\Local\Temp\ccxd0B1c.s:33     .text.ff_memfree:0000000000000000 .L0 
C:\Users\stapi\AppData\Local\Temp\ccxd0B1c.s:35     .text.ff_memfree:0000000000000000 .L0 
C:\Users\stapi\AppData\Local\Temp\ccxd0B1c.s:36     .text.ff_memfree:0000000000000000 .L0 
C:\Users\stapi\AppData\Local\Temp\ccxd0B1c.s:38     .text.ff_memfree:0000000000000008 .L0 
C:\Users\stapi\AppData\Local\Temp\ccxd0B1c.s:45     .text.ff_cre_syncobj:0000000000000000 ff_cre_syncobj
C:\Users\stapi\AppData\Local\Temp\ccxd0B1c.s:48     .text.ff_cre_syncobj:0000000000000000 .L0 
C:\Users\stapi\AppData\Local\Temp\ccxd0B1c.s:50     .text.ff_cre_syncobj:0000000000000000 .L0 
C:\Users\stapi\AppData\Local\Temp\ccxd0B1c.s:51     .text.ff_cre_syncobj:0000000000000008 .L0 
C:\Users\stapi\AppData\Local\Temp\ccxd0B1c.s:52     .text.ff_cre_syncobj:0000000000000008 .L0 
C:\Users\stapi\AppData\Local\Temp\ccxd0B1c.s:54     .text.ff_cre_syncobj:0000000000000008 .L0 
C:\Users\stapi\AppData\Local\Temp\ccxd0B1c.s:59     .text.ff_cre_syncobj:0000000000000012 .L0 
C:\Users\stapi\AppData\Local\Temp\ccxd0B1c.s:60     .text.ff_cre_syncobj:0000000000000012 .L0 
C:\Users\stapi\AppData\Local\Temp\ccxd0B1c.s:62     .text.ff_cre_syncobj:000000000000001c .L0 
C:\Users\stapi\AppData\Local\Temp\ccxd0B1c.s:63     .text.ff_cre_syncobj:000000000000001c .L0 
C:\Users\stapi\AppData\Local\Temp\ccxd0B1c.s:64     .text.ff_cre_syncobj:000000000000001c .L0 
C:\Users\stapi\AppData\Local\Temp\ccxd0B1c.s:71     .text.ff_del_syncobj:0000000000000000 ff_del_syncobj
C:\Users\stapi\AppData\Local\Temp\ccxd0B1c.s:74     .text.ff_del_syncobj:0000000000000000 .L0 
C:\Users\stapi\AppData\Local\Temp\ccxd0B1c.s:76     .text.ff_del_syncobj:0000000000000000 .L0 
C:\Users\stapi\AppData\Local\Temp\ccxd0B1c.s:77     .text.ff_del_syncobj:0000000000000008 .L0 
C:\Users\stapi\AppData\Local\Temp\ccxd0B1c.s:78     .text.ff_del_syncobj:0000000000000008 .L0 
C:\Users\stapi\AppData\Local\Temp\ccxd0B1c.s:80     .text.ff_del_syncobj:0000000000000008 .L0 
C:\Users\stapi\AppData\Local\Temp\ccxd0B1c.s:81     .text.ff_del_syncobj:0000000000000008 .L0 
C:\Users\stapi\AppData\Local\Temp\ccxd0B1c.s:82     .text.ff_del_syncobj:000000000000000a .L0 
C:\Users\stapi\AppData\Local\Temp\ccxd0B1c.s:84     .text.ff_del_syncobj:000000000000000a .L0 
C:\Users\stapi\AppData\Local\Temp\ccxd0B1c.s:86     .text.ff_del_syncobj:000000000000000c .L0 
C:\Users\stapi\AppData\Local\Temp\ccxd0B1c.s:91     .text.ff_del_syncobj:0000000000000016 .L0 
C:\Users\stapi\AppData\Local\Temp\ccxd0B1c.s:92     .text.ff_del_syncobj:0000000000000016 .L0 
C:\Users\stapi\AppData\Local\Temp\ccxd0B1c.s:94     .text.ff_del_syncobj:000000000000001a .L0 
C:\Users\stapi\AppData\Local\Temp\ccxd0B1c.s:96     .text.ff_del_syncobj:0000000000000022 .L0 
C:\Users\stapi\AppData\Local\Temp\ccxd0B1c.s:97     .text.ff_del_syncobj:0000000000000022 .L0 
C:\Users\stapi\AppData\Local\Temp\ccxd0B1c.s:98     .text.ff_del_syncobj:0000000000000022 .L0 
C:\Users\stapi\AppData\Local\Temp\ccxd0B1c.s:105    .text.ff_req_grant:0000000000000000 ff_req_grant
C:\Users\stapi\AppData\Local\Temp\ccxd0B1c.s:108    .text.ff_req_grant:0000000000000000 .L0 
C:\Users\stapi\AppData\Local\Temp\ccxd0B1c.s:110    .text.ff_req_grant:0000000000000000 .L0 
C:\Users\stapi\AppData\Local\Temp\ccxd0B1c.s:111    .text.ff_req_grant:0000000000000008 .L0 
C:\Users\stapi\AppData\Local\Temp\ccxd0B1c.s:112    .text.ff_req_grant:0000000000000008 .L0 
C:\Users\stapi\AppData\Local\Temp\ccxd0B1c.s:114    .text.ff_req_grant:0000000000000008 .L0 
C:\Users\stapi\AppData\Local\Temp\ccxd0B1c.s:115    .text.ff_req_grant:0000000000000008 .L0 
C:\Users\stapi\AppData\Local\Temp\ccxd0B1c.s:116    .text.ff_req_grant:000000000000000a .L0 
C:\Users\stapi\AppData\Local\Temp\ccxd0B1c.s:118    .text.ff_req_grant:000000000000000a .L0 
C:\Users\stapi\AppData\Local\Temp\ccxd0B1c.s:120    .text.ff_req_grant:000000000000000c .L0 
C:\Users\stapi\AppData\Local\Temp\ccxd0B1c.s:125    .text.ff_req_grant:0000000000000016 .L0 
C:\Users\stapi\AppData\Local\Temp\ccxd0B1c.s:126    .text.ff_req_grant:0000000000000016 .L0 
C:\Users\stapi\AppData\Local\Temp\ccxd0B1c.s:128    .text.ff_req_grant:000000000000001a .L0 
C:\Users\stapi\AppData\Local\Temp\ccxd0B1c.s:130    .text.ff_req_grant:0000000000000022 .L0 
C:\Users\stapi\AppData\Local\Temp\ccxd0B1c.s:131    .text.ff_req_grant:0000000000000022 .L0 
C:\Users\stapi\AppData\Local\Temp\ccxd0B1c.s:132    .text.ff_req_grant:0000000000000022 .L0 
C:\Users\stapi\AppData\Local\Temp\ccxd0B1c.s:139    .text.ff_rel_grant:0000000000000000 ff_rel_grant
C:\Users\stapi\AppData\Local\Temp\ccxd0B1c.s:142    .text.ff_rel_grant:0000000000000000 .L0 
C:\Users\stapi\AppData\Local\Temp\ccxd0B1c.s:144    .text.ff_rel_grant:0000000000000000 .L0 
C:\Users\stapi\AppData\Local\Temp\ccxd0B1c.s:145    .text.ff_rel_grant:0000000000000008 .L0 
C:\Users\stapi\AppData\Local\Temp\ccxd0B1c.s:146    .text.ff_rel_grant:0000000000000008 .L0 
C:\Users\stapi\AppData\Local\Temp\ccxd0B1c.s:148    .text.ff_rel_grant:0000000000000008 .L0 
C:\Users\stapi\AppData\Local\Temp\ccxd0B1c.s:149    .text.ff_rel_grant:0000000000000008 .L0 
C:\Users\stapi\AppData\Local\Temp\ccxd0B1c.s:150    .text.ff_rel_grant:000000000000000a .L0 
C:\Users\stapi\AppData\Local\Temp\ccxd0B1c.s:152    .text.ff_rel_grant:000000000000000a .L0 
C:\Users\stapi\AppData\Local\Temp\ccxd0B1c.s:154    .text.ff_rel_grant:000000000000000c .L0 
C:\Users\stapi\AppData\Local\Temp\ccxd0B1c.s:159    .text.ff_rel_grant:0000000000000016 .L0 
C:\Users\stapi\AppData\Local\Temp\ccxd0B1c.s:160    .text.ff_rel_grant:0000000000000018 .L0 
C:\Users\stapi\AppData\Local\Temp\ccxd0B1c.s:162    .text.ff_rel_grant:0000000000000020 .L0 
C:\Users\stapi\AppData\Local\Temp\ccxd0B1c.s:163    .text.ff_rel_grant:0000000000000020 .L0 
C:\Users\stapi\AppData\Local\Temp\ccxd0B1c.s:164    .text.ff_rel_grant:0000000000000020 .L0 
C:\Users\stapi\AppData\Local\Temp\ccxd0B1c.s:26     .text.ff_memalloc:0000000000000008 .L0 
C:\Users\stapi\AppData\Local\Temp\ccxd0B1c.s:41     .text.ff_memfree:0000000000000008 .L0 
C:\Users\stapi\AppData\Local\Temp\ccxd0B1c.s:67     .text.ff_cre_syncobj:000000000000001c .L0 
C:\Users\stapi\AppData\Local\Temp\ccxd0B1c.s:101    .text.ff_del_syncobj:0000000000000022 .L0 
C:\Users\stapi\AppData\Local\Temp\ccxd0B1c.s:135    .text.ff_req_grant:0000000000000022 .L0 
C:\Users\stapi\AppData\Local\Temp\ccxd0B1c.s:167    .text.ff_rel_grant:0000000000000020 .L0 
                     .debug_frame:0000000000000000 .L0 
C:\Users\stapi\AppData\Local\Temp\ccxd0B1c.s:472    .debug_abbrev:0000000000000000 .Ldebug_abbrev0
C:\Users\stapi\AppData\Local\Temp\ccxd0B1c.s:850    .debug_str:0000000000000042 .LASF28
C:\Users\stapi\AppData\Local\Temp\ccxd0B1c.s:854    .debug_str:0000000000000149 .LASF29
C:\Users\stapi\AppData\Local\Temp\ccxd0B1c.s:886    .debug_str:0000000000000284 .LASF30
C:\Users\stapi\AppData\Local\Temp\ccxd0B1c.s:820    .debug_ranges:0000000000000000 .Ldebug_ranges0
C:\Users\stapi\AppData\Local\Temp\ccxd0B1c.s:836    .debug_line:0000000000000000 .Ldebug_line0
C:\Users\stapi\AppData\Local\Temp\ccxd0B1c.s:864    .debug_str:00000000000001f3 .LASF0
C:\Users\stapi\AppData\Local\Temp\ccxd0B1c.s:862    .debug_str:00000000000001e5 .LASF1
C:\Users\stapi\AppData\Local\Temp\ccxd0B1c.s:840    .debug_str:000000000000000e .LASF2
C:\Users\stapi\AppData\Local\Temp\ccxd0B1c.s:872    .debug_str:0000000000000230 .LASF3
C:\Users\stapi\AppData\Local\Temp\ccxd0B1c.s:856    .debug_str:00000000000001c8 .LASF4
C:\Users\stapi\AppData\Local\Temp\ccxd0B1c.s:884    .debug_str:0000000000000272 .LASF5
C:\Users\stapi\AppData\Local\Temp\ccxd0B1c.s:852    .debug_str:000000000000013b .LASF6
C:\Users\stapi\AppData\Local\Temp\ccxd0B1c.s:866    .debug_str:00000000000001ff .LASF7
C:\Users\stapi\AppData\Local\Temp\ccxd0B1c.s:868    .debug_str:0000000000000216 .LASF8
C:\Users\stapi\AppData\Local\Temp\ccxd0B1c.s:880    .debug_str:0000000000000258 .LASF9
C:\Users\stapi\AppData\Local\Temp\ccxd0B1c.s:858    .debug_str:00000000000001d1 .LASF10
C:\Users\stapi\AppData\Local\Temp\ccxd0B1c.s:842    .debug_str:0000000000000018 .LASF11
C:\Users\stapi\AppData\Local\Temp\ccxd0B1c.s:876    .debug_str:000000000000024e .LASF12
C:\Users\stapi\AppData\Local\Temp\ccxd0B1c.s:870    .debug_str:0000000000000223 .LASF17
C:\Users\stapi\AppData\Local\Temp\ccxd0B1c.s:140    .text.ff_rel_grant:0000000000000000 .LFB5
C:\Users\stapi\AppData\Local\Temp\ccxd0B1c.s:165    .text.ff_rel_grant:0000000000000020 .LFE5
C:\Users\stapi\AppData\Local\Temp\ccxd0B1c.s:878    .debug_str:0000000000000253 .LASF13
C:\Users\stapi\AppData\Local\Temp\ccxd0B1c.s:705    .debug_loc:0000000000000000 .LLST6
C:\Users\stapi\AppData\Local\Temp\ccxd0B1c.s:157    .text.ff_rel_grant:0000000000000016 .LVL15
C:\Users\stapi\AppData\Local\Temp\ccxd0B1c.s:888    .debug_str:000000000000030d .LASF14
C:\Users\stapi\AppData\Local\Temp\ccxd0B1c.s:106    .text.ff_req_grant:0000000000000000 .LFB4
C:\Users\stapi\AppData\Local\Temp\ccxd0B1c.s:133    .text.ff_req_grant:0000000000000022 .LFE4
C:\Users\stapi\AppData\Local\Temp\ccxd0B1c.s:717    .debug_loc:000000000000001f .LLST5
C:\Users\stapi\AppData\Local\Temp\ccxd0B1c.s:123    .text.ff_req_grant:0000000000000016 .LVL12
C:\Users\stapi\AppData\Local\Temp\ccxd0B1c.s:892    .debug_str:0000000000000320 .LASF15
C:\Users\stapi\AppData\Local\Temp\ccxd0B1c.s:72     .text.ff_del_syncobj:0000000000000000 .LFB3
C:\Users\stapi\AppData\Local\Temp\ccxd0B1c.s:99     .text.ff_del_syncobj:0000000000000022 .LFE3
C:\Users\stapi\AppData\Local\Temp\ccxd0B1c.s:729    .debug_loc:000000000000003e .LLST4
C:\Users\stapi\AppData\Local\Temp\ccxd0B1c.s:89     .text.ff_del_syncobj:0000000000000016 .LVL9
C:\Users\stapi\AppData\Local\Temp\ccxd0B1c.s:882    .debug_str:0000000000000263 .LASF16
C:\Users\stapi\AppData\Local\Temp\ccxd0B1c.s:46     .text.ff_cre_syncobj:0000000000000000 .LFB2
C:\Users\stapi\AppData\Local\Temp\ccxd0B1c.s:65     .text.ff_cre_syncobj:000000000000001c .LFE2
C:\Users\stapi\AppData\Local\Temp\ccxd0B1c.s:741    .debug_loc:000000000000005d .LLST2
C:\Users\stapi\AppData\Local\Temp\ccxd0B1c.s:755    .debug_loc:000000000000007e .LLST3
C:\Users\stapi\AppData\Local\Temp\ccxd0B1c.s:57     .text.ff_cre_syncobj:0000000000000012 .LVL6
C:\Users\stapi\AppData\Local\Temp\ccxd0B1c.s:846    .debug_str:0000000000000029 .LASF18
C:\Users\stapi\AppData\Local\Temp\ccxd0B1c.s:31     .text.ff_memfree:0000000000000000 .LFB1
C:\Users\stapi\AppData\Local\Temp\ccxd0B1c.s:39     .text.ff_memfree:0000000000000008 .LFE1
C:\Users\stapi\AppData\Local\Temp\ccxd0B1c.s:896    .debug_str:0000000000000339 .LASF19
C:\Users\stapi\AppData\Local\Temp\ccxd0B1c.s:769    .debug_loc:000000000000009f .LLST1
C:\Users\stapi\AppData\Local\Temp\ccxd0B1c.s:37     .text.ff_memfree:0000000000000008 .LVL3
C:\Users\stapi\AppData\Local\Temp\ccxd0B1c.s:844    .debug_str:000000000000001d .LASF20
C:\Users\stapi\AppData\Local\Temp\ccxd0B1c.s:14     .text.ff_memalloc:0000000000000000 .LFB0
C:\Users\stapi\AppData\Local\Temp\ccxd0B1c.s:24     .text.ff_memalloc:0000000000000008 .LFE0
C:\Users\stapi\AppData\Local\Temp\ccxd0B1c.s:890    .debug_str:000000000000031a .LASF21
C:\Users\stapi\AppData\Local\Temp\ccxd0B1c.s:783    .debug_loc:00000000000000c0 .LLST0
C:\Users\stapi\AppData\Local\Temp\ccxd0B1c.s:22     .text.ff_memalloc:0000000000000008 .LVL1
C:\Users\stapi\AppData\Local\Temp\ccxd0B1c.s:848    .debug_str:0000000000000034 .LASF22
C:\Users\stapi\AppData\Local\Temp\ccxd0B1c.s:838    .debug_str:0000000000000000 .LASF23
C:\Users\stapi\AppData\Local\Temp\ccxd0B1c.s:860    .debug_str:00000000000001d6 .LASF24
C:\Users\stapi\AppData\Local\Temp\ccxd0B1c.s:898    .debug_str:0000000000000340 .LASF25
C:\Users\stapi\AppData\Local\Temp\ccxd0B1c.s:894    .debug_str:000000000000032f .LASF26
C:\Users\stapi\AppData\Local\Temp\ccxd0B1c.s:874    .debug_str:0000000000000243 .LASF27
C:\Users\stapi\AppData\Local\Temp\ccxd0B1c.s:143    .text.ff_rel_grant:0000000000000000 .LVL13
C:\Users\stapi\AppData\Local\Temp\ccxd0B1c.s:155    .text.ff_rel_grant:000000000000000e .LVL14
C:\Users\stapi\AppData\Local\Temp\ccxd0B1c.s:109    .text.ff_req_grant:0000000000000000 .LVL10
C:\Users\stapi\AppData\Local\Temp\ccxd0B1c.s:121    .text.ff_req_grant:000000000000000e .LVL11
C:\Users\stapi\AppData\Local\Temp\ccxd0B1c.s:75     .text.ff_del_syncobj:0000000000000000 .LVL7
C:\Users\stapi\AppData\Local\Temp\ccxd0B1c.s:87     .text.ff_del_syncobj:000000000000000e .LVL8
C:\Users\stapi\AppData\Local\Temp\ccxd0B1c.s:49     .text.ff_cre_syncobj:0000000000000000 .LVL4
C:\Users\stapi\AppData\Local\Temp\ccxd0B1c.s:55     .text.ff_cre_syncobj:000000000000000a .LVL5
C:\Users\stapi\AppData\Local\Temp\ccxd0B1c.s:34     .text.ff_memfree:0000000000000000 .LVL2
C:\Users\stapi\AppData\Local\Temp\ccxd0B1c.s:18     .text.ff_memalloc:0000000000000000 .LVL0
C:\Users\stapi\AppData\Local\Temp\ccxd0B1c.s:172    .debug_info:0000000000000000 .Ldebug_info0

UNDEFINED SYMBOLS
sys_malloc
sys_mfree
__riscv_save_0
sys_mutex_init
__riscv_restore_0
sys_mutex_free
sys_mutex_get
sys_mutex_put
