   1              		.file	"tkl_output.c"
   2              		.option nopic
   3              		.attribute arch, "rv32i2p0_m2p0_a2p0_f2p0_c2p0_b_p0p94"
   4              		.attribute unaligned_access, 0
   5              		.attribute stack_align, 16
   6              		.text
   7              	.Ltext0:
   8              		.cfi_sections	.debug_frame
   9              	.Letext0:
DEFINED SYMBOLS
                            *ABS*:0000000000000000 tkl_output.c
C:\Users\stapi\AppData\Local\Temp\ccPFkEAh.s:76     .debug_abbrev:0000000000000000 .Ldebug_abbrev0
C:\Users\stapi\AppData\Local\Temp\ccPFkEAh.s:142    .debug_str:00000000000000e1 .LASF12
C:\Users\stapi\AppData\Local\Temp\ccPFkEAh.s:138    .debug_str:0000000000000052 .LASF13
C:\Users\stapi\AppData\Local\Temp\ccPFkEAh.s:152    .debug_str:0000000000000209 .LASF14
C:\Users\stapi\AppData\Local\Temp\ccPFkEAh.s:126    .debug_line:0000000000000000 .Ldebug_line0
C:\Users\stapi\AppData\Local\Temp\ccPFkEAh.s:150    .debug_str:00000000000001fd .LASF0
C:\Users\stapi\AppData\Local\Temp\ccPFkEAh.s:136    .debug_str:0000000000000044 .LASF1
C:\Users\stapi\AppData\Local\Temp\ccPFkEAh.s:156    .debug_str:000000000000028d .LASF2
C:\Users\stapi\AppData\Local\Temp\ccPFkEAh.s:148    .debug_str:00000000000001ea .LASF3
C:\Users\stapi\AppData\Local\Temp\ccPFkEAh.s:144    .debug_str:00000000000001da .LASF4
C:\Users\stapi\AppData\Local\Temp\ccPFkEAh.s:132    .debug_str:000000000000001b .LASF5
C:\Users\stapi\AppData\Local\Temp\ccPFkEAh.s:128    .debug_str:0000000000000000 .LASF6
C:\Users\stapi\AppData\Local\Temp\ccPFkEAh.s:134    .debug_str:000000000000002d .LASF7
C:\Users\stapi\AppData\Local\Temp\ccPFkEAh.s:130    .debug_str:000000000000000e .LASF8
C:\Users\stapi\AppData\Local\Temp\ccPFkEAh.s:140    .debug_str:00000000000000dc .LASF9
C:\Users\stapi\AppData\Local\Temp\ccPFkEAh.s:154    .debug_str:0000000000000287 .LASF10
C:\Users\stapi\AppData\Local\Temp\ccPFkEAh.s:146    .debug_str:00000000000001e3 .LASF11
C:\Users\stapi\AppData\Local\Temp\ccPFkEAh.s:11     .debug_info:0000000000000000 .Ldebug_info0

NO UNDEFINED SYMBOLS
