   1              		.file	"tkl_uart.c"
   2              		.option nopic
   3              		.attribute arch, "rv32i2p0_m2p0_a2p0_f2p0_c2p0_b_p0p94"
   4              		.attribute unaligned_access, 0
   5              		.attribute stack_align, 16
   6              		.text
   7              	.Ltext0:
   8              		.cfi_sections	.debug_frame
   9              	.Letext0:
DEFINED SYMBOLS
                            *ABS*:0000000000000000 tkl_uart.c
C:\Users\stapi\AppData\Local\Temp\cct4lPUz.s:76     .debug_abbrev:0000000000000000 .Ldebug_abbrev0
C:\Users\stapi\AppData\Local\Temp\cct4lPUz.s:142    .debug_str:00000000000000ea .LASF12
C:\Users\stapi\AppData\Local\Temp\cct4lPUz.s:132    .debug_str:000000000000001b .LASF13
C:\Users\stapi\AppData\Local\Temp\cct4lPUz.s:152    .debug_str:0000000000000212 .LASF14
C:\Users\stapi\AppData\Local\Temp\cct4lPUz.s:126    .debug_line:0000000000000000 .Ldebug_line0
C:\Users\stapi\AppData\Local\Temp\cct4lPUz.s:150    .debug_str:0000000000000206 .LASF0
C:\Users\stapi\AppData\Local\Temp\cct4lPUz.s:138    .debug_str:00000000000000d7 .LASF1
C:\Users\stapi\AppData\Local\Temp\cct4lPUz.s:156    .debug_str:00000000000002a1 .LASF2
C:\Users\stapi\AppData\Local\Temp\cct4lPUz.s:148    .debug_str:00000000000001f3 .LASF3
C:\Users\stapi\AppData\Local\Temp\cct4lPUz.s:144    .debug_str:00000000000001e3 .LASF4
C:\Users\stapi\AppData\Local\Temp\cct4lPUz.s:134    .debug_str:00000000000000ae .LASF5
C:\Users\stapi\AppData\Local\Temp\cct4lPUz.s:128    .debug_str:0000000000000000 .LASF6
C:\Users\stapi\AppData\Local\Temp\cct4lPUz.s:136    .debug_str:00000000000000c0 .LASF7
C:\Users\stapi\AppData\Local\Temp\cct4lPUz.s:130    .debug_str:000000000000000e .LASF8
C:\Users\stapi\AppData\Local\Temp\cct4lPUz.s:140    .debug_str:00000000000000e5 .LASF9
C:\Users\stapi\AppData\Local\Temp\cct4lPUz.s:154    .debug_str:000000000000029b .LASF10
C:\Users\stapi\AppData\Local\Temp\cct4lPUz.s:146    .debug_str:00000000000001ec .LASF11
C:\Users\stapi\AppData\Local\Temp\cct4lPUz.s:11     .debug_info:0000000000000000 .Ldebug_info0

NO UNDEFINED SYMBOLS
