   1              		.file	"tkl_sleep.c"
   2              		.option nopic
   3              		.attribute arch, "rv32i2p0_m2p0_a2p0_f2p0_c2p0_b_p0p94"
   4              		.attribute unaligned_access, 0
   5              		.attribute stack_align, 16
   6              		.text
   7              	.Ltext0:
   8              		.cfi_sections	.debug_frame
   9              	.Letext0:
DEFINED SYMBOLS
                            *ABS*:0000000000000000 tkl_sleep.c
C:\Users\stapi\AppData\Local\Temp\cchigejD.s:76     .debug_abbrev:0000000000000000 .Ldebug_abbrev0
C:\Users\stapi\AppData\Local\Temp\cchigejD.s:142    .debug_str:000000000000006a .LASF12
C:\Users\stapi\AppData\Local\Temp\cchigejD.s:148    .debug_str:0000000000000173 .LASF13
C:\Users\stapi\AppData\Local\Temp\cchigejD.s:152    .debug_str:0000000000000208 .LASF14
C:\Users\stapi\AppData\Local\Temp\cchigejD.s:126    .debug_line:0000000000000000 .Ldebug_line0
C:\Users\stapi\AppData\Local\Temp\cchigejD.s:132    .debug_str:0000000000000021 .LASF0
C:\Users\stapi\AppData\Local\Temp\cchigejD.s:150    .debug_str:00000000000001fc .LASF1
C:\Users\stapi\AppData\Local\Temp\cchigejD.s:138    .debug_str:0000000000000057 .LASF2
C:\Users\stapi\AppData\Local\Temp\cchigejD.s:156    .debug_str:000000000000028c .LASF3
C:\Users\stapi\AppData\Local\Temp\cchigejD.s:130    .debug_str:000000000000000e .LASF4
C:\Users\stapi\AppData\Local\Temp\cchigejD.s:144    .debug_str:0000000000000163 .LASF5
C:\Users\stapi\AppData\Local\Temp\cchigejD.s:134    .debug_str:000000000000002e .LASF6
C:\Users\stapi\AppData\Local\Temp\cchigejD.s:128    .debug_str:0000000000000000 .LASF7
C:\Users\stapi\AppData\Local\Temp\cchigejD.s:136    .debug_str:0000000000000040 .LASF8
C:\Users\stapi\AppData\Local\Temp\cchigejD.s:140    .debug_str:0000000000000065 .LASF9
C:\Users\stapi\AppData\Local\Temp\cchigejD.s:154    .debug_str:0000000000000286 .LASF10
C:\Users\stapi\AppData\Local\Temp\cchigejD.s:146    .debug_str:000000000000016c .LASF11
C:\Users\stapi\AppData\Local\Temp\cchigejD.s:11     .debug_info:0000000000000000 .Ldebug_info0

NO UNDEFINED SYMBOLS
