   1              		.file	"tkl_rtc.c"
   2              		.option nopic
   3              		.attribute arch, "rv32i2p0_m2p0_a2p0_f2p0_c2p0_b_p0p94"
   4              		.attribute unaligned_access, 0
   5              		.attribute stack_align, 16
   6              		.text
   7              	.Ltext0:
   8              		.cfi_sections	.debug_frame
   9              	.Letext0:
DEFINED SYMBOLS
                            *ABS*:0000000000000000 tkl_rtc.c
C:\Users\stapi\AppData\Local\Temp\ccebY40G.s:76     .debug_abbrev:0000000000000000 .Ldebug_abbrev0
C:\Users\stapi\AppData\Local\Temp\ccebY40G.s:142    .debug_str:00000000000000e9 .LASF12
C:\Users\stapi\AppData\Local\Temp\ccebY40G.s:132    .debug_str:000000000000001b .LASF13
C:\Users\stapi\AppData\Local\Temp\ccebY40G.s:152    .debug_str:0000000000000211 .LASF14
C:\Users\stapi\AppData\Local\Temp\ccebY40G.s:126    .debug_line:0000000000000000 .Ldebug_line0
C:\Users\stapi\AppData\Local\Temp\ccebY40G.s:130    .debug_str:000000000000000e .LASF0
C:\Users\stapi\AppData\Local\Temp\ccebY40G.s:150    .debug_str:0000000000000205 .LASF1
C:\Users\stapi\AppData\Local\Temp\ccebY40G.s:138    .debug_str:00000000000000d6 .LASF2
C:\Users\stapi\AppData\Local\Temp\ccebY40G.s:156    .debug_str:00000000000002a0 .LASF3
C:\Users\stapi\AppData\Local\Temp\ccebY40G.s:148    .debug_str:00000000000001f2 .LASF4
C:\Users\stapi\AppData\Local\Temp\ccebY40G.s:144    .debug_str:00000000000001e2 .LASF5
C:\Users\stapi\AppData\Local\Temp\ccebY40G.s:134    .debug_str:00000000000000ad .LASF6
C:\Users\stapi\AppData\Local\Temp\ccebY40G.s:128    .debug_str:0000000000000000 .LASF7
C:\Users\stapi\AppData\Local\Temp\ccebY40G.s:136    .debug_str:00000000000000bf .LASF8
C:\Users\stapi\AppData\Local\Temp\ccebY40G.s:140    .debug_str:00000000000000e4 .LASF9
C:\Users\stapi\AppData\Local\Temp\ccebY40G.s:154    .debug_str:000000000000029a .LASF10
C:\Users\stapi\AppData\Local\Temp\ccebY40G.s:146    .debug_str:00000000000001eb .LASF11
C:\Users\stapi\AppData\Local\Temp\ccebY40G.s:11     .debug_info:0000000000000000 .Ldebug_info0

NO UNDEFINED SYMBOLS
