   1              		.file	"tkl_flash.c"
   2              		.option nopic
   3              		.attribute arch, "rv32i2p0_m2p0_a2p0_f2p0_c2p0_b_p0p94"
   4              		.attribute unaligned_access, 0
   5              		.attribute stack_align, 16
   6              		.text
   7              	.Ltext0:
   8              		.cfi_sections	.debug_frame
   9              	.Letext0:
DEFINED SYMBOLS
                            *ABS*:0000000000000000 tkl_flash.c
C:\Users\stapi\AppData\Local\Temp\cc4OsQyh.s:76     .debug_abbrev:0000000000000000 .Ldebug_abbrev0
C:\Users\stapi\AppData\Local\Temp\cc4OsQyh.s:142    .debug_str:00000000000000eb .LASF12
C:\Users\stapi\AppData\Local\Temp\cc4OsQyh.s:130    .debug_str:000000000000000e .LASF13
C:\Users\stapi\AppData\Local\Temp\cc4OsQyh.s:152    .debug_str:0000000000000213 .LASF14
C:\Users\stapi\AppData\Local\Temp\cc4OsQyh.s:126    .debug_line:0000000000000000 .Ldebug_line0
C:\Users\stapi\AppData\Local\Temp\cc4OsQyh.s:150    .debug_str:0000000000000207 .LASF0
C:\Users\stapi\AppData\Local\Temp\cc4OsQyh.s:138    .debug_str:00000000000000d8 .LASF1
C:\Users\stapi\AppData\Local\Temp\cc4OsQyh.s:156    .debug_str:00000000000002a2 .LASF2
C:\Users\stapi\AppData\Local\Temp\cc4OsQyh.s:148    .debug_str:00000000000001f4 .LASF3
C:\Users\stapi\AppData\Local\Temp\cc4OsQyh.s:144    .debug_str:00000000000001e4 .LASF4
C:\Users\stapi\AppData\Local\Temp\cc4OsQyh.s:134    .debug_str:00000000000000af .LASF5
C:\Users\stapi\AppData\Local\Temp\cc4OsQyh.s:128    .debug_str:0000000000000000 .LASF6
C:\Users\stapi\AppData\Local\Temp\cc4OsQyh.s:136    .debug_str:00000000000000c1 .LASF7
C:\Users\stapi\AppData\Local\Temp\cc4OsQyh.s:132    .debug_str:00000000000000a2 .LASF8
C:\Users\stapi\AppData\Local\Temp\cc4OsQyh.s:140    .debug_str:00000000000000e6 .LASF9
C:\Users\stapi\AppData\Local\Temp\cc4OsQyh.s:154    .debug_str:000000000000029c .LASF10
C:\Users\stapi\AppData\Local\Temp\cc4OsQyh.s:146    .debug_str:00000000000001ed .LASF11
C:\Users\stapi\AppData\Local\Temp\cc4OsQyh.s:11     .debug_info:0000000000000000 .Ldebug_info0

NO UNDEFINED SYMBOLS
