   1              		.file	"tkl_bluetooth_mesh_prov.c"
   2              		.option nopic
   3              		.attribute arch, "rv32i2p0_m2p0_a2p0_f2p0_c2p0_b_p0p94"
   4              		.attribute unaligned_access, 0
   5              		.attribute stack_align, 16
   6              		.text
   7              	.Ltext0:
   8              		.cfi_sections	.debug_frame
   9              	.Letext0:
DEFINED SYMBOLS
                            *ABS*:0000000000000000 tkl_bluetooth_mesh_prov.c
C:\Users\stapi\AppData\Local\Temp\cc4GfuMj.s:76     .debug_abbrev:0000000000000000 .Ldebug_abbrev0
C:\Users\stapi\AppData\Local\Temp\cc4GfuMj.s:142    .debug_str:00000000000000f9 .LASF12
C:\Users\stapi\AppData\Local\Temp\cc4GfuMj.s:130    .debug_str:000000000000000e .LASF13
C:\Users\stapi\AppData\Local\Temp\cc4GfuMj.s:152    .debug_str:0000000000000221 .LASF14
C:\Users\stapi\AppData\Local\Temp\cc4GfuMj.s:126    .debug_line:0000000000000000 .Ldebug_line0
C:\Users\stapi\AppData\Local\Temp\cc4GfuMj.s:132    .debug_str:00000000000000b0 .LASF0
C:\Users\stapi\AppData\Local\Temp\cc4GfuMj.s:150    .debug_str:0000000000000215 .LASF1
C:\Users\stapi\AppData\Local\Temp\cc4GfuMj.s:138    .debug_str:00000000000000e6 .LASF2
C:\Users\stapi\AppData\Local\Temp\cc4GfuMj.s:156    .debug_str:00000000000002b0 .LASF3
C:\Users\stapi\AppData\Local\Temp\cc4GfuMj.s:148    .debug_str:0000000000000202 .LASF4
C:\Users\stapi\AppData\Local\Temp\cc4GfuMj.s:144    .debug_str:00000000000001f2 .LASF5
C:\Users\stapi\AppData\Local\Temp\cc4GfuMj.s:134    .debug_str:00000000000000bd .LASF6
C:\Users\stapi\AppData\Local\Temp\cc4GfuMj.s:128    .debug_str:0000000000000000 .LASF7
C:\Users\stapi\AppData\Local\Temp\cc4GfuMj.s:136    .debug_str:00000000000000cf .LASF8
C:\Users\stapi\AppData\Local\Temp\cc4GfuMj.s:140    .debug_str:00000000000000f4 .LASF9
C:\Users\stapi\AppData\Local\Temp\cc4GfuMj.s:154    .debug_str:00000000000002aa .LASF10
C:\Users\stapi\AppData\Local\Temp\cc4GfuMj.s:146    .debug_str:00000000000001fb .LASF11
C:\Users\stapi\AppData\Local\Temp\cc4GfuMj.s:11     .debug_info:0000000000000000 .Ldebug_info0

NO UNDEFINED SYMBOLS
