   1              		.file	"tkl_wifi.c"
   2              		.option nopic
   3              		.attribute arch, "rv32i2p0_m2p0_a2p0_f2p0_c2p0_b_p0p94"
   4              		.attribute unaligned_access, 0
   5              		.attribute stack_align, 16
   6              		.text
   7              	.Ltext0:
   8              		.cfi_sections	.debug_frame
   9              	.Letext0:
DEFINED SYMBOLS
                            *ABS*:0000000000000000 tkl_wifi.c
C:\Users\stapi\AppData\Local\Temp\ccrt3OQY.s:80     .debug_abbrev:0000000000000000 .Ldebug_abbrev0
C:\Users\stapi\AppData\Local\Temp\ccrt3OQY.s:146    .debug_str:00000000000000ea .LASF13
C:\Users\stapi\AppData\Local\Temp\ccrt3OQY.s:136    .debug_str:000000000000001b .LASF14
C:\Users\stapi\AppData\Local\Temp\ccrt3OQY.s:158    .debug_str:0000000000000218 .LASF15
C:\Users\stapi\AppData\Local\Temp\ccrt3OQY.s:130    .debug_line:0000000000000000 .Ldebug_line0
C:\Users\stapi\AppData\Local\Temp\ccrt3OQY.s:156    .debug_str:000000000000020c .LASF0
C:\Users\stapi\AppData\Local\Temp\ccrt3OQY.s:142    .debug_str:00000000000000d7 .LASF1
C:\Users\stapi\AppData\Local\Temp\ccrt3OQY.s:162    .debug_str:00000000000002a7 .LASF2
C:\Users\stapi\AppData\Local\Temp\ccrt3OQY.s:154    .debug_str:00000000000001f9 .LASF3
C:\Users\stapi\AppData\Local\Temp\ccrt3OQY.s:148    .debug_str:00000000000001e3 .LASF4
C:\Users\stapi\AppData\Local\Temp\ccrt3OQY.s:138    .debug_str:00000000000000ae .LASF5
C:\Users\stapi\AppData\Local\Temp\ccrt3OQY.s:132    .debug_str:0000000000000000 .LASF6
C:\Users\stapi\AppData\Local\Temp\ccrt3OQY.s:140    .debug_str:00000000000000c0 .LASF7
C:\Users\stapi\AppData\Local\Temp\ccrt3OQY.s:134    .debug_str:000000000000000e .LASF8
C:\Users\stapi\AppData\Local\Temp\ccrt3OQY.s:144    .debug_str:00000000000000e5 .LASF9
C:\Users\stapi\AppData\Local\Temp\ccrt3OQY.s:152    .debug_str:00000000000001f3 .LASF10
C:\Users\stapi\AppData\Local\Temp\ccrt3OQY.s:160    .debug_str:00000000000002a1 .LASF11
C:\Users\stapi\AppData\Local\Temp\ccrt3OQY.s:150    .debug_str:00000000000001ec .LASF12
C:\Users\stapi\AppData\Local\Temp\ccrt3OQY.s:11     .debug_info:0000000000000000 .Ldebug_info0

NO UNDEFINED SYMBOLS
