   1              		.file	"tkl_spi.c"
   2              		.option nopic
   3              		.attribute arch, "rv32i2p0_m2p0_a2p0_f2p0_c2p0_b_p0p94"
   4              		.attribute unaligned_access, 0
   5              		.attribute stack_align, 16
   6              		.text
   7              	.Ltext0:
   8              		.cfi_sections	.debug_frame
   9              	.Letext0:
DEFINED SYMBOLS
                            *ABS*:0000000000000000 tkl_spi.c
C:\Users\stapi\AppData\Local\Temp\ccpYNuUF.s:76     .debug_abbrev:0000000000000000 .Ldebug_abbrev0
C:\Users\stapi\AppData\Local\Temp\ccpYNuUF.s:140    .debug_str:0000000000000057 .LASF12
C:\Users\stapi\AppData\Local\Temp\ccpYNuUF.s:156    .debug_str:000000000000020d .LASF13
C:\Users\stapi\AppData\Local\Temp\ccpYNuUF.s:150    .debug_str:000000000000017f .LASF14
C:\Users\stapi\AppData\Local\Temp\ccpYNuUF.s:126    .debug_line:0000000000000000 .Ldebug_line0
C:\Users\stapi\AppData\Local\Temp\ccpYNuUF.s:130    .debug_str:000000000000000e .LASF0
C:\Users\stapi\AppData\Local\Temp\ccpYNuUF.s:148    .debug_str:0000000000000173 .LASF1
C:\Users\stapi\AppData\Local\Temp\ccpYNuUF.s:136    .debug_str:0000000000000044 .LASF2
C:\Users\stapi\AppData\Local\Temp\ccpYNuUF.s:154    .debug_str:0000000000000203 .LASF3
C:\Users\stapi\AppData\Local\Temp\ccpYNuUF.s:146    .debug_str:0000000000000160 .LASF4
C:\Users\stapi\AppData\Local\Temp\ccpYNuUF.s:142    .debug_str:0000000000000150 .LASF5
C:\Users\stapi\AppData\Local\Temp\ccpYNuUF.s:132    .debug_str:000000000000001b .LASF6
C:\Users\stapi\AppData\Local\Temp\ccpYNuUF.s:128    .debug_str:0000000000000000 .LASF7
C:\Users\stapi\AppData\Local\Temp\ccpYNuUF.s:134    .debug_str:000000000000002d .LASF8
C:\Users\stapi\AppData\Local\Temp\ccpYNuUF.s:138    .debug_str:0000000000000052 .LASF9
C:\Users\stapi\AppData\Local\Temp\ccpYNuUF.s:152    .debug_str:00000000000001fd .LASF10
C:\Users\stapi\AppData\Local\Temp\ccpYNuUF.s:144    .debug_str:0000000000000159 .LASF11
C:\Users\stapi\AppData\Local\Temp\ccpYNuUF.s:11     .debug_info:0000000000000000 .Ldebug_info0

NO UNDEFINED SYMBOLS
