   1              		.file	"tkl_semaphore.c"
   2              		.option nopic
   3              		.attribute arch, "rv32i2p0_m2p0_a2p0_f2p0_c2p0_b_p0p94"
   4              		.attribute unaligned_access, 0
   5              		.attribute stack_align, 16
   6              		.text
   7              	.Ltext0:
   8              		.cfi_sections	.debug_frame
   9              	.Letext0:
DEFINED SYMBOLS
                            *ABS*:0000000000000000 tkl_semaphore.c
C:\Users\stapi\AppData\Local\Temp\ccLbTVlv.s:76     .debug_abbrev:0000000000000000 .Ldebug_abbrev0
C:\Users\stapi\AppData\Local\Temp\ccLbTVlv.s:140    .debug_str:00000000000000d6 .LASF12
C:\Users\stapi\AppData\Local\Temp\ccLbTVlv.s:128    .debug_str:0000000000000000 .LASF13
C:\Users\stapi\AppData\Local\Temp\ccLbTVlv.s:152    .debug_str:000000000000020c .LASF14
C:\Users\stapi\AppData\Local\Temp\ccLbTVlv.s:126    .debug_line:0000000000000000 .Ldebug_line0
C:\Users\stapi\AppData\Local\Temp\ccLbTVlv.s:130    .debug_str:000000000000008d .LASF0
C:\Users\stapi\AppData\Local\Temp\ccLbTVlv.s:150    .debug_str:0000000000000200 .LASF1
C:\Users\stapi\AppData\Local\Temp\ccLbTVlv.s:136    .debug_str:00000000000000c3 .LASF2
C:\Users\stapi\AppData\Local\Temp\ccLbTVlv.s:156    .debug_str:0000000000000290 .LASF3
C:\Users\stapi\AppData\Local\Temp\ccLbTVlv.s:148    .debug_str:00000000000001ed .LASF4
C:\Users\stapi\AppData\Local\Temp\ccLbTVlv.s:142    .debug_str:00000000000001cf .LASF5
C:\Users\stapi\AppData\Local\Temp\ccLbTVlv.s:132    .debug_str:000000000000009a .LASF6
C:\Users\stapi\AppData\Local\Temp\ccLbTVlv.s:146    .debug_str:00000000000001df .LASF7
C:\Users\stapi\AppData\Local\Temp\ccLbTVlv.s:134    .debug_str:00000000000000ac .LASF8
C:\Users\stapi\AppData\Local\Temp\ccLbTVlv.s:138    .debug_str:00000000000000d1 .LASF9
C:\Users\stapi\AppData\Local\Temp\ccLbTVlv.s:154    .debug_str:000000000000028a .LASF10
C:\Users\stapi\AppData\Local\Temp\ccLbTVlv.s:144    .debug_str:00000000000001d8 .LASF11
C:\Users\stapi\AppData\Local\Temp\ccLbTVlv.s:11     .debug_info:0000000000000000 .Ldebug_info0

NO UNDEFINED SYMBOLS
