   1              		.file	"tkl_bluetooth.c"
   2              		.option nopic
   3              		.attribute arch, "rv32i2p0_m2p0_a2p0_f2p0_c2p0_b_p0p94"
   4              		.attribute unaligned_access, 0
   5              		.attribute stack_align, 16
   6              		.text
   7              	.Ltext0:
   8              		.cfi_sections	.debug_frame
   9              	.Letext0:
DEFINED SYMBOLS
                            *ABS*:0000000000000000 tkl_bluetooth.c
C:\Users\stapi\AppData\Local\Temp\ccgX865Y.s:80     .debug_abbrev:0000000000000000 .Ldebug_abbrev0
C:\Users\stapi\AppData\Local\Temp\ccgX865Y.s:146    .debug_str:00000000000000ef .LASF13
C:\Users\stapi\AppData\Local\Temp\ccgX865Y.s:140    .debug_str:0000000000000044 .LASF14
C:\Users\stapi\AppData\Local\Temp\ccgX865Y.s:158    .debug_str:000000000000021d .LASF15
C:\Users\stapi\AppData\Local\Temp\ccgX865Y.s:130    .debug_line:0000000000000000 .Ldebug_line0
C:\Users\stapi\AppData\Local\Temp\ccgX865Y.s:134    .debug_str:000000000000000e .LASF0
C:\Users\stapi\AppData\Local\Temp\ccgX865Y.s:156    .debug_str:0000000000000211 .LASF1
C:\Users\stapi\AppData\Local\Temp\ccgX865Y.s:142    .debug_str:00000000000000dc .LASF2
C:\Users\stapi\AppData\Local\Temp\ccgX865Y.s:162    .debug_str:00000000000002ac .LASF3
C:\Users\stapi\AppData\Local\Temp\ccgX865Y.s:154    .debug_str:00000000000001fe .LASF4
C:\Users\stapi\AppData\Local\Temp\ccgX865Y.s:148    .debug_str:00000000000001e8 .LASF5
C:\Users\stapi\AppData\Local\Temp\ccgX865Y.s:136    .debug_str:000000000000001b .LASF6
C:\Users\stapi\AppData\Local\Temp\ccgX865Y.s:132    .debug_str:0000000000000000 .LASF7
C:\Users\stapi\AppData\Local\Temp\ccgX865Y.s:138    .debug_str:000000000000002d .LASF8
C:\Users\stapi\AppData\Local\Temp\ccgX865Y.s:144    .debug_str:00000000000000ea .LASF9
C:\Users\stapi\AppData\Local\Temp\ccgX865Y.s:160    .debug_str:00000000000002a6 .LASF10
C:\Users\stapi\AppData\Local\Temp\ccgX865Y.s:150    .debug_str:00000000000001f1 .LASF11
C:\Users\stapi\AppData\Local\Temp\ccgX865Y.s:152    .debug_str:00000000000001f8 .LASF12
C:\Users\stapi\AppData\Local\Temp\ccgX865Y.s:11     .debug_info:0000000000000000 .Ldebug_info0

NO UNDEFINED SYMBOLS
