   1              		.file	"tuya_ble_hal.c"
   2              		.option nopic
   3              		.attribute arch, "rv32i2p0_m2p0_a2p0_f2p0_c2p0_b_p0p94"
   4              		.attribute unaligned_access, 0
   5              		.attribute stack_align, 16
   6              		.text
   7              	.Ltext0:
   8              		.cfi_sections	.debug_frame
   9              	.Letext0:
DEFINED SYMBOLS
                            *ABS*:0000000000000000 tuya_ble_hal.c
C:\Users\stapi\AppData\Local\Temp\ccxYGILh.s:80     .debug_abbrev:0000000000000000 .Ldebug_abbrev0
C:\Users\stapi\AppData\Local\Temp\ccxYGILh.s:146    .debug_str:00000000000000d0 .LASF13
C:\Users\stapi\AppData\Local\Temp\ccxYGILh.s:136    .debug_str:000000000000001b .LASF14
C:\Users\stapi\AppData\Local\Temp\ccxYGILh.s:158    .debug_str:00000000000001fe .LASF15
C:\Users\stapi\AppData\Local\Temp\ccxYGILh.s:130    .debug_line:0000000000000000 .Ldebug_line0
C:\Users\stapi\AppData\Local\Temp\ccxYGILh.s:134    .debug_str:000000000000000e .LASF0
C:\Users\stapi\AppData\Local\Temp\ccxYGILh.s:156    .debug_str:00000000000001f2 .LASF1
C:\Users\stapi\AppData\Local\Temp\ccxYGILh.s:142    .debug_str:00000000000000bd .LASF2
C:\Users\stapi\AppData\Local\Temp\ccxYGILh.s:162    .debug_str:0000000000000282 .LASF3
C:\Users\stapi\AppData\Local\Temp\ccxYGILh.s:154    .debug_str:00000000000001df .LASF4
C:\Users\stapi\AppData\Local\Temp\ccxYGILh.s:148    .debug_str:00000000000001c9 .LASF5
C:\Users\stapi\AppData\Local\Temp\ccxYGILh.s:138    .debug_str:0000000000000094 .LASF6
C:\Users\stapi\AppData\Local\Temp\ccxYGILh.s:132    .debug_str:0000000000000000 .LASF7
C:\Users\stapi\AppData\Local\Temp\ccxYGILh.s:140    .debug_str:00000000000000a6 .LASF8
C:\Users\stapi\AppData\Local\Temp\ccxYGILh.s:144    .debug_str:00000000000000cb .LASF9
C:\Users\stapi\AppData\Local\Temp\ccxYGILh.s:152    .debug_str:00000000000001d9 .LASF10
C:\Users\stapi\AppData\Local\Temp\ccxYGILh.s:160    .debug_str:000000000000027c .LASF11
C:\Users\stapi\AppData\Local\Temp\ccxYGILh.s:150    .debug_str:00000000000001d2 .LASF12
C:\Users\stapi\AppData\Local\Temp\ccxYGILh.s:11     .debug_info:0000000000000000 .Ldebug_info0

NO UNDEFINED SYMBOLS
