   1              		.file	"dh_group5.c"
   2              		.option nopic
   3              		.attribute arch, "rv32i2p0_m2p0_a2p0_f2p0_c2p0_b_p0p94"
   4              		.attribute unaligned_access, 0
   5              		.attribute stack_align, 16
   6              		.text
   7              	.Ltext0:
   8              		.cfi_sections	.debug_frame
   9              		.section	.text.dh5_init,"ax",@progbits
  10              		.align	1
  11              		.globl	dh5_init
  13              	dh5_init:
  14              	.LFB71:
  15              		.file 1 "C:/Users/stapi/OneDrive/Desktop/GD32VW553/V1_MQTT_OK/GD32VW55X_Wifi_BLE_SDK/GD32VW55x_REL
   1:C:/Users/stapi/OneDrive/Desktop/GD32VW553/V1_MQTT_OK/GD32VW55X_Wifi_BLE_SDK/GD32VW55x_RELEASE_V1.0.2/MSDK/wpa_supplicant/src/crypto\dh_group5.c **** /*
   2:C:/Users/stapi/OneDrive/Desktop/GD32VW553/V1_MQTT_OK/GD32VW55X_Wifi_BLE_SDK/GD32VW55x_RELEASE_V1.0.2/MSDK/wpa_supplicant/src/crypto\dh_group5.c ****  * Diffie-Hellman group 5 operations
   3:C:/Users/stapi/OneDrive/Desktop/GD32VW553/V1_MQTT_OK/GD32VW55X_Wifi_BLE_SDK/GD32VW55x_RELEASE_V1.0.2/MSDK/wpa_supplicant/src/crypto\dh_group5.c ****  * Copyright (c) 2009, 2012, Jouni Malinen <j@w1.fi>
   4:C:/Users/stapi/OneDrive/Desktop/GD32VW553/V1_MQTT_OK/GD32VW55X_Wifi_BLE_SDK/GD32VW55x_RELEASE_V1.0.2/MSDK/wpa_supplicant/src/crypto\dh_group5.c ****  *
   5:C:/Users/stapi/OneDrive/Desktop/GD32VW553/V1_MQTT_OK/GD32VW55X_Wifi_BLE_SDK/GD32VW55x_RELEASE_V1.0.2/MSDK/wpa_supplicant/src/crypto\dh_group5.c ****  * This software may be distributed under the terms of the BSD license.
   6:C:/Users/stapi/OneDrive/Desktop/GD32VW553/V1_MQTT_OK/GD32VW55X_Wifi_BLE_SDK/GD32VW55x_RELEASE_V1.0.2/MSDK/wpa_supplicant/src/crypto\dh_group5.c ****  * See README for more details.
   7:C:/Users/stapi/OneDrive/Desktop/GD32VW553/V1_MQTT_OK/GD32VW55X_Wifi_BLE_SDK/GD32VW55x_RELEASE_V1.0.2/MSDK/wpa_supplicant/src/crypto\dh_group5.c ****  */
   8:C:/Users/stapi/OneDrive/Desktop/GD32VW553/V1_MQTT_OK/GD32VW55X_Wifi_BLE_SDK/GD32VW55x_RELEASE_V1.0.2/MSDK/wpa_supplicant/src/crypto\dh_group5.c **** 
   9:C:/Users/stapi/OneDrive/Desktop/GD32VW553/V1_MQTT_OK/GD32VW55X_Wifi_BLE_SDK/GD32VW55x_RELEASE_V1.0.2/MSDK/wpa_supplicant/src/crypto\dh_group5.c **** #include "includes.h"
  10:C:/Users/stapi/OneDrive/Desktop/GD32VW553/V1_MQTT_OK/GD32VW55X_Wifi_BLE_SDK/GD32VW55x_RELEASE_V1.0.2/MSDK/wpa_supplicant/src/crypto\dh_group5.c **** 
  11:C:/Users/stapi/OneDrive/Desktop/GD32VW553/V1_MQTT_OK/GD32VW55X_Wifi_BLE_SDK/GD32VW55x_RELEASE_V1.0.2/MSDK/wpa_supplicant/src/crypto\dh_group5.c **** #include "common.h"
  12:C:/Users/stapi/OneDrive/Desktop/GD32VW553/V1_MQTT_OK/GD32VW55X_Wifi_BLE_SDK/GD32VW55x_RELEASE_V1.0.2/MSDK/wpa_supplicant/src/crypto\dh_group5.c **** #include "dh_groups.h"
  13:C:/Users/stapi/OneDrive/Desktop/GD32VW553/V1_MQTT_OK/GD32VW55X_Wifi_BLE_SDK/GD32VW55x_RELEASE_V1.0.2/MSDK/wpa_supplicant/src/crypto\dh_group5.c **** #include "dh_group5.h"
  14:C:/Users/stapi/OneDrive/Desktop/GD32VW553/V1_MQTT_OK/GD32VW55X_Wifi_BLE_SDK/GD32VW55x_RELEASE_V1.0.2/MSDK/wpa_supplicant/src/crypto\dh_group5.c **** 
  15:C:/Users/stapi/OneDrive/Desktop/GD32VW553/V1_MQTT_OK/GD32VW55X_Wifi_BLE_SDK/GD32VW55x_RELEASE_V1.0.2/MSDK/wpa_supplicant/src/crypto\dh_group5.c **** 
  16:C:/Users/stapi/OneDrive/Desktop/GD32VW553/V1_MQTT_OK/GD32VW55X_Wifi_BLE_SDK/GD32VW55x_RELEASE_V1.0.2/MSDK/wpa_supplicant/src/crypto\dh_group5.c **** void * dh5_init(struct wpabuf **priv, struct wpabuf **publ)
  17:C:/Users/stapi/OneDrive/Desktop/GD32VW553/V1_MQTT_OK/GD32VW55X_Wifi_BLE_SDK/GD32VW55x_RELEASE_V1.0.2/MSDK/wpa_supplicant/src/crypto\dh_group5.c **** {
  16              		.loc 1 17 1
  17              		.cfi_startproc
  18              	.LVL0:
  19 0000 17030000 		call	t0,__riscv_save_2
  19      E7020300 
  20              		.cfi_offset 9, -12
  21              		.cfi_offset 8, -8
  22              		.cfi_offset 1, -4
  23              		.cfi_def_cfa_offset 16
  18:C:/Users/stapi/OneDrive/Desktop/GD32VW553/V1_MQTT_OK/GD32VW55X_Wifi_BLE_SDK/GD32VW55x_RELEASE_V1.0.2/MSDK/wpa_supplicant/src/crypto\dh_group5.c **** 	wpabuf_free(*publ);
  24              		.loc 1 18 2
  17:C:/Users/stapi/OneDrive/Desktop/GD32VW553/V1_MQTT_OK/GD32VW55X_Wifi_BLE_SDK/GD32VW55x_RELEASE_V1.0.2/MSDK/wpa_supplicant/src/crypto\dh_group5.c **** 	wpabuf_free(*publ);
  25              		.loc 1 17 1 is_stmt 0
  26 0008 AA84     		mv	s1,a0
  27              		.loc 1 18 2
  28 000a 8841     		lw	a0,0(a1)
  29              	.LVL1:
  17:C:/Users/stapi/OneDrive/Desktop/GD32VW553/V1_MQTT_OK/GD32VW55X_Wifi_BLE_SDK/GD32VW55x_RELEASE_V1.0.2/MSDK/wpa_supplicant/src/crypto\dh_group5.c **** 	wpabuf_free(*publ);
  30              		.loc 1 17 1
  31 000c 2E84     		mv	s0,a1
  32              		.loc 1 18 2
  33 000e 97000000 		call	wpabuf_free
  33      E7800000 
  34              	.LVL2:
  19:C:/Users/stapi/OneDrive/Desktop/GD32VW553/V1_MQTT_OK/GD32VW55X_Wifi_BLE_SDK/GD32VW55x_RELEASE_V1.0.2/MSDK/wpa_supplicant/src/crypto\dh_group5.c **** 	*publ = dh_init(dh_groups_get(5), priv);
  35              		.loc 1 19 2 is_stmt 1
  36              		.loc 1 19 10 is_stmt 0
  37 0016 1545     		li	a0,5
  38 0018 97000000 		call	dh_groups_get
  38      E7800000 
  39              	.LVL3:
  40 0020 A685     		mv	a1,s1
  41 0022 97000000 		call	dh_init
  41      E7800000 
  42              	.LVL4:
  43              		.loc 1 19 8
  44 002a 08C0     		sw	a0,0(s0)
  20:C:/Users/stapi/OneDrive/Desktop/GD32VW553/V1_MQTT_OK/GD32VW55X_Wifi_BLE_SDK/GD32VW55x_RELEASE_V1.0.2/MSDK/wpa_supplicant/src/crypto\dh_group5.c **** 	if (*publ == NULL)
  45              		.loc 1 20 2 is_stmt 1
  21:C:/Users/stapi/OneDrive/Desktop/GD32VW553/V1_MQTT_OK/GD32VW55X_Wifi_BLE_SDK/GD32VW55x_RELEASE_V1.0.2/MSDK/wpa_supplicant/src/crypto\dh_group5.c **** 		return NULL;
  22:C:/Users/stapi/OneDrive/Desktop/GD32VW553/V1_MQTT_OK/GD32VW55X_Wifi_BLE_SDK/GD32VW55x_RELEASE_V1.0.2/MSDK/wpa_supplicant/src/crypto\dh_group5.c **** 	return (void *) 1;
  23:C:/Users/stapi/OneDrive/Desktop/GD32VW553/V1_MQTT_OK/GD32VW55X_Wifi_BLE_SDK/GD32VW55x_RELEASE_V1.0.2/MSDK/wpa_supplicant/src/crypto\dh_group5.c **** }
  46              		.loc 1 23 1 is_stmt 0
  47 002c 3335A000 		snez	a0,a0
  48 0030 17030000 		tail	__riscv_restore_2
  48      67000300 
  49              		.cfi_restore 9
  50              		.cfi_restore 8
  51              		.cfi_restore 1
  52              		.cfi_def_cfa_offset 0
  53              		.cfi_endproc
  54              	.LFE71:
  56              		.section	.text.dh5_init_fixed,"ax",@progbits
  57              		.align	1
  58              		.globl	dh5_init_fixed
  60              	dh5_init_fixed:
  61              	.LFB72:
  24:C:/Users/stapi/OneDrive/Desktop/GD32VW553/V1_MQTT_OK/GD32VW55X_Wifi_BLE_SDK/GD32VW55x_RELEASE_V1.0.2/MSDK/wpa_supplicant/src/crypto\dh_group5.c **** 
  25:C:/Users/stapi/OneDrive/Desktop/GD32VW553/V1_MQTT_OK/GD32VW55X_Wifi_BLE_SDK/GD32VW55x_RELEASE_V1.0.2/MSDK/wpa_supplicant/src/crypto\dh_group5.c **** 
  26:C:/Users/stapi/OneDrive/Desktop/GD32VW553/V1_MQTT_OK/GD32VW55X_Wifi_BLE_SDK/GD32VW55x_RELEASE_V1.0.2/MSDK/wpa_supplicant/src/crypto\dh_group5.c **** void * dh5_init_fixed(const struct wpabuf *priv, const struct wpabuf *publ)
  27:C:/Users/stapi/OneDrive/Desktop/GD32VW553/V1_MQTT_OK/GD32VW55X_Wifi_BLE_SDK/GD32VW55x_RELEASE_V1.0.2/MSDK/wpa_supplicant/src/crypto\dh_group5.c **** {
  62              		.loc 1 27 1 is_stmt 1
  63              		.cfi_startproc
  64              	.LVL5:
  28:C:/Users/stapi/OneDrive/Desktop/GD32VW553/V1_MQTT_OK/GD32VW55X_Wifi_BLE_SDK/GD32VW55x_RELEASE_V1.0.2/MSDK/wpa_supplicant/src/crypto\dh_group5.c **** 	return (void *) 1;
  65              		.loc 1 28 2
  29:C:/Users/stapi/OneDrive/Desktop/GD32VW553/V1_MQTT_OK/GD32VW55X_Wifi_BLE_SDK/GD32VW55x_RELEASE_V1.0.2/MSDK/wpa_supplicant/src/crypto\dh_group5.c **** }
  66              		.loc 1 29 1 is_stmt 0
  67 0000 0545     		li	a0,1
  68              	.LVL6:
  69 0002 8280     		ret
  70              		.cfi_endproc
  71              	.LFE72:
  73              		.section	.text.dh5_derive_shared,"ax",@progbits
  74              		.align	1
  75              		.globl	dh5_derive_shared
  77              	dh5_derive_shared:
  78              	.LFB73:
  30:C:/Users/stapi/OneDrive/Desktop/GD32VW553/V1_MQTT_OK/GD32VW55X_Wifi_BLE_SDK/GD32VW55x_RELEASE_V1.0.2/MSDK/wpa_supplicant/src/crypto\dh_group5.c **** 
  31:C:/Users/stapi/OneDrive/Desktop/GD32VW553/V1_MQTT_OK/GD32VW55X_Wifi_BLE_SDK/GD32VW55x_RELEASE_V1.0.2/MSDK/wpa_supplicant/src/crypto\dh_group5.c **** 
  32:C:/Users/stapi/OneDrive/Desktop/GD32VW553/V1_MQTT_OK/GD32VW55X_Wifi_BLE_SDK/GD32VW55x_RELEASE_V1.0.2/MSDK/wpa_supplicant/src/crypto\dh_group5.c **** struct wpabuf * dh5_derive_shared(void *ctx, const struct wpabuf *peer_public,
  33:C:/Users/stapi/OneDrive/Desktop/GD32VW553/V1_MQTT_OK/GD32VW55X_Wifi_BLE_SDK/GD32VW55x_RELEASE_V1.0.2/MSDK/wpa_supplicant/src/crypto\dh_group5.c **** 				  const struct wpabuf *own_private)
  34:C:/Users/stapi/OneDrive/Desktop/GD32VW553/V1_MQTT_OK/GD32VW55X_Wifi_BLE_SDK/GD32VW55x_RELEASE_V1.0.2/MSDK/wpa_supplicant/src/crypto\dh_group5.c **** {
  79              		.loc 1 34 1 is_stmt 1
  80              		.cfi_startproc
  81              	.LVL7:
  82 0000 17030000 		call	t0,__riscv_save_1
  82      E7020300 
  83              		.cfi_offset 8, -8
  84              		.cfi_offset 1, -4
  85              		.cfi_def_cfa_offset 16
  35:C:/Users/stapi/OneDrive/Desktop/GD32VW553/V1_MQTT_OK/GD32VW55X_Wifi_BLE_SDK/GD32VW55x_RELEASE_V1.0.2/MSDK/wpa_supplicant/src/crypto\dh_group5.c **** 	return dh_derive_shared(peer_public, own_private, dh_groups_get(5));
  86              		.loc 1 35 2
  34:C:/Users/stapi/OneDrive/Desktop/GD32VW553/V1_MQTT_OK/GD32VW55X_Wifi_BLE_SDK/GD32VW55x_RELEASE_V1.0.2/MSDK/wpa_supplicant/src/crypto\dh_group5.c **** 	return dh_derive_shared(peer_public, own_private, dh_groups_get(5));
  87              		.loc 1 34 1 is_stmt 0
  88 0008 4111     		addi	sp,sp,-16
  89              		.cfi_def_cfa_offset 32
  90              		.loc 1 35 9
  91 000a 1545     		li	a0,5
  92              	.LVL8:
  34:C:/Users/stapi/OneDrive/Desktop/GD32VW553/V1_MQTT_OK/GD32VW55X_Wifi_BLE_SDK/GD32VW55x_RELEASE_V1.0.2/MSDK/wpa_supplicant/src/crypto\dh_group5.c **** 	return dh_derive_shared(peer_public, own_private, dh_groups_get(5));
  93              		.loc 1 34 1
  94 000c 2E84     		mv	s0,a1
  95 000e 32C6     		sw	a2,12(sp)
  96              		.loc 1 35 9
  97 0010 97000000 		call	dh_groups_get
  97      E7800000 
  98              	.LVL9:
  99 0018 B245     		lw	a1,12(sp)
 100 001a 2A86     		mv	a2,a0
 101 001c 2285     		mv	a0,s0
 102 001e 97000000 		call	dh_derive_shared
 102      E7800000 
 103              	.LVL10:
  36:C:/Users/stapi/OneDrive/Desktop/GD32VW553/V1_MQTT_OK/GD32VW55X_Wifi_BLE_SDK/GD32VW55x_RELEASE_V1.0.2/MSDK/wpa_supplicant/src/crypto\dh_group5.c **** }
 104              		.loc 1 36 1
 105 0026 4101     		addi	sp,sp,16
 106              		.cfi_def_cfa_offset 0
 107              	.LVL11:
 108 0028 17030000 		tail	__riscv_restore_1
 108      67000300 
 109              		.cfi_restore 8
 110              		.cfi_restore 1
 111              		.cfi_def_cfa_offset -16
 112              		.cfi_endproc
 113              	.LFE73:
 115              		.section	.text.dh5_free,"ax",@progbits
 116              		.align	1
 117              		.globl	dh5_free
 119              	dh5_free:
 120              	.LFB74:
  37:C:/Users/stapi/OneDrive/Desktop/GD32VW553/V1_MQTT_OK/GD32VW55X_Wifi_BLE_SDK/GD32VW55x_RELEASE_V1.0.2/MSDK/wpa_supplicant/src/crypto\dh_group5.c **** 
  38:C:/Users/stapi/OneDrive/Desktop/GD32VW553/V1_MQTT_OK/GD32VW55X_Wifi_BLE_SDK/GD32VW55x_RELEASE_V1.0.2/MSDK/wpa_supplicant/src/crypto\dh_group5.c **** 
  39:C:/Users/stapi/OneDrive/Desktop/GD32VW553/V1_MQTT_OK/GD32VW55X_Wifi_BLE_SDK/GD32VW55x_RELEASE_V1.0.2/MSDK/wpa_supplicant/src/crypto\dh_group5.c **** void dh5_free(void *ctx)
  40:C:/Users/stapi/OneDrive/Desktop/GD32VW553/V1_MQTT_OK/GD32VW55X_Wifi_BLE_SDK/GD32VW55x_RELEASE_V1.0.2/MSDK/wpa_supplicant/src/crypto\dh_group5.c **** {
 121              		.loc 1 40 1 is_stmt 1
 122              		.cfi_startproc
 123              	.LVL12:
  41:C:/Users/stapi/OneDrive/Desktop/GD32VW553/V1_MQTT_OK/GD32VW55X_Wifi_BLE_SDK/GD32VW55x_RELEASE_V1.0.2/MSDK/wpa_supplicant/src/crypto\dh_group5.c **** }
 124              		.loc 1 41 1
 125 0000 8280     		ret
 126              		.cfi_endproc
 127              	.LFE74:
 129              		.text
 130              	.Letext0:
 131              		.file 2 "c:\\users\\stapi\\onedrive\\desktop\\gd32vw553\\embeddedbuilder_v1.4.7.26843\\tools\\nucl
 132              		.file 3 "c:\\users\\stapi\\onedrive\\desktop\\gd32vw553\\embeddedbuilder_v1.4.7.26843\\tools\\nucl
 133              		.file 4 "c:\\users\\stapi\\onedrive\\desktop\\gd32vw553\\embeddedbuilder_v1.4.7.26843\\tools\\nucl
 134              		.file 5 "..\\..\\..\\..\\wpa_supplicant\\src\\utils/wpabuf.h"
 135              		.file 6 "C:/Users/stapi/OneDrive/Desktop/GD32VW553/V1_MQTT_OK/GD32VW55X_Wifi_BLE_SDK/GD32VW55x_REL
 136              		.file 7 "..\\..\\..\\..\\wpa_supplicant\\src\\utils/common.h"
DEFINED SYMBOLS
                            *ABS*:0000000000000000 dh_group5.c
C:\Users\stapi\AppData\Local\Temp\cc9X49Rn.s:13     .text.dh5_init:0000000000000000 dh5_init
C:\Users\stapi\AppData\Local\Temp\cc9X49Rn.s:17     .text.dh5_init:0000000000000000 .L0 
C:\Users\stapi\AppData\Local\Temp\cc9X49Rn.s:19     .text.dh5_init:0000000000000000 .L0 
C:\Users\stapi\AppData\Local\Temp\cc9X49Rn.s:20     .text.dh5_init:0000000000000008 .L0 
C:\Users\stapi\AppData\Local\Temp\cc9X49Rn.s:21     .text.dh5_init:0000000000000008 .L0 
C:\Users\stapi\AppData\Local\Temp\cc9X49Rn.s:22     .text.dh5_init:0000000000000008 .L0 
C:\Users\stapi\AppData\Local\Temp\cc9X49Rn.s:23     .text.dh5_init:0000000000000008 .L0 
C:\Users\stapi\AppData\Local\Temp\cc9X49Rn.s:25     .text.dh5_init:0000000000000008 .L0 
C:\Users\stapi\AppData\Local\Temp\cc9X49Rn.s:26     .text.dh5_init:0000000000000008 .L0 
C:\Users\stapi\AppData\Local\Temp\cc9X49Rn.s:28     .text.dh5_init:000000000000000a .L0 
C:\Users\stapi\AppData\Local\Temp\cc9X49Rn.s:31     .text.dh5_init:000000000000000c .L0 
C:\Users\stapi\AppData\Local\Temp\cc9X49Rn.s:33     .text.dh5_init:000000000000000e .L0 
C:\Users\stapi\AppData\Local\Temp\cc9X49Rn.s:36     .text.dh5_init:0000000000000016 .L0 
C:\Users\stapi\AppData\Local\Temp\cc9X49Rn.s:37     .text.dh5_init:0000000000000016 .L0 
C:\Users\stapi\AppData\Local\Temp\cc9X49Rn.s:44     .text.dh5_init:000000000000002a .L0 
C:\Users\stapi\AppData\Local\Temp\cc9X49Rn.s:46     .text.dh5_init:000000000000002c .L0 
C:\Users\stapi\AppData\Local\Temp\cc9X49Rn.s:47     .text.dh5_init:000000000000002c .L0 
C:\Users\stapi\AppData\Local\Temp\cc9X49Rn.s:49     .text.dh5_init:0000000000000038 .L0 
C:\Users\stapi\AppData\Local\Temp\cc9X49Rn.s:50     .text.dh5_init:0000000000000038 .L0 
C:\Users\stapi\AppData\Local\Temp\cc9X49Rn.s:51     .text.dh5_init:0000000000000038 .L0 
C:\Users\stapi\AppData\Local\Temp\cc9X49Rn.s:52     .text.dh5_init:0000000000000038 .L0 
C:\Users\stapi\AppData\Local\Temp\cc9X49Rn.s:53     .text.dh5_init:0000000000000038 .L0 
C:\Users\stapi\AppData\Local\Temp\cc9X49Rn.s:60     .text.dh5_init_fixed:0000000000000000 dh5_init_fixed
C:\Users\stapi\AppData\Local\Temp\cc9X49Rn.s:63     .text.dh5_init_fixed:0000000000000000 .L0 
C:\Users\stapi\AppData\Local\Temp\cc9X49Rn.s:65     .text.dh5_init_fixed:0000000000000000 .L0 
C:\Users\stapi\AppData\Local\Temp\cc9X49Rn.s:66     .text.dh5_init_fixed:0000000000000000 .L0 
C:\Users\stapi\AppData\Local\Temp\cc9X49Rn.s:67     .text.dh5_init_fixed:0000000000000000 .L0 
C:\Users\stapi\AppData\Local\Temp\cc9X49Rn.s:70     .text.dh5_init_fixed:0000000000000004 .L0 
C:\Users\stapi\AppData\Local\Temp\cc9X49Rn.s:77     .text.dh5_derive_shared:0000000000000000 dh5_derive_shared
C:\Users\stapi\AppData\Local\Temp\cc9X49Rn.s:80     .text.dh5_derive_shared:0000000000000000 .L0 
C:\Users\stapi\AppData\Local\Temp\cc9X49Rn.s:82     .text.dh5_derive_shared:0000000000000000 .L0 
C:\Users\stapi\AppData\Local\Temp\cc9X49Rn.s:83     .text.dh5_derive_shared:0000000000000008 .L0 
C:\Users\stapi\AppData\Local\Temp\cc9X49Rn.s:84     .text.dh5_derive_shared:0000000000000008 .L0 
C:\Users\stapi\AppData\Local\Temp\cc9X49Rn.s:85     .text.dh5_derive_shared:0000000000000008 .L0 
C:\Users\stapi\AppData\Local\Temp\cc9X49Rn.s:87     .text.dh5_derive_shared:0000000000000008 .L0 
C:\Users\stapi\AppData\Local\Temp\cc9X49Rn.s:88     .text.dh5_derive_shared:0000000000000008 .L0 
C:\Users\stapi\AppData\Local\Temp\cc9X49Rn.s:89     .text.dh5_derive_shared:000000000000000a .L0 
C:\Users\stapi\AppData\Local\Temp\cc9X49Rn.s:91     .text.dh5_derive_shared:000000000000000a .L0 
C:\Users\stapi\AppData\Local\Temp\cc9X49Rn.s:94     .text.dh5_derive_shared:000000000000000c .L0 
C:\Users\stapi\AppData\Local\Temp\cc9X49Rn.s:97     .text.dh5_derive_shared:0000000000000010 .L0 
C:\Users\stapi\AppData\Local\Temp\cc9X49Rn.s:105    .text.dh5_derive_shared:0000000000000026 .L0 
C:\Users\stapi\AppData\Local\Temp\cc9X49Rn.s:106    .text.dh5_derive_shared:0000000000000028 .L0 
C:\Users\stapi\AppData\Local\Temp\cc9X49Rn.s:109    .text.dh5_derive_shared:0000000000000030 .L0 
C:\Users\stapi\AppData\Local\Temp\cc9X49Rn.s:110    .text.dh5_derive_shared:0000000000000030 .L0 
C:\Users\stapi\AppData\Local\Temp\cc9X49Rn.s:111    .text.dh5_derive_shared:0000000000000030 .L0 
C:\Users\stapi\AppData\Local\Temp\cc9X49Rn.s:112    .text.dh5_derive_shared:0000000000000030 .L0 
C:\Users\stapi\AppData\Local\Temp\cc9X49Rn.s:119    .text.dh5_free:0000000000000000 dh5_free
C:\Users\stapi\AppData\Local\Temp\cc9X49Rn.s:122    .text.dh5_free:0000000000000000 .L0 
C:\Users\stapi\AppData\Local\Temp\cc9X49Rn.s:124    .text.dh5_free:0000000000000000 .L0 
C:\Users\stapi\AppData\Local\Temp\cc9X49Rn.s:125    .text.dh5_free:0000000000000000 .L0 
C:\Users\stapi\AppData\Local\Temp\cc9X49Rn.s:126    .text.dh5_free:0000000000000002 .L0 
C:\Users\stapi\AppData\Local\Temp\cc9X49Rn.s:56     .text.dh5_init:0000000000000038 .L0 
C:\Users\stapi\AppData\Local\Temp\cc9X49Rn.s:73     .text.dh5_init_fixed:0000000000000004 .L0 
C:\Users\stapi\AppData\Local\Temp\cc9X49Rn.s:115    .text.dh5_derive_shared:0000000000000030 .L0 
C:\Users\stapi\AppData\Local\Temp\cc9X49Rn.s:129    .text.dh5_free:0000000000000002 .L0 
                     .debug_frame:0000000000000000 .L0 
C:\Users\stapi\AppData\Local\Temp\cc9X49Rn.s:456    .debug_abbrev:0000000000000000 .Ldebug_abbrev0
C:\Users\stapi\AppData\Local\Temp\cc9X49Rn.s:931    .debug_str:00000000000001d1 .LASF28
C:\Users\stapi\AppData\Local\Temp\cc9X49Rn.s:929    .debug_str:0000000000000141 .LASF29
C:\Users\stapi\AppData\Local\Temp\cc9X49Rn.s:925    .debug_str:00000000000000a3 .LASF30
C:\Users\stapi\AppData\Local\Temp\cc9X49Rn.s:883    .debug_ranges:0000000000000000 .Ldebug_ranges0
C:\Users\stapi\AppData\Local\Temp\cc9X49Rn.s:895    .debug_line:0000000000000000 .Ldebug_line0
C:\Users\stapi\AppData\Local\Temp\cc9X49Rn.s:899    .debug_str:000000000000000a .LASF2
C:\Users\stapi\AppData\Local\Temp\cc9X49Rn.s:937    .debug_str:00000000000002e7 .LASF0
C:\Users\stapi\AppData\Local\Temp\cc9X49Rn.s:957    .debug_str:000000000000034b .LASF1
C:\Users\stapi\AppData\Local\Temp\cc9X49Rn.s:897    .debug_str:0000000000000000 .LASF3
C:\Users\stapi\AppData\Local\Temp\cc9X49Rn.s:917    .debug_str:000000000000006b .LASF4
C:\Users\stapi\AppData\Local\Temp\cc9X49Rn.s:953    .debug_str:0000000000000338 .LASF5
C:\Users\stapi\AppData\Local\Temp\cc9X49Rn.s:923    .debug_str:0000000000000090 .LASF6
C:\Users\stapi\AppData\Local\Temp\cc9X49Rn.s:955    .debug_str:0000000000000342 .LASF7
C:\Users\stapi\AppData\Local\Temp\cc9X49Rn.s:921    .debug_str:000000000000007e .LASF8
C:\Users\stapi\AppData\Local\Temp\cc9X49Rn.s:947    .debug_str:0000000000000310 .LASF9
C:\Users\stapi\AppData\Local\Temp\cc9X49Rn.s:915    .debug_str:0000000000000054 .LASF10
C:\Users\stapi\AppData\Local\Temp\cc9X49Rn.s:943    .debug_str:0000000000000303 .LASF11
C:\Users\stapi\AppData\Local\Temp\cc9X49Rn.s:945    .debug_str:0000000000000308 .LASF12
C:\Users\stapi\AppData\Local\Temp\cc9X49Rn.s:961    .debug_str:000000000000035c .LASF13
C:\Users\stapi\AppData\Local\Temp\cc9X49Rn.s:911    .debug_str:000000000000003c .LASF31
C:\Users\stapi\AppData\Local\Temp\cc9X49Rn.s:959    .debug_str:0000000000000357 .LASF14
C:\Users\stapi\AppData\Local\Temp\cc9X49Rn.s:907    .debug_str:000000000000002b .LASF15
C:\Users\stapi\AppData\Local\Temp\cc9X49Rn.s:939    .debug_str:00000000000002f4 .LASF16
C:\Users\stapi\AppData\Local\Temp\cc9X49Rn.s:905    .debug_str:0000000000000022 .LASF32
C:\Users\stapi\AppData\Local\Temp\cc9X49Rn.s:120    .text.dh5_free:0000000000000000 .LFB74
C:\Users\stapi\AppData\Local\Temp\cc9X49Rn.s:127    .text.dh5_free:0000000000000002 .LFE74
C:\Users\stapi\AppData\Local\Temp\cc9X49Rn.s:949    .debug_str:000000000000031e .LASF19
C:\Users\stapi\AppData\Local\Temp\cc9X49Rn.s:78     .text.dh5_derive_shared:0000000000000000 .LFB73
C:\Users\stapi\AppData\Local\Temp\cc9X49Rn.s:113    .text.dh5_derive_shared:0000000000000030 .LFE73
C:\Users\stapi\AppData\Local\Temp\cc9X49Rn.s:786    .debug_loc:0000000000000000 .LLST3
C:\Users\stapi\AppData\Local\Temp\cc9X49Rn.s:901    .debug_str:0000000000000011 .LASF17
C:\Users\stapi\AppData\Local\Temp\cc9X49Rn.s:800    .debug_loc:0000000000000021 .LLST4
C:\Users\stapi\AppData\Local\Temp\cc9X49Rn.s:927    .debug_str:0000000000000135 .LASF18
C:\Users\stapi\AppData\Local\Temp\cc9X49Rn.s:811    .debug_loc:000000000000003f .LLST5
C:\Users\stapi\AppData\Local\Temp\cc9X49Rn.s:98     .text.dh5_derive_shared:0000000000000018 .LVL9
C:\Users\stapi\AppData\Local\Temp\cc9X49Rn.s:103    .text.dh5_derive_shared:0000000000000026 .LVL10
C:\Users\stapi\AppData\Local\Temp\cc9X49Rn.s:935    .debug_str:00000000000002d8 .LASF20
C:\Users\stapi\AppData\Local\Temp\cc9X49Rn.s:61     .text.dh5_init_fixed:0000000000000000 .LFB72
C:\Users\stapi\AppData\Local\Temp\cc9X49Rn.s:71     .text.dh5_init_fixed:0000000000000004 .LFE72
C:\Users\stapi\AppData\Local\Temp\cc9X49Rn.s:903    .debug_str:000000000000001d .LASF21
C:\Users\stapi\AppData\Local\Temp\cc9X49Rn.s:828    .debug_loc:000000000000006a .LLST2
C:\Users\stapi\AppData\Local\Temp\cc9X49Rn.s:919    .debug_str:0000000000000079 .LASF22
C:\Users\stapi\AppData\Local\Temp\cc9X49Rn.s:941    .debug_str:00000000000002fa .LASF23
C:\Users\stapi\AppData\Local\Temp\cc9X49Rn.s:14     .text.dh5_init:0000000000000000 .LFB71
C:\Users\stapi\AppData\Local\Temp\cc9X49Rn.s:54     .text.dh5_init:0000000000000038 .LFE71
C:\Users\stapi\AppData\Local\Temp\cc9X49Rn.s:842    .debug_loc:000000000000008b .LLST0
C:\Users\stapi\AppData\Local\Temp\cc9X49Rn.s:853    .debug_loc:00000000000000a9 .LLST1
C:\Users\stapi\AppData\Local\Temp\cc9X49Rn.s:34     .text.dh5_init:0000000000000016 .LVL2
C:\Users\stapi\AppData\Local\Temp\cc9X49Rn.s:39     .text.dh5_init:0000000000000020 .LVL3
C:\Users\stapi\AppData\Local\Temp\cc9X49Rn.s:42     .text.dh5_init:000000000000002a .LVL4
C:\Users\stapi\AppData\Local\Temp\cc9X49Rn.s:933    .debug_str:00000000000002ca .LASF24
C:\Users\stapi\AppData\Local\Temp\cc9X49Rn.s:913    .debug_str:0000000000000043 .LASF25
C:\Users\stapi\AppData\Local\Temp\cc9X49Rn.s:909    .debug_str:0000000000000030 .LASF26
C:\Users\stapi\AppData\Local\Temp\cc9X49Rn.s:951    .debug_str:0000000000000330 .LASF27
C:\Users\stapi\AppData\Local\Temp\cc9X49Rn.s:81     .text.dh5_derive_shared:0000000000000000 .LVL7
C:\Users\stapi\AppData\Local\Temp\cc9X49Rn.s:92     .text.dh5_derive_shared:000000000000000c .LVL8
C:\Users\stapi\AppData\Local\Temp\cc9X49Rn.s:107    .text.dh5_derive_shared:0000000000000028 .LVL11
C:\Users\stapi\AppData\Local\Temp\cc9X49Rn.s:64     .text.dh5_init_fixed:0000000000000000 .LVL5
C:\Users\stapi\AppData\Local\Temp\cc9X49Rn.s:68     .text.dh5_init_fixed:0000000000000002 .LVL6
C:\Users\stapi\AppData\Local\Temp\cc9X49Rn.s:18     .text.dh5_init:0000000000000000 .LVL0
C:\Users\stapi\AppData\Local\Temp\cc9X49Rn.s:29     .text.dh5_init:000000000000000c .LVL1
C:\Users\stapi\AppData\Local\Temp\cc9X49Rn.s:138    .debug_info:0000000000000000 .Ldebug_info0

UNDEFINED SYMBOLS
__riscv_save_2
wpabuf_free
dh_groups_get
dh_init
__riscv_restore_2
__riscv_save_1
dh_derive_shared
__riscv_restore_1
