   1              		.file	"coap_layers.c"
   2              		.option nopic
   3              		.attribute arch, "rv32i2p0_m2p0_a2p0_f2p0_c2p0_b_p0p94"
   4              		.attribute unaligned_access, 0
   5              		.attribute stack_align, 16
   6              		.text
   7              	.Ltext0:
   8              		.cfi_sections	.debug_frame
   9              		.globl	coap_layers_coap
  10              		.section	.data.coap_layers_coap,"aw"
  11              		.align	2
  14              	coap_layers_coap:
  15 0000 00000000 		.word	0
  16 0004 00000000 		.word	0
  17 0008 00000000 		.word	0
  18 000c 00000000 		.word	0
  19 0010 00000000 		.word	0
  20 0014 00000000 		.word	0
  21 0018 00000000 		.word	0
  22 001c 00000000 		.word	0
  23 0020 00000000 		.word	0
  24 0024 00000000 		.word	0
  25 0028 00000000 		.word	0
  26 002c 00000000 		.word	0
  27 0030 00000000 		.word	0
  28 0034 00000000 		.word	coap_netif_dgrm_write
  29 0038 00000000 		.word	coap_session_establish
  30 003c 00000000 		.word	coap_netif_close
  31 0040 00000000 		.word	0
  32 0044 00000000 		.word	0
  33 0048 00000000 		.word	0
  34 004c 00000000 		.word	0
  35 0050 00000000 		.word	0
  36 0054 00000000 		.word	0
  37 0058 00000000 		.word	0
  38 005c 00000000 		.word	0
  39 0060 00000000 		.word	0
  40 0064 00000000 		.word	coap_dtls_send
  41 0068 00000000 		.word	coap_dtls_establish
  42 006c 00000000 		.word	coap_dtls_close
  43 0070 00000000 		.word	0
  44 0074 00000000 		.word	0
  45 0078 00000000 		.word	0
  46 007c 00000000 		.word	0
  47 0080 00000000 		.word	0
  48 0084 00000000 		.word	coap_netif_dgrm_write
  49 0088 00000000 		.word	coap_session_establish
  50 008c 00000000 		.word	coap_netif_close
  51 0090 00000000 		.word	0
  52 0094 00000000 		.word	0
  53 0098 00000000 		.word	0
  54 009c 00000000 		.word	0
  55 00a0 00000000 		.word	0
  56 00a4 00000000 		.word	0
  57 00a8 00000000 		.word	0
  58 00ac 00000000 		.word	0
  59 00b0 00000000 		.word	0
  60 00b4 00000000 		.word	0
  61 00b8 00000000 		.word	0
  62 00bc 00000000 		.word	0
  63 00c0 00000000 		.word	0
  64 00c4 00000000 		.word	0
  65 00c8 00000000 		.word	0
  66 00cc 00000000 		.word	0
  67 00d0 00000000 		.word	0
  68 00d4 00000000 		.word	0
  69 00d8 00000000 		.word	0
  70 00dc 00000000 		.word	0
  71 00e0 00000000 		.word	0
  72 00e4 00000000 		.word	0
  73 00e8 00000000 		.word	0
  74 00ec 00000000 		.word	0
  75 00f0 00000000 		.word	0
  76 00f4 00000000 		.word	0
  77 00f8 00000000 		.word	0
  78 00fc 00000000 		.word	0
  79 0100 00000000 		.word	0
  80 0104 00000000 		.word	0
  81 0108 00000000 		.word	0
  82 010c 00000000 		.word	0
  83 0110 00000000 		.word	0
  84 0114 00000000 		.word	0
  85 0118 00000000 		.word	0
  86 011c 00000000 		.word	0
  87 0120 00000000 		.word	0
  88 0124 00000000 		.word	0
  89 0128 00000000 		.word	0
  90 012c 00000000 		.word	0
  91 0130 00000000 		.word	0
  92 0134 00000000 		.word	0
  93 0138 00000000 		.word	0
  94 013c 00000000 		.word	0
  95 0140 00000000 		.word	0
  96 0144 00000000 		.word	0
  97 0148 00000000 		.word	0
  98 014c 00000000 		.word	0
  99              		.text
 100              	.Letext0:
 101              		.file 1 "c:\\users\\stapi\\onedrive\\desktop\\gd32vw553\\embeddedbuilder_v1.4.7.26843\\tools\\nucl
 102              		.file 2 "c:\\users\\stapi\\onedrive\\desktop\\gd32vw553\\embeddedbuilder_v1.4.7.26843\\tools\\nucl
 103              		.file 3 "c:\\users\\stapi\\onedrive\\desktop\\gd32vw553\\embeddedbuilder_v1.4.7.26843\\tools\\nucl
 104              		.file 4 "c:\\users\\stapi\\onedrive\\desktop\\gd32vw553\\embeddedbuilder_v1.4.7.26843\\tools\\nucl
 105              		.file 5 "c:\\users\\stapi\\onedrive\\desktop\\gd32vw553\\embeddedbuilder_v1.4.7.26843\\tools\\nucl
 106              		.file 6 "..\\..\\..\\..\\lwip\\lwip-2.1.2\\src\\include/lwip/arch.h"
 107              		.file 7 "..\\..\\..\\..\\lwip\\libcoap-4.3.4\\include/coap3/coap_forward_decls.h"
 108              		.file 8 "..\\..\\..\\..\\lwip\\libcoap-4.3.4\\include/coap3/coap_address.h"
 109              		.file 9 "..\\..\\..\\..\\lwip\\libcoap-4.3.4\\include/coap3/coap_async_internal.h"
 110              		.file 10 "..\\..\\..\\..\\lwip\\libcoap-4.3.4\\include/coap3/coap_block_internal.h"
 111              		.file 11 "..\\..\\..\\..\\lwip\\libcoap-4.3.4\\include/coap3/coap_cache_internal.h"
 112              		.file 12 "..\\..\\..\\..\\lwip\\libcoap-4.3.4\\include/coap3/coap_io_internal.h"
 113              		.file 13 "..\\..\\..\\..\\lwip\\libcoap-4.3.4\\include/coap3/coap_net_internal.h"
 114              		.file 14 "..\\..\\..\\..\\lwip\\libcoap-4.3.4\\include/coap3/coap_pdu_internal.h"
 115              		.file 15 "..\\..\\..\\..\\lwip\\libcoap-4.3.4\\include/coap3/coap_resource_internal.h"
 116              		.file 16 "..\\..\\..\\..\\lwip\\libcoap-4.3.4\\include/coap3/coap_session_internal.h"
 117              		.file 17 "..\\..\\..\\..\\lwip\\libcoap-4.3.4\\include/coap3/coap_subscribe_internal.h"
 118              		.file 18 "..\\..\\..\\..\\lwip\\libcoap-4.3.4\\include/coap3/coap_option.h"
 119              		.file 19 "..\\..\\..\\..\\lwip\\libcoap-4.3.4\\include/coap3/coap_str.h"
 120              		.file 20 "..\\..\\..\\..\\lwip\\lwip-2.1.2\\src\\include/lwip/pbuf.h"
 121              		.file 21 "..\\..\\..\\..\\lwip\\libcoap-4.3.4\\include/coap3/coap_uri.h"
 122              		.file 22 "..\\..\\..\\..\\lwip\\libcoap-4.3.4\\include/coap3/coap_pdu.h"
 123              		.file 23 "..\\..\\..\\..\\lwip\\lwip-2.1.2\\src\\include/lwip/ip4_addr.h"
 124              		.file 24 "..\\..\\..\\..\\lwip\\lwip-2.1.2\\src\\include/lwip/ip_addr.h"
 125              		.file 25 "..\\..\\..\\..\\lwip\\lwip-2.1.2\\src\\include/lwip/netif.h"
 126              		.file 26 "..\\..\\..\\..\\lwip\\lwip-2.1.2\\src\\include/lwip/sockets.h"
 127              		.file 27 "..\\..\\..\\..\\lwip\\libcoap-4.3.4\\include/coap3/coap_io.h"
 128              		.file 28 "..\\..\\..\\..\\lwip\\lwip-2.1.2\\src\\include/lwip/memp.h"
 129              		.file 29 "..\\..\\..\\..\\lwip\\libcoap-4.3.4\\include/coap3/coap_time.h"
 130              		.file 30 "..\\..\\..\\..\\lwip\\libcoap-4.3.4\\include/coap3/coap_dtls.h"
 131              		.file 31 "..\\..\\..\\..\\lwip\\libcoap-4.3.4\\include/coap3/coap_event.h"
 132              		.file 32 "..\\..\\..\\..\\lwip\\libcoap-4.3.4\\include/coap3/coap_session.h"
 133              		.file 33 "..\\..\\..\\..\\lwip\\libcoap-4.3.4\\include/coap3/coap_net.h"
 134              		.file 34 "..\\..\\..\\..\\lwip\\libcoap-4.3.4\\include/coap3/coap_block.h"
 135              		.file 35 "..\\..\\..\\..\\lwip\\libcoap-4.3.4\\include/coap3/coap_cache.h"
 136              		.file 36 "..\\..\\..\\..\\lwip\\libcoap-4.3.4\\include/coap3/coap_resource.h"
 137              		.file 37 "..\\..\\..\\..\\lwip\\libcoap-4.3.4\\include/coap3/coap_subscribe.h"
 138              		.file 38 "..\\..\\..\\..\\lwip\\libcoap-4.3.4\\include/coap3/coap_uthash_internal.h"
 139              		.file 39 "..\\..\\..\\..\\lwip\\libcoap-4.3.4\\include/coap3/coap_layers_internal.h"
 140              		.file 40 "C:/Users/stapi/OneDrive/Desktop/GD32VW553/GD32VW55X_Wifi_BLE_SDK/GD32VW55x_RELEASE_V1.0.
DEFINED SYMBOLS
                            *ABS*:0000000000000000 coap_layers.c
C:\Users\stapi\AppData\Local\Temp\ccBYkZ2Z.s:14     .data.coap_layers_coap:0000000000000000 coap_layers_coap
C:\Users\stapi\AppData\Local\Temp\ccBYkZ2Z.s:4532   .debug_abbrev:0000000000000000 .Ldebug_abbrev0
C:\Users\stapi\AppData\Local\Temp\ccBYkZ2Z.s:5423   .debug_str:0000000000000b66 .LASF490
C:\Users\stapi\AppData\Local\Temp\ccBYkZ2Z.s:5533   .debug_str:0000000000001012 .LASF491
C:\Users\stapi\AppData\Local\Temp\ccBYkZ2Z.s:5571   .debug_str:00000000000011aa .LASF492
C:\Users\stapi\AppData\Local\Temp\ccBYkZ2Z.s:5035   .debug_line:0000000000000000 .Ldebug_line0
C:\Users\stapi\AppData\Local\Temp\ccBYkZ2Z.s:5235   .debug_str:00000000000005be .LASF0
C:\Users\stapi\AppData\Local\Temp\ccBYkZ2Z.s:5173   .debug_str:00000000000003cd .LASF3
C:\Users\stapi\AppData\Local\Temp\ccBYkZ2Z.s:5259   .debug_str:0000000000000667 .LASF1
C:\Users\stapi\AppData\Local\Temp\ccBYkZ2Z.s:5817   .debug_str:00000000000019dc .LASF2
C:\Users\stapi\AppData\Local\Temp\ccBYkZ2Z.s:5315   .debug_str:0000000000000828 .LASF4
C:\Users\stapi\AppData\Local\Temp\ccBYkZ2Z.s:5961   .debug_str:0000000000001ebc .LASF5
C:\Users\stapi\AppData\Local\Temp\ccBYkZ2Z.s:5195   .debug_str:000000000000048c .LASF6
C:\Users\stapi\AppData\Local\Temp\ccBYkZ2Z.s:5493   .debug_str:0000000000000e93 .LASF7
C:\Users\stapi\AppData\Local\Temp\ccBYkZ2Z.s:5407   .debug_str:0000000000000af1 .LASF8
C:\Users\stapi\AppData\Local\Temp\ccBYkZ2Z.s:5495   .debug_str:0000000000000e9e .LASF9
C:\Users\stapi\AppData\Local\Temp\ccBYkZ2Z.s:5405   .debug_str:0000000000000ae6 .LASF10
C:\Users\stapi\AppData\Local\Temp\ccBYkZ2Z.s:5687   .debug_str:00000000000015d6 .LASF11
C:\Users\stapi\AppData\Local\Temp\ccBYkZ2Z.s:5563   .debug_str:0000000000001170 .LASF12
C:\Users\stapi\AppData\Local\Temp\ccBYkZ2Z.s:5237   .debug_str:00000000000005ca .LASF13
C:\Users\stapi\AppData\Local\Temp\ccBYkZ2Z.s:5697   .debug_str:0000000000001621 .LASF14
C:\Users\stapi\AppData\Local\Temp\ccBYkZ2Z.s:5927   .debug_str:0000000000001db2 .LASF15
C:\Users\stapi\AppData\Local\Temp\ccBYkZ2Z.s:5827   .debug_str:0000000000001a3f .LASF16
C:\Users\stapi\AppData\Local\Temp\ccBYkZ2Z.s:5051   .debug_str:000000000000005c .LASF17
C:\Users\stapi\AppData\Local\Temp\ccBYkZ2Z.s:5335   .debug_str:00000000000008ba .LASF18
C:\Users\stapi\AppData\Local\Temp\ccBYkZ2Z.s:5049   .debug_str:0000000000000053 .LASF19
C:\Users\stapi\AppData\Local\Temp\ccBYkZ2Z.s:5295   .debug_str:00000000000007a4 .LASF20
C:\Users\stapi\AppData\Local\Temp\ccBYkZ2Z.s:5165   .debug_str:000000000000037c .LASF21
C:\Users\stapi\AppData\Local\Temp\ccBYkZ2Z.s:5971   .debug_str:0000000000001f11 .LASF22
C:\Users\stapi\AppData\Local\Temp\ccBYkZ2Z.s:5575   .debug_str:0000000000001235 .LASF23
C:\Users\stapi\AppData\Local\Temp\ccBYkZ2Z.s:5759   .debug_str:00000000000017fa .LASF24
C:\Users\stapi\AppData\Local\Temp\ccBYkZ2Z.s:5855   .debug_str:0000000000001b1d .LASF25
C:\Users\stapi\AppData\Local\Temp\ccBYkZ2Z.s:5799   .debug_str:0000000000001942 .LASF26
C:\Users\stapi\AppData\Local\Temp\ccBYkZ2Z.s:5555   .debug_str:000000000000114a .LASF27
C:\Users\stapi\AppData\Local\Temp\ccBYkZ2Z.s:5781   .debug_str:00000000000018cd .LASF28
C:\Users\stapi\AppData\Local\Temp\ccBYkZ2Z.s:6003   .debug_str:0000000000002031 .LASF29
C:\Users\stapi\AppData\Local\Temp\ccBYkZ2Z.s:5161   .debug_str:000000000000036d .LASF30
C:\Users\stapi\AppData\Local\Temp\ccBYkZ2Z.s:5439   .debug_str:0000000000000ced .LASF31
C:\Users\stapi\AppData\Local\Temp\ccBYkZ2Z.s:5387   .debug_str:0000000000000a6b .LASF32
C:\Users\stapi\AppData\Local\Temp\ccBYkZ2Z.s:5225   .debug_str:0000000000000555 .LASF33
C:\Users\stapi\AppData\Local\Temp\ccBYkZ2Z.s:5375   .debug_str:0000000000000a06 .LASF34
C:\Users\stapi\AppData\Local\Temp\ccBYkZ2Z.s:5437   .debug_str:0000000000000ce6 .LASF35
C:\Users\stapi\AppData\Local\Temp\ccBYkZ2Z.s:5057   .debug_str:000000000000007d .LASF36
C:\Users\stapi\AppData\Local\Temp\ccBYkZ2Z.s:6005   .debug_str:0000000000002036 .LASF37
C:\Users\stapi\AppData\Local\Temp\ccBYkZ2Z.s:5695   .debug_str:000000000000161a .LASF38
C:\Users\stapi\AppData\Local\Temp\ccBYkZ2Z.s:5599   .debug_str:00000000000012e8 .LASF39
C:\Users\stapi\AppData\Local\Temp\ccBYkZ2Z.s:5541   .debug_str:00000000000010d3 .LASF40
C:\Users\stapi\AppData\Local\Temp\ccBYkZ2Z.s:5617   .debug_str:0000000000001375 .LASF41
C:\Users\stapi\AppData\Local\Temp\ccBYkZ2Z.s:5267   .debug_str:00000000000006b5 .LASF42
C:\Users\stapi\AppData\Local\Temp\ccBYkZ2Z.s:5477   .debug_str:0000000000000e1d .LASF43
C:\Users\stapi\AppData\Local\Temp\ccBYkZ2Z.s:5201   .debug_str:00000000000004b4 .LASF44
C:\Users\stapi\AppData\Local\Temp\ccBYkZ2Z.s:5923   .debug_str:0000000000001d97 .LASF45
C:\Users\stapi\AppData\Local\Temp\ccBYkZ2Z.s:5589   .debug_str:0000000000001290 .LASF46
C:\Users\stapi\AppData\Local\Temp\ccBYkZ2Z.s:5083   .debug_str:0000000000000127 .LASF47
C:\Users\stapi\AppData\Local\Temp\ccBYkZ2Z.s:5505   .debug_str:0000000000000ef9 .LASF48
C:\Users\stapi\AppData\Local\Temp\ccBYkZ2Z.s:5469   .debug_str:0000000000000dcf .LASF49
C:\Users\stapi\AppData\Local\Temp\ccBYkZ2Z.s:5889   .debug_str:0000000000001c70 .LASF50
C:\Users\stapi\AppData\Local\Temp\ccBYkZ2Z.s:5659   .debug_str:00000000000014fc .LASF51
C:\Users\stapi\AppData\Local\Temp\ccBYkZ2Z.s:5689   .debug_str:00000000000015ed .LASF52
C:\Users\stapi\AppData\Local\Temp\ccBYkZ2Z.s:5255   .debug_str:000000000000064c .LASF53
C:\Users\stapi\AppData\Local\Temp\ccBYkZ2Z.s:5241   .debug_str:00000000000005ea .LASF54
C:\Users\stapi\AppData\Local\Temp\ccBYkZ2Z.s:5719   .debug_str:00000000000016be .LASF55
C:\Users\stapi\AppData\Local\Temp\ccBYkZ2Z.s:5601   .debug_str:00000000000012ef .LASF56
C:\Users\stapi\AppData\Local\Temp\ccBYkZ2Z.s:5463   .debug_str:0000000000000da4 .LASF57
C:\Users\stapi\AppData\Local\Temp\ccBYkZ2Z.s:5075   .debug_str:00000000000000f0 .LASF58
C:\Users\stapi\AppData\Local\Temp\ccBYkZ2Z.s:5157   .debug_str:000000000000035d .LASF59
C:\Users\stapi\AppData\Local\Temp\ccBYkZ2Z.s:5671   .debug_str:000000000000155b .LASF60
C:\Users\stapi\AppData\Local\Temp\ccBYkZ2Z.s:5369   .debug_str:00000000000009e6 .LASF61
C:\Users\stapi\AppData\Local\Temp\ccBYkZ2Z.s:5091   .debug_str:0000000000000178 .LASF62
C:\Users\stapi\AppData\Local\Temp\ccBYkZ2Z.s:5143   .debug_str:000000000000031e .LASF63
C:\Users\stapi\AppData\Local\Temp\ccBYkZ2Z.s:5309   .debug_str:00000000000007fa .LASF64
C:\Users\stapi\AppData\Local\Temp\ccBYkZ2Z.s:5197   .debug_str:0000000000000495 .LASF65
C:\Users\stapi\AppData\Local\Temp\ccBYkZ2Z.s:5111   .debug_str:000000000000021f .LASF66
C:\Users\stapi\AppData\Local\Temp\ccBYkZ2Z.s:5771   .debug_str:0000000000001859 .LASF67
C:\Users\stapi\AppData\Local\Temp\ccBYkZ2Z.s:5685   .debug_str:00000000000015ca .LASF68
C:\Users\stapi\AppData\Local\Temp\ccBYkZ2Z.s:5581   .debug_str:000000000000125d .LASF69
C:\Users\stapi\AppData\Local\Temp\ccBYkZ2Z.s:5055   .debug_str:000000000000006f .LASF70
C:\Users\stapi\AppData\Local\Temp\ccBYkZ2Z.s:5349   .debug_str:0000000000000933 .LASF71
C:\Users\stapi\AppData\Local\Temp\ccBYkZ2Z.s:5873   .debug_str:0000000000001bdd .LASF72
C:\Users\stapi\AppData\Local\Temp\ccBYkZ2Z.s:5323   .debug_str:000000000000085e .LASF73
C:\Users\stapi\AppData\Local\Temp\ccBYkZ2Z.s:5319   .debug_str:0000000000000843 .LASF74
C:\Users\stapi\AppData\Local\Temp\ccBYkZ2Z.s:5709   .debug_str:0000000000001679 .LASF75
C:\Users\stapi\AppData\Local\Temp\ccBYkZ2Z.s:5301   .debug_str:00000000000007d5 .LASF76
C:\Users\stapi\AppData\Local\Temp\ccBYkZ2Z.s:5891   .debug_str:0000000000001c79 .LASF77
C:\Users\stapi\AppData\Local\Temp\ccBYkZ2Z.s:5865   .debug_str:0000000000001b93 .LASF78
C:\Users\stapi\AppData\Local\Temp\ccBYkZ2Z.s:5163   .debug_str:0000000000000373 .LASF79
C:\Users\stapi\AppData\Local\Temp\ccBYkZ2Z.s:5859   .debug_str:0000000000001b55 .LASF80
C:\Users\stapi\AppData\Local\Temp\ccBYkZ2Z.s:5713   .debug_str:0000000000001692 .LASF81
C:\Users\stapi\AppData\Local\Temp\ccBYkZ2Z.s:5327   .debug_str:000000000000087c .LASF82
C:\Users\stapi\AppData\Local\Temp\ccBYkZ2Z.s:5703   .debug_str:0000000000001653 .LASF83
C:\Users\stapi\AppData\Local\Temp\ccBYkZ2Z.s:5725   .debug_str:00000000000016f8 .LASF84
C:\Users\stapi\AppData\Local\Temp\ccBYkZ2Z.s:5597   .debug_str:00000000000012e2 .LASF85
C:\Users\stapi\AppData\Local\Temp\ccBYkZ2Z.s:5711   .debug_str:0000000000001683 .LASF86
C:\Users\stapi\AppData\Local\Temp\ccBYkZ2Z.s:5377   .debug_str:0000000000000a0f .LASF87
C:\Users\stapi\AppData\Local\Temp\ccBYkZ2Z.s:5479   .debug_str:0000000000000e26 .LASF88
C:\Users\stapi\AppData\Local\Temp\ccBYkZ2Z.s:5167   .debug_str:0000000000000384 .LASF89
C:\Users\stapi\AppData\Local\Temp\ccBYkZ2Z.s:5097   .debug_str:00000000000001b0 .LASF90
C:\Users\stapi\AppData\Local\Temp\ccBYkZ2Z.s:5993   .debug_str:0000000000001fcb .LASF91
C:\Users\stapi\AppData\Local\Temp\ccBYkZ2Z.s:5937   .debug_str:0000000000001de7 .LASF92
C:\Users\stapi\AppData\Local\Temp\ccBYkZ2Z.s:5839   .debug_str:0000000000001a9a .LASF93
C:\Users\stapi\AppData\Local\Temp\ccBYkZ2Z.s:5441   .debug_str:0000000000000cf5 .LASF94
C:\Users\stapi\AppData\Local\Temp\ccBYkZ2Z.s:5103   .debug_str:00000000000001e2 .LASF95
C:\Users\stapi\AppData\Local\Temp\ccBYkZ2Z.s:5861   .debug_str:0000000000001b66 .LASF96
C:\Users\stapi\AppData\Local\Temp\ccBYkZ2Z.s:6013   .debug_str:000000000000206b .LASF97
C:\Users\stapi\AppData\Local\Temp\ccBYkZ2Z.s:6019   .debug_str:0000000000002090 .LASF98
C:\Users\stapi\AppData\Local\Temp\ccBYkZ2Z.s:5673   .debug_str:0000000000001565 .LASF99
C:\Users\stapi\AppData\Local\Temp\ccBYkZ2Z.s:5403   .debug_str:0000000000000ad9 .LASF100
C:\Users\stapi\AppData\Local\Temp\ccBYkZ2Z.s:5573   .debug_str:0000000000001228 .LASF101
C:\Users\stapi\AppData\Local\Temp\ccBYkZ2Z.s:5151   .debug_str:0000000000000340 .LASF102
C:\Users\stapi\AppData\Local\Temp\ccBYkZ2Z.s:5757   .debug_str:00000000000017ec .LASF103
C:\Users\stapi\AppData\Local\Temp\ccBYkZ2Z.s:5919   .debug_str:0000000000001d6c .LASF104
C:\Users\stapi\AppData\Local\Temp\ccBYkZ2Z.s:5609   .debug_str:0000000000001338 .LASF105
C:\Users\stapi\AppData\Local\Temp\ccBYkZ2Z.s:5579   .debug_str:000000000000124b .LASF106
C:\Users\stapi\AppData\Local\Temp\ccBYkZ2Z.s:5471   .debug_str:0000000000000ddb .LASF107
C:\Users\stapi\AppData\Local\Temp\ccBYkZ2Z.s:5501   .debug_str:0000000000000ec9 .LASF108
C:\Users\stapi\AppData\Local\Temp\ccBYkZ2Z.s:6009   .debug_str:0000000000002046 .LASF109
C:\Users\stapi\AppData\Local\Temp\ccBYkZ2Z.s:5897   .debug_str:0000000000001cab .LASF110
C:\Users\stapi\AppData\Local\Temp\ccBYkZ2Z.s:5131   .debug_str:00000000000002aa .LASF111
C:\Users\stapi\AppData\Local\Temp\ccBYkZ2Z.s:5811   .debug_str:0000000000001991 .LASF112
C:\Users\stapi\AppData\Local\Temp\ccBYkZ2Z.s:5445   .debug_str:0000000000000d10 .LASF113
C:\Users\stapi\AppData\Local\Temp\ccBYkZ2Z.s:5953   .debug_str:0000000000001e79 .LASF114
C:\Users\stapi\AppData\Local\Temp\ccBYkZ2Z.s:5113   .debug_str:000000000000022e .LASF115
C:\Users\stapi\AppData\Local\Temp\ccBYkZ2Z.s:5871   .debug_str:0000000000001bd0 .LASF116
C:\Users\stapi\AppData\Local\Temp\ccBYkZ2Z.s:5885   .debug_str:0000000000001c5a .LASF117
C:\Users\stapi\AppData\Local\Temp\ccBYkZ2Z.s:5339   .debug_str:00000000000008d6 .LASF118
C:\Users\stapi\AppData\Local\Temp\ccBYkZ2Z.s:5643   .debug_str:000000000000144b .LASF119
C:\Users\stapi\AppData\Local\Temp\ccBYkZ2Z.s:5665   .debug_str:000000000000151e .LASF120
C:\Users\stapi\AppData\Local\Temp\ccBYkZ2Z.s:5791   .debug_str:000000000000190f .LASF121
C:\Users\stapi\AppData\Local\Temp\ccBYkZ2Z.s:6023   .debug_str:00000000000020bb .LASF122
C:\Users\stapi\AppData\Local\Temp\ccBYkZ2Z.s:5633   .debug_str:000000000000140d .LASF123
C:\Users\stapi\AppData\Local\Temp\ccBYkZ2Z.s:5175   .debug_str:00000000000003d7 .LASF124
C:\Users\stapi\AppData\Local\Temp\ccBYkZ2Z.s:5451   .debug_str:0000000000000d46 .LASF125
C:\Users\stapi\AppData\Local\Temp\ccBYkZ2Z.s:5371   .debug_str:00000000000009f0 .LASF126
C:\Users\stapi\AppData\Local\Temp\ccBYkZ2Z.s:5389   .debug_str:0000000000000a73 .LASF127
C:\Users\stapi\AppData\Local\Temp\ccBYkZ2Z.s:5141   .debug_str:000000000000030e .LASF128
C:\Users\stapi\AppData\Local\Temp\ccBYkZ2Z.s:5777   .debug_str:0000000000001895 .LASF129
C:\Users\stapi\AppData\Local\Temp\ccBYkZ2Z.s:5481   .debug_str:0000000000000e30 .LASF130
C:\Users\stapi\AppData\Local\Temp\ccBYkZ2Z.s:5247   .debug_str:000000000000060e .LASF131
C:\Users\stapi\AppData\Local\Temp\ccBYkZ2Z.s:5223   .debug_str:0000000000000548 .LASF132
C:\Users\stapi\AppData\Local\Temp\ccBYkZ2Z.s:5473   .debug_str:0000000000000def .LASF133
C:\Users\stapi\AppData\Local\Temp\ccBYkZ2Z.s:5181   .debug_str:0000000000000411 .LASF134
C:\Users\stapi\AppData\Local\Temp\ccBYkZ2Z.s:5549   .debug_str:000000000000111c .LASF135
C:\Users\stapi\AppData\Local\Temp\ccBYkZ2Z.s:5331   .debug_str:00000000000008a0 .LASF136
C:\Users\stapi\AppData\Local\Temp\ccBYkZ2Z.s:5147   .debug_str:0000000000000333 .LASF137
C:\Users\stapi\AppData\Local\Temp\ccBYkZ2Z.s:5755   .debug_str:00000000000017e7 .LASF138
C:\Users\stapi\AppData\Local\Temp\ccBYkZ2Z.s:5803   .debug_str:0000000000001951 .LASF139
C:\Users\stapi\AppData\Local\Temp\ccBYkZ2Z.s:5127   .debug_str:000000000000029b .LASF140
C:\Users\stapi\AppData\Local\Temp\ccBYkZ2Z.s:5605   .debug_str:000000000000131e .LASF141
C:\Users\stapi\AppData\Local\Temp\ccBYkZ2Z.s:5391   .debug_str:0000000000000a7f .LASF142
C:\Users\stapi\AppData\Local\Temp\ccBYkZ2Z.s:5955   .debug_str:0000000000001e8b .LASF143
C:\Users\stapi\AppData\Local\Temp\ccBYkZ2Z.s:5905   .debug_str:0000000000001cf4 .LASF144
C:\Users\stapi\AppData\Local\Temp\ccBYkZ2Z.s:5109   .debug_str:0000000000000214 .LASF145
C:\Users\stapi\AppData\Local\Temp\ccBYkZ2Z.s:5061   .debug_str:0000000000000092 .LASF146
C:\Users\stapi\AppData\Local\Temp\ccBYkZ2Z.s:5273   .debug_str:00000000000006ec .LASF147
C:\Users\stapi\AppData\Local\Temp\ccBYkZ2Z.s:5949   .debug_str:0000000000001e63 .LASF148
C:\Users\stapi\AppData\Local\Temp\ccBYkZ2Z.s:5303   .debug_str:00000000000007de .LASF149
C:\Users\stapi\AppData\Local\Temp\ccBYkZ2Z.s:5117   .debug_str:0000000000000253 .LASF150
C:\Users\stapi\AppData\Local\Temp\ccBYkZ2Z.s:5999   .debug_str:000000000000201c .LASF151
C:\Users\stapi\AppData\Local\Temp\ccBYkZ2Z.s:5569   .debug_str:000000000000119f .LASF152
C:\Users\stapi\AppData\Local\Temp\ccBYkZ2Z.s:5561   .debug_str:0000000000001168 .LASF153
C:\Users\stapi\AppData\Local\Temp\ccBYkZ2Z.s:5833   .debug_str:0000000000001a5f .LASF154
C:\Users\stapi\AppData\Local\Temp\ccBYkZ2Z.s:5795   .debug_str:0000000000001935 .LASF155
C:\Users\stapi\AppData\Local\Temp\ccBYkZ2Z.s:5289   .debug_str:000000000000076b .LASF156
C:\Users\stapi\AppData\Local\Temp\ccBYkZ2Z.s:5447   .debug_str:0000000000000d20 .LASF157
C:\Users\stapi\AppData\Local\Temp\ccBYkZ2Z.s:5989   .debug_str:0000000000001fba .LASF158
C:\Users\stapi\AppData\Local\Temp\ccBYkZ2Z.s:5613   .debug_str:000000000000135f .LASF159
C:\Users\stapi\AppData\Local\Temp\ccBYkZ2Z.s:5307   .debug_str:00000000000007ef .LASF160
C:\Users\stapi\AppData\Local\Temp\ccBYkZ2Z.s:5177   .debug_str:00000000000003e0 .LASF161
C:\Users\stapi\AppData\Local\Temp\ccBYkZ2Z.s:5063   .debug_str:000000000000009c .LASF162
C:\Users\stapi\AppData\Local\Temp\ccBYkZ2Z.s:5821   .debug_str:0000000000001a0b .LASF163
C:\Users\stapi\AppData\Local\Temp\ccBYkZ2Z.s:5283   .debug_str:0000000000000742 .LASF164
C:\Users\stapi\AppData\Local\Temp\ccBYkZ2Z.s:5135   .debug_str:00000000000002cb .LASF165
C:\Users\stapi\AppData\Local\Temp\ccBYkZ2Z.s:5121   .debug_str:0000000000000268 .LASF166
C:\Users\stapi\AppData\Local\Temp\ccBYkZ2Z.s:5245   .debug_str:0000000000000606 .LASF167
C:\Users\stapi\AppData\Local\Temp\ccBYkZ2Z.s:5733   .debug_str:0000000000001746 .LASF168
C:\Users\stapi\AppData\Local\Temp\ccBYkZ2Z.s:5527   .debug_str:0000000000000fd3 .LASF169
C:\Users\stapi\AppData\Local\Temp\ccBYkZ2Z.s:5059   .debug_str:0000000000000088 .LASF170
C:\Users\stapi\AppData\Local\Temp\ccBYkZ2Z.s:5353   .debug_str:0000000000000957 .LASF171
C:\Users\stapi\AppData\Local\Temp\ccBYkZ2Z.s:5193   .debug_str:0000000000000485 .LASF172
C:\Users\stapi\AppData\Local\Temp\ccBYkZ2Z.s:5583   .debug_str:0000000000001262 .LASF173
C:\Users\stapi\AppData\Local\Temp\ccBYkZ2Z.s:5079   .debug_str:000000000000010b .LASF174
C:\Users\stapi\AppData\Local\Temp\ccBYkZ2Z.s:5939   .debug_str:0000000000001df3 .LASF175
C:\Users\stapi\AppData\Local\Temp\ccBYkZ2Z.s:5401   .debug_str:0000000000000acd .LASF176
C:\Users\stapi\AppData\Local\Temp\ccBYkZ2Z.s:5191   .debug_str:0000000000000480 .LASF177
C:\Users\stapi\AppData\Local\Temp\ccBYkZ2Z.s:5205   .debug_str:00000000000004c8 .LASF178
C:\Users\stapi\AppData\Local\Temp\ccBYkZ2Z.s:6025   .debug_str:00000000000020ca .LASF179
C:\Users\stapi\AppData\Local\Temp\ccBYkZ2Z.s:5129   .debug_str:00000000000002a4 .LASF180
C:\Users\stapi\AppData\Local\Temp\ccBYkZ2Z.s:5727   .debug_str:0000000000001703 .LASF181
C:\Users\stapi\AppData\Local\Temp\ccBYkZ2Z.s:5903   .debug_str:0000000000001ce8 .LASF182
C:\Users\stapi\AppData\Local\Temp\ccBYkZ2Z.s:5285   .debug_str:000000000000074a .LASF183
C:\Users\stapi\AppData\Local\Temp\ccBYkZ2Z.s:5843   .debug_str:0000000000001ac7 .LASF184
C:\Users\stapi\AppData\Local\Temp\ccBYkZ2Z.s:5277   .debug_str:0000000000000711 .LASF185
C:\Users\stapi\AppData\Local\Temp\ccBYkZ2Z.s:5593   .debug_str:00000000000012c6 .LASF186
C:\Users\stapi\AppData\Local\Temp\ccBYkZ2Z.s:5383   .debug_str:0000000000000a48 .LASF187
C:\Users\stapi\AppData\Local\Temp\ccBYkZ2Z.s:5635   .debug_str:0000000000001415 .LASF188
C:\Users\stapi\AppData\Local\Temp\ccBYkZ2Z.s:5967   .debug_str:0000000000001ef8 .LASF189
C:\Users\stapi\AppData\Local\Temp\ccBYkZ2Z.s:5845   .debug_str:0000000000001ad1 .LASF190
C:\Users\stapi\AppData\Local\Temp\ccBYkZ2Z.s:5751   .debug_str:00000000000017cb .LASF191
C:\Users\stapi\AppData\Local\Temp\ccBYkZ2Z.s:5853   .debug_str:0000000000001b15 .LASF192
C:\Users\stapi\AppData\Local\Temp\ccBYkZ2Z.s:5291   .debug_str:0000000000000771 .LASF193
C:\Users\stapi\AppData\Local\Temp\ccBYkZ2Z.s:5089   .debug_str:000000000000016c .LASF194
C:\Users\stapi\AppData\Local\Temp\ccBYkZ2Z.s:5851   .debug_str:0000000000001b08 .LASF195
C:\Users\stapi\AppData\Local\Temp\ccBYkZ2Z.s:5257   .debug_str:000000000000065b .LASF196
C:\Users\stapi\AppData\Local\Temp\ccBYkZ2Z.s:5969   .debug_str:0000000000001f06 .LASF197
C:\Users\stapi\AppData\Local\Temp\ccBYkZ2Z.s:5379   .debug_str:0000000000000a1d .LASF198
C:\Users\stapi\AppData\Local\Temp\ccBYkZ2Z.s:5931   .debug_str:0000000000001dc4 .LASF199
C:\Users\stapi\AppData\Local\Temp\ccBYkZ2Z.s:5169   .debug_str:0000000000000395 .LASF200
C:\Users\stapi\AppData\Local\Temp\ccBYkZ2Z.s:5933   .debug_str:0000000000001dce .LASF201
C:\Users\stapi\AppData\Local\Temp\ccBYkZ2Z.s:5523   .debug_str:0000000000000fb1 .LASF202
C:\Users\stapi\AppData\Local\Temp\ccBYkZ2Z.s:5361   .debug_str:000000000000099b .LASF203
C:\Users\stapi\AppData\Local\Temp\ccBYkZ2Z.s:5149   .debug_str:0000000000000338 .LASF204
C:\Users\stapi\AppData\Local\Temp\ccBYkZ2Z.s:5657   .debug_str:00000000000014f3 .LASF205
C:\Users\stapi\AppData\Local\Temp\ccBYkZ2Z.s:5789   .debug_str:0000000000001903 .LASF206
C:\Users\stapi\AppData\Local\Temp\ccBYkZ2Z.s:5393   .debug_str:0000000000000a87 .LASF207
C:\Users\stapi\AppData\Local\Temp\ccBYkZ2Z.s:5787   .debug_str:00000000000018f4 .LASF208
C:\Users\stapi\AppData\Local\Temp\ccBYkZ2Z.s:5699   .debug_str:000000000000162a .LASF209
C:\Users\stapi\AppData\Local\Temp\ccBYkZ2Z.s:5345   .debug_str:000000000000090a .LASF210
C:\Users\stapi\AppData\Local\Temp\ccBYkZ2Z.s:5959   .debug_str:0000000000001eaf .LASF211
C:\Users\stapi\AppData\Local\Temp\ccBYkZ2Z.s:5517   .debug_str:0000000000000f66 .LASF212
C:\Users\stapi\AppData\Local\Temp\ccBYkZ2Z.s:5761   .debug_str:0000000000001800 .LASF213
C:\Users\stapi\AppData\Local\Temp\ccBYkZ2Z.s:5487   .debug_str:0000000000000e67 .LASF214
C:\Users\stapi\AppData\Local\Temp\ccBYkZ2Z.s:5595   .debug_str:00000000000012cd .LASF215
C:\Users\stapi\AppData\Local\Temp\ccBYkZ2Z.s:5731   .debug_str:0000000000001731 .LASF216
C:\Users\stapi\AppData\Local\Temp\ccBYkZ2Z.s:5737   .debug_str:0000000000001778 .LASF217
C:\Users\stapi\AppData\Local\Temp\ccBYkZ2Z.s:5281   .debug_str:0000000000000734 .LASF218
C:\Users\stapi\AppData\Local\Temp\ccBYkZ2Z.s:5427   .debug_str:0000000000000c6d .LASF219
C:\Users\stapi\AppData\Local\Temp\ccBYkZ2Z.s:5975   .debug_str:0000000000001f2d .LASF220
C:\Users\stapi\AppData\Local\Temp\ccBYkZ2Z.s:5421   .debug_str:0000000000000b54 .LASF221
C:\Users\stapi\AppData\Local\Temp\ccBYkZ2Z.s:5577   .debug_str:000000000000123b .LASF222
C:\Users\stapi\AppData\Local\Temp\ccBYkZ2Z.s:5145   .debug_str:000000000000032a .LASF223
C:\Users\stapi\AppData\Local\Temp\ccBYkZ2Z.s:5043   .debug_str:000000000000002e .LASF224
C:\Users\stapi\AppData\Local\Temp\ccBYkZ2Z.s:5497   .debug_str:0000000000000eac .LASF225
C:\Users\stapi\AppData\Local\Temp\ccBYkZ2Z.s:5217   .debug_str:0000000000000518 .LASF226
C:\Users\stapi\AppData\Local\Temp\ccBYkZ2Z.s:5783   .debug_str:00000000000018da .LASF227
C:\Users\stapi\AppData\Local\Temp\ccBYkZ2Z.s:5511   .debug_str:0000000000000f3a .LASF228
C:\Users\stapi\AppData\Local\Temp\ccBYkZ2Z.s:5745   .debug_str:00000000000017ac .LASF229
C:\Users\stapi\AppData\Local\Temp\ccBYkZ2Z.s:5415   .debug_str:0000000000000b40 .LASF230
C:\Users\stapi\AppData\Local\Temp\ccBYkZ2Z.s:5243   .debug_str:00000000000005f4 .LASF231
C:\Users\stapi\AppData\Local\Temp\ccBYkZ2Z.s:5559   .debug_str:0000000000001163 .LASF232
C:\Users\stapi\AppData\Local\Temp\ccBYkZ2Z.s:5627   .debug_str:00000000000013e2 .LASF233
C:\Users\stapi\AppData\Local\Temp\ccBYkZ2Z.s:5983   .debug_str:0000000000001f86 .LASF234
C:\Users\stapi\AppData\Local\Temp\ccBYkZ2Z.s:5101   .debug_str:00000000000001d4 .LASF235
C:\Users\stapi\AppData\Local\Temp\ccBYkZ2Z.s:5619   .debug_str:000000000000137f .LASF236
C:\Users\stapi\AppData\Local\Temp\ccBYkZ2Z.s:5823   .debug_str:0000000000001a18 .LASF237
C:\Users\stapi\AppData\Local\Temp\ccBYkZ2Z.s:5461   .debug_str:0000000000000d93 .LASF238
C:\Users\stapi\AppData\Local\Temp\ccBYkZ2Z.s:5045   .debug_str:0000000000000039 .LASF252
C:\Users\stapi\AppData\Local\Temp\ccBYkZ2Z.s:5325   .debug_str:0000000000000867 .LASF239
C:\Users\stapi\AppData\Local\Temp\ccBYkZ2Z.s:5883   .debug_str:0000000000001c44 .LASF240
C:\Users\stapi\AppData\Local\Temp\ccBYkZ2Z.s:5875   .debug_str:0000000000001be6 .LASF241
C:\Users\stapi\AppData\Local\Temp\ccBYkZ2Z.s:5807   .debug_str:000000000000196f .LASF242
C:\Users\stapi\AppData\Local\Temp\ccBYkZ2Z.s:5465   .debug_str:0000000000000db2 .LASF243
C:\Users\stapi\AppData\Local\Temp\ccBYkZ2Z.s:5449   .debug_str:0000000000000d30 .LASF244
C:\Users\stapi\AppData\Local\Temp\ccBYkZ2Z.s:5239   .debug_str:00000000000005d2 .LASF245
C:\Users\stapi\AppData\Local\Temp\ccBYkZ2Z.s:5669   .debug_str:0000000000001542 .LASF246
C:\Users\stapi\AppData\Local\Temp\ccBYkZ2Z.s:5611   .debug_str:000000000000134a .LASF247
C:\Users\stapi\AppData\Local\Temp\ccBYkZ2Z.s:5467   .debug_str:0000000000000dc7 .LASF248
C:\Users\stapi\AppData\Local\Temp\ccBYkZ2Z.s:5631   .debug_str:0000000000001405 .LASF249
C:\Users\stapi\AppData\Local\Temp\ccBYkZ2Z.s:5425   .debug_str:0000000000000c5f .LASF250
C:\Users\stapi\AppData\Local\Temp\ccBYkZ2Z.s:5677   .debug_str:000000000000158f .LASF251
C:\Users\stapi\AppData\Local\Temp\ccBYkZ2Z.s:5951   .debug_str:0000000000001e69 .LASF253
C:\Users\stapi\AppData\Local\Temp\ccBYkZ2Z.s:5805   .debug_str:000000000000195e .LASF254
C:\Users\stapi\AppData\Local\Temp\ccBYkZ2Z.s:5073   .debug_str:00000000000000df .LASF255
C:\Users\stapi\AppData\Local\Temp\ccBYkZ2Z.s:5607   .debug_str:0000000000001327 .LASF256
C:\Users\stapi\AppData\Local\Temp\ccBYkZ2Z.s:5565   .debug_str:000000000000117d .LASF257
C:\Users\stapi\AppData\Local\Temp\ccBYkZ2Z.s:5585   .debug_str:0000000000001268 .LASF258
C:\Users\stapi\AppData\Local\Temp\ccBYkZ2Z.s:5253   .debug_str:000000000000063b .LASF259
C:\Users\stapi\AppData\Local\Temp\ccBYkZ2Z.s:5915   .debug_str:0000000000001d42 .LASF260
C:\Users\stapi\AppData\Local\Temp\ccBYkZ2Z.s:5567   .debug_str:000000000000118e .LASF261
C:\Users\stapi\AppData\Local\Temp\ccBYkZ2Z.s:5519   .debug_str:0000000000000f79 .LASF262
C:\Users\stapi\AppData\Local\Temp\ccBYkZ2Z.s:5793   .debug_str:0000000000001922 .LASF263
C:\Users\stapi\AppData\Local\Temp\ccBYkZ2Z.s:5263   .debug_str:0000000000000684 .LASF264
C:\Users\stapi\AppData\Local\Temp\ccBYkZ2Z.s:5453   .debug_str:0000000000000d50 .LASF265
C:\Users\stapi\AppData\Local\Temp\ccBYkZ2Z.s:5693   .debug_str:00000000000015ff .LASF266
C:\Users\stapi\AppData\Local\Temp\ccBYkZ2Z.s:5925   .debug_str:0000000000001d9f .LASF267
C:\Users\stapi\AppData\Local\Temp\ccBYkZ2Z.s:5557   .debug_str:000000000000114f .LASF268
C:\Users\stapi\AppData\Local\Temp\ccBYkZ2Z.s:5753   .debug_str:00000000000017d3 .LASF269
C:\Users\stapi\AppData\Local\Temp\ccBYkZ2Z.s:5399   .debug_str:0000000000000ab6 .LASF270
C:\Users\stapi\AppData\Local\Temp\ccBYkZ2Z.s:5849   .debug_str:0000000000001af3 .LASF271
C:\Users\stapi\AppData\Local\Temp\ccBYkZ2Z.s:5895   .debug_str:0000000000001ca0 .LASF272
C:\Users\stapi\AppData\Local\Temp\ccBYkZ2Z.s:5785   .debug_str:00000000000018e7 .LASF273
C:\Users\stapi\AppData\Local\Temp\ccBYkZ2Z.s:5661   .debug_str:0000000000001508 .LASF274
C:\Users\stapi\AppData\Local\Temp\ccBYkZ2Z.s:5413   .debug_str:0000000000000b31 .LASF275
C:\Users\stapi\AppData\Local\Temp\ccBYkZ2Z.s:5721   .debug_str:00000000000016c6 .LASF276
C:\Users\stapi\AppData\Local\Temp\ccBYkZ2Z.s:5219   .debug_str:0000000000000525 .LASF277
C:\Users\stapi\AppData\Local\Temp\ccBYkZ2Z.s:5483   .debug_str:0000000000000e43 .LASF278
C:\Users\stapi\AppData\Local\Temp\ccBYkZ2Z.s:5747   .debug_str:00000000000017b4 .LASF279
C:\Users\stapi\AppData\Local\Temp\ccBYkZ2Z.s:5333   .debug_str:00000000000008ab .LASF280
C:\Users\stapi\AppData\Local\Temp\ccBYkZ2Z.s:5037   .debug_str:0000000000000000 .LASF281
C:\Users\stapi\AppData\Local\Temp\ccBYkZ2Z.s:5039   .debug_str:0000000000000010 .LASF282
C:\Users\stapi\AppData\Local\Temp\ccBYkZ2Z.s:5739   .debug_str:0000000000001784 .LASF283
C:\Users\stapi\AppData\Local\Temp\ccBYkZ2Z.s:5979   .debug_str:0000000000001f5d .LASF284
C:\Users\stapi\AppData\Local\Temp\ccBYkZ2Z.s:5187   .debug_str:000000000000044b .LASF285
C:\Users\stapi\AppData\Local\Temp\ccBYkZ2Z.s:5313   .debug_str:0000000000000812 .LASF286
C:\Users\stapi\AppData\Local\Temp\ccBYkZ2Z.s:5675   .debug_str:0000000000001576 .LASF287
C:\Users\stapi\AppData\Local\Temp\ccBYkZ2Z.s:5879   .debug_str:0000000000001c18 .LASF288
C:\Users\stapi\AppData\Local\Temp\ccBYkZ2Z.s:5901   .debug_str:0000000000001cd0 .LASF289
C:\Users\stapi\AppData\Local\Temp\ccBYkZ2Z.s:5629   .debug_str:00000000000013ec .LASF290
C:\Users\stapi\AppData\Local\Temp\ccBYkZ2Z.s:5921   .debug_str:0000000000001d7c .LASF291
C:\Users\stapi\AppData\Local\Temp\ccBYkZ2Z.s:5279   .debug_str:0000000000000719 .LASF292
C:\Users\stapi\AppData\Local\Temp\ccBYkZ2Z.s:5547   .debug_str:0000000000001103 .LASF293
C:\Users\stapi\AppData\Local\Temp\ccBYkZ2Z.s:5351   .debug_str:000000000000093c .LASF294
C:\Users\stapi\AppData\Local\Temp\ccBYkZ2Z.s:5543   .debug_str:00000000000010e0 .LASF295
C:\Users\stapi\AppData\Local\Temp\ccBYkZ2Z.s:5647   .debug_str:000000000000146e .LASF296
C:\Users\stapi\AppData\Local\Temp\ccBYkZ2Z.s:5985   .debug_str:0000000000001f91 .LASF297
C:\Users\stapi\AppData\Local\Temp\ccBYkZ2Z.s:5551   .debug_str:0000000000001124 .LASF298
C:\Users\stapi\AppData\Local\Temp\ccBYkZ2Z.s:5977   .debug_str:0000000000001f3f .LASF299
C:\Users\stapi\AppData\Local\Temp\ccBYkZ2Z.s:5765   .debug_str:000000000000181c .LASF300
C:\Users\stapi\AppData\Local\Temp\ccBYkZ2Z.s:5503   .debug_str:0000000000000edc .LASF301
C:\Users\stapi\AppData\Local\Temp\ccBYkZ2Z.s:5381   .debug_str:0000000000000a29 .LASF302
C:\Users\stapi\AppData\Local\Temp\ccBYkZ2Z.s:5723   .debug_str:00000000000016d6 .LASF303
C:\Users\stapi\AppData\Local\Temp\ccBYkZ2Z.s:5265   .debug_str:0000000000000697 .LASF304
C:\Users\stapi\AppData\Local\Temp\ccBYkZ2Z.s:5835   .debug_str:0000000000001a6b .LASF305
C:\Users\stapi\AppData\Local\Temp\ccBYkZ2Z.s:5779   .debug_str:00000000000018a6 .LASF306
C:\Users\stapi\AppData\Local\Temp\ccBYkZ2Z.s:5621   .debug_str:0000000000001390 .LASF307
C:\Users\stapi\AppData\Local\Temp\ccBYkZ2Z.s:5171   .debug_str:000000000000039f .LASF308
C:\Users\stapi\AppData\Local\Temp\ccBYkZ2Z.s:5531   .debug_str:0000000000000ff1 .LASF309
C:\Users\stapi\AppData\Local\Temp\ccBYkZ2Z.s:5651   .debug_str:000000000000149a .LASF310
C:\Users\stapi\AppData\Local\Temp\ccBYkZ2Z.s:5603   .debug_str:00000000000012fc .LASF311
C:\Users\stapi\AppData\Local\Temp\ccBYkZ2Z.s:5431   .debug_str:0000000000000c8e .LASF312
C:\Users\stapi\AppData\Local\Temp\ccBYkZ2Z.s:5773   .debug_str:0000000000001862 .LASF313
C:\Users\stapi\AppData\Local\Temp\ccBYkZ2Z.s:5179   .debug_str:00000000000003ea .LASF314
C:\Users\stapi\AppData\Local\Temp\ccBYkZ2Z.s:5087   .debug_str:0000000000000149 .LASF315
C:\Users\stapi\AppData\Local\Temp\ccBYkZ2Z.s:5997   .debug_str:0000000000001ff2 .LASF316
C:\Users\stapi\AppData\Local\Temp\ccBYkZ2Z.s:5819   .debug_str:00000000000019e6 .LASF317
C:\Users\stapi\AppData\Local\Temp\ccBYkZ2Z.s:5899   .debug_str:0000000000001cb8 .LASF318
C:\Users\stapi\AppData\Local\Temp\ccBYkZ2Z.s:5877   .debug_str:0000000000001bff .LASF319
C:\Users\stapi\AppData\Local\Temp\ccBYkZ2Z.s:5123   .debug_str:0000000000000274 .LASF320
C:\Users\stapi\AppData\Local\Temp\ccBYkZ2Z.s:5231   .debug_str:0000000000000593 .LASF321
C:\Users\stapi\AppData\Local\Temp\ccBYkZ2Z.s:5107   .debug_str:00000000000001fa .LASF322
C:\Users\stapi\AppData\Local\Temp\ccBYkZ2Z.s:5207   .debug_str:00000000000004d2 .LASF323
C:\Users\stapi\AppData\Local\Temp\ccBYkZ2Z.s:5513   .debug_str:0000000000000f4e .LASF324
C:\Users\stapi\AppData\Local\Temp\ccBYkZ2Z.s:5639   .debug_str:000000000000142f .LASF325
C:\Users\stapi\AppData\Local\Temp\ccBYkZ2Z.s:5311   .debug_str:0000000000000805 .LASF326
C:\Users\stapi\AppData\Local\Temp\ccBYkZ2Z.s:5691   .debug_str:00000000000015f2 .LASF327
C:\Users\stapi\AppData\Local\Temp\ccBYkZ2Z.s:5071   .debug_str:00000000000000d2 .LASF328
C:\Users\stapi\AppData\Local\Temp\ccBYkZ2Z.s:6011   .debug_str:0000000000002057 .LASF329
C:\Users\stapi\AppData\Local\Temp\ccBYkZ2Z.s:5717   .debug_str:00000000000016b1 .LASF330
C:\Users\stapi\AppData\Local\Temp\ccBYkZ2Z.s:5105   .debug_str:00000000000001eb .LASF331
C:\Users\stapi\AppData\Local\Temp\ccBYkZ2Z.s:5667   .debug_str:0000000000001533 .LASF332
C:\Users\stapi\AppData\Local\Temp\ccBYkZ2Z.s:5681   .debug_str:00000000000015ae .LASF333
C:\Users\stapi\AppData\Local\Temp\ccBYkZ2Z.s:5965   .debug_str:0000000000001eec .LASF334
C:\Users\stapi\AppData\Local\Temp\ccBYkZ2Z.s:5367   .debug_str:00000000000009d9 .LASF335
C:\Users\stapi\AppData\Local\Temp\ccBYkZ2Z.s:5363   .debug_str:00000000000009a8 .LASF336
C:\Users\stapi\AppData\Local\Temp\ccBYkZ2Z.s:5707   .debug_str:0000000000001664 .LASF337
C:\Users\stapi\AppData\Local\Temp\ccBYkZ2Z.s:5909   .debug_str:0000000000001d10 .LASF338
C:\Users\stapi\AppData\Local\Temp\ccBYkZ2Z.s:5099   .debug_str:00000000000001c3 .LASF339
C:\Users\stapi\AppData\Local\Temp\ccBYkZ2Z.s:5991   .debug_str:0000000000001fc0 .LASF340
C:\Users\stapi\AppData\Local\Temp\ccBYkZ2Z.s:5801   .debug_str:0000000000001947 .LASF341
C:\Users\stapi\AppData\Local\Temp\ccBYkZ2Z.s:5233   .debug_str:00000000000005af .LASF342
C:\Users\stapi\AppData\Local\Temp\ccBYkZ2Z.s:5749   .debug_str:00000000000017c2 .LASF343
C:\Users\stapi\AppData\Local\Temp\ccBYkZ2Z.s:5137   .debug_str:00000000000002d5 .LASF344
C:\Users\stapi\AppData\Local\Temp\ccBYkZ2Z.s:5863   .debug_str:0000000000001b71 .LASF345
C:\Users\stapi\AppData\Local\Temp\ccBYkZ2Z.s:5701   .debug_str:0000000000001631 .LASF346
C:\Users\stapi\AppData\Local\Temp\ccBYkZ2Z.s:5729   .debug_str:0000000000001710 .LASF347
C:\Users\stapi\AppData\Local\Temp\ccBYkZ2Z.s:5251   .debug_str:0000000000000634 .LASF348
C:\Users\stapi\AppData\Local\Temp\ccBYkZ2Z.s:5537   .debug_str:00000000000010b5 .LASF349
C:\Users\stapi\AppData\Local\Temp\ccBYkZ2Z.s:5881   .debug_str:0000000000001c30 .LASF350
C:\Users\stapi\AppData\Local\Temp\ccBYkZ2Z.s:5641   .debug_str:0000000000001439 .LASF351
C:\Users\stapi\AppData\Local\Temp\ccBYkZ2Z.s:5153   .debug_str:000000000000034d .LASF352
C:\Users\stapi\AppData\Local\Temp\ccBYkZ2Z.s:5249   .debug_str:0000000000000619 .LASF353
C:\Users\stapi\AppData\Local\Temp\ccBYkZ2Z.s:5459   .debug_str:0000000000000d79 .LASF354
C:\Users\stapi\AppData\Local\Temp\ccBYkZ2Z.s:5357   .debug_str:000000000000097c .LASF355
C:\Users\stapi\AppData\Local\Temp\ccBYkZ2Z.s:5491   .debug_str:0000000000000e7e .LASF356
C:\Users\stapi\AppData\Local\Temp\ccBYkZ2Z.s:5341   .debug_str:00000000000008eb .LASF357
C:\Users\stapi\AppData\Local\Temp\ccBYkZ2Z.s:5065   .debug_str:00000000000000a7 .LASF358
C:\Users\stapi\AppData\Local\Temp\ccBYkZ2Z.s:5947   .debug_str:0000000000001e48 .LASF359
C:\Users\stapi\AppData\Local\Temp\ccBYkZ2Z.s:6021   .debug_str:00000000000020a1 .LASF360
C:\Users\stapi\AppData\Local\Temp\ccBYkZ2Z.s:5133   .debug_str:00000000000002b7 .LASF361
C:\Users\stapi\AppData\Local\Temp\ccBYkZ2Z.s:5215   .debug_str:0000000000000505 .LASF362
C:\Users\stapi\AppData\Local\Temp\ccBYkZ2Z.s:5209   .debug_str:00000000000004db .LASF363
C:\Users\stapi\AppData\Local\Temp\ccBYkZ2Z.s:5053   .debug_str:0000000000000063 .LASF364
C:\Users\stapi\AppData\Local\Temp\ccBYkZ2Z.s:6015   .debug_str:0000000000002075 .LASF365
C:\Users\stapi\AppData\Local\Temp\ccBYkZ2Z.s:5395   .debug_str:0000000000000a99 .LASF366
C:\Users\stapi\AppData\Local\Temp\ccBYkZ2Z.s:5917   .debug_str:0000000000001d54 .LASF367
C:\Users\stapi\AppData\Local\Temp\ccBYkZ2Z.s:5359   .debug_str:000000000000098a .LASF368
C:\Users\stapi\AppData\Local\Temp\ccBYkZ2Z.s:5741   .debug_str:0000000000001794 .LASF369
C:\Users\stapi\AppData\Local\Temp\ccBYkZ2Z.s:6001   .debug_str:0000000000002028 .LASF370
C:\Users\stapi\AppData\Local\Temp\ccBYkZ2Z.s:5185   .debug_str:0000000000000435 .LASF371
C:\Users\stapi\AppData\Local\Temp\ccBYkZ2Z.s:5429   .debug_str:0000000000000c7d .LASF372
C:\Users\stapi\AppData\Local\Temp\ccBYkZ2Z.s:6007   .debug_str:000000000000203b .LASF373
C:\Users\stapi\AppData\Local\Temp\ccBYkZ2Z.s:5929   .debug_str:0000000000001dbb .LASF374
C:\Users\stapi\AppData\Local\Temp\ccBYkZ2Z.s:5655   .debug_str:00000000000014dd .LASF375
C:\Users\stapi\AppData\Local\Temp\ccBYkZ2Z.s:5417   .debug_str:0000000000000b49 .LASF376
C:\Users\stapi\AppData\Local\Temp\ccBYkZ2Z.s:5679   .debug_str:0000000000001596 .LASF377
C:\Users\stapi\AppData\Local\Temp\ccBYkZ2Z.s:5963   .debug_str:0000000000001ecf .LASF378
C:\Users\stapi\AppData\Local\Temp\ccBYkZ2Z.s:5829   .debug_str:0000000000001a48 .LASF379
C:\Users\stapi\AppData\Local\Temp\ccBYkZ2Z.s:5911   .debug_str:0000000000001d20 .LASF380
C:\Users\stapi\AppData\Local\Temp\ccBYkZ2Z.s:5077   .debug_str:00000000000000fa .LASF381
C:\Users\stapi\AppData\Local\Temp\ccBYkZ2Z.s:5299   .debug_str:00000000000007be .LASF382
C:\Users\stapi\AppData\Local\Temp\ccBYkZ2Z.s:5935   .debug_str:0000000000001dd5 .LASF383
C:\Users\stapi\AppData\Local\Temp\ccBYkZ2Z.s:5095   .debug_str:0000000000000199 .LASF384
C:\Users\stapi\AppData\Local\Temp\ccBYkZ2Z.s:5509   .debug_str:0000000000000f20 .LASF385
C:\Users\stapi\AppData\Local\Temp\ccBYkZ2Z.s:5275   .debug_str:00000000000006f5 .LASF386
C:\Users\stapi\AppData\Local\Temp\ccBYkZ2Z.s:5945   .debug_str:0000000000001e32 .LASF387
C:\Users\stapi\AppData\Local\Temp\ccBYkZ2Z.s:5229   .debug_str:000000000000057a .LASF388
C:\Users\stapi\AppData\Local\Temp\ccBYkZ2Z.s:5539   .debug_str:00000000000010bd .LASF389
C:\Users\stapi\AppData\Local\Temp\ccBYkZ2Z.s:5995   .debug_str:0000000000001fdc .LASF390
C:\Users\stapi\AppData\Local\Temp\ccBYkZ2Z.s:5269   .debug_str:00000000000006c3 .LASF391
C:\Users\stapi\AppData\Local\Temp\ccBYkZ2Z.s:5435   .debug_str:0000000000000ccc .LASF392
C:\Users\stapi\AppData\Local\Temp\ccBYkZ2Z.s:5893   .debug_str:0000000000001c86 .LASF393
C:\Users\stapi\AppData\Local\Temp\ccBYkZ2Z.s:5347   .debug_str:000000000000091a .LASF394
C:\Users\stapi\AppData\Local\Temp\ccBYkZ2Z.s:5433   .debug_str:0000000000000cb1 .LASF395
C:\Users\stapi\AppData\Local\Temp\ccBYkZ2Z.s:5189   .debug_str:0000000000000462 .LASF396
C:\Users\stapi\AppData\Local\Temp\ccBYkZ2Z.s:5813   .debug_str:00000000000019a1 .LASF397
C:\Users\stapi\AppData\Local\Temp\ccBYkZ2Z.s:5081   .debug_str:0000000000000111 .LASF398
C:\Users\stapi\AppData\Local\Temp\ccBYkZ2Z.s:5867   .debug_str:0000000000001ba0 .LASF399
C:\Users\stapi\AppData\Local\Temp\ccBYkZ2Z.s:5293   .debug_str:000000000000077f .LASF400
C:\Users\stapi\AppData\Local\Temp\ccBYkZ2Z.s:5653   .debug_str:00000000000014bf .LASF401
C:\Users\stapi\AppData\Local\Temp\ccBYkZ2Z.s:5591   .debug_str:000000000000129f .LASF402
C:\Users\stapi\AppData\Local\Temp\ccBYkZ2Z.s:5329   .debug_str:0000000000000882 .LASF403
C:\Users\stapi\AppData\Local\Temp\ccBYkZ2Z.s:5735   .debug_str:0000000000001757 .LASF404
C:\Users\stapi\AppData\Local\Temp\ccBYkZ2Z.s:5409   .debug_str:0000000000000b03 .LASF405
C:\Users\stapi\AppData\Local\Temp\ccBYkZ2Z.s:5085   .debug_str:000000000000012f .LASF406
C:\Users\stapi\AppData\Local\Temp\ccBYkZ2Z.s:5943   .debug_str:0000000000001e1a .LASF407
C:\Users\stapi\AppData\Local\Temp\ccBYkZ2Z.s:5485   .debug_str:0000000000000e52 .LASF408
C:\Users\stapi\AppData\Local\Temp\ccBYkZ2Z.s:5645   .debug_str:0000000000001451 .LASF409
C:\Users\stapi\AppData\Local\Temp\ccBYkZ2Z.s:5683   .debug_str:00000000000015bd .LASF410
C:\Users\stapi\AppData\Local\Temp\ccBYkZ2Z.s:5199   .debug_str:000000000000049f .LASF411
C:\Users\stapi\AppData\Local\Temp\ccBYkZ2Z.s:5139   .debug_str:00000000000002fb .LASF412
C:\Users\stapi\AppData\Local\Temp\ccBYkZ2Z.s:5515   .debug_str:0000000000000f59 .LASF413
C:\Users\stapi\AppData\Local\Temp\ccBYkZ2Z.s:5317   .debug_str:0000000000000833 .LASF414
C:\Users\stapi\AppData\Local\Temp\ccBYkZ2Z.s:5397   .debug_str:0000000000000aa2 .LASF415
C:\Users\stapi\AppData\Local\Temp\ccBYkZ2Z.s:5847   .debug_str:0000000000001adc .LASF416
C:\Users\stapi\AppData\Local\Temp\ccBYkZ2Z.s:5587   .debug_str:0000000000001277 .LASF417
C:\Users\stapi\AppData\Local\Temp\ccBYkZ2Z.s:5825   .debug_str:0000000000001a26 .LASF418
C:\Users\stapi\AppData\Local\Temp\ccBYkZ2Z.s:5499   .debug_str:0000000000000eb1 .LASF419
C:\Users\stapi\AppData\Local\Temp\ccBYkZ2Z.s:5297   .debug_str:00000000000007a9 .LASF420
C:\Users\stapi\AppData\Local\Temp\ccBYkZ2Z.s:5507   .debug_str:0000000000000f08 .LASF421
C:\Users\stapi\AppData\Local\Temp\ccBYkZ2Z.s:5365   .debug_str:00000000000009bb .LASF422
C:\Users\stapi\AppData\Local\Temp\ccBYkZ2Z.s:5815   .debug_str:00000000000019bf .LASF423
C:\Users\stapi\AppData\Local\Temp\ccBYkZ2Z.s:5287   .debug_str:0000000000000754 .LASF424
C:\Users\stapi\AppData\Local\Temp\ccBYkZ2Z.s:5535   .debug_str:0000000000001096 .LASF425
C:\Users\stapi\AppData\Local\Temp\ccBYkZ2Z.s:5213   .debug_str:00000000000004f5 .LASF426
C:\Users\stapi\AppData\Local\Temp\ccBYkZ2Z.s:5093   .debug_str:0000000000000186 .LASF427
C:\Users\stapi\AppData\Local\Temp\ccBYkZ2Z.s:5443   .debug_str:0000000000000cff .LASF428
C:\Users\stapi\AppData\Local\Temp\ccBYkZ2Z.s:5769   .debug_str:0000000000001841 .LASF429
C:\Users\stapi\AppData\Local\Temp\ccBYkZ2Z.s:5775   .debug_str:0000000000001881 .LASF430
C:\Users\stapi\AppData\Local\Temp\ccBYkZ2Z.s:5221   .debug_str:0000000000000534 .LASF431
C:\Users\stapi\AppData\Local\Temp\ccBYkZ2Z.s:5355   .debug_str:0000000000000968 .LASF432
C:\Users\stapi\AppData\Local\Temp\ccBYkZ2Z.s:5475   .debug_str:0000000000000dfe .LASF433
C:\Users\stapi\AppData\Local\Temp\ccBYkZ2Z.s:5625   .debug_str:00000000000013c8 .LASF434
C:\Users\stapi\AppData\Local\Temp\ccBYkZ2Z.s:5521   .debug_str:0000000000000f8d .LASF435
C:\Users\stapi\AppData\Local\Temp\ccBYkZ2Z.s:5227   .debug_str:0000000000000564 .LASF436
C:\Users\stapi\AppData\Local\Temp\ccBYkZ2Z.s:5857   .debug_str:0000000000001b2c .LASF437
C:\Users\stapi\AppData\Local\Temp\ccBYkZ2Z.s:5957   .debug_str:0000000000001e9a .LASF438
C:\Users\stapi\AppData\Local\Temp\ccBYkZ2Z.s:5973   .debug_str:0000000000001f16 .LASF439
C:\Users\stapi\AppData\Local\Temp\ccBYkZ2Z.s:5183   .debug_str:000000000000041a .LASF440
C:\Users\stapi\AppData\Local\Temp\ccBYkZ2Z.s:5841   .debug_str:0000000000001aad .LASF441
C:\Users\stapi\AppData\Local\Temp\ccBYkZ2Z.s:5385   .debug_str:0000000000000a53 .LASF442
C:\Users\stapi\AppData\Local\Temp\ccBYkZ2Z.s:5373   .debug_str:00000000000009f8 .LASF443
C:\Users\stapi\AppData\Local\Temp\ccBYkZ2Z.s:5663   .debug_str:0000000000001518 .LASF444
C:\Users\stapi\AppData\Local\Temp\ccBYkZ2Z.s:5211   .debug_str:00000000000004e7 .LASF445
C:\Users\stapi\AppData\Local\Temp\ccBYkZ2Z.s:5067   .debug_str:00000000000000be .LASF446
C:\Users\stapi\AppData\Local\Temp\ccBYkZ2Z.s:5419   .debug_str:0000000000000b4e .LASF447
C:\Users\stapi\AppData\Local\Temp\ccBYkZ2Z.s:5831   .debug_str:0000000000001a59 .LASF448
C:\Users\stapi\AppData\Local\Temp\ccBYkZ2Z.s:5343   .debug_str:0000000000000900 .LASF449
C:\Users\stapi\AppData\Local\Temp\ccBYkZ2Z.s:5455   .debug_str:0000000000000d64 .LASF450
C:\Users\stapi\AppData\Local\Temp\ccBYkZ2Z.s:5155   .debug_str:0000000000000353 .LASF451
C:\Users\stapi\AppData\Local\Temp\ccBYkZ2Z.s:5553   .debug_str:0000000000001144 .LASF452
C:\Users\stapi\AppData\Local\Temp\ccBYkZ2Z.s:5649   .debug_str:000000000000148a .LASF453
C:\Users\stapi\AppData\Local\Temp\ccBYkZ2Z.s:5637   .debug_str:0000000000001429 .LASF454
C:\Users\stapi\AppData\Local\Temp\ccBYkZ2Z.s:5261   .debug_str:0000000000000675 .LASF455
C:\Users\stapi\AppData\Local\Temp\ccBYkZ2Z.s:5529   .debug_str:0000000000000fe3 .LASF456
C:\Users\stapi\AppData\Local\Temp\ccBYkZ2Z.s:5907   .debug_str:0000000000001d01 .LASF457
C:\Users\stapi\AppData\Local\Temp\ccBYkZ2Z.s:5047   .debug_str:000000000000004b .LASF458
C:\Users\stapi\AppData\Local\Temp\ccBYkZ2Z.s:5305   .debug_str:00000000000007e3 .LASF459
C:\Users\stapi\AppData\Local\Temp\ccBYkZ2Z.s:5411   .debug_str:0000000000000b22 .LASF460
C:\Users\stapi\AppData\Local\Temp\ccBYkZ2Z.s:6017   .debug_str:000000000000208b .LASF461
C:\Users\stapi\AppData\Local\Temp\ccBYkZ2Z.s:5809   .debug_str:0000000000001989 .LASF462
C:\Users\stapi\AppData\Local\Temp\ccBYkZ2Z.s:5797   .debug_str:000000000000193a .LASF463
C:\Users\stapi\AppData\Local\Temp\ccBYkZ2Z.s:5203   .debug_str:00000000000004c1 .LASF464
C:\Users\stapi\AppData\Local\Temp\ccBYkZ2Z.s:5159   .debug_str:0000000000000367 .LASF465
C:\Users\stapi\AppData\Local\Temp\ccBYkZ2Z.s:5115   .debug_str:0000000000000245 .LASF466
C:\Users\stapi\AppData\Local\Temp\ccBYkZ2Z.s:5545   .debug_str:00000000000010fb .LASF467
C:\Users\stapi\AppData\Local\Temp\ccBYkZ2Z.s:5271   .debug_str:00000000000006e0 .LASF468
C:\Users\stapi\AppData\Local\Temp\ccBYkZ2Z.s:5763   .debug_str:000000000000180b .LASF469
C:\Users\stapi\AppData\Local\Temp\ccBYkZ2Z.s:5887   .debug_str:0000000000001c66 .LASF470
C:\Users\stapi\AppData\Local\Temp\ccBYkZ2Z.s:5457   .debug_str:0000000000000d74 .LASF471
C:\Users\stapi\AppData\Local\Temp\ccBYkZ2Z.s:5623   .debug_str:00000000000013b5 .LASF472
C:\Users\stapi\AppData\Local\Temp\ccBYkZ2Z.s:5069   .debug_str:00000000000000c3 .LASF473
C:\Users\stapi\AppData\Local\Temp\ccBYkZ2Z.s:5125   .debug_str:000000000000028d .LASF474
C:\Users\stapi\AppData\Local\Temp\ccBYkZ2Z.s:5119   .debug_str:000000000000025f .LASF475
C:\Users\stapi\AppData\Local\Temp\ccBYkZ2Z.s:5987   .debug_str:0000000000001fb0 .LASF476
C:\Users\stapi\AppData\Local\Temp\ccBYkZ2Z.s:5837   .debug_str:0000000000001a87 .LASF477
C:\Users\stapi\AppData\Local\Temp\ccBYkZ2Z.s:5041   .debug_str:0000000000000020 .LASF478
C:\Users\stapi\AppData\Local\Temp\ccBYkZ2Z.s:5489   .debug_str:0000000000000e6f .LASF479
C:\Users\stapi\AppData\Local\Temp\ccBYkZ2Z.s:5743   .debug_str:000000000000179c .LASF480
C:\Users\stapi\AppData\Local\Temp\ccBYkZ2Z.s:5337   .debug_str:00000000000008c4 .LASF481
C:\Users\stapi\AppData\Local\Temp\ccBYkZ2Z.s:5981   .debug_str:0000000000001f73 .LASF482
C:\Users\stapi\AppData\Local\Temp\ccBYkZ2Z.s:5941   .debug_str:0000000000001e03 .LASF483
C:\Users\stapi\AppData\Local\Temp\ccBYkZ2Z.s:5869   .debug_str:0000000000001bbd .LASF484
C:\Users\stapi\AppData\Local\Temp\ccBYkZ2Z.s:5615   .debug_str:000000000000136e .LASF485
C:\Users\stapi\AppData\Local\Temp\ccBYkZ2Z.s:5767   .debug_str:0000000000001839 .LASF486
C:\Users\stapi\AppData\Local\Temp\ccBYkZ2Z.s:5913   .debug_str:0000000000001d36 .LASF487
C:\Users\stapi\AppData\Local\Temp\ccBYkZ2Z.s:5705   .debug_str:000000000000165c .LASF488
C:\Users\stapi\AppData\Local\Temp\ccBYkZ2Z.s:5525   .debug_str:0000000000000fc1 .LASF489
C:\Users\stapi\AppData\Local\Temp\ccBYkZ2Z.s:5715   .debug_str:00000000000016a0 .LASF493
C:\Users\stapi\AppData\Local\Temp\ccBYkZ2Z.s:5321   .debug_str:0000000000000856 .LASF494
C:\Users\stapi\AppData\Local\Temp\ccBYkZ2Z.s:142    .debug_info:0000000000000000 .Ldebug_info0

UNDEFINED SYMBOLS
coap_netif_dgrm_write
coap_session_establish
coap_netif_close
coap_dtls_send
coap_dtls_establish
coap_dtls_close
