   1              		.file	"coap_mem.c"
   2              		.option nopic
   3              		.attribute arch, "rv32i2p0_m2p0_a2p0_f2p0_c2p0_b_p0p94"
   4              		.attribute unaligned_access, 0
   5              		.attribute stack_align, 16
   6              		.text
   7              	.Ltext0:
   8              		.cfi_sections	.debug_frame
   9              		.section	.text.coap_memory_init,"ax",@progbits
  10              		.align	1
  11              		.globl	coap_memory_init
  13              	coap_memory_init:
  14              	.LFB31:
  15              		.file 1 "C:/Users/stapi/OneDrive/Desktop/GD32VW553/GD32VW55X_Wifi_BLE_SDK/GD32VW55x_RELEASE_V1.0.2
   1:C:/Users/stapi/OneDrive/Desktop/GD32VW553/GD32VW55X_Wifi_BLE_SDK/GD32VW55x_RELEASE_V1.0.2/MSDK/lwip/libcoap-4.3.4/src\coap_mem.c **** /* coap_mem.c -- CoAP memory handling
   2:C:/Users/stapi/OneDrive/Desktop/GD32VW553/GD32VW55X_Wifi_BLE_SDK/GD32VW55x_RELEASE_V1.0.2/MSDK/lwip/libcoap-4.3.4/src\coap_mem.c ****  *
   3:C:/Users/stapi/OneDrive/Desktop/GD32VW553/GD32VW55X_Wifi_BLE_SDK/GD32VW55x_RELEASE_V1.0.2/MSDK/lwip/libcoap-4.3.4/src\coap_mem.c ****  * Copyright (C) 2014--2015,2019--2023 Olaf Bergmann <bergmann@tzi.org>
   4:C:/Users/stapi/OneDrive/Desktop/GD32VW553/GD32VW55X_Wifi_BLE_SDK/GD32VW55x_RELEASE_V1.0.2/MSDK/lwip/libcoap-4.3.4/src\coap_mem.c ****  * Copyright (c) 2024, GigaDevice Semiconductor Inc.
   5:C:/Users/stapi/OneDrive/Desktop/GD32VW553/GD32VW55X_Wifi_BLE_SDK/GD32VW55x_RELEASE_V1.0.2/MSDK/lwip/libcoap-4.3.4/src\coap_mem.c ****  *
   6:C:/Users/stapi/OneDrive/Desktop/GD32VW553/GD32VW55X_Wifi_BLE_SDK/GD32VW55x_RELEASE_V1.0.2/MSDK/lwip/libcoap-4.3.4/src\coap_mem.c ****  * SPDX-License-Identifier: BSD-2-Clause
   7:C:/Users/stapi/OneDrive/Desktop/GD32VW553/GD32VW55X_Wifi_BLE_SDK/GD32VW55x_RELEASE_V1.0.2/MSDK/lwip/libcoap-4.3.4/src\coap_mem.c ****  *
   8:C:/Users/stapi/OneDrive/Desktop/GD32VW553/GD32VW55X_Wifi_BLE_SDK/GD32VW55x_RELEASE_V1.0.2/MSDK/lwip/libcoap-4.3.4/src\coap_mem.c ****  * This file is part of the CoAP library libcoap. Please see
   9:C:/Users/stapi/OneDrive/Desktop/GD32VW553/GD32VW55X_Wifi_BLE_SDK/GD32VW55x_RELEASE_V1.0.2/MSDK/lwip/libcoap-4.3.4/src\coap_mem.c ****  * README for terms of use.
  10:C:/Users/stapi/OneDrive/Desktop/GD32VW553/GD32VW55X_Wifi_BLE_SDK/GD32VW55x_RELEASE_V1.0.2/MSDK/lwip/libcoap-4.3.4/src\coap_mem.c ****  */
  11:C:/Users/stapi/OneDrive/Desktop/GD32VW553/GD32VW55X_Wifi_BLE_SDK/GD32VW55x_RELEASE_V1.0.2/MSDK/lwip/libcoap-4.3.4/src\coap_mem.c **** 
  12:C:/Users/stapi/OneDrive/Desktop/GD32VW553/GD32VW55X_Wifi_BLE_SDK/GD32VW55x_RELEASE_V1.0.2/MSDK/lwip/libcoap-4.3.4/src\coap_mem.c **** /**
  13:C:/Users/stapi/OneDrive/Desktop/GD32VW553/GD32VW55X_Wifi_BLE_SDK/GD32VW55x_RELEASE_V1.0.2/MSDK/lwip/libcoap-4.3.4/src\coap_mem.c ****  * @file coap_mem.c
  14:C:/Users/stapi/OneDrive/Desktop/GD32VW553/GD32VW55X_Wifi_BLE_SDK/GD32VW55x_RELEASE_V1.0.2/MSDK/lwip/libcoap-4.3.4/src\coap_mem.c ****  * @brief Memory handling functions
  15:C:/Users/stapi/OneDrive/Desktop/GD32VW553/GD32VW55X_Wifi_BLE_SDK/GD32VW55x_RELEASE_V1.0.2/MSDK/lwip/libcoap-4.3.4/src\coap_mem.c ****  */
  16:C:/Users/stapi/OneDrive/Desktop/GD32VW553/GD32VW55X_Wifi_BLE_SDK/GD32VW55x_RELEASE_V1.0.2/MSDK/lwip/libcoap-4.3.4/src\coap_mem.c **** 
  17:C:/Users/stapi/OneDrive/Desktop/GD32VW553/GD32VW55X_Wifi_BLE_SDK/GD32VW55x_RELEASE_V1.0.2/MSDK/lwip/libcoap-4.3.4/src\coap_mem.c **** #include "coap3/coap_internal.h"
  18:C:/Users/stapi/OneDrive/Desktop/GD32VW553/GD32VW55X_Wifi_BLE_SDK/GD32VW55x_RELEASE_V1.0.2/MSDK/lwip/libcoap-4.3.4/src\coap_mem.c **** 
  19:C:/Users/stapi/OneDrive/Desktop/GD32VW553/GD32VW55X_Wifi_BLE_SDK/GD32VW55x_RELEASE_V1.0.2/MSDK/lwip/libcoap-4.3.4/src\coap_mem.c **** #if defined(RIOT_VERSION) && defined(MODULE_MEMARRAY)
  20:C:/Users/stapi/OneDrive/Desktop/GD32VW553/GD32VW55X_Wifi_BLE_SDK/GD32VW55x_RELEASE_V1.0.2/MSDK/lwip/libcoap-4.3.4/src\coap_mem.c **** #include <memarray.h>
  21:C:/Users/stapi/OneDrive/Desktop/GD32VW553/GD32VW55X_Wifi_BLE_SDK/GD32VW55x_RELEASE_V1.0.2/MSDK/lwip/libcoap-4.3.4/src\coap_mem.c **** 
  22:C:/Users/stapi/OneDrive/Desktop/GD32VW553/GD32VW55X_Wifi_BLE_SDK/GD32VW55x_RELEASE_V1.0.2/MSDK/lwip/libcoap-4.3.4/src\coap_mem.c **** #undef PACKAGE_NAME
  23:C:/Users/stapi/OneDrive/Desktop/GD32VW553/GD32VW55X_Wifi_BLE_SDK/GD32VW55x_RELEASE_V1.0.2/MSDK/lwip/libcoap-4.3.4/src\coap_mem.c **** #undef PACKAGE_STRING
  24:C:/Users/stapi/OneDrive/Desktop/GD32VW553/GD32VW55X_Wifi_BLE_SDK/GD32VW55x_RELEASE_V1.0.2/MSDK/lwip/libcoap-4.3.4/src\coap_mem.c **** #undef PACKAGE_TARNAME
  25:C:/Users/stapi/OneDrive/Desktop/GD32VW553/GD32VW55X_Wifi_BLE_SDK/GD32VW55x_RELEASE_V1.0.2/MSDK/lwip/libcoap-4.3.4/src\coap_mem.c **** #undef PACKAGE_VERSION
  26:C:/Users/stapi/OneDrive/Desktop/GD32VW553/GD32VW55X_Wifi_BLE_SDK/GD32VW55x_RELEASE_V1.0.2/MSDK/lwip/libcoap-4.3.4/src\coap_mem.c **** #include <coap3/coap_session.h>
  27:C:/Users/stapi/OneDrive/Desktop/GD32VW553/GD32VW55X_Wifi_BLE_SDK/GD32VW55x_RELEASE_V1.0.2/MSDK/lwip/libcoap-4.3.4/src\coap_mem.c **** #undef PACKAGE_NAME
  28:C:/Users/stapi/OneDrive/Desktop/GD32VW553/GD32VW55X_Wifi_BLE_SDK/GD32VW55x_RELEASE_V1.0.2/MSDK/lwip/libcoap-4.3.4/src\coap_mem.c **** #undef PACKAGE_STRING
  29:C:/Users/stapi/OneDrive/Desktop/GD32VW553/GD32VW55X_Wifi_BLE_SDK/GD32VW55x_RELEASE_V1.0.2/MSDK/lwip/libcoap-4.3.4/src\coap_mem.c **** #undef PACKAGE_TARNAME
  30:C:/Users/stapi/OneDrive/Desktop/GD32VW553/GD32VW55X_Wifi_BLE_SDK/GD32VW55x_RELEASE_V1.0.2/MSDK/lwip/libcoap-4.3.4/src\coap_mem.c **** #undef PACKAGE_VERSION
  31:C:/Users/stapi/OneDrive/Desktop/GD32VW553/GD32VW55X_Wifi_BLE_SDK/GD32VW55x_RELEASE_V1.0.2/MSDK/lwip/libcoap-4.3.4/src\coap_mem.c **** 
  32:C:/Users/stapi/OneDrive/Desktop/GD32VW553/GD32VW55X_Wifi_BLE_SDK/GD32VW55x_RELEASE_V1.0.2/MSDK/lwip/libcoap-4.3.4/src\coap_mem.c **** #include "coap3/coap_session.h"
  33:C:/Users/stapi/OneDrive/Desktop/GD32VW553/GD32VW55X_Wifi_BLE_SDK/GD32VW55x_RELEASE_V1.0.2/MSDK/lwip/libcoap-4.3.4/src\coap_mem.c **** #include "coap3/coap_net.h"
  34:C:/Users/stapi/OneDrive/Desktop/GD32VW553/GD32VW55X_Wifi_BLE_SDK/GD32VW55x_RELEASE_V1.0.2/MSDK/lwip/libcoap-4.3.4/src\coap_mem.c **** #include "coap3/coap_pdu.h"
  35:C:/Users/stapi/OneDrive/Desktop/GD32VW553/GD32VW55X_Wifi_BLE_SDK/GD32VW55x_RELEASE_V1.0.2/MSDK/lwip/libcoap-4.3.4/src\coap_mem.c **** #include "coap3/coap_resource.h"
  36:C:/Users/stapi/OneDrive/Desktop/GD32VW553/GD32VW55X_Wifi_BLE_SDK/GD32VW55x_RELEASE_V1.0.2/MSDK/lwip/libcoap-4.3.4/src\coap_mem.c **** 
  37:C:/Users/stapi/OneDrive/Desktop/GD32VW553/GD32VW55X_Wifi_BLE_SDK/GD32VW55x_RELEASE_V1.0.2/MSDK/lwip/libcoap-4.3.4/src\coap_mem.c **** /**
  38:C:/Users/stapi/OneDrive/Desktop/GD32VW553/GD32VW55X_Wifi_BLE_SDK/GD32VW55x_RELEASE_V1.0.2/MSDK/lwip/libcoap-4.3.4/src\coap_mem.c ****  * The maximum size of a string on platforms that allocate fixed-size
  39:C:/Users/stapi/OneDrive/Desktop/GD32VW553/GD32VW55X_Wifi_BLE_SDK/GD32VW55x_RELEASE_V1.0.2/MSDK/lwip/libcoap-4.3.4/src\coap_mem.c ****  * memory blocks.
  40:C:/Users/stapi/OneDrive/Desktop/GD32VW553/GD32VW55X_Wifi_BLE_SDK/GD32VW55x_RELEASE_V1.0.2/MSDK/lwip/libcoap-4.3.4/src\coap_mem.c ****  */
  41:C:/Users/stapi/OneDrive/Desktop/GD32VW553/GD32VW55X_Wifi_BLE_SDK/GD32VW55x_RELEASE_V1.0.2/MSDK/lwip/libcoap-4.3.4/src\coap_mem.c **** #ifndef COAP_MAX_STRING_SIZE
  42:C:/Users/stapi/OneDrive/Desktop/GD32VW553/GD32VW55X_Wifi_BLE_SDK/GD32VW55x_RELEASE_V1.0.2/MSDK/lwip/libcoap-4.3.4/src\coap_mem.c **** #define COAP_MAX_STRING_SIZE     (64U)
  43:C:/Users/stapi/OneDrive/Desktop/GD32VW553/GD32VW55X_Wifi_BLE_SDK/GD32VW55x_RELEASE_V1.0.2/MSDK/lwip/libcoap-4.3.4/src\coap_mem.c **** #endif /* COAP_MAX_STRING_SIZE */
  44:C:/Users/stapi/OneDrive/Desktop/GD32VW553/GD32VW55X_Wifi_BLE_SDK/GD32VW55x_RELEASE_V1.0.2/MSDK/lwip/libcoap-4.3.4/src\coap_mem.c **** 
  45:C:/Users/stapi/OneDrive/Desktop/GD32VW553/GD32VW55X_Wifi_BLE_SDK/GD32VW55x_RELEASE_V1.0.2/MSDK/lwip/libcoap-4.3.4/src\coap_mem.c **** /**
  46:C:/Users/stapi/OneDrive/Desktop/GD32VW553/GD32VW55X_Wifi_BLE_SDK/GD32VW55x_RELEASE_V1.0.2/MSDK/lwip/libcoap-4.3.4/src\coap_mem.c ****  * The maximum number of strings on platforms that allocate
  47:C:/Users/stapi/OneDrive/Desktop/GD32VW553/GD32VW55X_Wifi_BLE_SDK/GD32VW55x_RELEASE_V1.0.2/MSDK/lwip/libcoap-4.3.4/src\coap_mem.c ****  * fixed-size memory blocks.
  48:C:/Users/stapi/OneDrive/Desktop/GD32VW553/GD32VW55X_Wifi_BLE_SDK/GD32VW55x_RELEASE_V1.0.2/MSDK/lwip/libcoap-4.3.4/src\coap_mem.c ****  */
  49:C:/Users/stapi/OneDrive/Desktop/GD32VW553/GD32VW55X_Wifi_BLE_SDK/GD32VW55x_RELEASE_V1.0.2/MSDK/lwip/libcoap-4.3.4/src\coap_mem.c **** #ifndef COAP_MAX_STRINGS
  50:C:/Users/stapi/OneDrive/Desktop/GD32VW553/GD32VW55X_Wifi_BLE_SDK/GD32VW55x_RELEASE_V1.0.2/MSDK/lwip/libcoap-4.3.4/src\coap_mem.c **** #define COAP_MAX_STRINGS         (16U)
  51:C:/Users/stapi/OneDrive/Desktop/GD32VW553/GD32VW55X_Wifi_BLE_SDK/GD32VW55x_RELEASE_V1.0.2/MSDK/lwip/libcoap-4.3.4/src\coap_mem.c **** #endif /* COAP_MAX_STRINGS */
  52:C:/Users/stapi/OneDrive/Desktop/GD32VW553/GD32VW55X_Wifi_BLE_SDK/GD32VW55x_RELEASE_V1.0.2/MSDK/lwip/libcoap-4.3.4/src\coap_mem.c **** 
  53:C:/Users/stapi/OneDrive/Desktop/GD32VW553/GD32VW55X_Wifi_BLE_SDK/GD32VW55x_RELEASE_V1.0.2/MSDK/lwip/libcoap-4.3.4/src\coap_mem.c **** /**
  54:C:/Users/stapi/OneDrive/Desktop/GD32VW553/GD32VW55X_Wifi_BLE_SDK/GD32VW55x_RELEASE_V1.0.2/MSDK/lwip/libcoap-4.3.4/src\coap_mem.c ****  * The maximum number of endpoints on platforms that allocate
  55:C:/Users/stapi/OneDrive/Desktop/GD32VW553/GD32VW55X_Wifi_BLE_SDK/GD32VW55x_RELEASE_V1.0.2/MSDK/lwip/libcoap-4.3.4/src\coap_mem.c ****  * fixed-size memory blocks.
  56:C:/Users/stapi/OneDrive/Desktop/GD32VW553/GD32VW55X_Wifi_BLE_SDK/GD32VW55x_RELEASE_V1.0.2/MSDK/lwip/libcoap-4.3.4/src\coap_mem.c ****  */
  57:C:/Users/stapi/OneDrive/Desktop/GD32VW553/GD32VW55X_Wifi_BLE_SDK/GD32VW55x_RELEASE_V1.0.2/MSDK/lwip/libcoap-4.3.4/src\coap_mem.c **** #ifndef COAP_MAX_ENDPOINTS
  58:C:/Users/stapi/OneDrive/Desktop/GD32VW553/GD32VW55X_Wifi_BLE_SDK/GD32VW55x_RELEASE_V1.0.2/MSDK/lwip/libcoap-4.3.4/src\coap_mem.c **** #define COAP_MAX_ENDPOINTS          (4U)
  59:C:/Users/stapi/OneDrive/Desktop/GD32VW553/GD32VW55X_Wifi_BLE_SDK/GD32VW55x_RELEASE_V1.0.2/MSDK/lwip/libcoap-4.3.4/src\coap_mem.c **** #endif /* COAP_MAX_ENDPOINTS */
  60:C:/Users/stapi/OneDrive/Desktop/GD32VW553/GD32VW55X_Wifi_BLE_SDK/GD32VW55x_RELEASE_V1.0.2/MSDK/lwip/libcoap-4.3.4/src\coap_mem.c **** 
  61:C:/Users/stapi/OneDrive/Desktop/GD32VW553/GD32VW55X_Wifi_BLE_SDK/GD32VW55x_RELEASE_V1.0.2/MSDK/lwip/libcoap-4.3.4/src\coap_mem.c **** /**
  62:C:/Users/stapi/OneDrive/Desktop/GD32VW553/GD32VW55X_Wifi_BLE_SDK/GD32VW55x_RELEASE_V1.0.2/MSDK/lwip/libcoap-4.3.4/src\coap_mem.c ****  * The maximum number of resources on platforms that allocate
  63:C:/Users/stapi/OneDrive/Desktop/GD32VW553/GD32VW55X_Wifi_BLE_SDK/GD32VW55x_RELEASE_V1.0.2/MSDK/lwip/libcoap-4.3.4/src\coap_mem.c ****  * fixed-size memory blocks.
  64:C:/Users/stapi/OneDrive/Desktop/GD32VW553/GD32VW55X_Wifi_BLE_SDK/GD32VW55x_RELEASE_V1.0.2/MSDK/lwip/libcoap-4.3.4/src\coap_mem.c ****  */
  65:C:/Users/stapi/OneDrive/Desktop/GD32VW553/GD32VW55X_Wifi_BLE_SDK/GD32VW55x_RELEASE_V1.0.2/MSDK/lwip/libcoap-4.3.4/src\coap_mem.c **** #ifndef COAP_MAX_RESOURCES
  66:C:/Users/stapi/OneDrive/Desktop/GD32VW553/GD32VW55X_Wifi_BLE_SDK/GD32VW55x_RELEASE_V1.0.2/MSDK/lwip/libcoap-4.3.4/src\coap_mem.c **** #define COAP_MAX_RESOURCES          (8U)
  67:C:/Users/stapi/OneDrive/Desktop/GD32VW553/GD32VW55X_Wifi_BLE_SDK/GD32VW55x_RELEASE_V1.0.2/MSDK/lwip/libcoap-4.3.4/src\coap_mem.c **** #endif /* COAP_MAX_RESOURCES */
  68:C:/Users/stapi/OneDrive/Desktop/GD32VW553/GD32VW55X_Wifi_BLE_SDK/GD32VW55x_RELEASE_V1.0.2/MSDK/lwip/libcoap-4.3.4/src\coap_mem.c **** 
  69:C:/Users/stapi/OneDrive/Desktop/GD32VW553/GD32VW55X_Wifi_BLE_SDK/GD32VW55x_RELEASE_V1.0.2/MSDK/lwip/libcoap-4.3.4/src\coap_mem.c **** /**
  70:C:/Users/stapi/OneDrive/Desktop/GD32VW553/GD32VW55X_Wifi_BLE_SDK/GD32VW55x_RELEASE_V1.0.2/MSDK/lwip/libcoap-4.3.4/src\coap_mem.c ****  * The maximum number of attributes on platforms that allocate
  71:C:/Users/stapi/OneDrive/Desktop/GD32VW553/GD32VW55X_Wifi_BLE_SDK/GD32VW55x_RELEASE_V1.0.2/MSDK/lwip/libcoap-4.3.4/src\coap_mem.c ****  * fixed-size memory blocks.  Default is #COAP_MAX_RESOURCES * 4.
  72:C:/Users/stapi/OneDrive/Desktop/GD32VW553/GD32VW55X_Wifi_BLE_SDK/GD32VW55x_RELEASE_V1.0.2/MSDK/lwip/libcoap-4.3.4/src\coap_mem.c ****  */
  73:C:/Users/stapi/OneDrive/Desktop/GD32VW553/GD32VW55X_Wifi_BLE_SDK/GD32VW55x_RELEASE_V1.0.2/MSDK/lwip/libcoap-4.3.4/src\coap_mem.c **** #ifndef COAP_MAX_ATTRIBUTES
  74:C:/Users/stapi/OneDrive/Desktop/GD32VW553/GD32VW55X_Wifi_BLE_SDK/GD32VW55x_RELEASE_V1.0.2/MSDK/lwip/libcoap-4.3.4/src\coap_mem.c **** #define COAP_MAX_ATTRIBUTES             \
  75:C:/Users/stapi/OneDrive/Desktop/GD32VW553/GD32VW55X_Wifi_BLE_SDK/GD32VW55x_RELEASE_V1.0.2/MSDK/lwip/libcoap-4.3.4/src\coap_mem.c ****   ((COAP_MAX_RESOURCES) * 4U)
  76:C:/Users/stapi/OneDrive/Desktop/GD32VW553/GD32VW55X_Wifi_BLE_SDK/GD32VW55x_RELEASE_V1.0.2/MSDK/lwip/libcoap-4.3.4/src\coap_mem.c **** #endif /* COAP_MAX_ATTRIBUTE_STRINGS */
  77:C:/Users/stapi/OneDrive/Desktop/GD32VW553/GD32VW55X_Wifi_BLE_SDK/GD32VW55x_RELEASE_V1.0.2/MSDK/lwip/libcoap-4.3.4/src\coap_mem.c **** 
  78:C:/Users/stapi/OneDrive/Desktop/GD32VW553/GD32VW55X_Wifi_BLE_SDK/GD32VW55x_RELEASE_V1.0.2/MSDK/lwip/libcoap-4.3.4/src\coap_mem.c **** /**
  79:C:/Users/stapi/OneDrive/Desktop/GD32VW553/GD32VW55X_Wifi_BLE_SDK/GD32VW55x_RELEASE_V1.0.2/MSDK/lwip/libcoap-4.3.4/src\coap_mem.c ****  * The maximum number of a strings that are used for attribute names
  80:C:/Users/stapi/OneDrive/Desktop/GD32VW553/GD32VW55X_Wifi_BLE_SDK/GD32VW55x_RELEASE_V1.0.2/MSDK/lwip/libcoap-4.3.4/src\coap_mem.c ****  * and values on platforms that allocate fixed-size memory blocks.
  81:C:/Users/stapi/OneDrive/Desktop/GD32VW553/GD32VW55X_Wifi_BLE_SDK/GD32VW55x_RELEASE_V1.0.2/MSDK/lwip/libcoap-4.3.4/src\coap_mem.c ****  * Default is #COAP_MAX_ATTRIBUTES, i.e. every attribute can have a
  82:C:/Users/stapi/OneDrive/Desktop/GD32VW553/GD32VW55X_Wifi_BLE_SDK/GD32VW55x_RELEASE_V1.0.2/MSDK/lwip/libcoap-4.3.4/src\coap_mem.c ****  * dynamic value.
  83:C:/Users/stapi/OneDrive/Desktop/GD32VW553/GD32VW55X_Wifi_BLE_SDK/GD32VW55x_RELEASE_V1.0.2/MSDK/lwip/libcoap-4.3.4/src\coap_mem.c ****  */
  84:C:/Users/stapi/OneDrive/Desktop/GD32VW553/GD32VW55X_Wifi_BLE_SDK/GD32VW55x_RELEASE_V1.0.2/MSDK/lwip/libcoap-4.3.4/src\coap_mem.c **** #ifndef COAP_MAX_ATTRIBUTE_STRINGS
  85:C:/Users/stapi/OneDrive/Desktop/GD32VW553/GD32VW55X_Wifi_BLE_SDK/GD32VW55x_RELEASE_V1.0.2/MSDK/lwip/libcoap-4.3.4/src\coap_mem.c **** #define COAP_MAX_ATTRIBUTE_STRINGS    (COAP_MAX_ATTRIBUTES)
  86:C:/Users/stapi/OneDrive/Desktop/GD32VW553/GD32VW55X_Wifi_BLE_SDK/GD32VW55x_RELEASE_V1.0.2/MSDK/lwip/libcoap-4.3.4/src\coap_mem.c **** #endif /* COAP_MAX_ATTRIBUTE_STRINGS */
  87:C:/Users/stapi/OneDrive/Desktop/GD32VW553/GD32VW55X_Wifi_BLE_SDK/GD32VW55x_RELEASE_V1.0.2/MSDK/lwip/libcoap-4.3.4/src\coap_mem.c **** 
  88:C:/Users/stapi/OneDrive/Desktop/GD32VW553/GD32VW55X_Wifi_BLE_SDK/GD32VW55x_RELEASE_V1.0.2/MSDK/lwip/libcoap-4.3.4/src\coap_mem.c **** /**
  89:C:/Users/stapi/OneDrive/Desktop/GD32VW553/GD32VW55X_Wifi_BLE_SDK/GD32VW55x_RELEASE_V1.0.2/MSDK/lwip/libcoap-4.3.4/src\coap_mem.c ****  * The maximum size of attribute names or values and values on
  90:C:/Users/stapi/OneDrive/Desktop/GD32VW553/GD32VW55X_Wifi_BLE_SDK/GD32VW55x_RELEASE_V1.0.2/MSDK/lwip/libcoap-4.3.4/src\coap_mem.c ****  * platforms that allocate fixed-size memory blocks.
  91:C:/Users/stapi/OneDrive/Desktop/GD32VW553/GD32VW55X_Wifi_BLE_SDK/GD32VW55x_RELEASE_V1.0.2/MSDK/lwip/libcoap-4.3.4/src\coap_mem.c ****  */
  92:C:/Users/stapi/OneDrive/Desktop/GD32VW553/GD32VW55X_Wifi_BLE_SDK/GD32VW55x_RELEASE_V1.0.2/MSDK/lwip/libcoap-4.3.4/src\coap_mem.c **** #ifndef COAP_MAX_ATTRIBUTE_SIZE
  93:C:/Users/stapi/OneDrive/Desktop/GD32VW553/GD32VW55X_Wifi_BLE_SDK/GD32VW55x_RELEASE_V1.0.2/MSDK/lwip/libcoap-4.3.4/src\coap_mem.c **** #define COAP_MAX_ATTRIBUTE_SIZE       (16U)
  94:C:/Users/stapi/OneDrive/Desktop/GD32VW553/GD32VW55X_Wifi_BLE_SDK/GD32VW55x_RELEASE_V1.0.2/MSDK/lwip/libcoap-4.3.4/src\coap_mem.c **** #endif /* COAP_MAX_ATTRIBUTE_SIZE */
  95:C:/Users/stapi/OneDrive/Desktop/GD32VW553/GD32VW55X_Wifi_BLE_SDK/GD32VW55x_RELEASE_V1.0.2/MSDK/lwip/libcoap-4.3.4/src\coap_mem.c **** 
  96:C:/Users/stapi/OneDrive/Desktop/GD32VW553/GD32VW55X_Wifi_BLE_SDK/GD32VW55x_RELEASE_V1.0.2/MSDK/lwip/libcoap-4.3.4/src\coap_mem.c **** /**
  97:C:/Users/stapi/OneDrive/Desktop/GD32VW553/GD32VW55X_Wifi_BLE_SDK/GD32VW55x_RELEASE_V1.0.2/MSDK/lwip/libcoap-4.3.4/src\coap_mem.c ****  * The maximum number of processed packets on platforms that allocate
  98:C:/Users/stapi/OneDrive/Desktop/GD32VW553/GD32VW55X_Wifi_BLE_SDK/GD32VW55x_RELEASE_V1.0.2/MSDK/lwip/libcoap-4.3.4/src\coap_mem.c ****  * fixed-size memory blocks.
  99:C:/Users/stapi/OneDrive/Desktop/GD32VW553/GD32VW55X_Wifi_BLE_SDK/GD32VW55x_RELEASE_V1.0.2/MSDK/lwip/libcoap-4.3.4/src\coap_mem.c ****  */
 100:C:/Users/stapi/OneDrive/Desktop/GD32VW553/GD32VW55X_Wifi_BLE_SDK/GD32VW55x_RELEASE_V1.0.2/MSDK/lwip/libcoap-4.3.4/src\coap_mem.c **** #ifndef COAP_MAX_PACKETS
 101:C:/Users/stapi/OneDrive/Desktop/GD32VW553/GD32VW55X_Wifi_BLE_SDK/GD32VW55x_RELEASE_V1.0.2/MSDK/lwip/libcoap-4.3.4/src\coap_mem.c **** #define COAP_MAX_PACKETS            (4U)
 102:C:/Users/stapi/OneDrive/Desktop/GD32VW553/GD32VW55X_Wifi_BLE_SDK/GD32VW55x_RELEASE_V1.0.2/MSDK/lwip/libcoap-4.3.4/src\coap_mem.c **** #endif /* COAP_MAX_PACKETS */
 103:C:/Users/stapi/OneDrive/Desktop/GD32VW553/GD32VW55X_Wifi_BLE_SDK/GD32VW55x_RELEASE_V1.0.2/MSDK/lwip/libcoap-4.3.4/src\coap_mem.c **** 
 104:C:/Users/stapi/OneDrive/Desktop/GD32VW553/GD32VW55X_Wifi_BLE_SDK/GD32VW55x_RELEASE_V1.0.2/MSDK/lwip/libcoap-4.3.4/src\coap_mem.c **** /**
 105:C:/Users/stapi/OneDrive/Desktop/GD32VW553/GD32VW55X_Wifi_BLE_SDK/GD32VW55x_RELEASE_V1.0.2/MSDK/lwip/libcoap-4.3.4/src\coap_mem.c ****  * The maximum number of nodes in retransmission queue on platforms
 106:C:/Users/stapi/OneDrive/Desktop/GD32VW553/GD32VW55X_Wifi_BLE_SDK/GD32VW55x_RELEASE_V1.0.2/MSDK/lwip/libcoap-4.3.4/src\coap_mem.c ****  * that allocate fixed-size memory blocks. The default value is
 107:C:/Users/stapi/OneDrive/Desktop/GD32VW553/GD32VW55X_Wifi_BLE_SDK/GD32VW55x_RELEASE_V1.0.2/MSDK/lwip/libcoap-4.3.4/src\coap_mem.c ****  * #COAP_MAX_ENDPOINTS * #COAP_MAX_PACKETS.
 108:C:/Users/stapi/OneDrive/Desktop/GD32VW553/GD32VW55X_Wifi_BLE_SDK/GD32VW55x_RELEASE_V1.0.2/MSDK/lwip/libcoap-4.3.4/src\coap_mem.c ****  */
 109:C:/Users/stapi/OneDrive/Desktop/GD32VW553/GD32VW55X_Wifi_BLE_SDK/GD32VW55x_RELEASE_V1.0.2/MSDK/lwip/libcoap-4.3.4/src\coap_mem.c **** #ifndef COAP_MAX_NODES
 110:C:/Users/stapi/OneDrive/Desktop/GD32VW553/GD32VW55X_Wifi_BLE_SDK/GD32VW55x_RELEASE_V1.0.2/MSDK/lwip/libcoap-4.3.4/src\coap_mem.c **** #define COAP_MAX_NODES               \
 111:C:/Users/stapi/OneDrive/Desktop/GD32VW553/GD32VW55X_Wifi_BLE_SDK/GD32VW55x_RELEASE_V1.0.2/MSDK/lwip/libcoap-4.3.4/src\coap_mem.c ****   ((COAP_MAX_ENDPOINTS) * (COAP_MAX_PACKETS))
 112:C:/Users/stapi/OneDrive/Desktop/GD32VW553/GD32VW55X_Wifi_BLE_SDK/GD32VW55x_RELEASE_V1.0.2/MSDK/lwip/libcoap-4.3.4/src\coap_mem.c **** #endif /* COAP_MAX_NODES */
 113:C:/Users/stapi/OneDrive/Desktop/GD32VW553/GD32VW55X_Wifi_BLE_SDK/GD32VW55x_RELEASE_V1.0.2/MSDK/lwip/libcoap-4.3.4/src\coap_mem.c **** 
 114:C:/Users/stapi/OneDrive/Desktop/GD32VW553/GD32VW55X_Wifi_BLE_SDK/GD32VW55x_RELEASE_V1.0.2/MSDK/lwip/libcoap-4.3.4/src\coap_mem.c **** /**
 115:C:/Users/stapi/OneDrive/Desktop/GD32VW553/GD32VW55X_Wifi_BLE_SDK/GD32VW55x_RELEASE_V1.0.2/MSDK/lwip/libcoap-4.3.4/src\coap_mem.c ****  * The maximum number of CoAP contexts on platforms that allocate
 116:C:/Users/stapi/OneDrive/Desktop/GD32VW553/GD32VW55X_Wifi_BLE_SDK/GD32VW55x_RELEASE_V1.0.2/MSDK/lwip/libcoap-4.3.4/src\coap_mem.c ****  * fixed-size memory blocks. Default is 1.
 117:C:/Users/stapi/OneDrive/Desktop/GD32VW553/GD32VW55X_Wifi_BLE_SDK/GD32VW55x_RELEASE_V1.0.2/MSDK/lwip/libcoap-4.3.4/src\coap_mem.c ****  */
 118:C:/Users/stapi/OneDrive/Desktop/GD32VW553/GD32VW55X_Wifi_BLE_SDK/GD32VW55x_RELEASE_V1.0.2/MSDK/lwip/libcoap-4.3.4/src\coap_mem.c **** #ifndef COAP_MAX_CONTEXTS
 119:C:/Users/stapi/OneDrive/Desktop/GD32VW553/GD32VW55X_Wifi_BLE_SDK/GD32VW55x_RELEASE_V1.0.2/MSDK/lwip/libcoap-4.3.4/src\coap_mem.c **** #define COAP_MAX_CONTEXTS           (1U)
 120:C:/Users/stapi/OneDrive/Desktop/GD32VW553/GD32VW55X_Wifi_BLE_SDK/GD32VW55x_RELEASE_V1.0.2/MSDK/lwip/libcoap-4.3.4/src\coap_mem.c **** #endif /* COAP_MAX_CONTEXTS */
 121:C:/Users/stapi/OneDrive/Desktop/GD32VW553/GD32VW55X_Wifi_BLE_SDK/GD32VW55x_RELEASE_V1.0.2/MSDK/lwip/libcoap-4.3.4/src\coap_mem.c **** 
 122:C:/Users/stapi/OneDrive/Desktop/GD32VW553/GD32VW55X_Wifi_BLE_SDK/GD32VW55x_RELEASE_V1.0.2/MSDK/lwip/libcoap-4.3.4/src\coap_mem.c **** /**
 123:C:/Users/stapi/OneDrive/Desktop/GD32VW553/GD32VW55X_Wifi_BLE_SDK/GD32VW55x_RELEASE_V1.0.2/MSDK/lwip/libcoap-4.3.4/src\coap_mem.c ****  * The maximum number of CoAP PDUs processed in parallel on platforms
 124:C:/Users/stapi/OneDrive/Desktop/GD32VW553/GD32VW55X_Wifi_BLE_SDK/GD32VW55x_RELEASE_V1.0.2/MSDK/lwip/libcoap-4.3.4/src\coap_mem.c ****  * that allocate fixed-size memory blocks. Default is
 125:C:/Users/stapi/OneDrive/Desktop/GD32VW553/GD32VW55X_Wifi_BLE_SDK/GD32VW55x_RELEASE_V1.0.2/MSDK/lwip/libcoap-4.3.4/src\coap_mem.c ****  * #COAP_MAX_ENDPOINTS * 4.
 126:C:/Users/stapi/OneDrive/Desktop/GD32VW553/GD32VW55X_Wifi_BLE_SDK/GD32VW55x_RELEASE_V1.0.2/MSDK/lwip/libcoap-4.3.4/src\coap_mem.c ****  */
 127:C:/Users/stapi/OneDrive/Desktop/GD32VW553/GD32VW55X_Wifi_BLE_SDK/GD32VW55x_RELEASE_V1.0.2/MSDK/lwip/libcoap-4.3.4/src\coap_mem.c **** #ifndef COAP_MAX_PDUS
 128:C:/Users/stapi/OneDrive/Desktop/GD32VW553/GD32VW55X_Wifi_BLE_SDK/GD32VW55x_RELEASE_V1.0.2/MSDK/lwip/libcoap-4.3.4/src\coap_mem.c **** #define COAP_MAX_PDUS               ((COAP_MAX_ENDPOINTS) * 4U)
 129:C:/Users/stapi/OneDrive/Desktop/GD32VW553/GD32VW55X_Wifi_BLE_SDK/GD32VW55x_RELEASE_V1.0.2/MSDK/lwip/libcoap-4.3.4/src\coap_mem.c **** #endif /* COAP_MAX_PDUS */
 130:C:/Users/stapi/OneDrive/Desktop/GD32VW553/GD32VW55X_Wifi_BLE_SDK/GD32VW55x_RELEASE_V1.0.2/MSDK/lwip/libcoap-4.3.4/src\coap_mem.c **** 
 131:C:/Users/stapi/OneDrive/Desktop/GD32VW553/GD32VW55X_Wifi_BLE_SDK/GD32VW55x_RELEASE_V1.0.2/MSDK/lwip/libcoap-4.3.4/src\coap_mem.c **** /**
 132:C:/Users/stapi/OneDrive/Desktop/GD32VW553/GD32VW55X_Wifi_BLE_SDK/GD32VW55x_RELEASE_V1.0.2/MSDK/lwip/libcoap-4.3.4/src\coap_mem.c ****  * The maximum number of DTLS sessions on platforms that allocate
 133:C:/Users/stapi/OneDrive/Desktop/GD32VW553/GD32VW55X_Wifi_BLE_SDK/GD32VW55x_RELEASE_V1.0.2/MSDK/lwip/libcoap-4.3.4/src\coap_mem.c ****  * fixed-size memory blocks.
 134:C:/Users/stapi/OneDrive/Desktop/GD32VW553/GD32VW55X_Wifi_BLE_SDK/GD32VW55x_RELEASE_V1.0.2/MSDK/lwip/libcoap-4.3.4/src\coap_mem.c ****  */
 135:C:/Users/stapi/OneDrive/Desktop/GD32VW553/GD32VW55X_Wifi_BLE_SDK/GD32VW55x_RELEASE_V1.0.2/MSDK/lwip/libcoap-4.3.4/src\coap_mem.c **** #ifndef COAP_MAX_DTLS_SESSIONS
 136:C:/Users/stapi/OneDrive/Desktop/GD32VW553/GD32VW55X_Wifi_BLE_SDK/GD32VW55x_RELEASE_V1.0.2/MSDK/lwip/libcoap-4.3.4/src\coap_mem.c **** #define COAP_MAX_DTLS_SESSIONS      (2U)
 137:C:/Users/stapi/OneDrive/Desktop/GD32VW553/GD32VW55X_Wifi_BLE_SDK/GD32VW55x_RELEASE_V1.0.2/MSDK/lwip/libcoap-4.3.4/src\coap_mem.c **** #endif /* COAP_MAX_CONTEXTS */
 138:C:/Users/stapi/OneDrive/Desktop/GD32VW553/GD32VW55X_Wifi_BLE_SDK/GD32VW55x_RELEASE_V1.0.2/MSDK/lwip/libcoap-4.3.4/src\coap_mem.c **** 
 139:C:/Users/stapi/OneDrive/Desktop/GD32VW553/GD32VW55X_Wifi_BLE_SDK/GD32VW55x_RELEASE_V1.0.2/MSDK/lwip/libcoap-4.3.4/src\coap_mem.c **** /**
 140:C:/Users/stapi/OneDrive/Desktop/GD32VW553/GD32VW55X_Wifi_BLE_SDK/GD32VW55x_RELEASE_V1.0.2/MSDK/lwip/libcoap-4.3.4/src\coap_mem.c ****  * The maximum number of DTLS sessions on platforms that allocate
 141:C:/Users/stapi/OneDrive/Desktop/GD32VW553/GD32VW55X_Wifi_BLE_SDK/GD32VW55x_RELEASE_V1.0.2/MSDK/lwip/libcoap-4.3.4/src\coap_mem.c ****  * fixed-size memory blocks. Default is #COAP_MAX_ENDPOINTS.
 142:C:/Users/stapi/OneDrive/Desktop/GD32VW553/GD32VW55X_Wifi_BLE_SDK/GD32VW55x_RELEASE_V1.0.2/MSDK/lwip/libcoap-4.3.4/src\coap_mem.c ****  */
 143:C:/Users/stapi/OneDrive/Desktop/GD32VW553/GD32VW55X_Wifi_BLE_SDK/GD32VW55x_RELEASE_V1.0.2/MSDK/lwip/libcoap-4.3.4/src\coap_mem.c **** #ifndef COAP_MAX_SESSIONS
 144:C:/Users/stapi/OneDrive/Desktop/GD32VW553/GD32VW55X_Wifi_BLE_SDK/GD32VW55x_RELEASE_V1.0.2/MSDK/lwip/libcoap-4.3.4/src\coap_mem.c **** #define COAP_MAX_SESSIONS           (COAP_MAX_ENDPOINTS)
 145:C:/Users/stapi/OneDrive/Desktop/GD32VW553/GD32VW55X_Wifi_BLE_SDK/GD32VW55x_RELEASE_V1.0.2/MSDK/lwip/libcoap-4.3.4/src\coap_mem.c **** #endif /* COAP_MAX_CONTEXTS */
 146:C:/Users/stapi/OneDrive/Desktop/GD32VW553/GD32VW55X_Wifi_BLE_SDK/GD32VW55x_RELEASE_V1.0.2/MSDK/lwip/libcoap-4.3.4/src\coap_mem.c **** 
 147:C:/Users/stapi/OneDrive/Desktop/GD32VW553/GD32VW55X_Wifi_BLE_SDK/GD32VW55x_RELEASE_V1.0.2/MSDK/lwip/libcoap-4.3.4/src\coap_mem.c **** /**
 148:C:/Users/stapi/OneDrive/Desktop/GD32VW553/GD32VW55X_Wifi_BLE_SDK/GD32VW55x_RELEASE_V1.0.2/MSDK/lwip/libcoap-4.3.4/src\coap_mem.c ****  * The maximum number of optlist entries on platforms that allocate
 149:C:/Users/stapi/OneDrive/Desktop/GD32VW553/GD32VW55X_Wifi_BLE_SDK/GD32VW55x_RELEASE_V1.0.2/MSDK/lwip/libcoap-4.3.4/src\coap_mem.c ****  * fixed-size memory blocks.
 150:C:/Users/stapi/OneDrive/Desktop/GD32VW553/GD32VW55X_Wifi_BLE_SDK/GD32VW55x_RELEASE_V1.0.2/MSDK/lwip/libcoap-4.3.4/src\coap_mem.c ****  */
 151:C:/Users/stapi/OneDrive/Desktop/GD32VW553/GD32VW55X_Wifi_BLE_SDK/GD32VW55x_RELEASE_V1.0.2/MSDK/lwip/libcoap-4.3.4/src\coap_mem.c **** #ifndef COAP_MAX_OPTIONS
 152:C:/Users/stapi/OneDrive/Desktop/GD32VW553/GD32VW55X_Wifi_BLE_SDK/GD32VW55x_RELEASE_V1.0.2/MSDK/lwip/libcoap-4.3.4/src\coap_mem.c **** #define COAP_MAX_OPTIONS            (16U)
 153:C:/Users/stapi/OneDrive/Desktop/GD32VW553/GD32VW55X_Wifi_BLE_SDK/GD32VW55x_RELEASE_V1.0.2/MSDK/lwip/libcoap-4.3.4/src\coap_mem.c **** #endif /* COAP_MAX_CONTEXTS */
 154:C:/Users/stapi/OneDrive/Desktop/GD32VW553/GD32VW55X_Wifi_BLE_SDK/GD32VW55x_RELEASE_V1.0.2/MSDK/lwip/libcoap-4.3.4/src\coap_mem.c **** 
 155:C:/Users/stapi/OneDrive/Desktop/GD32VW553/GD32VW55X_Wifi_BLE_SDK/GD32VW55x_RELEASE_V1.0.2/MSDK/lwip/libcoap-4.3.4/src\coap_mem.c **** /**
 156:C:/Users/stapi/OneDrive/Desktop/GD32VW553/GD32VW55X_Wifi_BLE_SDK/GD32VW55x_RELEASE_V1.0.2/MSDK/lwip/libcoap-4.3.4/src\coap_mem.c ****  * The maximum size of option values on platforms that allocate
 157:C:/Users/stapi/OneDrive/Desktop/GD32VW553/GD32VW55X_Wifi_BLE_SDK/GD32VW55x_RELEASE_V1.0.2/MSDK/lwip/libcoap-4.3.4/src\coap_mem.c ****  * fixed-size memory blocks.
 158:C:/Users/stapi/OneDrive/Desktop/GD32VW553/GD32VW55X_Wifi_BLE_SDK/GD32VW55x_RELEASE_V1.0.2/MSDK/lwip/libcoap-4.3.4/src\coap_mem.c ****  */
 159:C:/Users/stapi/OneDrive/Desktop/GD32VW553/GD32VW55X_Wifi_BLE_SDK/GD32VW55x_RELEASE_V1.0.2/MSDK/lwip/libcoap-4.3.4/src\coap_mem.c **** #ifndef COAP_MAX_OPTION_SIZE
 160:C:/Users/stapi/OneDrive/Desktop/GD32VW553/GD32VW55X_Wifi_BLE_SDK/GD32VW55x_RELEASE_V1.0.2/MSDK/lwip/libcoap-4.3.4/src\coap_mem.c **** #define COAP_MAX_OPTION_SIZE        (16U)
 161:C:/Users/stapi/OneDrive/Desktop/GD32VW553/GD32VW55X_Wifi_BLE_SDK/GD32VW55x_RELEASE_V1.0.2/MSDK/lwip/libcoap-4.3.4/src\coap_mem.c **** #endif /* COAP_MAX_OPTION_SIZE */
 162:C:/Users/stapi/OneDrive/Desktop/GD32VW553/GD32VW55X_Wifi_BLE_SDK/GD32VW55x_RELEASE_V1.0.2/MSDK/lwip/libcoap-4.3.4/src\coap_mem.c **** 
 163:C:/Users/stapi/OneDrive/Desktop/GD32VW553/GD32VW55X_Wifi_BLE_SDK/GD32VW55x_RELEASE_V1.0.2/MSDK/lwip/libcoap-4.3.4/src\coap_mem.c **** /**
 164:C:/Users/stapi/OneDrive/Desktop/GD32VW553/GD32VW55X_Wifi_BLE_SDK/GD32VW55x_RELEASE_V1.0.2/MSDK/lwip/libcoap-4.3.4/src\coap_mem.c ****  * The maximum number of cache-key entries that allocate
 165:C:/Users/stapi/OneDrive/Desktop/GD32VW553/GD32VW55X_Wifi_BLE_SDK/GD32VW55x_RELEASE_V1.0.2/MSDK/lwip/libcoap-4.3.4/src\coap_mem.c ****  * fixed-size memory blocks.
 166:C:/Users/stapi/OneDrive/Desktop/GD32VW553/GD32VW55X_Wifi_BLE_SDK/GD32VW55x_RELEASE_V1.0.2/MSDK/lwip/libcoap-4.3.4/src\coap_mem.c ****  */
 167:C:/Users/stapi/OneDrive/Desktop/GD32VW553/GD32VW55X_Wifi_BLE_SDK/GD32VW55x_RELEASE_V1.0.2/MSDK/lwip/libcoap-4.3.4/src\coap_mem.c **** #ifndef COAP_MAX_CACHE_KEYS
 168:C:/Users/stapi/OneDrive/Desktop/GD32VW553/GD32VW55X_Wifi_BLE_SDK/GD32VW55x_RELEASE_V1.0.2/MSDK/lwip/libcoap-4.3.4/src\coap_mem.c **** #define COAP_MAX_CACHE_KEYS        (2U)
 169:C:/Users/stapi/OneDrive/Desktop/GD32VW553/GD32VW55X_Wifi_BLE_SDK/GD32VW55x_RELEASE_V1.0.2/MSDK/lwip/libcoap-4.3.4/src\coap_mem.c **** #endif /* COAP_MAX_CACHE_KEYS */
 170:C:/Users/stapi/OneDrive/Desktop/GD32VW553/GD32VW55X_Wifi_BLE_SDK/GD32VW55x_RELEASE_V1.0.2/MSDK/lwip/libcoap-4.3.4/src\coap_mem.c **** 
 171:C:/Users/stapi/OneDrive/Desktop/GD32VW553/GD32VW55X_Wifi_BLE_SDK/GD32VW55x_RELEASE_V1.0.2/MSDK/lwip/libcoap-4.3.4/src\coap_mem.c **** /**
 172:C:/Users/stapi/OneDrive/Desktop/GD32VW553/GD32VW55X_Wifi_BLE_SDK/GD32VW55x_RELEASE_V1.0.2/MSDK/lwip/libcoap-4.3.4/src\coap_mem.c ****  * The maximum number of cache-entry entries that allocate
 173:C:/Users/stapi/OneDrive/Desktop/GD32VW553/GD32VW55X_Wifi_BLE_SDK/GD32VW55x_RELEASE_V1.0.2/MSDK/lwip/libcoap-4.3.4/src\coap_mem.c ****  * fixed-size memory blocks.
 174:C:/Users/stapi/OneDrive/Desktop/GD32VW553/GD32VW55X_Wifi_BLE_SDK/GD32VW55x_RELEASE_V1.0.2/MSDK/lwip/libcoap-4.3.4/src\coap_mem.c ****  */
 175:C:/Users/stapi/OneDrive/Desktop/GD32VW553/GD32VW55X_Wifi_BLE_SDK/GD32VW55x_RELEASE_V1.0.2/MSDK/lwip/libcoap-4.3.4/src\coap_mem.c **** #ifndef COAP_MAX_CACHE_ENTRIES
 176:C:/Users/stapi/OneDrive/Desktop/GD32VW553/GD32VW55X_Wifi_BLE_SDK/GD32VW55x_RELEASE_V1.0.2/MSDK/lwip/libcoap-4.3.4/src\coap_mem.c **** #define COAP_MAX_CACHE_ENTRIES        (2U)
 177:C:/Users/stapi/OneDrive/Desktop/GD32VW553/GD32VW55X_Wifi_BLE_SDK/GD32VW55x_RELEASE_V1.0.2/MSDK/lwip/libcoap-4.3.4/src\coap_mem.c **** #endif /* COAP_MAX_CACHE_ENTRIES */
 178:C:/Users/stapi/OneDrive/Desktop/GD32VW553/GD32VW55X_Wifi_BLE_SDK/GD32VW55x_RELEASE_V1.0.2/MSDK/lwip/libcoap-4.3.4/src\coap_mem.c **** 
 179:C:/Users/stapi/OneDrive/Desktop/GD32VW553/GD32VW55X_Wifi_BLE_SDK/GD32VW55x_RELEASE_V1.0.2/MSDK/lwip/libcoap-4.3.4/src\coap_mem.c **** /**
 180:C:/Users/stapi/OneDrive/Desktop/GD32VW553/GD32VW55X_Wifi_BLE_SDK/GD32VW55x_RELEASE_V1.0.2/MSDK/lwip/libcoap-4.3.4/src\coap_mem.c ****  * The maximum number lg_crcv entries that allocate
 181:C:/Users/stapi/OneDrive/Desktop/GD32VW553/GD32VW55X_Wifi_BLE_SDK/GD32VW55x_RELEASE_V1.0.2/MSDK/lwip/libcoap-4.3.4/src\coap_mem.c ****  * fixed-size memory blocks.
 182:C:/Users/stapi/OneDrive/Desktop/GD32VW553/GD32VW55X_Wifi_BLE_SDK/GD32VW55x_RELEASE_V1.0.2/MSDK/lwip/libcoap-4.3.4/src\coap_mem.c ****  */
 183:C:/Users/stapi/OneDrive/Desktop/GD32VW553/GD32VW55X_Wifi_BLE_SDK/GD32VW55x_RELEASE_V1.0.2/MSDK/lwip/libcoap-4.3.4/src\coap_mem.c **** #ifndef COAP_MAX_LG_CRCVS
 184:C:/Users/stapi/OneDrive/Desktop/GD32VW553/GD32VW55X_Wifi_BLE_SDK/GD32VW55x_RELEASE_V1.0.2/MSDK/lwip/libcoap-4.3.4/src\coap_mem.c **** #if COAP_CLIENT_SUPPORT
 185:C:/Users/stapi/OneDrive/Desktop/GD32VW553/GD32VW55X_Wifi_BLE_SDK/GD32VW55x_RELEASE_V1.0.2/MSDK/lwip/libcoap-4.3.4/src\coap_mem.c **** #define COAP_MAX_LG_CRCVS        (1U)
 186:C:/Users/stapi/OneDrive/Desktop/GD32VW553/GD32VW55X_Wifi_BLE_SDK/GD32VW55x_RELEASE_V1.0.2/MSDK/lwip/libcoap-4.3.4/src\coap_mem.c **** #else /* ! COAP_CLIENT_SUPPORT */
 187:C:/Users/stapi/OneDrive/Desktop/GD32VW553/GD32VW55X_Wifi_BLE_SDK/GD32VW55x_RELEASE_V1.0.2/MSDK/lwip/libcoap-4.3.4/src\coap_mem.c **** #define COAP_MAX_LG_CRCVS        (0U)
 188:C:/Users/stapi/OneDrive/Desktop/GD32VW553/GD32VW55X_Wifi_BLE_SDK/GD32VW55x_RELEASE_V1.0.2/MSDK/lwip/libcoap-4.3.4/src\coap_mem.c **** #endif /* ! COAP_CLIENT_SUPPORT */
 189:C:/Users/stapi/OneDrive/Desktop/GD32VW553/GD32VW55X_Wifi_BLE_SDK/GD32VW55x_RELEASE_V1.0.2/MSDK/lwip/libcoap-4.3.4/src\coap_mem.c **** #endif /* COAP_MAX_LG_CRCVS */
 190:C:/Users/stapi/OneDrive/Desktop/GD32VW553/GD32VW55X_Wifi_BLE_SDK/GD32VW55x_RELEASE_V1.0.2/MSDK/lwip/libcoap-4.3.4/src\coap_mem.c **** 
 191:C:/Users/stapi/OneDrive/Desktop/GD32VW553/GD32VW55X_Wifi_BLE_SDK/GD32VW55x_RELEASE_V1.0.2/MSDK/lwip/libcoap-4.3.4/src\coap_mem.c **** /**
 192:C:/Users/stapi/OneDrive/Desktop/GD32VW553/GD32VW55X_Wifi_BLE_SDK/GD32VW55x_RELEASE_V1.0.2/MSDK/lwip/libcoap-4.3.4/src\coap_mem.c ****  * The maximum number lg_srcv entries that allocate
 193:C:/Users/stapi/OneDrive/Desktop/GD32VW553/GD32VW55X_Wifi_BLE_SDK/GD32VW55x_RELEASE_V1.0.2/MSDK/lwip/libcoap-4.3.4/src\coap_mem.c ****  * fixed-size memory blocks.
 194:C:/Users/stapi/OneDrive/Desktop/GD32VW553/GD32VW55X_Wifi_BLE_SDK/GD32VW55x_RELEASE_V1.0.2/MSDK/lwip/libcoap-4.3.4/src\coap_mem.c ****  */
 195:C:/Users/stapi/OneDrive/Desktop/GD32VW553/GD32VW55X_Wifi_BLE_SDK/GD32VW55x_RELEASE_V1.0.2/MSDK/lwip/libcoap-4.3.4/src\coap_mem.c **** #ifndef COAP_MAX_LG_SRCVS
 196:C:/Users/stapi/OneDrive/Desktop/GD32VW553/GD32VW55X_Wifi_BLE_SDK/GD32VW55x_RELEASE_V1.0.2/MSDK/lwip/libcoap-4.3.4/src\coap_mem.c **** #if COAP_SERVER_SUPPORT
 197:C:/Users/stapi/OneDrive/Desktop/GD32VW553/GD32VW55X_Wifi_BLE_SDK/GD32VW55x_RELEASE_V1.0.2/MSDK/lwip/libcoap-4.3.4/src\coap_mem.c **** #define COAP_MAX_LG_SRCVS        (2U)
 198:C:/Users/stapi/OneDrive/Desktop/GD32VW553/GD32VW55X_Wifi_BLE_SDK/GD32VW55x_RELEASE_V1.0.2/MSDK/lwip/libcoap-4.3.4/src\coap_mem.c **** #else /* ! COAP_SERVER_SUPPORT */
 199:C:/Users/stapi/OneDrive/Desktop/GD32VW553/GD32VW55X_Wifi_BLE_SDK/GD32VW55x_RELEASE_V1.0.2/MSDK/lwip/libcoap-4.3.4/src\coap_mem.c **** #define COAP_MAX_LG_SRCVS        (0U)
 200:C:/Users/stapi/OneDrive/Desktop/GD32VW553/GD32VW55X_Wifi_BLE_SDK/GD32VW55x_RELEASE_V1.0.2/MSDK/lwip/libcoap-4.3.4/src\coap_mem.c **** #endif /* ! COAP_SERVER_SUPPORT */
 201:C:/Users/stapi/OneDrive/Desktop/GD32VW553/GD32VW55X_Wifi_BLE_SDK/GD32VW55x_RELEASE_V1.0.2/MSDK/lwip/libcoap-4.3.4/src\coap_mem.c **** #endif /* COAP_MAX_LG_SRCVS */
 202:C:/Users/stapi/OneDrive/Desktop/GD32VW553/GD32VW55X_Wifi_BLE_SDK/GD32VW55x_RELEASE_V1.0.2/MSDK/lwip/libcoap-4.3.4/src\coap_mem.c **** 
 203:C:/Users/stapi/OneDrive/Desktop/GD32VW553/GD32VW55X_Wifi_BLE_SDK/GD32VW55x_RELEASE_V1.0.2/MSDK/lwip/libcoap-4.3.4/src\coap_mem.c **** /**
 204:C:/Users/stapi/OneDrive/Desktop/GD32VW553/GD32VW55X_Wifi_BLE_SDK/GD32VW55x_RELEASE_V1.0.2/MSDK/lwip/libcoap-4.3.4/src\coap_mem.c ****  * The maximum number lg_xmit entries that allocate
 205:C:/Users/stapi/OneDrive/Desktop/GD32VW553/GD32VW55X_Wifi_BLE_SDK/GD32VW55x_RELEASE_V1.0.2/MSDK/lwip/libcoap-4.3.4/src\coap_mem.c ****  * fixed-size memory blocks.
 206:C:/Users/stapi/OneDrive/Desktop/GD32VW553/GD32VW55X_Wifi_BLE_SDK/GD32VW55x_RELEASE_V1.0.2/MSDK/lwip/libcoap-4.3.4/src\coap_mem.c ****  */
 207:C:/Users/stapi/OneDrive/Desktop/GD32VW553/GD32VW55X_Wifi_BLE_SDK/GD32VW55x_RELEASE_V1.0.2/MSDK/lwip/libcoap-4.3.4/src\coap_mem.c **** #ifndef COAP_MAX_LG_XMITS
 208:C:/Users/stapi/OneDrive/Desktop/GD32VW553/GD32VW55X_Wifi_BLE_SDK/GD32VW55x_RELEASE_V1.0.2/MSDK/lwip/libcoap-4.3.4/src\coap_mem.c **** #if COAP_SERVER_SUPPORT
 209:C:/Users/stapi/OneDrive/Desktop/GD32VW553/GD32VW55X_Wifi_BLE_SDK/GD32VW55x_RELEASE_V1.0.2/MSDK/lwip/libcoap-4.3.4/src\coap_mem.c **** #define COAP_MAX_LG_XMITS        (2U)
 210:C:/Users/stapi/OneDrive/Desktop/GD32VW553/GD32VW55X_Wifi_BLE_SDK/GD32VW55x_RELEASE_V1.0.2/MSDK/lwip/libcoap-4.3.4/src\coap_mem.c **** #else /* ! COAP_SERVER_SUPPORT */
 211:C:/Users/stapi/OneDrive/Desktop/GD32VW553/GD32VW55X_Wifi_BLE_SDK/GD32VW55x_RELEASE_V1.0.2/MSDK/lwip/libcoap-4.3.4/src\coap_mem.c **** #define COAP_MAX_LG_XMITS        (1U)
 212:C:/Users/stapi/OneDrive/Desktop/GD32VW553/GD32VW55X_Wifi_BLE_SDK/GD32VW55x_RELEASE_V1.0.2/MSDK/lwip/libcoap-4.3.4/src\coap_mem.c **** #endif /* ! COAP_SERVER_SUPPORT */
 213:C:/Users/stapi/OneDrive/Desktop/GD32VW553/GD32VW55X_Wifi_BLE_SDK/GD32VW55x_RELEASE_V1.0.2/MSDK/lwip/libcoap-4.3.4/src\coap_mem.c **** #endif /* COAP_MAX_LG_XMITS */
 214:C:/Users/stapi/OneDrive/Desktop/GD32VW553/GD32VW55X_Wifi_BLE_SDK/GD32VW55x_RELEASE_V1.0.2/MSDK/lwip/libcoap-4.3.4/src\coap_mem.c **** 
 215:C:/Users/stapi/OneDrive/Desktop/GD32VW553/GD32VW55X_Wifi_BLE_SDK/GD32VW55x_RELEASE_V1.0.2/MSDK/lwip/libcoap-4.3.4/src\coap_mem.c **** /* The memstr is the storage for holding coap_string_t structure
 216:C:/Users/stapi/OneDrive/Desktop/GD32VW553/GD32VW55X_Wifi_BLE_SDK/GD32VW55x_RELEASE_V1.0.2/MSDK/lwip/libcoap-4.3.4/src\coap_mem.c ****  * together with its contents. */
 217:C:/Users/stapi/OneDrive/Desktop/GD32VW553/GD32VW55X_Wifi_BLE_SDK/GD32VW55x_RELEASE_V1.0.2/MSDK/lwip/libcoap-4.3.4/src\coap_mem.c **** union memstr_t {
 218:C:/Users/stapi/OneDrive/Desktop/GD32VW553/GD32VW55X_Wifi_BLE_SDK/GD32VW55x_RELEASE_V1.0.2/MSDK/lwip/libcoap-4.3.4/src\coap_mem.c ****   coap_string_t s;
 219:C:/Users/stapi/OneDrive/Desktop/GD32VW553/GD32VW55X_Wifi_BLE_SDK/GD32VW55x_RELEASE_V1.0.2/MSDK/lwip/libcoap-4.3.4/src\coap_mem.c ****   char buf[sizeof(coap_string_t) + COAP_MAX_STRING_SIZE];
 220:C:/Users/stapi/OneDrive/Desktop/GD32VW553/GD32VW55X_Wifi_BLE_SDK/GD32VW55x_RELEASE_V1.0.2/MSDK/lwip/libcoap-4.3.4/src\coap_mem.c **** };
 221:C:/Users/stapi/OneDrive/Desktop/GD32VW553/GD32VW55X_Wifi_BLE_SDK/GD32VW55x_RELEASE_V1.0.2/MSDK/lwip/libcoap-4.3.4/src\coap_mem.c **** 
 222:C:/Users/stapi/OneDrive/Desktop/GD32VW553/GD32VW55X_Wifi_BLE_SDK/GD32VW55x_RELEASE_V1.0.2/MSDK/lwip/libcoap-4.3.4/src\coap_mem.c **** /* The attrstr is the storage for holding coap_string_t structures to
 223:C:/Users/stapi/OneDrive/Desktop/GD32VW553/GD32VW55X_Wifi_BLE_SDK/GD32VW55x_RELEASE_V1.0.2/MSDK/lwip/libcoap-4.3.4/src\coap_mem.c ****  * serve as attribute names or values. As these are typically short,
 224:C:/Users/stapi/OneDrive/Desktop/GD32VW553/GD32VW55X_Wifi_BLE_SDK/GD32VW55x_RELEASE_V1.0.2/MSDK/lwip/libcoap-4.3.4/src\coap_mem.c ****  * they are stored in a different arena than generic strings. */
 225:C:/Users/stapi/OneDrive/Desktop/GD32VW553/GD32VW55X_Wifi_BLE_SDK/GD32VW55x_RELEASE_V1.0.2/MSDK/lwip/libcoap-4.3.4/src\coap_mem.c **** union attrstr_t {
 226:C:/Users/stapi/OneDrive/Desktop/GD32VW553/GD32VW55X_Wifi_BLE_SDK/GD32VW55x_RELEASE_V1.0.2/MSDK/lwip/libcoap-4.3.4/src\coap_mem.c ****   coap_string_t s;
 227:C:/Users/stapi/OneDrive/Desktop/GD32VW553/GD32VW55X_Wifi_BLE_SDK/GD32VW55x_RELEASE_V1.0.2/MSDK/lwip/libcoap-4.3.4/src\coap_mem.c ****   char buf[sizeof(coap_string_t) + COAP_MAX_ATTRIBUTE_SIZE];
 228:C:/Users/stapi/OneDrive/Desktop/GD32VW553/GD32VW55X_Wifi_BLE_SDK/GD32VW55x_RELEASE_V1.0.2/MSDK/lwip/libcoap-4.3.4/src\coap_mem.c **** };
 229:C:/Users/stapi/OneDrive/Desktop/GD32VW553/GD32VW55X_Wifi_BLE_SDK/GD32VW55x_RELEASE_V1.0.2/MSDK/lwip/libcoap-4.3.4/src\coap_mem.c **** 
 230:C:/Users/stapi/OneDrive/Desktop/GD32VW553/GD32VW55X_Wifi_BLE_SDK/GD32VW55x_RELEASE_V1.0.2/MSDK/lwip/libcoap-4.3.4/src\coap_mem.c **** static union memstr_t string_storage_data[COAP_MAX_STRINGS];
 231:C:/Users/stapi/OneDrive/Desktop/GD32VW553/GD32VW55X_Wifi_BLE_SDK/GD32VW55x_RELEASE_V1.0.2/MSDK/lwip/libcoap-4.3.4/src\coap_mem.c **** static memarray_t string_storage;
 232:C:/Users/stapi/OneDrive/Desktop/GD32VW553/GD32VW55X_Wifi_BLE_SDK/GD32VW55x_RELEASE_V1.0.2/MSDK/lwip/libcoap-4.3.4/src\coap_mem.c **** 
 233:C:/Users/stapi/OneDrive/Desktop/GD32VW553/GD32VW55X_Wifi_BLE_SDK/GD32VW55x_RELEASE_V1.0.2/MSDK/lwip/libcoap-4.3.4/src\coap_mem.c **** #if COAP_SERVER_SUPPORT
 234:C:/Users/stapi/OneDrive/Desktop/GD32VW553/GD32VW55X_Wifi_BLE_SDK/GD32VW55x_RELEASE_V1.0.2/MSDK/lwip/libcoap-4.3.4/src\coap_mem.c **** static coap_endpoint_t endpoint_storage_data[COAP_MAX_ENDPOINTS];
 235:C:/Users/stapi/OneDrive/Desktop/GD32VW553/GD32VW55X_Wifi_BLE_SDK/GD32VW55x_RELEASE_V1.0.2/MSDK/lwip/libcoap-4.3.4/src\coap_mem.c **** static memarray_t endpoint_storage;
 236:C:/Users/stapi/OneDrive/Desktop/GD32VW553/GD32VW55X_Wifi_BLE_SDK/GD32VW55x_RELEASE_V1.0.2/MSDK/lwip/libcoap-4.3.4/src\coap_mem.c **** 
 237:C:/Users/stapi/OneDrive/Desktop/GD32VW553/GD32VW55X_Wifi_BLE_SDK/GD32VW55x_RELEASE_V1.0.2/MSDK/lwip/libcoap-4.3.4/src\coap_mem.c **** static union attrstr_t attr_storage_data[COAP_MAX_ATTRIBUTE_STRINGS];
 238:C:/Users/stapi/OneDrive/Desktop/GD32VW553/GD32VW55X_Wifi_BLE_SDK/GD32VW55x_RELEASE_V1.0.2/MSDK/lwip/libcoap-4.3.4/src\coap_mem.c **** static memarray_t attr_storage;
 239:C:/Users/stapi/OneDrive/Desktop/GD32VW553/GD32VW55X_Wifi_BLE_SDK/GD32VW55x_RELEASE_V1.0.2/MSDK/lwip/libcoap-4.3.4/src\coap_mem.c **** 
 240:C:/Users/stapi/OneDrive/Desktop/GD32VW553/GD32VW55X_Wifi_BLE_SDK/GD32VW55x_RELEASE_V1.0.2/MSDK/lwip/libcoap-4.3.4/src\coap_mem.c **** static coap_attr_t resattr_storage_data[COAP_MAX_ATTRIBUTES];
 241:C:/Users/stapi/OneDrive/Desktop/GD32VW553/GD32VW55X_Wifi_BLE_SDK/GD32VW55x_RELEASE_V1.0.2/MSDK/lwip/libcoap-4.3.4/src\coap_mem.c **** static memarray_t resattr_storage;
 242:C:/Users/stapi/OneDrive/Desktop/GD32VW553/GD32VW55X_Wifi_BLE_SDK/GD32VW55x_RELEASE_V1.0.2/MSDK/lwip/libcoap-4.3.4/src\coap_mem.c **** #endif /* COAP_SERVER_SUPPORT */
 243:C:/Users/stapi/OneDrive/Desktop/GD32VW553/GD32VW55X_Wifi_BLE_SDK/GD32VW55x_RELEASE_V1.0.2/MSDK/lwip/libcoap-4.3.4/src\coap_mem.c **** 
 244:C:/Users/stapi/OneDrive/Desktop/GD32VW553/GD32VW55X_Wifi_BLE_SDK/GD32VW55x_RELEASE_V1.0.2/MSDK/lwip/libcoap-4.3.4/src\coap_mem.c **** static coap_packet_t pkt_storage_data[COAP_MAX_PACKETS];
 245:C:/Users/stapi/OneDrive/Desktop/GD32VW553/GD32VW55X_Wifi_BLE_SDK/GD32VW55x_RELEASE_V1.0.2/MSDK/lwip/libcoap-4.3.4/src\coap_mem.c **** static memarray_t pkt_storage;
 246:C:/Users/stapi/OneDrive/Desktop/GD32VW553/GD32VW55X_Wifi_BLE_SDK/GD32VW55x_RELEASE_V1.0.2/MSDK/lwip/libcoap-4.3.4/src\coap_mem.c **** 
 247:C:/Users/stapi/OneDrive/Desktop/GD32VW553/GD32VW55X_Wifi_BLE_SDK/GD32VW55x_RELEASE_V1.0.2/MSDK/lwip/libcoap-4.3.4/src\coap_mem.c **** static coap_queue_t node_storage_data[COAP_MAX_NODES];
 248:C:/Users/stapi/OneDrive/Desktop/GD32VW553/GD32VW55X_Wifi_BLE_SDK/GD32VW55x_RELEASE_V1.0.2/MSDK/lwip/libcoap-4.3.4/src\coap_mem.c **** static memarray_t node_storage;
 249:C:/Users/stapi/OneDrive/Desktop/GD32VW553/GD32VW55X_Wifi_BLE_SDK/GD32VW55x_RELEASE_V1.0.2/MSDK/lwip/libcoap-4.3.4/src\coap_mem.c **** 
 250:C:/Users/stapi/OneDrive/Desktop/GD32VW553/GD32VW55X_Wifi_BLE_SDK/GD32VW55x_RELEASE_V1.0.2/MSDK/lwip/libcoap-4.3.4/src\coap_mem.c **** static coap_context_t context_storage_data[COAP_MAX_CONTEXTS];
 251:C:/Users/stapi/OneDrive/Desktop/GD32VW553/GD32VW55X_Wifi_BLE_SDK/GD32VW55x_RELEASE_V1.0.2/MSDK/lwip/libcoap-4.3.4/src\coap_mem.c **** static memarray_t context_storage;
 252:C:/Users/stapi/OneDrive/Desktop/GD32VW553/GD32VW55X_Wifi_BLE_SDK/GD32VW55x_RELEASE_V1.0.2/MSDK/lwip/libcoap-4.3.4/src\coap_mem.c **** 
 253:C:/Users/stapi/OneDrive/Desktop/GD32VW553/GD32VW55X_Wifi_BLE_SDK/GD32VW55x_RELEASE_V1.0.2/MSDK/lwip/libcoap-4.3.4/src\coap_mem.c **** static coap_pdu_t pdu_storage_data[COAP_MAX_PDUS];
 254:C:/Users/stapi/OneDrive/Desktop/GD32VW553/GD32VW55X_Wifi_BLE_SDK/GD32VW55x_RELEASE_V1.0.2/MSDK/lwip/libcoap-4.3.4/src\coap_mem.c **** static memarray_t pdu_storage;
 255:C:/Users/stapi/OneDrive/Desktop/GD32VW553/GD32VW55X_Wifi_BLE_SDK/GD32VW55x_RELEASE_V1.0.2/MSDK/lwip/libcoap-4.3.4/src\coap_mem.c **** 
 256:C:/Users/stapi/OneDrive/Desktop/GD32VW553/GD32VW55X_Wifi_BLE_SDK/GD32VW55x_RELEASE_V1.0.2/MSDK/lwip/libcoap-4.3.4/src\coap_mem.c **** /* The pdubuf is the storage for holding the (assembled) PDU data in a
 257:C:/Users/stapi/OneDrive/Desktop/GD32VW553/GD32VW55X_Wifi_BLE_SDK/GD32VW55x_RELEASE_V1.0.2/MSDK/lwip/libcoap-4.3.4/src\coap_mem.c ****  * coap_pdu_t structure. */
 258:C:/Users/stapi/OneDrive/Desktop/GD32VW553/GD32VW55X_Wifi_BLE_SDK/GD32VW55x_RELEASE_V1.0.2/MSDK/lwip/libcoap-4.3.4/src\coap_mem.c **** union pdubuf_t {
 259:C:/Users/stapi/OneDrive/Desktop/GD32VW553/GD32VW55X_Wifi_BLE_SDK/GD32VW55x_RELEASE_V1.0.2/MSDK/lwip/libcoap-4.3.4/src\coap_mem.c ****   void *p; /* try to convince the compiler to word-align this structure  */
 260:C:/Users/stapi/OneDrive/Desktop/GD32VW553/GD32VW55X_Wifi_BLE_SDK/GD32VW55x_RELEASE_V1.0.2/MSDK/lwip/libcoap-4.3.4/src\coap_mem.c ****   char buf[COAP_DEFAULT_MAX_PDU_RX_SIZE];
 261:C:/Users/stapi/OneDrive/Desktop/GD32VW553/GD32VW55X_Wifi_BLE_SDK/GD32VW55x_RELEASE_V1.0.2/MSDK/lwip/libcoap-4.3.4/src\coap_mem.c **** };
 262:C:/Users/stapi/OneDrive/Desktop/GD32VW553/GD32VW55X_Wifi_BLE_SDK/GD32VW55x_RELEASE_V1.0.2/MSDK/lwip/libcoap-4.3.4/src\coap_mem.c **** 
 263:C:/Users/stapi/OneDrive/Desktop/GD32VW553/GD32VW55X_Wifi_BLE_SDK/GD32VW55x_RELEASE_V1.0.2/MSDK/lwip/libcoap-4.3.4/src\coap_mem.c **** static union pdubuf_t pdubuf_storage_data[COAP_MAX_PDUS];
 264:C:/Users/stapi/OneDrive/Desktop/GD32VW553/GD32VW55X_Wifi_BLE_SDK/GD32VW55x_RELEASE_V1.0.2/MSDK/lwip/libcoap-4.3.4/src\coap_mem.c **** static memarray_t pdubuf_storage;
 265:C:/Users/stapi/OneDrive/Desktop/GD32VW553/GD32VW55X_Wifi_BLE_SDK/GD32VW55x_RELEASE_V1.0.2/MSDK/lwip/libcoap-4.3.4/src\coap_mem.c **** 
 266:C:/Users/stapi/OneDrive/Desktop/GD32VW553/GD32VW55X_Wifi_BLE_SDK/GD32VW55x_RELEASE_V1.0.2/MSDK/lwip/libcoap-4.3.4/src\coap_mem.c **** #if COAP_SERVER_SUPPORT
 267:C:/Users/stapi/OneDrive/Desktop/GD32VW553/GD32VW55X_Wifi_BLE_SDK/GD32VW55x_RELEASE_V1.0.2/MSDK/lwip/libcoap-4.3.4/src\coap_mem.c **** static coap_resource_t resource_storage_data[COAP_MAX_RESOURCES];
 268:C:/Users/stapi/OneDrive/Desktop/GD32VW553/GD32VW55X_Wifi_BLE_SDK/GD32VW55x_RELEASE_V1.0.2/MSDK/lwip/libcoap-4.3.4/src\coap_mem.c **** static memarray_t resource_storage;
 269:C:/Users/stapi/OneDrive/Desktop/GD32VW553/GD32VW55X_Wifi_BLE_SDK/GD32VW55x_RELEASE_V1.0.2/MSDK/lwip/libcoap-4.3.4/src\coap_mem.c **** #endif /* COAP_SERVER_SUPPORT */
 270:C:/Users/stapi/OneDrive/Desktop/GD32VW553/GD32VW55X_Wifi_BLE_SDK/GD32VW55x_RELEASE_V1.0.2/MSDK/lwip/libcoap-4.3.4/src\coap_mem.c **** 
 271:C:/Users/stapi/OneDrive/Desktop/GD32VW553/GD32VW55X_Wifi_BLE_SDK/GD32VW55x_RELEASE_V1.0.2/MSDK/lwip/libcoap-4.3.4/src\coap_mem.c **** #ifdef COAP_WITH_LIBTINYDTLS
 272:C:/Users/stapi/OneDrive/Desktop/GD32VW553/GD32VW55X_Wifi_BLE_SDK/GD32VW55x_RELEASE_V1.0.2/MSDK/lwip/libcoap-4.3.4/src\coap_mem.c **** #undef PACKAGE_BUGREPORT
 273:C:/Users/stapi/OneDrive/Desktop/GD32VW553/GD32VW55X_Wifi_BLE_SDK/GD32VW55x_RELEASE_V1.0.2/MSDK/lwip/libcoap-4.3.4/src\coap_mem.c **** #include <session.h>
 274:C:/Users/stapi/OneDrive/Desktop/GD32VW553/GD32VW55X_Wifi_BLE_SDK/GD32VW55x_RELEASE_V1.0.2/MSDK/lwip/libcoap-4.3.4/src\coap_mem.c **** static session_t dtls_storage_data[COAP_MAX_DTLS_SESSIONS];
 275:C:/Users/stapi/OneDrive/Desktop/GD32VW553/GD32VW55X_Wifi_BLE_SDK/GD32VW55x_RELEASE_V1.0.2/MSDK/lwip/libcoap-4.3.4/src\coap_mem.c **** static memarray_t dtls_storage;
 276:C:/Users/stapi/OneDrive/Desktop/GD32VW553/GD32VW55X_Wifi_BLE_SDK/GD32VW55x_RELEASE_V1.0.2/MSDK/lwip/libcoap-4.3.4/src\coap_mem.c **** #endif /* COAP_WITH_LIBTINYDTLS */
 277:C:/Users/stapi/OneDrive/Desktop/GD32VW553/GD32VW55X_Wifi_BLE_SDK/GD32VW55x_RELEASE_V1.0.2/MSDK/lwip/libcoap-4.3.4/src\coap_mem.c **** 
 278:C:/Users/stapi/OneDrive/Desktop/GD32VW553/GD32VW55X_Wifi_BLE_SDK/GD32VW55x_RELEASE_V1.0.2/MSDK/lwip/libcoap-4.3.4/src\coap_mem.c **** static coap_session_t session_storage_data[COAP_MAX_SESSIONS];
 279:C:/Users/stapi/OneDrive/Desktop/GD32VW553/GD32VW55X_Wifi_BLE_SDK/GD32VW55x_RELEASE_V1.0.2/MSDK/lwip/libcoap-4.3.4/src\coap_mem.c **** static memarray_t session_storage;
 280:C:/Users/stapi/OneDrive/Desktop/GD32VW553/GD32VW55X_Wifi_BLE_SDK/GD32VW55x_RELEASE_V1.0.2/MSDK/lwip/libcoap-4.3.4/src\coap_mem.c **** 
 281:C:/Users/stapi/OneDrive/Desktop/GD32VW553/GD32VW55X_Wifi_BLE_SDK/GD32VW55x_RELEASE_V1.0.2/MSDK/lwip/libcoap-4.3.4/src\coap_mem.c **** /* The optbuf_t is the storage for holding optlist nodes. */
 282:C:/Users/stapi/OneDrive/Desktop/GD32VW553/GD32VW55X_Wifi_BLE_SDK/GD32VW55x_RELEASE_V1.0.2/MSDK/lwip/libcoap-4.3.4/src\coap_mem.c **** struct optbuf_t {
 283:C:/Users/stapi/OneDrive/Desktop/GD32VW553/GD32VW55X_Wifi_BLE_SDK/GD32VW55x_RELEASE_V1.0.2/MSDK/lwip/libcoap-4.3.4/src\coap_mem.c ****   coap_optlist_t optlist;
 284:C:/Users/stapi/OneDrive/Desktop/GD32VW553/GD32VW55X_Wifi_BLE_SDK/GD32VW55x_RELEASE_V1.0.2/MSDK/lwip/libcoap-4.3.4/src\coap_mem.c ****   char optbuf[COAP_MAX_OPTION_SIZE];
 285:C:/Users/stapi/OneDrive/Desktop/GD32VW553/GD32VW55X_Wifi_BLE_SDK/GD32VW55x_RELEASE_V1.0.2/MSDK/lwip/libcoap-4.3.4/src\coap_mem.c **** };
 286:C:/Users/stapi/OneDrive/Desktop/GD32VW553/GD32VW55X_Wifi_BLE_SDK/GD32VW55x_RELEASE_V1.0.2/MSDK/lwip/libcoap-4.3.4/src\coap_mem.c **** static struct optbuf_t option_storage_data[COAP_MAX_OPTIONS];
 287:C:/Users/stapi/OneDrive/Desktop/GD32VW553/GD32VW55X_Wifi_BLE_SDK/GD32VW55x_RELEASE_V1.0.2/MSDK/lwip/libcoap-4.3.4/src\coap_mem.c **** static memarray_t option_storage;
 288:C:/Users/stapi/OneDrive/Desktop/GD32VW553/GD32VW55X_Wifi_BLE_SDK/GD32VW55x_RELEASE_V1.0.2/MSDK/lwip/libcoap-4.3.4/src\coap_mem.c **** 
 289:C:/Users/stapi/OneDrive/Desktop/GD32VW553/GD32VW55X_Wifi_BLE_SDK/GD32VW55x_RELEASE_V1.0.2/MSDK/lwip/libcoap-4.3.4/src\coap_mem.c **** #if COAP_SERVER_SUPPORT
 290:C:/Users/stapi/OneDrive/Desktop/GD32VW553/GD32VW55X_Wifi_BLE_SDK/GD32VW55x_RELEASE_V1.0.2/MSDK/lwip/libcoap-4.3.4/src\coap_mem.c **** static coap_cache_key_t cache_key_storage_data[COAP_MAX_CACHE_KEYS];
 291:C:/Users/stapi/OneDrive/Desktop/GD32VW553/GD32VW55X_Wifi_BLE_SDK/GD32VW55x_RELEASE_V1.0.2/MSDK/lwip/libcoap-4.3.4/src\coap_mem.c **** static memarray_t cache_key_storage;
 292:C:/Users/stapi/OneDrive/Desktop/GD32VW553/GD32VW55X_Wifi_BLE_SDK/GD32VW55x_RELEASE_V1.0.2/MSDK/lwip/libcoap-4.3.4/src\coap_mem.c **** 
 293:C:/Users/stapi/OneDrive/Desktop/GD32VW553/GD32VW55X_Wifi_BLE_SDK/GD32VW55x_RELEASE_V1.0.2/MSDK/lwip/libcoap-4.3.4/src\coap_mem.c **** static coap_cache_entry_t cache_entry_storage_data[COAP_MAX_CACHE_ENTRIES];
 294:C:/Users/stapi/OneDrive/Desktop/GD32VW553/GD32VW55X_Wifi_BLE_SDK/GD32VW55x_RELEASE_V1.0.2/MSDK/lwip/libcoap-4.3.4/src\coap_mem.c **** static memarray_t cache_entry_storage;
 295:C:/Users/stapi/OneDrive/Desktop/GD32VW553/GD32VW55X_Wifi_BLE_SDK/GD32VW55x_RELEASE_V1.0.2/MSDK/lwip/libcoap-4.3.4/src\coap_mem.c **** #endif /* COAP_SERVER_SUPPORT */
 296:C:/Users/stapi/OneDrive/Desktop/GD32VW553/GD32VW55X_Wifi_BLE_SDK/GD32VW55x_RELEASE_V1.0.2/MSDK/lwip/libcoap-4.3.4/src\coap_mem.c **** 
 297:C:/Users/stapi/OneDrive/Desktop/GD32VW553/GD32VW55X_Wifi_BLE_SDK/GD32VW55x_RELEASE_V1.0.2/MSDK/lwip/libcoap-4.3.4/src\coap_mem.c **** #if COAP_CLIENT_SUPPORT
 298:C:/Users/stapi/OneDrive/Desktop/GD32VW553/GD32VW55X_Wifi_BLE_SDK/GD32VW55x_RELEASE_V1.0.2/MSDK/lwip/libcoap-4.3.4/src\coap_mem.c **** static coap_lg_crcv_t cache_lg_crcv_storage_data[COAP_MAX_LG_CRCVS];
 299:C:/Users/stapi/OneDrive/Desktop/GD32VW553/GD32VW55X_Wifi_BLE_SDK/GD32VW55x_RELEASE_V1.0.2/MSDK/lwip/libcoap-4.3.4/src\coap_mem.c **** static memarray_t cache_lg_crcv_storage;
 300:C:/Users/stapi/OneDrive/Desktop/GD32VW553/GD32VW55X_Wifi_BLE_SDK/GD32VW55x_RELEASE_V1.0.2/MSDK/lwip/libcoap-4.3.4/src\coap_mem.c **** #endif /* COAP_CLIENT_SUPPORT */
 301:C:/Users/stapi/OneDrive/Desktop/GD32VW553/GD32VW55X_Wifi_BLE_SDK/GD32VW55x_RELEASE_V1.0.2/MSDK/lwip/libcoap-4.3.4/src\coap_mem.c **** 
 302:C:/Users/stapi/OneDrive/Desktop/GD32VW553/GD32VW55X_Wifi_BLE_SDK/GD32VW55x_RELEASE_V1.0.2/MSDK/lwip/libcoap-4.3.4/src\coap_mem.c **** #if COAP_SERVER_SUPPORT
 303:C:/Users/stapi/OneDrive/Desktop/GD32VW553/GD32VW55X_Wifi_BLE_SDK/GD32VW55x_RELEASE_V1.0.2/MSDK/lwip/libcoap-4.3.4/src\coap_mem.c **** static coap_lg_srcv_t cache_lg_srcv_storage_data[COAP_MAX_LG_SRCVS];
 304:C:/Users/stapi/OneDrive/Desktop/GD32VW553/GD32VW55X_Wifi_BLE_SDK/GD32VW55x_RELEASE_V1.0.2/MSDK/lwip/libcoap-4.3.4/src\coap_mem.c **** static memarray_t cache_lg_srcv_storage;
 305:C:/Users/stapi/OneDrive/Desktop/GD32VW553/GD32VW55X_Wifi_BLE_SDK/GD32VW55x_RELEASE_V1.0.2/MSDK/lwip/libcoap-4.3.4/src\coap_mem.c **** 
 306:C:/Users/stapi/OneDrive/Desktop/GD32VW553/GD32VW55X_Wifi_BLE_SDK/GD32VW55x_RELEASE_V1.0.2/MSDK/lwip/libcoap-4.3.4/src\coap_mem.c **** static coap_lg_xmit_t cache_lg_xmit_storage_data[COAP_MAX_LG_XMITS];
 307:C:/Users/stapi/OneDrive/Desktop/GD32VW553/GD32VW55X_Wifi_BLE_SDK/GD32VW55x_RELEASE_V1.0.2/MSDK/lwip/libcoap-4.3.4/src\coap_mem.c **** static memarray_t cache_lg_xmit_storage;
 308:C:/Users/stapi/OneDrive/Desktop/GD32VW553/GD32VW55X_Wifi_BLE_SDK/GD32VW55x_RELEASE_V1.0.2/MSDK/lwip/libcoap-4.3.4/src\coap_mem.c **** #endif /* COAP_SERVER_SUPPORT */
 309:C:/Users/stapi/OneDrive/Desktop/GD32VW553/GD32VW55X_Wifi_BLE_SDK/GD32VW55x_RELEASE_V1.0.2/MSDK/lwip/libcoap-4.3.4/src\coap_mem.c **** 
 310:C:/Users/stapi/OneDrive/Desktop/GD32VW553/GD32VW55X_Wifi_BLE_SDK/GD32VW55x_RELEASE_V1.0.2/MSDK/lwip/libcoap-4.3.4/src\coap_mem.c **** #define INIT_STORAGE(Storage, Count)  \
 311:C:/Users/stapi/OneDrive/Desktop/GD32VW553/GD32VW55X_Wifi_BLE_SDK/GD32VW55x_RELEASE_V1.0.2/MSDK/lwip/libcoap-4.3.4/src\coap_mem.c ****   memarray_init(&(Storage ## _storage), (Storage ## _storage_data), sizeof(Storage ## _storage_data
 312:C:/Users/stapi/OneDrive/Desktop/GD32VW553/GD32VW55X_Wifi_BLE_SDK/GD32VW55x_RELEASE_V1.0.2/MSDK/lwip/libcoap-4.3.4/src\coap_mem.c **** 
 313:C:/Users/stapi/OneDrive/Desktop/GD32VW553/GD32VW55X_Wifi_BLE_SDK/GD32VW55x_RELEASE_V1.0.2/MSDK/lwip/libcoap-4.3.4/src\coap_mem.c **** #define STORAGE_PTR(Storage)  (&(Storage ## _storage))
 314:C:/Users/stapi/OneDrive/Desktop/GD32VW553/GD32VW55X_Wifi_BLE_SDK/GD32VW55x_RELEASE_V1.0.2/MSDK/lwip/libcoap-4.3.4/src\coap_mem.c **** 
 315:C:/Users/stapi/OneDrive/Desktop/GD32VW553/GD32VW55X_Wifi_BLE_SDK/GD32VW55x_RELEASE_V1.0.2/MSDK/lwip/libcoap-4.3.4/src\coap_mem.c **** void
 316:C:/Users/stapi/OneDrive/Desktop/GD32VW553/GD32VW55X_Wifi_BLE_SDK/GD32VW55x_RELEASE_V1.0.2/MSDK/lwip/libcoap-4.3.4/src\coap_mem.c **** coap_memory_init(void) {
 317:C:/Users/stapi/OneDrive/Desktop/GD32VW553/GD32VW55X_Wifi_BLE_SDK/GD32VW55x_RELEASE_V1.0.2/MSDK/lwip/libcoap-4.3.4/src\coap_mem.c ****   INIT_STORAGE(string, COAP_MAX_STRINGS);
 318:C:/Users/stapi/OneDrive/Desktop/GD32VW553/GD32VW55X_Wifi_BLE_SDK/GD32VW55x_RELEASE_V1.0.2/MSDK/lwip/libcoap-4.3.4/src\coap_mem.c **** #if COAP_SERVER_SUPPORT
 319:C:/Users/stapi/OneDrive/Desktop/GD32VW553/GD32VW55X_Wifi_BLE_SDK/GD32VW55x_RELEASE_V1.0.2/MSDK/lwip/libcoap-4.3.4/src\coap_mem.c ****   INIT_STORAGE(endpoint, COAP_MAX_ENDPOINTS);
 320:C:/Users/stapi/OneDrive/Desktop/GD32VW553/GD32VW55X_Wifi_BLE_SDK/GD32VW55x_RELEASE_V1.0.2/MSDK/lwip/libcoap-4.3.4/src\coap_mem.c ****   INIT_STORAGE(attr, COAP_MAX_ATTRIBUTE_STRINGS);
 321:C:/Users/stapi/OneDrive/Desktop/GD32VW553/GD32VW55X_Wifi_BLE_SDK/GD32VW55x_RELEASE_V1.0.2/MSDK/lwip/libcoap-4.3.4/src\coap_mem.c **** #endif /* COAP_SERVER_SUPPORT */
 322:C:/Users/stapi/OneDrive/Desktop/GD32VW553/GD32VW55X_Wifi_BLE_SDK/GD32VW55x_RELEASE_V1.0.2/MSDK/lwip/libcoap-4.3.4/src\coap_mem.c ****   INIT_STORAGE(pkt, COAP_MAX_PACKETS);
 323:C:/Users/stapi/OneDrive/Desktop/GD32VW553/GD32VW55X_Wifi_BLE_SDK/GD32VW55x_RELEASE_V1.0.2/MSDK/lwip/libcoap-4.3.4/src\coap_mem.c ****   INIT_STORAGE(node, COAP_MAX_NODES);
 324:C:/Users/stapi/OneDrive/Desktop/GD32VW553/GD32VW55X_Wifi_BLE_SDK/GD32VW55x_RELEASE_V1.0.2/MSDK/lwip/libcoap-4.3.4/src\coap_mem.c ****   INIT_STORAGE(context, COAP_MAX_CONTEXTS);
 325:C:/Users/stapi/OneDrive/Desktop/GD32VW553/GD32VW55X_Wifi_BLE_SDK/GD32VW55x_RELEASE_V1.0.2/MSDK/lwip/libcoap-4.3.4/src\coap_mem.c ****   INIT_STORAGE(pdu, COAP_MAX_PDUS);
 326:C:/Users/stapi/OneDrive/Desktop/GD32VW553/GD32VW55X_Wifi_BLE_SDK/GD32VW55x_RELEASE_V1.0.2/MSDK/lwip/libcoap-4.3.4/src\coap_mem.c ****   INIT_STORAGE(pdubuf, COAP_MAX_PDUS);
 327:C:/Users/stapi/OneDrive/Desktop/GD32VW553/GD32VW55X_Wifi_BLE_SDK/GD32VW55x_RELEASE_V1.0.2/MSDK/lwip/libcoap-4.3.4/src\coap_mem.c **** #if COAP_SERVER_SUPPORT
 328:C:/Users/stapi/OneDrive/Desktop/GD32VW553/GD32VW55X_Wifi_BLE_SDK/GD32VW55x_RELEASE_V1.0.2/MSDK/lwip/libcoap-4.3.4/src\coap_mem.c ****   INIT_STORAGE(resource, COAP_MAX_RESOURCES);
 329:C:/Users/stapi/OneDrive/Desktop/GD32VW553/GD32VW55X_Wifi_BLE_SDK/GD32VW55x_RELEASE_V1.0.2/MSDK/lwip/libcoap-4.3.4/src\coap_mem.c ****   INIT_STORAGE(resattr, COAP_MAX_ATTRIBUTES);
 330:C:/Users/stapi/OneDrive/Desktop/GD32VW553/GD32VW55X_Wifi_BLE_SDK/GD32VW55x_RELEASE_V1.0.2/MSDK/lwip/libcoap-4.3.4/src\coap_mem.c **** #endif /* COAP_SERVER_SUPPORT */
 331:C:/Users/stapi/OneDrive/Desktop/GD32VW553/GD32VW55X_Wifi_BLE_SDK/GD32VW55x_RELEASE_V1.0.2/MSDK/lwip/libcoap-4.3.4/src\coap_mem.c **** #ifdef COAP_WITH_LIBTINYDTLS
 332:C:/Users/stapi/OneDrive/Desktop/GD32VW553/GD32VW55X_Wifi_BLE_SDK/GD32VW55x_RELEASE_V1.0.2/MSDK/lwip/libcoap-4.3.4/src\coap_mem.c ****   INIT_STORAGE(dtls, COAP_MAX_DTLS_SESSIONS);
 333:C:/Users/stapi/OneDrive/Desktop/GD32VW553/GD32VW55X_Wifi_BLE_SDK/GD32VW55x_RELEASE_V1.0.2/MSDK/lwip/libcoap-4.3.4/src\coap_mem.c **** #endif
 334:C:/Users/stapi/OneDrive/Desktop/GD32VW553/GD32VW55X_Wifi_BLE_SDK/GD32VW55x_RELEASE_V1.0.2/MSDK/lwip/libcoap-4.3.4/src\coap_mem.c ****   INIT_STORAGE(session, COAP_MAX_SESSIONS);
 335:C:/Users/stapi/OneDrive/Desktop/GD32VW553/GD32VW55X_Wifi_BLE_SDK/GD32VW55x_RELEASE_V1.0.2/MSDK/lwip/libcoap-4.3.4/src\coap_mem.c ****   INIT_STORAGE(option, COAP_MAX_OPTIONS);
 336:C:/Users/stapi/OneDrive/Desktop/GD32VW553/GD32VW55X_Wifi_BLE_SDK/GD32VW55x_RELEASE_V1.0.2/MSDK/lwip/libcoap-4.3.4/src\coap_mem.c **** #if COAP_SERVER_SUPPORT
 337:C:/Users/stapi/OneDrive/Desktop/GD32VW553/GD32VW55X_Wifi_BLE_SDK/GD32VW55x_RELEASE_V1.0.2/MSDK/lwip/libcoap-4.3.4/src\coap_mem.c ****   INIT_STORAGE(cache_key, COAP_MAX_CACHE_KEYS);
 338:C:/Users/stapi/OneDrive/Desktop/GD32VW553/GD32VW55X_Wifi_BLE_SDK/GD32VW55x_RELEASE_V1.0.2/MSDK/lwip/libcoap-4.3.4/src\coap_mem.c ****   INIT_STORAGE(cache_entry, COAP_MAX_CACHE_ENTRIES);
 339:C:/Users/stapi/OneDrive/Desktop/GD32VW553/GD32VW55X_Wifi_BLE_SDK/GD32VW55x_RELEASE_V1.0.2/MSDK/lwip/libcoap-4.3.4/src\coap_mem.c **** #endif /* COAP_SERVER_SUPPORT */
 340:C:/Users/stapi/OneDrive/Desktop/GD32VW553/GD32VW55X_Wifi_BLE_SDK/GD32VW55x_RELEASE_V1.0.2/MSDK/lwip/libcoap-4.3.4/src\coap_mem.c **** #if COAP_CLIENT_SUPPORT
 341:C:/Users/stapi/OneDrive/Desktop/GD32VW553/GD32VW55X_Wifi_BLE_SDK/GD32VW55x_RELEASE_V1.0.2/MSDK/lwip/libcoap-4.3.4/src\coap_mem.c ****   INIT_STORAGE(cache_lg_crcv, COAP_MAX_LG_CRCVS);
 342:C:/Users/stapi/OneDrive/Desktop/GD32VW553/GD32VW55X_Wifi_BLE_SDK/GD32VW55x_RELEASE_V1.0.2/MSDK/lwip/libcoap-4.3.4/src\coap_mem.c **** #endif /* COAP_SERVER_SUPPORT */
 343:C:/Users/stapi/OneDrive/Desktop/GD32VW553/GD32VW55X_Wifi_BLE_SDK/GD32VW55x_RELEASE_V1.0.2/MSDK/lwip/libcoap-4.3.4/src\coap_mem.c **** #if COAP_SERVER_SUPPORT
 344:C:/Users/stapi/OneDrive/Desktop/GD32VW553/GD32VW55X_Wifi_BLE_SDK/GD32VW55x_RELEASE_V1.0.2/MSDK/lwip/libcoap-4.3.4/src\coap_mem.c ****   INIT_STORAGE(cache_lg_srcv, COAP_MAX_LG_SRCVS);
 345:C:/Users/stapi/OneDrive/Desktop/GD32VW553/GD32VW55X_Wifi_BLE_SDK/GD32VW55x_RELEASE_V1.0.2/MSDK/lwip/libcoap-4.3.4/src\coap_mem.c ****   INIT_STORAGE(cache_lg_xmit, COAP_MAX_LG_XMITS);
 346:C:/Users/stapi/OneDrive/Desktop/GD32VW553/GD32VW55X_Wifi_BLE_SDK/GD32VW55x_RELEASE_V1.0.2/MSDK/lwip/libcoap-4.3.4/src\coap_mem.c **** #endif /* COAP_SERVER_SUPPORT */
 347:C:/Users/stapi/OneDrive/Desktop/GD32VW553/GD32VW55X_Wifi_BLE_SDK/GD32VW55x_RELEASE_V1.0.2/MSDK/lwip/libcoap-4.3.4/src\coap_mem.c **** }
 348:C:/Users/stapi/OneDrive/Desktop/GD32VW553/GD32VW55X_Wifi_BLE_SDK/GD32VW55x_RELEASE_V1.0.2/MSDK/lwip/libcoap-4.3.4/src\coap_mem.c **** 
 349:C:/Users/stapi/OneDrive/Desktop/GD32VW553/GD32VW55X_Wifi_BLE_SDK/GD32VW55x_RELEASE_V1.0.2/MSDK/lwip/libcoap-4.3.4/src\coap_mem.c **** static memarray_t *
 350:C:/Users/stapi/OneDrive/Desktop/GD32VW553/GD32VW55X_Wifi_BLE_SDK/GD32VW55x_RELEASE_V1.0.2/MSDK/lwip/libcoap-4.3.4/src\coap_mem.c **** get_container(coap_memory_tag_t type) {
 351:C:/Users/stapi/OneDrive/Desktop/GD32VW553/GD32VW55X_Wifi_BLE_SDK/GD32VW55x_RELEASE_V1.0.2/MSDK/lwip/libcoap-4.3.4/src\coap_mem.c ****   switch (type) {
 352:C:/Users/stapi/OneDrive/Desktop/GD32VW553/GD32VW55X_Wifi_BLE_SDK/GD32VW55x_RELEASE_V1.0.2/MSDK/lwip/libcoap-4.3.4/src\coap_mem.c **** #if COAP_SERVER_SUPPORT
 353:C:/Users/stapi/OneDrive/Desktop/GD32VW553/GD32VW55X_Wifi_BLE_SDK/GD32VW55x_RELEASE_V1.0.2/MSDK/lwip/libcoap-4.3.4/src\coap_mem.c ****   case COAP_ATTRIBUTE_NAME:
 354:C:/Users/stapi/OneDrive/Desktop/GD32VW553/GD32VW55X_Wifi_BLE_SDK/GD32VW55x_RELEASE_V1.0.2/MSDK/lwip/libcoap-4.3.4/src\coap_mem.c ****   /* fall through */
 355:C:/Users/stapi/OneDrive/Desktop/GD32VW553/GD32VW55X_Wifi_BLE_SDK/GD32VW55x_RELEASE_V1.0.2/MSDK/lwip/libcoap-4.3.4/src\coap_mem.c ****   case COAP_ATTRIBUTE_VALUE:
 356:C:/Users/stapi/OneDrive/Desktop/GD32VW553/GD32VW55X_Wifi_BLE_SDK/GD32VW55x_RELEASE_V1.0.2/MSDK/lwip/libcoap-4.3.4/src\coap_mem.c ****     return &attr_storage;
 357:C:/Users/stapi/OneDrive/Desktop/GD32VW553/GD32VW55X_Wifi_BLE_SDK/GD32VW55x_RELEASE_V1.0.2/MSDK/lwip/libcoap-4.3.4/src\coap_mem.c **** #endif /* COAP_SERVER_SUPPORT */
 358:C:/Users/stapi/OneDrive/Desktop/GD32VW553/GD32VW55X_Wifi_BLE_SDK/GD32VW55x_RELEASE_V1.0.2/MSDK/lwip/libcoap-4.3.4/src\coap_mem.c ****   case COAP_PACKET:
 359:C:/Users/stapi/OneDrive/Desktop/GD32VW553/GD32VW55X_Wifi_BLE_SDK/GD32VW55x_RELEASE_V1.0.2/MSDK/lwip/libcoap-4.3.4/src\coap_mem.c ****     return &pkt_storage;
 360:C:/Users/stapi/OneDrive/Desktop/GD32VW553/GD32VW55X_Wifi_BLE_SDK/GD32VW55x_RELEASE_V1.0.2/MSDK/lwip/libcoap-4.3.4/src\coap_mem.c ****   case COAP_NODE:
 361:C:/Users/stapi/OneDrive/Desktop/GD32VW553/GD32VW55X_Wifi_BLE_SDK/GD32VW55x_RELEASE_V1.0.2/MSDK/lwip/libcoap-4.3.4/src\coap_mem.c ****     return &node_storage;
 362:C:/Users/stapi/OneDrive/Desktop/GD32VW553/GD32VW55X_Wifi_BLE_SDK/GD32VW55x_RELEASE_V1.0.2/MSDK/lwip/libcoap-4.3.4/src\coap_mem.c ****   case COAP_CONTEXT:
 363:C:/Users/stapi/OneDrive/Desktop/GD32VW553/GD32VW55X_Wifi_BLE_SDK/GD32VW55x_RELEASE_V1.0.2/MSDK/lwip/libcoap-4.3.4/src\coap_mem.c ****     return STORAGE_PTR(context);
 364:C:/Users/stapi/OneDrive/Desktop/GD32VW553/GD32VW55X_Wifi_BLE_SDK/GD32VW55x_RELEASE_V1.0.2/MSDK/lwip/libcoap-4.3.4/src\coap_mem.c **** #if COAP_SERVER_SUPPORT
 365:C:/Users/stapi/OneDrive/Desktop/GD32VW553/GD32VW55X_Wifi_BLE_SDK/GD32VW55x_RELEASE_V1.0.2/MSDK/lwip/libcoap-4.3.4/src\coap_mem.c ****   case COAP_ENDPOINT:
 366:C:/Users/stapi/OneDrive/Desktop/GD32VW553/GD32VW55X_Wifi_BLE_SDK/GD32VW55x_RELEASE_V1.0.2/MSDK/lwip/libcoap-4.3.4/src\coap_mem.c ****     return &endpoint_storage;
 367:C:/Users/stapi/OneDrive/Desktop/GD32VW553/GD32VW55X_Wifi_BLE_SDK/GD32VW55x_RELEASE_V1.0.2/MSDK/lwip/libcoap-4.3.4/src\coap_mem.c **** #endif /* COAP_SERVER_SUPPORT */
 368:C:/Users/stapi/OneDrive/Desktop/GD32VW553/GD32VW55X_Wifi_BLE_SDK/GD32VW55x_RELEASE_V1.0.2/MSDK/lwip/libcoap-4.3.4/src\coap_mem.c ****   case COAP_PDU:
 369:C:/Users/stapi/OneDrive/Desktop/GD32VW553/GD32VW55X_Wifi_BLE_SDK/GD32VW55x_RELEASE_V1.0.2/MSDK/lwip/libcoap-4.3.4/src\coap_mem.c ****     return &pdu_storage;
 370:C:/Users/stapi/OneDrive/Desktop/GD32VW553/GD32VW55X_Wifi_BLE_SDK/GD32VW55x_RELEASE_V1.0.2/MSDK/lwip/libcoap-4.3.4/src\coap_mem.c ****   case COAP_PDU_BUF:
 371:C:/Users/stapi/OneDrive/Desktop/GD32VW553/GD32VW55X_Wifi_BLE_SDK/GD32VW55x_RELEASE_V1.0.2/MSDK/lwip/libcoap-4.3.4/src\coap_mem.c ****     return &pdubuf_storage;
 372:C:/Users/stapi/OneDrive/Desktop/GD32VW553/GD32VW55X_Wifi_BLE_SDK/GD32VW55x_RELEASE_V1.0.2/MSDK/lwip/libcoap-4.3.4/src\coap_mem.c **** #if COAP_SERVER_SUPPORT
 373:C:/Users/stapi/OneDrive/Desktop/GD32VW553/GD32VW55X_Wifi_BLE_SDK/GD32VW55x_RELEASE_V1.0.2/MSDK/lwip/libcoap-4.3.4/src\coap_mem.c ****   case COAP_RESOURCE:
 374:C:/Users/stapi/OneDrive/Desktop/GD32VW553/GD32VW55X_Wifi_BLE_SDK/GD32VW55x_RELEASE_V1.0.2/MSDK/lwip/libcoap-4.3.4/src\coap_mem.c ****     return &resource_storage;
 375:C:/Users/stapi/OneDrive/Desktop/GD32VW553/GD32VW55X_Wifi_BLE_SDK/GD32VW55x_RELEASE_V1.0.2/MSDK/lwip/libcoap-4.3.4/src\coap_mem.c ****   case COAP_RESOURCEATTR:
 376:C:/Users/stapi/OneDrive/Desktop/GD32VW553/GD32VW55X_Wifi_BLE_SDK/GD32VW55x_RELEASE_V1.0.2/MSDK/lwip/libcoap-4.3.4/src\coap_mem.c ****     return &resattr_storage;
 377:C:/Users/stapi/OneDrive/Desktop/GD32VW553/GD32VW55X_Wifi_BLE_SDK/GD32VW55x_RELEASE_V1.0.2/MSDK/lwip/libcoap-4.3.4/src\coap_mem.c **** #endif /* COAP_SERVER_SUPPORT */
 378:C:/Users/stapi/OneDrive/Desktop/GD32VW553/GD32VW55X_Wifi_BLE_SDK/GD32VW55x_RELEASE_V1.0.2/MSDK/lwip/libcoap-4.3.4/src\coap_mem.c **** #ifdef COAP_WITH_LIBTINYDTLS
 379:C:/Users/stapi/OneDrive/Desktop/GD32VW553/GD32VW55X_Wifi_BLE_SDK/GD32VW55x_RELEASE_V1.0.2/MSDK/lwip/libcoap-4.3.4/src\coap_mem.c ****   case COAP_DTLS_SESSION:
 380:C:/Users/stapi/OneDrive/Desktop/GD32VW553/GD32VW55X_Wifi_BLE_SDK/GD32VW55x_RELEASE_V1.0.2/MSDK/lwip/libcoap-4.3.4/src\coap_mem.c ****     return &dtls_storage;
 381:C:/Users/stapi/OneDrive/Desktop/GD32VW553/GD32VW55X_Wifi_BLE_SDK/GD32VW55x_RELEASE_V1.0.2/MSDK/lwip/libcoap-4.3.4/src\coap_mem.c **** #endif
 382:C:/Users/stapi/OneDrive/Desktop/GD32VW553/GD32VW55X_Wifi_BLE_SDK/GD32VW55x_RELEASE_V1.0.2/MSDK/lwip/libcoap-4.3.4/src\coap_mem.c ****   case COAP_SESSION:
 383:C:/Users/stapi/OneDrive/Desktop/GD32VW553/GD32VW55X_Wifi_BLE_SDK/GD32VW55x_RELEASE_V1.0.2/MSDK/lwip/libcoap-4.3.4/src\coap_mem.c ****     return &session_storage;
 384:C:/Users/stapi/OneDrive/Desktop/GD32VW553/GD32VW55X_Wifi_BLE_SDK/GD32VW55x_RELEASE_V1.0.2/MSDK/lwip/libcoap-4.3.4/src\coap_mem.c ****   case COAP_OPTLIST:
 385:C:/Users/stapi/OneDrive/Desktop/GD32VW553/GD32VW55X_Wifi_BLE_SDK/GD32VW55x_RELEASE_V1.0.2/MSDK/lwip/libcoap-4.3.4/src\coap_mem.c ****     return &option_storage;
 386:C:/Users/stapi/OneDrive/Desktop/GD32VW553/GD32VW55X_Wifi_BLE_SDK/GD32VW55x_RELEASE_V1.0.2/MSDK/lwip/libcoap-4.3.4/src\coap_mem.c **** #if COAP_SERVER_SUPPORT
 387:C:/Users/stapi/OneDrive/Desktop/GD32VW553/GD32VW55X_Wifi_BLE_SDK/GD32VW55x_RELEASE_V1.0.2/MSDK/lwip/libcoap-4.3.4/src\coap_mem.c ****   case COAP_CACHE_KEY:
 388:C:/Users/stapi/OneDrive/Desktop/GD32VW553/GD32VW55X_Wifi_BLE_SDK/GD32VW55x_RELEASE_V1.0.2/MSDK/lwip/libcoap-4.3.4/src\coap_mem.c ****     return &cache_key_storage;
 389:C:/Users/stapi/OneDrive/Desktop/GD32VW553/GD32VW55X_Wifi_BLE_SDK/GD32VW55x_RELEASE_V1.0.2/MSDK/lwip/libcoap-4.3.4/src\coap_mem.c ****   case COAP_CACHE_ENTRY:
 390:C:/Users/stapi/OneDrive/Desktop/GD32VW553/GD32VW55X_Wifi_BLE_SDK/GD32VW55x_RELEASE_V1.0.2/MSDK/lwip/libcoap-4.3.4/src\coap_mem.c ****     return &cache_entry_storage;
 391:C:/Users/stapi/OneDrive/Desktop/GD32VW553/GD32VW55X_Wifi_BLE_SDK/GD32VW55x_RELEASE_V1.0.2/MSDK/lwip/libcoap-4.3.4/src\coap_mem.c **** #endif /* COAP_SERVER_SUPPORT */
 392:C:/Users/stapi/OneDrive/Desktop/GD32VW553/GD32VW55X_Wifi_BLE_SDK/GD32VW55x_RELEASE_V1.0.2/MSDK/lwip/libcoap-4.3.4/src\coap_mem.c **** #if COAP_CLIENT_SUPPORT
 393:C:/Users/stapi/OneDrive/Desktop/GD32VW553/GD32VW55X_Wifi_BLE_SDK/GD32VW55x_RELEASE_V1.0.2/MSDK/lwip/libcoap-4.3.4/src\coap_mem.c ****   case COAP_LG_CRCV:
 394:C:/Users/stapi/OneDrive/Desktop/GD32VW553/GD32VW55X_Wifi_BLE_SDK/GD32VW55x_RELEASE_V1.0.2/MSDK/lwip/libcoap-4.3.4/src\coap_mem.c ****     return &cache_lg_crcv_storage;
 395:C:/Users/stapi/OneDrive/Desktop/GD32VW553/GD32VW55X_Wifi_BLE_SDK/GD32VW55x_RELEASE_V1.0.2/MSDK/lwip/libcoap-4.3.4/src\coap_mem.c **** #endif /* COAP_CLIENT_SUPPORT */
 396:C:/Users/stapi/OneDrive/Desktop/GD32VW553/GD32VW55X_Wifi_BLE_SDK/GD32VW55x_RELEASE_V1.0.2/MSDK/lwip/libcoap-4.3.4/src\coap_mem.c **** #if COAP_SERVER_SUPPORT
 397:C:/Users/stapi/OneDrive/Desktop/GD32VW553/GD32VW55X_Wifi_BLE_SDK/GD32VW55x_RELEASE_V1.0.2/MSDK/lwip/libcoap-4.3.4/src\coap_mem.c ****   case COAP_LG_SRCV:
 398:C:/Users/stapi/OneDrive/Desktop/GD32VW553/GD32VW55X_Wifi_BLE_SDK/GD32VW55x_RELEASE_V1.0.2/MSDK/lwip/libcoap-4.3.4/src\coap_mem.c ****     return &cache_lg_srcv_storage;
 399:C:/Users/stapi/OneDrive/Desktop/GD32VW553/GD32VW55X_Wifi_BLE_SDK/GD32VW55x_RELEASE_V1.0.2/MSDK/lwip/libcoap-4.3.4/src\coap_mem.c ****   case COAP_LG_XMIT:
 400:C:/Users/stapi/OneDrive/Desktop/GD32VW553/GD32VW55X_Wifi_BLE_SDK/GD32VW55x_RELEASE_V1.0.2/MSDK/lwip/libcoap-4.3.4/src\coap_mem.c ****     return &cache_lg_xmit_storage;
 401:C:/Users/stapi/OneDrive/Desktop/GD32VW553/GD32VW55X_Wifi_BLE_SDK/GD32VW55x_RELEASE_V1.0.2/MSDK/lwip/libcoap-4.3.4/src\coap_mem.c **** #endif /* COAP_SERVER_SUPPORT */
 402:C:/Users/stapi/OneDrive/Desktop/GD32VW553/GD32VW55X_Wifi_BLE_SDK/GD32VW55x_RELEASE_V1.0.2/MSDK/lwip/libcoap-4.3.4/src\coap_mem.c ****   case COAP_STRING:
 403:C:/Users/stapi/OneDrive/Desktop/GD32VW553/GD32VW55X_Wifi_BLE_SDK/GD32VW55x_RELEASE_V1.0.2/MSDK/lwip/libcoap-4.3.4/src\coap_mem.c ****   /* fall through */
 404:C:/Users/stapi/OneDrive/Desktop/GD32VW553/GD32VW55X_Wifi_BLE_SDK/GD32VW55x_RELEASE_V1.0.2/MSDK/lwip/libcoap-4.3.4/src\coap_mem.c ****   default:
 405:C:/Users/stapi/OneDrive/Desktop/GD32VW553/GD32VW55X_Wifi_BLE_SDK/GD32VW55x_RELEASE_V1.0.2/MSDK/lwip/libcoap-4.3.4/src\coap_mem.c ****     return &string_storage;
 406:C:/Users/stapi/OneDrive/Desktop/GD32VW553/GD32VW55X_Wifi_BLE_SDK/GD32VW55x_RELEASE_V1.0.2/MSDK/lwip/libcoap-4.3.4/src\coap_mem.c ****   }
 407:C:/Users/stapi/OneDrive/Desktop/GD32VW553/GD32VW55X_Wifi_BLE_SDK/GD32VW55x_RELEASE_V1.0.2/MSDK/lwip/libcoap-4.3.4/src\coap_mem.c **** }
 408:C:/Users/stapi/OneDrive/Desktop/GD32VW553/GD32VW55X_Wifi_BLE_SDK/GD32VW55x_RELEASE_V1.0.2/MSDK/lwip/libcoap-4.3.4/src\coap_mem.c **** 
 409:C:/Users/stapi/OneDrive/Desktop/GD32VW553/GD32VW55X_Wifi_BLE_SDK/GD32VW55x_RELEASE_V1.0.2/MSDK/lwip/libcoap-4.3.4/src\coap_mem.c **** void *
 410:C:/Users/stapi/OneDrive/Desktop/GD32VW553/GD32VW55X_Wifi_BLE_SDK/GD32VW55x_RELEASE_V1.0.2/MSDK/lwip/libcoap-4.3.4/src\coap_mem.c **** coap_malloc_type(coap_memory_tag_t type, size_t size) {
 411:C:/Users/stapi/OneDrive/Desktop/GD32VW553/GD32VW55X_Wifi_BLE_SDK/GD32VW55x_RELEASE_V1.0.2/MSDK/lwip/libcoap-4.3.4/src\coap_mem.c ****   memarray_t *container = get_container(type);
 412:C:/Users/stapi/OneDrive/Desktop/GD32VW553/GD32VW55X_Wifi_BLE_SDK/GD32VW55x_RELEASE_V1.0.2/MSDK/lwip/libcoap-4.3.4/src\coap_mem.c ****   void *ptr;
 413:C:/Users/stapi/OneDrive/Desktop/GD32VW553/GD32VW55X_Wifi_BLE_SDK/GD32VW55x_RELEASE_V1.0.2/MSDK/lwip/libcoap-4.3.4/src\coap_mem.c ****   assert(container);
 414:C:/Users/stapi/OneDrive/Desktop/GD32VW553/GD32VW55X_Wifi_BLE_SDK/GD32VW55x_RELEASE_V1.0.2/MSDK/lwip/libcoap-4.3.4/src\coap_mem.c **** 
 415:C:/Users/stapi/OneDrive/Desktop/GD32VW553/GD32VW55X_Wifi_BLE_SDK/GD32VW55x_RELEASE_V1.0.2/MSDK/lwip/libcoap-4.3.4/src\coap_mem.c ****   if (size > container->size) {
 416:C:/Users/stapi/OneDrive/Desktop/GD32VW553/GD32VW55X_Wifi_BLE_SDK/GD32VW55x_RELEASE_V1.0.2/MSDK/lwip/libcoap-4.3.4/src\coap_mem.c ****     coap_log_warn("coap_malloc_type: Requested memory exceeds maximum object "
 417:C:/Users/stapi/OneDrive/Desktop/GD32VW553/GD32VW55X_Wifi_BLE_SDK/GD32VW55x_RELEASE_V1.0.2/MSDK/lwip/libcoap-4.3.4/src\coap_mem.c ****                   "size (type %d, size %zu, max %d)\n",
 418:C:/Users/stapi/OneDrive/Desktop/GD32VW553/GD32VW55X_Wifi_BLE_SDK/GD32VW55x_RELEASE_V1.0.2/MSDK/lwip/libcoap-4.3.4/src\coap_mem.c ****                   type, size, container->size);
 419:C:/Users/stapi/OneDrive/Desktop/GD32VW553/GD32VW55X_Wifi_BLE_SDK/GD32VW55x_RELEASE_V1.0.2/MSDK/lwip/libcoap-4.3.4/src\coap_mem.c ****     return NULL;
 420:C:/Users/stapi/OneDrive/Desktop/GD32VW553/GD32VW55X_Wifi_BLE_SDK/GD32VW55x_RELEASE_V1.0.2/MSDK/lwip/libcoap-4.3.4/src\coap_mem.c ****   }
 421:C:/Users/stapi/OneDrive/Desktop/GD32VW553/GD32VW55X_Wifi_BLE_SDK/GD32VW55x_RELEASE_V1.0.2/MSDK/lwip/libcoap-4.3.4/src\coap_mem.c **** 
 422:C:/Users/stapi/OneDrive/Desktop/GD32VW553/GD32VW55X_Wifi_BLE_SDK/GD32VW55x_RELEASE_V1.0.2/MSDK/lwip/libcoap-4.3.4/src\coap_mem.c ****   ptr = memarray_alloc(container);
 423:C:/Users/stapi/OneDrive/Desktop/GD32VW553/GD32VW55X_Wifi_BLE_SDK/GD32VW55x_RELEASE_V1.0.2/MSDK/lwip/libcoap-4.3.4/src\coap_mem.c ****   if (!ptr)
 424:C:/Users/stapi/OneDrive/Desktop/GD32VW553/GD32VW55X_Wifi_BLE_SDK/GD32VW55x_RELEASE_V1.0.2/MSDK/lwip/libcoap-4.3.4/src\coap_mem.c ****     coap_log_warn("coap_malloc_type: Failure (no free blocks) for type %d\n",
 425:C:/Users/stapi/OneDrive/Desktop/GD32VW553/GD32VW55X_Wifi_BLE_SDK/GD32VW55x_RELEASE_V1.0.2/MSDK/lwip/libcoap-4.3.4/src\coap_mem.c ****                   type);
 426:C:/Users/stapi/OneDrive/Desktop/GD32VW553/GD32VW55X_Wifi_BLE_SDK/GD32VW55x_RELEASE_V1.0.2/MSDK/lwip/libcoap-4.3.4/src\coap_mem.c ****   return ptr;
 427:C:/Users/stapi/OneDrive/Desktop/GD32VW553/GD32VW55X_Wifi_BLE_SDK/GD32VW55x_RELEASE_V1.0.2/MSDK/lwip/libcoap-4.3.4/src\coap_mem.c **** }
 428:C:/Users/stapi/OneDrive/Desktop/GD32VW553/GD32VW55X_Wifi_BLE_SDK/GD32VW55x_RELEASE_V1.0.2/MSDK/lwip/libcoap-4.3.4/src\coap_mem.c **** 
 429:C:/Users/stapi/OneDrive/Desktop/GD32VW553/GD32VW55X_Wifi_BLE_SDK/GD32VW55x_RELEASE_V1.0.2/MSDK/lwip/libcoap-4.3.4/src\coap_mem.c **** void
 430:C:/Users/stapi/OneDrive/Desktop/GD32VW553/GD32VW55X_Wifi_BLE_SDK/GD32VW55x_RELEASE_V1.0.2/MSDK/lwip/libcoap-4.3.4/src\coap_mem.c **** coap_free_type(coap_memory_tag_t type, void *object) {
 431:C:/Users/stapi/OneDrive/Desktop/GD32VW553/GD32VW55X_Wifi_BLE_SDK/GD32VW55x_RELEASE_V1.0.2/MSDK/lwip/libcoap-4.3.4/src\coap_mem.c ****   if (object != NULL)
 432:C:/Users/stapi/OneDrive/Desktop/GD32VW553/GD32VW55X_Wifi_BLE_SDK/GD32VW55x_RELEASE_V1.0.2/MSDK/lwip/libcoap-4.3.4/src\coap_mem.c ****     memarray_free(get_container(type), object);
 433:C:/Users/stapi/OneDrive/Desktop/GD32VW553/GD32VW55X_Wifi_BLE_SDK/GD32VW55x_RELEASE_V1.0.2/MSDK/lwip/libcoap-4.3.4/src\coap_mem.c **** }
 434:C:/Users/stapi/OneDrive/Desktop/GD32VW553/GD32VW55X_Wifi_BLE_SDK/GD32VW55x_RELEASE_V1.0.2/MSDK/lwip/libcoap-4.3.4/src\coap_mem.c **** 
 435:C:/Users/stapi/OneDrive/Desktop/GD32VW553/GD32VW55X_Wifi_BLE_SDK/GD32VW55x_RELEASE_V1.0.2/MSDK/lwip/libcoap-4.3.4/src\coap_mem.c **** void *
 436:C:/Users/stapi/OneDrive/Desktop/GD32VW553/GD32VW55X_Wifi_BLE_SDK/GD32VW55x_RELEASE_V1.0.2/MSDK/lwip/libcoap-4.3.4/src\coap_mem.c **** coap_realloc_type(coap_memory_tag_t type, void *p, size_t size) {
 437:C:/Users/stapi/OneDrive/Desktop/GD32VW553/GD32VW55X_Wifi_BLE_SDK/GD32VW55x_RELEASE_V1.0.2/MSDK/lwip/libcoap-4.3.4/src\coap_mem.c ****   memarray_t *container = get_container(type);
 438:C:/Users/stapi/OneDrive/Desktop/GD32VW553/GD32VW55X_Wifi_BLE_SDK/GD32VW55x_RELEASE_V1.0.2/MSDK/lwip/libcoap-4.3.4/src\coap_mem.c **** 
 439:C:/Users/stapi/OneDrive/Desktop/GD32VW553/GD32VW55X_Wifi_BLE_SDK/GD32VW55x_RELEASE_V1.0.2/MSDK/lwip/libcoap-4.3.4/src\coap_mem.c ****   assert(container);
 440:C:/Users/stapi/OneDrive/Desktop/GD32VW553/GD32VW55X_Wifi_BLE_SDK/GD32VW55x_RELEASE_V1.0.2/MSDK/lwip/libcoap-4.3.4/src\coap_mem.c ****   /* The fixed container is all we have to work with */
 441:C:/Users/stapi/OneDrive/Desktop/GD32VW553/GD32VW55X_Wifi_BLE_SDK/GD32VW55x_RELEASE_V1.0.2/MSDK/lwip/libcoap-4.3.4/src\coap_mem.c ****   if (p) {
 442:C:/Users/stapi/OneDrive/Desktop/GD32VW553/GD32VW55X_Wifi_BLE_SDK/GD32VW55x_RELEASE_V1.0.2/MSDK/lwip/libcoap-4.3.4/src\coap_mem.c ****     if (size > container->size) {
 443:C:/Users/stapi/OneDrive/Desktop/GD32VW553/GD32VW55X_Wifi_BLE_SDK/GD32VW55x_RELEASE_V1.0.2/MSDK/lwip/libcoap-4.3.4/src\coap_mem.c ****       coap_log_warn("coap_realloc_type: Requested memory exceeds maximum object "
 444:C:/Users/stapi/OneDrive/Desktop/GD32VW553/GD32VW55X_Wifi_BLE_SDK/GD32VW55x_RELEASE_V1.0.2/MSDK/lwip/libcoap-4.3.4/src\coap_mem.c ****                     "size (type %d, size %zu, max %d)\n",
 445:C:/Users/stapi/OneDrive/Desktop/GD32VW553/GD32VW55X_Wifi_BLE_SDK/GD32VW55x_RELEASE_V1.0.2/MSDK/lwip/libcoap-4.3.4/src\coap_mem.c ****                     type, size, container->size);
 446:C:/Users/stapi/OneDrive/Desktop/GD32VW553/GD32VW55X_Wifi_BLE_SDK/GD32VW55x_RELEASE_V1.0.2/MSDK/lwip/libcoap-4.3.4/src\coap_mem.c ****       return NULL;
 447:C:/Users/stapi/OneDrive/Desktop/GD32VW553/GD32VW55X_Wifi_BLE_SDK/GD32VW55x_RELEASE_V1.0.2/MSDK/lwip/libcoap-4.3.4/src\coap_mem.c ****     }
 448:C:/Users/stapi/OneDrive/Desktop/GD32VW553/GD32VW55X_Wifi_BLE_SDK/GD32VW55x_RELEASE_V1.0.2/MSDK/lwip/libcoap-4.3.4/src\coap_mem.c ****     if (size == 0) {
 449:C:/Users/stapi/OneDrive/Desktop/GD32VW553/GD32VW55X_Wifi_BLE_SDK/GD32VW55x_RELEASE_V1.0.2/MSDK/lwip/libcoap-4.3.4/src\coap_mem.c ****       coap_free_type(type, p);
 450:C:/Users/stapi/OneDrive/Desktop/GD32VW553/GD32VW55X_Wifi_BLE_SDK/GD32VW55x_RELEASE_V1.0.2/MSDK/lwip/libcoap-4.3.4/src\coap_mem.c ****       return NULL;
 451:C:/Users/stapi/OneDrive/Desktop/GD32VW553/GD32VW55X_Wifi_BLE_SDK/GD32VW55x_RELEASE_V1.0.2/MSDK/lwip/libcoap-4.3.4/src\coap_mem.c ****     }
 452:C:/Users/stapi/OneDrive/Desktop/GD32VW553/GD32VW55X_Wifi_BLE_SDK/GD32VW55x_RELEASE_V1.0.2/MSDK/lwip/libcoap-4.3.4/src\coap_mem.c ****     return p;
 453:C:/Users/stapi/OneDrive/Desktop/GD32VW553/GD32VW55X_Wifi_BLE_SDK/GD32VW55x_RELEASE_V1.0.2/MSDK/lwip/libcoap-4.3.4/src\coap_mem.c ****   }
 454:C:/Users/stapi/OneDrive/Desktop/GD32VW553/GD32VW55X_Wifi_BLE_SDK/GD32VW55x_RELEASE_V1.0.2/MSDK/lwip/libcoap-4.3.4/src\coap_mem.c ****   return coap_malloc_type(type, size);
 455:C:/Users/stapi/OneDrive/Desktop/GD32VW553/GD32VW55X_Wifi_BLE_SDK/GD32VW55x_RELEASE_V1.0.2/MSDK/lwip/libcoap-4.3.4/src\coap_mem.c **** }
 456:C:/Users/stapi/OneDrive/Desktop/GD32VW553/GD32VW55X_Wifi_BLE_SDK/GD32VW55x_RELEASE_V1.0.2/MSDK/lwip/libcoap-4.3.4/src\coap_mem.c **** #else /* ! RIOT_VERSION */
 457:C:/Users/stapi/OneDrive/Desktop/GD32VW553/GD32VW55X_Wifi_BLE_SDK/GD32VW55x_RELEASE_V1.0.2/MSDK/lwip/libcoap-4.3.4/src\coap_mem.c **** 
 458:C:/Users/stapi/OneDrive/Desktop/GD32VW553/GD32VW55X_Wifi_BLE_SDK/GD32VW55x_RELEASE_V1.0.2/MSDK/lwip/libcoap-4.3.4/src\coap_mem.c **** #if defined(HAVE_MALLOC) || defined(__MINGW32__)
 459:C:/Users/stapi/OneDrive/Desktop/GD32VW553/GD32VW55X_Wifi_BLE_SDK/GD32VW55x_RELEASE_V1.0.2/MSDK/lwip/libcoap-4.3.4/src\coap_mem.c **** #include <stdlib.h>
 460:C:/Users/stapi/OneDrive/Desktop/GD32VW553/GD32VW55X_Wifi_BLE_SDK/GD32VW55x_RELEASE_V1.0.2/MSDK/lwip/libcoap-4.3.4/src\coap_mem.c **** #include "wrapper_os.h"
 461:C:/Users/stapi/OneDrive/Desktop/GD32VW553/GD32VW55X_Wifi_BLE_SDK/GD32VW55x_RELEASE_V1.0.2/MSDK/lwip/libcoap-4.3.4/src\coap_mem.c **** void
 462:C:/Users/stapi/OneDrive/Desktop/GD32VW553/GD32VW55X_Wifi_BLE_SDK/GD32VW55x_RELEASE_V1.0.2/MSDK/lwip/libcoap-4.3.4/src\coap_mem.c **** coap_memory_init(void) {
  16              		.loc 1 462 24
  17              		.cfi_startproc
 463:C:/Users/stapi/OneDrive/Desktop/GD32VW553/GD32VW55X_Wifi_BLE_SDK/GD32VW55x_RELEASE_V1.0.2/MSDK/lwip/libcoap-4.3.4/src\coap_mem.c **** }
  18              		.loc 1 463 1
  19 0000 8280     		ret
  20              		.cfi_endproc
  21              	.LFE31:
  23              		.section	.text.coap_malloc_type,"ax",@progbits
  24              		.align	1
  25              		.globl	coap_malloc_type
  27              	coap_malloc_type:
  28              	.LFB32:
 464:C:/Users/stapi/OneDrive/Desktop/GD32VW553/GD32VW55X_Wifi_BLE_SDK/GD32VW55x_RELEASE_V1.0.2/MSDK/lwip/libcoap-4.3.4/src\coap_mem.c **** 
 465:C:/Users/stapi/OneDrive/Desktop/GD32VW553/GD32VW55X_Wifi_BLE_SDK/GD32VW55x_RELEASE_V1.0.2/MSDK/lwip/libcoap-4.3.4/src\coap_mem.c **** void *
 466:C:/Users/stapi/OneDrive/Desktop/GD32VW553/GD32VW55X_Wifi_BLE_SDK/GD32VW55x_RELEASE_V1.0.2/MSDK/lwip/libcoap-4.3.4/src\coap_mem.c **** coap_malloc_type(coap_memory_tag_t type, size_t size) {
  29              		.loc 1 466 55
  30              		.cfi_startproc
  31              	.LVL0:
 467:C:/Users/stapi/OneDrive/Desktop/GD32VW553/GD32VW55X_Wifi_BLE_SDK/GD32VW55x_RELEASE_V1.0.2/MSDK/lwip/libcoap-4.3.4/src\coap_mem.c ****   (void)type;
  32              		.loc 1 467 3
 468:C:/Users/stapi/OneDrive/Desktop/GD32VW553/GD32VW55X_Wifi_BLE_SDK/GD32VW55x_RELEASE_V1.0.2/MSDK/lwip/libcoap-4.3.4/src\coap_mem.c ****   return sys_malloc(size);
  33              		.loc 1 468 3
  34              		.loc 1 468 10 is_stmt 0
  35 0000 2E85     		mv	a0,a1
  36              	.LVL1:
  37 0002 17030000 		tail	sys_malloc
  37      67000300 
  38              	.LVL2:
  39              		.cfi_endproc
  40              	.LFE32:
  42              		.section	.text.coap_realloc_type,"ax",@progbits
  43              		.align	1
  44              		.globl	coap_realloc_type
  46              	coap_realloc_type:
  47              	.LFB33:
 469:C:/Users/stapi/OneDrive/Desktop/GD32VW553/GD32VW55X_Wifi_BLE_SDK/GD32VW55x_RELEASE_V1.0.2/MSDK/lwip/libcoap-4.3.4/src\coap_mem.c **** }
 470:C:/Users/stapi/OneDrive/Desktop/GD32VW553/GD32VW55X_Wifi_BLE_SDK/GD32VW55x_RELEASE_V1.0.2/MSDK/lwip/libcoap-4.3.4/src\coap_mem.c **** 
 471:C:/Users/stapi/OneDrive/Desktop/GD32VW553/GD32VW55X_Wifi_BLE_SDK/GD32VW55x_RELEASE_V1.0.2/MSDK/lwip/libcoap-4.3.4/src\coap_mem.c **** void *
 472:C:/Users/stapi/OneDrive/Desktop/GD32VW553/GD32VW55X_Wifi_BLE_SDK/GD32VW55x_RELEASE_V1.0.2/MSDK/lwip/libcoap-4.3.4/src\coap_mem.c **** coap_realloc_type(coap_memory_tag_t type, void *p, size_t size) {
  48              		.loc 1 472 65 is_stmt 1
  49              		.cfi_startproc
  50              	.LVL3:
 473:C:/Users/stapi/OneDrive/Desktop/GD32VW553/GD32VW55X_Wifi_BLE_SDK/GD32VW55x_RELEASE_V1.0.2/MSDK/lwip/libcoap-4.3.4/src\coap_mem.c ****   (void)type;
  51              		.loc 1 473 3
 474:C:/Users/stapi/OneDrive/Desktop/GD32VW553/GD32VW55X_Wifi_BLE_SDK/GD32VW55x_RELEASE_V1.0.2/MSDK/lwip/libcoap-4.3.4/src\coap_mem.c ****   return sys_realloc(p, size);
  52              		.loc 1 474 3
 472:C:/Users/stapi/OneDrive/Desktop/GD32VW553/GD32VW55X_Wifi_BLE_SDK/GD32VW55x_RELEASE_V1.0.2/MSDK/lwip/libcoap-4.3.4/src\coap_mem.c ****   (void)type;
  53              		.loc 1 472 65 is_stmt 0
  54 0000 2E85     		mv	a0,a1
  55              	.LVL4:
  56              		.loc 1 474 10
  57 0002 B285     		mv	a1,a2
  58              	.LVL5:
  59 0004 17030000 		tail	sys_realloc
  59      67000300 
  60              	.LVL6:
  61              		.cfi_endproc
  62              	.LFE33:
  64              		.section	.text.coap_free_type,"ax",@progbits
  65              		.align	1
  66              		.globl	coap_free_type
  68              	coap_free_type:
  69              	.LFB34:
 475:C:/Users/stapi/OneDrive/Desktop/GD32VW553/GD32VW55X_Wifi_BLE_SDK/GD32VW55x_RELEASE_V1.0.2/MSDK/lwip/libcoap-4.3.4/src\coap_mem.c **** }
 476:C:/Users/stapi/OneDrive/Desktop/GD32VW553/GD32VW55X_Wifi_BLE_SDK/GD32VW55x_RELEASE_V1.0.2/MSDK/lwip/libcoap-4.3.4/src\coap_mem.c **** 
 477:C:/Users/stapi/OneDrive/Desktop/GD32VW553/GD32VW55X_Wifi_BLE_SDK/GD32VW55x_RELEASE_V1.0.2/MSDK/lwip/libcoap-4.3.4/src\coap_mem.c **** void
 478:C:/Users/stapi/OneDrive/Desktop/GD32VW553/GD32VW55X_Wifi_BLE_SDK/GD32VW55x_RELEASE_V1.0.2/MSDK/lwip/libcoap-4.3.4/src\coap_mem.c **** coap_free_type(coap_memory_tag_t type, void *p) {
  70              		.loc 1 478 49 is_stmt 1
  71              		.cfi_startproc
  72              	.LVL7:
 479:C:/Users/stapi/OneDrive/Desktop/GD32VW553/GD32VW55X_Wifi_BLE_SDK/GD32VW55x_RELEASE_V1.0.2/MSDK/lwip/libcoap-4.3.4/src\coap_mem.c ****   (void)type;
  73              		.loc 1 479 3
 480:C:/Users/stapi/OneDrive/Desktop/GD32VW553/GD32VW55X_Wifi_BLE_SDK/GD32VW55x_RELEASE_V1.0.2/MSDK/lwip/libcoap-4.3.4/src\coap_mem.c ****   sys_mfree(p);
  74              		.loc 1 480 3
  75 0000 2E85     		mv	a0,a1
  76              	.LVL8:
  77 0002 17030000 		tail	sys_mfree
  77      67000300 
  78              	.LVL9:
  79              		.cfi_endproc
  80              	.LFE34:
  82              		.text
  83              	.Letext0:
  84              		.file 2 "c:\\users\\stapi\\onedrive\\desktop\\gd32vw553\\embeddedbuilder_v1.4.7.26843\\tools\\nucl
  85              		.file 3 "..\\..\\..\\..\\lwip\\libcoap-4.3.4\\include/coap3/coap_mem.h"
  86              		.file 4 "..\\..\\..\\..\\rtos\\rtos_wrapper/wrapper_os.h"
DEFINED SYMBOLS
                            *ABS*:0000000000000000 coap_mem.c
C:\Users\stapi\AppData\Local\Temp\ccSiBzKi.s:13     .text.coap_memory_init:0000000000000000 coap_memory_init
C:\Users\stapi\AppData\Local\Temp\ccSiBzKi.s:17     .text.coap_memory_init:0000000000000000 .L0 
C:\Users\stapi\AppData\Local\Temp\ccSiBzKi.s:18     .text.coap_memory_init:0000000000000000 .L0 
C:\Users\stapi\AppData\Local\Temp\ccSiBzKi.s:19     .text.coap_memory_init:0000000000000000 .L0 
C:\Users\stapi\AppData\Local\Temp\ccSiBzKi.s:20     .text.coap_memory_init:0000000000000002 .L0 
C:\Users\stapi\AppData\Local\Temp\ccSiBzKi.s:27     .text.coap_malloc_type:0000000000000000 coap_malloc_type
C:\Users\stapi\AppData\Local\Temp\ccSiBzKi.s:30     .text.coap_malloc_type:0000000000000000 .L0 
C:\Users\stapi\AppData\Local\Temp\ccSiBzKi.s:32     .text.coap_malloc_type:0000000000000000 .L0 
C:\Users\stapi\AppData\Local\Temp\ccSiBzKi.s:33     .text.coap_malloc_type:0000000000000000 .L0 
C:\Users\stapi\AppData\Local\Temp\ccSiBzKi.s:34     .text.coap_malloc_type:0000000000000000 .L0 
C:\Users\stapi\AppData\Local\Temp\ccSiBzKi.s:35     .text.coap_malloc_type:0000000000000000 .L0 
C:\Users\stapi\AppData\Local\Temp\ccSiBzKi.s:39     .text.coap_malloc_type:000000000000000a .L0 
C:\Users\stapi\AppData\Local\Temp\ccSiBzKi.s:46     .text.coap_realloc_type:0000000000000000 coap_realloc_type
C:\Users\stapi\AppData\Local\Temp\ccSiBzKi.s:49     .text.coap_realloc_type:0000000000000000 .L0 
C:\Users\stapi\AppData\Local\Temp\ccSiBzKi.s:51     .text.coap_realloc_type:0000000000000000 .L0 
C:\Users\stapi\AppData\Local\Temp\ccSiBzKi.s:52     .text.coap_realloc_type:0000000000000000 .L0 
C:\Users\stapi\AppData\Local\Temp\ccSiBzKi.s:53     .text.coap_realloc_type:0000000000000000 .L0 
C:\Users\stapi\AppData\Local\Temp\ccSiBzKi.s:54     .text.coap_realloc_type:0000000000000000 .L0 
C:\Users\stapi\AppData\Local\Temp\ccSiBzKi.s:57     .text.coap_realloc_type:0000000000000002 .L0 
C:\Users\stapi\AppData\Local\Temp\ccSiBzKi.s:61     .text.coap_realloc_type:000000000000000c .L0 
C:\Users\stapi\AppData\Local\Temp\ccSiBzKi.s:68     .text.coap_free_type:0000000000000000 coap_free_type
C:\Users\stapi\AppData\Local\Temp\ccSiBzKi.s:71     .text.coap_free_type:0000000000000000 .L0 
C:\Users\stapi\AppData\Local\Temp\ccSiBzKi.s:73     .text.coap_free_type:0000000000000000 .L0 
C:\Users\stapi\AppData\Local\Temp\ccSiBzKi.s:74     .text.coap_free_type:0000000000000000 .L0 
C:\Users\stapi\AppData\Local\Temp\ccSiBzKi.s:75     .text.coap_free_type:0000000000000000 .L0 
C:\Users\stapi\AppData\Local\Temp\ccSiBzKi.s:79     .text.coap_free_type:000000000000000a .L0 
C:\Users\stapi\AppData\Local\Temp\ccSiBzKi.s:23     .text.coap_memory_init:0000000000000002 .L0 
C:\Users\stapi\AppData\Local\Temp\ccSiBzKi.s:42     .text.coap_malloc_type:000000000000000a .L0 
C:\Users\stapi\AppData\Local\Temp\ccSiBzKi.s:64     .text.coap_realloc_type:000000000000000c .L0 
C:\Users\stapi\AppData\Local\Temp\ccSiBzKi.s:82     .text.coap_free_type:000000000000000a .L0 
                     .debug_frame:0000000000000000 .L0 
C:\Users\stapi\AppData\Local\Temp\ccSiBzKi.s:408    .debug_abbrev:0000000000000000 .Ldebug_abbrev0
C:\Users\stapi\AppData\Local\Temp\ccSiBzKi.s:856    .debug_str:00000000000002ac .LASF48
C:\Users\stapi\AppData\Local\Temp\ccSiBzKi.s:812    .debug_str:000000000000008f .LASF49
C:\Users\stapi\AppData\Local\Temp\ccSiBzKi.s:822    .debug_str:0000000000000152 .LASF50
C:\Users\stapi\AppData\Local\Temp\ccSiBzKi.s:778    .debug_ranges:0000000000000000 .Ldebug_ranges0
C:\Users\stapi\AppData\Local\Temp\ccSiBzKi.s:790    .debug_line:0000000000000000 .Ldebug_line0
C:\Users\stapi\AppData\Local\Temp\ccSiBzKi.s:884    .debug_str:000000000000044b .LASF0
C:\Users\stapi\AppData\Local\Temp\ccSiBzKi.s:818    .debug_str:0000000000000134 .LASF1
C:\Users\stapi\AppData\Local\Temp\ccSiBzKi.s:872    .debug_str:0000000000000409 .LASF2
C:\Users\stapi\AppData\Local\Temp\ccSiBzKi.s:804    .debug_str:000000000000004e .LASF3
C:\Users\stapi\AppData\Local\Temp\ccSiBzKi.s:878    .debug_str:0000000000000427 .LASF4
C:\Users\stapi\AppData\Local\Temp\ccSiBzKi.s:826    .debug_str:00000000000001dd .LASF5
C:\Users\stapi\AppData\Local\Temp\ccSiBzKi.s:862    .debug_str:00000000000003c4 .LASF6
C:\Users\stapi\AppData\Local\Temp\ccSiBzKi.s:814    .debug_str:0000000000000110 .LASF7
C:\Users\stapi\AppData\Local\Temp\ccSiBzKi.s:850    .debug_str:000000000000028a .LASF8
C:\Users\stapi\AppData\Local\Temp\ccSiBzKi.s:794    .debug_str:0000000000000012 .LASF39
C:\Users\stapi\AppData\Local\Temp\ccSiBzKi.s:854    .debug_str:00000000000002a7 .LASF9
C:\Users\stapi\AppData\Local\Temp\ccSiBzKi.s:810    .debug_str:0000000000000083 .LASF10
C:\Users\stapi\AppData\Local\Temp\ccSiBzKi.s:886    .debug_str:0000000000000457 .LASF11
C:\Users\stapi\AppData\Local\Temp\ccSiBzKi.s:838    .debug_str:0000000000000230 .LASF12
C:\Users\stapi\AppData\Local\Temp\ccSiBzKi.s:846    .debug_str:000000000000026d .LASF13
C:\Users\stapi\AppData\Local\Temp\ccSiBzKi.s:844    .debug_str:0000000000000263 .LASF14
C:\Users\stapi\AppData\Local\Temp\ccSiBzKi.s:824    .debug_str:00000000000001d0 .LASF15
C:\Users\stapi\AppData\Local\Temp\ccSiBzKi.s:834    .debug_str:0000000000000218 .LASF16
C:\Users\stapi\AppData\Local\Temp\ccSiBzKi.s:874    .debug_str:0000000000000413 .LASF17
C:\Users\stapi\AppData\Local\Temp\ccSiBzKi.s:830    .debug_str:00000000000001fc .LASF18
C:\Users\stapi\AppData\Local\Temp\ccSiBzKi.s:800    .debug_str:0000000000000033 .LASF19
C:\Users\stapi\AppData\Local\Temp\ccSiBzKi.s:894    .debug_str:0000000000000494 .LASF20
C:\Users\stapi\AppData\Local\Temp\ccSiBzKi.s:890    .debug_str:0000000000000470 .LASF21
C:\Users\stapi\AppData\Local\Temp\ccSiBzKi.s:816    .debug_str:0000000000000127 .LASF22
C:\Users\stapi\AppData\Local\Temp\ccSiBzKi.s:802    .debug_str:0000000000000041 .LASF23
C:\Users\stapi\AppData\Local\Temp\ccSiBzKi.s:882    .debug_str:000000000000043c .LASF24
C:\Users\stapi\AppData\Local\Temp\ccSiBzKi.s:840    .debug_str:0000000000000245 .LASF25
C:\Users\stapi\AppData\Local\Temp\ccSiBzKi.s:842    .debug_str:0000000000000256 .LASF26
C:\Users\stapi\AppData\Local\Temp\ccSiBzKi.s:828    .debug_str:00000000000001ef .LASF27
C:\Users\stapi\AppData\Local\Temp\ccSiBzKi.s:896    .debug_str:00000000000004a6 .LASF28
C:\Users\stapi\AppData\Local\Temp\ccSiBzKi.s:798    .debug_str:0000000000000023 .LASF29
C:\Users\stapi\AppData\Local\Temp\ccSiBzKi.s:792    .debug_str:0000000000000000 .LASF30
C:\Users\stapi\AppData\Local\Temp\ccSiBzKi.s:892    .debug_str:0000000000000482 .LASF31
C:\Users\stapi\AppData\Local\Temp\ccSiBzKi.s:820    .debug_str:0000000000000142 .LASF32
C:\Users\stapi\AppData\Local\Temp\ccSiBzKi.s:852    .debug_str:0000000000000297 .LASF33
C:\Users\stapi\AppData\Local\Temp\ccSiBzKi.s:806    .debug_str:0000000000000061 .LASF34
C:\Users\stapi\AppData\Local\Temp\ccSiBzKi.s:832    .debug_str:0000000000000209 .LASF35
C:\Users\stapi\AppData\Local\Temp\ccSiBzKi.s:868    .debug_str:00000000000003e9 .LASF36
C:\Users\stapi\AppData\Local\Temp\ccSiBzKi.s:860    .debug_str:00000000000003b4 .LASF37
C:\Users\stapi\AppData\Local\Temp\ccSiBzKi.s:796    .debug_str:0000000000000019 .LASF38
C:\Users\stapi\AppData\Local\Temp\ccSiBzKi.s:808    .debug_str:0000000000000071 .LASF40
C:\Users\stapi\AppData\Local\Temp\ccSiBzKi.s:858    .debug_str:00000000000003a5 .LASF51
C:\Users\stapi\AppData\Local\Temp\ccSiBzKi.s:69     .text.coap_free_type:0000000000000000 .LFB34
C:\Users\stapi\AppData\Local\Temp\ccSiBzKi.s:80     .text.coap_free_type:000000000000000a .LFE34
C:\Users\stapi\AppData\Local\Temp\ccSiBzKi.s:866    .debug_str:00000000000003e4 .LASF41
C:\Users\stapi\AppData\Local\Temp\ccSiBzKi.s:657    .debug_loc:0000000000000000 .LLST5
C:\Users\stapi\AppData\Local\Temp\ccSiBzKi.s:671    .debug_loc:0000000000000021 .LLST6
C:\Users\stapi\AppData\Local\Temp\ccSiBzKi.s:78     .text.coap_free_type:000000000000000a .LVL9
C:\Users\stapi\AppData\Local\Temp\ccSiBzKi.s:864    .debug_str:00000000000003d2 .LASF43
C:\Users\stapi\AppData\Local\Temp\ccSiBzKi.s:47     .text.coap_realloc_type:0000000000000000 .LFB33
C:\Users\stapi\AppData\Local\Temp\ccSiBzKi.s:62     .text.coap_realloc_type:000000000000000c .LFE33
C:\Users\stapi\AppData\Local\Temp\ccSiBzKi.s:685    .debug_loc:0000000000000042 .LLST2
C:\Users\stapi\AppData\Local\Temp\ccSiBzKi.s:699    .debug_loc:0000000000000063 .LLST3
C:\Users\stapi\AppData\Local\Temp\ccSiBzKi.s:888    .debug_str:000000000000046b .LASF42
C:\Users\stapi\AppData\Local\Temp\ccSiBzKi.s:717    .debug_loc:000000000000008f .LLST4
C:\Users\stapi\AppData\Local\Temp\ccSiBzKi.s:60     .text.coap_realloc_type:000000000000000c .LVL6
C:\Users\stapi\AppData\Local\Temp\ccSiBzKi.s:870    .debug_str:00000000000003f8 .LASF44
C:\Users\stapi\AppData\Local\Temp\ccSiBzKi.s:28     .text.coap_malloc_type:0000000000000000 .LFB32
C:\Users\stapi\AppData\Local\Temp\ccSiBzKi.s:40     .text.coap_malloc_type:000000000000000a .LFE32
C:\Users\stapi\AppData\Local\Temp\ccSiBzKi.s:731    .debug_loc:00000000000000b0 .LLST0
C:\Users\stapi\AppData\Local\Temp\ccSiBzKi.s:745    .debug_loc:00000000000000d1 .LLST1
C:\Users\stapi\AppData\Local\Temp\ccSiBzKi.s:38     .text.coap_malloc_type:000000000000000a .LVL2
C:\Users\stapi\AppData\Local\Temp\ccSiBzKi.s:848    .debug_str:0000000000000279 .LASF52
C:\Users\stapi\AppData\Local\Temp\ccSiBzKi.s:14     .text.coap_memory_init:0000000000000000 .LFB31
C:\Users\stapi\AppData\Local\Temp\ccSiBzKi.s:21     .text.coap_memory_init:0000000000000002 .LFE31
C:\Users\stapi\AppData\Local\Temp\ccSiBzKi.s:836    .debug_str:0000000000000226 .LASF45
C:\Users\stapi\AppData\Local\Temp\ccSiBzKi.s:880    .debug_str:0000000000000430 .LASF46
C:\Users\stapi\AppData\Local\Temp\ccSiBzKi.s:876    .debug_str:000000000000041c .LASF47
C:\Users\stapi\AppData\Local\Temp\ccSiBzKi.s:72     .text.coap_free_type:0000000000000000 .LVL7
C:\Users\stapi\AppData\Local\Temp\ccSiBzKi.s:76     .text.coap_free_type:0000000000000002 .LVL8
C:\Users\stapi\AppData\Local\Temp\ccSiBzKi.s:50     .text.coap_realloc_type:0000000000000000 .LVL3
C:\Users\stapi\AppData\Local\Temp\ccSiBzKi.s:55     .text.coap_realloc_type:0000000000000002 .LVL4
C:\Users\stapi\AppData\Local\Temp\ccSiBzKi.s:58     .text.coap_realloc_type:0000000000000004 .LVL5
C:\Users\stapi\AppData\Local\Temp\ccSiBzKi.s:31     .text.coap_malloc_type:0000000000000000 .LVL0
C:\Users\stapi\AppData\Local\Temp\ccSiBzKi.s:36     .text.coap_malloc_type:0000000000000002 .LVL1
C:\Users\stapi\AppData\Local\Temp\ccSiBzKi.s:88     .debug_info:0000000000000000 .Ldebug_info0

UNDEFINED SYMBOLS
sys_malloc
sys_realloc
sys_mfree
