   1              		.file	"coap_event.c"
   2              		.option nopic
   3              		.attribute arch, "rv32i2p0_m2p0_a2p0_f2p0_c2p0_b_p0p94"
   4              		.attribute unaligned_access, 0
   5              		.attribute stack_align, 16
   6              		.text
   7              	.Ltext0:
   8              		.cfi_sections	.debug_frame
   9              		.section	.text.coap_register_event_handler,"ax",@progbits
  10              		.align	1
  11              		.globl	coap_register_event_handler
  13              	coap_register_event_handler:
  14              	.LFB31:
  15              		.file 1 "C:/Users/stapi/OneDrive/Desktop/GD32VW553/V1_MQTT_OK/GD32VW55X_Wifi_BLE_SDK/GD32VW55x_REL
   1:C:/Users/stapi/OneDrive/Desktop/GD32VW553/V1_MQTT_OK/GD32VW55X_Wifi_BLE_SDK/GD32VW55x_RELEASE_V1.0.2/MSDK/lwip/libcoap-4.3.4/src\coap_event.c **** /*
   2:C:/Users/stapi/OneDrive/Desktop/GD32VW553/V1_MQTT_OK/GD32VW55X_Wifi_BLE_SDK/GD32VW55x_RELEASE_V1.0.2/MSDK/lwip/libcoap-4.3.4/src\coap_event.c ****  * coap_event.c -- libcoap Event API
   3:C:/Users/stapi/OneDrive/Desktop/GD32VW553/V1_MQTT_OK/GD32VW55X_Wifi_BLE_SDK/GD32VW55x_RELEASE_V1.0.2/MSDK/lwip/libcoap-4.3.4/src\coap_event.c ****  *
   4:C:/Users/stapi/OneDrive/Desktop/GD32VW553/V1_MQTT_OK/GD32VW55X_Wifi_BLE_SDK/GD32VW55x_RELEASE_V1.0.2/MSDK/lwip/libcoap-4.3.4/src\coap_event.c ****  * Copyright (C) 2016 Olaf Bergmann <bergmann@tzi.org>
   5:C:/Users/stapi/OneDrive/Desktop/GD32VW553/V1_MQTT_OK/GD32VW55X_Wifi_BLE_SDK/GD32VW55x_RELEASE_V1.0.2/MSDK/lwip/libcoap-4.3.4/src\coap_event.c ****  *
   6:C:/Users/stapi/OneDrive/Desktop/GD32VW553/V1_MQTT_OK/GD32VW55X_Wifi_BLE_SDK/GD32VW55x_RELEASE_V1.0.2/MSDK/lwip/libcoap-4.3.4/src\coap_event.c ****  * SPDX-License-Identifier: BSD-2-Clause
   7:C:/Users/stapi/OneDrive/Desktop/GD32VW553/V1_MQTT_OK/GD32VW55X_Wifi_BLE_SDK/GD32VW55x_RELEASE_V1.0.2/MSDK/lwip/libcoap-4.3.4/src\coap_event.c ****  *
   8:C:/Users/stapi/OneDrive/Desktop/GD32VW553/V1_MQTT_OK/GD32VW55X_Wifi_BLE_SDK/GD32VW55x_RELEASE_V1.0.2/MSDK/lwip/libcoap-4.3.4/src\coap_event.c ****  * This file is part of the CoAP library libcoap. Please see README for terms
   9:C:/Users/stapi/OneDrive/Desktop/GD32VW553/V1_MQTT_OK/GD32VW55X_Wifi_BLE_SDK/GD32VW55x_RELEASE_V1.0.2/MSDK/lwip/libcoap-4.3.4/src\coap_event.c ****  * of use.
  10:C:/Users/stapi/OneDrive/Desktop/GD32VW553/V1_MQTT_OK/GD32VW55X_Wifi_BLE_SDK/GD32VW55x_RELEASE_V1.0.2/MSDK/lwip/libcoap-4.3.4/src\coap_event.c ****  */
  11:C:/Users/stapi/OneDrive/Desktop/GD32VW553/V1_MQTT_OK/GD32VW55X_Wifi_BLE_SDK/GD32VW55x_RELEASE_V1.0.2/MSDK/lwip/libcoap-4.3.4/src\coap_event.c **** 
  12:C:/Users/stapi/OneDrive/Desktop/GD32VW553/V1_MQTT_OK/GD32VW55X_Wifi_BLE_SDK/GD32VW55x_RELEASE_V1.0.2/MSDK/lwip/libcoap-4.3.4/src\coap_event.c **** /**
  13:C:/Users/stapi/OneDrive/Desktop/GD32VW553/V1_MQTT_OK/GD32VW55X_Wifi_BLE_SDK/GD32VW55x_RELEASE_V1.0.2/MSDK/lwip/libcoap-4.3.4/src\coap_event.c ****  * @file coap_event.c
  14:C:/Users/stapi/OneDrive/Desktop/GD32VW553/V1_MQTT_OK/GD32VW55X_Wifi_BLE_SDK/GD32VW55x_RELEASE_V1.0.2/MSDK/lwip/libcoap-4.3.4/src\coap_event.c ****  * @brief Event handling
  15:C:/Users/stapi/OneDrive/Desktop/GD32VW553/V1_MQTT_OK/GD32VW55X_Wifi_BLE_SDK/GD32VW55x_RELEASE_V1.0.2/MSDK/lwip/libcoap-4.3.4/src\coap_event.c ****  */
  16:C:/Users/stapi/OneDrive/Desktop/GD32VW553/V1_MQTT_OK/GD32VW55X_Wifi_BLE_SDK/GD32VW55x_RELEASE_V1.0.2/MSDK/lwip/libcoap-4.3.4/src\coap_event.c **** 
  17:C:/Users/stapi/OneDrive/Desktop/GD32VW553/V1_MQTT_OK/GD32VW55X_Wifi_BLE_SDK/GD32VW55x_RELEASE_V1.0.2/MSDK/lwip/libcoap-4.3.4/src\coap_event.c **** #include "coap3/coap_internal.h"
  18:C:/Users/stapi/OneDrive/Desktop/GD32VW553/V1_MQTT_OK/GD32VW55X_Wifi_BLE_SDK/GD32VW55x_RELEASE_V1.0.2/MSDK/lwip/libcoap-4.3.4/src\coap_event.c **** 
  19:C:/Users/stapi/OneDrive/Desktop/GD32VW553/V1_MQTT_OK/GD32VW55X_Wifi_BLE_SDK/GD32VW55x_RELEASE_V1.0.2/MSDK/lwip/libcoap-4.3.4/src\coap_event.c **** /*
  20:C:/Users/stapi/OneDrive/Desktop/GD32VW553/V1_MQTT_OK/GD32VW55X_Wifi_BLE_SDK/GD32VW55x_RELEASE_V1.0.2/MSDK/lwip/libcoap-4.3.4/src\coap_event.c ****  * This replaces coap_set_event_handler() so that handler registration is
  21:C:/Users/stapi/OneDrive/Desktop/GD32VW553/V1_MQTT_OK/GD32VW55X_Wifi_BLE_SDK/GD32VW55x_RELEASE_V1.0.2/MSDK/lwip/libcoap-4.3.4/src\coap_event.c ****  * consistent in the naming.
  22:C:/Users/stapi/OneDrive/Desktop/GD32VW553/V1_MQTT_OK/GD32VW55X_Wifi_BLE_SDK/GD32VW55x_RELEASE_V1.0.2/MSDK/lwip/libcoap-4.3.4/src\coap_event.c ****  */
  23:C:/Users/stapi/OneDrive/Desktop/GD32VW553/V1_MQTT_OK/GD32VW55X_Wifi_BLE_SDK/GD32VW55x_RELEASE_V1.0.2/MSDK/lwip/libcoap-4.3.4/src\coap_event.c **** void
  24:C:/Users/stapi/OneDrive/Desktop/GD32VW553/V1_MQTT_OK/GD32VW55X_Wifi_BLE_SDK/GD32VW55x_RELEASE_V1.0.2/MSDK/lwip/libcoap-4.3.4/src\coap_event.c **** coap_register_event_handler(coap_context_t *context,
  25:C:/Users/stapi/OneDrive/Desktop/GD32VW553/V1_MQTT_OK/GD32VW55X_Wifi_BLE_SDK/GD32VW55x_RELEASE_V1.0.2/MSDK/lwip/libcoap-4.3.4/src\coap_event.c ****                             coap_event_handler_t hnd) {
  16              		.loc 1 25 55
  17              		.cfi_startproc
  18              	.LVL0:
  26:C:/Users/stapi/OneDrive/Desktop/GD32VW553/V1_MQTT_OK/GD32VW55X_Wifi_BLE_SDK/GD32VW55x_RELEASE_V1.0.2/MSDK/lwip/libcoap-4.3.4/src\coap_event.c ****   context->handle_event = hnd;
  19              		.loc 1 26 3
  20              		.loc 1 26 25 is_stmt 0
  21 0000 2CD5     		sw	a1,104(a0)
  27:C:/Users/stapi/OneDrive/Desktop/GD32VW553/V1_MQTT_OK/GD32VW55X_Wifi_BLE_SDK/GD32VW55x_RELEASE_V1.0.2/MSDK/lwip/libcoap-4.3.4/src\coap_event.c **** }
  22              		.loc 1 27 1
  23 0002 8280     		ret
  24              		.cfi_endproc
  25              	.LFE31:
  27              		.section	.text.coap_set_event_handler,"ax",@progbits
  28              		.align	1
  29              		.globl	coap_set_event_handler
  31              	coap_set_event_handler:
  32              	.LFB35:
  33              		.cfi_startproc
  34 0000 2CD5     		sw	a1,104(a0)
  35 0002 8280     		ret
  36              		.cfi_endproc
  37              	.LFE35:
  39              		.section	.text.coap_clear_event_handler,"ax",@progbits
  40              		.align	1
  41              		.globl	coap_clear_event_handler
  43              	coap_clear_event_handler:
  44              	.LFB33:
  28:C:/Users/stapi/OneDrive/Desktop/GD32VW553/V1_MQTT_OK/GD32VW55X_Wifi_BLE_SDK/GD32VW55x_RELEASE_V1.0.2/MSDK/lwip/libcoap-4.3.4/src\coap_event.c **** 
  29:C:/Users/stapi/OneDrive/Desktop/GD32VW553/V1_MQTT_OK/GD32VW55X_Wifi_BLE_SDK/GD32VW55x_RELEASE_V1.0.2/MSDK/lwip/libcoap-4.3.4/src\coap_event.c **** void
  30:C:/Users/stapi/OneDrive/Desktop/GD32VW553/V1_MQTT_OK/GD32VW55X_Wifi_BLE_SDK/GD32VW55x_RELEASE_V1.0.2/MSDK/lwip/libcoap-4.3.4/src\coap_event.c **** coap_set_event_handler(coap_context_t *context,
  31:C:/Users/stapi/OneDrive/Desktop/GD32VW553/V1_MQTT_OK/GD32VW55X_Wifi_BLE_SDK/GD32VW55x_RELEASE_V1.0.2/MSDK/lwip/libcoap-4.3.4/src\coap_event.c ****                        coap_event_handler_t hnd) {
  32:C:/Users/stapi/OneDrive/Desktop/GD32VW553/V1_MQTT_OK/GD32VW55X_Wifi_BLE_SDK/GD32VW55x_RELEASE_V1.0.2/MSDK/lwip/libcoap-4.3.4/src\coap_event.c ****   context->handle_event = hnd;
  33:C:/Users/stapi/OneDrive/Desktop/GD32VW553/V1_MQTT_OK/GD32VW55X_Wifi_BLE_SDK/GD32VW55x_RELEASE_V1.0.2/MSDK/lwip/libcoap-4.3.4/src\coap_event.c **** }
  34:C:/Users/stapi/OneDrive/Desktop/GD32VW553/V1_MQTT_OK/GD32VW55X_Wifi_BLE_SDK/GD32VW55x_RELEASE_V1.0.2/MSDK/lwip/libcoap-4.3.4/src\coap_event.c **** 
  35:C:/Users/stapi/OneDrive/Desktop/GD32VW553/V1_MQTT_OK/GD32VW55X_Wifi_BLE_SDK/GD32VW55x_RELEASE_V1.0.2/MSDK/lwip/libcoap-4.3.4/src\coap_event.c **** void
  36:C:/Users/stapi/OneDrive/Desktop/GD32VW553/V1_MQTT_OK/GD32VW55X_Wifi_BLE_SDK/GD32VW55x_RELEASE_V1.0.2/MSDK/lwip/libcoap-4.3.4/src\coap_event.c **** coap_clear_event_handler(coap_context_t *context) {
  45              		.loc 1 36 51 is_stmt 1
  46              		.cfi_startproc
  47              	.LVL1:
  37:C:/Users/stapi/OneDrive/Desktop/GD32VW553/V1_MQTT_OK/GD32VW55X_Wifi_BLE_SDK/GD32VW55x_RELEASE_V1.0.2/MSDK/lwip/libcoap-4.3.4/src\coap_event.c ****   context->handle_event = NULL;
  48              		.loc 1 37 3
  49              		.loc 1 37 25 is_stmt 0
  50 0000 23240506 		sw	zero,104(a0)
  38:C:/Users/stapi/OneDrive/Desktop/GD32VW553/V1_MQTT_OK/GD32VW55X_Wifi_BLE_SDK/GD32VW55x_RELEASE_V1.0.2/MSDK/lwip/libcoap-4.3.4/src\coap_event.c **** }
  51              		.loc 1 38 1
  52 0004 8280     		ret
  53              		.cfi_endproc
  54              	.LFE33:
  56              		.text
  57              	.Letext0:
  58              		.file 2 "c:\\users\\stapi\\onedrive\\desktop\\gd32vw553\\embeddedbuilder_v1.4.7.26843\\tools\\nucl
  59              		.file 3 "c:\\users\\stapi\\onedrive\\desktop\\gd32vw553\\embeddedbuilder_v1.4.7.26843\\tools\\nucl
  60              		.file 4 "c:\\users\\stapi\\onedrive\\desktop\\gd32vw553\\embeddedbuilder_v1.4.7.26843\\tools\\nucl
  61              		.file 5 "c:\\users\\stapi\\onedrive\\desktop\\gd32vw553\\embeddedbuilder_v1.4.7.26843\\tools\\nucl
  62              		.file 6 "c:\\users\\stapi\\onedrive\\desktop\\gd32vw553\\embeddedbuilder_v1.4.7.26843\\tools\\nucl
  63              		.file 7 "..\\..\\..\\..\\lwip\\lwip-2.1.2\\src\\include/lwip/arch.h"
  64              		.file 8 "..\\..\\..\\..\\lwip\\libcoap-4.3.4\\include/coap3/coap_forward_decls.h"
  65              		.file 9 "..\\..\\..\\..\\lwip\\libcoap-4.3.4\\include/coap3/coap_address.h"
  66              		.file 10 "..\\..\\..\\..\\lwip\\libcoap-4.3.4\\include/coap3/coap_async_internal.h"
  67              		.file 11 "..\\..\\..\\..\\lwip\\libcoap-4.3.4\\include/coap3/coap_block_internal.h"
  68              		.file 12 "..\\..\\..\\..\\lwip\\libcoap-4.3.4\\include/coap3/coap_cache_internal.h"
  69              		.file 13 "..\\..\\..\\..\\lwip\\libcoap-4.3.4\\include/coap3/coap_io_internal.h"
  70              		.file 14 "..\\..\\..\\..\\lwip\\libcoap-4.3.4\\include/coap3/coap_net_internal.h"
  71              		.file 15 "..\\..\\..\\..\\lwip\\libcoap-4.3.4\\include/coap3/coap_pdu_internal.h"
  72              		.file 16 "..\\..\\..\\..\\lwip\\libcoap-4.3.4\\include/coap3/coap_resource_internal.h"
  73              		.file 17 "..\\..\\..\\..\\lwip\\libcoap-4.3.4\\include/coap3/coap_session_internal.h"
  74              		.file 18 "..\\..\\..\\..\\lwip\\libcoap-4.3.4\\include/coap3/coap_subscribe_internal.h"
  75              		.file 19 "..\\..\\..\\..\\lwip\\libcoap-4.3.4\\include/coap3/coap_option.h"
  76              		.file 20 "..\\..\\..\\..\\lwip\\libcoap-4.3.4\\include/coap3/coap_str.h"
  77              		.file 21 "..\\..\\..\\..\\lwip\\lwip-2.1.2\\src\\include/lwip/pbuf.h"
  78              		.file 22 "..\\..\\..\\..\\lwip\\libcoap-4.3.4\\include/coap3/coap_pdu.h"
  79              		.file 23 "..\\..\\..\\..\\lwip\\lwip-2.1.2\\src\\include/lwip/ip4_addr.h"
  80              		.file 24 "..\\..\\..\\..\\lwip\\lwip-2.1.2\\src\\include/lwip/ip_addr.h"
  81              		.file 25 "..\\..\\..\\..\\lwip\\lwip-2.1.2\\src\\include/lwip/sockets.h"
  82              		.file 26 "..\\..\\..\\..\\lwip\\libcoap-4.3.4\\include/coap3/coap_io.h"
  83              		.file 27 "..\\..\\..\\..\\lwip\\libcoap-4.3.4\\include/coap3/coap_time.h"
  84              		.file 28 "..\\..\\..\\..\\lwip\\libcoap-4.3.4\\include/coap3/coap_dtls.h"
  85              		.file 29 "..\\..\\..\\..\\lwip\\libcoap-4.3.4\\include/coap3/coap_event.h"
  86              		.file 30 "..\\..\\..\\..\\lwip\\libcoap-4.3.4\\include/coap3/coap_session.h"
  87              		.file 31 "..\\..\\..\\..\\lwip\\libcoap-4.3.4\\include/coap3/coap_net.h"
  88              		.file 32 "..\\..\\..\\..\\lwip\\libcoap-4.3.4\\include/coap3/coap_block.h"
  89              		.file 33 "..\\..\\..\\..\\lwip\\libcoap-4.3.4\\include/coap3/coap_cache.h"
  90              		.file 34 "..\\..\\..\\..\\lwip\\libcoap-4.3.4\\include/coap3/coap_resource.h"
  91              		.file 35 "..\\..\\..\\..\\lwip\\libcoap-4.3.4\\include/coap3/coap_subscribe.h"
  92              		.file 36 "..\\..\\..\\..\\lwip\\libcoap-4.3.4\\include/coap3/coap_uthash_internal.h"
  93              		.file 37 "..\\..\\..\\..\\lwip\\libcoap-4.3.4\\include/coap3/coap_layers_internal.h"
DEFINED SYMBOLS
                            *ABS*:0000000000000000 coap_event.c
C:\Users\stapi\AppData\Local\Temp\ccVrAbSj.s:13     .text.coap_register_event_handler:0000000000000000 coap_register_event_handler
C:\Users\stapi\AppData\Local\Temp\ccVrAbSj.s:17     .text.coap_register_event_handler:0000000000000000 .L0 
C:\Users\stapi\AppData\Local\Temp\ccVrAbSj.s:19     .text.coap_register_event_handler:0000000000000000 .L0 
C:\Users\stapi\AppData\Local\Temp\ccVrAbSj.s:20     .text.coap_register_event_handler:0000000000000000 .L0 
C:\Users\stapi\AppData\Local\Temp\ccVrAbSj.s:21     .text.coap_register_event_handler:0000000000000000 .L0 
C:\Users\stapi\AppData\Local\Temp\ccVrAbSj.s:23     .text.coap_register_event_handler:0000000000000002 .L0 
C:\Users\stapi\AppData\Local\Temp\ccVrAbSj.s:24     .text.coap_register_event_handler:0000000000000004 .L0 
C:\Users\stapi\AppData\Local\Temp\ccVrAbSj.s:31     .text.coap_set_event_handler:0000000000000000 coap_set_event_handler
C:\Users\stapi\AppData\Local\Temp\ccVrAbSj.s:33     .text.coap_set_event_handler:0000000000000000 .L0 
C:\Users\stapi\AppData\Local\Temp\ccVrAbSj.s:36     .text.coap_set_event_handler:0000000000000004 .L0 
C:\Users\stapi\AppData\Local\Temp\ccVrAbSj.s:43     .text.coap_clear_event_handler:0000000000000000 coap_clear_event_handler
C:\Users\stapi\AppData\Local\Temp\ccVrAbSj.s:46     .text.coap_clear_event_handler:0000000000000000 .L0 
C:\Users\stapi\AppData\Local\Temp\ccVrAbSj.s:48     .text.coap_clear_event_handler:0000000000000000 .L0 
C:\Users\stapi\AppData\Local\Temp\ccVrAbSj.s:49     .text.coap_clear_event_handler:0000000000000000 .L0 
C:\Users\stapi\AppData\Local\Temp\ccVrAbSj.s:50     .text.coap_clear_event_handler:0000000000000000 .L0 
C:\Users\stapi\AppData\Local\Temp\ccVrAbSj.s:52     .text.coap_clear_event_handler:0000000000000004 .L0 
C:\Users\stapi\AppData\Local\Temp\ccVrAbSj.s:53     .text.coap_clear_event_handler:0000000000000006 .L0 
C:\Users\stapi\AppData\Local\Temp\ccVrAbSj.s:27     .text.coap_register_event_handler:0000000000000004 .L0 
C:\Users\stapi\AppData\Local\Temp\ccVrAbSj.s:56     .text.coap_clear_event_handler:0000000000000006 .L0 
                     .debug_frame:0000000000000000 .L0 
C:\Users\stapi\AppData\Local\Temp\ccVrAbSj.s:4340   .debug_abbrev:0000000000000000 .Ldebug_abbrev0
C:\Users\stapi\AppData\Local\Temp\ccVrAbSj.s:5321   .debug_str:0000000000000b2a .LASF440
C:\Users\stapi\AppData\Local\Temp\ccVrAbSj.s:5229   .debug_str:00000000000007fe .LASF441
C:\Users\stapi\AppData\Local\Temp\ccVrAbSj.s:5157   .debug_str:000000000000055f .LASF442
C:\Users\stapi\AppData\Local\Temp\ccVrAbSj.s:4955   .debug_ranges:0000000000000000 .Ldebug_ranges0
C:\Users\stapi\AppData\Local\Temp\ccVrAbSj.s:4963   .debug_line:0000000000000000 .Ldebug_line0
C:\Users\stapi\AppData\Local\Temp\ccVrAbSj.s:5153   .debug_str:000000000000054b .LASF0
C:\Users\stapi\AppData\Local\Temp\ccVrAbSj.s:5091   .debug_str:000000000000035f .LASF3
C:\Users\stapi\AppData\Local\Temp\ccVrAbSj.s:5173   .debug_str:000000000000064a .LASF1
C:\Users\stapi\AppData\Local\Temp\ccVrAbSj.s:5669   .debug_str:0000000000001739 .LASF2
C:\Users\stapi\AppData\Local\Temp\ccVrAbSj.s:5223   .debug_str:00000000000007d0 .LASF4
C:\Users\stapi\AppData\Local\Temp\ccVrAbSj.s:5799   .debug_str:0000000000001b74 .LASF5
C:\Users\stapi\AppData\Local\Temp\ccVrAbSj.s:5113   .debug_str:000000000000041e .LASF6
C:\Users\stapi\AppData\Local\Temp\ccVrAbSj.s:5383   .debug_str:0000000000000e1c .LASF7
C:\Users\stapi\AppData\Local\Temp\ccVrAbSj.s:5305   .debug_str:0000000000000ab5 .LASF8
C:\Users\stapi\AppData\Local\Temp\ccVrAbSj.s:5385   .debug_str:0000000000000e27 .LASF9
C:\Users\stapi\AppData\Local\Temp\ccVrAbSj.s:5303   .debug_str:0000000000000aaa .LASF10
C:\Users\stapi\AppData\Local\Temp\ccVrAbSj.s:5561   .debug_str:0000000000001400 .LASF11
C:\Users\stapi\AppData\Local\Temp\ccVrAbSj.s:5449   .debug_str:0000000000001069 .LASF12
C:\Users\stapi\AppData\Local\Temp\ccVrAbSj.s:5155   .debug_str:0000000000000557 .LASF13
C:\Users\stapi\AppData\Local\Temp\ccVrAbSj.s:5567   .debug_str:0000000000001423 .LASF14
C:\Users\stapi\AppData\Local\Temp\ccVrAbSj.s:5767   .debug_str:0000000000001a7f .LASF15
C:\Users\stapi\AppData\Local\Temp\ccVrAbSj.s:5679   .debug_str:000000000000179c .LASF16
C:\Users\stapi\AppData\Local\Temp\ccVrAbSj.s:4975   .debug_str:000000000000003c .LASF17
C:\Users\stapi\AppData\Local\Temp\ccVrAbSj.s:5239   .debug_str:00000000000008b5 .LASF18
C:\Users\stapi\AppData\Local\Temp\ccVrAbSj.s:4973   .debug_str:0000000000000033 .LASF19
C:\Users\stapi\AppData\Local\Temp\ccVrAbSj.s:5205   .debug_str:0000000000000759 .LASF20
C:\Users\stapi\AppData\Local\Temp\ccVrAbSj.s:5083   .debug_str:000000000000030e .LASF21
C:\Users\stapi\AppData\Local\Temp\ccVrAbSj.s:5807   .debug_str:0000000000001bbd .LASF22
C:\Users\stapi\AppData\Local\Temp\ccVrAbSj.s:5457   .debug_str:000000000000109f .LASF23
C:\Users\stapi\AppData\Local\Temp\ccVrAbSj.s:5613   .debug_str:0000000000001559 .LASF24
C:\Users\stapi\AppData\Local\Temp\ccVrAbSj.s:5703   .debug_str:0000000000001852 .LASF25
C:\Users\stapi\AppData\Local\Temp\ccVrAbSj.s:5653   .debug_str:00000000000016a5 .LASF26
C:\Users\stapi\AppData\Local\Temp\ccVrAbSj.s:5445   .debug_str:000000000000105c .LASF27
C:\Users\stapi\AppData\Local\Temp\ccVrAbSj.s:5637   .debug_str:0000000000001643 .LASF28
C:\Users\stapi\AppData\Local\Temp\ccVrAbSj.s:5837   .debug_str:0000000000001cd2 .LASF29
C:\Users\stapi\AppData\Local\Temp\ccVrAbSj.s:5079   .debug_str:00000000000002ff .LASF30
C:\Users\stapi\AppData\Local\Temp\ccVrAbSj.s:5337   .debug_str:0000000000000cb1 .LASF31
C:\Users\stapi\AppData\Local\Temp\ccVrAbSj.s:5287   .debug_str:0000000000000a46 .LASF32
C:\Users\stapi\AppData\Local\Temp\ccVrAbSj.s:5145   .debug_str:00000000000004f1 .LASF33
C:\Users\stapi\AppData\Local\Temp\ccVrAbSj.s:5275   .debug_str:00000000000009e1 .LASF34
C:\Users\stapi\AppData\Local\Temp\ccVrAbSj.s:5335   .debug_str:0000000000000caa .LASF35
C:\Users\stapi\AppData\Local\Temp\ccVrAbSj.s:4981   .debug_str:000000000000005d .LASF36
C:\Users\stapi\AppData\Local\Temp\ccVrAbSj.s:5839   .debug_str:0000000000001cd7 .LASF37
C:\Users\stapi\AppData\Local\Temp\ccVrAbSj.s:5565   .debug_str:000000000000141c .LASF38
C:\Users\stapi\AppData\Local\Temp\ccVrAbSj.s:5481   .debug_str:000000000000115e .LASF39
C:\Users\stapi\AppData\Local\Temp\ccVrAbSj.s:5429   .debug_str:0000000000000fc9 .LASF40
C:\Users\stapi\AppData\Local\Temp\ccVrAbSj.s:5497   .debug_str:00000000000011d6 .LASF41
C:\Users\stapi\AppData\Local\Temp\ccVrAbSj.s:5179   .debug_str:0000000000000685 .LASF42
C:\Users\stapi\AppData\Local\Temp\ccVrAbSj.s:5369   .debug_str:0000000000000db5 .LASF43
C:\Users\stapi\AppData\Local\Temp\ccVrAbSj.s:5119   .debug_str:0000000000000446 .LASF44
C:\Users\stapi\AppData\Local\Temp\ccVrAbSj.s:5765   .debug_str:0000000000001a77 .LASF45
C:\Users\stapi\AppData\Local\Temp\ccVrAbSj.s:5471   .debug_str:0000000000001106 .LASF46
C:\Users\stapi\AppData\Local\Temp\ccVrAbSj.s:5007   .debug_str:00000000000000ff .LASF47
C:\Users\stapi\AppData\Local\Temp\ccVrAbSj.s:5395   .debug_str:0000000000000e82 .LASF48
C:\Users\stapi\AppData\Local\Temp\ccVrAbSj.s:5361   .debug_str:0000000000000d67 .LASF49
C:\Users\stapi\AppData\Local\Temp\ccVrAbSj.s:5731   .debug_str:0000000000001951 .LASF50
C:\Users\stapi\AppData\Local\Temp\ccVrAbSj.s:5539   .debug_str:000000000000135d .LASF51
C:\Users\stapi\AppData\Local\Temp\ccVrAbSj.s:5563   .debug_str:0000000000001417 .LASF52
C:\Users\stapi\AppData\Local\Temp\ccVrAbSj.s:5169   .debug_str:000000000000062f .LASF53
C:\Users\stapi\AppData\Local\Temp\ccVrAbSj.s:5137   .debug_str:00000000000004b7 .LASF54
C:\Users\stapi\AppData\Local\Temp\ccVrAbSj.s:5581   .debug_str:000000000000146b .LASF55
C:\Users\stapi\AppData\Local\Temp\ccVrAbSj.s:5483   .debug_str:0000000000001165 .LASF56
C:\Users\stapi\AppData\Local\Temp\ccVrAbSj.s:5357   .debug_str:0000000000000d51 .LASF57
C:\Users\stapi\AppData\Local\Temp\ccVrAbSj.s:4999   .debug_str:00000000000000c8 .LASF58
C:\Users\stapi\AppData\Local\Temp\ccVrAbSj.s:5075   .debug_str:00000000000002ef .LASF59
C:\Users\stapi\AppData\Local\Temp\ccVrAbSj.s:5547   .debug_str:0000000000001394 .LASF60
C:\Users\stapi\AppData\Local\Temp\ccVrAbSj.s:5269   .debug_str:00000000000009c1 .LASF61
C:\Users\stapi\AppData\Local\Temp\ccVrAbSj.s:5015   .debug_str:0000000000000150 .LASF62
C:\Users\stapi\AppData\Local\Temp\ccVrAbSj.s:5061   .debug_str:00000000000002b0 .LASF63
C:\Users\stapi\AppData\Local\Temp\ccVrAbSj.s:5219   .debug_str:00000000000007af .LASF64
C:\Users\stapi\AppData\Local\Temp\ccVrAbSj.s:5115   .debug_str:0000000000000427 .LASF65
C:\Users\stapi\AppData\Local\Temp\ccVrAbSj.s:5031   .debug_str:00000000000001d7 .LASF66
C:\Users\stapi\AppData\Local\Temp\ccVrAbSj.s:5625   .debug_str:00000000000015b8 .LASF67
C:\Users\stapi\AppData\Local\Temp\ccVrAbSj.s:5559   .debug_str:00000000000013f4 .LASF68
C:\Users\stapi\AppData\Local\Temp\ccVrAbSj.s:5463   .debug_str:00000000000010c7 .LASF69
C:\Users\stapi\AppData\Local\Temp\ccVrAbSj.s:4979   .debug_str:000000000000004f .LASF70
C:\Users\stapi\AppData\Local\Temp\ccVrAbSj.s:5253   .debug_str:000000000000092e .LASF71
C:\Users\stapi\AppData\Local\Temp\ccVrAbSj.s:5719   .debug_str:00000000000018f0 .LASF72
C:\Users\stapi\AppData\Local\Temp\ccVrAbSj.s:5231   .debug_str:000000000000088c .LASF73
C:\Users\stapi\AppData\Local\Temp\ccVrAbSj.s:5227   .debug_str:00000000000007eb .LASF74
C:\Users\stapi\AppData\Local\Temp\ccVrAbSj.s:5575   .debug_str:0000000000001444 .LASF75
C:\Users\stapi\AppData\Local\Temp\ccVrAbSj.s:5211   .debug_str:000000000000078a .LASF76
C:\Users\stapi\AppData\Local\Temp\ccVrAbSj.s:5733   .debug_str:000000000000195a .LASF77
C:\Users\stapi\AppData\Local\Temp\ccVrAbSj.s:5711   .debug_str:00000000000018a6 .LASF78
C:\Users\stapi\AppData\Local\Temp\ccVrAbSj.s:5081   .debug_str:0000000000000305 .LASF79
C:\Users\stapi\AppData\Local\Temp\ccVrAbSj.s:5707   .debug_str:000000000000188a .LASF80
C:\Users\stapi\AppData\Local\Temp\ccVrAbSj.s:5579   .debug_str:000000000000145d .LASF81
C:\Users\stapi\AppData\Local\Temp\ccVrAbSj.s:5233   .debug_str:0000000000000895 .LASF82
C:\Users\stapi\AppData\Local\Temp\ccVrAbSj.s:5571   .debug_str:0000000000001433 .LASF83
C:\Users\stapi\AppData\Local\Temp\ccVrAbSj.s:5587   .debug_str:00000000000014a5 .LASF84
C:\Users\stapi\AppData\Local\Temp\ccVrAbSj.s:5479   .debug_str:0000000000001158 .LASF85
C:\Users\stapi\AppData\Local\Temp\ccVrAbSj.s:5577   .debug_str:000000000000144e .LASF86
C:\Users\stapi\AppData\Local\Temp\ccVrAbSj.s:5277   .debug_str:00000000000009ea .LASF87
C:\Users\stapi\AppData\Local\Temp\ccVrAbSj.s:5371   .debug_str:0000000000000dbe .LASF88
C:\Users\stapi\AppData\Local\Temp\ccVrAbSj.s:5085   .debug_str:0000000000000316 .LASF89
C:\Users\stapi\AppData\Local\Temp\ccVrAbSj.s:5021   .debug_str:0000000000000188 .LASF90
C:\Users\stapi\AppData\Local\Temp\ccVrAbSj.s:5827   .debug_str:0000000000001c6c .LASF91
C:\Users\stapi\AppData\Local\Temp\ccVrAbSj.s:5777   .debug_str:0000000000001ab4 .LASF92
C:\Users\stapi\AppData\Local\Temp\ccVrAbSj.s:5689   .debug_str:00000000000017e4 .LASF93
C:\Users\stapi\AppData\Local\Temp\ccVrAbSj.s:5339   .debug_str:0000000000000cb9 .LASF94
C:\Users\stapi\AppData\Local\Temp\ccVrAbSj.s:5025   .debug_str:00000000000001a9 .LASF95
C:\Users\stapi\AppData\Local\Temp\ccVrAbSj.s:5709   .debug_str:000000000000189b .LASF96
C:\Users\stapi\AppData\Local\Temp\ccVrAbSj.s:5845   .debug_str:0000000000001cf8 .LASF97
C:\Users\stapi\AppData\Local\Temp\ccVrAbSj.s:5851   .debug_str:0000000000001d1d .LASF98
C:\Users\stapi\AppData\Local\Temp\ccVrAbSj.s:5549   .debug_str:000000000000139e .LASF99
C:\Users\stapi\AppData\Local\Temp\ccVrAbSj.s:5301   .debug_str:0000000000000a9d .LASF100
C:\Users\stapi\AppData\Local\Temp\ccVrAbSj.s:5455   .debug_str:0000000000001092 .LASF101
C:\Users\stapi\AppData\Local\Temp\ccVrAbSj.s:5069   .debug_str:00000000000002d2 .LASF102
C:\Users\stapi\AppData\Local\Temp\ccVrAbSj.s:5611   .debug_str:000000000000154b .LASF103
C:\Users\stapi\AppData\Local\Temp\ccVrAbSj.s:5761   .debug_str:0000000000001a4c .LASF104
C:\Users\stapi\AppData\Local\Temp\ccVrAbSj.s:5491   .debug_str:00000000000011ae .LASF105
C:\Users\stapi\AppData\Local\Temp\ccVrAbSj.s:5461   .debug_str:00000000000010b5 .LASF106
C:\Users\stapi\AppData\Local\Temp\ccVrAbSj.s:5363   .debug_str:0000000000000d73 .LASF107
C:\Users\stapi\AppData\Local\Temp\ccVrAbSj.s:5391   .debug_str:0000000000000e52 .LASF108
C:\Users\stapi\AppData\Local\Temp\ccVrAbSj.s:5843   .debug_str:0000000000001ce7 .LASF109
C:\Users\stapi\AppData\Local\Temp\ccVrAbSj.s:5739   .debug_str:000000000000198c .LASF110
C:\Users\stapi\AppData\Local\Temp\ccVrAbSj.s:5051   .debug_str:0000000000000262 .LASF111
C:\Users\stapi\AppData\Local\Temp\ccVrAbSj.s:5663   .debug_str:00000000000016ee .LASF112
C:\Users\stapi\AppData\Local\Temp\ccVrAbSj.s:5343   .debug_str:0000000000000cd4 .LASF113
C:\Users\stapi\AppData\Local\Temp\ccVrAbSj.s:5793   .debug_str:0000000000001b46 .LASF114
C:\Users\stapi\AppData\Local\Temp\ccVrAbSj.s:5033   .debug_str:00000000000001e6 .LASF115
C:\Users\stapi\AppData\Local\Temp\ccVrAbSj.s:5717   .debug_str:00000000000018e3 .LASF116
C:\Users\stapi\AppData\Local\Temp\ccVrAbSj.s:5727   .debug_str:000000000000193b .LASF117
C:\Users\stapi\AppData\Local\Temp\ccVrAbSj.s:5243   .debug_str:00000000000008d1 .LASF118
C:\Users\stapi\AppData\Local\Temp\ccVrAbSj.s:5523   .debug_str:00000000000012ac .LASF119
C:\Users\stapi\AppData\Local\Temp\ccVrAbSj.s:5545   .debug_str:000000000000137f .LASF120
C:\Users\stapi\AppData\Local\Temp\ccVrAbSj.s:5647   .debug_str:0000000000001685 .LASF121
C:\Users\stapi\AppData\Local\Temp\ccVrAbSj.s:5855   .debug_str:0000000000001d48 .LASF122
C:\Users\stapi\AppData\Local\Temp\ccVrAbSj.s:5513   .debug_str:000000000000126e .LASF123
C:\Users\stapi\AppData\Local\Temp\ccVrAbSj.s:5093   .debug_str:0000000000000369 .LASF124
C:\Users\stapi\AppData\Local\Temp\ccVrAbSj.s:5347   .debug_str:0000000000000cf4 .LASF125
C:\Users\stapi\AppData\Local\Temp\ccVrAbSj.s:5271   .debug_str:00000000000009cb .LASF126
C:\Users\stapi\AppData\Local\Temp\ccVrAbSj.s:5289   .debug_str:0000000000000a4e .LASF127
C:\Users\stapi\AppData\Local\Temp\ccVrAbSj.s:5059   .debug_str:00000000000002a0 .LASF128
C:\Users\stapi\AppData\Local\Temp\ccVrAbSj.s:5631   .debug_str:00000000000015f4 .LASF129
C:\Users\stapi\AppData\Local\Temp\ccVrAbSj.s:5373   .debug_str:0000000000000dc8 .LASF130
C:\Users\stapi\AppData\Local\Temp\ccVrAbSj.s:5163   .debug_str:0000000000000602 .LASF131
C:\Users\stapi\AppData\Local\Temp\ccVrAbSj.s:5143   .debug_str:00000000000004e4 .LASF132
C:\Users\stapi\AppData\Local\Temp\ccVrAbSj.s:5365   .debug_str:0000000000000d87 .LASF133
C:\Users\stapi\AppData\Local\Temp\ccVrAbSj.s:5099   .debug_str:00000000000003a3 .LASF134
C:\Users\stapi\AppData\Local\Temp\ccVrAbSj.s:5437   .debug_str:0000000000001012 .LASF135
C:\Users\stapi\AppData\Local\Temp\ccVrAbSj.s:5235   .debug_str:000000000000089b .LASF136
C:\Users\stapi\AppData\Local\Temp\ccVrAbSj.s:5065   .debug_str:00000000000002c5 .LASF137
C:\Users\stapi\AppData\Local\Temp\ccVrAbSj.s:5609   .debug_str:0000000000001546 .LASF138
C:\Users\stapi\AppData\Local\Temp\ccVrAbSj.s:5655   .debug_str:00000000000016aa .LASF139
C:\Users\stapi\AppData\Local\Temp\ccVrAbSj.s:5047   .debug_str:0000000000000253 .LASF140
C:\Users\stapi\AppData\Local\Temp\ccVrAbSj.s:5487   .debug_str:0000000000001194 .LASF141
C:\Users\stapi\AppData\Local\Temp\ccVrAbSj.s:5291   .debug_str:0000000000000a5a .LASF142
C:\Users\stapi\AppData\Local\Temp\ccVrAbSj.s:5795   .debug_str:0000000000001b58 .LASF143
C:\Users\stapi\AppData\Local\Temp\ccVrAbSj.s:5749   .debug_str:00000000000019ee .LASF144
C:\Users\stapi\AppData\Local\Temp\ccVrAbSj.s:5029   .debug_str:00000000000001cc .LASF145
C:\Users\stapi\AppData\Local\Temp\ccVrAbSj.s:4985   .debug_str:0000000000000072 .LASF146
C:\Users\stapi\AppData\Local\Temp\ccVrAbSj.s:5185   .debug_str:00000000000006bc .LASF147
C:\Users\stapi\AppData\Local\Temp\ccVrAbSj.s:5789   .debug_str:0000000000001b30 .LASF148
C:\Users\stapi\AppData\Local\Temp\ccVrAbSj.s:5213   .debug_str:0000000000000793 .LASF149
C:\Users\stapi\AppData\Local\Temp\ccVrAbSj.s:5037   .debug_str:000000000000020b .LASF150
C:\Users\stapi\AppData\Local\Temp\ccVrAbSj.s:5833   .debug_str:0000000000001cbd .LASF151
C:\Users\stapi\AppData\Local\Temp\ccVrAbSj.s:5453   .debug_str:0000000000001087 .LASF152
C:\Users\stapi\AppData\Local\Temp\ccVrAbSj.s:5447   .debug_str:0000000000001061 .LASF153
C:\Users\stapi\AppData\Local\Temp\ccVrAbSj.s:5685   .debug_str:00000000000017bc .LASF154
C:\Users\stapi\AppData\Local\Temp\ccVrAbSj.s:5649   .debug_str:0000000000001698 .LASF155
C:\Users\stapi\AppData\Local\Temp\ccVrAbSj.s:5199   .debug_str:0000000000000720 .LASF156
C:\Users\stapi\AppData\Local\Temp\ccVrAbSj.s:5345   .debug_str:0000000000000ce4 .LASF157
C:\Users\stapi\AppData\Local\Temp\ccVrAbSj.s:5825   .debug_str:0000000000001c66 .LASF158
C:\Users\stapi\AppData\Local\Temp\ccVrAbSj.s:5493   .debug_str:00000000000011c0 .LASF159
C:\Users\stapi\AppData\Local\Temp\ccVrAbSj.s:5217   .debug_str:00000000000007a4 .LASF160
C:\Users\stapi\AppData\Local\Temp\ccVrAbSj.s:5095   .debug_str:0000000000000372 .LASF161
C:\Users\stapi\AppData\Local\Temp\ccVrAbSj.s:4987   .debug_str:000000000000007c .LASF162
C:\Users\stapi\AppData\Local\Temp\ccVrAbSj.s:5673   .debug_str:0000000000001768 .LASF163
C:\Users\stapi\AppData\Local\Temp\ccVrAbSj.s:5193   .debug_str:00000000000006f7 .LASF164
C:\Users\stapi\AppData\Local\Temp\ccVrAbSj.s:5055   .debug_str:0000000000000283 .LASF165
C:\Users\stapi\AppData\Local\Temp\ccVrAbSj.s:5041   .debug_str:0000000000000220 .LASF166
C:\Users\stapi\AppData\Local\Temp\ccVrAbSj.s:5161   .debug_str:00000000000005fa .LASF167
C:\Users\stapi\AppData\Local\Temp\ccVrAbSj.s:5593   .debug_str:00000000000014d2 .LASF168
C:\Users\stapi\AppData\Local\Temp\ccVrAbSj.s:5415   .debug_str:0000000000000f48 .LASF169
C:\Users\stapi\AppData\Local\Temp\ccVrAbSj.s:4983   .debug_str:0000000000000068 .LASF170
C:\Users\stapi\AppData\Local\Temp\ccVrAbSj.s:5257   .debug_str:0000000000000952 .LASF171
C:\Users\stapi\AppData\Local\Temp\ccVrAbSj.s:5111   .debug_str:0000000000000417 .LASF172
C:\Users\stapi\AppData\Local\Temp\ccVrAbSj.s:5465   .debug_str:00000000000010cc .LASF173
C:\Users\stapi\AppData\Local\Temp\ccVrAbSj.s:5003   .debug_str:00000000000000e3 .LASF174
C:\Users\stapi\AppData\Local\Temp\ccVrAbSj.s:5779   .debug_str:0000000000001ac0 .LASF175
C:\Users\stapi\AppData\Local\Temp\ccVrAbSj.s:5299   .debug_str:0000000000000a91 .LASF176
C:\Users\stapi\AppData\Local\Temp\ccVrAbSj.s:5109   .debug_str:0000000000000412 .LASF177
C:\Users\stapi\AppData\Local\Temp\ccVrAbSj.s:5123   .debug_str:000000000000045a .LASF178
C:\Users\stapi\AppData\Local\Temp\ccVrAbSj.s:5857   .debug_str:0000000000001d57 .LASF179
C:\Users\stapi\AppData\Local\Temp\ccVrAbSj.s:5049   .debug_str:000000000000025c .LASF180
C:\Users\stapi\AppData\Local\Temp\ccVrAbSj.s:5589   .debug_str:00000000000014b0 .LASF181
C:\Users\stapi\AppData\Local\Temp\ccVrAbSj.s:5747   .debug_str:00000000000019e2 .LASF182
C:\Users\stapi\AppData\Local\Temp\ccVrAbSj.s:5195   .debug_str:00000000000006ff .LASF183
C:\Users\stapi\AppData\Local\Temp\ccVrAbSj.s:5693   .debug_str:0000000000001811 .LASF184
C:\Users\stapi\AppData\Local\Temp\ccVrAbSj.s:5189   .debug_str:00000000000006e1 .LASF185
C:\Users\stapi\AppData\Local\Temp\ccVrAbSj.s:5475   .debug_str:000000000000113c .LASF186
C:\Users\stapi\AppData\Local\Temp\ccVrAbSj.s:5283   .debug_str:0000000000000a23 .LASF187
C:\Users\stapi\AppData\Local\Temp\ccVrAbSj.s:5515   .debug_str:0000000000001276 .LASF188
C:\Users\stapi\AppData\Local\Temp\ccVrAbSj.s:5803   .debug_str:0000000000001ba4 .LASF189
C:\Users\stapi\AppData\Local\Temp\ccVrAbSj.s:5695   .debug_str:000000000000181b .LASF190
C:\Users\stapi\AppData\Local\Temp\ccVrAbSj.s:5607   .debug_str:000000000000153e .LASF191
C:\Users\stapi\AppData\Local\Temp\ccVrAbSj.s:5701   .debug_str:000000000000184a .LASF192
C:\Users\stapi\AppData\Local\Temp\ccVrAbSj.s:5201   .debug_str:0000000000000726 .LASF193
C:\Users\stapi\AppData\Local\Temp\ccVrAbSj.s:5013   .debug_str:0000000000000144 .LASF194
C:\Users\stapi\AppData\Local\Temp\ccVrAbSj.s:5699   .debug_str:000000000000183d .LASF195
C:\Users\stapi\AppData\Local\Temp\ccVrAbSj.s:5171   .debug_str:000000000000063e .LASF196
C:\Users\stapi\AppData\Local\Temp\ccVrAbSj.s:5805   .debug_str:0000000000001bb2 .LASF197
C:\Users\stapi\AppData\Local\Temp\ccVrAbSj.s:5279   .debug_str:00000000000009f8 .LASF198
C:\Users\stapi\AppData\Local\Temp\ccVrAbSj.s:5771   .debug_str:0000000000001a91 .LASF199
C:\Users\stapi\AppData\Local\Temp\ccVrAbSj.s:5087   .debug_str:0000000000000327 .LASF200
C:\Users\stapi\AppData\Local\Temp\ccVrAbSj.s:5773   .debug_str:0000000000001a9b .LASF201
C:\Users\stapi\AppData\Local\Temp\ccVrAbSj.s:5411   .debug_str:0000000000000f26 .LASF202
C:\Users\stapi\AppData\Local\Temp\ccVrAbSj.s:5265   .debug_str:0000000000000996 .LASF203
C:\Users\stapi\AppData\Local\Temp\ccVrAbSj.s:5067   .debug_str:00000000000002ca .LASF204
C:\Users\stapi\AppData\Local\Temp\ccVrAbSj.s:5537   .debug_str:0000000000001354 .LASF205
C:\Users\stapi\AppData\Local\Temp\ccVrAbSj.s:5645   .debug_str:0000000000001679 .LASF206
C:\Users\stapi\AppData\Local\Temp\ccVrAbSj.s:5293   .debug_str:0000000000000a62 .LASF207
C:\Users\stapi\AppData\Local\Temp\ccVrAbSj.s:5643   .debug_str:000000000000166a .LASF208
C:\Users\stapi\AppData\Local\Temp\ccVrAbSj.s:5569   .debug_str:000000000000142c .LASF209
C:\Users\stapi\AppData\Local\Temp\ccVrAbSj.s:5249   .debug_str:0000000000000905 .LASF210
C:\Users\stapi\AppData\Local\Temp\ccVrAbSj.s:5797   .debug_str:0000000000001b67 .LASF211
C:\Users\stapi\AppData\Local\Temp\ccVrAbSj.s:5407   .debug_str:0000000000000eef .LASF212
C:\Users\stapi\AppData\Local\Temp\ccVrAbSj.s:5615   .debug_str:000000000000155f .LASF213
C:\Users\stapi\AppData\Local\Temp\ccVrAbSj.s:5379   .debug_str:0000000000000dff .LASF214
C:\Users\stapi\AppData\Local\Temp\ccVrAbSj.s:5477   .debug_str:0000000000001143 .LASF215
C:\Users\stapi\AppData\Local\Temp\ccVrAbSj.s:5591   .debug_str:00000000000014bd .LASF216
C:\Users\stapi\AppData\Local\Temp\ccVrAbSj.s:5597   .debug_str:0000000000001504 .LASF217
C:\Users\stapi\AppData\Local\Temp\ccVrAbSj.s:5191   .debug_str:00000000000006e9 .LASF218
C:\Users\stapi\AppData\Local\Temp\ccVrAbSj.s:5325   .debug_str:0000000000000c31 .LASF219
C:\Users\stapi\AppData\Local\Temp\ccVrAbSj.s:5811   .debug_str:0000000000001bd9 .LASF220
C:\Users\stapi\AppData\Local\Temp\ccVrAbSj.s:5319   .debug_str:0000000000000b18 .LASF221
C:\Users\stapi\AppData\Local\Temp\ccVrAbSj.s:5459   .debug_str:00000000000010a5 .LASF222
C:\Users\stapi\AppData\Local\Temp\ccVrAbSj.s:5063   .debug_str:00000000000002bc .LASF223
C:\Users\stapi\AppData\Local\Temp\ccVrAbSj.s:4969   .debug_str:0000000000000020 .LASF224
C:\Users\stapi\AppData\Local\Temp\ccVrAbSj.s:5387   .debug_str:0000000000000e35 .LASF225
C:\Users\stapi\AppData\Local\Temp\ccVrAbSj.s:5135   .debug_str:00000000000004aa .LASF226
C:\Users\stapi\AppData\Local\Temp\ccVrAbSj.s:5639   .debug_str:0000000000001650 .LASF227
C:\Users\stapi\AppData\Local\Temp\ccVrAbSj.s:5401   .debug_str:0000000000000ec3 .LASF228
C:\Users\stapi\AppData\Local\Temp\ccVrAbSj.s:5603   .debug_str:0000000000001528 .LASF229
C:\Users\stapi\AppData\Local\Temp\ccVrAbSj.s:5313   .debug_str:0000000000000b04 .LASF230
C:\Users\stapi\AppData\Local\Temp\ccVrAbSj.s:5159   .debug_str:00000000000005e8 .LASF231
C:\Users\stapi\AppData\Local\Temp\ccVrAbSj.s:5421   .debug_str:0000000000000f87 .LASF232
C:\Users\stapi\AppData\Local\Temp\ccVrAbSj.s:5507   .debug_str:0000000000001243 .LASF233
C:\Users\stapi\AppData\Local\Temp\ccVrAbSj.s:5819   .debug_str:0000000000001c32 .LASF234
C:\Users\stapi\AppData\Local\Temp\ccVrAbSj.s:5023   .debug_str:000000000000019b .LASF235
C:\Users\stapi\AppData\Local\Temp\ccVrAbSj.s:5499   .debug_str:00000000000011e0 .LASF236
C:\Users\stapi\AppData\Local\Temp\ccVrAbSj.s:5675   .debug_str:0000000000001775 .LASF237
C:\Users\stapi\AppData\Local\Temp\ccVrAbSj.s:5355   .debug_str:0000000000000d40 .LASF238
C:\Users\stapi\AppData\Local\Temp\ccVrAbSj.s:5359   .debug_str:0000000000000d5f .LASF239
C:\Users\stapi\AppData\Local\Temp\ccVrAbSj.s:5511   .debug_str:0000000000001266 .LASF240
C:\Users\stapi\AppData\Local\Temp\ccVrAbSj.s:5323   .debug_str:0000000000000c23 .LASF241
C:\Users\stapi\AppData\Local\Temp\ccVrAbSj.s:5553   .debug_str:00000000000013c8 .LASF242
C:\Users\stapi\AppData\Local\Temp\ccVrAbSj.s:5791   .debug_str:0000000000001b36 .LASF247
C:\Users\stapi\AppData\Local\Temp\ccVrAbSj.s:5657   .debug_str:00000000000016b7 .LASF243
C:\Users\stapi\AppData\Local\Temp\ccVrAbSj.s:4997   .debug_str:00000000000000b7 .LASF244
C:\Users\stapi\AppData\Local\Temp\ccVrAbSj.s:5489   .debug_str:000000000000119d .LASF245
C:\Users\stapi\AppData\Local\Temp\ccVrAbSj.s:5451   .debug_str:0000000000001076 .LASF246
C:\Users\stapi\AppData\Local\Temp\ccVrAbSj.s:5737   .debug_str:0000000000001981 .LASF248
C:\Users\stapi\AppData\Local\Temp\ccVrAbSj.s:5641   .debug_str:000000000000165d .LASF249
C:\Users\stapi\AppData\Local\Temp\ccVrAbSj.s:5541   .debug_str:0000000000001369 .LASF250
C:\Users\stapi\AppData\Local\Temp\ccVrAbSj.s:5311   .debug_str:0000000000000af5 .LASF251
C:\Users\stapi\AppData\Local\Temp\ccVrAbSj.s:5583   .debug_str:0000000000001473 .LASF252
C:\Users\stapi\AppData\Local\Temp\ccVrAbSj.s:5139   .debug_str:00000000000004c1 .LASF253
C:\Users\stapi\AppData\Local\Temp\ccVrAbSj.s:5375   .debug_str:0000000000000ddb .LASF254
C:\Users\stapi\AppData\Local\Temp\ccVrAbSj.s:5605   .debug_str:0000000000001530 .LASF255
C:\Users\stapi\AppData\Local\Temp\ccVrAbSj.s:5237   .debug_str:00000000000008a6 .LASF256
C:\Users\stapi\AppData\Local\Temp\ccVrAbSj.s:4965   .debug_str:0000000000000000 .LASF257
C:\Users\stapi\AppData\Local\Temp\ccVrAbSj.s:4967   .debug_str:0000000000000010 .LASF258
C:\Users\stapi\AppData\Local\Temp\ccVrAbSj.s:5599   .debug_str:0000000000001510 .LASF259
C:\Users\stapi\AppData\Local\Temp\ccVrAbSj.s:5815   .debug_str:0000000000001c09 .LASF260
C:\Users\stapi\AppData\Local\Temp\ccVrAbSj.s:5105   .debug_str:00000000000003dd .LASF261
C:\Users\stapi\AppData\Local\Temp\ccVrAbSj.s:5221   .debug_str:00000000000007ba .LASF262
C:\Users\stapi\AppData\Local\Temp\ccVrAbSj.s:5551   .debug_str:00000000000013af .LASF263
C:\Users\stapi\AppData\Local\Temp\ccVrAbSj.s:5349   .debug_str:0000000000000cfe .LASF264
C:\Users\stapi\AppData\Local\Temp\ccVrAbSj.s:5743   .debug_str:00000000000019b1 .LASF265
C:\Users\stapi\AppData\Local\Temp\ccVrAbSj.s:5509   .debug_str:000000000000124d .LASF266
C:\Users\stapi\AppData\Local\Temp\ccVrAbSj.s:5763   .debug_str:0000000000001a5c .LASF267
C:\Users\stapi\AppData\Local\Temp\ccVrAbSj.s:5467   .debug_str:00000000000010d2 .LASF268
C:\Users\stapi\AppData\Local\Temp\ccVrAbSj.s:5435   .debug_str:0000000000000ff9 .LASF269
C:\Users\stapi\AppData\Local\Temp\ccVrAbSj.s:5255   .debug_str:0000000000000937 .LASF270
C:\Users\stapi\AppData\Local\Temp\ccVrAbSj.s:5431   .debug_str:0000000000000fd6 .LASF271
C:\Users\stapi\AppData\Local\Temp\ccVrAbSj.s:5527   .debug_str:00000000000012cf .LASF272
C:\Users\stapi\AppData\Local\Temp\ccVrAbSj.s:5821   .debug_str:0000000000001c3d .LASF273
C:\Users\stapi\AppData\Local\Temp\ccVrAbSj.s:5441   .debug_str:0000000000001036 .LASF274
C:\Users\stapi\AppData\Local\Temp\ccVrAbSj.s:5813   .debug_str:0000000000001beb .LASF275
C:\Users\stapi\AppData\Local\Temp\ccVrAbSj.s:5619   .debug_str:000000000000157b .LASF276
C:\Users\stapi\AppData\Local\Temp\ccVrAbSj.s:5393   .debug_str:0000000000000e65 .LASF277
C:\Users\stapi\AppData\Local\Temp\ccVrAbSj.s:5281   .debug_str:0000000000000a04 .LASF278
C:\Users\stapi\AppData\Local\Temp\ccVrAbSj.s:5585   .debug_str:0000000000001483 .LASF279
C:\Users\stapi\AppData\Local\Temp\ccVrAbSj.s:5177   .debug_str:0000000000000667 .LASF280
C:\Users\stapi\AppData\Local\Temp\ccVrAbSj.s:5687   .debug_str:00000000000017c8 .LASF281
C:\Users\stapi\AppData\Local\Temp\ccVrAbSj.s:5633   .debug_str:0000000000001605 .LASF282
C:\Users\stapi\AppData\Local\Temp\ccVrAbSj.s:5501   .debug_str:00000000000011f1 .LASF283
C:\Users\stapi\AppData\Local\Temp\ccVrAbSj.s:5089   .debug_str:0000000000000331 .LASF284
C:\Users\stapi\AppData\Local\Temp\ccVrAbSj.s:5419   .debug_str:0000000000000f66 .LASF285
C:\Users\stapi\AppData\Local\Temp\ccVrAbSj.s:5531   .debug_str:00000000000012fb .LASF286
C:\Users\stapi\AppData\Local\Temp\ccVrAbSj.s:5485   .debug_str:0000000000001172 .LASF287
C:\Users\stapi\AppData\Local\Temp\ccVrAbSj.s:5329   .debug_str:0000000000000c52 .LASF288
C:\Users\stapi\AppData\Local\Temp\ccVrAbSj.s:5627   .debug_str:00000000000015c1 .LASF289
C:\Users\stapi\AppData\Local\Temp\ccVrAbSj.s:5097   .debug_str:000000000000037c .LASF290
C:\Users\stapi\AppData\Local\Temp\ccVrAbSj.s:5011   .debug_str:0000000000000121 .LASF291
C:\Users\stapi\AppData\Local\Temp\ccVrAbSj.s:5831   .debug_str:0000000000001c93 .LASF292
C:\Users\stapi\AppData\Local\Temp\ccVrAbSj.s:5671   .debug_str:0000000000001743 .LASF293
C:\Users\stapi\AppData\Local\Temp\ccVrAbSj.s:5741   .debug_str:0000000000001999 .LASF294
C:\Users\stapi\AppData\Local\Temp\ccVrAbSj.s:5721   .debug_str:00000000000018f9 .LASF295
C:\Users\stapi\AppData\Local\Temp\ccVrAbSj.s:5043   .debug_str:000000000000022c .LASF296
C:\Users\stapi\AppData\Local\Temp\ccVrAbSj.s:5151   .debug_str:000000000000052f .LASF297
C:\Users\stapi\AppData\Local\Temp\ccVrAbSj.s:5027   .debug_str:00000000000001b2 .LASF298
C:\Users\stapi\AppData\Local\Temp\ccVrAbSj.s:5125   .debug_str:0000000000000464 .LASF299
C:\Users\stapi\AppData\Local\Temp\ccVrAbSj.s:5403   .debug_str:0000000000000ed7 .LASF300
C:\Users\stapi\AppData\Local\Temp\ccVrAbSj.s:5519   .debug_str:0000000000001290 .LASF301
C:\Users\stapi\AppData\Local\Temp\ccVrAbSj.s:5167   .debug_str:0000000000000628 .LASF302
C:\Users\stapi\AppData\Local\Temp\ccVrAbSj.s:5425   .debug_str:0000000000000fab .LASF303
C:\Users\stapi\AppData\Local\Temp\ccVrAbSj.s:5725   .debug_str:0000000000001927 .LASF304
C:\Users\stapi\AppData\Local\Temp\ccVrAbSj.s:5521   .debug_str:000000000000129a .LASF305
C:\Users\stapi\AppData\Local\Temp\ccVrAbSj.s:5071   .debug_str:00000000000002df .LASF306
C:\Users\stapi\AppData\Local\Temp\ccVrAbSj.s:5165   .debug_str:000000000000060d .LASF307
C:\Users\stapi\AppData\Local\Temp\ccVrAbSj.s:5353   .debug_str:0000000000000d26 .LASF308
C:\Users\stapi\AppData\Local\Temp\ccVrAbSj.s:5261   .debug_str:0000000000000977 .LASF309
C:\Users\stapi\AppData\Local\Temp\ccVrAbSj.s:5381   .debug_str:0000000000000e07 .LASF310
C:\Users\stapi\AppData\Local\Temp\ccVrAbSj.s:5245   .debug_str:00000000000008e6 .LASF311
C:\Users\stapi\AppData\Local\Temp\ccVrAbSj.s:4989   .debug_str:0000000000000087 .LASF312
C:\Users\stapi\AppData\Local\Temp\ccVrAbSj.s:5787   .debug_str:0000000000001b15 .LASF313
C:\Users\stapi\AppData\Local\Temp\ccVrAbSj.s:5853   .debug_str:0000000000001d2e .LASF314
C:\Users\stapi\AppData\Local\Temp\ccVrAbSj.s:5053   .debug_str:000000000000026f .LASF315
C:\Users\stapi\AppData\Local\Temp\ccVrAbSj.s:5133   .debug_str:0000000000000497 .LASF316
C:\Users\stapi\AppData\Local\Temp\ccVrAbSj.s:5127   .debug_str:000000000000046d .LASF317
C:\Users\stapi\AppData\Local\Temp\ccVrAbSj.s:4977   .debug_str:0000000000000043 .LASF318
C:\Users\stapi\AppData\Local\Temp\ccVrAbSj.s:5847   .debug_str:0000000000001d02 .LASF319
C:\Users\stapi\AppData\Local\Temp\ccVrAbSj.s:5295   .debug_str:0000000000000a74 .LASF320
C:\Users\stapi\AppData\Local\Temp\ccVrAbSj.s:5759   .debug_str:0000000000001a34 .LASF321
C:\Users\stapi\AppData\Local\Temp\ccVrAbSj.s:5263   .debug_str:0000000000000985 .LASF322
C:\Users\stapi\AppData\Local\Temp\ccVrAbSj.s:5601   .debug_str:0000000000001520 .LASF323
C:\Users\stapi\AppData\Local\Temp\ccVrAbSj.s:5835   .debug_str:0000000000001cc9 .LASF324
C:\Users\stapi\AppData\Local\Temp\ccVrAbSj.s:5103   .debug_str:00000000000003c7 .LASF325
C:\Users\stapi\AppData\Local\Temp\ccVrAbSj.s:5327   .debug_str:0000000000000c41 .LASF326
C:\Users\stapi\AppData\Local\Temp\ccVrAbSj.s:5841   .debug_str:0000000000001cdc .LASF327
C:\Users\stapi\AppData\Local\Temp\ccVrAbSj.s:5769   .debug_str:0000000000001a88 .LASF328
C:\Users\stapi\AppData\Local\Temp\ccVrAbSj.s:5535   .debug_str:000000000000133e .LASF329
C:\Users\stapi\AppData\Local\Temp\ccVrAbSj.s:5315   .debug_str:0000000000000b0d .LASF330
C:\Users\stapi\AppData\Local\Temp\ccVrAbSj.s:5555   .debug_str:00000000000013cf .LASF331
C:\Users\stapi\AppData\Local\Temp\ccVrAbSj.s:5801   .debug_str:0000000000001b87 .LASF332
C:\Users\stapi\AppData\Local\Temp\ccVrAbSj.s:5681   .debug_str:00000000000017a5 .LASF333
C:\Users\stapi\AppData\Local\Temp\ccVrAbSj.s:5755   .debug_str:0000000000001a12 .LASF334
C:\Users\stapi\AppData\Local\Temp\ccVrAbSj.s:5001   .debug_str:00000000000000d2 .LASF335
C:\Users\stapi\AppData\Local\Temp\ccVrAbSj.s:5209   .debug_str:0000000000000773 .LASF336
C:\Users\stapi\AppData\Local\Temp\ccVrAbSj.s:5775   .debug_str:0000000000001aa2 .LASF337
C:\Users\stapi\AppData\Local\Temp\ccVrAbSj.s:5019   .debug_str:0000000000000171 .LASF338
C:\Users\stapi\AppData\Local\Temp\ccVrAbSj.s:5399   .debug_str:0000000000000ea9 .LASF339
C:\Users\stapi\AppData\Local\Temp\ccVrAbSj.s:5187   .debug_str:00000000000006c5 .LASF340
C:\Users\stapi\AppData\Local\Temp\ccVrAbSj.s:5785   .debug_str:0000000000001aff .LASF341
C:\Users\stapi\AppData\Local\Temp\ccVrAbSj.s:5149   .debug_str:0000000000000516 .LASF342
C:\Users\stapi\AppData\Local\Temp\ccVrAbSj.s:5427   .debug_str:0000000000000fb3 .LASF343
C:\Users\stapi\AppData\Local\Temp\ccVrAbSj.s:5829   .debug_str:0000000000001c7d .LASF344
C:\Users\stapi\AppData\Local\Temp\ccVrAbSj.s:5181   .debug_str:0000000000000693 .LASF345
C:\Users\stapi\AppData\Local\Temp\ccVrAbSj.s:5333   .debug_str:0000000000000c90 .LASF346
C:\Users\stapi\AppData\Local\Temp\ccVrAbSj.s:5735   .debug_str:0000000000001967 .LASF347
C:\Users\stapi\AppData\Local\Temp\ccVrAbSj.s:5251   .debug_str:0000000000000915 .LASF348
C:\Users\stapi\AppData\Local\Temp\ccVrAbSj.s:5331   .debug_str:0000000000000c75 .LASF349
C:\Users\stapi\AppData\Local\Temp\ccVrAbSj.s:5107   .debug_str:00000000000003f4 .LASF350
C:\Users\stapi\AppData\Local\Temp\ccVrAbSj.s:5665   .debug_str:00000000000016fe .LASF351
C:\Users\stapi\AppData\Local\Temp\ccVrAbSj.s:5005   .debug_str:00000000000000e9 .LASF352
C:\Users\stapi\AppData\Local\Temp\ccVrAbSj.s:5713   .debug_str:00000000000018b3 .LASF353
C:\Users\stapi\AppData\Local\Temp\ccVrAbSj.s:5203   .debug_str:0000000000000734 .LASF354
C:\Users\stapi\AppData\Local\Temp\ccVrAbSj.s:5533   .debug_str:0000000000001320 .LASF355
C:\Users\stapi\AppData\Local\Temp\ccVrAbSj.s:5473   .debug_str:0000000000001115 .LASF356
C:\Users\stapi\AppData\Local\Temp\ccVrAbSj.s:5659   .debug_str:00000000000016c8 .LASF357
C:\Users\stapi\AppData\Local\Temp\ccVrAbSj.s:5595   .debug_str:00000000000014e3 .LASF358
C:\Users\stapi\AppData\Local\Temp\ccVrAbSj.s:5307   .debug_str:0000000000000ac7 .LASF359
C:\Users\stapi\AppData\Local\Temp\ccVrAbSj.s:5009   .debug_str:0000000000000107 .LASF360
C:\Users\stapi\AppData\Local\Temp\ccVrAbSj.s:5783   .debug_str:0000000000001ae7 .LASF361
C:\Users\stapi\AppData\Local\Temp\ccVrAbSj.s:5377   .debug_str:0000000000000dea .LASF362
C:\Users\stapi\AppData\Local\Temp\ccVrAbSj.s:5525   .debug_str:00000000000012b2 .LASF363
C:\Users\stapi\AppData\Local\Temp\ccVrAbSj.s:5557   .debug_str:00000000000013e7 .LASF364
C:\Users\stapi\AppData\Local\Temp\ccVrAbSj.s:5117   .debug_str:0000000000000431 .LASF365
C:\Users\stapi\AppData\Local\Temp\ccVrAbSj.s:5057   .debug_str:000000000000028d .LASF366
C:\Users\stapi\AppData\Local\Temp\ccVrAbSj.s:5405   .debug_str:0000000000000ee2 .LASF367
C:\Users\stapi\AppData\Local\Temp\ccVrAbSj.s:5225   .debug_str:00000000000007db .LASF368
C:\Users\stapi\AppData\Local\Temp\ccVrAbSj.s:5297   .debug_str:0000000000000a7d .LASF369
C:\Users\stapi\AppData\Local\Temp\ccVrAbSj.s:5697   .debug_str:0000000000001826 .LASF370
C:\Users\stapi\AppData\Local\Temp\ccVrAbSj.s:5469   .debug_str:00000000000010ed .LASF371
C:\Users\stapi\AppData\Local\Temp\ccVrAbSj.s:5677   .debug_str:0000000000001783 .LASF372
C:\Users\stapi\AppData\Local\Temp\ccVrAbSj.s:5389   .debug_str:0000000000000e3a .LASF373
C:\Users\stapi\AppData\Local\Temp\ccVrAbSj.s:5207   .debug_str:000000000000075e .LASF374
C:\Users\stapi\AppData\Local\Temp\ccVrAbSj.s:5397   .debug_str:0000000000000e91 .LASF375
C:\Users\stapi\AppData\Local\Temp\ccVrAbSj.s:5267   .debug_str:00000000000009a3 .LASF376
C:\Users\stapi\AppData\Local\Temp\ccVrAbSj.s:5667   .debug_str:000000000000171c .LASF377
C:\Users\stapi\AppData\Local\Temp\ccVrAbSj.s:5197   .debug_str:0000000000000709 .LASF378
C:\Users\stapi\AppData\Local\Temp\ccVrAbSj.s:5423   .debug_str:0000000000000f8c .LASF379
C:\Users\stapi\AppData\Local\Temp\ccVrAbSj.s:5131   .debug_str:0000000000000487 .LASF380
C:\Users\stapi\AppData\Local\Temp\ccVrAbSj.s:5017   .debug_str:000000000000015e .LASF381
C:\Users\stapi\AppData\Local\Temp\ccVrAbSj.s:5341   .debug_str:0000000000000cc3 .LASF382
C:\Users\stapi\AppData\Local\Temp\ccVrAbSj.s:5623   .debug_str:00000000000015a0 .LASF383
C:\Users\stapi\AppData\Local\Temp\ccVrAbSj.s:5629   .debug_str:00000000000015e0 .LASF384
C:\Users\stapi\AppData\Local\Temp\ccVrAbSj.s:5141   .debug_str:00000000000004d0 .LASF385
C:\Users\stapi\AppData\Local\Temp\ccVrAbSj.s:5259   .debug_str:0000000000000963 .LASF386
C:\Users\stapi\AppData\Local\Temp\ccVrAbSj.s:5367   .debug_str:0000000000000d96 .LASF387
C:\Users\stapi\AppData\Local\Temp\ccVrAbSj.s:5505   .debug_str:0000000000001229 .LASF388
C:\Users\stapi\AppData\Local\Temp\ccVrAbSj.s:5409   .debug_str:0000000000000f02 .LASF389
C:\Users\stapi\AppData\Local\Temp\ccVrAbSj.s:5147   .debug_str:0000000000000500 .LASF390
C:\Users\stapi\AppData\Local\Temp\ccVrAbSj.s:5705   .debug_str:0000000000001861 .LASF391
C:\Users\stapi\AppData\Local\Temp\ccVrAbSj.s:5723   .debug_str:0000000000001912 .LASF392
C:\Users\stapi\AppData\Local\Temp\ccVrAbSj.s:5809   .debug_str:0000000000001bc2 .LASF393
C:\Users\stapi\AppData\Local\Temp\ccVrAbSj.s:5101   .debug_str:00000000000003ac .LASF394
C:\Users\stapi\AppData\Local\Temp\ccVrAbSj.s:5691   .debug_str:00000000000017f7 .LASF395
C:\Users\stapi\AppData\Local\Temp\ccVrAbSj.s:5285   .debug_str:0000000000000a2e .LASF396
C:\Users\stapi\AppData\Local\Temp\ccVrAbSj.s:5273   .debug_str:00000000000009d3 .LASF397
C:\Users\stapi\AppData\Local\Temp\ccVrAbSj.s:5543   .debug_str:0000000000001379 .LASF398
C:\Users\stapi\AppData\Local\Temp\ccVrAbSj.s:5129   .debug_str:0000000000000479 .LASF399
C:\Users\stapi\AppData\Local\Temp\ccVrAbSj.s:4991   .debug_str:000000000000009e .LASF400
C:\Users\stapi\AppData\Local\Temp\ccVrAbSj.s:5317   .debug_str:0000000000000b12 .LASF401
C:\Users\stapi\AppData\Local\Temp\ccVrAbSj.s:5683   .debug_str:00000000000017b6 .LASF402
C:\Users\stapi\AppData\Local\Temp\ccVrAbSj.s:5247   .debug_str:00000000000008fb .LASF403
C:\Users\stapi\AppData\Local\Temp\ccVrAbSj.s:5351   .debug_str:0000000000000d16 .LASF404
C:\Users\stapi\AppData\Local\Temp\ccVrAbSj.s:5073   .debug_str:00000000000002e5 .LASF405
C:\Users\stapi\AppData\Local\Temp\ccVrAbSj.s:5443   .debug_str:0000000000001056 .LASF406
C:\Users\stapi\AppData\Local\Temp\ccVrAbSj.s:5529   .debug_str:00000000000012eb .LASF407
C:\Users\stapi\AppData\Local\Temp\ccVrAbSj.s:5517   .debug_str:000000000000128a .LASF408
C:\Users\stapi\AppData\Local\Temp\ccVrAbSj.s:5175   .debug_str:0000000000000658 .LASF409
C:\Users\stapi\AppData\Local\Temp\ccVrAbSj.s:5417   .debug_str:0000000000000f58 .LASF410
C:\Users\stapi\AppData\Local\Temp\ccVrAbSj.s:5751   .debug_str:00000000000019fb .LASF411
C:\Users\stapi\AppData\Local\Temp\ccVrAbSj.s:4971   .debug_str:000000000000002b .LASF412
C:\Users\stapi\AppData\Local\Temp\ccVrAbSj.s:5215   .debug_str:0000000000000798 .LASF413
C:\Users\stapi\AppData\Local\Temp\ccVrAbSj.s:5309   .debug_str:0000000000000ae6 .LASF414
C:\Users\stapi\AppData\Local\Temp\ccVrAbSj.s:5849   .debug_str:0000000000001d18 .LASF415
C:\Users\stapi\AppData\Local\Temp\ccVrAbSj.s:5661   .debug_str:00000000000016e6 .LASF416
C:\Users\stapi\AppData\Local\Temp\ccVrAbSj.s:5651   .debug_str:000000000000169d .LASF417
C:\Users\stapi\AppData\Local\Temp\ccVrAbSj.s:5121   .debug_str:0000000000000453 .LASF418
C:\Users\stapi\AppData\Local\Temp\ccVrAbSj.s:5077   .debug_str:00000000000002f9 .LASF419
C:\Users\stapi\AppData\Local\Temp\ccVrAbSj.s:5035   .debug_str:00000000000001fd .LASF420
C:\Users\stapi\AppData\Local\Temp\ccVrAbSj.s:5433   .debug_str:0000000000000ff1 .LASF421
C:\Users\stapi\AppData\Local\Temp\ccVrAbSj.s:5183   .debug_str:00000000000006b0 .LASF422
C:\Users\stapi\AppData\Local\Temp\ccVrAbSj.s:5617   .debug_str:000000000000156a .LASF423
C:\Users\stapi\AppData\Local\Temp\ccVrAbSj.s:5729   .debug_str:0000000000001947 .LASF424
C:\Users\stapi\AppData\Local\Temp\ccVrAbSj.s:4995   .debug_str:00000000000000b2 .LASF425
C:\Users\stapi\AppData\Local\Temp\ccVrAbSj.s:5503   .debug_str:0000000000001216 .LASF426
C:\Users\stapi\AppData\Local\Temp\ccVrAbSj.s:4993   .debug_str:00000000000000a3 .LASF427
C:\Users\stapi\AppData\Local\Temp\ccVrAbSj.s:5045   .debug_str:0000000000000245 .LASF428
C:\Users\stapi\AppData\Local\Temp\ccVrAbSj.s:5039   .debug_str:0000000000000217 .LASF429
C:\Users\stapi\AppData\Local\Temp\ccVrAbSj.s:5823   .debug_str:0000000000001c5c .LASF430
C:\Users\stapi\AppData\Local\Temp\ccVrAbSj.s:5241   .debug_str:00000000000008bf .LASF431
C:\Users\stapi\AppData\Local\Temp\ccVrAbSj.s:5817   .debug_str:0000000000001c1f .LASF432
C:\Users\stapi\AppData\Local\Temp\ccVrAbSj.s:5781   .debug_str:0000000000001ad0 .LASF433
C:\Users\stapi\AppData\Local\Temp\ccVrAbSj.s:5715   .debug_str:00000000000018d0 .LASF434
C:\Users\stapi\AppData\Local\Temp\ccVrAbSj.s:5495   .debug_str:00000000000011cf .LASF435
C:\Users\stapi\AppData\Local\Temp\ccVrAbSj.s:5621   .debug_str:0000000000001598 .LASF436
C:\Users\stapi\AppData\Local\Temp\ccVrAbSj.s:5757   .debug_str:0000000000001a28 .LASF437
C:\Users\stapi\AppData\Local\Temp\ccVrAbSj.s:5573   .debug_str:000000000000143c .LASF438
C:\Users\stapi\AppData\Local\Temp\ccVrAbSj.s:5413   .debug_str:0000000000000f36 .LASF439
C:\Users\stapi\AppData\Local\Temp\ccVrAbSj.s:5753   .debug_str:0000000000001a0a .LASF443
C:\Users\stapi\AppData\Local\Temp\ccVrAbSj.s:5745   .debug_str:00000000000019c9 .LASF444
C:\Users\stapi\AppData\Local\Temp\ccVrAbSj.s:44     .text.coap_clear_event_handler:0000000000000000 .LFB33
C:\Users\stapi\AppData\Local\Temp\ccVrAbSj.s:54     .text.coap_clear_event_handler:0000000000000006 .LFE33
C:\Users\stapi\AppData\Local\Temp\ccVrAbSj.s:5635   .debug_str:000000000000162c .LASF445
C:\Users\stapi\AppData\Local\Temp\ccVrAbSj.s:5439   .debug_str:000000000000101a .LASF446
C:\Users\stapi\AppData\Local\Temp\ccVrAbSj.s:14     .text.coap_register_event_handler:0000000000000000 .LFB31
C:\Users\stapi\AppData\Local\Temp\ccVrAbSj.s:25     .text.coap_register_event_handler:0000000000000004 .LFE31
C:\Users\stapi\AppData\Local\Temp\ccVrAbSj.s:95     .debug_info:0000000000000000 .Ldebug_info0

NO UNDEFINED SYMBOLS
