   1              		.file	"eap_tls_common.c"
   2              		.option nopic
   3              		.attribute arch, "rv32i2p0_m2p0_a2p0_f2p0_c2p0_b_p0p94"
   4              		.attribute unaligned_access, 0
   5              		.attribute stack_align, 16
   6              		.text
   7              	.Ltext0:
   8              		.cfi_sections	.debug_frame
   9              	.Letext0:
DEFINED SYMBOLS
                            *ABS*:0000000000000000 eap_tls_common.c
C:\Users\stapi\AppData\Local\Temp\ccqKyrla.s:72     .debug_abbrev:0000000000000000 .Ldebug_abbrev0
C:\Users\stapi\AppData\Local\Temp\ccqKyrla.s:128    .debug_str:000000000000001f .LASF11
C:\Users\stapi\AppData\Local\Temp\ccqKyrla.s:140    .debug_str:0000000000000166 .LASF12
C:\Users\stapi\AppData\Local\Temp\ccqKyrla.s:148    .debug_str:0000000000000211 .LASF13
C:\Users\stapi\AppData\Local\Temp\ccqKyrla.s:122    .debug_line:0000000000000000 .Ldebug_line0
C:\Users\stapi\AppData\Local\Temp\ccqKyrla.s:124    .debug_str:0000000000000000 .LASF0
C:\Users\stapi\AppData\Local\Temp\ccqKyrla.s:132    .debug_str:0000000000000126 .LASF1
C:\Users\stapi\AppData\Local\Temp\ccqKyrla.s:130    .debug_str:0000000000000118 .LASF2
C:\Users\stapi\AppData\Local\Temp\ccqKyrla.s:136    .debug_str:0000000000000145 .LASF3
C:\Users\stapi\AppData\Local\Temp\ccqKyrla.s:134    .debug_str:0000000000000132 .LASF4
C:\Users\stapi\AppData\Local\Temp\ccqKyrla.s:144    .debug_str:0000000000000203 .LASF5
C:\Users\stapi\AppData\Local\Temp\ccqKyrla.s:126    .debug_str:000000000000000d .LASF6
C:\Users\stapi\AppData\Local\Temp\ccqKyrla.s:150    .debug_str:00000000000002a3 .LASF7
C:\Users\stapi\AppData\Local\Temp\ccqKyrla.s:138    .debug_str:000000000000014f .LASF8
C:\Users\stapi\AppData\Local\Temp\ccqKyrla.s:146    .debug_str:000000000000020c .LASF9
C:\Users\stapi\AppData\Local\Temp\ccqKyrla.s:142    .debug_str:00000000000001fd .LASF10
C:\Users\stapi\AppData\Local\Temp\ccqKyrla.s:11     .debug_info:0000000000000000 .Ldebug_info0

NO UNDEFINED SYMBOLS
