   1              		.file	"ip_addr.c"
   2              		.option nopic
   3              		.attribute arch, "rv32i2p0_m2p0_a2p0_f2p0_c2p0_b_p0p94"
   4              		.attribute unaligned_access, 0
   5              		.attribute stack_align, 16
   6              		.text
   7              	.Ltext0:
   8              		.cfi_sections	.debug_frame
   9              		.section	.text.hostapd_ip_txt,"ax",@progbits
  10              		.align	1
  11              		.globl	hostapd_ip_txt
  13              	hostapd_ip_txt:
  14              	.LFB71:
  15              		.file 1 "C:/Users/stapi/OneDrive/Desktop/GD32VW553/V1_MQTT_OK/GD32VW55X_Wifi_BLE_SDK/GD32VW55x_REL
   1:C:/Users/stapi/OneDrive/Desktop/GD32VW553/V1_MQTT_OK/GD32VW55X_Wifi_BLE_SDK/GD32VW55x_RELEASE_V1.0.2/MSDK/wpa_supplicant/src/utils\ip_addr.c **** /*
   2:C:/Users/stapi/OneDrive/Desktop/GD32VW553/V1_MQTT_OK/GD32VW55X_Wifi_BLE_SDK/GD32VW55x_RELEASE_V1.0.2/MSDK/wpa_supplicant/src/utils\ip_addr.c ****  * IP address processing
   3:C:/Users/stapi/OneDrive/Desktop/GD32VW553/V1_MQTT_OK/GD32VW55X_Wifi_BLE_SDK/GD32VW55x_RELEASE_V1.0.2/MSDK/wpa_supplicant/src/utils\ip_addr.c ****  * Copyright (c) 2003-2006, Jouni Malinen <j@w1.fi>
   4:C:/Users/stapi/OneDrive/Desktop/GD32VW553/V1_MQTT_OK/GD32VW55X_Wifi_BLE_SDK/GD32VW55x_RELEASE_V1.0.2/MSDK/wpa_supplicant/src/utils\ip_addr.c ****  *
   5:C:/Users/stapi/OneDrive/Desktop/GD32VW553/V1_MQTT_OK/GD32VW55X_Wifi_BLE_SDK/GD32VW55x_RELEASE_V1.0.2/MSDK/wpa_supplicant/src/utils\ip_addr.c ****  * This software may be distributed under the terms of the BSD license.
   6:C:/Users/stapi/OneDrive/Desktop/GD32VW553/V1_MQTT_OK/GD32VW55X_Wifi_BLE_SDK/GD32VW55x_RELEASE_V1.0.2/MSDK/wpa_supplicant/src/utils\ip_addr.c ****  * See README for more details.
   7:C:/Users/stapi/OneDrive/Desktop/GD32VW553/V1_MQTT_OK/GD32VW55X_Wifi_BLE_SDK/GD32VW55x_RELEASE_V1.0.2/MSDK/wpa_supplicant/src/utils\ip_addr.c ****  */
   8:C:/Users/stapi/OneDrive/Desktop/GD32VW553/V1_MQTT_OK/GD32VW55X_Wifi_BLE_SDK/GD32VW55x_RELEASE_V1.0.2/MSDK/wpa_supplicant/src/utils\ip_addr.c **** 
   9:C:/Users/stapi/OneDrive/Desktop/GD32VW553/V1_MQTT_OK/GD32VW55X_Wifi_BLE_SDK/GD32VW55x_RELEASE_V1.0.2/MSDK/wpa_supplicant/src/utils\ip_addr.c **** #include "includes.h"
  10:C:/Users/stapi/OneDrive/Desktop/GD32VW553/V1_MQTT_OK/GD32VW55X_Wifi_BLE_SDK/GD32VW55x_RELEASE_V1.0.2/MSDK/wpa_supplicant/src/utils\ip_addr.c **** 
  11:C:/Users/stapi/OneDrive/Desktop/GD32VW553/V1_MQTT_OK/GD32VW55X_Wifi_BLE_SDK/GD32VW55x_RELEASE_V1.0.2/MSDK/wpa_supplicant/src/utils\ip_addr.c **** #include "common.h"
  12:C:/Users/stapi/OneDrive/Desktop/GD32VW553/V1_MQTT_OK/GD32VW55X_Wifi_BLE_SDK/GD32VW55x_RELEASE_V1.0.2/MSDK/wpa_supplicant/src/utils\ip_addr.c **** #include "ip_addr.h"
  13:C:/Users/stapi/OneDrive/Desktop/GD32VW553/V1_MQTT_OK/GD32VW55X_Wifi_BLE_SDK/GD32VW55x_RELEASE_V1.0.2/MSDK/wpa_supplicant/src/utils\ip_addr.c **** 
  14:C:/Users/stapi/OneDrive/Desktop/GD32VW553/V1_MQTT_OK/GD32VW55X_Wifi_BLE_SDK/GD32VW55x_RELEASE_V1.0.2/MSDK/wpa_supplicant/src/utils\ip_addr.c **** const char * hostapd_ip_txt(const struct hostapd_ip_addr *addr, char *buf,
  15:C:/Users/stapi/OneDrive/Desktop/GD32VW553/V1_MQTT_OK/GD32VW55X_Wifi_BLE_SDK/GD32VW55x_RELEASE_V1.0.2/MSDK/wpa_supplicant/src/utils\ip_addr.c **** 			    size_t buflen)
  16:C:/Users/stapi/OneDrive/Desktop/GD32VW553/V1_MQTT_OK/GD32VW55X_Wifi_BLE_SDK/GD32VW55x_RELEASE_V1.0.2/MSDK/wpa_supplicant/src/utils\ip_addr.c **** {
  16              		.loc 1 16 1
  17              		.cfi_startproc
  18              	.LVL0:
  19 0000 17030000 		call	t0,__riscv_save_1
  19      E7020300 
  20              		.cfi_offset 8, -8
  21              		.cfi_offset 1, -4
  22              		.cfi_def_cfa_offset 16
  17:C:/Users/stapi/OneDrive/Desktop/GD32VW553/V1_MQTT_OK/GD32VW55X_Wifi_BLE_SDK/GD32VW55x_RELEASE_V1.0.2/MSDK/wpa_supplicant/src/utils\ip_addr.c **** 	if (buflen == 0 || addr == NULL)
  23              		.loc 1 17 2
  16:C:/Users/stapi/OneDrive/Desktop/GD32VW553/V1_MQTT_OK/GD32VW55X_Wifi_BLE_SDK/GD32VW55x_RELEASE_V1.0.2/MSDK/wpa_supplicant/src/utils\ip_addr.c **** 	if (buflen == 0 || addr == NULL)
  24              		.loc 1 16 1 is_stmt 0
  25 0008 4111     		addi	sp,sp,-16
  26              		.cfi_def_cfa_offset 32
  27              		.loc 1 17 5
  28 000a 0DCE     		beq	a2,zero,.L5
  29              		.loc 1 17 18 discriminator 1
  30 000c 05CD     		beq	a0,zero,.L5
  18:C:/Users/stapi/OneDrive/Desktop/GD32VW553/V1_MQTT_OK/GD32VW55X_Wifi_BLE_SDK/GD32VW55x_RELEASE_V1.0.2/MSDK/wpa_supplicant/src/utils\ip_addr.c **** 		return NULL;
  19:C:/Users/stapi/OneDrive/Desktop/GD32VW553/V1_MQTT_OK/GD32VW55X_Wifi_BLE_SDK/GD32VW55x_RELEASE_V1.0.2/MSDK/wpa_supplicant/src/utils\ip_addr.c **** 
  20:C:/Users/stapi/OneDrive/Desktop/GD32VW553/V1_MQTT_OK/GD32VW55X_Wifi_BLE_SDK/GD32VW55x_RELEASE_V1.0.2/MSDK/wpa_supplicant/src/utils\ip_addr.c **** 	if (addr->af == AF_INET) {
  31              		.loc 1 20 5
  32 000e 1841     		lw	a4,0(a0)
  33 0010 8947     		li	a5,2
  34 0012 2E84     		mv	s0,a1
  35              		.loc 1 20 2 is_stmt 1
  36              		.loc 1 20 5 is_stmt 0
  37 0014 6315F702 		bne	a4,a5,.L3
  21:C:/Users/stapi/OneDrive/Desktop/GD32VW553/V1_MQTT_OK/GD32VW55X_Wifi_BLE_SDK/GD32VW55x_RELEASE_V1.0.2/MSDK/wpa_supplicant/src/utils\ip_addr.c **** 		os_strlcpy(buf, inet_ntoa(addr->u.v4), buflen);
  38              		.loc 1 21 19
  39 0018 1105     		addi	a0,a0,4
  40              	.LVL1:
  41 001a 32C6     		sw	a2,12(sp)
  42              		.loc 1 21 3 is_stmt 1
  43              		.loc 1 21 19 is_stmt 0
  44 001c 97000000 		call	ip4addr_ntoa
  44      E7800000 
  45              	.LVL2:
  46              		.loc 1 21 3
  47 0024 3246     		lw	a2,12(sp)
  48              		.loc 1 21 19
  49 0026 AA85     		mv	a1,a0
  50              		.loc 1 21 3
  51 0028 2285     		mv	a0,s0
  52 002a 97000000 		call	os_strlcpy
  52      E7800000 
  53              	.LVL3:
  54              	.L2:
  22:C:/Users/stapi/OneDrive/Desktop/GD32VW553/V1_MQTT_OK/GD32VW55X_Wifi_BLE_SDK/GD32VW55x_RELEASE_V1.0.2/MSDK/wpa_supplicant/src/utils\ip_addr.c **** 	} else {
  23:C:/Users/stapi/OneDrive/Desktop/GD32VW553/V1_MQTT_OK/GD32VW55X_Wifi_BLE_SDK/GD32VW55x_RELEASE_V1.0.2/MSDK/wpa_supplicant/src/utils\ip_addr.c **** 		buf[0] = '\0';
  24:C:/Users/stapi/OneDrive/Desktop/GD32VW553/V1_MQTT_OK/GD32VW55X_Wifi_BLE_SDK/GD32VW55x_RELEASE_V1.0.2/MSDK/wpa_supplicant/src/utils\ip_addr.c **** 	}
  25:C:/Users/stapi/OneDrive/Desktop/GD32VW553/V1_MQTT_OK/GD32VW55X_Wifi_BLE_SDK/GD32VW55x_RELEASE_V1.0.2/MSDK/wpa_supplicant/src/utils\ip_addr.c **** #ifdef CONFIG_IPV6
  26:C:/Users/stapi/OneDrive/Desktop/GD32VW553/V1_MQTT_OK/GD32VW55X_Wifi_BLE_SDK/GD32VW55x_RELEASE_V1.0.2/MSDK/wpa_supplicant/src/utils\ip_addr.c **** 	if (addr->af == AF_INET6) {
  27:C:/Users/stapi/OneDrive/Desktop/GD32VW553/V1_MQTT_OK/GD32VW55X_Wifi_BLE_SDK/GD32VW55x_RELEASE_V1.0.2/MSDK/wpa_supplicant/src/utils\ip_addr.c **** 		if (inet_ntop(AF_INET6, &addr->u.v6, buf, buflen) == NULL)
  28:C:/Users/stapi/OneDrive/Desktop/GD32VW553/V1_MQTT_OK/GD32VW55X_Wifi_BLE_SDK/GD32VW55x_RELEASE_V1.0.2/MSDK/wpa_supplicant/src/utils\ip_addr.c **** 			buf[0] = '\0';
  29:C:/Users/stapi/OneDrive/Desktop/GD32VW553/V1_MQTT_OK/GD32VW55X_Wifi_BLE_SDK/GD32VW55x_RELEASE_V1.0.2/MSDK/wpa_supplicant/src/utils\ip_addr.c **** 	}
  30:C:/Users/stapi/OneDrive/Desktop/GD32VW553/V1_MQTT_OK/GD32VW55X_Wifi_BLE_SDK/GD32VW55x_RELEASE_V1.0.2/MSDK/wpa_supplicant/src/utils\ip_addr.c **** #endif /* CONFIG_IPV6 */
  31:C:/Users/stapi/OneDrive/Desktop/GD32VW553/V1_MQTT_OK/GD32VW55X_Wifi_BLE_SDK/GD32VW55x_RELEASE_V1.0.2/MSDK/wpa_supplicant/src/utils\ip_addr.c **** 
  32:C:/Users/stapi/OneDrive/Desktop/GD32VW553/V1_MQTT_OK/GD32VW55X_Wifi_BLE_SDK/GD32VW55x_RELEASE_V1.0.2/MSDK/wpa_supplicant/src/utils\ip_addr.c **** 	return buf;
  33:C:/Users/stapi/OneDrive/Desktop/GD32VW553/V1_MQTT_OK/GD32VW55X_Wifi_BLE_SDK/GD32VW55x_RELEASE_V1.0.2/MSDK/wpa_supplicant/src/utils\ip_addr.c **** }
  55              		.loc 1 33 1
  56 0032 2285     		mv	a0,s0
  57 0034 4101     		addi	sp,sp,16
  58              		.cfi_remember_state
  59              		.cfi_def_cfa_offset 0
  60 0036 17030000 		tail	__riscv_restore_1
  60      67000300 
  61              		.cfi_restore 8
  62              		.cfi_restore 1
  63              		.cfi_def_cfa_offset -16
  64              	.LVL4:
  65              	.L3:
  66              		.cfi_restore_state
  23:C:/Users/stapi/OneDrive/Desktop/GD32VW553/V1_MQTT_OK/GD32VW55X_Wifi_BLE_SDK/GD32VW55x_RELEASE_V1.0.2/MSDK/wpa_supplicant/src/utils\ip_addr.c **** 	}
  67              		.loc 1 23 3 is_stmt 1
  23:C:/Users/stapi/OneDrive/Desktop/GD32VW553/V1_MQTT_OK/GD32VW55X_Wifi_BLE_SDK/GD32VW55x_RELEASE_V1.0.2/MSDK/wpa_supplicant/src/utils\ip_addr.c **** 	}
  68              		.loc 1 23 10 is_stmt 0
  69 003e 23800500 		sb	zero,0(a1)
  70 0042 C5BF     		j	.L2
  71              	.LVL5:
  72              	.L5:
  18:C:/Users/stapi/OneDrive/Desktop/GD32VW553/V1_MQTT_OK/GD32VW55X_Wifi_BLE_SDK/GD32VW55x_RELEASE_V1.0.2/MSDK/wpa_supplicant/src/utils\ip_addr.c **** 
  73              		.loc 1 18 10
  74 0044 0144     		li	s0,0
  75 0046 F5B7     		j	.L2
  76              		.cfi_endproc
  77              	.LFE71:
  79              		.section	.text.hostapd_parse_ip_addr,"ax",@progbits
  80              		.align	1
  81              		.globl	hostapd_parse_ip_addr
  83              	hostapd_parse_ip_addr:
  84              	.LFB72:
  34:C:/Users/stapi/OneDrive/Desktop/GD32VW553/V1_MQTT_OK/GD32VW55X_Wifi_BLE_SDK/GD32VW55x_RELEASE_V1.0.2/MSDK/wpa_supplicant/src/utils\ip_addr.c **** 
  35:C:/Users/stapi/OneDrive/Desktop/GD32VW553/V1_MQTT_OK/GD32VW55X_Wifi_BLE_SDK/GD32VW55x_RELEASE_V1.0.2/MSDK/wpa_supplicant/src/utils\ip_addr.c **** 
  36:C:/Users/stapi/OneDrive/Desktop/GD32VW553/V1_MQTT_OK/GD32VW55X_Wifi_BLE_SDK/GD32VW55x_RELEASE_V1.0.2/MSDK/wpa_supplicant/src/utils\ip_addr.c **** int hostapd_parse_ip_addr(const char *txt, struct hostapd_ip_addr *addr)
  37:C:/Users/stapi/OneDrive/Desktop/GD32VW553/V1_MQTT_OK/GD32VW55X_Wifi_BLE_SDK/GD32VW55x_RELEASE_V1.0.2/MSDK/wpa_supplicant/src/utils\ip_addr.c **** {
  85              		.loc 1 37 1 is_stmt 1
  86              		.cfi_startproc
  87              	.LVL6:
  88 0000 17030000 		call	t0,__riscv_save_1
  88      E7020300 
  89              		.cfi_offset 8, -8
  90              		.cfi_offset 1, -4
  91              		.cfi_def_cfa_offset 16
  38:C:/Users/stapi/OneDrive/Desktop/GD32VW553/V1_MQTT_OK/GD32VW55X_Wifi_BLE_SDK/GD32VW55x_RELEASE_V1.0.2/MSDK/wpa_supplicant/src/utils\ip_addr.c **** #ifndef CONFIG_NATIVE_WINDOWS
  39:C:/Users/stapi/OneDrive/Desktop/GD32VW553/V1_MQTT_OK/GD32VW55X_Wifi_BLE_SDK/GD32VW55x_RELEASE_V1.0.2/MSDK/wpa_supplicant/src/utils\ip_addr.c **** 	if (inet_aton(txt, &addr->u.v4)) {
  92              		.loc 1 39 2
  37:C:/Users/stapi/OneDrive/Desktop/GD32VW553/V1_MQTT_OK/GD32VW55X_Wifi_BLE_SDK/GD32VW55x_RELEASE_V1.0.2/MSDK/wpa_supplicant/src/utils\ip_addr.c **** #ifndef CONFIG_NATIVE_WINDOWS
  93              		.loc 1 37 1 is_stmt 0
  94 0008 2E84     		mv	s0,a1
  95              		.loc 1 39 6
  96 000a 9105     		addi	a1,a1,4
  97              	.LVL7:
  98 000c 97000000 		call	ip4addr_aton
  98      E7800000 
  99              	.LVL8:
 100              		.loc 1 39 5
 101 0014 01C9     		beq	a0,zero,.L9
  40:C:/Users/stapi/OneDrive/Desktop/GD32VW553/V1_MQTT_OK/GD32VW55X_Wifi_BLE_SDK/GD32VW55x_RELEASE_V1.0.2/MSDK/wpa_supplicant/src/utils\ip_addr.c **** 		addr->af = AF_INET;
 102              		.loc 1 40 3 is_stmt 1
 103              		.loc 1 40 12 is_stmt 0
 104 0016 8947     		li	a5,2
 105 0018 1CC0     		sw	a5,0(s0)
  41:C:/Users/stapi/OneDrive/Desktop/GD32VW553/V1_MQTT_OK/GD32VW55X_Wifi_BLE_SDK/GD32VW55x_RELEASE_V1.0.2/MSDK/wpa_supplicant/src/utils\ip_addr.c **** 		return 0;
 106              		.loc 1 41 3 is_stmt 1
 107              		.loc 1 41 10 is_stmt 0
 108 001a 0145     		li	a0,0
 109              	.L7:
  42:C:/Users/stapi/OneDrive/Desktop/GD32VW553/V1_MQTT_OK/GD32VW55X_Wifi_BLE_SDK/GD32VW55x_RELEASE_V1.0.2/MSDK/wpa_supplicant/src/utils\ip_addr.c **** 	}
  43:C:/Users/stapi/OneDrive/Desktop/GD32VW553/V1_MQTT_OK/GD32VW55X_Wifi_BLE_SDK/GD32VW55x_RELEASE_V1.0.2/MSDK/wpa_supplicant/src/utils\ip_addr.c **** 
  44:C:/Users/stapi/OneDrive/Desktop/GD32VW553/V1_MQTT_OK/GD32VW55X_Wifi_BLE_SDK/GD32VW55x_RELEASE_V1.0.2/MSDK/wpa_supplicant/src/utils\ip_addr.c **** #ifdef CONFIG_IPV6
  45:C:/Users/stapi/OneDrive/Desktop/GD32VW553/V1_MQTT_OK/GD32VW55X_Wifi_BLE_SDK/GD32VW55x_RELEASE_V1.0.2/MSDK/wpa_supplicant/src/utils\ip_addr.c **** 	if (inet_pton(AF_INET6, txt, &addr->u.v6) > 0) {
  46:C:/Users/stapi/OneDrive/Desktop/GD32VW553/V1_MQTT_OK/GD32VW55X_Wifi_BLE_SDK/GD32VW55x_RELEASE_V1.0.2/MSDK/wpa_supplicant/src/utils\ip_addr.c **** 		addr->af = AF_INET6;
  47:C:/Users/stapi/OneDrive/Desktop/GD32VW553/V1_MQTT_OK/GD32VW55X_Wifi_BLE_SDK/GD32VW55x_RELEASE_V1.0.2/MSDK/wpa_supplicant/src/utils\ip_addr.c **** 		return 0;
  48:C:/Users/stapi/OneDrive/Desktop/GD32VW553/V1_MQTT_OK/GD32VW55X_Wifi_BLE_SDK/GD32VW55x_RELEASE_V1.0.2/MSDK/wpa_supplicant/src/utils\ip_addr.c **** 	}
  49:C:/Users/stapi/OneDrive/Desktop/GD32VW553/V1_MQTT_OK/GD32VW55X_Wifi_BLE_SDK/GD32VW55x_RELEASE_V1.0.2/MSDK/wpa_supplicant/src/utils\ip_addr.c **** #endif /* CONFIG_IPV6 */
  50:C:/Users/stapi/OneDrive/Desktop/GD32VW553/V1_MQTT_OK/GD32VW55X_Wifi_BLE_SDK/GD32VW55x_RELEASE_V1.0.2/MSDK/wpa_supplicant/src/utils\ip_addr.c **** #endif /* CONFIG_NATIVE_WINDOWS */
  51:C:/Users/stapi/OneDrive/Desktop/GD32VW553/V1_MQTT_OK/GD32VW55X_Wifi_BLE_SDK/GD32VW55x_RELEASE_V1.0.2/MSDK/wpa_supplicant/src/utils\ip_addr.c **** 
  52:C:/Users/stapi/OneDrive/Desktop/GD32VW553/V1_MQTT_OK/GD32VW55X_Wifi_BLE_SDK/GD32VW55x_RELEASE_V1.0.2/MSDK/wpa_supplicant/src/utils\ip_addr.c **** 	return -1;
  53:C:/Users/stapi/OneDrive/Desktop/GD32VW553/V1_MQTT_OK/GD32VW55X_Wifi_BLE_SDK/GD32VW55x_RELEASE_V1.0.2/MSDK/wpa_supplicant/src/utils\ip_addr.c **** }
 110              		.loc 1 53 1
 111 001c 17030000 		tail	__riscv_restore_1
 111      67000300 
 112              		.cfi_remember_state
 113              		.cfi_restore 8
 114              		.cfi_restore 1
 115              		.cfi_def_cfa_offset 0
 116              	.L9:
 117              		.cfi_restore_state
  52:C:/Users/stapi/OneDrive/Desktop/GD32VW553/V1_MQTT_OK/GD32VW55X_Wifi_BLE_SDK/GD32VW55x_RELEASE_V1.0.2/MSDK/wpa_supplicant/src/utils\ip_addr.c **** }
 118              		.loc 1 52 9
 119 0024 7D55     		li	a0,-1
 120 0026 DDBF     		j	.L7
 121              		.cfi_endproc
 122              	.LFE72:
 124              		.text
 125              	.Letext0:
 126              		.file 2 "c:\\users\\stapi\\onedrive\\desktop\\gd32vw553\\embeddedbuilder_v1.4.7.26843\\tools\\nucl
 127              		.file 3 "c:\\users\\stapi\\onedrive\\desktop\\gd32vw553\\embeddedbuilder_v1.4.7.26843\\tools\\nucl
 128              		.file 4 "c:\\users\\stapi\\onedrive\\desktop\\gd32vw553\\embeddedbuilder_v1.4.7.26843\\tools\\nucl
 129              		.file 5 "..\\..\\..\\..\\lwip\\lwip-2.1.2\\src\\include/lwip/arch.h"
 130              		.file 6 "..\\..\\..\\..\\lwip\\lwip-2.1.2\\src\\include/lwip/ip4_addr.h"
 131              		.file 7 "..\\..\\..\\..\\lwip\\lwip-2.1.2\\src\\include/lwip/inet.h"
 132              		.file 8 "C:/Users/stapi/OneDrive/Desktop/GD32VW553/V1_MQTT_OK/GD32VW55X_Wifi_BLE_SDK/GD32VW55x_REL
 133              		.file 9 "C:/Users/stapi/OneDrive/Desktop/GD32VW553/V1_MQTT_OK/GD32VW55X_Wifi_BLE_SDK/GD32VW55x_REL
 134              		.file 10 "C:/Users/stapi/OneDrive/Desktop/GD32VW553/V1_MQTT_OK/GD32VW55X_Wifi_BLE_SDK/GD32VW55x_RE
DEFINED SYMBOLS
                            *ABS*:0000000000000000 ip_addr.c
C:\Users\stapi\AppData\Local\Temp\cc9vmMu0.s:13     .text.hostapd_ip_txt:0000000000000000 hostapd_ip_txt
C:\Users\stapi\AppData\Local\Temp\cc9vmMu0.s:17     .text.hostapd_ip_txt:0000000000000000 .L0 
C:\Users\stapi\AppData\Local\Temp\cc9vmMu0.s:19     .text.hostapd_ip_txt:0000000000000000 .L0 
C:\Users\stapi\AppData\Local\Temp\cc9vmMu0.s:20     .text.hostapd_ip_txt:0000000000000008 .L0 
C:\Users\stapi\AppData\Local\Temp\cc9vmMu0.s:21     .text.hostapd_ip_txt:0000000000000008 .L0 
C:\Users\stapi\AppData\Local\Temp\cc9vmMu0.s:22     .text.hostapd_ip_txt:0000000000000008 .L0 
C:\Users\stapi\AppData\Local\Temp\cc9vmMu0.s:24     .text.hostapd_ip_txt:0000000000000008 .L0 
C:\Users\stapi\AppData\Local\Temp\cc9vmMu0.s:25     .text.hostapd_ip_txt:0000000000000008 .L0 
C:\Users\stapi\AppData\Local\Temp\cc9vmMu0.s:26     .text.hostapd_ip_txt:000000000000000a .L0 
C:\Users\stapi\AppData\Local\Temp\cc9vmMu0.s:28     .text.hostapd_ip_txt:000000000000000a .L0 
C:\Users\stapi\AppData\Local\Temp\cc9vmMu0.s:30     .text.hostapd_ip_txt:000000000000000c .L0 
C:\Users\stapi\AppData\Local\Temp\cc9vmMu0.s:32     .text.hostapd_ip_txt:000000000000000e .L0 
C:\Users\stapi\AppData\Local\Temp\cc9vmMu0.s:36     .text.hostapd_ip_txt:0000000000000014 .L0 
C:\Users\stapi\AppData\Local\Temp\cc9vmMu0.s:37     .text.hostapd_ip_txt:0000000000000014 .L0 
C:\Users\stapi\AppData\Local\Temp\cc9vmMu0.s:39     .text.hostapd_ip_txt:0000000000000018 .L0 
C:\Users\stapi\AppData\Local\Temp\cc9vmMu0.s:43     .text.hostapd_ip_txt:000000000000001c .L0 
C:\Users\stapi\AppData\Local\Temp\cc9vmMu0.s:44     .text.hostapd_ip_txt:000000000000001c .L0 
C:\Users\stapi\AppData\Local\Temp\cc9vmMu0.s:47     .text.hostapd_ip_txt:0000000000000024 .L0 
C:\Users\stapi\AppData\Local\Temp\cc9vmMu0.s:49     .text.hostapd_ip_txt:0000000000000026 .L0 
C:\Users\stapi\AppData\Local\Temp\cc9vmMu0.s:51     .text.hostapd_ip_txt:0000000000000028 .L0 
C:\Users\stapi\AppData\Local\Temp\cc9vmMu0.s:56     .text.hostapd_ip_txt:0000000000000032 .L0 
C:\Users\stapi\AppData\Local\Temp\cc9vmMu0.s:58     .text.hostapd_ip_txt:0000000000000036 .L0 
C:\Users\stapi\AppData\Local\Temp\cc9vmMu0.s:59     .text.hostapd_ip_txt:0000000000000036 .L0 
C:\Users\stapi\AppData\Local\Temp\cc9vmMu0.s:61     .text.hostapd_ip_txt:000000000000003e .L0 
C:\Users\stapi\AppData\Local\Temp\cc9vmMu0.s:62     .text.hostapd_ip_txt:000000000000003e .L0 
C:\Users\stapi\AppData\Local\Temp\cc9vmMu0.s:63     .text.hostapd_ip_txt:000000000000003e .L0 
C:\Users\stapi\AppData\Local\Temp\cc9vmMu0.s:66     .text.hostapd_ip_txt:000000000000003e .L0 
C:\Users\stapi\AppData\Local\Temp\cc9vmMu0.s:68     .text.hostapd_ip_txt:000000000000003e .L0 
C:\Users\stapi\AppData\Local\Temp\cc9vmMu0.s:69     .text.hostapd_ip_txt:000000000000003e .L0 
C:\Users\stapi\AppData\Local\Temp\cc9vmMu0.s:74     .text.hostapd_ip_txt:0000000000000044 .L0 
C:\Users\stapi\AppData\Local\Temp\cc9vmMu0.s:76     .text.hostapd_ip_txt:0000000000000048 .L0 
C:\Users\stapi\AppData\Local\Temp\cc9vmMu0.s:83     .text.hostapd_parse_ip_addr:0000000000000000 hostapd_parse_ip_addr
C:\Users\stapi\AppData\Local\Temp\cc9vmMu0.s:86     .text.hostapd_parse_ip_addr:0000000000000000 .L0 
C:\Users\stapi\AppData\Local\Temp\cc9vmMu0.s:88     .text.hostapd_parse_ip_addr:0000000000000000 .L0 
C:\Users\stapi\AppData\Local\Temp\cc9vmMu0.s:89     .text.hostapd_parse_ip_addr:0000000000000008 .L0 
C:\Users\stapi\AppData\Local\Temp\cc9vmMu0.s:90     .text.hostapd_parse_ip_addr:0000000000000008 .L0 
C:\Users\stapi\AppData\Local\Temp\cc9vmMu0.s:91     .text.hostapd_parse_ip_addr:0000000000000008 .L0 
C:\Users\stapi\AppData\Local\Temp\cc9vmMu0.s:93     .text.hostapd_parse_ip_addr:0000000000000008 .L0 
C:\Users\stapi\AppData\Local\Temp\cc9vmMu0.s:94     .text.hostapd_parse_ip_addr:0000000000000008 .L0 
C:\Users\stapi\AppData\Local\Temp\cc9vmMu0.s:96     .text.hostapd_parse_ip_addr:000000000000000a .L0 
C:\Users\stapi\AppData\Local\Temp\cc9vmMu0.s:101    .text.hostapd_parse_ip_addr:0000000000000014 .L0 
C:\Users\stapi\AppData\Local\Temp\cc9vmMu0.s:103    .text.hostapd_parse_ip_addr:0000000000000016 .L0 
C:\Users\stapi\AppData\Local\Temp\cc9vmMu0.s:104    .text.hostapd_parse_ip_addr:0000000000000016 .L0 
C:\Users\stapi\AppData\Local\Temp\cc9vmMu0.s:107    .text.hostapd_parse_ip_addr:000000000000001a .L0 
C:\Users\stapi\AppData\Local\Temp\cc9vmMu0.s:108    .text.hostapd_parse_ip_addr:000000000000001a .L0 
C:\Users\stapi\AppData\Local\Temp\cc9vmMu0.s:111    .text.hostapd_parse_ip_addr:000000000000001c .L0 
C:\Users\stapi\AppData\Local\Temp\cc9vmMu0.s:112    .text.hostapd_parse_ip_addr:0000000000000024 .L0 
C:\Users\stapi\AppData\Local\Temp\cc9vmMu0.s:113    .text.hostapd_parse_ip_addr:0000000000000024 .L0 
C:\Users\stapi\AppData\Local\Temp\cc9vmMu0.s:114    .text.hostapd_parse_ip_addr:0000000000000024 .L0 
C:\Users\stapi\AppData\Local\Temp\cc9vmMu0.s:115    .text.hostapd_parse_ip_addr:0000000000000024 .L0 
C:\Users\stapi\AppData\Local\Temp\cc9vmMu0.s:117    .text.hostapd_parse_ip_addr:0000000000000024 .L0 
C:\Users\stapi\AppData\Local\Temp\cc9vmMu0.s:119    .text.hostapd_parse_ip_addr:0000000000000024 .L0 
C:\Users\stapi\AppData\Local\Temp\cc9vmMu0.s:121    .text.hostapd_parse_ip_addr:0000000000000028 .L0 
C:\Users\stapi\AppData\Local\Temp\cc9vmMu0.s:79     .text.hostapd_ip_txt:0000000000000048 .L0 
C:\Users\stapi\AppData\Local\Temp\cc9vmMu0.s:124    .text.hostapd_parse_ip_addr:0000000000000028 .L0 
                     .debug_frame:0000000000000000 .L0 
C:\Users\stapi\AppData\Local\Temp\cc9vmMu0.s:72     .text.hostapd_ip_txt:0000000000000044 .L5
C:\Users\stapi\AppData\Local\Temp\cc9vmMu0.s:65     .text.hostapd_ip_txt:000000000000003e .L3
C:\Users\stapi\AppData\Local\Temp\cc9vmMu0.s:54     .text.hostapd_ip_txt:0000000000000032 .L2
C:\Users\stapi\AppData\Local\Temp\cc9vmMu0.s:116    .text.hostapd_parse_ip_addr:0000000000000024 .L9
C:\Users\stapi\AppData\Local\Temp\cc9vmMu0.s:109    .text.hostapd_parse_ip_addr:000000000000001c .L7
C:\Users\stapi\AppData\Local\Temp\cc9vmMu0.s:472    .debug_abbrev:0000000000000000 .Ldebug_abbrev0
C:\Users\stapi\AppData\Local\Temp\cc9vmMu0.s:960    .debug_str:00000000000001c6 .LASF31
C:\Users\stapi\AppData\Local\Temp\cc9vmMu0.s:936    .debug_str:000000000000001e .LASF32
C:\Users\stapi\AppData\Local\Temp\cc9vmMu0.s:954    .debug_str:0000000000000113 .LASF33
C:\Users\stapi\AppData\Local\Temp\cc9vmMu0.s:920    .debug_ranges:0000000000000000 .Ldebug_ranges0
C:\Users\stapi\AppData\Local\Temp\cc9vmMu0.s:928    .debug_line:0000000000000000 .Ldebug_line0
C:\Users\stapi\AppData\Local\Temp\cc9vmMu0.s:930    .debug_str:0000000000000000 .LASF2
C:\Users\stapi\AppData\Local\Temp\cc9vmMu0.s:970    .debug_str:00000000000002e0 .LASF0
C:\Users\stapi\AppData\Local\Temp\cc9vmMu0.s:990    .debug_str:0000000000000346 .LASF1
C:\Users\stapi\AppData\Local\Temp\cc9vmMu0.s:932    .debug_str:0000000000000007 .LASF3
C:\Users\stapi\AppData\Local\Temp\cc9vmMu0.s:944    .debug_str:00000000000000de .LASF4
C:\Users\stapi\AppData\Local\Temp\cc9vmMu0.s:982    .debug_str:0000000000000322 .LASF5
C:\Users\stapi\AppData\Local\Temp\cc9vmMu0.s:938    .debug_str:00000000000000ab .LASF6
C:\Users\stapi\AppData\Local\Temp\cc9vmMu0.s:986    .debug_str:0000000000000333 .LASF7
C:\Users\stapi\AppData\Local\Temp\cc9vmMu0.s:962    .debug_str:00000000000002bf .LASF8
C:\Users\stapi\AppData\Local\Temp\cc9vmMu0.s:946    .debug_str:00000000000000ec .LASF9
C:\Users\stapi\AppData\Local\Temp\cc9vmMu0.s:976    .debug_str:0000000000000300 .LASF10
C:\Users\stapi\AppData\Local\Temp\cc9vmMu0.s:942    .debug_str:00000000000000c7 .LASF11
C:\Users\stapi\AppData\Local\Temp\cc9vmMu0.s:978    .debug_str:000000000000030e .LASF12
C:\Users\stapi\AppData\Local\Temp\cc9vmMu0.s:974    .debug_str:00000000000002f8 .LASF13
C:\Users\stapi\AppData\Local\Temp\cc9vmMu0.s:952    .debug_str:000000000000010a .LASF14
C:\Users\stapi\AppData\Local\Temp\cc9vmMu0.s:964    .debug_str:00000000000002ca .LASF15
C:\Users\stapi\AppData\Local\Temp\cc9vmMu0.s:994    .debug_str:000000000000035f .LASF16
C:\Users\stapi\AppData\Local\Temp\cc9vmMu0.s:940    .debug_str:00000000000000be .LASF19
C:\Users\stapi\AppData\Local\Temp\cc9vmMu0.s:950    .debug_str:0000000000000105 .LASF21
C:\Users\stapi\AppData\Local\Temp\cc9vmMu0.s:972    .debug_str:00000000000002ed .LASF17
C:\Users\stapi\AppData\Local\Temp\cc9vmMu0.s:988    .debug_str:000000000000033c .LASF18
C:\Users\stapi\AppData\Local\Temp\cc9vmMu0.s:968    .debug_str:00000000000002d8 .LASF20
C:\Users\stapi\AppData\Local\Temp\cc9vmMu0.s:948    .debug_str:00000000000000fe .LASF22
C:\Users\stapi\AppData\Local\Temp\cc9vmMu0.s:966    .debug_str:00000000000002d0 .LASF23
C:\Users\stapi\AppData\Local\Temp\cc9vmMu0.s:996    .debug_str:0000000000000365 .LASF24
C:\Users\stapi\AppData\Local\Temp\cc9vmMu0.s:958    .debug_str:00000000000001b0 .LASF25
C:\Users\stapi\AppData\Local\Temp\cc9vmMu0.s:84     .text.hostapd_parse_ip_addr:0000000000000000 .LFB72
C:\Users\stapi\AppData\Local\Temp\cc9vmMu0.s:122    .text.hostapd_parse_ip_addr:0000000000000028 .LFE72
C:\Users\stapi\AppData\Local\Temp\cc9vmMu0.s:807    .debug_loc:0000000000000000 .LLST3
C:\Users\stapi\AppData\Local\Temp\cc9vmMu0.s:821    .debug_loc:0000000000000021 .LLST4
C:\Users\stapi\AppData\Local\Temp\cc9vmMu0.s:99     .text.hostapd_parse_ip_addr:0000000000000014 .LVL8
C:\Users\stapi\AppData\Local\Temp\cc9vmMu0.s:980    .debug_str:0000000000000313 .LASF26
C:\Users\stapi\AppData\Local\Temp\cc9vmMu0.s:14     .text.hostapd_ip_txt:0000000000000000 .LFB71
C:\Users\stapi\AppData\Local\Temp\cc9vmMu0.s:77     .text.hostapd_ip_txt:0000000000000048 .LFE71
C:\Users\stapi\AppData\Local\Temp\cc9vmMu0.s:832    .debug_loc:000000000000003f .LLST0
C:\Users\stapi\AppData\Local\Temp\cc9vmMu0.s:856    .debug_loc:0000000000000078 .LLST1
C:\Users\stapi\AppData\Local\Temp\cc9vmMu0.s:984    .debug_str:000000000000032c .LASF27
C:\Users\stapi\AppData\Local\Temp\cc9vmMu0.s:882    .debug_loc:00000000000000ba .LLST2
C:\Users\stapi\AppData\Local\Temp\cc9vmMu0.s:45     .text.hostapd_ip_txt:0000000000000024 .LVL2
C:\Users\stapi\AppData\Local\Temp\cc9vmMu0.s:53     .text.hostapd_ip_txt:0000000000000032 .LVL3
C:\Users\stapi\AppData\Local\Temp\cc9vmMu0.s:992    .debug_str:0000000000000352 .LASF28
C:\Users\stapi\AppData\Local\Temp\cc9vmMu0.s:934    .debug_str:0000000000000011 .LASF29
C:\Users\stapi\AppData\Local\Temp\cc9vmMu0.s:956    .debug_str:00000000000001a5 .LASF30
C:\Users\stapi\AppData\Local\Temp\cc9vmMu0.s:87     .text.hostapd_parse_ip_addr:0000000000000000 .LVL6
C:\Users\stapi\AppData\Local\Temp\cc9vmMu0.s:97     .text.hostapd_parse_ip_addr:000000000000000c .LVL7
C:\Users\stapi\AppData\Local\Temp\cc9vmMu0.s:18     .text.hostapd_ip_txt:0000000000000000 .LVL0
C:\Users\stapi\AppData\Local\Temp\cc9vmMu0.s:40     .text.hostapd_ip_txt:000000000000001a .LVL1
C:\Users\stapi\AppData\Local\Temp\cc9vmMu0.s:64     .text.hostapd_ip_txt:000000000000003e .LVL4
C:\Users\stapi\AppData\Local\Temp\cc9vmMu0.s:71     .text.hostapd_ip_txt:0000000000000044 .LVL5
C:\Users\stapi\AppData\Local\Temp\cc9vmMu0.s:136    .debug_info:0000000000000000 .Ldebug_info0

UNDEFINED SYMBOLS
__riscv_save_1
ip4addr_ntoa
os_strlcpy
__riscv_restore_1
ip4addr_aton
