   1              		.file	"user_setting.c"
   2              		.option nopic
   3              		.attribute arch, "rv32i2p0_m2p0_a2p0_f2p0_c2p0_b_p0p94"
   4              		.attribute unaligned_access, 0
   5              		.attribute stack_align, 16
   6              		.text
   7              	.Ltext0:
   8              		.cfi_sections	.debug_frame
   9              		.section	.text.user_setting_init,"ax",@progbits
  10              		.align	1
  11              		.globl	user_setting_init
  13              	user_setting_init:
  14              	.LFB0:
  15              		.file 1 "C:/Users/stapi/OneDrive/Desktop/GD32VW553/GD32VW55X_Wifi_BLE_SDK/GD32VW55x_RELEASE_V1.0.2
   1:C:/Users/stapi/OneDrive/Desktop/GD32VW553/GD32VW55X_Wifi_BLE_SDK/GD32VW55x_RELEASE_V1.0.2/MSDK/util/src\user_setting.c **** /*!
   2:C:/Users/stapi/OneDrive/Desktop/GD32VW553/GD32VW55X_Wifi_BLE_SDK/GD32VW55x_RELEASE_V1.0.2/MSDK/util/src\user_setting.c ****     \file    user_setting.c
   3:C:/Users/stapi/OneDrive/Desktop/GD32VW553/GD32VW55X_Wifi_BLE_SDK/GD32VW55x_RELEASE_V1.0.2/MSDK/util/src\user_setting.c ****     \brief   User setting for GD32VW55x SDK.
   4:C:/Users/stapi/OneDrive/Desktop/GD32VW553/GD32VW55X_Wifi_BLE_SDK/GD32VW55x_RELEASE_V1.0.2/MSDK/util/src\user_setting.c **** 
   5:C:/Users/stapi/OneDrive/Desktop/GD32VW553/GD32VW55X_Wifi_BLE_SDK/GD32VW55x_RELEASE_V1.0.2/MSDK/util/src\user_setting.c ****     \version 2024-01-20, V1.0.0, firmware for GD32VW55x
   6:C:/Users/stapi/OneDrive/Desktop/GD32VW553/GD32VW55X_Wifi_BLE_SDK/GD32VW55x_RELEASE_V1.0.2/MSDK/util/src\user_setting.c **** */
   7:C:/Users/stapi/OneDrive/Desktop/GD32VW553/GD32VW55X_Wifi_BLE_SDK/GD32VW55x_RELEASE_V1.0.2/MSDK/util/src\user_setting.c **** 
   8:C:/Users/stapi/OneDrive/Desktop/GD32VW553/GD32VW55X_Wifi_BLE_SDK/GD32VW55x_RELEASE_V1.0.2/MSDK/util/src\user_setting.c **** /*
   9:C:/Users/stapi/OneDrive/Desktop/GD32VW553/GD32VW55X_Wifi_BLE_SDK/GD32VW55x_RELEASE_V1.0.2/MSDK/util/src\user_setting.c ****     Copyright (c) 2023, GigaDevice Semiconductor Inc.
  10:C:/Users/stapi/OneDrive/Desktop/GD32VW553/GD32VW55X_Wifi_BLE_SDK/GD32VW55x_RELEASE_V1.0.2/MSDK/util/src\user_setting.c **** 
  11:C:/Users/stapi/OneDrive/Desktop/GD32VW553/GD32VW55X_Wifi_BLE_SDK/GD32VW55x_RELEASE_V1.0.2/MSDK/util/src\user_setting.c ****     Redistribution and use in source and binary forms, with or without modification,
  12:C:/Users/stapi/OneDrive/Desktop/GD32VW553/GD32VW55X_Wifi_BLE_SDK/GD32VW55x_RELEASE_V1.0.2/MSDK/util/src\user_setting.c **** are permitted provided that the following conditions are met:
  13:C:/Users/stapi/OneDrive/Desktop/GD32VW553/GD32VW55X_Wifi_BLE_SDK/GD32VW55x_RELEASE_V1.0.2/MSDK/util/src\user_setting.c **** 
  14:C:/Users/stapi/OneDrive/Desktop/GD32VW553/GD32VW55X_Wifi_BLE_SDK/GD32VW55x_RELEASE_V1.0.2/MSDK/util/src\user_setting.c ****     1. Redistributions of source code must retain the above copyright notice, this
  15:C:/Users/stapi/OneDrive/Desktop/GD32VW553/GD32VW55X_Wifi_BLE_SDK/GD32VW55x_RELEASE_V1.0.2/MSDK/util/src\user_setting.c ****        list of conditions and the following disclaimer.
  16:C:/Users/stapi/OneDrive/Desktop/GD32VW553/GD32VW55X_Wifi_BLE_SDK/GD32VW55x_RELEASE_V1.0.2/MSDK/util/src\user_setting.c ****     2. Redistributions in binary form must reproduce the above copyright notice,
  17:C:/Users/stapi/OneDrive/Desktop/GD32VW553/GD32VW55X_Wifi_BLE_SDK/GD32VW55x_RELEASE_V1.0.2/MSDK/util/src\user_setting.c ****        this list of conditions and the following disclaimer in the documentation
  18:C:/Users/stapi/OneDrive/Desktop/GD32VW553/GD32VW55X_Wifi_BLE_SDK/GD32VW55x_RELEASE_V1.0.2/MSDK/util/src\user_setting.c ****        and/or other materials provided with the distribution.
  19:C:/Users/stapi/OneDrive/Desktop/GD32VW553/GD32VW55X_Wifi_BLE_SDK/GD32VW55x_RELEASE_V1.0.2/MSDK/util/src\user_setting.c ****     3. Neither the name of the copyright holder nor the names of its contributors
  20:C:/Users/stapi/OneDrive/Desktop/GD32VW553/GD32VW55X_Wifi_BLE_SDK/GD32VW55x_RELEASE_V1.0.2/MSDK/util/src\user_setting.c ****        may be used to endorse or promote products derived from this software without
  21:C:/Users/stapi/OneDrive/Desktop/GD32VW553/GD32VW55X_Wifi_BLE_SDK/GD32VW55x_RELEASE_V1.0.2/MSDK/util/src\user_setting.c ****        specific prior written permission.
  22:C:/Users/stapi/OneDrive/Desktop/GD32VW553/GD32VW55X_Wifi_BLE_SDK/GD32VW55x_RELEASE_V1.0.2/MSDK/util/src\user_setting.c **** 
  23:C:/Users/stapi/OneDrive/Desktop/GD32VW553/GD32VW55X_Wifi_BLE_SDK/GD32VW55x_RELEASE_V1.0.2/MSDK/util/src\user_setting.c ****     THIS SOFTWARE IS PROVIDED BY THE COPYRIGHT HOLDERS AND CONTRIBUTORS "AS IS"
  24:C:/Users/stapi/OneDrive/Desktop/GD32VW553/GD32VW55X_Wifi_BLE_SDK/GD32VW55x_RELEASE_V1.0.2/MSDK/util/src\user_setting.c **** AND ANY EXPRESS OR IMPLIED WARRANTIES, INCLUDING, BUT NOT LIMITED TO, THE IMPLIED
  25:C:/Users/stapi/OneDrive/Desktop/GD32VW553/GD32VW55X_Wifi_BLE_SDK/GD32VW55x_RELEASE_V1.0.2/MSDK/util/src\user_setting.c **** WARRANTIES OF MERCHANTABILITY AND FITNESS FOR A PARTICULAR PURPOSE ARE DISCLAIMED.
  26:C:/Users/stapi/OneDrive/Desktop/GD32VW553/GD32VW55X_Wifi_BLE_SDK/GD32VW55x_RELEASE_V1.0.2/MSDK/util/src\user_setting.c **** IN NO EVENT SHALL THE COPYRIGHT HOLDER OR CONTRIBUTORS BE LIABLE FOR ANY DIRECT,
  27:C:/Users/stapi/OneDrive/Desktop/GD32VW553/GD32VW55X_Wifi_BLE_SDK/GD32VW55x_RELEASE_V1.0.2/MSDK/util/src\user_setting.c **** INDIRECT, INCIDENTAL, SPECIAL, EXEMPLARY, OR CONSEQUENTIAL DAMAGES (INCLUDING, BUT
  28:C:/Users/stapi/OneDrive/Desktop/GD32VW553/GD32VW55X_Wifi_BLE_SDK/GD32VW55x_RELEASE_V1.0.2/MSDK/util/src\user_setting.c **** NOT LIMITED TO, PROCUREMENT OF SUBSTITUTE GOODS OR SERVICES; LOSS OF USE, DATA, OR
  29:C:/Users/stapi/OneDrive/Desktop/GD32VW553/GD32VW55X_Wifi_BLE_SDK/GD32VW55x_RELEASE_V1.0.2/MSDK/util/src\user_setting.c **** PROFITS; OR BUSINESS INTERRUPTION) HOWEVER CAUSED AND ON ANY THEORY OF LIABILITY,
  30:C:/Users/stapi/OneDrive/Desktop/GD32VW553/GD32VW55X_Wifi_BLE_SDK/GD32VW55x_RELEASE_V1.0.2/MSDK/util/src\user_setting.c **** WHETHER IN CONTRACT, STRICT LIABILITY, OR TORT (INCLUDING NEGLIGENCE OR OTHERWISE)
  31:C:/Users/stapi/OneDrive/Desktop/GD32VW553/GD32VW55X_Wifi_BLE_SDK/GD32VW55x_RELEASE_V1.0.2/MSDK/util/src\user_setting.c **** ARISING IN ANY WAY OUT OF THE USE OF THIS SOFTWARE, EVEN IF ADVISED OF THE POSSIBILITY
  32:C:/Users/stapi/OneDrive/Desktop/GD32VW553/GD32VW55X_Wifi_BLE_SDK/GD32VW55x_RELEASE_V1.0.2/MSDK/util/src\user_setting.c **** OF SUCH DAMAGE.
  33:C:/Users/stapi/OneDrive/Desktop/GD32VW553/GD32VW55X_Wifi_BLE_SDK/GD32VW55x_RELEASE_V1.0.2/MSDK/util/src\user_setting.c **** */
  34:C:/Users/stapi/OneDrive/Desktop/GD32VW553/GD32VW55X_Wifi_BLE_SDK/GD32VW55x_RELEASE_V1.0.2/MSDK/util/src\user_setting.c **** #include <stdint.h>
  35:C:/Users/stapi/OneDrive/Desktop/GD32VW553/GD32VW55X_Wifi_BLE_SDK/GD32VW55x_RELEASE_V1.0.2/MSDK/util/src\user_setting.c **** #include "platform_def.h"
  36:C:/Users/stapi/OneDrive/Desktop/GD32VW553/GD32VW55X_Wifi_BLE_SDK/GD32VW55x_RELEASE_V1.0.2/MSDK/util/src\user_setting.c **** #include "user_setting.h"
  37:C:/Users/stapi/OneDrive/Desktop/GD32VW553/GD32VW55X_Wifi_BLE_SDK/GD32VW55x_RELEASE_V1.0.2/MSDK/util/src\user_setting.c **** 
  38:C:/Users/stapi/OneDrive/Desktop/GD32VW553/GD32VW55X_Wifi_BLE_SDK/GD32VW55x_RELEASE_V1.0.2/MSDK/util/src\user_setting.c **** user_setting_param_t user_setting;
  39:C:/Users/stapi/OneDrive/Desktop/GD32VW553/GD32VW55X_Wifi_BLE_SDK/GD32VW55x_RELEASE_V1.0.2/MSDK/util/src\user_setting.c **** 
  40:C:/Users/stapi/OneDrive/Desktop/GD32VW553/GD32VW55X_Wifi_BLE_SDK/GD32VW55x_RELEASE_V1.0.2/MSDK/util/src\user_setting.c **** /* power by rate table */
  41:C:/Users/stapi/OneDrive/Desktop/GD32VW553/GD32VW55X_Wifi_BLE_SDK/GD32VW55x_RELEASE_V1.0.2/MSDK/util/src\user_setting.c **** /* !!!don't change table name and size!!! */
  42:C:/Users/stapi/OneDrive/Desktop/GD32VW553/GD32VW55X_Wifi_BLE_SDK/GD32VW55x_RELEASE_V1.0.2/MSDK/util/src\user_setting.c **** /* if use, please set user_setting.pwrbyrate_tbl_user_enable = 1 in func user_setting_init, default
  43:C:/Users/stapi/OneDrive/Desktop/GD32VW553/GD32VW55X_Wifi_BLE_SDK/GD32VW55x_RELEASE_V1.0.2/MSDK/util/src\user_setting.c **** /* base power: CCK-17dbm, OFDM-15dbm, HT20-14dbm, HE20-14dbm */
  44:C:/Users/stapi/OneDrive/Desktop/GD32VW553/GD32VW55X_Wifi_BLE_SDK/GD32VW55x_RELEASE_V1.0.2/MSDK/util/src\user_setting.c **** /* step unit: 0.5db */
  45:C:/Users/stapi/OneDrive/Desktop/GD32VW553/GD32VW55X_Wifi_BLE_SDK/GD32VW55x_RELEASE_V1.0.2/MSDK/util/src\user_setting.c **** int8_t pwr_by_rate_sw_tbl_user[RATE_CATEGORY][10] = {
  46:C:/Users/stapi/OneDrive/Desktop/GD32VW553/GD32VW55X_Wifi_BLE_SDK/GD32VW55x_RELEASE_V1.0.2/MSDK/util/src\user_setting.c ****     {0, 0, 2, 2, -16, -16, -16, -16, -16, -16},  // CCK {11M, 5.5M, 2M, 1M}
  47:C:/Users/stapi/OneDrive/Desktop/GD32VW553/GD32VW55X_Wifi_BLE_SDK/GD32VW55x_RELEASE_V1.0.2/MSDK/util/src\user_setting.c ****     {0, 0, 2, 2, 4, 4, 6, 6, -16, -16},  // OFDM {54M, 48M, 36M, 24M, 18M, 12M, 9M, 6M}
  48:C:/Users/stapi/OneDrive/Desktop/GD32VW553/GD32VW55X_Wifi_BLE_SDK/GD32VW55x_RELEASE_V1.0.2/MSDK/util/src\user_setting.c ****     {0, 2, 2, 4, 4, 6, 6, 8, -16, -16},  // HT20 {MCS7, MCS6, MCS5, MCS4, MCS3, MCS2, MCS1, MCS0}
  49:C:/Users/stapi/OneDrive/Desktop/GD32VW553/GD32VW55X_Wifi_BLE_SDK/GD32VW55x_RELEASE_V1.0.2/MSDK/util/src\user_setting.c ****     {-4, -2, 0, 2, 2, 4, 4, 6, 6, 8},  // HE20&TB {MCS9, MCS8, MCS7, MCS6, MCS5, MCS4, MCS3, MCS2, 
  50:C:/Users/stapi/OneDrive/Desktop/GD32VW553/GD32VW55X_Wifi_BLE_SDK/GD32VW55x_RELEASE_V1.0.2/MSDK/util/src\user_setting.c **** };
  51:C:/Users/stapi/OneDrive/Desktop/GD32VW553/GD32VW55X_Wifi_BLE_SDK/GD32VW55x_RELEASE_V1.0.2/MSDK/util/src\user_setting.c **** 
  52:C:/Users/stapi/OneDrive/Desktop/GD32VW553/GD32VW55X_Wifi_BLE_SDK/GD32VW55x_RELEASE_V1.0.2/MSDK/util/src\user_setting.c **** /* power limit table for FCC */
  53:C:/Users/stapi/OneDrive/Desktop/GD32VW553/GD32VW55X_Wifi_BLE_SDK/GD32VW55x_RELEASE_V1.0.2/MSDK/util/src\user_setting.c **** /* !!!don't change table name and size!!! */
  54:C:/Users/stapi/OneDrive/Desktop/GD32VW553/GD32VW55X_Wifi_BLE_SDK/GD32VW55x_RELEASE_V1.0.2/MSDK/util/src\user_setting.c **** /* base power: CCK-17dbm, OFDM-15dbm, HT20-14dbm, HE20-14dbm */
  55:C:/Users/stapi/OneDrive/Desktop/GD32VW553/GD32VW55X_Wifi_BLE_SDK/GD32VW55x_RELEASE_V1.0.2/MSDK/util/src\user_setting.c **** /* step unit: 1db */
  56:C:/Users/stapi/OneDrive/Desktop/GD32VW553/GD32VW55X_Wifi_BLE_SDK/GD32VW55x_RELEASE_V1.0.2/MSDK/util/src\user_setting.c **** const int8_t pwr_limit_tbl_fcc_user[RATE_CATEGORY][11] = {
  57:C:/Users/stapi/OneDrive/Desktop/GD32VW553/GD32VW55X_Wifi_BLE_SDK/GD32VW55x_RELEASE_V1.0.2/MSDK/util/src\user_setting.c ****     {0, 1, 1, 1, 1, 1, 1, 1, 1, 1, 0},                      // CCK
  58:C:/Users/stapi/OneDrive/Desktop/GD32VW553/GD32VW55X_Wifi_BLE_SDK/GD32VW55x_RELEASE_V1.0.2/MSDK/util/src\user_setting.c ****     {0, 1, 1, 1, 1, 1, 1, 1, 1, 1, 0},                    // OFDM
  59:C:/Users/stapi/OneDrive/Desktop/GD32VW553/GD32VW55X_Wifi_BLE_SDK/GD32VW55x_RELEASE_V1.0.2/MSDK/util/src\user_setting.c ****     {0, 2, 2, 2, 2, 2, 2, 2, 2, 2, 0},                    // HT20
  60:C:/Users/stapi/OneDrive/Desktop/GD32VW553/GD32VW55X_Wifi_BLE_SDK/GD32VW55x_RELEASE_V1.0.2/MSDK/util/src\user_setting.c ****     {0, 2, 2, 2, 2, 2, 2, 2, 2, 2, 0},                    // HE20
  61:C:/Users/stapi/OneDrive/Desktop/GD32VW553/GD32VW55X_Wifi_BLE_SDK/GD32VW55x_RELEASE_V1.0.2/MSDK/util/src\user_setting.c **** };
  62:C:/Users/stapi/OneDrive/Desktop/GD32VW553/GD32VW55X_Wifi_BLE_SDK/GD32VW55x_RELEASE_V1.0.2/MSDK/util/src\user_setting.c **** 
  63:C:/Users/stapi/OneDrive/Desktop/GD32VW553/GD32VW55X_Wifi_BLE_SDK/GD32VW55x_RELEASE_V1.0.2/MSDK/util/src\user_setting.c **** /* power limit table for CE/SRRC(old) */
  64:C:/Users/stapi/OneDrive/Desktop/GD32VW553/GD32VW55X_Wifi_BLE_SDK/GD32VW55x_RELEASE_V1.0.2/MSDK/util/src\user_setting.c **** /* !!!don't change table name and size!!! */
  65:C:/Users/stapi/OneDrive/Desktop/GD32VW553/GD32VW55X_Wifi_BLE_SDK/GD32VW55x_RELEASE_V1.0.2/MSDK/util/src\user_setting.c **** /* base power: CCK-17dbm, OFDM-15dbm, HT20-14dbm, HE20-14dbm */
  66:C:/Users/stapi/OneDrive/Desktop/GD32VW553/GD32VW55X_Wifi_BLE_SDK/GD32VW55x_RELEASE_V1.0.2/MSDK/util/src\user_setting.c **** /* step unit: 1db */
  67:C:/Users/stapi/OneDrive/Desktop/GD32VW553/GD32VW55X_Wifi_BLE_SDK/GD32VW55x_RELEASE_V1.0.2/MSDK/util/src\user_setting.c **** const int8_t pwr_limit_tbl_etsi_user[RATE_CATEGORY][13] = {
  68:C:/Users/stapi/OneDrive/Desktop/GD32VW553/GD32VW55X_Wifi_BLE_SDK/GD32VW55x_RELEASE_V1.0.2/MSDK/util/src\user_setting.c ****     {-2, -2, -2, -2, -2, -2, -2, -2, -2, -2, -2, -2, -2},   // CCK
  69:C:/Users/stapi/OneDrive/Desktop/GD32VW553/GD32VW55X_Wifi_BLE_SDK/GD32VW55x_RELEASE_V1.0.2/MSDK/util/src\user_setting.c ****     {0, 0, 0, 0, 0, 0, 0, 0, 0, 0, 0, 0, 0},                // OFDM
  70:C:/Users/stapi/OneDrive/Desktop/GD32VW553/GD32VW55X_Wifi_BLE_SDK/GD32VW55x_RELEASE_V1.0.2/MSDK/util/src\user_setting.c ****     {0, 1, 1, 1, 1, 1, 1, 1, 1, 1, 1, 1, 0},                // HT20
  71:C:/Users/stapi/OneDrive/Desktop/GD32VW553/GD32VW55X_Wifi_BLE_SDK/GD32VW55x_RELEASE_V1.0.2/MSDK/util/src\user_setting.c ****     {0, 1, 1, 1, 1, 1, 1, 1, 1, 1, 1, 1, 0},                // HE20
  72:C:/Users/stapi/OneDrive/Desktop/GD32VW553/GD32VW55X_Wifi_BLE_SDK/GD32VW55x_RELEASE_V1.0.2/MSDK/util/src\user_setting.c **** };
  73:C:/Users/stapi/OneDrive/Desktop/GD32VW553/GD32VW55X_Wifi_BLE_SDK/GD32VW55x_RELEASE_V1.0.2/MSDK/util/src\user_setting.c **** 
  74:C:/Users/stapi/OneDrive/Desktop/GD32VW553/GD32VW55X_Wifi_BLE_SDK/GD32VW55x_RELEASE_V1.0.2/MSDK/util/src\user_setting.c **** /* power limit table for TELEC */
  75:C:/Users/stapi/OneDrive/Desktop/GD32VW553/GD32VW55X_Wifi_BLE_SDK/GD32VW55x_RELEASE_V1.0.2/MSDK/util/src\user_setting.c **** /* !!!don't change table name and size!!! */
  76:C:/Users/stapi/OneDrive/Desktop/GD32VW553/GD32VW55X_Wifi_BLE_SDK/GD32VW55x_RELEASE_V1.0.2/MSDK/util/src\user_setting.c **** /* base power: CCK-17dbm, OFDM-15dbm, HT20-14dbm, HE20-14dbm */
  77:C:/Users/stapi/OneDrive/Desktop/GD32VW553/GD32VW55X_Wifi_BLE_SDK/GD32VW55x_RELEASE_V1.0.2/MSDK/util/src\user_setting.c **** /* step unit: 1db */
  78:C:/Users/stapi/OneDrive/Desktop/GD32VW553/GD32VW55X_Wifi_BLE_SDK/GD32VW55x_RELEASE_V1.0.2/MSDK/util/src\user_setting.c **** const int8_t pwr_limit_tbl_telec_user[RATE_CATEGORY][14] = {
  79:C:/Users/stapi/OneDrive/Desktop/GD32VW553/GD32VW55X_Wifi_BLE_SDK/GD32VW55x_RELEASE_V1.0.2/MSDK/util/src\user_setting.c ****     {-1, -1, -1, -1, -1, -1, -1, -1, -1, -1, -1, -1, -1, -1},  // CCK
  80:C:/Users/stapi/OneDrive/Desktop/GD32VW553/GD32VW55X_Wifi_BLE_SDK/GD32VW55x_RELEASE_V1.0.2/MSDK/util/src\user_setting.c ****     {0, 0, 0, 0, 0, 0, 0, 0, 0, 0, 0, 0, 0, 0},                // OFDM
  81:C:/Users/stapi/OneDrive/Desktop/GD32VW553/GD32VW55X_Wifi_BLE_SDK/GD32VW55x_RELEASE_V1.0.2/MSDK/util/src\user_setting.c ****     {0, 1, 1, 1, 1, 1, 1, 1, 1, 1, 1, 1, 0, 0},                // HT20
  82:C:/Users/stapi/OneDrive/Desktop/GD32VW553/GD32VW55X_Wifi_BLE_SDK/GD32VW55x_RELEASE_V1.0.2/MSDK/util/src\user_setting.c ****     {0, 1, 1, 1, 1, 1, 1, 1, 1, 1, 1, 1, 0, 0},                // HE20
  83:C:/Users/stapi/OneDrive/Desktop/GD32VW553/GD32VW55X_Wifi_BLE_SDK/GD32VW55x_RELEASE_V1.0.2/MSDK/util/src\user_setting.c **** };
  84:C:/Users/stapi/OneDrive/Desktop/GD32VW553/GD32VW55X_Wifi_BLE_SDK/GD32VW55x_RELEASE_V1.0.2/MSDK/util/src\user_setting.c **** 
  85:C:/Users/stapi/OneDrive/Desktop/GD32VW553/GD32VW55X_Wifi_BLE_SDK/GD32VW55x_RELEASE_V1.0.2/MSDK/util/src\user_setting.c **** /* power limit table for SRRC(new) */
  86:C:/Users/stapi/OneDrive/Desktop/GD32VW553/GD32VW55X_Wifi_BLE_SDK/GD32VW55x_RELEASE_V1.0.2/MSDK/util/src\user_setting.c **** /* !!!don't change table name and size!!! */
  87:C:/Users/stapi/OneDrive/Desktop/GD32VW553/GD32VW55X_Wifi_BLE_SDK/GD32VW55x_RELEASE_V1.0.2/MSDK/util/src\user_setting.c **** /* base power: CCK-17dbm, OFDM-15dbm, HT20-14dbm, HE20-14dbm */
  88:C:/Users/stapi/OneDrive/Desktop/GD32VW553/GD32VW55X_Wifi_BLE_SDK/GD32VW55x_RELEASE_V1.0.2/MSDK/util/src\user_setting.c **** /* step unit: 1db */
  89:C:/Users/stapi/OneDrive/Desktop/GD32VW553/GD32VW55X_Wifi_BLE_SDK/GD32VW55x_RELEASE_V1.0.2/MSDK/util/src\user_setting.c **** const int8_t pwr_limit_tbl_srrc_user[RATE_CATEGORY][13] = {
  90:C:/Users/stapi/OneDrive/Desktop/GD32VW553/GD32VW55X_Wifi_BLE_SDK/GD32VW55x_RELEASE_V1.0.2/MSDK/util/src\user_setting.c ****     {-2, -2, -2, -2, -2, -2, -2, -2, -2, -2, -2, -2, -2},   // CCK
  91:C:/Users/stapi/OneDrive/Desktop/GD32VW553/GD32VW55X_Wifi_BLE_SDK/GD32VW55x_RELEASE_V1.0.2/MSDK/util/src\user_setting.c ****     {0, 0, 0, 0, 0, 0, 0, 0, 0, 0, 0, -2, -8},             // OFDM
  92:C:/Users/stapi/OneDrive/Desktop/GD32VW553/GD32VW55X_Wifi_BLE_SDK/GD32VW55x_RELEASE_V1.0.2/MSDK/util/src\user_setting.c ****     {1, 1, 1, 1, 1, 1, 1, 1, 1, 1, 1, -1, -8},             // HT20
  93:C:/Users/stapi/OneDrive/Desktop/GD32VW553/GD32VW55X_Wifi_BLE_SDK/GD32VW55x_RELEASE_V1.0.2/MSDK/util/src\user_setting.c ****     {1, 1, 1, 1, 1, 1, 1, 1, 1, 1, 1, -1, -7},             // HE20
  94:C:/Users/stapi/OneDrive/Desktop/GD32VW553/GD32VW55X_Wifi_BLE_SDK/GD32VW55x_RELEASE_V1.0.2/MSDK/util/src\user_setting.c **** };
  95:C:/Users/stapi/OneDrive/Desktop/GD32VW553/GD32VW55X_Wifi_BLE_SDK/GD32VW55x_RELEASE_V1.0.2/MSDK/util/src\user_setting.c **** 
  96:C:/Users/stapi/OneDrive/Desktop/GD32VW553/GD32VW55X_Wifi_BLE_SDK/GD32VW55x_RELEASE_V1.0.2/MSDK/util/src\user_setting.c **** /* BLE max transmit power(dbm) */
  97:C:/Users/stapi/OneDrive/Desktop/GD32VW553/GD32VW55X_Wifi_BLE_SDK/GD32VW55x_RELEASE_V1.0.2/MSDK/util/src\user_setting.c **** /* !!!don't change table name and size!!! */
  98:C:/Users/stapi/OneDrive/Desktop/GD32VW553/GD32VW55X_Wifi_BLE_SDK/GD32VW55x_RELEASE_V1.0.2/MSDK/util/src\user_setting.c **** /* valid value: -12, -6, 0, 4, 8, 12, 15 */
  99:C:/Users/stapi/OneDrive/Desktop/GD32VW553/GD32VW55X_Wifi_BLE_SDK/GD32VW55x_RELEASE_V1.0.2/MSDK/util/src\user_setting.c **** const int8_t ble_max_pwr_tbl_user[5][4] = {
 100:C:/Users/stapi/OneDrive/Desktop/GD32VW553/GD32VW55X_Wifi_BLE_SDK/GD32VW55x_RELEASE_V1.0.2/MSDK/util/src\user_setting.c ****   /* 1M  2M  S8  S2 */
 101:C:/Users/stapi/OneDrive/Desktop/GD32VW553/GD32VW55X_Wifi_BLE_SDK/GD32VW55x_RELEASE_V1.0.2/MSDK/util/src\user_setting.c ****     { 8,  8,  8,  8},   // Global domain
 102:C:/Users/stapi/OneDrive/Desktop/GD32VW553/GD32VW55X_Wifi_BLE_SDK/GD32VW55x_RELEASE_V1.0.2/MSDK/util/src\user_setting.c ****     {15,  8, 15, 15},   // FCC
 103:C:/Users/stapi/OneDrive/Desktop/GD32VW553/GD32VW55X_Wifi_BLE_SDK/GD32VW55x_RELEASE_V1.0.2/MSDK/util/src\user_setting.c ****     { 4,  4,  4,  4},   // CE
 104:C:/Users/stapi/OneDrive/Desktop/GD32VW553/GD32VW55X_Wifi_BLE_SDK/GD32VW55x_RELEASE_V1.0.2/MSDK/util/src\user_setting.c ****     { 4,  4,  4,  4},   // TELEC
 105:C:/Users/stapi/OneDrive/Desktop/GD32VW553/GD32VW55X_Wifi_BLE_SDK/GD32VW55x_RELEASE_V1.0.2/MSDK/util/src\user_setting.c ****     { 4,  4,  4,  4},   // SRRC
 106:C:/Users/stapi/OneDrive/Desktop/GD32VW553/GD32VW55X_Wifi_BLE_SDK/GD32VW55x_RELEASE_V1.0.2/MSDK/util/src\user_setting.c **** };
 107:C:/Users/stapi/OneDrive/Desktop/GD32VW553/GD32VW55X_Wifi_BLE_SDK/GD32VW55x_RELEASE_V1.0.2/MSDK/util/src\user_setting.c **** 
 108:C:/Users/stapi/OneDrive/Desktop/GD32VW553/GD32VW55X_Wifi_BLE_SDK/GD32VW55x_RELEASE_V1.0.2/MSDK/util/src\user_setting.c **** /* BLE target tx power(dbm) */
 109:C:/Users/stapi/OneDrive/Desktop/GD32VW553/GD32VW55X_Wifi_BLE_SDK/GD32VW55x_RELEASE_V1.0.2/MSDK/util/src\user_setting.c **** /* !!!don't change table name and size!!! */
 110:C:/Users/stapi/OneDrive/Desktop/GD32VW553/GD32VW55X_Wifi_BLE_SDK/GD32VW55x_RELEASE_V1.0.2/MSDK/util/src\user_setting.c **** /* valid value: -24, -21, -18, -15, -12, -9, -6, -3, 0, 2, 4, 6, 8, 10, 12, 15 */
 111:C:/Users/stapi/OneDrive/Desktop/GD32VW553/GD32VW55X_Wifi_BLE_SDK/GD32VW55x_RELEASE_V1.0.2/MSDK/util/src\user_setting.c **** const int8_t ble_tgt_pwr_tbl_user[5][4] = {
 112:C:/Users/stapi/OneDrive/Desktop/GD32VW553/GD32VW55X_Wifi_BLE_SDK/GD32VW55x_RELEASE_V1.0.2/MSDK/util/src\user_setting.c ****   /* 1M  2M  S8  S2 */
 113:C:/Users/stapi/OneDrive/Desktop/GD32VW553/GD32VW55X_Wifi_BLE_SDK/GD32VW55x_RELEASE_V1.0.2/MSDK/util/src\user_setting.c ****     { 0,  0,  0,  0},   // Global domain
 114:C:/Users/stapi/OneDrive/Desktop/GD32VW553/GD32VW55X_Wifi_BLE_SDK/GD32VW55x_RELEASE_V1.0.2/MSDK/util/src\user_setting.c ****     { 0,  0,  0,  0},   // FCC
 115:C:/Users/stapi/OneDrive/Desktop/GD32VW553/GD32VW55X_Wifi_BLE_SDK/GD32VW55x_RELEASE_V1.0.2/MSDK/util/src\user_setting.c ****     { 0,  0,  0,  0},   // CE
 116:C:/Users/stapi/OneDrive/Desktop/GD32VW553/GD32VW55X_Wifi_BLE_SDK/GD32VW55x_RELEASE_V1.0.2/MSDK/util/src\user_setting.c ****     { 0,  0,  0,  0},   // TELEC
 117:C:/Users/stapi/OneDrive/Desktop/GD32VW553/GD32VW55X_Wifi_BLE_SDK/GD32VW55x_RELEASE_V1.0.2/MSDK/util/src\user_setting.c ****     { 0,  0,  0,  0},   // SRRC
 118:C:/Users/stapi/OneDrive/Desktop/GD32VW553/GD32VW55X_Wifi_BLE_SDK/GD32VW55x_RELEASE_V1.0.2/MSDK/util/src\user_setting.c **** };
 119:C:/Users/stapi/OneDrive/Desktop/GD32VW553/GD32VW55X_Wifi_BLE_SDK/GD32VW55x_RELEASE_V1.0.2/MSDK/util/src\user_setting.c **** 
 120:C:/Users/stapi/OneDrive/Desktop/GD32VW553/GD32VW55X_Wifi_BLE_SDK/GD32VW55x_RELEASE_V1.0.2/MSDK/util/src\user_setting.c **** void user_setting_init(void)
 121:C:/Users/stapi/OneDrive/Desktop/GD32VW553/GD32VW55X_Wifi_BLE_SDK/GD32VW55x_RELEASE_V1.0.2/MSDK/util/src\user_setting.c **** {
  16              		.loc 1 121 1
  17              		.cfi_startproc
 122:C:/Users/stapi/OneDrive/Desktop/GD32VW553/GD32VW55X_Wifi_BLE_SDK/GD32VW55x_RELEASE_V1.0.2/MSDK/util/src\user_setting.c **** #if CONFIG_PLATFORM == PLATFORM_ASIC_32103
 123:C:/Users/stapi/OneDrive/Desktop/GD32VW553/GD32VW55X_Wifi_BLE_SDK/GD32VW55x_RELEASE_V1.0.2/MSDK/util/src\user_setting.c ****     /* Country code: 0-Global domain; 1-FCC; 2-CE; 3-TELEC; 4-SRRC; others-unsupported */
 124:C:/Users/stapi/OneDrive/Desktop/GD32VW553/GD32VW55X_Wifi_BLE_SDK/GD32VW55x_RELEASE_V1.0.2/MSDK/util/src\user_setting.c ****     user_setting.country_code_user = 0;
  18              		.loc 1 124 5
 125:C:/Users/stapi/OneDrive/Desktop/GD32VW553/GD32VW55X_Wifi_BLE_SDK/GD32VW55x_RELEASE_V1.0.2/MSDK/util/src\user_setting.c ****     user_setting.country_code_user_enable = 0;
  19              		.loc 1 125 5
 126:C:/Users/stapi/OneDrive/Desktop/GD32VW553/GD32VW55X_Wifi_BLE_SDK/GD32VW55x_RELEASE_V1.0.2/MSDK/util/src\user_setting.c **** 
 127:C:/Users/stapi/OneDrive/Desktop/GD32VW553/GD32VW55X_Wifi_BLE_SDK/GD32VW55x_RELEASE_V1.0.2/MSDK/util/src\user_setting.c ****     /* thermal_value: 0x1-0xff */
 128:C:/Users/stapi/OneDrive/Desktop/GD32VW553/GD32VW55X_Wifi_BLE_SDK/GD32VW55x_RELEASE_V1.0.2/MSDK/util/src\user_setting.c ****     user_setting.thermal_value_user = 0x76;
  20              		.loc 1 128 5
 129:C:/Users/stapi/OneDrive/Desktop/GD32VW553/GD32VW55X_Wifi_BLE_SDK/GD32VW55x_RELEASE_V1.0.2/MSDK/util/src\user_setting.c ****     user_setting.thermal_value_user_enable = 0;
  21              		.loc 1 129 5
 130:C:/Users/stapi/OneDrive/Desktop/GD32VW553/GD32VW55X_Wifi_BLE_SDK/GD32VW55x_RELEASE_V1.0.2/MSDK/util/src\user_setting.c **** 
 131:C:/Users/stapi/OneDrive/Desktop/GD32VW553/GD32VW55X_Wifi_BLE_SDK/GD32VW55x_RELEASE_V1.0.2/MSDK/util/src\user_setting.c ****     user_setting.pwrbyrate_tbl_user_enable = 0;
  22              		.loc 1 131 5
 132:C:/Users/stapi/OneDrive/Desktop/GD32VW553/GD32VW55X_Wifi_BLE_SDK/GD32VW55x_RELEASE_V1.0.2/MSDK/util/src\user_setting.c **** 
 133:C:/Users/stapi/OneDrive/Desktop/GD32VW553/GD32VW55X_Wifi_BLE_SDK/GD32VW55x_RELEASE_V1.0.2/MSDK/util/src\user_setting.c ****     user_setting.ble_max_tx_pwr_user_enable = 0;
  23              		.loc 1 133 5
 134:C:/Users/stapi/OneDrive/Desktop/GD32VW553/GD32VW55X_Wifi_BLE_SDK/GD32VW55x_RELEASE_V1.0.2/MSDK/util/src\user_setting.c **** 
 135:C:/Users/stapi/OneDrive/Desktop/GD32VW553/GD32VW55X_Wifi_BLE_SDK/GD32VW55x_RELEASE_V1.0.2/MSDK/util/src\user_setting.c ****     user_setting.ble_tgt_tx_pwr_user_enable = 0;
  24              		.loc 1 135 5
 124:C:/Users/stapi/OneDrive/Desktop/GD32VW553/GD32VW55X_Wifi_BLE_SDK/GD32VW55x_RELEASE_V1.0.2/MSDK/util/src\user_setting.c ****     user_setting.country_code_user_enable = 0;
  25              		.loc 1 124 36 is_stmt 0
  26 0000 B7070000 		lui	a5,%hi(.LANCHOR0)
  27 0004 93870700 		addi	a5,a5,%lo(.LANCHOR0)
  28 0008 37077600 		li	a4,7733248
  29 000c 98C3     		sw	a4,0(a5)
 131:C:/Users/stapi/OneDrive/Desktop/GD32VW553/GD32VW55X_Wifi_BLE_SDK/GD32VW55x_RELEASE_V1.0.2/MSDK/util/src\user_setting.c **** 
  30              		.loc 1 131 44
  31 000e 23920700 		sh	zero,4(a5)
 133:C:/Users/stapi/OneDrive/Desktop/GD32VW553/GD32VW55X_Wifi_BLE_SDK/GD32VW55x_RELEASE_V1.0.2/MSDK/util/src\user_setting.c **** 
  32              		.loc 1 133 45
  33 0012 23830700 		sb	zero,6(a5)
 136:C:/Users/stapi/OneDrive/Desktop/GD32VW553/GD32VW55X_Wifi_BLE_SDK/GD32VW55x_RELEASE_V1.0.2/MSDK/util/src\user_setting.c **** #endif
 137:C:/Users/stapi/OneDrive/Desktop/GD32VW553/GD32VW55X_Wifi_BLE_SDK/GD32VW55x_RELEASE_V1.0.2/MSDK/util/src\user_setting.c **** }
  34              		.loc 1 137 1
  35 0016 8280     		ret
  36              		.cfi_endproc
  37              	.LFE0:
  39              		.section	.text.user_setting_pwrbyrate_tbl_check,"ax",@progbits
  40              		.align	1
  41              		.globl	user_setting_pwrbyrate_tbl_check
  43              	user_setting_pwrbyrate_tbl_check:
  44              	.LFB1:
 138:C:/Users/stapi/OneDrive/Desktop/GD32VW553/GD32VW55X_Wifi_BLE_SDK/GD32VW55x_RELEASE_V1.0.2/MSDK/util/src\user_setting.c **** 
 139:C:/Users/stapi/OneDrive/Desktop/GD32VW553/GD32VW55X_Wifi_BLE_SDK/GD32VW55x_RELEASE_V1.0.2/MSDK/util/src\user_setting.c **** void user_setting_pwrbyrate_tbl_check(uint8_t cck_pwr_idx_base, uint8_t ofdm_pwr_idx_base,
 140:C:/Users/stapi/OneDrive/Desktop/GD32VW553/GD32VW55X_Wifi_BLE_SDK/GD32VW55x_RELEASE_V1.0.2/MSDK/util/src\user_setting.c ****                 uint8_t n20_pwr_idx_base, uint8_t ax20_pwr_idx_base, int8_t pwr_offset_min, uint8_t
 141:C:/Users/stapi/OneDrive/Desktop/GD32VW553/GD32VW55X_Wifi_BLE_SDK/GD32VW55x_RELEASE_V1.0.2/MSDK/util/src\user_setting.c **** {
  45              		.loc 1 141 1 is_stmt 1
  46              		.cfi_startproc
  47              	.LVL0:
 142:C:/Users/stapi/OneDrive/Desktop/GD32VW553/GD32VW55X_Wifi_BLE_SDK/GD32VW55x_RELEASE_V1.0.2/MSDK/util/src\user_setting.c ****     uint8_t i;
  48              		.loc 1 142 5
 143:C:/Users/stapi/OneDrive/Desktop/GD32VW553/GD32VW55X_Wifi_BLE_SDK/GD32VW55x_RELEASE_V1.0.2/MSDK/util/src\user_setting.c **** 
 144:C:/Users/stapi/OneDrive/Desktop/GD32VW553/GD32VW55X_Wifi_BLE_SDK/GD32VW55x_RELEASE_V1.0.2/MSDK/util/src\user_setting.c ****     if (user_setting.pwrbyrate_tbl_user_enable) {
  49              		.loc 1 144 5
  50              		.loc 1 144 21 is_stmt 0
  51 0000 37080000 		lui	a6,%hi(.LANCHOR0+4)
  52              		.loc 1 144 8
  53 0004 03484800 		lbu	a6,%lo(.LANCHOR0+4)(a6)
  54 0008 630C0806 		beq	a6,zero,.L2
  55 000c B7080000 		lui	a7,%hi(.LANCHOR1)
  56 0010 13880800 		addi	a6,a7,%lo(.LANCHOR1)
  57 0014 130E4800 		addi	t3,a6,4
  58 0018 93880800 		addi	a7,a7,%lo(.LANCHOR1)
 145:C:/Users/stapi/OneDrive/Desktop/GD32VW553/GD32VW55X_Wifi_BLE_SDK/GD32VW55x_RELEASE_V1.0.2/MSDK/util/src\user_setting.c ****         for (i = 0; i < 4; i++) {
 146:C:/Users/stapi/OneDrive/Desktop/GD32VW553/GD32VW55X_Wifi_BLE_SDK/GD32VW55x_RELEASE_V1.0.2/MSDK/util/src\user_setting.c ****             if (pwr_by_rate_sw_tbl_user[0][i] < pwr_offset_min)
 147:C:/Users/stapi/OneDrive/Desktop/GD32VW553/GD32VW55X_Wifi_BLE_SDK/GD32VW55x_RELEASE_V1.0.2/MSDK/util/src\user_setting.c ****                 pwr_by_rate_sw_tbl_user[0][i] = pwr_offset_min;
 148:C:/Users/stapi/OneDrive/Desktop/GD32VW553/GD32VW55X_Wifi_BLE_SDK/GD32VW55x_RELEASE_V1.0.2/MSDK/util/src\user_setting.c ****             else if ((pwr_by_rate_sw_tbl_user[0][i] + cck_pwr_idx_base) > pwr_max)
 149:C:/Users/stapi/OneDrive/Desktop/GD32VW553/GD32VW55X_Wifi_BLE_SDK/GD32VW55x_RELEASE_V1.0.2/MSDK/util/src\user_setting.c ****                 pwr_by_rate_sw_tbl_user[0][i] = pwr_max - cck_pwr_idx_base;
  59              		.loc 1 149 57
  60 001c B38EA740 		sub	t4,a5,a0
  61              	.L6:
  62              	.LVL1:
 146:C:/Users/stapi/OneDrive/Desktop/GD32VW553/GD32VW55X_Wifi_BLE_SDK/GD32VW55x_RELEASE_V1.0.2/MSDK/util/src\user_setting.c ****                 pwr_by_rate_sw_tbl_user[0][i] = pwr_offset_min;
  63              		.loc 1 146 13 is_stmt 1
 146:C:/Users/stapi/OneDrive/Desktop/GD32VW553/GD32VW55X_Wifi_BLE_SDK/GD32VW55x_RELEASE_V1.0.2/MSDK/util/src\user_setting.c ****                 pwr_by_rate_sw_tbl_user[0][i] = pwr_offset_min;
  64              		.loc 1 146 43 is_stmt 0
  65 0020 03830800 		lb	t1,0(a7)
 146:C:/Users/stapi/OneDrive/Desktop/GD32VW553/GD32VW55X_Wifi_BLE_SDK/GD32VW55x_RELEASE_V1.0.2/MSDK/util/src\user_setting.c ****                 pwr_by_rate_sw_tbl_user[0][i] = pwr_offset_min;
  66              		.loc 1 146 16
  67 0024 635FE304 		bge	t1,a4,.L4
 147:C:/Users/stapi/OneDrive/Desktop/GD32VW553/GD32VW55X_Wifi_BLE_SDK/GD32VW55x_RELEASE_V1.0.2/MSDK/util/src\user_setting.c ****             else if ((pwr_by_rate_sw_tbl_user[0][i] + cck_pwr_idx_base) > pwr_max)
  68              		.loc 1 147 17 is_stmt 1
 147:C:/Users/stapi/OneDrive/Desktop/GD32VW553/GD32VW55X_Wifi_BLE_SDK/GD32VW55x_RELEASE_V1.0.2/MSDK/util/src\user_setting.c ****             else if ((pwr_by_rate_sw_tbl_user[0][i] + cck_pwr_idx_base) > pwr_max)
  69              		.loc 1 147 47 is_stmt 0
  70 0028 2380E800 		sb	a4,0(a7)
  71              	.L5:
 145:C:/Users/stapi/OneDrive/Desktop/GD32VW553/GD32VW55X_Wifi_BLE_SDK/GD32VW55x_RELEASE_V1.0.2/MSDK/util/src\user_setting.c ****         for (i = 0; i < 4; i++) {
  72              		.loc 1 145 28 is_stmt 1 discriminator 2
  73              	.LVL2:
 145:C:/Users/stapi/OneDrive/Desktop/GD32VW553/GD32VW55X_Wifi_BLE_SDK/GD32VW55x_RELEASE_V1.0.2/MSDK/util/src\user_setting.c ****         for (i = 0; i < 4; i++) {
  74              		.loc 1 145 21 discriminator 2
 145:C:/Users/stapi/OneDrive/Desktop/GD32VW553/GD32VW55X_Wifi_BLE_SDK/GD32VW55x_RELEASE_V1.0.2/MSDK/util/src\user_setting.c ****         for (i = 0; i < 4; i++) {
  75              		.loc 1 145 9 is_stmt 0 discriminator 2
  76 002c 8508     		addi	a7,a7,1
  77              	.LVL3:
  78 002e E399C8FF 		bne	a7,t3,.L6
  79 0032 13038800 		addi	t1,a6,8
 145:C:/Users/stapi/OneDrive/Desktop/GD32VW553/GD32VW55X_Wifi_BLE_SDK/GD32VW55x_RELEASE_V1.0.2/MSDK/util/src\user_setting.c ****         for (i = 0; i < 4; i++) {
  80              		.loc 1 145 9
  81 0036 4285     		mv	a0,a6
  82              	.LVL4:
 150:C:/Users/stapi/OneDrive/Desktop/GD32VW553/GD32VW55X_Wifi_BLE_SDK/GD32VW55x_RELEASE_V1.0.2/MSDK/util/src\user_setting.c ****         }
 151:C:/Users/stapi/OneDrive/Desktop/GD32VW553/GD32VW55X_Wifi_BLE_SDK/GD32VW55x_RELEASE_V1.0.2/MSDK/util/src\user_setting.c ****         for (i = 0; i < 8; i++) {
 152:C:/Users/stapi/OneDrive/Desktop/GD32VW553/GD32VW55X_Wifi_BLE_SDK/GD32VW55x_RELEASE_V1.0.2/MSDK/util/src\user_setting.c ****             if (pwr_by_rate_sw_tbl_user[1][i] < pwr_offset_min)
 153:C:/Users/stapi/OneDrive/Desktop/GD32VW553/GD32VW55X_Wifi_BLE_SDK/GD32VW55x_RELEASE_V1.0.2/MSDK/util/src\user_setting.c ****                 pwr_by_rate_sw_tbl_user[1][i] = pwr_offset_min;
 154:C:/Users/stapi/OneDrive/Desktop/GD32VW553/GD32VW55X_Wifi_BLE_SDK/GD32VW55x_RELEASE_V1.0.2/MSDK/util/src\user_setting.c ****             else if ((pwr_by_rate_sw_tbl_user[1][i] + ofdm_pwr_idx_base) > pwr_max)
 155:C:/Users/stapi/OneDrive/Desktop/GD32VW553/GD32VW55X_Wifi_BLE_SDK/GD32VW55x_RELEASE_V1.0.2/MSDK/util/src\user_setting.c ****                 pwr_by_rate_sw_tbl_user[1][i] = pwr_max - ofdm_pwr_idx_base;
  83              		.loc 1 155 57
  84 0038 338EB740 		sub	t3,a5,a1
  85              	.L9:
  86              	.LVL5:
 152:C:/Users/stapi/OneDrive/Desktop/GD32VW553/GD32VW55X_Wifi_BLE_SDK/GD32VW55x_RELEASE_V1.0.2/MSDK/util/src\user_setting.c ****                 pwr_by_rate_sw_tbl_user[1][i] = pwr_offset_min;
  87              		.loc 1 152 13 is_stmt 1
 152:C:/Users/stapi/OneDrive/Desktop/GD32VW553/GD32VW55X_Wifi_BLE_SDK/GD32VW55x_RELEASE_V1.0.2/MSDK/util/src\user_setting.c ****                 pwr_by_rate_sw_tbl_user[1][i] = pwr_offset_min;
  88              		.loc 1 152 43 is_stmt 0
  89 003c 8308A500 		lb	a7,10(a0)
 152:C:/Users/stapi/OneDrive/Desktop/GD32VW553/GD32VW55X_Wifi_BLE_SDK/GD32VW55x_RELEASE_V1.0.2/MSDK/util/src\user_setting.c ****                 pwr_by_rate_sw_tbl_user[1][i] = pwr_offset_min;
  90              		.loc 1 152 16
  91 0040 63D7E804 		bge	a7,a4,.L7
 153:C:/Users/stapi/OneDrive/Desktop/GD32VW553/GD32VW55X_Wifi_BLE_SDK/GD32VW55x_RELEASE_V1.0.2/MSDK/util/src\user_setting.c ****             else if ((pwr_by_rate_sw_tbl_user[1][i] + ofdm_pwr_idx_base) > pwr_max)
  92              		.loc 1 153 17 is_stmt 1
 153:C:/Users/stapi/OneDrive/Desktop/GD32VW553/GD32VW55X_Wifi_BLE_SDK/GD32VW55x_RELEASE_V1.0.2/MSDK/util/src\user_setting.c ****             else if ((pwr_by_rate_sw_tbl_user[1][i] + ofdm_pwr_idx_base) > pwr_max)
  93              		.loc 1 153 47 is_stmt 0
  94 0044 2305E500 		sb	a4,10(a0)
  95              	.L8:
 151:C:/Users/stapi/OneDrive/Desktop/GD32VW553/GD32VW55X_Wifi_BLE_SDK/GD32VW55x_RELEASE_V1.0.2/MSDK/util/src\user_setting.c ****             if (pwr_by_rate_sw_tbl_user[1][i] < pwr_offset_min)
  96              		.loc 1 151 28 is_stmt 1 discriminator 2
  97              	.LVL6:
 151:C:/Users/stapi/OneDrive/Desktop/GD32VW553/GD32VW55X_Wifi_BLE_SDK/GD32VW55x_RELEASE_V1.0.2/MSDK/util/src\user_setting.c ****             if (pwr_by_rate_sw_tbl_user[1][i] < pwr_offset_min)
  98              		.loc 1 151 21 discriminator 2
 151:C:/Users/stapi/OneDrive/Desktop/GD32VW553/GD32VW55X_Wifi_BLE_SDK/GD32VW55x_RELEASE_V1.0.2/MSDK/util/src\user_setting.c ****             if (pwr_by_rate_sw_tbl_user[1][i] < pwr_offset_min)
  99              		.loc 1 151 9 is_stmt 0 discriminator 2
 100 0048 0505     		addi	a0,a0,1
 101              	.LVL7:
 102 004a E31965FE 		bne	a0,t1,.L9
 103 004e C285     		mv	a1,a6
 104              	.LVL8:
 156:C:/Users/stapi/OneDrive/Desktop/GD32VW553/GD32VW55X_Wifi_BLE_SDK/GD32VW55x_RELEASE_V1.0.2/MSDK/util/src\user_setting.c ****         }
 157:C:/Users/stapi/OneDrive/Desktop/GD32VW553/GD32VW55X_Wifi_BLE_SDK/GD32VW55x_RELEASE_V1.0.2/MSDK/util/src\user_setting.c ****         for (i = 0; i < 8; i++) {
 158:C:/Users/stapi/OneDrive/Desktop/GD32VW553/GD32VW55X_Wifi_BLE_SDK/GD32VW55x_RELEASE_V1.0.2/MSDK/util/src\user_setting.c ****             if (pwr_by_rate_sw_tbl_user[2][i] < pwr_offset_min)
 159:C:/Users/stapi/OneDrive/Desktop/GD32VW553/GD32VW55X_Wifi_BLE_SDK/GD32VW55x_RELEASE_V1.0.2/MSDK/util/src\user_setting.c ****                 pwr_by_rate_sw_tbl_user[2][i] = pwr_offset_min;
 160:C:/Users/stapi/OneDrive/Desktop/GD32VW553/GD32VW55X_Wifi_BLE_SDK/GD32VW55x_RELEASE_V1.0.2/MSDK/util/src\user_setting.c ****             else if ((pwr_by_rate_sw_tbl_user[2][i] + n20_pwr_idx_base) > pwr_max)
 161:C:/Users/stapi/OneDrive/Desktop/GD32VW553/GD32VW55X_Wifi_BLE_SDK/GD32VW55x_RELEASE_V1.0.2/MSDK/util/src\user_setting.c ****                 pwr_by_rate_sw_tbl_user[2][i] = pwr_max - n20_pwr_idx_base;
 105              		.loc 1 161 57
 106 0050 B388C740 		sub	a7,a5,a2
 107              	.L12:
 108              	.LVL9:
 158:C:/Users/stapi/OneDrive/Desktop/GD32VW553/GD32VW55X_Wifi_BLE_SDK/GD32VW55x_RELEASE_V1.0.2/MSDK/util/src\user_setting.c ****                 pwr_by_rate_sw_tbl_user[2][i] = pwr_offset_min;
 109              		.loc 1 158 13 is_stmt 1
 158:C:/Users/stapi/OneDrive/Desktop/GD32VW553/GD32VW55X_Wifi_BLE_SDK/GD32VW55x_RELEASE_V1.0.2/MSDK/util/src\user_setting.c ****                 pwr_by_rate_sw_tbl_user[2][i] = pwr_offset_min;
 110              		.loc 1 158 43 is_stmt 0
 111 0054 03854501 		lb	a0,20(a1)
 158:C:/Users/stapi/OneDrive/Desktop/GD32VW553/GD32VW55X_Wifi_BLE_SDK/GD32VW55x_RELEASE_V1.0.2/MSDK/util/src\user_setting.c ****                 pwr_by_rate_sw_tbl_user[2][i] = pwr_offset_min;
 112              		.loc 1 158 16
 113 0058 6351E504 		bge	a0,a4,.L10
 159:C:/Users/stapi/OneDrive/Desktop/GD32VW553/GD32VW55X_Wifi_BLE_SDK/GD32VW55x_RELEASE_V1.0.2/MSDK/util/src\user_setting.c ****             else if ((pwr_by_rate_sw_tbl_user[2][i] + n20_pwr_idx_base) > pwr_max)
 114              		.loc 1 159 17 is_stmt 1
 159:C:/Users/stapi/OneDrive/Desktop/GD32VW553/GD32VW55X_Wifi_BLE_SDK/GD32VW55x_RELEASE_V1.0.2/MSDK/util/src\user_setting.c ****             else if ((pwr_by_rate_sw_tbl_user[2][i] + n20_pwr_idx_base) > pwr_max)
 115              		.loc 1 159 47 is_stmt 0
 116 005c 238AE500 		sb	a4,20(a1)
 117              	.L11:
 157:C:/Users/stapi/OneDrive/Desktop/GD32VW553/GD32VW55X_Wifi_BLE_SDK/GD32VW55x_RELEASE_V1.0.2/MSDK/util/src\user_setting.c ****             if (pwr_by_rate_sw_tbl_user[2][i] < pwr_offset_min)
 118              		.loc 1 157 28 is_stmt 1 discriminator 2
 119              	.LVL10:
 157:C:/Users/stapi/OneDrive/Desktop/GD32VW553/GD32VW55X_Wifi_BLE_SDK/GD32VW55x_RELEASE_V1.0.2/MSDK/util/src\user_setting.c ****             if (pwr_by_rate_sw_tbl_user[2][i] < pwr_offset_min)
 120              		.loc 1 157 21 discriminator 2
 157:C:/Users/stapi/OneDrive/Desktop/GD32VW553/GD32VW55X_Wifi_BLE_SDK/GD32VW55x_RELEASE_V1.0.2/MSDK/util/src\user_setting.c ****             if (pwr_by_rate_sw_tbl_user[2][i] < pwr_offset_min)
 121              		.loc 1 157 9 is_stmt 0 discriminator 2
 122 0060 8505     		addi	a1,a1,1
 123              	.LVL11:
 124 0062 E39965FE 		bne	a1,t1,.L12
 125 0066 9305A800 		addi	a1,a6,10
 162:C:/Users/stapi/OneDrive/Desktop/GD32VW553/GD32VW55X_Wifi_BLE_SDK/GD32VW55x_RELEASE_V1.0.2/MSDK/util/src\user_setting.c ****         }
 163:C:/Users/stapi/OneDrive/Desktop/GD32VW553/GD32VW55X_Wifi_BLE_SDK/GD32VW55x_RELEASE_V1.0.2/MSDK/util/src\user_setting.c ****         for (i = 0; i < 10; i++) {
 164:C:/Users/stapi/OneDrive/Desktop/GD32VW553/GD32VW55X_Wifi_BLE_SDK/GD32VW55x_RELEASE_V1.0.2/MSDK/util/src\user_setting.c ****             if (pwr_by_rate_sw_tbl_user[3][i] < pwr_offset_min)
 165:C:/Users/stapi/OneDrive/Desktop/GD32VW553/GD32VW55X_Wifi_BLE_SDK/GD32VW55x_RELEASE_V1.0.2/MSDK/util/src\user_setting.c ****                 pwr_by_rate_sw_tbl_user[3][i] = pwr_offset_min;
 166:C:/Users/stapi/OneDrive/Desktop/GD32VW553/GD32VW55X_Wifi_BLE_SDK/GD32VW55x_RELEASE_V1.0.2/MSDK/util/src\user_setting.c ****             else if ((pwr_by_rate_sw_tbl_user[3][i] + ax20_pwr_idx_base) > pwr_max)
 167:C:/Users/stapi/OneDrive/Desktop/GD32VW553/GD32VW55X_Wifi_BLE_SDK/GD32VW55x_RELEASE_V1.0.2/MSDK/util/src\user_setting.c ****                 pwr_by_rate_sw_tbl_user[3][i] = pwr_max - ax20_pwr_idx_base;
 126              		.loc 1 167 57
 127 006a 3385D740 		sub	a0,a5,a3
 128              	.LVL12:
 129              	.L15:
 164:C:/Users/stapi/OneDrive/Desktop/GD32VW553/GD32VW55X_Wifi_BLE_SDK/GD32VW55x_RELEASE_V1.0.2/MSDK/util/src\user_setting.c ****                 pwr_by_rate_sw_tbl_user[3][i] = pwr_offset_min;
 130              		.loc 1 164 13 is_stmt 1
 164:C:/Users/stapi/OneDrive/Desktop/GD32VW553/GD32VW55X_Wifi_BLE_SDK/GD32VW55x_RELEASE_V1.0.2/MSDK/util/src\user_setting.c ****                 pwr_by_rate_sw_tbl_user[3][i] = pwr_offset_min;
 131              		.loc 1 164 43 is_stmt 0
 132 006e 0306E801 		lb	a2,30(a6)
 164:C:/Users/stapi/OneDrive/Desktop/GD32VW553/GD32VW55X_Wifi_BLE_SDK/GD32VW55x_RELEASE_V1.0.2/MSDK/util/src\user_setting.c ****                 pwr_by_rate_sw_tbl_user[3][i] = pwr_offset_min;
 133              		.loc 1 164 16
 134 0072 635AE602 		bge	a2,a4,.L13
 165:C:/Users/stapi/OneDrive/Desktop/GD32VW553/GD32VW55X_Wifi_BLE_SDK/GD32VW55x_RELEASE_V1.0.2/MSDK/util/src\user_setting.c ****             else if ((pwr_by_rate_sw_tbl_user[3][i] + ax20_pwr_idx_base) > pwr_max)
 135              		.loc 1 165 17 is_stmt 1
 165:C:/Users/stapi/OneDrive/Desktop/GD32VW553/GD32VW55X_Wifi_BLE_SDK/GD32VW55x_RELEASE_V1.0.2/MSDK/util/src\user_setting.c ****             else if ((pwr_by_rate_sw_tbl_user[3][i] + ax20_pwr_idx_base) > pwr_max)
 136              		.loc 1 165 47 is_stmt 0
 137 0076 230FE800 		sb	a4,30(a6)
 138              	.L14:
 163:C:/Users/stapi/OneDrive/Desktop/GD32VW553/GD32VW55X_Wifi_BLE_SDK/GD32VW55x_RELEASE_V1.0.2/MSDK/util/src\user_setting.c ****             if (pwr_by_rate_sw_tbl_user[3][i] < pwr_offset_min)
 139              		.loc 1 163 29 is_stmt 1 discriminator 2
 140              	.LVL13:
 163:C:/Users/stapi/OneDrive/Desktop/GD32VW553/GD32VW55X_Wifi_BLE_SDK/GD32VW55x_RELEASE_V1.0.2/MSDK/util/src\user_setting.c ****             if (pwr_by_rate_sw_tbl_user[3][i] < pwr_offset_min)
 141              		.loc 1 163 21 discriminator 2
 163:C:/Users/stapi/OneDrive/Desktop/GD32VW553/GD32VW55X_Wifi_BLE_SDK/GD32VW55x_RELEASE_V1.0.2/MSDK/util/src\user_setting.c ****             if (pwr_by_rate_sw_tbl_user[3][i] < pwr_offset_min)
 142              		.loc 1 163 9 is_stmt 0 discriminator 2
 143 007a 0508     		addi	a6,a6,1
 144              	.LVL14:
 145 007c E39905FF 		bne	a1,a6,.L15
 146              	.L2:
 168:C:/Users/stapi/OneDrive/Desktop/GD32VW553/GD32VW55X_Wifi_BLE_SDK/GD32VW55x_RELEASE_V1.0.2/MSDK/util/src\user_setting.c ****         }
 169:C:/Users/stapi/OneDrive/Desktop/GD32VW553/GD32VW55X_Wifi_BLE_SDK/GD32VW55x_RELEASE_V1.0.2/MSDK/util/src\user_setting.c ****     }
 170:C:/Users/stapi/OneDrive/Desktop/GD32VW553/GD32VW55X_Wifi_BLE_SDK/GD32VW55x_RELEASE_V1.0.2/MSDK/util/src\user_setting.c **** }
 147              		.loc 1 170 1
 148 0080 8280     		ret
 149              	.LVL15:
 150              	.L4:
 148:C:/Users/stapi/OneDrive/Desktop/GD32VW553/GD32VW55X_Wifi_BLE_SDK/GD32VW55x_RELEASE_V1.0.2/MSDK/util/src\user_setting.c ****                 pwr_by_rate_sw_tbl_user[0][i] = pwr_max - cck_pwr_idx_base;
 151              		.loc 1 148 18 is_stmt 1
 148:C:/Users/stapi/OneDrive/Desktop/GD32VW553/GD32VW55X_Wifi_BLE_SDK/GD32VW55x_RELEASE_V1.0.2/MSDK/util/src\user_setting.c ****                 pwr_by_rate_sw_tbl_user[0][i] = pwr_max - cck_pwr_idx_base;
 152              		.loc 1 148 53 is_stmt 0
 153 0082 2A93     		add	t1,t1,a0
 148:C:/Users/stapi/OneDrive/Desktop/GD32VW553/GD32VW55X_Wifi_BLE_SDK/GD32VW55x_RELEASE_V1.0.2/MSDK/util/src\user_setting.c ****                 pwr_by_rate_sw_tbl_user[0][i] = pwr_max - cck_pwr_idx_base;
 154              		.loc 1 148 21
 155 0084 E3D467FA 		ble	t1,a5,.L5
 149:C:/Users/stapi/OneDrive/Desktop/GD32VW553/GD32VW55X_Wifi_BLE_SDK/GD32VW55x_RELEASE_V1.0.2/MSDK/util/src\user_setting.c ****         }
 156              		.loc 1 149 17 is_stmt 1
 149:C:/Users/stapi/OneDrive/Desktop/GD32VW553/GD32VW55X_Wifi_BLE_SDK/GD32VW55x_RELEASE_V1.0.2/MSDK/util/src\user_setting.c ****         }
 157              		.loc 1 149 47 is_stmt 0
 158 0088 2380D801 		sb	t4,0(a7)
 159 008c 45B7     		j	.L5
 160              	.LVL16:
 161              	.L7:
 154:C:/Users/stapi/OneDrive/Desktop/GD32VW553/GD32VW55X_Wifi_BLE_SDK/GD32VW55x_RELEASE_V1.0.2/MSDK/util/src\user_setting.c ****                 pwr_by_rate_sw_tbl_user[1][i] = pwr_max - ofdm_pwr_idx_base;
 162              		.loc 1 154 18 is_stmt 1
 154:C:/Users/stapi/OneDrive/Desktop/GD32VW553/GD32VW55X_Wifi_BLE_SDK/GD32VW55x_RELEASE_V1.0.2/MSDK/util/src\user_setting.c ****                 pwr_by_rate_sw_tbl_user[1][i] = pwr_max - ofdm_pwr_idx_base;
 163              		.loc 1 154 53 is_stmt 0
 164 008e AE98     		add	a7,a7,a1
 154:C:/Users/stapi/OneDrive/Desktop/GD32VW553/GD32VW55X_Wifi_BLE_SDK/GD32VW55x_RELEASE_V1.0.2/MSDK/util/src\user_setting.c ****                 pwr_by_rate_sw_tbl_user[1][i] = pwr_max - ofdm_pwr_idx_base;
 165              		.loc 1 154 21
 166 0090 E3DC17FB 		ble	a7,a5,.L8
 155:C:/Users/stapi/OneDrive/Desktop/GD32VW553/GD32VW55X_Wifi_BLE_SDK/GD32VW55x_RELEASE_V1.0.2/MSDK/util/src\user_setting.c ****         }
 167              		.loc 1 155 17 is_stmt 1
 155:C:/Users/stapi/OneDrive/Desktop/GD32VW553/GD32VW55X_Wifi_BLE_SDK/GD32VW55x_RELEASE_V1.0.2/MSDK/util/src\user_setting.c ****         }
 168              		.loc 1 155 47 is_stmt 0
 169 0094 2305C501 		sb	t3,10(a0)
 170 0098 45BF     		j	.L8
 171              	.LVL17:
 172              	.L10:
 160:C:/Users/stapi/OneDrive/Desktop/GD32VW553/GD32VW55X_Wifi_BLE_SDK/GD32VW55x_RELEASE_V1.0.2/MSDK/util/src\user_setting.c ****                 pwr_by_rate_sw_tbl_user[2][i] = pwr_max - n20_pwr_idx_base;
 173              		.loc 1 160 18 is_stmt 1
 160:C:/Users/stapi/OneDrive/Desktop/GD32VW553/GD32VW55X_Wifi_BLE_SDK/GD32VW55x_RELEASE_V1.0.2/MSDK/util/src\user_setting.c ****                 pwr_by_rate_sw_tbl_user[2][i] = pwr_max - n20_pwr_idx_base;
 174              		.loc 1 160 53 is_stmt 0
 175 009a 3295     		add	a0,a0,a2
 160:C:/Users/stapi/OneDrive/Desktop/GD32VW553/GD32VW55X_Wifi_BLE_SDK/GD32VW55x_RELEASE_V1.0.2/MSDK/util/src\user_setting.c ****                 pwr_by_rate_sw_tbl_user[2][i] = pwr_max - n20_pwr_idx_base;
 176              		.loc 1 160 21
 177 009c E3D2A7FC 		ble	a0,a5,.L11
 161:C:/Users/stapi/OneDrive/Desktop/GD32VW553/GD32VW55X_Wifi_BLE_SDK/GD32VW55x_RELEASE_V1.0.2/MSDK/util/src\user_setting.c ****         }
 178              		.loc 1 161 17 is_stmt 1
 161:C:/Users/stapi/OneDrive/Desktop/GD32VW553/GD32VW55X_Wifi_BLE_SDK/GD32VW55x_RELEASE_V1.0.2/MSDK/util/src\user_setting.c ****         }
 179              		.loc 1 161 47 is_stmt 0
 180 00a0 238A1501 		sb	a7,20(a1)
 181 00a4 75BF     		j	.L11
 182              	.LVL18:
 183              	.L13:
 166:C:/Users/stapi/OneDrive/Desktop/GD32VW553/GD32VW55X_Wifi_BLE_SDK/GD32VW55x_RELEASE_V1.0.2/MSDK/util/src\user_setting.c ****                 pwr_by_rate_sw_tbl_user[3][i] = pwr_max - ax20_pwr_idx_base;
 184              		.loc 1 166 18 is_stmt 1
 166:C:/Users/stapi/OneDrive/Desktop/GD32VW553/GD32VW55X_Wifi_BLE_SDK/GD32VW55x_RELEASE_V1.0.2/MSDK/util/src\user_setting.c ****                 pwr_by_rate_sw_tbl_user[3][i] = pwr_max - ax20_pwr_idx_base;
 185              		.loc 1 166 53 is_stmt 0
 186 00a6 3696     		add	a2,a2,a3
 166:C:/Users/stapi/OneDrive/Desktop/GD32VW553/GD32VW55X_Wifi_BLE_SDK/GD32VW55x_RELEASE_V1.0.2/MSDK/util/src\user_setting.c ****                 pwr_by_rate_sw_tbl_user[3][i] = pwr_max - ax20_pwr_idx_base;
 187              		.loc 1 166 21
 188 00a8 E3D9C7FC 		ble	a2,a5,.L14
 167:C:/Users/stapi/OneDrive/Desktop/GD32VW553/GD32VW55X_Wifi_BLE_SDK/GD32VW55x_RELEASE_V1.0.2/MSDK/util/src\user_setting.c ****         }
 189              		.loc 1 167 17 is_stmt 1
 167:C:/Users/stapi/OneDrive/Desktop/GD32VW553/GD32VW55X_Wifi_BLE_SDK/GD32VW55x_RELEASE_V1.0.2/MSDK/util/src\user_setting.c ****         }
 190              		.loc 1 167 47 is_stmt 0
 191 00ac 230FA800 		sb	a0,30(a6)
 192 00b0 E9B7     		j	.L14
 193              		.cfi_endproc
 194              	.LFE1:
 196              		.globl	ble_tgt_pwr_tbl_user
 197              		.globl	ble_max_pwr_tbl_user
 198              		.globl	pwr_limit_tbl_srrc_user
 199              		.globl	pwr_limit_tbl_telec_user
 200              		.globl	pwr_limit_tbl_etsi_user
 201              		.globl	pwr_limit_tbl_fcc_user
 202              		.globl	pwr_by_rate_sw_tbl_user
 203              		.globl	user_setting
 204              		.section	.data.pwr_by_rate_sw_tbl_user,"aw"
 205              		.align	2
 206              		.set	.LANCHOR1,. + 0
 209              	pwr_by_rate_sw_tbl_user:
 210 0000 00       		.string	""
 211 0001 00       		.string	""
 212 0002 0202F0F0 		.ascii	"\002\002\360\360\360\360\360\360"
 212      F0F0F0F0 
 213 000a 00       		.string	""
 214 000b 00       		.string	""
 215 000c 02020404 		.ascii	"\002\002\004\004\006\006\360\360"
 215      0606F0F0 
 216 0014 00       		.string	""
 217 0015 02020404 		.ascii	"\002\002\004\004\006\006\b\360\360"
 217      060608F0 
 217      F0
 218 001e FCFE00   		.string	"\374\376"
 219 0021 02020404 		.ascii	"\002\002\004\004\006\006\b"
 219      060608
 220              		.section	.rodata.ble_max_pwr_tbl_user,"a"
 221              		.align	2
 224              	ble_max_pwr_tbl_user:
 225 0000 08080808 		.ascii	"\b\b\b\b"
 226 0004 0F080F0F 		.ascii	"\017\b\017\017"
 227 0008 04040404 		.ascii	"\004\004\004\004"
 228 000c 04040404 		.ascii	"\004\004\004\004"
 229 0010 04040404 		.ascii	"\004\004\004\004"
 230              		.section	.rodata.ble_tgt_pwr_tbl_user,"a"
 231              		.align	2
 234              	ble_tgt_pwr_tbl_user:
 235 0000 00000000 		.zero	20
 235      00000000 
 235      00000000 
 235      00000000 
 235      00000000 
 236              		.section	.rodata.pwr_limit_tbl_etsi_user,"a"
 237              		.align	2
 240              	pwr_limit_tbl_etsi_user:
 241 0000 FEFEFEFE 		.ascii	"\376\376\376\376\376\376\376\376\376\376\376\376\376"
 241      FEFEFEFE 
 241      FEFEFEFE 
 241      FE
 242 000d 00       		.string	""
 243 000e 00       		.string	""
 244 000f 00       		.string	""
 245 0010 00       		.string	""
 246 0011 00       		.string	""
 247 0012 00       		.string	""
 248 0013 00       		.string	""
 249 0014 00       		.string	""
 250 0015 00       		.string	""
 251 0016 00       		.string	""
 252 0017 00       		.string	""
 253 0018 00       		.string	""
 254 0019 00       		.string	""
 255 001a 00       		.string	""
 256 001b 01010101 		.string	"\001\001\001\001\001\001\001\001\001\001\001"
 256      01010101 
 256      01010100 
 257 0027 00       		.string	""
 258 0028 01010101 		.string	"\001\001\001\001\001\001\001\001\001\001\001"
 258      01010101 
 258      01010100 
 259              		.section	.rodata.pwr_limit_tbl_fcc_user,"a"
 260              		.align	2
 263              	pwr_limit_tbl_fcc_user:
 264 0000 00       		.string	""
 265 0001 01010101 		.string	"\001\001\001\001\001\001\001\001\001"
 265      01010101 
 265      0100
 266 000b 00       		.string	""
 267 000c 01010101 		.string	"\001\001\001\001\001\001\001\001\001"
 267      01010101 
 267      0100
 268 0016 00       		.string	""
 269 0017 02020202 		.string	"\002\002\002\002\002\002\002\002\002"
 269      02020202 
 269      0200
 270 0021 00       		.string	""
 271 0022 02020202 		.string	"\002\002\002\002\002\002\002\002\002"
 271      02020202 
 271      0200
 272              		.section	.rodata.pwr_limit_tbl_srrc_user,"a"
 273              		.align	2
 276              	pwr_limit_tbl_srrc_user:
 277 0000 FEFEFEFE 		.ascii	"\376\376\376\376\376\376\376\376\376\376\376\376\376"
 277      FEFEFEFE 
 277      FEFEFEFE 
 277      FE
 278 000d 00       		.string	""
 279 000e 00       		.string	""
 280 000f 00       		.string	""
 281 0010 00       		.string	""
 282 0011 00       		.string	""
 283 0012 00       		.string	""
 284 0013 00       		.string	""
 285 0014 00       		.string	""
 286 0015 00       		.string	""
 287 0016 00       		.string	""
 288 0017 00       		.string	""
 289 0018 FEF8     		.ascii	"\376\370"
 290 001a 01010101 		.ascii	"\001\001\001\001\001\001\001\001\001\001\001\377\370"
 290      01010101 
 290      010101FF 
 290      F8
 291 0027 01010101 		.ascii	"\001\001\001\001\001\001\001\001\001\001\001\377\371"
 291      01010101 
 291      010101FF 
 291      F9
 292              		.section	.rodata.pwr_limit_tbl_telec_user,"a"
 293              		.align	2
 296              	pwr_limit_tbl_telec_user:
 297 0000 FFFFFFFF 		.ascii	"\377\377\377\377\377\377\377\377\377\377\377\377\377\377"
 297      FFFFFFFF 
 297      FFFFFFFF 
 297      FFFF
 298 000e 00       		.string	""
 299 000f 00       		.string	""
 300 0010 00       		.string	""
 301 0011 00       		.string	""
 302 0012 00       		.string	""
 303 0013 00       		.string	""
 304 0014 00       		.string	""
 305 0015 00       		.string	""
 306 0016 00       		.string	""
 307 0017 00       		.string	""
 308 0018 00       		.string	""
 309 0019 00       		.string	""
 310 001a 00       		.string	""
 311 001b 00       		.string	""
 312 001c 00       		.string	""
 313 001d 01010101 		.string	"\001\001\001\001\001\001\001\001\001\001\001"
 313      01010101 
 313      01010100 
 314 0029 00       		.string	""
 315 002a 00       		.string	""
 316 002b 01010101 		.string	"\001\001\001\001\001\001\001\001\001\001\001"
 316      01010101 
 316      01010100 
 317 0037 00       		.string	""
 318              		.section	.sbss.user_setting,"aw",@nobits
 319              		.align	2
 320              		.set	.LANCHOR0,. + 0
 323              	user_setting:
 324 0000 00000000 		.zero	7
 324      000000
 325              		.text
 326              	.Letext0:
 327              		.file 2 "c:\\users\\stapi\\onedrive\\desktop\\gd32vw553\\embeddedbuilder_v1.4.7.26843\\tools\\nucl
 328              		.file 3 "c:\\users\\stapi\\onedrive\\desktop\\gd32vw553\\embeddedbuilder_v1.4.7.26843\\tools\\nucl
 329              		.file 4 "..\\..\\..\\..\\util\\include/user_setting.h"
DEFINED SYMBOLS
                            *ABS*:0000000000000000 user_setting.c
C:\Users\stapi\AppData\Local\Temp\cctlzDJe.s:13     .text.user_setting_init:0000000000000000 user_setting_init
C:\Users\stapi\AppData\Local\Temp\cctlzDJe.s:17     .text.user_setting_init:0000000000000000 .L0 
C:\Users\stapi\AppData\Local\Temp\cctlzDJe.s:18     .text.user_setting_init:0000000000000000 .L0 
C:\Users\stapi\AppData\Local\Temp\cctlzDJe.s:19     .text.user_setting_init:0000000000000000 .L0 
C:\Users\stapi\AppData\Local\Temp\cctlzDJe.s:20     .text.user_setting_init:0000000000000000 .L0 
C:\Users\stapi\AppData\Local\Temp\cctlzDJe.s:21     .text.user_setting_init:0000000000000000 .L0 
C:\Users\stapi\AppData\Local\Temp\cctlzDJe.s:22     .text.user_setting_init:0000000000000000 .L0 
C:\Users\stapi\AppData\Local\Temp\cctlzDJe.s:23     .text.user_setting_init:0000000000000000 .L0 
C:\Users\stapi\AppData\Local\Temp\cctlzDJe.s:24     .text.user_setting_init:0000000000000000 .L0 
C:\Users\stapi\AppData\Local\Temp\cctlzDJe.s:25     .text.user_setting_init:0000000000000000 .L0 
C:\Users\stapi\AppData\Local\Temp\cctlzDJe.s:26     .text.user_setting_init:0000000000000000 .L0 
C:\Users\stapi\AppData\Local\Temp\cctlzDJe.s:31     .text.user_setting_init:000000000000000e .L0 
C:\Users\stapi\AppData\Local\Temp\cctlzDJe.s:33     .text.user_setting_init:0000000000000012 .L0 
C:\Users\stapi\AppData\Local\Temp\cctlzDJe.s:35     .text.user_setting_init:0000000000000016 .L0 
C:\Users\stapi\AppData\Local\Temp\cctlzDJe.s:36     .text.user_setting_init:0000000000000018 .L0 
C:\Users\stapi\AppData\Local\Temp\cctlzDJe.s:43     .text.user_setting_pwrbyrate_tbl_check:0000000000000000 user_setting_pwrbyrate_tbl_check
C:\Users\stapi\AppData\Local\Temp\cctlzDJe.s:46     .text.user_setting_pwrbyrate_tbl_check:0000000000000000 .L0 
C:\Users\stapi\AppData\Local\Temp\cctlzDJe.s:48     .text.user_setting_pwrbyrate_tbl_check:0000000000000000 .L0 
C:\Users\stapi\AppData\Local\Temp\cctlzDJe.s:49     .text.user_setting_pwrbyrate_tbl_check:0000000000000000 .L0 
C:\Users\stapi\AppData\Local\Temp\cctlzDJe.s:50     .text.user_setting_pwrbyrate_tbl_check:0000000000000000 .L0 
C:\Users\stapi\AppData\Local\Temp\cctlzDJe.s:51     .text.user_setting_pwrbyrate_tbl_check:0000000000000000 .L0 
C:\Users\stapi\AppData\Local\Temp\cctlzDJe.s:53     .text.user_setting_pwrbyrate_tbl_check:0000000000000004 .L0 
C:\Users\stapi\AppData\Local\Temp\cctlzDJe.s:60     .text.user_setting_pwrbyrate_tbl_check:000000000000001c .L0 
C:\Users\stapi\AppData\Local\Temp\cctlzDJe.s:64     .text.user_setting_pwrbyrate_tbl_check:0000000000000020 .L0 
C:\Users\stapi\AppData\Local\Temp\cctlzDJe.s:65     .text.user_setting_pwrbyrate_tbl_check:0000000000000020 .L0 
C:\Users\stapi\AppData\Local\Temp\cctlzDJe.s:67     .text.user_setting_pwrbyrate_tbl_check:0000000000000024 .L0 
C:\Users\stapi\AppData\Local\Temp\cctlzDJe.s:69     .text.user_setting_pwrbyrate_tbl_check:0000000000000028 .L0 
C:\Users\stapi\AppData\Local\Temp\cctlzDJe.s:70     .text.user_setting_pwrbyrate_tbl_check:0000000000000028 .L0 
C:\Users\stapi\AppData\Local\Temp\cctlzDJe.s:74     .text.user_setting_pwrbyrate_tbl_check:000000000000002c .L0 
C:\Users\stapi\AppData\Local\Temp\cctlzDJe.s:75     .text.user_setting_pwrbyrate_tbl_check:000000000000002c .L0 
C:\Users\stapi\AppData\Local\Temp\cctlzDJe.s:76     .text.user_setting_pwrbyrate_tbl_check:000000000000002c .L0 
C:\Users\stapi\AppData\Local\Temp\cctlzDJe.s:81     .text.user_setting_pwrbyrate_tbl_check:0000000000000036 .L0 
C:\Users\stapi\AppData\Local\Temp\cctlzDJe.s:84     .text.user_setting_pwrbyrate_tbl_check:0000000000000038 .L0 
C:\Users\stapi\AppData\Local\Temp\cctlzDJe.s:88     .text.user_setting_pwrbyrate_tbl_check:000000000000003c .L0 
C:\Users\stapi\AppData\Local\Temp\cctlzDJe.s:89     .text.user_setting_pwrbyrate_tbl_check:000000000000003c .L0 
C:\Users\stapi\AppData\Local\Temp\cctlzDJe.s:91     .text.user_setting_pwrbyrate_tbl_check:0000000000000040 .L0 
C:\Users\stapi\AppData\Local\Temp\cctlzDJe.s:93     .text.user_setting_pwrbyrate_tbl_check:0000000000000044 .L0 
C:\Users\stapi\AppData\Local\Temp\cctlzDJe.s:94     .text.user_setting_pwrbyrate_tbl_check:0000000000000044 .L0 
C:\Users\stapi\AppData\Local\Temp\cctlzDJe.s:98     .text.user_setting_pwrbyrate_tbl_check:0000000000000048 .L0 
C:\Users\stapi\AppData\Local\Temp\cctlzDJe.s:99     .text.user_setting_pwrbyrate_tbl_check:0000000000000048 .L0 
C:\Users\stapi\AppData\Local\Temp\cctlzDJe.s:100    .text.user_setting_pwrbyrate_tbl_check:0000000000000048 .L0 
C:\Users\stapi\AppData\Local\Temp\cctlzDJe.s:106    .text.user_setting_pwrbyrate_tbl_check:0000000000000050 .L0 
C:\Users\stapi\AppData\Local\Temp\cctlzDJe.s:110    .text.user_setting_pwrbyrate_tbl_check:0000000000000054 .L0 
C:\Users\stapi\AppData\Local\Temp\cctlzDJe.s:111    .text.user_setting_pwrbyrate_tbl_check:0000000000000054 .L0 
C:\Users\stapi\AppData\Local\Temp\cctlzDJe.s:113    .text.user_setting_pwrbyrate_tbl_check:0000000000000058 .L0 
C:\Users\stapi\AppData\Local\Temp\cctlzDJe.s:115    .text.user_setting_pwrbyrate_tbl_check:000000000000005c .L0 
C:\Users\stapi\AppData\Local\Temp\cctlzDJe.s:116    .text.user_setting_pwrbyrate_tbl_check:000000000000005c .L0 
C:\Users\stapi\AppData\Local\Temp\cctlzDJe.s:120    .text.user_setting_pwrbyrate_tbl_check:0000000000000060 .L0 
C:\Users\stapi\AppData\Local\Temp\cctlzDJe.s:121    .text.user_setting_pwrbyrate_tbl_check:0000000000000060 .L0 
C:\Users\stapi\AppData\Local\Temp\cctlzDJe.s:122    .text.user_setting_pwrbyrate_tbl_check:0000000000000060 .L0 
C:\Users\stapi\AppData\Local\Temp\cctlzDJe.s:127    .text.user_setting_pwrbyrate_tbl_check:000000000000006a .L0 
C:\Users\stapi\AppData\Local\Temp\cctlzDJe.s:131    .text.user_setting_pwrbyrate_tbl_check:000000000000006e .L0 
C:\Users\stapi\AppData\Local\Temp\cctlzDJe.s:132    .text.user_setting_pwrbyrate_tbl_check:000000000000006e .L0 
C:\Users\stapi\AppData\Local\Temp\cctlzDJe.s:134    .text.user_setting_pwrbyrate_tbl_check:0000000000000072 .L0 
C:\Users\stapi\AppData\Local\Temp\cctlzDJe.s:136    .text.user_setting_pwrbyrate_tbl_check:0000000000000076 .L0 
C:\Users\stapi\AppData\Local\Temp\cctlzDJe.s:137    .text.user_setting_pwrbyrate_tbl_check:0000000000000076 .L0 
C:\Users\stapi\AppData\Local\Temp\cctlzDJe.s:141    .text.user_setting_pwrbyrate_tbl_check:000000000000007a .L0 
C:\Users\stapi\AppData\Local\Temp\cctlzDJe.s:142    .text.user_setting_pwrbyrate_tbl_check:000000000000007a .L0 
C:\Users\stapi\AppData\Local\Temp\cctlzDJe.s:143    .text.user_setting_pwrbyrate_tbl_check:000000000000007a .L0 
C:\Users\stapi\AppData\Local\Temp\cctlzDJe.s:148    .text.user_setting_pwrbyrate_tbl_check:0000000000000080 .L0 
C:\Users\stapi\AppData\Local\Temp\cctlzDJe.s:152    .text.user_setting_pwrbyrate_tbl_check:0000000000000082 .L0 
C:\Users\stapi\AppData\Local\Temp\cctlzDJe.s:153    .text.user_setting_pwrbyrate_tbl_check:0000000000000082 .L0 
C:\Users\stapi\AppData\Local\Temp\cctlzDJe.s:155    .text.user_setting_pwrbyrate_tbl_check:0000000000000084 .L0 
C:\Users\stapi\AppData\Local\Temp\cctlzDJe.s:157    .text.user_setting_pwrbyrate_tbl_check:0000000000000088 .L0 
C:\Users\stapi\AppData\Local\Temp\cctlzDJe.s:158    .text.user_setting_pwrbyrate_tbl_check:0000000000000088 .L0 
C:\Users\stapi\AppData\Local\Temp\cctlzDJe.s:163    .text.user_setting_pwrbyrate_tbl_check:000000000000008e .L0 
C:\Users\stapi\AppData\Local\Temp\cctlzDJe.s:164    .text.user_setting_pwrbyrate_tbl_check:000000000000008e .L0 
C:\Users\stapi\AppData\Local\Temp\cctlzDJe.s:166    .text.user_setting_pwrbyrate_tbl_check:0000000000000090 .L0 
C:\Users\stapi\AppData\Local\Temp\cctlzDJe.s:168    .text.user_setting_pwrbyrate_tbl_check:0000000000000094 .L0 
C:\Users\stapi\AppData\Local\Temp\cctlzDJe.s:169    .text.user_setting_pwrbyrate_tbl_check:0000000000000094 .L0 
C:\Users\stapi\AppData\Local\Temp\cctlzDJe.s:174    .text.user_setting_pwrbyrate_tbl_check:000000000000009a .L0 
C:\Users\stapi\AppData\Local\Temp\cctlzDJe.s:175    .text.user_setting_pwrbyrate_tbl_check:000000000000009a .L0 
C:\Users\stapi\AppData\Local\Temp\cctlzDJe.s:177    .text.user_setting_pwrbyrate_tbl_check:000000000000009c .L0 
C:\Users\stapi\AppData\Local\Temp\cctlzDJe.s:179    .text.user_setting_pwrbyrate_tbl_check:00000000000000a0 .L0 
C:\Users\stapi\AppData\Local\Temp\cctlzDJe.s:180    .text.user_setting_pwrbyrate_tbl_check:00000000000000a0 .L0 
C:\Users\stapi\AppData\Local\Temp\cctlzDJe.s:185    .text.user_setting_pwrbyrate_tbl_check:00000000000000a6 .L0 
C:\Users\stapi\AppData\Local\Temp\cctlzDJe.s:186    .text.user_setting_pwrbyrate_tbl_check:00000000000000a6 .L0 
C:\Users\stapi\AppData\Local\Temp\cctlzDJe.s:188    .text.user_setting_pwrbyrate_tbl_check:00000000000000a8 .L0 
C:\Users\stapi\AppData\Local\Temp\cctlzDJe.s:190    .text.user_setting_pwrbyrate_tbl_check:00000000000000ac .L0 
C:\Users\stapi\AppData\Local\Temp\cctlzDJe.s:191    .text.user_setting_pwrbyrate_tbl_check:00000000000000ac .L0 
C:\Users\stapi\AppData\Local\Temp\cctlzDJe.s:193    .text.user_setting_pwrbyrate_tbl_check:00000000000000b2 .L0 
C:\Users\stapi\AppData\Local\Temp\cctlzDJe.s:234    .rodata.ble_tgt_pwr_tbl_user:0000000000000000 ble_tgt_pwr_tbl_user
C:\Users\stapi\AppData\Local\Temp\cctlzDJe.s:224    .rodata.ble_max_pwr_tbl_user:0000000000000000 ble_max_pwr_tbl_user
C:\Users\stapi\AppData\Local\Temp\cctlzDJe.s:276    .rodata.pwr_limit_tbl_srrc_user:0000000000000000 pwr_limit_tbl_srrc_user
C:\Users\stapi\AppData\Local\Temp\cctlzDJe.s:296    .rodata.pwr_limit_tbl_telec_user:0000000000000000 pwr_limit_tbl_telec_user
C:\Users\stapi\AppData\Local\Temp\cctlzDJe.s:240    .rodata.pwr_limit_tbl_etsi_user:0000000000000000 pwr_limit_tbl_etsi_user
C:\Users\stapi\AppData\Local\Temp\cctlzDJe.s:263    .rodata.pwr_limit_tbl_fcc_user:0000000000000000 pwr_limit_tbl_fcc_user
C:\Users\stapi\AppData\Local\Temp\cctlzDJe.s:209    .data.pwr_by_rate_sw_tbl_user:0000000000000000 pwr_by_rate_sw_tbl_user
C:\Users\stapi\AppData\Local\Temp\cctlzDJe.s:323    .sbss.user_setting:0000000000000000 user_setting
C:\Users\stapi\AppData\Local\Temp\cctlzDJe.s:206    .data.pwr_by_rate_sw_tbl_user:0000000000000000 .LANCHOR1
C:\Users\stapi\AppData\Local\Temp\cctlzDJe.s:320    .sbss.user_setting:0000000000000000 .LANCHOR0
C:\Users\stapi\AppData\Local\Temp\cctlzDJe.s:39     .text.user_setting_init:0000000000000018 .L0 
C:\Users\stapi\AppData\Local\Temp\cctlzDJe.s:204    .text.user_setting_pwrbyrate_tbl_check:00000000000000b2 .L0 
                     .debug_frame:0000000000000000 .L0 
C:\Users\stapi\AppData\Local\Temp\cctlzDJe.s:146    .text.user_setting_pwrbyrate_tbl_check:0000000000000080 .L2
C:\Users\stapi\AppData\Local\Temp\cctlzDJe.s:150    .text.user_setting_pwrbyrate_tbl_check:0000000000000082 .L4
C:\Users\stapi\AppData\Local\Temp\cctlzDJe.s:61     .text.user_setting_pwrbyrate_tbl_check:0000000000000020 .L6
C:\Users\stapi\AppData\Local\Temp\cctlzDJe.s:161    .text.user_setting_pwrbyrate_tbl_check:000000000000008e .L7
C:\Users\stapi\AppData\Local\Temp\cctlzDJe.s:85     .text.user_setting_pwrbyrate_tbl_check:000000000000003c .L9
C:\Users\stapi\AppData\Local\Temp\cctlzDJe.s:172    .text.user_setting_pwrbyrate_tbl_check:000000000000009a .L10
C:\Users\stapi\AppData\Local\Temp\cctlzDJe.s:107    .text.user_setting_pwrbyrate_tbl_check:0000000000000054 .L12
C:\Users\stapi\AppData\Local\Temp\cctlzDJe.s:183    .text.user_setting_pwrbyrate_tbl_check:00000000000000a6 .L13
C:\Users\stapi\AppData\Local\Temp\cctlzDJe.s:129    .text.user_setting_pwrbyrate_tbl_check:000000000000006e .L15
C:\Users\stapi\AppData\Local\Temp\cctlzDJe.s:71     .text.user_setting_pwrbyrate_tbl_check:000000000000002c .L5
C:\Users\stapi\AppData\Local\Temp\cctlzDJe.s:95     .text.user_setting_pwrbyrate_tbl_check:0000000000000048 .L8
C:\Users\stapi\AppData\Local\Temp\cctlzDJe.s:117    .text.user_setting_pwrbyrate_tbl_check:0000000000000060 .L11
C:\Users\stapi\AppData\Local\Temp\cctlzDJe.s:138    .text.user_setting_pwrbyrate_tbl_check:000000000000007a .L14
C:\Users\stapi\AppData\Local\Temp\cctlzDJe.s:717    .debug_abbrev:0000000000000000 .Ldebug_abbrev0
C:\Users\stapi\AppData\Local\Temp\cctlzDJe.s:1220   .debug_str:00000000000001c3 .LASF35
C:\Users\stapi\AppData\Local\Temp\cctlzDJe.s:1202   .debug_str:0000000000000053 .LASF36
C:\Users\stapi\AppData\Local\Temp\cctlzDJe.s:1216   .debug_str:000000000000012d .LASF37
C:\Users\stapi\AppData\Local\Temp\cctlzDJe.s:1182   .debug_ranges:0000000000000000 .Ldebug_ranges0
C:\Users\stapi\AppData\Local\Temp\cctlzDJe.s:1190   .debug_line:0000000000000000 .Ldebug_line0
C:\Users\stapi\AppData\Local\Temp\cctlzDJe.s:1194   .debug_str:0000000000000015 .LASF0
C:\Users\stapi\AppData\Local\Temp\cctlzDJe.s:1266   .debug_str:0000000000000462 .LASF2
C:\Users\stapi\AppData\Local\Temp\cctlzDJe.s:1196   .debug_str:000000000000001e .LASF1
C:\Users\stapi\AppData\Local\Temp\cctlzDJe.s:1214   .debug_str:000000000000011f .LASF3
C:\Users\stapi\AppData\Local\Temp\cctlzDJe.s:1256   .debug_str:000000000000040d .LASF4
C:\Users\stapi\AppData\Local\Temp\cctlzDJe.s:1222   .debug_str:00000000000002bc .LASF5
C:\Users\stapi\AppData\Local\Temp\cctlzDJe.s:1264   .debug_str:0000000000000459 .LASF6
C:\Users\stapi\AppData\Local\Temp\cctlzDJe.s:1228   .debug_str:00000000000002ff .LASF7
C:\Users\stapi\AppData\Local\Temp\cctlzDJe.s:1252   .debug_str:00000000000003ed .LASF8
C:\Users\stapi\AppData\Local\Temp\cctlzDJe.s:1242   .debug_str:000000000000037f .LASF9
C:\Users\stapi\AppData\Local\Temp\cctlzDJe.s:1240   .debug_str:0000000000000372 .LASF10
C:\Users\stapi\AppData\Local\Temp\cctlzDJe.s:1208   .debug_str:00000000000000ef .LASF11
C:\Users\stapi\AppData\Local\Temp\cctlzDJe.s:1244   .debug_str:0000000000000396 .LASF12
C:\Users\stapi\AppData\Local\Temp\cctlzDJe.s:1192   .debug_str:0000000000000000 .LASF20
C:\Users\stapi\AppData\Local\Temp\cctlzDJe.s:1204   .debug_str:00000000000000ca .LASF13
C:\Users\stapi\AppData\Local\Temp\cctlzDJe.s:1250   .debug_str:00000000000003d4 .LASF14
C:\Users\stapi\AppData\Local\Temp\cctlzDJe.s:1206   .debug_str:00000000000000dc .LASF15
C:\Users\stapi\AppData\Local\Temp\cctlzDJe.s:1198   .debug_str:0000000000000028 .LASF16
C:\Users\stapi\AppData\Local\Temp\cctlzDJe.s:1230   .debug_str:0000000000000311 .LASF17
C:\Users\stapi\AppData\Local\Temp\cctlzDJe.s:1246   .debug_str:000000000000039e .LASF18
C:\Users\stapi\AppData\Local\Temp\cctlzDJe.s:1248   .debug_str:00000000000003b9 .LASF19
C:\Users\stapi\AppData\Local\Temp\cctlzDJe.s:1268   .debug_str:000000000000046e .LASF21
C:\Users\stapi\AppData\Local\Temp\cctlzDJe.s:1236   .debug_str:0000000000000352 .LASF22
C:\Users\stapi\AppData\Local\Temp\cctlzDJe.s:1262   .debug_str:0000000000000442 .LASF23
C:\Users\stapi\AppData\Local\Temp\cctlzDJe.s:1218   .debug_str:00000000000001ab .LASF24
C:\Users\stapi\AppData\Local\Temp\cctlzDJe.s:1258   .debug_str:0000000000000417 .LASF25
C:\Users\stapi\AppData\Local\Temp\cctlzDJe.s:1210   .debug_str:00000000000000f6 .LASF26
C:\Users\stapi\AppData\Local\Temp\cctlzDJe.s:1234   .debug_str:000000000000033d .LASF27
C:\Users\stapi\AppData\Local\Temp\cctlzDJe.s:1270   .debug_str:000000000000047b .LASF28
C:\Users\stapi\AppData\Local\Temp\cctlzDJe.s:1226   .debug_str:00000000000002de .LASF38
C:\Users\stapi\AppData\Local\Temp\cctlzDJe.s:44     .text.user_setting_pwrbyrate_tbl_check:0000000000000000 .LFB1
C:\Users\stapi\AppData\Local\Temp\cctlzDJe.s:194    .text.user_setting_pwrbyrate_tbl_check:00000000000000b2 .LFE1
C:\Users\stapi\AppData\Local\Temp\cctlzDJe.s:1212   .debug_str:000000000000010e .LASF29
C:\Users\stapi\AppData\Local\Temp\cctlzDJe.s:973    .debug_loc:0000000000000000 .LLST0
C:\Users\stapi\AppData\Local\Temp\cctlzDJe.s:1254   .debug_str:00000000000003fb .LASF30
C:\Users\stapi\AppData\Local\Temp\cctlzDJe.s:998    .debug_loc:000000000000003a .LLST1
C:\Users\stapi\AppData\Local\Temp\cctlzDJe.s:1200   .debug_str:0000000000000042 .LASF31
C:\Users\stapi\AppData\Local\Temp\cctlzDJe.s:1023   .debug_loc:0000000000000074 .LLST2
C:\Users\stapi\AppData\Local\Temp\cctlzDJe.s:1260   .debug_str:0000000000000430 .LASF32
C:\Users\stapi\AppData\Local\Temp\cctlzDJe.s:1224   .debug_str:00000000000002cf .LASF33
C:\Users\stapi\AppData\Local\Temp\cctlzDJe.s:1238   .debug_str:000000000000036a .LASF34
C:\Users\stapi\AppData\Local\Temp\cctlzDJe.s:1048   .debug_loc:00000000000000ae .LLST3
C:\Users\stapi\AppData\Local\Temp\cctlzDJe.s:1232   .debug_str:000000000000032b .LASF39
C:\Users\stapi\AppData\Local\Temp\cctlzDJe.s:14     .text.user_setting_init:0000000000000000 .LFB0
C:\Users\stapi\AppData\Local\Temp\cctlzDJe.s:37     .text.user_setting_init:0000000000000018 .LFE0
C:\Users\stapi\AppData\Local\Temp\cctlzDJe.s:47     .text.user_setting_pwrbyrate_tbl_check:0000000000000000 .LVL0
C:\Users\stapi\AppData\Local\Temp\cctlzDJe.s:82     .text.user_setting_pwrbyrate_tbl_check:0000000000000038 .LVL4
C:\Users\stapi\AppData\Local\Temp\cctlzDJe.s:149    .text.user_setting_pwrbyrate_tbl_check:0000000000000082 .LVL15
C:\Users\stapi\AppData\Local\Temp\cctlzDJe.s:160    .text.user_setting_pwrbyrate_tbl_check:000000000000008e .LVL16
C:\Users\stapi\AppData\Local\Temp\cctlzDJe.s:104    .text.user_setting_pwrbyrate_tbl_check:0000000000000050 .LVL8
C:\Users\stapi\AppData\Local\Temp\cctlzDJe.s:171    .text.user_setting_pwrbyrate_tbl_check:000000000000009a .LVL17
C:\Users\stapi\AppData\Local\Temp\cctlzDJe.s:128    .text.user_setting_pwrbyrate_tbl_check:000000000000006e .LVL12
C:\Users\stapi\AppData\Local\Temp\cctlzDJe.s:182    .text.user_setting_pwrbyrate_tbl_check:00000000000000a6 .LVL18
C:\Users\stapi\AppData\Local\Temp\cctlzDJe.s:62     .text.user_setting_pwrbyrate_tbl_check:0000000000000020 .LVL1
C:\Users\stapi\AppData\Local\Temp\cctlzDJe.s:73     .text.user_setting_pwrbyrate_tbl_check:000000000000002c .LVL2
C:\Users\stapi\AppData\Local\Temp\cctlzDJe.s:77     .text.user_setting_pwrbyrate_tbl_check:000000000000002e .LVL3
C:\Users\stapi\AppData\Local\Temp\cctlzDJe.s:86     .text.user_setting_pwrbyrate_tbl_check:000000000000003c .LVL5
C:\Users\stapi\AppData\Local\Temp\cctlzDJe.s:97     .text.user_setting_pwrbyrate_tbl_check:0000000000000048 .LVL6
C:\Users\stapi\AppData\Local\Temp\cctlzDJe.s:101    .text.user_setting_pwrbyrate_tbl_check:000000000000004a .LVL7
C:\Users\stapi\AppData\Local\Temp\cctlzDJe.s:108    .text.user_setting_pwrbyrate_tbl_check:0000000000000054 .LVL9
C:\Users\stapi\AppData\Local\Temp\cctlzDJe.s:119    .text.user_setting_pwrbyrate_tbl_check:0000000000000060 .LVL10
C:\Users\stapi\AppData\Local\Temp\cctlzDJe.s:123    .text.user_setting_pwrbyrate_tbl_check:0000000000000062 .LVL11
C:\Users\stapi\AppData\Local\Temp\cctlzDJe.s:140    .text.user_setting_pwrbyrate_tbl_check:000000000000007a .LVL13
C:\Users\stapi\AppData\Local\Temp\cctlzDJe.s:144    .text.user_setting_pwrbyrate_tbl_check:000000000000007c .LVL14
C:\Users\stapi\AppData\Local\Temp\cctlzDJe.s:331    .debug_info:0000000000000000 .Ldebug_info0

NO UNDEFINED SYMBOLS
