   1              		.file	"gd32vw55x_trng.c"
   2              		.option nopic
   3              		.attribute arch, "rv32i2p0_m2p0_a2p0_f2p0_c2p0_b_p0p94"
   4              		.attribute unaligned_access, 0
   5              		.attribute stack_align, 16
   6              		.text
   7              	.Ltext0:
   8              		.cfi_sections	.debug_frame
   9              		.section	.text.trng_deinit,"ax",@progbits
  10              		.align	1
  11              		.globl	trng_deinit
  13              	trng_deinit:
  14              	.LFB365:
  15              		.file 1 "C:/Users/stapi/OneDrive/Desktop/GD32VW553/V1_MQTT_OK/GD32VW55X_Wifi_BLE_SDK/GD32VW55x_REL
   1:C:/Users/stapi/OneDrive/Desktop/GD32VW553/V1_MQTT_OK/GD32VW55X_Wifi_BLE_SDK/GD32VW55x_RELEASE_V1.0.2/MSDK/plf/GD32VW55x_standard_peripheral/Source\gd32vw55x_trng.c **** /*!
   2:C:/Users/stapi/OneDrive/Desktop/GD32VW553/V1_MQTT_OK/GD32VW55X_Wifi_BLE_SDK/GD32VW55x_RELEASE_V1.0.2/MSDK/plf/GD32VW55x_standard_peripheral/Source\gd32vw55x_trng.c ****     \file    gd32vw55x_trng.c
   3:C:/Users/stapi/OneDrive/Desktop/GD32VW553/V1_MQTT_OK/GD32VW55X_Wifi_BLE_SDK/GD32VW55x_RELEASE_V1.0.2/MSDK/plf/GD32VW55x_standard_peripheral/Source\gd32vw55x_trng.c ****     \brief   TRNG driver
   4:C:/Users/stapi/OneDrive/Desktop/GD32VW553/V1_MQTT_OK/GD32VW55X_Wifi_BLE_SDK/GD32VW55x_RELEASE_V1.0.2/MSDK/plf/GD32VW55x_standard_peripheral/Source\gd32vw55x_trng.c **** 
   5:C:/Users/stapi/OneDrive/Desktop/GD32VW553/V1_MQTT_OK/GD32VW55X_Wifi_BLE_SDK/GD32VW55x_RELEASE_V1.0.2/MSDK/plf/GD32VW55x_standard_peripheral/Source\gd32vw55x_trng.c ****     \version 2023-07-20, V1.0.0, firmware for GD32VW55x
   6:C:/Users/stapi/OneDrive/Desktop/GD32VW553/V1_MQTT_OK/GD32VW55X_Wifi_BLE_SDK/GD32VW55x_RELEASE_V1.0.2/MSDK/plf/GD32VW55x_standard_peripheral/Source\gd32vw55x_trng.c **** */
   7:C:/Users/stapi/OneDrive/Desktop/GD32VW553/V1_MQTT_OK/GD32VW55X_Wifi_BLE_SDK/GD32VW55x_RELEASE_V1.0.2/MSDK/plf/GD32VW55x_standard_peripheral/Source\gd32vw55x_trng.c **** 
   8:C:/Users/stapi/OneDrive/Desktop/GD32VW553/V1_MQTT_OK/GD32VW55X_Wifi_BLE_SDK/GD32VW55x_RELEASE_V1.0.2/MSDK/plf/GD32VW55x_standard_peripheral/Source\gd32vw55x_trng.c **** /*
   9:C:/Users/stapi/OneDrive/Desktop/GD32VW553/V1_MQTT_OK/GD32VW55X_Wifi_BLE_SDK/GD32VW55x_RELEASE_V1.0.2/MSDK/plf/GD32VW55x_standard_peripheral/Source\gd32vw55x_trng.c ****     Copyright (c) 2023, GigaDevice Semiconductor Inc.
  10:C:/Users/stapi/OneDrive/Desktop/GD32VW553/V1_MQTT_OK/GD32VW55X_Wifi_BLE_SDK/GD32VW55x_RELEASE_V1.0.2/MSDK/plf/GD32VW55x_standard_peripheral/Source\gd32vw55x_trng.c **** 
  11:C:/Users/stapi/OneDrive/Desktop/GD32VW553/V1_MQTT_OK/GD32VW55X_Wifi_BLE_SDK/GD32VW55x_RELEASE_V1.0.2/MSDK/plf/GD32VW55x_standard_peripheral/Source\gd32vw55x_trng.c ****     Redistribution and use in source and binary forms, with or without modification,
  12:C:/Users/stapi/OneDrive/Desktop/GD32VW553/V1_MQTT_OK/GD32VW55X_Wifi_BLE_SDK/GD32VW55x_RELEASE_V1.0.2/MSDK/plf/GD32VW55x_standard_peripheral/Source\gd32vw55x_trng.c **** are permitted provided that the following conditions are met:
  13:C:/Users/stapi/OneDrive/Desktop/GD32VW553/V1_MQTT_OK/GD32VW55X_Wifi_BLE_SDK/GD32VW55x_RELEASE_V1.0.2/MSDK/plf/GD32VW55x_standard_peripheral/Source\gd32vw55x_trng.c **** 
  14:C:/Users/stapi/OneDrive/Desktop/GD32VW553/V1_MQTT_OK/GD32VW55X_Wifi_BLE_SDK/GD32VW55x_RELEASE_V1.0.2/MSDK/plf/GD32VW55x_standard_peripheral/Source\gd32vw55x_trng.c ****     1. Redistributions of source code must retain the above copyright notice, this
  15:C:/Users/stapi/OneDrive/Desktop/GD32VW553/V1_MQTT_OK/GD32VW55X_Wifi_BLE_SDK/GD32VW55x_RELEASE_V1.0.2/MSDK/plf/GD32VW55x_standard_peripheral/Source\gd32vw55x_trng.c ****        list of conditions and the following disclaimer.
  16:C:/Users/stapi/OneDrive/Desktop/GD32VW553/V1_MQTT_OK/GD32VW55X_Wifi_BLE_SDK/GD32VW55x_RELEASE_V1.0.2/MSDK/plf/GD32VW55x_standard_peripheral/Source\gd32vw55x_trng.c ****     2. Redistributions in binary form must reproduce the above copyright notice,
  17:C:/Users/stapi/OneDrive/Desktop/GD32VW553/V1_MQTT_OK/GD32VW55X_Wifi_BLE_SDK/GD32VW55x_RELEASE_V1.0.2/MSDK/plf/GD32VW55x_standard_peripheral/Source\gd32vw55x_trng.c ****        this list of conditions and the following disclaimer in the documentation
  18:C:/Users/stapi/OneDrive/Desktop/GD32VW553/V1_MQTT_OK/GD32VW55X_Wifi_BLE_SDK/GD32VW55x_RELEASE_V1.0.2/MSDK/plf/GD32VW55x_standard_peripheral/Source\gd32vw55x_trng.c ****        and/or other materials provided with the distribution.
  19:C:/Users/stapi/OneDrive/Desktop/GD32VW553/V1_MQTT_OK/GD32VW55X_Wifi_BLE_SDK/GD32VW55x_RELEASE_V1.0.2/MSDK/plf/GD32VW55x_standard_peripheral/Source\gd32vw55x_trng.c ****     3. Neither the name of the copyright holder nor the names of its contributors
  20:C:/Users/stapi/OneDrive/Desktop/GD32VW553/V1_MQTT_OK/GD32VW55X_Wifi_BLE_SDK/GD32VW55x_RELEASE_V1.0.2/MSDK/plf/GD32VW55x_standard_peripheral/Source\gd32vw55x_trng.c ****        may be used to endorse or promote products derived from this software without
  21:C:/Users/stapi/OneDrive/Desktop/GD32VW553/V1_MQTT_OK/GD32VW55X_Wifi_BLE_SDK/GD32VW55x_RELEASE_V1.0.2/MSDK/plf/GD32VW55x_standard_peripheral/Source\gd32vw55x_trng.c ****        specific prior written permission.
  22:C:/Users/stapi/OneDrive/Desktop/GD32VW553/V1_MQTT_OK/GD32VW55X_Wifi_BLE_SDK/GD32VW55x_RELEASE_V1.0.2/MSDK/plf/GD32VW55x_standard_peripheral/Source\gd32vw55x_trng.c **** 
  23:C:/Users/stapi/OneDrive/Desktop/GD32VW553/V1_MQTT_OK/GD32VW55X_Wifi_BLE_SDK/GD32VW55x_RELEASE_V1.0.2/MSDK/plf/GD32VW55x_standard_peripheral/Source\gd32vw55x_trng.c ****     THIS SOFTWARE IS PROVIDED BY THE COPYRIGHT HOLDERS AND CONTRIBUTORS "AS IS"
  24:C:/Users/stapi/OneDrive/Desktop/GD32VW553/V1_MQTT_OK/GD32VW55X_Wifi_BLE_SDK/GD32VW55x_RELEASE_V1.0.2/MSDK/plf/GD32VW55x_standard_peripheral/Source\gd32vw55x_trng.c **** AND ANY EXPRESS OR IMPLIED WARRANTIES, INCLUDING, BUT NOT LIMITED TO, THE IMPLIED
  25:C:/Users/stapi/OneDrive/Desktop/GD32VW553/V1_MQTT_OK/GD32VW55X_Wifi_BLE_SDK/GD32VW55x_RELEASE_V1.0.2/MSDK/plf/GD32VW55x_standard_peripheral/Source\gd32vw55x_trng.c **** WARRANTIES OF MERCHANTABILITY AND FITNESS FOR A PARTICULAR PURPOSE ARE DISCLAIMED.
  26:C:/Users/stapi/OneDrive/Desktop/GD32VW553/V1_MQTT_OK/GD32VW55X_Wifi_BLE_SDK/GD32VW55x_RELEASE_V1.0.2/MSDK/plf/GD32VW55x_standard_peripheral/Source\gd32vw55x_trng.c **** IN NO EVENT SHALL THE COPYRIGHT HOLDER OR CONTRIBUTORS BE LIABLE FOR ANY DIRECT,
  27:C:/Users/stapi/OneDrive/Desktop/GD32VW553/V1_MQTT_OK/GD32VW55X_Wifi_BLE_SDK/GD32VW55x_RELEASE_V1.0.2/MSDK/plf/GD32VW55x_standard_peripheral/Source\gd32vw55x_trng.c **** INDIRECT, INCIDENTAL, SPECIAL, EXEMPLARY, OR CONSEQUENTIAL DAMAGES (INCLUDING, BUT
  28:C:/Users/stapi/OneDrive/Desktop/GD32VW553/V1_MQTT_OK/GD32VW55X_Wifi_BLE_SDK/GD32VW55x_RELEASE_V1.0.2/MSDK/plf/GD32VW55x_standard_peripheral/Source\gd32vw55x_trng.c **** NOT LIMITED TO, PROCUREMENT OF SUBSTITUTE GOODS OR SERVICES; LOSS OF USE, DATA, OR
  29:C:/Users/stapi/OneDrive/Desktop/GD32VW553/V1_MQTT_OK/GD32VW55X_Wifi_BLE_SDK/GD32VW55x_RELEASE_V1.0.2/MSDK/plf/GD32VW55x_standard_peripheral/Source\gd32vw55x_trng.c **** PROFITS; OR BUSINESS INTERRUPTION) HOWEVER CAUSED AND ON ANY THEORY OF LIABILITY,
  30:C:/Users/stapi/OneDrive/Desktop/GD32VW553/V1_MQTT_OK/GD32VW55X_Wifi_BLE_SDK/GD32VW55x_RELEASE_V1.0.2/MSDK/plf/GD32VW55x_standard_peripheral/Source\gd32vw55x_trng.c **** WHETHER IN CONTRACT, STRICT LIABILITY, OR TORT (INCLUDING NEGLIGENCE OR OTHERWISE)
  31:C:/Users/stapi/OneDrive/Desktop/GD32VW553/V1_MQTT_OK/GD32VW55X_Wifi_BLE_SDK/GD32VW55x_RELEASE_V1.0.2/MSDK/plf/GD32VW55x_standard_peripheral/Source\gd32vw55x_trng.c **** ARISING IN ANY WAY OUT OF THE USE OF THIS SOFTWARE, EVEN IF ADVISED OF THE POSSIBILITY
  32:C:/Users/stapi/OneDrive/Desktop/GD32VW553/V1_MQTT_OK/GD32VW55X_Wifi_BLE_SDK/GD32VW55x_RELEASE_V1.0.2/MSDK/plf/GD32VW55x_standard_peripheral/Source\gd32vw55x_trng.c **** OF SUCH DAMAGE.
  33:C:/Users/stapi/OneDrive/Desktop/GD32VW553/V1_MQTT_OK/GD32VW55X_Wifi_BLE_SDK/GD32VW55x_RELEASE_V1.0.2/MSDK/plf/GD32VW55x_standard_peripheral/Source\gd32vw55x_trng.c **** */
  34:C:/Users/stapi/OneDrive/Desktop/GD32VW553/V1_MQTT_OK/GD32VW55X_Wifi_BLE_SDK/GD32VW55x_RELEASE_V1.0.2/MSDK/plf/GD32VW55x_standard_peripheral/Source\gd32vw55x_trng.c **** 
  35:C:/Users/stapi/OneDrive/Desktop/GD32VW553/V1_MQTT_OK/GD32VW55X_Wifi_BLE_SDK/GD32VW55x_RELEASE_V1.0.2/MSDK/plf/GD32VW55x_standard_peripheral/Source\gd32vw55x_trng.c **** #include "gd32vw55x_trng.h"
  36:C:/Users/stapi/OneDrive/Desktop/GD32VW553/V1_MQTT_OK/GD32VW55X_Wifi_BLE_SDK/GD32VW55x_RELEASE_V1.0.2/MSDK/plf/GD32VW55x_standard_peripheral/Source\gd32vw55x_trng.c **** 
  37:C:/Users/stapi/OneDrive/Desktop/GD32VW553/V1_MQTT_OK/GD32VW55X_Wifi_BLE_SDK/GD32VW55x_RELEASE_V1.0.2/MSDK/plf/GD32VW55x_standard_peripheral/Source\gd32vw55x_trng.c **** /*!
  38:C:/Users/stapi/OneDrive/Desktop/GD32VW553/V1_MQTT_OK/GD32VW55X_Wifi_BLE_SDK/GD32VW55x_RELEASE_V1.0.2/MSDK/plf/GD32VW55x_standard_peripheral/Source\gd32vw55x_trng.c ****     \brief      deinitialize the TRNG
  39:C:/Users/stapi/OneDrive/Desktop/GD32VW553/V1_MQTT_OK/GD32VW55X_Wifi_BLE_SDK/GD32VW55x_RELEASE_V1.0.2/MSDK/plf/GD32VW55x_standard_peripheral/Source\gd32vw55x_trng.c ****     \param[in]  none
  40:C:/Users/stapi/OneDrive/Desktop/GD32VW553/V1_MQTT_OK/GD32VW55X_Wifi_BLE_SDK/GD32VW55x_RELEASE_V1.0.2/MSDK/plf/GD32VW55x_standard_peripheral/Source\gd32vw55x_trng.c ****     \param[out] none
  41:C:/Users/stapi/OneDrive/Desktop/GD32VW553/V1_MQTT_OK/GD32VW55X_Wifi_BLE_SDK/GD32VW55x_RELEASE_V1.0.2/MSDK/plf/GD32VW55x_standard_peripheral/Source\gd32vw55x_trng.c ****     \retval     none
  42:C:/Users/stapi/OneDrive/Desktop/GD32VW553/V1_MQTT_OK/GD32VW55X_Wifi_BLE_SDK/GD32VW55x_RELEASE_V1.0.2/MSDK/plf/GD32VW55x_standard_peripheral/Source\gd32vw55x_trng.c **** */
  43:C:/Users/stapi/OneDrive/Desktop/GD32VW553/V1_MQTT_OK/GD32VW55X_Wifi_BLE_SDK/GD32VW55x_RELEASE_V1.0.2/MSDK/plf/GD32VW55x_standard_peripheral/Source\gd32vw55x_trng.c **** void trng_deinit(void)
  44:C:/Users/stapi/OneDrive/Desktop/GD32VW553/V1_MQTT_OK/GD32VW55X_Wifi_BLE_SDK/GD32VW55x_RELEASE_V1.0.2/MSDK/plf/GD32VW55x_standard_peripheral/Source\gd32vw55x_trng.c **** {
  16              		.loc 1 44 1
  17              		.cfi_startproc
  18 0000 17030000 		call	t0,__riscv_save_0
  18      E7020300 
  19              		.cfi_offset 1, -4
  20              		.cfi_def_cfa_offset 16
  45:C:/Users/stapi/OneDrive/Desktop/GD32VW553/V1_MQTT_OK/GD32VW55X_Wifi_BLE_SDK/GD32VW55x_RELEASE_V1.0.2/MSDK/plf/GD32VW55x_standard_peripheral/Source\gd32vw55x_trng.c ****     rcu_periph_reset_enable(RCU_TRNGRST);
  21              		.loc 1 45 5
  22 0008 13056050 		li	a0,1286
  23 000c 97000000 		call	rcu_periph_reset_enable
  23      E7800000 
  24              	.LVL0:
  46:C:/Users/stapi/OneDrive/Desktop/GD32VW553/V1_MQTT_OK/GD32VW55X_Wifi_BLE_SDK/GD32VW55x_RELEASE_V1.0.2/MSDK/plf/GD32VW55x_standard_peripheral/Source\gd32vw55x_trng.c ****     rcu_periph_reset_disable(RCU_TRNGRST);
  25              		.loc 1 46 5
  26 0014 13056050 		li	a0,1286
  27 0018 97000000 		call	rcu_periph_reset_disable
  27      E7800000 
  28              	.LVL1:
  47:C:/Users/stapi/OneDrive/Desktop/GD32VW553/V1_MQTT_OK/GD32VW55X_Wifi_BLE_SDK/GD32VW55x_RELEASE_V1.0.2/MSDK/plf/GD32VW55x_standard_peripheral/Source\gd32vw55x_trng.c **** }
  29              		.loc 1 47 1 is_stmt 0
  30 0020 17030000 		tail	__riscv_restore_0
  30      67000300 
  31              		.cfi_restore 1
  32              		.cfi_def_cfa_offset 0
  33              		.cfi_endproc
  34              	.LFE365:
  36              		.section	.text.trng_enable,"ax",@progbits
  37              		.align	1
  38              		.globl	trng_enable
  40              	trng_enable:
  41              	.LFB366:
  48:C:/Users/stapi/OneDrive/Desktop/GD32VW553/V1_MQTT_OK/GD32VW55X_Wifi_BLE_SDK/GD32VW55x_RELEASE_V1.0.2/MSDK/plf/GD32VW55x_standard_peripheral/Source\gd32vw55x_trng.c **** 
  49:C:/Users/stapi/OneDrive/Desktop/GD32VW553/V1_MQTT_OK/GD32VW55X_Wifi_BLE_SDK/GD32VW55x_RELEASE_V1.0.2/MSDK/plf/GD32VW55x_standard_peripheral/Source\gd32vw55x_trng.c **** /*!
  50:C:/Users/stapi/OneDrive/Desktop/GD32VW553/V1_MQTT_OK/GD32VW55X_Wifi_BLE_SDK/GD32VW55x_RELEASE_V1.0.2/MSDK/plf/GD32VW55x_standard_peripheral/Source\gd32vw55x_trng.c ****     \brief      enable the TRNG interface
  51:C:/Users/stapi/OneDrive/Desktop/GD32VW553/V1_MQTT_OK/GD32VW55X_Wifi_BLE_SDK/GD32VW55x_RELEASE_V1.0.2/MSDK/plf/GD32VW55x_standard_peripheral/Source\gd32vw55x_trng.c ****     \param[in]  none
  52:C:/Users/stapi/OneDrive/Desktop/GD32VW553/V1_MQTT_OK/GD32VW55X_Wifi_BLE_SDK/GD32VW55x_RELEASE_V1.0.2/MSDK/plf/GD32VW55x_standard_peripheral/Source\gd32vw55x_trng.c ****     \param[out] none
  53:C:/Users/stapi/OneDrive/Desktop/GD32VW553/V1_MQTT_OK/GD32VW55X_Wifi_BLE_SDK/GD32VW55x_RELEASE_V1.0.2/MSDK/plf/GD32VW55x_standard_peripheral/Source\gd32vw55x_trng.c ****     \retval     none
  54:C:/Users/stapi/OneDrive/Desktop/GD32VW553/V1_MQTT_OK/GD32VW55X_Wifi_BLE_SDK/GD32VW55x_RELEASE_V1.0.2/MSDK/plf/GD32VW55x_standard_peripheral/Source\gd32vw55x_trng.c **** */
  55:C:/Users/stapi/OneDrive/Desktop/GD32VW553/V1_MQTT_OK/GD32VW55X_Wifi_BLE_SDK/GD32VW55x_RELEASE_V1.0.2/MSDK/plf/GD32VW55x_standard_peripheral/Source\gd32vw55x_trng.c **** void trng_enable(void)
  56:C:/Users/stapi/OneDrive/Desktop/GD32VW553/V1_MQTT_OK/GD32VW55X_Wifi_BLE_SDK/GD32VW55x_RELEASE_V1.0.2/MSDK/plf/GD32VW55x_standard_peripheral/Source\gd32vw55x_trng.c **** {
  42              		.loc 1 56 1 is_stmt 1
  43              		.cfi_startproc
  57:C:/Users/stapi/OneDrive/Desktop/GD32VW553/V1_MQTT_OK/GD32VW55X_Wifi_BLE_SDK/GD32VW55x_RELEASE_V1.0.2/MSDK/plf/GD32VW55x_standard_peripheral/Source\gd32vw55x_trng.c ****     TRNG_CTL |= TRNG_CTL_TRNGEN;
  44              		.loc 1 57 5
  45              		.loc 1 57 14 is_stmt 0
  46 0000 3717064C 		li	a4,1275465728
  47 0004 83270780 		lw	a5,-2048(a4)
  48 0008 93E74700 		ori	a5,a5,4
  49 000c 2320F780 		sw	a5,-2048(a4)
  58:C:/Users/stapi/OneDrive/Desktop/GD32VW553/V1_MQTT_OK/GD32VW55X_Wifi_BLE_SDK/GD32VW55x_RELEASE_V1.0.2/MSDK/plf/GD32VW55x_standard_peripheral/Source\gd32vw55x_trng.c **** }
  50              		.loc 1 58 1
  51 0010 8280     		ret
  52              		.cfi_endproc
  53              	.LFE366:
  55              		.section	.text.trng_disable,"ax",@progbits
  56              		.align	1
  57              		.globl	trng_disable
  59              	trng_disable:
  60              	.LFB367:
  59:C:/Users/stapi/OneDrive/Desktop/GD32VW553/V1_MQTT_OK/GD32VW55X_Wifi_BLE_SDK/GD32VW55x_RELEASE_V1.0.2/MSDK/plf/GD32VW55x_standard_peripheral/Source\gd32vw55x_trng.c **** 
  60:C:/Users/stapi/OneDrive/Desktop/GD32VW553/V1_MQTT_OK/GD32VW55X_Wifi_BLE_SDK/GD32VW55x_RELEASE_V1.0.2/MSDK/plf/GD32VW55x_standard_peripheral/Source\gd32vw55x_trng.c **** /*!
  61:C:/Users/stapi/OneDrive/Desktop/GD32VW553/V1_MQTT_OK/GD32VW55X_Wifi_BLE_SDK/GD32VW55x_RELEASE_V1.0.2/MSDK/plf/GD32VW55x_standard_peripheral/Source\gd32vw55x_trng.c ****     \brief      disable the TRNG interface
  62:C:/Users/stapi/OneDrive/Desktop/GD32VW553/V1_MQTT_OK/GD32VW55X_Wifi_BLE_SDK/GD32VW55x_RELEASE_V1.0.2/MSDK/plf/GD32VW55x_standard_peripheral/Source\gd32vw55x_trng.c ****     \param[in]  none
  63:C:/Users/stapi/OneDrive/Desktop/GD32VW553/V1_MQTT_OK/GD32VW55X_Wifi_BLE_SDK/GD32VW55x_RELEASE_V1.0.2/MSDK/plf/GD32VW55x_standard_peripheral/Source\gd32vw55x_trng.c ****     \param[out] none
  64:C:/Users/stapi/OneDrive/Desktop/GD32VW553/V1_MQTT_OK/GD32VW55X_Wifi_BLE_SDK/GD32VW55x_RELEASE_V1.0.2/MSDK/plf/GD32VW55x_standard_peripheral/Source\gd32vw55x_trng.c ****     \retval     none
  65:C:/Users/stapi/OneDrive/Desktop/GD32VW553/V1_MQTT_OK/GD32VW55X_Wifi_BLE_SDK/GD32VW55x_RELEASE_V1.0.2/MSDK/plf/GD32VW55x_standard_peripheral/Source\gd32vw55x_trng.c **** */
  66:C:/Users/stapi/OneDrive/Desktop/GD32VW553/V1_MQTT_OK/GD32VW55X_Wifi_BLE_SDK/GD32VW55x_RELEASE_V1.0.2/MSDK/plf/GD32VW55x_standard_peripheral/Source\gd32vw55x_trng.c **** void trng_disable(void)
  67:C:/Users/stapi/OneDrive/Desktop/GD32VW553/V1_MQTT_OK/GD32VW55X_Wifi_BLE_SDK/GD32VW55x_RELEASE_V1.0.2/MSDK/plf/GD32VW55x_standard_peripheral/Source\gd32vw55x_trng.c **** {
  61              		.loc 1 67 1 is_stmt 1
  62              		.cfi_startproc
  68:C:/Users/stapi/OneDrive/Desktop/GD32VW553/V1_MQTT_OK/GD32VW55X_Wifi_BLE_SDK/GD32VW55x_RELEASE_V1.0.2/MSDK/plf/GD32VW55x_standard_peripheral/Source\gd32vw55x_trng.c ****     TRNG_CTL &= ~TRNG_CTL_TRNGEN;
  63              		.loc 1 68 5
  64              		.loc 1 68 14 is_stmt 0
  65 0000 3717064C 		li	a4,1275465728
  66 0004 83270780 		lw	a5,-2048(a4)
  67 0008 ED9B     		andi	a5,a5,-5
  68 000a 2320F780 		sw	a5,-2048(a4)
  69:C:/Users/stapi/OneDrive/Desktop/GD32VW553/V1_MQTT_OK/GD32VW55X_Wifi_BLE_SDK/GD32VW55x_RELEASE_V1.0.2/MSDK/plf/GD32VW55x_standard_peripheral/Source\gd32vw55x_trng.c **** }
  69              		.loc 1 69 1
  70 000e 8280     		ret
  71              		.cfi_endproc
  72              	.LFE367:
  74              		.section	.text.trng_get_true_random_data,"ax",@progbits
  75              		.align	1
  76              		.globl	trng_get_true_random_data
  78              	trng_get_true_random_data:
  79              	.LFB368:
  70:C:/Users/stapi/OneDrive/Desktop/GD32VW553/V1_MQTT_OK/GD32VW55X_Wifi_BLE_SDK/GD32VW55x_RELEASE_V1.0.2/MSDK/plf/GD32VW55x_standard_peripheral/Source\gd32vw55x_trng.c **** 
  71:C:/Users/stapi/OneDrive/Desktop/GD32VW553/V1_MQTT_OK/GD32VW55X_Wifi_BLE_SDK/GD32VW55x_RELEASE_V1.0.2/MSDK/plf/GD32VW55x_standard_peripheral/Source\gd32vw55x_trng.c **** /*!
  72:C:/Users/stapi/OneDrive/Desktop/GD32VW553/V1_MQTT_OK/GD32VW55X_Wifi_BLE_SDK/GD32VW55x_RELEASE_V1.0.2/MSDK/plf/GD32VW55x_standard_peripheral/Source\gd32vw55x_trng.c ****     \brief      get the true random data
  73:C:/Users/stapi/OneDrive/Desktop/GD32VW553/V1_MQTT_OK/GD32VW55X_Wifi_BLE_SDK/GD32VW55x_RELEASE_V1.0.2/MSDK/plf/GD32VW55x_standard_peripheral/Source\gd32vw55x_trng.c ****     \param[in]  none
  74:C:/Users/stapi/OneDrive/Desktop/GD32VW553/V1_MQTT_OK/GD32VW55X_Wifi_BLE_SDK/GD32VW55x_RELEASE_V1.0.2/MSDK/plf/GD32VW55x_standard_peripheral/Source\gd32vw55x_trng.c ****     \param[out] none
  75:C:/Users/stapi/OneDrive/Desktop/GD32VW553/V1_MQTT_OK/GD32VW55X_Wifi_BLE_SDK/GD32VW55x_RELEASE_V1.0.2/MSDK/plf/GD32VW55x_standard_peripheral/Source\gd32vw55x_trng.c ****     \retval     the generated random data
  76:C:/Users/stapi/OneDrive/Desktop/GD32VW553/V1_MQTT_OK/GD32VW55X_Wifi_BLE_SDK/GD32VW55x_RELEASE_V1.0.2/MSDK/plf/GD32VW55x_standard_peripheral/Source\gd32vw55x_trng.c **** */
  77:C:/Users/stapi/OneDrive/Desktop/GD32VW553/V1_MQTT_OK/GD32VW55X_Wifi_BLE_SDK/GD32VW55x_RELEASE_V1.0.2/MSDK/plf/GD32VW55x_standard_peripheral/Source\gd32vw55x_trng.c **** uint32_t trng_get_true_random_data(void)
  78:C:/Users/stapi/OneDrive/Desktop/GD32VW553/V1_MQTT_OK/GD32VW55X_Wifi_BLE_SDK/GD32VW55x_RELEASE_V1.0.2/MSDK/plf/GD32VW55x_standard_peripheral/Source\gd32vw55x_trng.c **** {
  80              		.loc 1 78 1 is_stmt 1
  81              		.cfi_startproc
  79:C:/Users/stapi/OneDrive/Desktop/GD32VW553/V1_MQTT_OK/GD32VW55X_Wifi_BLE_SDK/GD32VW55x_RELEASE_V1.0.2/MSDK/plf/GD32VW55x_standard_peripheral/Source\gd32vw55x_trng.c ****     return (TRNG_DATA);
  82              		.loc 1 79 5
  83              		.loc 1 79 13 is_stmt 0
  84 0000 B717064C 		li	a5,1275465728
  85 0004 03A58780 		lw	a0,-2040(a5)
  80:C:/Users/stapi/OneDrive/Desktop/GD32VW553/V1_MQTT_OK/GD32VW55X_Wifi_BLE_SDK/GD32VW55x_RELEASE_V1.0.2/MSDK/plf/GD32VW55x_standard_peripheral/Source\gd32vw55x_trng.c **** }
  86              		.loc 1 80 1
  87 0008 8280     		ret
  88              		.cfi_endproc
  89              	.LFE368:
  91              		.section	.text.trng_interrupt_enable,"ax",@progbits
  92              		.align	1
  93              		.globl	trng_interrupt_enable
  95              	trng_interrupt_enable:
  96              	.LFB369:
  81:C:/Users/stapi/OneDrive/Desktop/GD32VW553/V1_MQTT_OK/GD32VW55X_Wifi_BLE_SDK/GD32VW55x_RELEASE_V1.0.2/MSDK/plf/GD32VW55x_standard_peripheral/Source\gd32vw55x_trng.c **** 
  82:C:/Users/stapi/OneDrive/Desktop/GD32VW553/V1_MQTT_OK/GD32VW55X_Wifi_BLE_SDK/GD32VW55x_RELEASE_V1.0.2/MSDK/plf/GD32VW55x_standard_peripheral/Source\gd32vw55x_trng.c **** /*!
  83:C:/Users/stapi/OneDrive/Desktop/GD32VW553/V1_MQTT_OK/GD32VW55X_Wifi_BLE_SDK/GD32VW55x_RELEASE_V1.0.2/MSDK/plf/GD32VW55x_standard_peripheral/Source\gd32vw55x_trng.c ****     \brief      enable the TRNG interrupt
  84:C:/Users/stapi/OneDrive/Desktop/GD32VW553/V1_MQTT_OK/GD32VW55X_Wifi_BLE_SDK/GD32VW55x_RELEASE_V1.0.2/MSDK/plf/GD32VW55x_standard_peripheral/Source\gd32vw55x_trng.c ****     \param[in]  none
  85:C:/Users/stapi/OneDrive/Desktop/GD32VW553/V1_MQTT_OK/GD32VW55X_Wifi_BLE_SDK/GD32VW55x_RELEASE_V1.0.2/MSDK/plf/GD32VW55x_standard_peripheral/Source\gd32vw55x_trng.c ****     \param[out] none
  86:C:/Users/stapi/OneDrive/Desktop/GD32VW553/V1_MQTT_OK/GD32VW55X_Wifi_BLE_SDK/GD32VW55x_RELEASE_V1.0.2/MSDK/plf/GD32VW55x_standard_peripheral/Source\gd32vw55x_trng.c ****     \retval     none
  87:C:/Users/stapi/OneDrive/Desktop/GD32VW553/V1_MQTT_OK/GD32VW55X_Wifi_BLE_SDK/GD32VW55x_RELEASE_V1.0.2/MSDK/plf/GD32VW55x_standard_peripheral/Source\gd32vw55x_trng.c **** */
  88:C:/Users/stapi/OneDrive/Desktop/GD32VW553/V1_MQTT_OK/GD32VW55X_Wifi_BLE_SDK/GD32VW55x_RELEASE_V1.0.2/MSDK/plf/GD32VW55x_standard_peripheral/Source\gd32vw55x_trng.c **** void trng_interrupt_enable(void)
  89:C:/Users/stapi/OneDrive/Desktop/GD32VW553/V1_MQTT_OK/GD32VW55X_Wifi_BLE_SDK/GD32VW55x_RELEASE_V1.0.2/MSDK/plf/GD32VW55x_standard_peripheral/Source\gd32vw55x_trng.c **** {
  97              		.loc 1 89 1 is_stmt 1
  98              		.cfi_startproc
  90:C:/Users/stapi/OneDrive/Desktop/GD32VW553/V1_MQTT_OK/GD32VW55X_Wifi_BLE_SDK/GD32VW55x_RELEASE_V1.0.2/MSDK/plf/GD32VW55x_standard_peripheral/Source\gd32vw55x_trng.c ****     TRNG_CTL |= TRNG_CTL_IE;
  99              		.loc 1 90 5
 100              		.loc 1 90 14 is_stmt 0
 101 0000 3717064C 		li	a4,1275465728
 102 0004 83270780 		lw	a5,-2048(a4)
 103 0008 93E78700 		ori	a5,a5,8
 104 000c 2320F780 		sw	a5,-2048(a4)
  91:C:/Users/stapi/OneDrive/Desktop/GD32VW553/V1_MQTT_OK/GD32VW55X_Wifi_BLE_SDK/GD32VW55x_RELEASE_V1.0.2/MSDK/plf/GD32VW55x_standard_peripheral/Source\gd32vw55x_trng.c **** }
 105              		.loc 1 91 1
 106 0010 8280     		ret
 107              		.cfi_endproc
 108              	.LFE369:
 110              		.section	.text.trng_interrupt_disable,"ax",@progbits
 111              		.align	1
 112              		.globl	trng_interrupt_disable
 114              	trng_interrupt_disable:
 115              	.LFB370:
  92:C:/Users/stapi/OneDrive/Desktop/GD32VW553/V1_MQTT_OK/GD32VW55X_Wifi_BLE_SDK/GD32VW55x_RELEASE_V1.0.2/MSDK/plf/GD32VW55x_standard_peripheral/Source\gd32vw55x_trng.c **** 
  93:C:/Users/stapi/OneDrive/Desktop/GD32VW553/V1_MQTT_OK/GD32VW55X_Wifi_BLE_SDK/GD32VW55x_RELEASE_V1.0.2/MSDK/plf/GD32VW55x_standard_peripheral/Source\gd32vw55x_trng.c **** /*!
  94:C:/Users/stapi/OneDrive/Desktop/GD32VW553/V1_MQTT_OK/GD32VW55X_Wifi_BLE_SDK/GD32VW55x_RELEASE_V1.0.2/MSDK/plf/GD32VW55x_standard_peripheral/Source\gd32vw55x_trng.c ****     \brief      disable the TRNG interrupt
  95:C:/Users/stapi/OneDrive/Desktop/GD32VW553/V1_MQTT_OK/GD32VW55X_Wifi_BLE_SDK/GD32VW55x_RELEASE_V1.0.2/MSDK/plf/GD32VW55x_standard_peripheral/Source\gd32vw55x_trng.c ****     \param[in]  none
  96:C:/Users/stapi/OneDrive/Desktop/GD32VW553/V1_MQTT_OK/GD32VW55X_Wifi_BLE_SDK/GD32VW55x_RELEASE_V1.0.2/MSDK/plf/GD32VW55x_standard_peripheral/Source\gd32vw55x_trng.c ****     \param[out] none
  97:C:/Users/stapi/OneDrive/Desktop/GD32VW553/V1_MQTT_OK/GD32VW55X_Wifi_BLE_SDK/GD32VW55x_RELEASE_V1.0.2/MSDK/plf/GD32VW55x_standard_peripheral/Source\gd32vw55x_trng.c ****     \retval     none
  98:C:/Users/stapi/OneDrive/Desktop/GD32VW553/V1_MQTT_OK/GD32VW55X_Wifi_BLE_SDK/GD32VW55x_RELEASE_V1.0.2/MSDK/plf/GD32VW55x_standard_peripheral/Source\gd32vw55x_trng.c **** */
  99:C:/Users/stapi/OneDrive/Desktop/GD32VW553/V1_MQTT_OK/GD32VW55X_Wifi_BLE_SDK/GD32VW55x_RELEASE_V1.0.2/MSDK/plf/GD32VW55x_standard_peripheral/Source\gd32vw55x_trng.c **** void trng_interrupt_disable(void)
 100:C:/Users/stapi/OneDrive/Desktop/GD32VW553/V1_MQTT_OK/GD32VW55X_Wifi_BLE_SDK/GD32VW55x_RELEASE_V1.0.2/MSDK/plf/GD32VW55x_standard_peripheral/Source\gd32vw55x_trng.c **** {
 116              		.loc 1 100 1 is_stmt 1
 117              		.cfi_startproc
 101:C:/Users/stapi/OneDrive/Desktop/GD32VW553/V1_MQTT_OK/GD32VW55X_Wifi_BLE_SDK/GD32VW55x_RELEASE_V1.0.2/MSDK/plf/GD32VW55x_standard_peripheral/Source\gd32vw55x_trng.c ****     TRNG_CTL &= ~TRNG_CTL_IE;
 118              		.loc 1 101 5
 119              		.loc 1 101 14 is_stmt 0
 120 0000 3717064C 		li	a4,1275465728
 121 0004 83270780 		lw	a5,-2048(a4)
 122 0008 DD9B     		andi	a5,a5,-9
 123 000a 2320F780 		sw	a5,-2048(a4)
 102:C:/Users/stapi/OneDrive/Desktop/GD32VW553/V1_MQTT_OK/GD32VW55X_Wifi_BLE_SDK/GD32VW55x_RELEASE_V1.0.2/MSDK/plf/GD32VW55x_standard_peripheral/Source\gd32vw55x_trng.c **** }
 124              		.loc 1 102 1
 125 000e 8280     		ret
 126              		.cfi_endproc
 127              	.LFE370:
 129              		.section	.text.trng_flag_get,"ax",@progbits
 130              		.align	1
 131              		.globl	trng_flag_get
 133              	trng_flag_get:
 134              	.LFB371:
 103:C:/Users/stapi/OneDrive/Desktop/GD32VW553/V1_MQTT_OK/GD32VW55X_Wifi_BLE_SDK/GD32VW55x_RELEASE_V1.0.2/MSDK/plf/GD32VW55x_standard_peripheral/Source\gd32vw55x_trng.c **** 
 104:C:/Users/stapi/OneDrive/Desktop/GD32VW553/V1_MQTT_OK/GD32VW55X_Wifi_BLE_SDK/GD32VW55x_RELEASE_V1.0.2/MSDK/plf/GD32VW55x_standard_peripheral/Source\gd32vw55x_trng.c **** /*!
 105:C:/Users/stapi/OneDrive/Desktop/GD32VW553/V1_MQTT_OK/GD32VW55X_Wifi_BLE_SDK/GD32VW55x_RELEASE_V1.0.2/MSDK/plf/GD32VW55x_standard_peripheral/Source\gd32vw55x_trng.c ****     \brief      get the TRNG status flags
 106:C:/Users/stapi/OneDrive/Desktop/GD32VW553/V1_MQTT_OK/GD32VW55X_Wifi_BLE_SDK/GD32VW55x_RELEASE_V1.0.2/MSDK/plf/GD32VW55x_standard_peripheral/Source\gd32vw55x_trng.c ****     \param[in]  flag: TRNG status flag, refer to trng_flag_enum
 107:C:/Users/stapi/OneDrive/Desktop/GD32VW553/V1_MQTT_OK/GD32VW55X_Wifi_BLE_SDK/GD32VW55x_RELEASE_V1.0.2/MSDK/plf/GD32VW55x_standard_peripheral/Source\gd32vw55x_trng.c ****                 only one parameter can be selected which is shown as below:
 108:C:/Users/stapi/OneDrive/Desktop/GD32VW553/V1_MQTT_OK/GD32VW55X_Wifi_BLE_SDK/GD32VW55x_RELEASE_V1.0.2/MSDK/plf/GD32VW55x_standard_peripheral/Source\gd32vw55x_trng.c ****       \arg        TRNG_FLAG_DRDY: random data ready status
 109:C:/Users/stapi/OneDrive/Desktop/GD32VW553/V1_MQTT_OK/GD32VW55X_Wifi_BLE_SDK/GD32VW55x_RELEASE_V1.0.2/MSDK/plf/GD32VW55x_standard_peripheral/Source\gd32vw55x_trng.c ****       \arg        TRNG_FLAG_CECS: clock error current status
 110:C:/Users/stapi/OneDrive/Desktop/GD32VW553/V1_MQTT_OK/GD32VW55X_Wifi_BLE_SDK/GD32VW55x_RELEASE_V1.0.2/MSDK/plf/GD32VW55x_standard_peripheral/Source\gd32vw55x_trng.c ****       \arg        TRNG_FLAG_SECS: seed error current status
 111:C:/Users/stapi/OneDrive/Desktop/GD32VW553/V1_MQTT_OK/GD32VW55X_Wifi_BLE_SDK/GD32VW55x_RELEASE_V1.0.2/MSDK/plf/GD32VW55x_standard_peripheral/Source\gd32vw55x_trng.c ****     \param[out] none
 112:C:/Users/stapi/OneDrive/Desktop/GD32VW553/V1_MQTT_OK/GD32VW55X_Wifi_BLE_SDK/GD32VW55x_RELEASE_V1.0.2/MSDK/plf/GD32VW55x_standard_peripheral/Source\gd32vw55x_trng.c ****     \retval     FlagStatus: SET or RESET
 113:C:/Users/stapi/OneDrive/Desktop/GD32VW553/V1_MQTT_OK/GD32VW55X_Wifi_BLE_SDK/GD32VW55x_RELEASE_V1.0.2/MSDK/plf/GD32VW55x_standard_peripheral/Source\gd32vw55x_trng.c **** */
 114:C:/Users/stapi/OneDrive/Desktop/GD32VW553/V1_MQTT_OK/GD32VW55X_Wifi_BLE_SDK/GD32VW55x_RELEASE_V1.0.2/MSDK/plf/GD32VW55x_standard_peripheral/Source\gd32vw55x_trng.c **** FlagStatus trng_flag_get(trng_flag_enum flag)
 115:C:/Users/stapi/OneDrive/Desktop/GD32VW553/V1_MQTT_OK/GD32VW55X_Wifi_BLE_SDK/GD32VW55x_RELEASE_V1.0.2/MSDK/plf/GD32VW55x_standard_peripheral/Source\gd32vw55x_trng.c **** {
 135              		.loc 1 115 1 is_stmt 1
 136              		.cfi_startproc
 137              	.LVL2:
 116:C:/Users/stapi/OneDrive/Desktop/GD32VW553/V1_MQTT_OK/GD32VW55X_Wifi_BLE_SDK/GD32VW55x_RELEASE_V1.0.2/MSDK/plf/GD32VW55x_standard_peripheral/Source\gd32vw55x_trng.c ****     if(RESET != (TRNG_STAT & flag)) {
 138              		.loc 1 116 5
 139              		.loc 1 116 18 is_stmt 0
 140 0000 B717064C 		li	a5,1275465728
 141 0004 83A74780 		lw	a5,-2044(a5)
 142              		.loc 1 116 28
 143 0008 7D8D     		and	a0,a5,a0
 144              	.LVL3:
 117:C:/Users/stapi/OneDrive/Desktop/GD32VW553/V1_MQTT_OK/GD32VW55X_Wifi_BLE_SDK/GD32VW55x_RELEASE_V1.0.2/MSDK/plf/GD32VW55x_standard_peripheral/Source\gd32vw55x_trng.c ****         return SET;
 118:C:/Users/stapi/OneDrive/Desktop/GD32VW553/V1_MQTT_OK/GD32VW55X_Wifi_BLE_SDK/GD32VW55x_RELEASE_V1.0.2/MSDK/plf/GD32VW55x_standard_peripheral/Source\gd32vw55x_trng.c ****     } else {
 119:C:/Users/stapi/OneDrive/Desktop/GD32VW553/V1_MQTT_OK/GD32VW55X_Wifi_BLE_SDK/GD32VW55x_RELEASE_V1.0.2/MSDK/plf/GD32VW55x_standard_peripheral/Source\gd32vw55x_trng.c ****         return RESET;
 120:C:/Users/stapi/OneDrive/Desktop/GD32VW553/V1_MQTT_OK/GD32VW55X_Wifi_BLE_SDK/GD32VW55x_RELEASE_V1.0.2/MSDK/plf/GD32VW55x_standard_peripheral/Source\gd32vw55x_trng.c ****     }
 121:C:/Users/stapi/OneDrive/Desktop/GD32VW553/V1_MQTT_OK/GD32VW55X_Wifi_BLE_SDK/GD32VW55x_RELEASE_V1.0.2/MSDK/plf/GD32VW55x_standard_peripheral/Source\gd32vw55x_trng.c **** }
 145              		.loc 1 121 1
 146 000a 3335A000 		snez	a0,a0
 147 000e 8280     		ret
 148              		.cfi_endproc
 149              	.LFE371:
 151              		.section	.text.trng_interrupt_flag_get,"ax",@progbits
 152              		.align	1
 153              		.globl	trng_interrupt_flag_get
 155              	trng_interrupt_flag_get:
 156              	.LFB375:
 157              		.cfi_startproc
 158 0000 17030000 		tail	trng_flag_get
 158      67000300 
 159              		.cfi_endproc
 160              	.LFE375:
 162              		.section	.text.trng_interrupt_flag_clear,"ax",@progbits
 163              		.align	1
 164              		.globl	trng_interrupt_flag_clear
 166              	trng_interrupt_flag_clear:
 167              	.LFB373:
 122:C:/Users/stapi/OneDrive/Desktop/GD32VW553/V1_MQTT_OK/GD32VW55X_Wifi_BLE_SDK/GD32VW55x_RELEASE_V1.0.2/MSDK/plf/GD32VW55x_standard_peripheral/Source\gd32vw55x_trng.c **** 
 123:C:/Users/stapi/OneDrive/Desktop/GD32VW553/V1_MQTT_OK/GD32VW55X_Wifi_BLE_SDK/GD32VW55x_RELEASE_V1.0.2/MSDK/plf/GD32VW55x_standard_peripheral/Source\gd32vw55x_trng.c **** /*!
 124:C:/Users/stapi/OneDrive/Desktop/GD32VW553/V1_MQTT_OK/GD32VW55X_Wifi_BLE_SDK/GD32VW55x_RELEASE_V1.0.2/MSDK/plf/GD32VW55x_standard_peripheral/Source\gd32vw55x_trng.c ****     \brief      get the TRNG interrupt flags
 125:C:/Users/stapi/OneDrive/Desktop/GD32VW553/V1_MQTT_OK/GD32VW55X_Wifi_BLE_SDK/GD32VW55x_RELEASE_V1.0.2/MSDK/plf/GD32VW55x_standard_peripheral/Source\gd32vw55x_trng.c ****     \param[in]  int_flag: TRNG interrupt flag, refer to trng_int_flag_enum
 126:C:/Users/stapi/OneDrive/Desktop/GD32VW553/V1_MQTT_OK/GD32VW55X_Wifi_BLE_SDK/GD32VW55x_RELEASE_V1.0.2/MSDK/plf/GD32VW55x_standard_peripheral/Source\gd32vw55x_trng.c ****                 only one parameter can be selected which is shown as below:
 127:C:/Users/stapi/OneDrive/Desktop/GD32VW553/V1_MQTT_OK/GD32VW55X_Wifi_BLE_SDK/GD32VW55x_RELEASE_V1.0.2/MSDK/plf/GD32VW55x_standard_peripheral/Source\gd32vw55x_trng.c ****       \arg        TRNG_INT_FLAG_CEIF: clock error interrupt flag
 128:C:/Users/stapi/OneDrive/Desktop/GD32VW553/V1_MQTT_OK/GD32VW55X_Wifi_BLE_SDK/GD32VW55x_RELEASE_V1.0.2/MSDK/plf/GD32VW55x_standard_peripheral/Source\gd32vw55x_trng.c ****       \arg        TRNG_INT_FLAG_SEIF: seed error interrupt flag
 129:C:/Users/stapi/OneDrive/Desktop/GD32VW553/V1_MQTT_OK/GD32VW55X_Wifi_BLE_SDK/GD32VW55x_RELEASE_V1.0.2/MSDK/plf/GD32VW55x_standard_peripheral/Source\gd32vw55x_trng.c ****     \param[out] none
 130:C:/Users/stapi/OneDrive/Desktop/GD32VW553/V1_MQTT_OK/GD32VW55X_Wifi_BLE_SDK/GD32VW55x_RELEASE_V1.0.2/MSDK/plf/GD32VW55x_standard_peripheral/Source\gd32vw55x_trng.c ****     \retval     FlagStatus: SET or RESET
 131:C:/Users/stapi/OneDrive/Desktop/GD32VW553/V1_MQTT_OK/GD32VW55X_Wifi_BLE_SDK/GD32VW55x_RELEASE_V1.0.2/MSDK/plf/GD32VW55x_standard_peripheral/Source\gd32vw55x_trng.c **** */
 132:C:/Users/stapi/OneDrive/Desktop/GD32VW553/V1_MQTT_OK/GD32VW55X_Wifi_BLE_SDK/GD32VW55x_RELEASE_V1.0.2/MSDK/plf/GD32VW55x_standard_peripheral/Source\gd32vw55x_trng.c **** FlagStatus trng_interrupt_flag_get(trng_int_flag_enum int_flag)
 133:C:/Users/stapi/OneDrive/Desktop/GD32VW553/V1_MQTT_OK/GD32VW55X_Wifi_BLE_SDK/GD32VW55x_RELEASE_V1.0.2/MSDK/plf/GD32VW55x_standard_peripheral/Source\gd32vw55x_trng.c **** {
 134:C:/Users/stapi/OneDrive/Desktop/GD32VW553/V1_MQTT_OK/GD32VW55X_Wifi_BLE_SDK/GD32VW55x_RELEASE_V1.0.2/MSDK/plf/GD32VW55x_standard_peripheral/Source\gd32vw55x_trng.c ****     if(RESET != (TRNG_STAT & int_flag)) {
 135:C:/Users/stapi/OneDrive/Desktop/GD32VW553/V1_MQTT_OK/GD32VW55X_Wifi_BLE_SDK/GD32VW55x_RELEASE_V1.0.2/MSDK/plf/GD32VW55x_standard_peripheral/Source\gd32vw55x_trng.c ****         return SET;
 136:C:/Users/stapi/OneDrive/Desktop/GD32VW553/V1_MQTT_OK/GD32VW55X_Wifi_BLE_SDK/GD32VW55x_RELEASE_V1.0.2/MSDK/plf/GD32VW55x_standard_peripheral/Source\gd32vw55x_trng.c ****     } else {
 137:C:/Users/stapi/OneDrive/Desktop/GD32VW553/V1_MQTT_OK/GD32VW55X_Wifi_BLE_SDK/GD32VW55x_RELEASE_V1.0.2/MSDK/plf/GD32VW55x_standard_peripheral/Source\gd32vw55x_trng.c ****         return RESET;
 138:C:/Users/stapi/OneDrive/Desktop/GD32VW553/V1_MQTT_OK/GD32VW55X_Wifi_BLE_SDK/GD32VW55x_RELEASE_V1.0.2/MSDK/plf/GD32VW55x_standard_peripheral/Source\gd32vw55x_trng.c ****     }
 139:C:/Users/stapi/OneDrive/Desktop/GD32VW553/V1_MQTT_OK/GD32VW55X_Wifi_BLE_SDK/GD32VW55x_RELEASE_V1.0.2/MSDK/plf/GD32VW55x_standard_peripheral/Source\gd32vw55x_trng.c **** }
 140:C:/Users/stapi/OneDrive/Desktop/GD32VW553/V1_MQTT_OK/GD32VW55X_Wifi_BLE_SDK/GD32VW55x_RELEASE_V1.0.2/MSDK/plf/GD32VW55x_standard_peripheral/Source\gd32vw55x_trng.c **** 
 141:C:/Users/stapi/OneDrive/Desktop/GD32VW553/V1_MQTT_OK/GD32VW55X_Wifi_BLE_SDK/GD32VW55x_RELEASE_V1.0.2/MSDK/plf/GD32VW55x_standard_peripheral/Source\gd32vw55x_trng.c **** /*!
 142:C:/Users/stapi/OneDrive/Desktop/GD32VW553/V1_MQTT_OK/GD32VW55X_Wifi_BLE_SDK/GD32VW55x_RELEASE_V1.0.2/MSDK/plf/GD32VW55x_standard_peripheral/Source\gd32vw55x_trng.c ****     \brief      clear the TRNG interrupt flags
 143:C:/Users/stapi/OneDrive/Desktop/GD32VW553/V1_MQTT_OK/GD32VW55X_Wifi_BLE_SDK/GD32VW55x_RELEASE_V1.0.2/MSDK/plf/GD32VW55x_standard_peripheral/Source\gd32vw55x_trng.c ****     \param[in]  int_flag: TRNG interrupt flag, refer to trng_int_flag_enum
 144:C:/Users/stapi/OneDrive/Desktop/GD32VW553/V1_MQTT_OK/GD32VW55X_Wifi_BLE_SDK/GD32VW55x_RELEASE_V1.0.2/MSDK/plf/GD32VW55x_standard_peripheral/Source\gd32vw55x_trng.c ****                 only one parameter can be selected which is shown as below:
 145:C:/Users/stapi/OneDrive/Desktop/GD32VW553/V1_MQTT_OK/GD32VW55X_Wifi_BLE_SDK/GD32VW55x_RELEASE_V1.0.2/MSDK/plf/GD32VW55x_standard_peripheral/Source\gd32vw55x_trng.c ****       \arg        TRNG_INT_FLAG_CEIF: clock error interrupt flag
 146:C:/Users/stapi/OneDrive/Desktop/GD32VW553/V1_MQTT_OK/GD32VW55X_Wifi_BLE_SDK/GD32VW55x_RELEASE_V1.0.2/MSDK/plf/GD32VW55x_standard_peripheral/Source\gd32vw55x_trng.c ****       \arg        TRNG_INT_FLAG_SEIF: seed error interrupt flag
 147:C:/Users/stapi/OneDrive/Desktop/GD32VW553/V1_MQTT_OK/GD32VW55X_Wifi_BLE_SDK/GD32VW55x_RELEASE_V1.0.2/MSDK/plf/GD32VW55x_standard_peripheral/Source\gd32vw55x_trng.c ****     \param[out] none
 148:C:/Users/stapi/OneDrive/Desktop/GD32VW553/V1_MQTT_OK/GD32VW55X_Wifi_BLE_SDK/GD32VW55x_RELEASE_V1.0.2/MSDK/plf/GD32VW55x_standard_peripheral/Source\gd32vw55x_trng.c ****     \retval     none
 149:C:/Users/stapi/OneDrive/Desktop/GD32VW553/V1_MQTT_OK/GD32VW55X_Wifi_BLE_SDK/GD32VW55x_RELEASE_V1.0.2/MSDK/plf/GD32VW55x_standard_peripheral/Source\gd32vw55x_trng.c **** */
 150:C:/Users/stapi/OneDrive/Desktop/GD32VW553/V1_MQTT_OK/GD32VW55X_Wifi_BLE_SDK/GD32VW55x_RELEASE_V1.0.2/MSDK/plf/GD32VW55x_standard_peripheral/Source\gd32vw55x_trng.c **** void trng_interrupt_flag_clear(trng_int_flag_enum int_flag)
 151:C:/Users/stapi/OneDrive/Desktop/GD32VW553/V1_MQTT_OK/GD32VW55X_Wifi_BLE_SDK/GD32VW55x_RELEASE_V1.0.2/MSDK/plf/GD32VW55x_standard_peripheral/Source\gd32vw55x_trng.c **** {
 168              		.loc 1 151 1 is_stmt 1
 169              		.cfi_startproc
 170              	.LVL4:
 152:C:/Users/stapi/OneDrive/Desktop/GD32VW553/V1_MQTT_OK/GD32VW55X_Wifi_BLE_SDK/GD32VW55x_RELEASE_V1.0.2/MSDK/plf/GD32VW55x_standard_peripheral/Source\gd32vw55x_trng.c ****     TRNG_STAT &= ~(uint32_t)int_flag;
 171              		.loc 1 152 5
 172              		.loc 1 152 15 is_stmt 0
 173 0000 B717064C 		li	a5,1275465728
 174 0004 03A74780 		lw	a4,-2044(a5)
 175 0008 3375A740 		andn	a0,a4,a0
 176              	.LVL5:
 177 000c 23A2A780 		sw	a0,-2044(a5)
 153:C:/Users/stapi/OneDrive/Desktop/GD32VW553/V1_MQTT_OK/GD32VW55X_Wifi_BLE_SDK/GD32VW55x_RELEASE_V1.0.2/MSDK/plf/GD32VW55x_standard_peripheral/Source\gd32vw55x_trng.c **** }
 178              		.loc 1 153 1
 179 0010 8280     		ret
 180              		.cfi_endproc
 181              	.LFE373:
 183              		.text
 184              	.Letext0:
 185              		.file 2 "c:\\users\\stapi\\onedrive\\desktop\\gd32vw553\\embeddedbuilder_v1.4.7.26843\\tools\\nucl
 186              		.file 3 "c:\\users\\stapi\\onedrive\\desktop\\gd32vw553\\embeddedbuilder_v1.4.7.26843\\tools\\nucl
 187              		.file 4 "..\\..\\..\\..\\plf\\riscv\\gd32vw55x/gd32vw55x.h"
 188              		.file 5 "..\\..\\..\\..\\plf\\GD32VW55x_standard_peripheral\\Include/gd32vw55x_rcu.h"
 189              		.file 6 "..\\..\\..\\..\\plf\\GD32VW55x_standard_peripheral\\Include/gd32vw55x_trng.h"
DEFINED SYMBOLS
                            *ABS*:0000000000000000 gd32vw55x_trng.c
C:\Users\stapi\AppData\Local\Temp\ccWfcmtK.s:13     .text.trng_deinit:0000000000000000 trng_deinit
C:\Users\stapi\AppData\Local\Temp\ccWfcmtK.s:17     .text.trng_deinit:0000000000000000 .L0 
C:\Users\stapi\AppData\Local\Temp\ccWfcmtK.s:18     .text.trng_deinit:0000000000000000 .L0 
C:\Users\stapi\AppData\Local\Temp\ccWfcmtK.s:19     .text.trng_deinit:0000000000000008 .L0 
C:\Users\stapi\AppData\Local\Temp\ccWfcmtK.s:20     .text.trng_deinit:0000000000000008 .L0 
C:\Users\stapi\AppData\Local\Temp\ccWfcmtK.s:22     .text.trng_deinit:0000000000000008 .L0 
C:\Users\stapi\AppData\Local\Temp\ccWfcmtK.s:26     .text.trng_deinit:0000000000000014 .L0 
C:\Users\stapi\AppData\Local\Temp\ccWfcmtK.s:30     .text.trng_deinit:0000000000000020 .L0 
C:\Users\stapi\AppData\Local\Temp\ccWfcmtK.s:31     .text.trng_deinit:0000000000000028 .L0 
C:\Users\stapi\AppData\Local\Temp\ccWfcmtK.s:32     .text.trng_deinit:0000000000000028 .L0 
C:\Users\stapi\AppData\Local\Temp\ccWfcmtK.s:33     .text.trng_deinit:0000000000000028 .L0 
C:\Users\stapi\AppData\Local\Temp\ccWfcmtK.s:40     .text.trng_enable:0000000000000000 trng_enable
C:\Users\stapi\AppData\Local\Temp\ccWfcmtK.s:43     .text.trng_enable:0000000000000000 .L0 
C:\Users\stapi\AppData\Local\Temp\ccWfcmtK.s:44     .text.trng_enable:0000000000000000 .L0 
C:\Users\stapi\AppData\Local\Temp\ccWfcmtK.s:45     .text.trng_enable:0000000000000000 .L0 
C:\Users\stapi\AppData\Local\Temp\ccWfcmtK.s:46     .text.trng_enable:0000000000000000 .L0 
C:\Users\stapi\AppData\Local\Temp\ccWfcmtK.s:51     .text.trng_enable:0000000000000010 .L0 
C:\Users\stapi\AppData\Local\Temp\ccWfcmtK.s:52     .text.trng_enable:0000000000000012 .L0 
C:\Users\stapi\AppData\Local\Temp\ccWfcmtK.s:59     .text.trng_disable:0000000000000000 trng_disable
C:\Users\stapi\AppData\Local\Temp\ccWfcmtK.s:62     .text.trng_disable:0000000000000000 .L0 
C:\Users\stapi\AppData\Local\Temp\ccWfcmtK.s:63     .text.trng_disable:0000000000000000 .L0 
C:\Users\stapi\AppData\Local\Temp\ccWfcmtK.s:64     .text.trng_disable:0000000000000000 .L0 
C:\Users\stapi\AppData\Local\Temp\ccWfcmtK.s:65     .text.trng_disable:0000000000000000 .L0 
C:\Users\stapi\AppData\Local\Temp\ccWfcmtK.s:70     .text.trng_disable:000000000000000e .L0 
C:\Users\stapi\AppData\Local\Temp\ccWfcmtK.s:71     .text.trng_disable:0000000000000010 .L0 
C:\Users\stapi\AppData\Local\Temp\ccWfcmtK.s:78     .text.trng_get_true_random_data:0000000000000000 trng_get_true_random_data
C:\Users\stapi\AppData\Local\Temp\ccWfcmtK.s:81     .text.trng_get_true_random_data:0000000000000000 .L0 
C:\Users\stapi\AppData\Local\Temp\ccWfcmtK.s:82     .text.trng_get_true_random_data:0000000000000000 .L0 
C:\Users\stapi\AppData\Local\Temp\ccWfcmtK.s:83     .text.trng_get_true_random_data:0000000000000000 .L0 
C:\Users\stapi\AppData\Local\Temp\ccWfcmtK.s:84     .text.trng_get_true_random_data:0000000000000000 .L0 
C:\Users\stapi\AppData\Local\Temp\ccWfcmtK.s:87     .text.trng_get_true_random_data:0000000000000008 .L0 
C:\Users\stapi\AppData\Local\Temp\ccWfcmtK.s:88     .text.trng_get_true_random_data:000000000000000a .L0 
C:\Users\stapi\AppData\Local\Temp\ccWfcmtK.s:95     .text.trng_interrupt_enable:0000000000000000 trng_interrupt_enable
C:\Users\stapi\AppData\Local\Temp\ccWfcmtK.s:98     .text.trng_interrupt_enable:0000000000000000 .L0 
C:\Users\stapi\AppData\Local\Temp\ccWfcmtK.s:99     .text.trng_interrupt_enable:0000000000000000 .L0 
C:\Users\stapi\AppData\Local\Temp\ccWfcmtK.s:100    .text.trng_interrupt_enable:0000000000000000 .L0 
C:\Users\stapi\AppData\Local\Temp\ccWfcmtK.s:101    .text.trng_interrupt_enable:0000000000000000 .L0 
C:\Users\stapi\AppData\Local\Temp\ccWfcmtK.s:106    .text.trng_interrupt_enable:0000000000000010 .L0 
C:\Users\stapi\AppData\Local\Temp\ccWfcmtK.s:107    .text.trng_interrupt_enable:0000000000000012 .L0 
C:\Users\stapi\AppData\Local\Temp\ccWfcmtK.s:114    .text.trng_interrupt_disable:0000000000000000 trng_interrupt_disable
C:\Users\stapi\AppData\Local\Temp\ccWfcmtK.s:117    .text.trng_interrupt_disable:0000000000000000 .L0 
C:\Users\stapi\AppData\Local\Temp\ccWfcmtK.s:118    .text.trng_interrupt_disable:0000000000000000 .L0 
C:\Users\stapi\AppData\Local\Temp\ccWfcmtK.s:119    .text.trng_interrupt_disable:0000000000000000 .L0 
C:\Users\stapi\AppData\Local\Temp\ccWfcmtK.s:120    .text.trng_interrupt_disable:0000000000000000 .L0 
C:\Users\stapi\AppData\Local\Temp\ccWfcmtK.s:125    .text.trng_interrupt_disable:000000000000000e .L0 
C:\Users\stapi\AppData\Local\Temp\ccWfcmtK.s:126    .text.trng_interrupt_disable:0000000000000010 .L0 
C:\Users\stapi\AppData\Local\Temp\ccWfcmtK.s:133    .text.trng_flag_get:0000000000000000 trng_flag_get
C:\Users\stapi\AppData\Local\Temp\ccWfcmtK.s:136    .text.trng_flag_get:0000000000000000 .L0 
C:\Users\stapi\AppData\Local\Temp\ccWfcmtK.s:138    .text.trng_flag_get:0000000000000000 .L0 
C:\Users\stapi\AppData\Local\Temp\ccWfcmtK.s:139    .text.trng_flag_get:0000000000000000 .L0 
C:\Users\stapi\AppData\Local\Temp\ccWfcmtK.s:140    .text.trng_flag_get:0000000000000000 .L0 
C:\Users\stapi\AppData\Local\Temp\ccWfcmtK.s:143    .text.trng_flag_get:0000000000000008 .L0 
C:\Users\stapi\AppData\Local\Temp\ccWfcmtK.s:146    .text.trng_flag_get:000000000000000a .L0 
C:\Users\stapi\AppData\Local\Temp\ccWfcmtK.s:148    .text.trng_flag_get:0000000000000010 .L0 
C:\Users\stapi\AppData\Local\Temp\ccWfcmtK.s:155    .text.trng_interrupt_flag_get:0000000000000000 trng_interrupt_flag_get
C:\Users\stapi\AppData\Local\Temp\ccWfcmtK.s:157    .text.trng_interrupt_flag_get:0000000000000000 .L0 
C:\Users\stapi\AppData\Local\Temp\ccWfcmtK.s:159    .text.trng_interrupt_flag_get:0000000000000008 .L0 
C:\Users\stapi\AppData\Local\Temp\ccWfcmtK.s:166    .text.trng_interrupt_flag_clear:0000000000000000 trng_interrupt_flag_clear
C:\Users\stapi\AppData\Local\Temp\ccWfcmtK.s:169    .text.trng_interrupt_flag_clear:0000000000000000 .L0 
C:\Users\stapi\AppData\Local\Temp\ccWfcmtK.s:171    .text.trng_interrupt_flag_clear:0000000000000000 .L0 
C:\Users\stapi\AppData\Local\Temp\ccWfcmtK.s:172    .text.trng_interrupt_flag_clear:0000000000000000 .L0 
C:\Users\stapi\AppData\Local\Temp\ccWfcmtK.s:173    .text.trng_interrupt_flag_clear:0000000000000000 .L0 
C:\Users\stapi\AppData\Local\Temp\ccWfcmtK.s:179    .text.trng_interrupt_flag_clear:0000000000000010 .L0 
C:\Users\stapi\AppData\Local\Temp\ccWfcmtK.s:180    .text.trng_interrupt_flag_clear:0000000000000012 .L0 
C:\Users\stapi\AppData\Local\Temp\ccWfcmtK.s:36     .text.trng_deinit:0000000000000028 .L0 
C:\Users\stapi\AppData\Local\Temp\ccWfcmtK.s:55     .text.trng_enable:0000000000000012 .L0 
C:\Users\stapi\AppData\Local\Temp\ccWfcmtK.s:74     .text.trng_disable:0000000000000010 .L0 
C:\Users\stapi\AppData\Local\Temp\ccWfcmtK.s:91     .text.trng_get_true_random_data:000000000000000a .L0 
C:\Users\stapi\AppData\Local\Temp\ccWfcmtK.s:110    .text.trng_interrupt_enable:0000000000000012 .L0 
C:\Users\stapi\AppData\Local\Temp\ccWfcmtK.s:129    .text.trng_interrupt_disable:0000000000000010 .L0 
C:\Users\stapi\AppData\Local\Temp\ccWfcmtK.s:151    .text.trng_flag_get:0000000000000010 .L0 
C:\Users\stapi\AppData\Local\Temp\ccWfcmtK.s:183    .text.trng_interrupt_flag_clear:0000000000000012 .L0 
                     .debug_frame:0000000000000000 .L0 
C:\Users\stapi\AppData\Local\Temp\ccWfcmtK.s:568    .debug_abbrev:0000000000000000 .Ldebug_abbrev0
C:\Users\stapi\AppData\Local\Temp\ccWfcmtK.s:1013   .debug_str:00000000000000eb .LASF61
C:\Users\stapi\AppData\Local\Temp\ccWfcmtK.s:1073   .debug_str:0000000000000377 .LASF62
C:\Users\stapi\AppData\Local\Temp\ccWfcmtK.s:1081   .debug_str:0000000000000448 .LASF63
C:\Users\stapi\AppData\Local\Temp\ccWfcmtK.s:957    .debug_ranges:0000000000000000 .Ldebug_ranges0
C:\Users\stapi\AppData\Local\Temp\ccWfcmtK.s:977    .debug_line:0000000000000000 .Ldebug_line0
C:\Users\stapi\AppData\Local\Temp\ccWfcmtK.s:1099   .debug_str:000000000000053e .LASF0
C:\Users\stapi\AppData\Local\Temp\ccWfcmtK.s:1033   .debug_str:0000000000000256 .LASF1
C:\Users\stapi\AppData\Local\Temp\ccWfcmtK.s:1031   .debug_str:0000000000000248 .LASF2
C:\Users\stapi\AppData\Local\Temp\ccWfcmtK.s:997    .debug_str:0000000000000090 .LASF3
C:\Users\stapi\AppData\Local\Temp\ccWfcmtK.s:1051   .debug_str:00000000000002e3 .LASF4
C:\Users\stapi\AppData\Local\Temp\ccWfcmtK.s:1057   .debug_str:0000000000000307 .LASF5
C:\Users\stapi\AppData\Local\Temp\ccWfcmtK.s:1027   .debug_str:000000000000022f .LASF10
C:\Users\stapi\AppData\Local\Temp\ccWfcmtK.s:1079   .debug_str:0000000000000436 .LASF6
C:\Users\stapi\AppData\Local\Temp\ccWfcmtK.s:1017   .debug_str:00000000000001f1 .LASF7
C:\Users\stapi\AppData\Local\Temp\ccWfcmtK.s:1035   .debug_str:0000000000000262 .LASF8
C:\Users\stapi\AppData\Local\Temp\ccWfcmtK.s:1055   .debug_str:0000000000000302 .LASF9
C:\Users\stapi\AppData\Local\Temp\ccWfcmtK.s:1009   .debug_str:00000000000000d7 .LASF11
C:\Users\stapi\AppData\Local\Temp\ccWfcmtK.s:1089   .debug_str:00000000000004f7 .LASF12
C:\Users\stapi\AppData\Local\Temp\ccWfcmtK.s:1107   .debug_str:0000000000000587 .LASF13
C:\Users\stapi\AppData\Local\Temp\ccWfcmtK.s:1015   .debug_str:00000000000001e4 .LASF14
C:\Users\stapi\AppData\Local\Temp\ccWfcmtK.s:1083   .debug_str:00000000000004d1 .LASF15
C:\Users\stapi\AppData\Local\Temp\ccWfcmtK.s:987    .debug_str:000000000000003a .LASF16
C:\Users\stapi\AppData\Local\Temp\ccWfcmtK.s:1111   .debug_str:000000000000059f .LASF17
C:\Users\stapi\AppData\Local\Temp\ccWfcmtK.s:981    .debug_str:000000000000000b .LASF18
C:\Users\stapi\AppData\Local\Temp\ccWfcmtK.s:1001   .debug_str:00000000000000a9 .LASF19
C:\Users\stapi\AppData\Local\Temp\ccWfcmtK.s:1097   .debug_str:0000000000000533 .LASF20
C:\Users\stapi\AppData\Local\Temp\ccWfcmtK.s:1075   .debug_str:000000000000041b .LASF21
C:\Users\stapi\AppData\Local\Temp\ccWfcmtK.s:979    .debug_str:0000000000000000 .LASF22
C:\Users\stapi\AppData\Local\Temp\ccWfcmtK.s:995    .debug_str:0000000000000085 .LASF23
C:\Users\stapi\AppData\Local\Temp\ccWfcmtK.s:1053   .debug_str:00000000000002f6 .LASF24
C:\Users\stapi\AppData\Local\Temp\ccWfcmtK.s:1067   .debug_str:000000000000034f .LASF25
C:\Users\stapi\AppData\Local\Temp\ccWfcmtK.s:1059   .debug_str:0000000000000310 .LASF26
C:\Users\stapi\AppData\Local\Temp\ccWfcmtK.s:1095   .debug_str:0000000000000525 .LASF27
C:\Users\stapi\AppData\Local\Temp\ccWfcmtK.s:1077   .debug_str:0000000000000428 .LASF28
C:\Users\stapi\AppData\Local\Temp\ccWfcmtK.s:1109   .debug_str:0000000000000592 .LASF29
C:\Users\stapi\AppData\Local\Temp\ccWfcmtK.s:1005   .debug_str:00000000000000bf .LASF30
C:\Users\stapi\AppData\Local\Temp\ccWfcmtK.s:1007   .debug_str:00000000000000ca .LASF31
C:\Users\stapi\AppData\Local\Temp\ccWfcmtK.s:1029   .debug_str:000000000000023a .LASF32
C:\Users\stapi\AppData\Local\Temp\ccWfcmtK.s:1041   .debug_str:0000000000000294 .LASF33
C:\Users\stapi\AppData\Local\Temp\ccWfcmtK.s:1087   .debug_str:00000000000004eb .LASF34
C:\Users\stapi\AppData\Local\Temp\ccWfcmtK.s:1011   .debug_str:00000000000000e0 .LASF35
C:\Users\stapi\AppData\Local\Temp\ccWfcmtK.s:1023   .debug_str:0000000000000212 .LASF36
C:\Users\stapi\AppData\Local\Temp\ccWfcmtK.s:1085   .debug_str:00000000000004de .LASF37
C:\Users\stapi\AppData\Local\Temp\ccWfcmtK.s:1049   .debug_str:00000000000002d8 .LASF38
C:\Users\stapi\AppData\Local\Temp\ccWfcmtK.s:1003   .debug_str:00000000000000b4 .LASF39
C:\Users\stapi\AppData\Local\Temp\ccWfcmtK.s:1021   .debug_str:0000000000000204 .LASF40
C:\Users\stapi\AppData\Local\Temp\ccWfcmtK.s:1025   .debug_str:0000000000000220 .LASF41
C:\Users\stapi\AppData\Local\Temp\ccWfcmtK.s:1061   .debug_str:000000000000031e .LASF42
C:\Users\stapi\AppData\Local\Temp\ccWfcmtK.s:1105   .debug_str:000000000000057d .LASF43
C:\Users\stapi\AppData\Local\Temp\ccWfcmtK.s:1047   .debug_str:00000000000002c9 .LASF44
C:\Users\stapi\AppData\Local\Temp\ccWfcmtK.s:1039   .debug_str:0000000000000285 .LASF45
C:\Users\stapi\AppData\Local\Temp\ccWfcmtK.s:1063   .debug_str:000000000000032d .LASF46
C:\Users\stapi\AppData\Local\Temp\ccWfcmtK.s:999    .debug_str:000000000000009a .LASF47
C:\Users\stapi\AppData\Local\Temp\ccWfcmtK.s:1045   .debug_str:00000000000002b6 .LASF48
C:\Users\stapi\AppData\Local\Temp\ccWfcmtK.s:1071   .debug_str:0000000000000364 .LASF49
C:\Users\stapi\AppData\Local\Temp\ccWfcmtK.s:1065   .debug_str:000000000000033c .LASF50
C:\Users\stapi\AppData\Local\Temp\ccWfcmtK.s:1103   .debug_str:0000000000000563 .LASF57
C:\Users\stapi\AppData\Local\Temp\ccWfcmtK.s:167    .text.trng_interrupt_flag_clear:0000000000000000 .LFB373
C:\Users\stapi\AppData\Local\Temp\ccWfcmtK.s:181    .text.trng_interrupt_flag_clear:0000000000000012 .LFE373
C:\Users\stapi\AppData\Local\Temp\ccWfcmtK.s:1069   .debug_str:000000000000035b .LASF51
C:\Users\stapi\AppData\Local\Temp\ccWfcmtK.s:902    .debug_loc:0000000000000000 .LLST1
C:\Users\stapi\AppData\Local\Temp\ccWfcmtK.s:989    .debug_str:0000000000000047 .LASF64
C:\Users\stapi\AppData\Local\Temp\ccWfcmtK.s:1091   .debug_str:00000000000004fd .LASF65
C:\Users\stapi\AppData\Local\Temp\ccWfcmtK.s:134    .text.trng_flag_get:0000000000000000 .LFB371
C:\Users\stapi\AppData\Local\Temp\ccWfcmtK.s:149    .text.trng_flag_get:0000000000000010 .LFE371
C:\Users\stapi\AppData\Local\Temp\ccWfcmtK.s:1019   .debug_str:00000000000001ff .LASF52
C:\Users\stapi\AppData\Local\Temp\ccWfcmtK.s:916    .debug_loc:0000000000000021 .LLST0
C:\Users\stapi\AppData\Local\Temp\ccWfcmtK.s:983    .debug_str:0000000000000017 .LASF53
C:\Users\stapi\AppData\Local\Temp\ccWfcmtK.s:115    .text.trng_interrupt_disable:0000000000000000 .LFB370
C:\Users\stapi\AppData\Local\Temp\ccWfcmtK.s:127    .text.trng_interrupt_disable:0000000000000010 .LFE370
C:\Users\stapi\AppData\Local\Temp\ccWfcmtK.s:1043   .debug_str:00000000000002a0 .LASF54
C:\Users\stapi\AppData\Local\Temp\ccWfcmtK.s:96     .text.trng_interrupt_enable:0000000000000000 .LFB369
C:\Users\stapi\AppData\Local\Temp\ccWfcmtK.s:108    .text.trng_interrupt_enable:0000000000000012 .LFE369
C:\Users\stapi\AppData\Local\Temp\ccWfcmtK.s:1093   .debug_str:000000000000050b .LASF66
C:\Users\stapi\AppData\Local\Temp\ccWfcmtK.s:79     .text.trng_get_true_random_data:0000000000000000 .LFB368
C:\Users\stapi\AppData\Local\Temp\ccWfcmtK.s:89     .text.trng_get_true_random_data:000000000000000a .LFE368
C:\Users\stapi\AppData\Local\Temp\ccWfcmtK.s:993    .debug_str:0000000000000078 .LASF55
C:\Users\stapi\AppData\Local\Temp\ccWfcmtK.s:60     .text.trng_disable:0000000000000000 .LFB367
C:\Users\stapi\AppData\Local\Temp\ccWfcmtK.s:72     .text.trng_disable:0000000000000010 .LFE367
C:\Users\stapi\AppData\Local\Temp\ccWfcmtK.s:985    .debug_str:000000000000002e .LASF56
C:\Users\stapi\AppData\Local\Temp\ccWfcmtK.s:41     .text.trng_enable:0000000000000000 .LFB366
C:\Users\stapi\AppData\Local\Temp\ccWfcmtK.s:53     .text.trng_enable:0000000000000012 .LFE366
C:\Users\stapi\AppData\Local\Temp\ccWfcmtK.s:1037   .debug_str:0000000000000279 .LASF58
C:\Users\stapi\AppData\Local\Temp\ccWfcmtK.s:14     .text.trng_deinit:0000000000000000 .LFB365
C:\Users\stapi\AppData\Local\Temp\ccWfcmtK.s:34     .text.trng_deinit:0000000000000028 .LFE365
C:\Users\stapi\AppData\Local\Temp\ccWfcmtK.s:24     .text.trng_deinit:0000000000000014 .LVL0
C:\Users\stapi\AppData\Local\Temp\ccWfcmtK.s:28     .text.trng_deinit:0000000000000020 .LVL1
C:\Users\stapi\AppData\Local\Temp\ccWfcmtK.s:1101   .debug_str:000000000000054b .LASF59
C:\Users\stapi\AppData\Local\Temp\ccWfcmtK.s:991    .debug_str:000000000000005f .LASF60
C:\Users\stapi\AppData\Local\Temp\ccWfcmtK.s:170    .text.trng_interrupt_flag_clear:0000000000000000 .LVL4
C:\Users\stapi\AppData\Local\Temp\ccWfcmtK.s:176    .text.trng_interrupt_flag_clear:000000000000000c .LVL5
C:\Users\stapi\AppData\Local\Temp\ccWfcmtK.s:137    .text.trng_flag_get:0000000000000000 .LVL2
C:\Users\stapi\AppData\Local\Temp\ccWfcmtK.s:144    .text.trng_flag_get:000000000000000a .LVL3
C:\Users\stapi\AppData\Local\Temp\ccWfcmtK.s:191    .debug_info:0000000000000000 .Ldebug_info0

UNDEFINED SYMBOLS
__riscv_save_0
rcu_periph_reset_enable
rcu_periph_reset_disable
__riscv_restore_0
