   1              		.file	"altcp_tls_mbedtls_mem.c"
   2              		.option nopic
   3              		.attribute arch, "rv32i2p0_m2p0_a2p0_f2p0_c2p0_b_p0p94"
   4              		.attribute unaligned_access, 0
   5              		.attribute stack_align, 16
   6              		.text
   7              	.Ltext0:
   8              		.cfi_sections	.debug_frame
   9              		.section	.text.altcp_mbedtls_mem_init,"ax",@progbits
  10              		.align	1
  11              		.globl	altcp_mbedtls_mem_init
  13              	altcp_mbedtls_mem_init:
  14              	.LFB383:
  15              		.file 1 "C:/Users/stapi/OneDrive/Desktop/GD32VW553/V1_MQTT_OK/GD32VW55X_Wifi_BLE_SDK/GD32VW55x_REL
   1:C:/Users/stapi/OneDrive/Desktop/GD32VW553/V1_MQTT_OK/GD32VW55X_Wifi_BLE_SDK/GD32VW55x_RELEASE_V1.0.2/MSDK/lwip/lwip-2.1.2/src/apps/altcp_tls\altcp_tls_mbedtls_mem.c **** /**
   2:C:/Users/stapi/OneDrive/Desktop/GD32VW553/V1_MQTT_OK/GD32VW55X_Wifi_BLE_SDK/GD32VW55x_RELEASE_V1.0.2/MSDK/lwip/lwip-2.1.2/src/apps/altcp_tls\altcp_tls_mbedtls_mem.c ****  * @file
   3:C:/Users/stapi/OneDrive/Desktop/GD32VW553/V1_MQTT_OK/GD32VW55X_Wifi_BLE_SDK/GD32VW55x_RELEASE_V1.0.2/MSDK/lwip/lwip-2.1.2/src/apps/altcp_tls\altcp_tls_mbedtls_mem.c ****  * Application layered TCP connection API (to be used from TCPIP thread)
   4:C:/Users/stapi/OneDrive/Desktop/GD32VW553/V1_MQTT_OK/GD32VW55X_Wifi_BLE_SDK/GD32VW55x_RELEASE_V1.0.2/MSDK/lwip/lwip-2.1.2/src/apps/altcp_tls\altcp_tls_mbedtls_mem.c ****  *
   5:C:/Users/stapi/OneDrive/Desktop/GD32VW553/V1_MQTT_OK/GD32VW55X_Wifi_BLE_SDK/GD32VW55x_RELEASE_V1.0.2/MSDK/lwip/lwip-2.1.2/src/apps/altcp_tls\altcp_tls_mbedtls_mem.c ****  * This file contains memory management functions for a TLS layer using mbedTLS.
   6:C:/Users/stapi/OneDrive/Desktop/GD32VW553/V1_MQTT_OK/GD32VW55X_Wifi_BLE_SDK/GD32VW55x_RELEASE_V1.0.2/MSDK/lwip/lwip-2.1.2/src/apps/altcp_tls\altcp_tls_mbedtls_mem.c ****  *
   7:C:/Users/stapi/OneDrive/Desktop/GD32VW553/V1_MQTT_OK/GD32VW55X_Wifi_BLE_SDK/GD32VW55x_RELEASE_V1.0.2/MSDK/lwip/lwip-2.1.2/src/apps/altcp_tls\altcp_tls_mbedtls_mem.c ****  * ATTENTION: For production usage, you might want to override this file with
   8:C:/Users/stapi/OneDrive/Desktop/GD32VW553/V1_MQTT_OK/GD32VW55X_Wifi_BLE_SDK/GD32VW55x_RELEASE_V1.0.2/MSDK/lwip/lwip-2.1.2/src/apps/altcp_tls\altcp_tls_mbedtls_mem.c ****  *            your own implementation since this implementation simply uses the
   9:C:/Users/stapi/OneDrive/Desktop/GD32VW553/V1_MQTT_OK/GD32VW55X_Wifi_BLE_SDK/GD32VW55x_RELEASE_V1.0.2/MSDK/lwip/lwip-2.1.2/src/apps/altcp_tls\altcp_tls_mbedtls_mem.c ****  *            lwIP heap without caring for fragmentation or leaving heap for
  10:C:/Users/stapi/OneDrive/Desktop/GD32VW553/V1_MQTT_OK/GD32VW55X_Wifi_BLE_SDK/GD32VW55x_RELEASE_V1.0.2/MSDK/lwip/lwip-2.1.2/src/apps/altcp_tls\altcp_tls_mbedtls_mem.c ****  *            other parts of lwIP!
  11:C:/Users/stapi/OneDrive/Desktop/GD32VW553/V1_MQTT_OK/GD32VW55X_Wifi_BLE_SDK/GD32VW55x_RELEASE_V1.0.2/MSDK/lwip/lwip-2.1.2/src/apps/altcp_tls\altcp_tls_mbedtls_mem.c ****  */
  12:C:/Users/stapi/OneDrive/Desktop/GD32VW553/V1_MQTT_OK/GD32VW55X_Wifi_BLE_SDK/GD32VW55x_RELEASE_V1.0.2/MSDK/lwip/lwip-2.1.2/src/apps/altcp_tls\altcp_tls_mbedtls_mem.c **** 
  13:C:/Users/stapi/OneDrive/Desktop/GD32VW553/V1_MQTT_OK/GD32VW55X_Wifi_BLE_SDK/GD32VW55x_RELEASE_V1.0.2/MSDK/lwip/lwip-2.1.2/src/apps/altcp_tls\altcp_tls_mbedtls_mem.c **** /*
  14:C:/Users/stapi/OneDrive/Desktop/GD32VW553/V1_MQTT_OK/GD32VW55X_Wifi_BLE_SDK/GD32VW55x_RELEASE_V1.0.2/MSDK/lwip/lwip-2.1.2/src/apps/altcp_tls\altcp_tls_mbedtls_mem.c ****  * Copyright (c) 2017 Simon Goldschmidt
  15:C:/Users/stapi/OneDrive/Desktop/GD32VW553/V1_MQTT_OK/GD32VW55X_Wifi_BLE_SDK/GD32VW55x_RELEASE_V1.0.2/MSDK/lwip/lwip-2.1.2/src/apps/altcp_tls\altcp_tls_mbedtls_mem.c ****  * Copyright (c) 2024, GigaDevice Semiconductor Inc.
  16:C:/Users/stapi/OneDrive/Desktop/GD32VW553/V1_MQTT_OK/GD32VW55X_Wifi_BLE_SDK/GD32VW55x_RELEASE_V1.0.2/MSDK/lwip/lwip-2.1.2/src/apps/altcp_tls\altcp_tls_mbedtls_mem.c ****  * All rights reserved.
  17:C:/Users/stapi/OneDrive/Desktop/GD32VW553/V1_MQTT_OK/GD32VW55X_Wifi_BLE_SDK/GD32VW55x_RELEASE_V1.0.2/MSDK/lwip/lwip-2.1.2/src/apps/altcp_tls\altcp_tls_mbedtls_mem.c ****  *
  18:C:/Users/stapi/OneDrive/Desktop/GD32VW553/V1_MQTT_OK/GD32VW55X_Wifi_BLE_SDK/GD32VW55x_RELEASE_V1.0.2/MSDK/lwip/lwip-2.1.2/src/apps/altcp_tls\altcp_tls_mbedtls_mem.c ****  * Redistribution and use in source and binary forms, with or without modification,
  19:C:/Users/stapi/OneDrive/Desktop/GD32VW553/V1_MQTT_OK/GD32VW55X_Wifi_BLE_SDK/GD32VW55x_RELEASE_V1.0.2/MSDK/lwip/lwip-2.1.2/src/apps/altcp_tls\altcp_tls_mbedtls_mem.c ****  * are permitted provided that the following conditions are met:
  20:C:/Users/stapi/OneDrive/Desktop/GD32VW553/V1_MQTT_OK/GD32VW55X_Wifi_BLE_SDK/GD32VW55x_RELEASE_V1.0.2/MSDK/lwip/lwip-2.1.2/src/apps/altcp_tls\altcp_tls_mbedtls_mem.c ****  *
  21:C:/Users/stapi/OneDrive/Desktop/GD32VW553/V1_MQTT_OK/GD32VW55X_Wifi_BLE_SDK/GD32VW55x_RELEASE_V1.0.2/MSDK/lwip/lwip-2.1.2/src/apps/altcp_tls\altcp_tls_mbedtls_mem.c ****  * 1. Redistributions of source code must retain the above copyright notice,
  22:C:/Users/stapi/OneDrive/Desktop/GD32VW553/V1_MQTT_OK/GD32VW55X_Wifi_BLE_SDK/GD32VW55x_RELEASE_V1.0.2/MSDK/lwip/lwip-2.1.2/src/apps/altcp_tls\altcp_tls_mbedtls_mem.c ****  *    this list of conditions and the following disclaimer.
  23:C:/Users/stapi/OneDrive/Desktop/GD32VW553/V1_MQTT_OK/GD32VW55X_Wifi_BLE_SDK/GD32VW55x_RELEASE_V1.0.2/MSDK/lwip/lwip-2.1.2/src/apps/altcp_tls\altcp_tls_mbedtls_mem.c ****  * 2. Redistributions in binary form must reproduce the above copyright notice,
  24:C:/Users/stapi/OneDrive/Desktop/GD32VW553/V1_MQTT_OK/GD32VW55X_Wifi_BLE_SDK/GD32VW55x_RELEASE_V1.0.2/MSDK/lwip/lwip-2.1.2/src/apps/altcp_tls\altcp_tls_mbedtls_mem.c ****  *    this list of conditions and the following disclaimer in the documentation
  25:C:/Users/stapi/OneDrive/Desktop/GD32VW553/V1_MQTT_OK/GD32VW55X_Wifi_BLE_SDK/GD32VW55x_RELEASE_V1.0.2/MSDK/lwip/lwip-2.1.2/src/apps/altcp_tls\altcp_tls_mbedtls_mem.c ****  *    and/or other materials provided with the distribution.
  26:C:/Users/stapi/OneDrive/Desktop/GD32VW553/V1_MQTT_OK/GD32VW55X_Wifi_BLE_SDK/GD32VW55x_RELEASE_V1.0.2/MSDK/lwip/lwip-2.1.2/src/apps/altcp_tls\altcp_tls_mbedtls_mem.c ****  * 3. The name of the author may not be used to endorse or promote products
  27:C:/Users/stapi/OneDrive/Desktop/GD32VW553/V1_MQTT_OK/GD32VW55X_Wifi_BLE_SDK/GD32VW55x_RELEASE_V1.0.2/MSDK/lwip/lwip-2.1.2/src/apps/altcp_tls\altcp_tls_mbedtls_mem.c ****  *    derived from this software without specific prior written permission.
  28:C:/Users/stapi/OneDrive/Desktop/GD32VW553/V1_MQTT_OK/GD32VW55X_Wifi_BLE_SDK/GD32VW55x_RELEASE_V1.0.2/MSDK/lwip/lwip-2.1.2/src/apps/altcp_tls\altcp_tls_mbedtls_mem.c ****  *
  29:C:/Users/stapi/OneDrive/Desktop/GD32VW553/V1_MQTT_OK/GD32VW55X_Wifi_BLE_SDK/GD32VW55x_RELEASE_V1.0.2/MSDK/lwip/lwip-2.1.2/src/apps/altcp_tls\altcp_tls_mbedtls_mem.c ****  * THIS SOFTWARE IS PROVIDED BY THE AUTHOR ``AS IS'' AND ANY EXPRESS OR IMPLIED
  30:C:/Users/stapi/OneDrive/Desktop/GD32VW553/V1_MQTT_OK/GD32VW55X_Wifi_BLE_SDK/GD32VW55x_RELEASE_V1.0.2/MSDK/lwip/lwip-2.1.2/src/apps/altcp_tls\altcp_tls_mbedtls_mem.c ****  * WARRANTIES, INCLUDING, BUT NOT LIMITED TO, THE IMPLIED WARRANTIES OF
  31:C:/Users/stapi/OneDrive/Desktop/GD32VW553/V1_MQTT_OK/GD32VW55X_Wifi_BLE_SDK/GD32VW55x_RELEASE_V1.0.2/MSDK/lwip/lwip-2.1.2/src/apps/altcp_tls\altcp_tls_mbedtls_mem.c ****  * MERCHANTABILITY AND FITNESS FOR A PARTICULAR PURPOSE ARE DISCLAIMED. IN NO EVENT
  32:C:/Users/stapi/OneDrive/Desktop/GD32VW553/V1_MQTT_OK/GD32VW55X_Wifi_BLE_SDK/GD32VW55x_RELEASE_V1.0.2/MSDK/lwip/lwip-2.1.2/src/apps/altcp_tls\altcp_tls_mbedtls_mem.c ****  * SHALL THE AUTHOR BE LIABLE FOR ANY DIRECT, INDIRECT, INCIDENTAL, SPECIAL,
  33:C:/Users/stapi/OneDrive/Desktop/GD32VW553/V1_MQTT_OK/GD32VW55X_Wifi_BLE_SDK/GD32VW55x_RELEASE_V1.0.2/MSDK/lwip/lwip-2.1.2/src/apps/altcp_tls\altcp_tls_mbedtls_mem.c ****  * EXEMPLARY, OR CONSEQUENTIAL DAMAGES (INCLUDING, BUT NOT LIMITED TO, PROCUREMENT
  34:C:/Users/stapi/OneDrive/Desktop/GD32VW553/V1_MQTT_OK/GD32VW55X_Wifi_BLE_SDK/GD32VW55x_RELEASE_V1.0.2/MSDK/lwip/lwip-2.1.2/src/apps/altcp_tls\altcp_tls_mbedtls_mem.c ****  * OF SUBSTITUTE GOODS OR SERVICES; LOSS OF USE, DATA, OR PROFITS; OR BUSINESS
  35:C:/Users/stapi/OneDrive/Desktop/GD32VW553/V1_MQTT_OK/GD32VW55X_Wifi_BLE_SDK/GD32VW55x_RELEASE_V1.0.2/MSDK/lwip/lwip-2.1.2/src/apps/altcp_tls\altcp_tls_mbedtls_mem.c ****  * INTERRUPTION) HOWEVER CAUSED AND ON ANY THEORY OF LIABILITY, WHETHER IN
  36:C:/Users/stapi/OneDrive/Desktop/GD32VW553/V1_MQTT_OK/GD32VW55X_Wifi_BLE_SDK/GD32VW55x_RELEASE_V1.0.2/MSDK/lwip/lwip-2.1.2/src/apps/altcp_tls\altcp_tls_mbedtls_mem.c ****  * CONTRACT, STRICT LIABILITY, OR TORT (INCLUDING NEGLIGENCE OR OTHERWISE) ARISING
  37:C:/Users/stapi/OneDrive/Desktop/GD32VW553/V1_MQTT_OK/GD32VW55X_Wifi_BLE_SDK/GD32VW55x_RELEASE_V1.0.2/MSDK/lwip/lwip-2.1.2/src/apps/altcp_tls\altcp_tls_mbedtls_mem.c ****  * IN ANY WAY OUT OF THE USE OF THIS SOFTWARE, EVEN IF ADVISED OF THE POSSIBILITY
  38:C:/Users/stapi/OneDrive/Desktop/GD32VW553/V1_MQTT_OK/GD32VW55X_Wifi_BLE_SDK/GD32VW55x_RELEASE_V1.0.2/MSDK/lwip/lwip-2.1.2/src/apps/altcp_tls\altcp_tls_mbedtls_mem.c ****  * OF SUCH DAMAGE.
  39:C:/Users/stapi/OneDrive/Desktop/GD32VW553/V1_MQTT_OK/GD32VW55X_Wifi_BLE_SDK/GD32VW55x_RELEASE_V1.0.2/MSDK/lwip/lwip-2.1.2/src/apps/altcp_tls\altcp_tls_mbedtls_mem.c ****  *
  40:C:/Users/stapi/OneDrive/Desktop/GD32VW553/V1_MQTT_OK/GD32VW55X_Wifi_BLE_SDK/GD32VW55x_RELEASE_V1.0.2/MSDK/lwip/lwip-2.1.2/src/apps/altcp_tls\altcp_tls_mbedtls_mem.c ****  * This file is part of the lwIP TCP/IP stack.
  41:C:/Users/stapi/OneDrive/Desktop/GD32VW553/V1_MQTT_OK/GD32VW55X_Wifi_BLE_SDK/GD32VW55x_RELEASE_V1.0.2/MSDK/lwip/lwip-2.1.2/src/apps/altcp_tls\altcp_tls_mbedtls_mem.c ****  *
  42:C:/Users/stapi/OneDrive/Desktop/GD32VW553/V1_MQTT_OK/GD32VW55X_Wifi_BLE_SDK/GD32VW55x_RELEASE_V1.0.2/MSDK/lwip/lwip-2.1.2/src/apps/altcp_tls\altcp_tls_mbedtls_mem.c ****  * Author: Simon Goldschmidt <goldsimon@gmx.de>
  43:C:/Users/stapi/OneDrive/Desktop/GD32VW553/V1_MQTT_OK/GD32VW55X_Wifi_BLE_SDK/GD32VW55x_RELEASE_V1.0.2/MSDK/lwip/lwip-2.1.2/src/apps/altcp_tls\altcp_tls_mbedtls_mem.c ****  *
  44:C:/Users/stapi/OneDrive/Desktop/GD32VW553/V1_MQTT_OK/GD32VW55X_Wifi_BLE_SDK/GD32VW55x_RELEASE_V1.0.2/MSDK/lwip/lwip-2.1.2/src/apps/altcp_tls\altcp_tls_mbedtls_mem.c ****  * Missing things / @todo:
  45:C:/Users/stapi/OneDrive/Desktop/GD32VW553/V1_MQTT_OK/GD32VW55X_Wifi_BLE_SDK/GD32VW55x_RELEASE_V1.0.2/MSDK/lwip/lwip-2.1.2/src/apps/altcp_tls\altcp_tls_mbedtls_mem.c ****  * - RX data is acknowledged after receiving (tcp_recved is called when enqueueing
  46:C:/Users/stapi/OneDrive/Desktop/GD32VW553/V1_MQTT_OK/GD32VW55X_Wifi_BLE_SDK/GD32VW55x_RELEASE_V1.0.2/MSDK/lwip/lwip-2.1.2/src/apps/altcp_tls\altcp_tls_mbedtls_mem.c ****  *   the pbuf for mbedTLS receive, not when processed by mbedTLS or the inner
  47:C:/Users/stapi/OneDrive/Desktop/GD32VW553/V1_MQTT_OK/GD32VW55X_Wifi_BLE_SDK/GD32VW55x_RELEASE_V1.0.2/MSDK/lwip/lwip-2.1.2/src/apps/altcp_tls\altcp_tls_mbedtls_mem.c ****  *   connection; altcp_recved() from inner connection does nothing)
  48:C:/Users/stapi/OneDrive/Desktop/GD32VW553/V1_MQTT_OK/GD32VW55X_Wifi_BLE_SDK/GD32VW55x_RELEASE_V1.0.2/MSDK/lwip/lwip-2.1.2/src/apps/altcp_tls\altcp_tls_mbedtls_mem.c ****  * - TX data is marked as 'sent' (i.e. acknowledged; sent callback is called) right
  49:C:/Users/stapi/OneDrive/Desktop/GD32VW553/V1_MQTT_OK/GD32VW55X_Wifi_BLE_SDK/GD32VW55x_RELEASE_V1.0.2/MSDK/lwip/lwip-2.1.2/src/apps/altcp_tls\altcp_tls_mbedtls_mem.c ****  *   after enqueueing for transmission, not when actually ACKed be the remote host.
  50:C:/Users/stapi/OneDrive/Desktop/GD32VW553/V1_MQTT_OK/GD32VW55X_Wifi_BLE_SDK/GD32VW55x_RELEASE_V1.0.2/MSDK/lwip/lwip-2.1.2/src/apps/altcp_tls\altcp_tls_mbedtls_mem.c ****  */
  51:C:/Users/stapi/OneDrive/Desktop/GD32VW553/V1_MQTT_OK/GD32VW55X_Wifi_BLE_SDK/GD32VW55x_RELEASE_V1.0.2/MSDK/lwip/lwip-2.1.2/src/apps/altcp_tls\altcp_tls_mbedtls_mem.c **** 
  52:C:/Users/stapi/OneDrive/Desktop/GD32VW553/V1_MQTT_OK/GD32VW55X_Wifi_BLE_SDK/GD32VW55x_RELEASE_V1.0.2/MSDK/lwip/lwip-2.1.2/src/apps/altcp_tls\altcp_tls_mbedtls_mem.c **** #include "lwip/opt.h"
  53:C:/Users/stapi/OneDrive/Desktop/GD32VW553/V1_MQTT_OK/GD32VW55X_Wifi_BLE_SDK/GD32VW55x_RELEASE_V1.0.2/MSDK/lwip/lwip-2.1.2/src/apps/altcp_tls\altcp_tls_mbedtls_mem.c **** 
  54:C:/Users/stapi/OneDrive/Desktop/GD32VW553/V1_MQTT_OK/GD32VW55X_Wifi_BLE_SDK/GD32VW55x_RELEASE_V1.0.2/MSDK/lwip/lwip-2.1.2/src/apps/altcp_tls\altcp_tls_mbedtls_mem.c **** #if LWIP_ALTCP /* don't build if not configured for use in lwipopts.h */
  55:C:/Users/stapi/OneDrive/Desktop/GD32VW553/V1_MQTT_OK/GD32VW55X_Wifi_BLE_SDK/GD32VW55x_RELEASE_V1.0.2/MSDK/lwip/lwip-2.1.2/src/apps/altcp_tls\altcp_tls_mbedtls_mem.c **** 
  56:C:/Users/stapi/OneDrive/Desktop/GD32VW553/V1_MQTT_OK/GD32VW55X_Wifi_BLE_SDK/GD32VW55x_RELEASE_V1.0.2/MSDK/lwip/lwip-2.1.2/src/apps/altcp_tls\altcp_tls_mbedtls_mem.c **** #include "lwip/apps/altcp_tls_mbedtls_opts.h"
  57:C:/Users/stapi/OneDrive/Desktop/GD32VW553/V1_MQTT_OK/GD32VW55X_Wifi_BLE_SDK/GD32VW55x_RELEASE_V1.0.2/MSDK/lwip/lwip-2.1.2/src/apps/altcp_tls\altcp_tls_mbedtls_mem.c **** 
  58:C:/Users/stapi/OneDrive/Desktop/GD32VW553/V1_MQTT_OK/GD32VW55X_Wifi_BLE_SDK/GD32VW55x_RELEASE_V1.0.2/MSDK/lwip/lwip-2.1.2/src/apps/altcp_tls\altcp_tls_mbedtls_mem.c **** #if LWIP_ALTCP_TLS && LWIP_ALTCP_TLS_MBEDTLS
  59:C:/Users/stapi/OneDrive/Desktop/GD32VW553/V1_MQTT_OK/GD32VW55X_Wifi_BLE_SDK/GD32VW55x_RELEASE_V1.0.2/MSDK/lwip/lwip-2.1.2/src/apps/altcp_tls\altcp_tls_mbedtls_mem.c **** 
  60:C:/Users/stapi/OneDrive/Desktop/GD32VW553/V1_MQTT_OK/GD32VW55X_Wifi_BLE_SDK/GD32VW55x_RELEASE_V1.0.2/MSDK/lwip/lwip-2.1.2/src/apps/altcp_tls\altcp_tls_mbedtls_mem.c **** #include "altcp_tls_mbedtls_mem.h"
  61:C:/Users/stapi/OneDrive/Desktop/GD32VW553/V1_MQTT_OK/GD32VW55X_Wifi_BLE_SDK/GD32VW55x_RELEASE_V1.0.2/MSDK/lwip/lwip-2.1.2/src/apps/altcp_tls\altcp_tls_mbedtls_mem.c **** #include "altcp_tls_mbedtls_structs.h"
  62:C:/Users/stapi/OneDrive/Desktop/GD32VW553/V1_MQTT_OK/GD32VW55X_Wifi_BLE_SDK/GD32VW55x_RELEASE_V1.0.2/MSDK/lwip/lwip-2.1.2/src/apps/altcp_tls\altcp_tls_mbedtls_mem.c **** #include "lwip/mem.h"
  63:C:/Users/stapi/OneDrive/Desktop/GD32VW553/V1_MQTT_OK/GD32VW55X_Wifi_BLE_SDK/GD32VW55x_RELEASE_V1.0.2/MSDK/lwip/lwip-2.1.2/src/apps/altcp_tls\altcp_tls_mbedtls_mem.c **** 
  64:C:/Users/stapi/OneDrive/Desktop/GD32VW553/V1_MQTT_OK/GD32VW55X_Wifi_BLE_SDK/GD32VW55x_RELEASE_V1.0.2/MSDK/lwip/lwip-2.1.2/src/apps/altcp_tls\altcp_tls_mbedtls_mem.c **** #include "mbedtls/platform.h"
  65:C:/Users/stapi/OneDrive/Desktop/GD32VW553/V1_MQTT_OK/GD32VW55X_Wifi_BLE_SDK/GD32VW55x_RELEASE_V1.0.2/MSDK/lwip/lwip-2.1.2/src/apps/altcp_tls\altcp_tls_mbedtls_mem.c **** 
  66:C:/Users/stapi/OneDrive/Desktop/GD32VW553/V1_MQTT_OK/GD32VW55X_Wifi_BLE_SDK/GD32VW55x_RELEASE_V1.0.2/MSDK/lwip/lwip-2.1.2/src/apps/altcp_tls\altcp_tls_mbedtls_mem.c **** #include <string.h>
  67:C:/Users/stapi/OneDrive/Desktop/GD32VW553/V1_MQTT_OK/GD32VW55X_Wifi_BLE_SDK/GD32VW55x_RELEASE_V1.0.2/MSDK/lwip/lwip-2.1.2/src/apps/altcp_tls\altcp_tls_mbedtls_mem.c **** 
  68:C:/Users/stapi/OneDrive/Desktop/GD32VW553/V1_MQTT_OK/GD32VW55X_Wifi_BLE_SDK/GD32VW55x_RELEASE_V1.0.2/MSDK/lwip/lwip-2.1.2/src/apps/altcp_tls\altcp_tls_mbedtls_mem.c **** #ifndef ALTCP_MBEDTLS_MEM_DEBUG
  69:C:/Users/stapi/OneDrive/Desktop/GD32VW553/V1_MQTT_OK/GD32VW55X_Wifi_BLE_SDK/GD32VW55x_RELEASE_V1.0.2/MSDK/lwip/lwip-2.1.2/src/apps/altcp_tls\altcp_tls_mbedtls_mem.c **** #define ALTCP_MBEDTLS_MEM_DEBUG   LWIP_DBG_OFF
  70:C:/Users/stapi/OneDrive/Desktop/GD32VW553/V1_MQTT_OK/GD32VW55X_Wifi_BLE_SDK/GD32VW55x_RELEASE_V1.0.2/MSDK/lwip/lwip-2.1.2/src/apps/altcp_tls\altcp_tls_mbedtls_mem.c **** #endif
  71:C:/Users/stapi/OneDrive/Desktop/GD32VW553/V1_MQTT_OK/GD32VW55X_Wifi_BLE_SDK/GD32VW55x_RELEASE_V1.0.2/MSDK/lwip/lwip-2.1.2/src/apps/altcp_tls\altcp_tls_mbedtls_mem.c **** 
  72:C:/Users/stapi/OneDrive/Desktop/GD32VW553/V1_MQTT_OK/GD32VW55X_Wifi_BLE_SDK/GD32VW55x_RELEASE_V1.0.2/MSDK/lwip/lwip-2.1.2/src/apps/altcp_tls\altcp_tls_mbedtls_mem.c **** #if defined(MBEDTLS_PLATFORM_MEMORY) && \
  73:C:/Users/stapi/OneDrive/Desktop/GD32VW553/V1_MQTT_OK/GD32VW55X_Wifi_BLE_SDK/GD32VW55x_RELEASE_V1.0.2/MSDK/lwip/lwip-2.1.2/src/apps/altcp_tls\altcp_tls_mbedtls_mem.c ****    (!defined(MBEDTLS_PLATFORM_FREE_MACRO) || \
  74:C:/Users/stapi/OneDrive/Desktop/GD32VW553/V1_MQTT_OK/GD32VW55X_Wifi_BLE_SDK/GD32VW55x_RELEASE_V1.0.2/MSDK/lwip/lwip-2.1.2/src/apps/altcp_tls\altcp_tls_mbedtls_mem.c ****     defined(MBEDTLS_PLATFORM_CALLOC_MACRO))
  75:C:/Users/stapi/OneDrive/Desktop/GD32VW553/V1_MQTT_OK/GD32VW55X_Wifi_BLE_SDK/GD32VW55x_RELEASE_V1.0.2/MSDK/lwip/lwip-2.1.2/src/apps/altcp_tls\altcp_tls_mbedtls_mem.c **** #define ALTCP_MBEDTLS_PLATFORM_ALLOC 1
  76:C:/Users/stapi/OneDrive/Desktop/GD32VW553/V1_MQTT_OK/GD32VW55X_Wifi_BLE_SDK/GD32VW55x_RELEASE_V1.0.2/MSDK/lwip/lwip-2.1.2/src/apps/altcp_tls\altcp_tls_mbedtls_mem.c **** #else
  77:C:/Users/stapi/OneDrive/Desktop/GD32VW553/V1_MQTT_OK/GD32VW55X_Wifi_BLE_SDK/GD32VW55x_RELEASE_V1.0.2/MSDK/lwip/lwip-2.1.2/src/apps/altcp_tls\altcp_tls_mbedtls_mem.c **** #define ALTCP_MBEDTLS_PLATFORM_ALLOC 0
  78:C:/Users/stapi/OneDrive/Desktop/GD32VW553/V1_MQTT_OK/GD32VW55X_Wifi_BLE_SDK/GD32VW55x_RELEASE_V1.0.2/MSDK/lwip/lwip-2.1.2/src/apps/altcp_tls\altcp_tls_mbedtls_mem.c **** #endif
  79:C:/Users/stapi/OneDrive/Desktop/GD32VW553/V1_MQTT_OK/GD32VW55X_Wifi_BLE_SDK/GD32VW55x_RELEASE_V1.0.2/MSDK/lwip/lwip-2.1.2/src/apps/altcp_tls\altcp_tls_mbedtls_mem.c **** 
  80:C:/Users/stapi/OneDrive/Desktop/GD32VW553/V1_MQTT_OK/GD32VW55X_Wifi_BLE_SDK/GD32VW55x_RELEASE_V1.0.2/MSDK/lwip/lwip-2.1.2/src/apps/altcp_tls\altcp_tls_mbedtls_mem.c **** /* FT TAG */
  81:C:/Users/stapi/OneDrive/Desktop/GD32VW553/V1_MQTT_OK/GD32VW55X_Wifi_BLE_SDK/GD32VW55x_RELEASE_V1.0.2/MSDK/lwip/lwip-2.1.2/src/apps/altcp_tls\altcp_tls_mbedtls_mem.c **** /*
  82:C:/Users/stapi/OneDrive/Desktop/GD32VW553/V1_MQTT_OK/GD32VW55X_Wifi_BLE_SDK/GD32VW55x_RELEASE_V1.0.2/MSDK/lwip/lwip-2.1.2/src/apps/altcp_tls\altcp_tls_mbedtls_mem.c ****  * mbedtls_platform_set_calloc_free() has been called in rom_init() and {FREE,CALLOC} func has been
  83:C:/Users/stapi/OneDrive/Desktop/GD32VW553/V1_MQTT_OK/GD32VW55X_Wifi_BLE_SDK/GD32VW55x_RELEASE_V1.0.2/MSDK/lwip/lwip-2.1.2/src/apps/altcp_tls\altcp_tls_mbedtls_mem.c ****  * To prevent conflicts caused by duplicate set, set ALTCP_MBEDTLS_PLATFORM_ALLOC to 0 here.
  84:C:/Users/stapi/OneDrive/Desktop/GD32VW553/V1_MQTT_OK/GD32VW55X_Wifi_BLE_SDK/GD32VW55x_RELEASE_V1.0.2/MSDK/lwip/lwip-2.1.2/src/apps/altcp_tls\altcp_tls_mbedtls_mem.c **** */
  85:C:/Users/stapi/OneDrive/Desktop/GD32VW553/V1_MQTT_OK/GD32VW55X_Wifi_BLE_SDK/GD32VW55x_RELEASE_V1.0.2/MSDK/lwip/lwip-2.1.2/src/apps/altcp_tls\altcp_tls_mbedtls_mem.c **** #undef ALTCP_MBEDTLS_PLATFORM_ALLOC
  86:C:/Users/stapi/OneDrive/Desktop/GD32VW553/V1_MQTT_OK/GD32VW55X_Wifi_BLE_SDK/GD32VW55x_RELEASE_V1.0.2/MSDK/lwip/lwip-2.1.2/src/apps/altcp_tls\altcp_tls_mbedtls_mem.c **** #define ALTCP_MBEDTLS_PLATFORM_ALLOC 0
  87:C:/Users/stapi/OneDrive/Desktop/GD32VW553/V1_MQTT_OK/GD32VW55X_Wifi_BLE_SDK/GD32VW55x_RELEASE_V1.0.2/MSDK/lwip/lwip-2.1.2/src/apps/altcp_tls\altcp_tls_mbedtls_mem.c **** /* FT TAG */
  88:C:/Users/stapi/OneDrive/Desktop/GD32VW553/V1_MQTT_OK/GD32VW55X_Wifi_BLE_SDK/GD32VW55x_RELEASE_V1.0.2/MSDK/lwip/lwip-2.1.2/src/apps/altcp_tls\altcp_tls_mbedtls_mem.c **** 
  89:C:/Users/stapi/OneDrive/Desktop/GD32VW553/V1_MQTT_OK/GD32VW55X_Wifi_BLE_SDK/GD32VW55x_RELEASE_V1.0.2/MSDK/lwip/lwip-2.1.2/src/apps/altcp_tls\altcp_tls_mbedtls_mem.c **** #if ALTCP_MBEDTLS_PLATFORM_ALLOC
  90:C:/Users/stapi/OneDrive/Desktop/GD32VW553/V1_MQTT_OK/GD32VW55X_Wifi_BLE_SDK/GD32VW55x_RELEASE_V1.0.2/MSDK/lwip/lwip-2.1.2/src/apps/altcp_tls\altcp_tls_mbedtls_mem.c **** 
  91:C:/Users/stapi/OneDrive/Desktop/GD32VW553/V1_MQTT_OK/GD32VW55X_Wifi_BLE_SDK/GD32VW55x_RELEASE_V1.0.2/MSDK/lwip/lwip-2.1.2/src/apps/altcp_tls\altcp_tls_mbedtls_mem.c **** #ifndef ALTCP_MBEDTLS_PLATFORM_ALLOC_STATS
  92:C:/Users/stapi/OneDrive/Desktop/GD32VW553/V1_MQTT_OK/GD32VW55X_Wifi_BLE_SDK/GD32VW55x_RELEASE_V1.0.2/MSDK/lwip/lwip-2.1.2/src/apps/altcp_tls\altcp_tls_mbedtls_mem.c **** #define ALTCP_MBEDTLS_PLATFORM_ALLOC_STATS 0
  93:C:/Users/stapi/OneDrive/Desktop/GD32VW553/V1_MQTT_OK/GD32VW55X_Wifi_BLE_SDK/GD32VW55x_RELEASE_V1.0.2/MSDK/lwip/lwip-2.1.2/src/apps/altcp_tls\altcp_tls_mbedtls_mem.c **** #endif
  94:C:/Users/stapi/OneDrive/Desktop/GD32VW553/V1_MQTT_OK/GD32VW55X_Wifi_BLE_SDK/GD32VW55x_RELEASE_V1.0.2/MSDK/lwip/lwip-2.1.2/src/apps/altcp_tls\altcp_tls_mbedtls_mem.c **** 
  95:C:/Users/stapi/OneDrive/Desktop/GD32VW553/V1_MQTT_OK/GD32VW55X_Wifi_BLE_SDK/GD32VW55x_RELEASE_V1.0.2/MSDK/lwip/lwip-2.1.2/src/apps/altcp_tls\altcp_tls_mbedtls_mem.c **** /* This is an example/debug implementation of alloc/free functions only */
  96:C:/Users/stapi/OneDrive/Desktop/GD32VW553/V1_MQTT_OK/GD32VW55X_Wifi_BLE_SDK/GD32VW55x_RELEASE_V1.0.2/MSDK/lwip/lwip-2.1.2/src/apps/altcp_tls\altcp_tls_mbedtls_mem.c **** typedef struct altcp_mbedtls_malloc_helper_s {
  97:C:/Users/stapi/OneDrive/Desktop/GD32VW553/V1_MQTT_OK/GD32VW55X_Wifi_BLE_SDK/GD32VW55x_RELEASE_V1.0.2/MSDK/lwip/lwip-2.1.2/src/apps/altcp_tls\altcp_tls_mbedtls_mem.c ****   size_t c;
  98:C:/Users/stapi/OneDrive/Desktop/GD32VW553/V1_MQTT_OK/GD32VW55X_Wifi_BLE_SDK/GD32VW55x_RELEASE_V1.0.2/MSDK/lwip/lwip-2.1.2/src/apps/altcp_tls\altcp_tls_mbedtls_mem.c ****   size_t len;
  99:C:/Users/stapi/OneDrive/Desktop/GD32VW553/V1_MQTT_OK/GD32VW55X_Wifi_BLE_SDK/GD32VW55x_RELEASE_V1.0.2/MSDK/lwip/lwip-2.1.2/src/apps/altcp_tls\altcp_tls_mbedtls_mem.c **** } altcp_mbedtls_malloc_helper_t;
 100:C:/Users/stapi/OneDrive/Desktop/GD32VW553/V1_MQTT_OK/GD32VW55X_Wifi_BLE_SDK/GD32VW55x_RELEASE_V1.0.2/MSDK/lwip/lwip-2.1.2/src/apps/altcp_tls\altcp_tls_mbedtls_mem.c **** 
 101:C:/Users/stapi/OneDrive/Desktop/GD32VW553/V1_MQTT_OK/GD32VW55X_Wifi_BLE_SDK/GD32VW55x_RELEASE_V1.0.2/MSDK/lwip/lwip-2.1.2/src/apps/altcp_tls\altcp_tls_mbedtls_mem.c **** #if ALTCP_MBEDTLS_PLATFORM_ALLOC_STATS
 102:C:/Users/stapi/OneDrive/Desktop/GD32VW553/V1_MQTT_OK/GD32VW55X_Wifi_BLE_SDK/GD32VW55x_RELEASE_V1.0.2/MSDK/lwip/lwip-2.1.2/src/apps/altcp_tls\altcp_tls_mbedtls_mem.c **** typedef struct altcp_mbedtls_malloc_stats_s {
 103:C:/Users/stapi/OneDrive/Desktop/GD32VW553/V1_MQTT_OK/GD32VW55X_Wifi_BLE_SDK/GD32VW55x_RELEASE_V1.0.2/MSDK/lwip/lwip-2.1.2/src/apps/altcp_tls\altcp_tls_mbedtls_mem.c ****   size_t allocedBytes;
 104:C:/Users/stapi/OneDrive/Desktop/GD32VW553/V1_MQTT_OK/GD32VW55X_Wifi_BLE_SDK/GD32VW55x_RELEASE_V1.0.2/MSDK/lwip/lwip-2.1.2/src/apps/altcp_tls\altcp_tls_mbedtls_mem.c ****   size_t allocCnt;
 105:C:/Users/stapi/OneDrive/Desktop/GD32VW553/V1_MQTT_OK/GD32VW55X_Wifi_BLE_SDK/GD32VW55x_RELEASE_V1.0.2/MSDK/lwip/lwip-2.1.2/src/apps/altcp_tls\altcp_tls_mbedtls_mem.c ****   size_t maxBytes;
 106:C:/Users/stapi/OneDrive/Desktop/GD32VW553/V1_MQTT_OK/GD32VW55X_Wifi_BLE_SDK/GD32VW55x_RELEASE_V1.0.2/MSDK/lwip/lwip-2.1.2/src/apps/altcp_tls\altcp_tls_mbedtls_mem.c ****   size_t totalBytes;
 107:C:/Users/stapi/OneDrive/Desktop/GD32VW553/V1_MQTT_OK/GD32VW55X_Wifi_BLE_SDK/GD32VW55x_RELEASE_V1.0.2/MSDK/lwip/lwip-2.1.2/src/apps/altcp_tls\altcp_tls_mbedtls_mem.c **** } altcp_mbedtls_malloc_stats_t;
 108:C:/Users/stapi/OneDrive/Desktop/GD32VW553/V1_MQTT_OK/GD32VW55X_Wifi_BLE_SDK/GD32VW55x_RELEASE_V1.0.2/MSDK/lwip/lwip-2.1.2/src/apps/altcp_tls\altcp_tls_mbedtls_mem.c **** altcp_mbedtls_malloc_stats_t altcp_mbedtls_malloc_stats;
 109:C:/Users/stapi/OneDrive/Desktop/GD32VW553/V1_MQTT_OK/GD32VW55X_Wifi_BLE_SDK/GD32VW55x_RELEASE_V1.0.2/MSDK/lwip/lwip-2.1.2/src/apps/altcp_tls\altcp_tls_mbedtls_mem.c **** volatile int altcp_mbedtls_malloc_clear_stats;
 110:C:/Users/stapi/OneDrive/Desktop/GD32VW553/V1_MQTT_OK/GD32VW55X_Wifi_BLE_SDK/GD32VW55x_RELEASE_V1.0.2/MSDK/lwip/lwip-2.1.2/src/apps/altcp_tls\altcp_tls_mbedtls_mem.c **** #endif
 111:C:/Users/stapi/OneDrive/Desktop/GD32VW553/V1_MQTT_OK/GD32VW55X_Wifi_BLE_SDK/GD32VW55x_RELEASE_V1.0.2/MSDK/lwip/lwip-2.1.2/src/apps/altcp_tls\altcp_tls_mbedtls_mem.c **** 
 112:C:/Users/stapi/OneDrive/Desktop/GD32VW553/V1_MQTT_OK/GD32VW55X_Wifi_BLE_SDK/GD32VW55x_RELEASE_V1.0.2/MSDK/lwip/lwip-2.1.2/src/apps/altcp_tls\altcp_tls_mbedtls_mem.c **** static void *
 113:C:/Users/stapi/OneDrive/Desktop/GD32VW553/V1_MQTT_OK/GD32VW55X_Wifi_BLE_SDK/GD32VW55x_RELEASE_V1.0.2/MSDK/lwip/lwip-2.1.2/src/apps/altcp_tls\altcp_tls_mbedtls_mem.c **** tls_malloc(size_t c, size_t len)
 114:C:/Users/stapi/OneDrive/Desktop/GD32VW553/V1_MQTT_OK/GD32VW55X_Wifi_BLE_SDK/GD32VW55x_RELEASE_V1.0.2/MSDK/lwip/lwip-2.1.2/src/apps/altcp_tls\altcp_tls_mbedtls_mem.c **** {
 115:C:/Users/stapi/OneDrive/Desktop/GD32VW553/V1_MQTT_OK/GD32VW55X_Wifi_BLE_SDK/GD32VW55x_RELEASE_V1.0.2/MSDK/lwip/lwip-2.1.2/src/apps/altcp_tls\altcp_tls_mbedtls_mem.c ****   altcp_mbedtls_malloc_helper_t *hlpr;
 116:C:/Users/stapi/OneDrive/Desktop/GD32VW553/V1_MQTT_OK/GD32VW55X_Wifi_BLE_SDK/GD32VW55x_RELEASE_V1.0.2/MSDK/lwip/lwip-2.1.2/src/apps/altcp_tls\altcp_tls_mbedtls_mem.c ****   void *ret;
 117:C:/Users/stapi/OneDrive/Desktop/GD32VW553/V1_MQTT_OK/GD32VW55X_Wifi_BLE_SDK/GD32VW55x_RELEASE_V1.0.2/MSDK/lwip/lwip-2.1.2/src/apps/altcp_tls\altcp_tls_mbedtls_mem.c ****   size_t alloc_size;
 118:C:/Users/stapi/OneDrive/Desktop/GD32VW553/V1_MQTT_OK/GD32VW55X_Wifi_BLE_SDK/GD32VW55x_RELEASE_V1.0.2/MSDK/lwip/lwip-2.1.2/src/apps/altcp_tls\altcp_tls_mbedtls_mem.c **** #if ALTCP_MBEDTLS_PLATFORM_ALLOC_STATS
 119:C:/Users/stapi/OneDrive/Desktop/GD32VW553/V1_MQTT_OK/GD32VW55X_Wifi_BLE_SDK/GD32VW55x_RELEASE_V1.0.2/MSDK/lwip/lwip-2.1.2/src/apps/altcp_tls\altcp_tls_mbedtls_mem.c ****   if (altcp_mbedtls_malloc_clear_stats) {
 120:C:/Users/stapi/OneDrive/Desktop/GD32VW553/V1_MQTT_OK/GD32VW55X_Wifi_BLE_SDK/GD32VW55x_RELEASE_V1.0.2/MSDK/lwip/lwip-2.1.2/src/apps/altcp_tls\altcp_tls_mbedtls_mem.c ****     altcp_mbedtls_malloc_clear_stats = 0;
 121:C:/Users/stapi/OneDrive/Desktop/GD32VW553/V1_MQTT_OK/GD32VW55X_Wifi_BLE_SDK/GD32VW55x_RELEASE_V1.0.2/MSDK/lwip/lwip-2.1.2/src/apps/altcp_tls\altcp_tls_mbedtls_mem.c ****     memset(&altcp_mbedtls_malloc_stats, 0, sizeof(altcp_mbedtls_malloc_stats));
 122:C:/Users/stapi/OneDrive/Desktop/GD32VW553/V1_MQTT_OK/GD32VW55X_Wifi_BLE_SDK/GD32VW55x_RELEASE_V1.0.2/MSDK/lwip/lwip-2.1.2/src/apps/altcp_tls\altcp_tls_mbedtls_mem.c ****   }
 123:C:/Users/stapi/OneDrive/Desktop/GD32VW553/V1_MQTT_OK/GD32VW55X_Wifi_BLE_SDK/GD32VW55x_RELEASE_V1.0.2/MSDK/lwip/lwip-2.1.2/src/apps/altcp_tls\altcp_tls_mbedtls_mem.c **** #endif
 124:C:/Users/stapi/OneDrive/Desktop/GD32VW553/V1_MQTT_OK/GD32VW55X_Wifi_BLE_SDK/GD32VW55x_RELEASE_V1.0.2/MSDK/lwip/lwip-2.1.2/src/apps/altcp_tls\altcp_tls_mbedtls_mem.c ****   alloc_size = sizeof(altcp_mbedtls_malloc_helper_t) + (c * len);
 125:C:/Users/stapi/OneDrive/Desktop/GD32VW553/V1_MQTT_OK/GD32VW55X_Wifi_BLE_SDK/GD32VW55x_RELEASE_V1.0.2/MSDK/lwip/lwip-2.1.2/src/apps/altcp_tls\altcp_tls_mbedtls_mem.c ****   /* check for maximum allocation size, mainly to prevent mem_size_t overflow */
 126:C:/Users/stapi/OneDrive/Desktop/GD32VW553/V1_MQTT_OK/GD32VW55X_Wifi_BLE_SDK/GD32VW55x_RELEASE_V1.0.2/MSDK/lwip/lwip-2.1.2/src/apps/altcp_tls\altcp_tls_mbedtls_mem.c ****   if (alloc_size > MEM_SIZE) {
 127:C:/Users/stapi/OneDrive/Desktop/GD32VW553/V1_MQTT_OK/GD32VW55X_Wifi_BLE_SDK/GD32VW55x_RELEASE_V1.0.2/MSDK/lwip/lwip-2.1.2/src/apps/altcp_tls\altcp_tls_mbedtls_mem.c ****     LWIP_DEBUGF(ALTCP_MBEDTLS_MEM_DEBUG, ("mbedtls allocation too big: %c * %d bytes vs MEM_SIZE=%d
 128:C:/Users/stapi/OneDrive/Desktop/GD32VW553/V1_MQTT_OK/GD32VW55X_Wifi_BLE_SDK/GD32VW55x_RELEASE_V1.0.2/MSDK/lwip/lwip-2.1.2/src/apps/altcp_tls\altcp_tls_mbedtls_mem.c ****                                           (int)c, (int)len, (int)MEM_SIZE));
 129:C:/Users/stapi/OneDrive/Desktop/GD32VW553/V1_MQTT_OK/GD32VW55X_Wifi_BLE_SDK/GD32VW55x_RELEASE_V1.0.2/MSDK/lwip/lwip-2.1.2/src/apps/altcp_tls\altcp_tls_mbedtls_mem.c ****     return NULL;
 130:C:/Users/stapi/OneDrive/Desktop/GD32VW553/V1_MQTT_OK/GD32VW55X_Wifi_BLE_SDK/GD32VW55x_RELEASE_V1.0.2/MSDK/lwip/lwip-2.1.2/src/apps/altcp_tls\altcp_tls_mbedtls_mem.c ****   }
 131:C:/Users/stapi/OneDrive/Desktop/GD32VW553/V1_MQTT_OK/GD32VW55X_Wifi_BLE_SDK/GD32VW55x_RELEASE_V1.0.2/MSDK/lwip/lwip-2.1.2/src/apps/altcp_tls\altcp_tls_mbedtls_mem.c ****   hlpr = (altcp_mbedtls_malloc_helper_t *)mem_malloc((mem_size_t)alloc_size);
 132:C:/Users/stapi/OneDrive/Desktop/GD32VW553/V1_MQTT_OK/GD32VW55X_Wifi_BLE_SDK/GD32VW55x_RELEASE_V1.0.2/MSDK/lwip/lwip-2.1.2/src/apps/altcp_tls\altcp_tls_mbedtls_mem.c ****   if (hlpr == NULL) {
 133:C:/Users/stapi/OneDrive/Desktop/GD32VW553/V1_MQTT_OK/GD32VW55X_Wifi_BLE_SDK/GD32VW55x_RELEASE_V1.0.2/MSDK/lwip/lwip-2.1.2/src/apps/altcp_tls\altcp_tls_mbedtls_mem.c ****     LWIP_DEBUGF(ALTCP_MBEDTLS_MEM_DEBUG, ("mbedtls alloc callback failed for %c * %d bytes", (int)c
 134:C:/Users/stapi/OneDrive/Desktop/GD32VW553/V1_MQTT_OK/GD32VW55X_Wifi_BLE_SDK/GD32VW55x_RELEASE_V1.0.2/MSDK/lwip/lwip-2.1.2/src/apps/altcp_tls\altcp_tls_mbedtls_mem.c ****     return NULL;
 135:C:/Users/stapi/OneDrive/Desktop/GD32VW553/V1_MQTT_OK/GD32VW55X_Wifi_BLE_SDK/GD32VW55x_RELEASE_V1.0.2/MSDK/lwip/lwip-2.1.2/src/apps/altcp_tls\altcp_tls_mbedtls_mem.c ****   }
 136:C:/Users/stapi/OneDrive/Desktop/GD32VW553/V1_MQTT_OK/GD32VW55X_Wifi_BLE_SDK/GD32VW55x_RELEASE_V1.0.2/MSDK/lwip/lwip-2.1.2/src/apps/altcp_tls\altcp_tls_mbedtls_mem.c **** #if ALTCP_MBEDTLS_PLATFORM_ALLOC_STATS
 137:C:/Users/stapi/OneDrive/Desktop/GD32VW553/V1_MQTT_OK/GD32VW55X_Wifi_BLE_SDK/GD32VW55x_RELEASE_V1.0.2/MSDK/lwip/lwip-2.1.2/src/apps/altcp_tls\altcp_tls_mbedtls_mem.c ****   altcp_mbedtls_malloc_stats.allocCnt++;
 138:C:/Users/stapi/OneDrive/Desktop/GD32VW553/V1_MQTT_OK/GD32VW55X_Wifi_BLE_SDK/GD32VW55x_RELEASE_V1.0.2/MSDK/lwip/lwip-2.1.2/src/apps/altcp_tls\altcp_tls_mbedtls_mem.c ****   altcp_mbedtls_malloc_stats.allocedBytes += c * len;
 139:C:/Users/stapi/OneDrive/Desktop/GD32VW553/V1_MQTT_OK/GD32VW55X_Wifi_BLE_SDK/GD32VW55x_RELEASE_V1.0.2/MSDK/lwip/lwip-2.1.2/src/apps/altcp_tls\altcp_tls_mbedtls_mem.c ****   if (altcp_mbedtls_malloc_stats.allocedBytes > altcp_mbedtls_malloc_stats.maxBytes) {
 140:C:/Users/stapi/OneDrive/Desktop/GD32VW553/V1_MQTT_OK/GD32VW55X_Wifi_BLE_SDK/GD32VW55x_RELEASE_V1.0.2/MSDK/lwip/lwip-2.1.2/src/apps/altcp_tls\altcp_tls_mbedtls_mem.c ****     altcp_mbedtls_malloc_stats.maxBytes = altcp_mbedtls_malloc_stats.allocedBytes;
 141:C:/Users/stapi/OneDrive/Desktop/GD32VW553/V1_MQTT_OK/GD32VW55X_Wifi_BLE_SDK/GD32VW55x_RELEASE_V1.0.2/MSDK/lwip/lwip-2.1.2/src/apps/altcp_tls\altcp_tls_mbedtls_mem.c ****   }
 142:C:/Users/stapi/OneDrive/Desktop/GD32VW553/V1_MQTT_OK/GD32VW55X_Wifi_BLE_SDK/GD32VW55x_RELEASE_V1.0.2/MSDK/lwip/lwip-2.1.2/src/apps/altcp_tls\altcp_tls_mbedtls_mem.c ****   altcp_mbedtls_malloc_stats.totalBytes += c * len;
 143:C:/Users/stapi/OneDrive/Desktop/GD32VW553/V1_MQTT_OK/GD32VW55X_Wifi_BLE_SDK/GD32VW55x_RELEASE_V1.0.2/MSDK/lwip/lwip-2.1.2/src/apps/altcp_tls\altcp_tls_mbedtls_mem.c **** #endif
 144:C:/Users/stapi/OneDrive/Desktop/GD32VW553/V1_MQTT_OK/GD32VW55X_Wifi_BLE_SDK/GD32VW55x_RELEASE_V1.0.2/MSDK/lwip/lwip-2.1.2/src/apps/altcp_tls\altcp_tls_mbedtls_mem.c ****   hlpr->c = c;
 145:C:/Users/stapi/OneDrive/Desktop/GD32VW553/V1_MQTT_OK/GD32VW55X_Wifi_BLE_SDK/GD32VW55x_RELEASE_V1.0.2/MSDK/lwip/lwip-2.1.2/src/apps/altcp_tls\altcp_tls_mbedtls_mem.c ****   hlpr->len = len;
 146:C:/Users/stapi/OneDrive/Desktop/GD32VW553/V1_MQTT_OK/GD32VW55X_Wifi_BLE_SDK/GD32VW55x_RELEASE_V1.0.2/MSDK/lwip/lwip-2.1.2/src/apps/altcp_tls\altcp_tls_mbedtls_mem.c ****   ret = hlpr + 1;
 147:C:/Users/stapi/OneDrive/Desktop/GD32VW553/V1_MQTT_OK/GD32VW55X_Wifi_BLE_SDK/GD32VW55x_RELEASE_V1.0.2/MSDK/lwip/lwip-2.1.2/src/apps/altcp_tls\altcp_tls_mbedtls_mem.c ****   /* zeroing the allocated chunk is required by mbedTLS! */
 148:C:/Users/stapi/OneDrive/Desktop/GD32VW553/V1_MQTT_OK/GD32VW55X_Wifi_BLE_SDK/GD32VW55x_RELEASE_V1.0.2/MSDK/lwip/lwip-2.1.2/src/apps/altcp_tls\altcp_tls_mbedtls_mem.c ****   memset(ret, 0, c * len);
 149:C:/Users/stapi/OneDrive/Desktop/GD32VW553/V1_MQTT_OK/GD32VW55X_Wifi_BLE_SDK/GD32VW55x_RELEASE_V1.0.2/MSDK/lwip/lwip-2.1.2/src/apps/altcp_tls\altcp_tls_mbedtls_mem.c ****   return ret;
 150:C:/Users/stapi/OneDrive/Desktop/GD32VW553/V1_MQTT_OK/GD32VW55X_Wifi_BLE_SDK/GD32VW55x_RELEASE_V1.0.2/MSDK/lwip/lwip-2.1.2/src/apps/altcp_tls\altcp_tls_mbedtls_mem.c **** }
 151:C:/Users/stapi/OneDrive/Desktop/GD32VW553/V1_MQTT_OK/GD32VW55X_Wifi_BLE_SDK/GD32VW55x_RELEASE_V1.0.2/MSDK/lwip/lwip-2.1.2/src/apps/altcp_tls\altcp_tls_mbedtls_mem.c **** 
 152:C:/Users/stapi/OneDrive/Desktop/GD32VW553/V1_MQTT_OK/GD32VW55X_Wifi_BLE_SDK/GD32VW55x_RELEASE_V1.0.2/MSDK/lwip/lwip-2.1.2/src/apps/altcp_tls\altcp_tls_mbedtls_mem.c **** static void
 153:C:/Users/stapi/OneDrive/Desktop/GD32VW553/V1_MQTT_OK/GD32VW55X_Wifi_BLE_SDK/GD32VW55x_RELEASE_V1.0.2/MSDK/lwip/lwip-2.1.2/src/apps/altcp_tls\altcp_tls_mbedtls_mem.c **** tls_free(void *ptr)
 154:C:/Users/stapi/OneDrive/Desktop/GD32VW553/V1_MQTT_OK/GD32VW55X_Wifi_BLE_SDK/GD32VW55x_RELEASE_V1.0.2/MSDK/lwip/lwip-2.1.2/src/apps/altcp_tls\altcp_tls_mbedtls_mem.c **** {
 155:C:/Users/stapi/OneDrive/Desktop/GD32VW553/V1_MQTT_OK/GD32VW55X_Wifi_BLE_SDK/GD32VW55x_RELEASE_V1.0.2/MSDK/lwip/lwip-2.1.2/src/apps/altcp_tls\altcp_tls_mbedtls_mem.c ****   altcp_mbedtls_malloc_helper_t *hlpr;
 156:C:/Users/stapi/OneDrive/Desktop/GD32VW553/V1_MQTT_OK/GD32VW55X_Wifi_BLE_SDK/GD32VW55x_RELEASE_V1.0.2/MSDK/lwip/lwip-2.1.2/src/apps/altcp_tls\altcp_tls_mbedtls_mem.c ****   if (ptr == NULL) {
 157:C:/Users/stapi/OneDrive/Desktop/GD32VW553/V1_MQTT_OK/GD32VW55X_Wifi_BLE_SDK/GD32VW55x_RELEASE_V1.0.2/MSDK/lwip/lwip-2.1.2/src/apps/altcp_tls\altcp_tls_mbedtls_mem.c ****     /* this obviously happened in mbedtls... */
 158:C:/Users/stapi/OneDrive/Desktop/GD32VW553/V1_MQTT_OK/GD32VW55X_Wifi_BLE_SDK/GD32VW55x_RELEASE_V1.0.2/MSDK/lwip/lwip-2.1.2/src/apps/altcp_tls\altcp_tls_mbedtls_mem.c ****     return;
 159:C:/Users/stapi/OneDrive/Desktop/GD32VW553/V1_MQTT_OK/GD32VW55X_Wifi_BLE_SDK/GD32VW55x_RELEASE_V1.0.2/MSDK/lwip/lwip-2.1.2/src/apps/altcp_tls\altcp_tls_mbedtls_mem.c ****   }
 160:C:/Users/stapi/OneDrive/Desktop/GD32VW553/V1_MQTT_OK/GD32VW55X_Wifi_BLE_SDK/GD32VW55x_RELEASE_V1.0.2/MSDK/lwip/lwip-2.1.2/src/apps/altcp_tls\altcp_tls_mbedtls_mem.c ****   hlpr = ((altcp_mbedtls_malloc_helper_t *)ptr) - 1;
 161:C:/Users/stapi/OneDrive/Desktop/GD32VW553/V1_MQTT_OK/GD32VW55X_Wifi_BLE_SDK/GD32VW55x_RELEASE_V1.0.2/MSDK/lwip/lwip-2.1.2/src/apps/altcp_tls\altcp_tls_mbedtls_mem.c **** #if ALTCP_MBEDTLS_PLATFORM_ALLOC_STATS
 162:C:/Users/stapi/OneDrive/Desktop/GD32VW553/V1_MQTT_OK/GD32VW55X_Wifi_BLE_SDK/GD32VW55x_RELEASE_V1.0.2/MSDK/lwip/lwip-2.1.2/src/apps/altcp_tls\altcp_tls_mbedtls_mem.c ****   if (!altcp_mbedtls_malloc_clear_stats) {
 163:C:/Users/stapi/OneDrive/Desktop/GD32VW553/V1_MQTT_OK/GD32VW55X_Wifi_BLE_SDK/GD32VW55x_RELEASE_V1.0.2/MSDK/lwip/lwip-2.1.2/src/apps/altcp_tls\altcp_tls_mbedtls_mem.c ****     altcp_mbedtls_malloc_stats.allocedBytes -= hlpr->c * hlpr->len;
 164:C:/Users/stapi/OneDrive/Desktop/GD32VW553/V1_MQTT_OK/GD32VW55X_Wifi_BLE_SDK/GD32VW55x_RELEASE_V1.0.2/MSDK/lwip/lwip-2.1.2/src/apps/altcp_tls\altcp_tls_mbedtls_mem.c ****   }
 165:C:/Users/stapi/OneDrive/Desktop/GD32VW553/V1_MQTT_OK/GD32VW55X_Wifi_BLE_SDK/GD32VW55x_RELEASE_V1.0.2/MSDK/lwip/lwip-2.1.2/src/apps/altcp_tls\altcp_tls_mbedtls_mem.c **** #endif
 166:C:/Users/stapi/OneDrive/Desktop/GD32VW553/V1_MQTT_OK/GD32VW55X_Wifi_BLE_SDK/GD32VW55x_RELEASE_V1.0.2/MSDK/lwip/lwip-2.1.2/src/apps/altcp_tls\altcp_tls_mbedtls_mem.c ****   mem_free(hlpr);
 167:C:/Users/stapi/OneDrive/Desktop/GD32VW553/V1_MQTT_OK/GD32VW55X_Wifi_BLE_SDK/GD32VW55x_RELEASE_V1.0.2/MSDK/lwip/lwip-2.1.2/src/apps/altcp_tls\altcp_tls_mbedtls_mem.c **** }
 168:C:/Users/stapi/OneDrive/Desktop/GD32VW553/V1_MQTT_OK/GD32VW55X_Wifi_BLE_SDK/GD32VW55x_RELEASE_V1.0.2/MSDK/lwip/lwip-2.1.2/src/apps/altcp_tls\altcp_tls_mbedtls_mem.c **** #endif /* ALTCP_MBEDTLS_PLATFORM_ALLOC*/
 169:C:/Users/stapi/OneDrive/Desktop/GD32VW553/V1_MQTT_OK/GD32VW55X_Wifi_BLE_SDK/GD32VW55x_RELEASE_V1.0.2/MSDK/lwip/lwip-2.1.2/src/apps/altcp_tls\altcp_tls_mbedtls_mem.c **** 
 170:C:/Users/stapi/OneDrive/Desktop/GD32VW553/V1_MQTT_OK/GD32VW55X_Wifi_BLE_SDK/GD32VW55x_RELEASE_V1.0.2/MSDK/lwip/lwip-2.1.2/src/apps/altcp_tls\altcp_tls_mbedtls_mem.c **** void
 171:C:/Users/stapi/OneDrive/Desktop/GD32VW553/V1_MQTT_OK/GD32VW55X_Wifi_BLE_SDK/GD32VW55x_RELEASE_V1.0.2/MSDK/lwip/lwip-2.1.2/src/apps/altcp_tls\altcp_tls_mbedtls_mem.c **** altcp_mbedtls_mem_init(void)
 172:C:/Users/stapi/OneDrive/Desktop/GD32VW553/V1_MQTT_OK/GD32VW55X_Wifi_BLE_SDK/GD32VW55x_RELEASE_V1.0.2/MSDK/lwip/lwip-2.1.2/src/apps/altcp_tls\altcp_tls_mbedtls_mem.c **** {
  16              		.loc 1 172 1
  17              		.cfi_startproc
 173:C:/Users/stapi/OneDrive/Desktop/GD32VW553/V1_MQTT_OK/GD32VW55X_Wifi_BLE_SDK/GD32VW55x_RELEASE_V1.0.2/MSDK/lwip/lwip-2.1.2/src/apps/altcp_tls\altcp_tls_mbedtls_mem.c ****   /* not much to do here when using the heap */
 174:C:/Users/stapi/OneDrive/Desktop/GD32VW553/V1_MQTT_OK/GD32VW55X_Wifi_BLE_SDK/GD32VW55x_RELEASE_V1.0.2/MSDK/lwip/lwip-2.1.2/src/apps/altcp_tls\altcp_tls_mbedtls_mem.c **** 
 175:C:/Users/stapi/OneDrive/Desktop/GD32VW553/V1_MQTT_OK/GD32VW55X_Wifi_BLE_SDK/GD32VW55x_RELEASE_V1.0.2/MSDK/lwip/lwip-2.1.2/src/apps/altcp_tls\altcp_tls_mbedtls_mem.c **** #if ALTCP_MBEDTLS_PLATFORM_ALLOC
 176:C:/Users/stapi/OneDrive/Desktop/GD32VW553/V1_MQTT_OK/GD32VW55X_Wifi_BLE_SDK/GD32VW55x_RELEASE_V1.0.2/MSDK/lwip/lwip-2.1.2/src/apps/altcp_tls\altcp_tls_mbedtls_mem.c ****   /* set mbedtls allocation methods */
 177:C:/Users/stapi/OneDrive/Desktop/GD32VW553/V1_MQTT_OK/GD32VW55X_Wifi_BLE_SDK/GD32VW55x_RELEASE_V1.0.2/MSDK/lwip/lwip-2.1.2/src/apps/altcp_tls\altcp_tls_mbedtls_mem.c ****   mbedtls_platform_set_calloc_free(&tls_malloc, &tls_free);
 178:C:/Users/stapi/OneDrive/Desktop/GD32VW553/V1_MQTT_OK/GD32VW55X_Wifi_BLE_SDK/GD32VW55x_RELEASE_V1.0.2/MSDK/lwip/lwip-2.1.2/src/apps/altcp_tls\altcp_tls_mbedtls_mem.c **** #endif
 179:C:/Users/stapi/OneDrive/Desktop/GD32VW553/V1_MQTT_OK/GD32VW55X_Wifi_BLE_SDK/GD32VW55x_RELEASE_V1.0.2/MSDK/lwip/lwip-2.1.2/src/apps/altcp_tls\altcp_tls_mbedtls_mem.c **** }
  18              		.loc 1 179 1
  19 0000 8280     		ret
  20              		.cfi_endproc
  21              	.LFE383:
  23              		.section	.text.altcp_mbedtls_alloc,"ax",@progbits
  24              		.align	1
  25              		.globl	altcp_mbedtls_alloc
  27              	altcp_mbedtls_alloc:
  28              	.LFB384:
 180:C:/Users/stapi/OneDrive/Desktop/GD32VW553/V1_MQTT_OK/GD32VW55X_Wifi_BLE_SDK/GD32VW55x_RELEASE_V1.0.2/MSDK/lwip/lwip-2.1.2/src/apps/altcp_tls\altcp_tls_mbedtls_mem.c **** 
 181:C:/Users/stapi/OneDrive/Desktop/GD32VW553/V1_MQTT_OK/GD32VW55X_Wifi_BLE_SDK/GD32VW55x_RELEASE_V1.0.2/MSDK/lwip/lwip-2.1.2/src/apps/altcp_tls\altcp_tls_mbedtls_mem.c **** altcp_mbedtls_state_t *
 182:C:/Users/stapi/OneDrive/Desktop/GD32VW553/V1_MQTT_OK/GD32VW55X_Wifi_BLE_SDK/GD32VW55x_RELEASE_V1.0.2/MSDK/lwip/lwip-2.1.2/src/apps/altcp_tls\altcp_tls_mbedtls_mem.c **** altcp_mbedtls_alloc(void *conf)
 183:C:/Users/stapi/OneDrive/Desktop/GD32VW553/V1_MQTT_OK/GD32VW55X_Wifi_BLE_SDK/GD32VW55x_RELEASE_V1.0.2/MSDK/lwip/lwip-2.1.2/src/apps/altcp_tls\altcp_tls_mbedtls_mem.c **** {
  29              		.loc 1 183 1
  30              		.cfi_startproc
  31              	.LVL0:
  32 0000 17030000 		call	t0,__riscv_save_1
  32      E7020300 
  33              		.cfi_offset 8, -8
  34              		.cfi_offset 1, -4
  35              		.cfi_def_cfa_offset 16
 184:C:/Users/stapi/OneDrive/Desktop/GD32VW553/V1_MQTT_OK/GD32VW55X_Wifi_BLE_SDK/GD32VW55x_RELEASE_V1.0.2/MSDK/lwip/lwip-2.1.2/src/apps/altcp_tls\altcp_tls_mbedtls_mem.c ****   altcp_mbedtls_state_t *ret = (altcp_mbedtls_state_t *)mem_calloc(1, sizeof(altcp_mbedtls_state_t)
  36              		.loc 1 184 3
 183:C:/Users/stapi/OneDrive/Desktop/GD32VW553/V1_MQTT_OK/GD32VW55X_Wifi_BLE_SDK/GD32VW55x_RELEASE_V1.0.2/MSDK/lwip/lwip-2.1.2/src/apps/altcp_tls\altcp_tls_mbedtls_mem.c ****   altcp_mbedtls_state_t *ret = (altcp_mbedtls_state_t *)mem_calloc(1, sizeof(altcp_mbedtls_state_t)
  37              		.loc 1 183 1 is_stmt 0
  38 0008 2A84     		mv	s0,a0
  39              		.loc 1 184 57
  40 000a 93058016 		li	a1,360
  41 000e 0545     		li	a0,1
  42              	.LVL1:
  43 0010 97000000 		call	mem_calloc
  43      E7800000 
  44              	.LVL2:
 185:C:/Users/stapi/OneDrive/Desktop/GD32VW553/V1_MQTT_OK/GD32VW55X_Wifi_BLE_SDK/GD32VW55x_RELEASE_V1.0.2/MSDK/lwip/lwip-2.1.2/src/apps/altcp_tls\altcp_tls_mbedtls_mem.c ****   if (ret != NULL) {
  45              		.loc 1 185 3 is_stmt 1
  46              		.loc 1 185 6 is_stmt 0
  47 0018 11C1     		beq	a0,zero,.L2
 186:C:/Users/stapi/OneDrive/Desktop/GD32VW553/V1_MQTT_OK/GD32VW55X_Wifi_BLE_SDK/GD32VW55x_RELEASE_V1.0.2/MSDK/lwip/lwip-2.1.2/src/apps/altcp_tls\altcp_tls_mbedtls_mem.c ****     ret->conf = conf;
  48              		.loc 1 186 5 is_stmt 1
  49              		.loc 1 186 15 is_stmt 0
  50 001a 00C1     		sw	s0,0(a0)
 187:C:/Users/stapi/OneDrive/Desktop/GD32VW553/V1_MQTT_OK/GD32VW55X_Wifi_BLE_SDK/GD32VW55x_RELEASE_V1.0.2/MSDK/lwip/lwip-2.1.2/src/apps/altcp_tls\altcp_tls_mbedtls_mem.c ****   }
 188:C:/Users/stapi/OneDrive/Desktop/GD32VW553/V1_MQTT_OK/GD32VW55X_Wifi_BLE_SDK/GD32VW55x_RELEASE_V1.0.2/MSDK/lwip/lwip-2.1.2/src/apps/altcp_tls\altcp_tls_mbedtls_mem.c ****   return ret;
  51              		.loc 1 188 3 is_stmt 1
  52              	.L2:
 189:C:/Users/stapi/OneDrive/Desktop/GD32VW553/V1_MQTT_OK/GD32VW55X_Wifi_BLE_SDK/GD32VW55x_RELEASE_V1.0.2/MSDK/lwip/lwip-2.1.2/src/apps/altcp_tls\altcp_tls_mbedtls_mem.c **** }
  53              		.loc 1 189 1 is_stmt 0
  54 001c 17030000 		tail	__riscv_restore_1
  54      67000300 
  55              		.cfi_restore 8
  56              		.cfi_restore 1
  57              		.cfi_def_cfa_offset 0
  58              		.cfi_endproc
  59              	.LFE384:
  61              		.section	.rodata.altcp_mbedtls_free.str1.4,"aMS",@progbits,1
  62              		.align	2
  63              	.LC0:
  64 0000 433A2F55 		.string	"C:/Users/stapi/OneDrive/Desktop/GD32VW553/V1_MQTT_OK/GD32VW55X_Wifi_BLE_SDK/GD32VW55x_REL
  64      73657273 
  64      2F737461 
  64      70692F4F 
  64      6E654472 
  65 00a5 000000   		.align	2
  66              	.LC1:
  67 00a8 73746174 		.string	"state != NULL"
  67      6520213D 
  67      204E554C 
  67      4C00
  68 00b6 0000     		.align	2
  69              	.LC2:
  70 00b8 41737365 		.string	"Assertion \"%s\" failed at line %d in %s\n"
  70      7274696F 
  70      6E202225 
  70      73222066 
  70      61696C65 
  71              		.section	.text.altcp_mbedtls_free,"ax",@progbits
  72              		.align	1
  73              		.globl	altcp_mbedtls_free
  75              	altcp_mbedtls_free:
  76              	.LFB385:
 190:C:/Users/stapi/OneDrive/Desktop/GD32VW553/V1_MQTT_OK/GD32VW55X_Wifi_BLE_SDK/GD32VW55x_RELEASE_V1.0.2/MSDK/lwip/lwip-2.1.2/src/apps/altcp_tls\altcp_tls_mbedtls_mem.c **** 
 191:C:/Users/stapi/OneDrive/Desktop/GD32VW553/V1_MQTT_OK/GD32VW55X_Wifi_BLE_SDK/GD32VW55x_RELEASE_V1.0.2/MSDK/lwip/lwip-2.1.2/src/apps/altcp_tls\altcp_tls_mbedtls_mem.c **** void
 192:C:/Users/stapi/OneDrive/Desktop/GD32VW553/V1_MQTT_OK/GD32VW55X_Wifi_BLE_SDK/GD32VW55x_RELEASE_V1.0.2/MSDK/lwip/lwip-2.1.2/src/apps/altcp_tls\altcp_tls_mbedtls_mem.c **** altcp_mbedtls_free(void *conf, altcp_mbedtls_state_t *state)
 193:C:/Users/stapi/OneDrive/Desktop/GD32VW553/V1_MQTT_OK/GD32VW55X_Wifi_BLE_SDK/GD32VW55x_RELEASE_V1.0.2/MSDK/lwip/lwip-2.1.2/src/apps/altcp_tls\altcp_tls_mbedtls_mem.c **** {
  77              		.loc 1 193 1 is_stmt 1
  78              		.cfi_startproc
  79              	.LVL3:
  80 0000 17030000 		call	t0,__riscv_save_0
  80      E7020300 
  81              		.cfi_offset 1, -4
  82              		.cfi_def_cfa_offset 16
 194:C:/Users/stapi/OneDrive/Desktop/GD32VW553/V1_MQTT_OK/GD32VW55X_Wifi_BLE_SDK/GD32VW55x_RELEASE_V1.0.2/MSDK/lwip/lwip-2.1.2/src/apps/altcp_tls\altcp_tls_mbedtls_mem.c ****   LWIP_UNUSED_ARG(conf);
  83              		.loc 1 194 3
 195:C:/Users/stapi/OneDrive/Desktop/GD32VW553/V1_MQTT_OK/GD32VW55X_Wifi_BLE_SDK/GD32VW55x_RELEASE_V1.0.2/MSDK/lwip/lwip-2.1.2/src/apps/altcp_tls\altcp_tls_mbedtls_mem.c ****   LWIP_ASSERT("state != NULL", state != NULL);
  84              		.loc 1 195 3
  85              		.loc 1 195 3
  86 0008 85E5     		bne	a1,zero,.L9
  87              		.loc 1 195 3 discriminator 1
  88              		.loc 1 195 3 discriminator 1
  89 000a B7060000 		lui	a3,%hi(.LC0)
  90 000e B7050000 		lui	a1,%hi(.LC1)
  91              	.LVL4:
  92 0012 37050000 		lui	a0,%hi(.LC2)
  93              	.LVL5:
  94 0016 93860600 		addi	a3,a3,%lo(.LC0)
  95 001a 1306300C 		li	a2,195
  96 001e 93850500 		addi	a1,a1,%lo(.LC1)
  97 0022 13050500 		addi	a0,a0,%lo(.LC2)
  98 0026 97000000 		call	printf
  98      E7800000 
  99              	.LVL6:
 100              	.L10:
 101              		.loc 1 195 3 discriminator 1
 102              		.loc 1 195 3 discriminator 1
 103              		.loc 1 195 3 discriminator 1
 104 002e 01A0     		j	.L10
 105              	.LVL7:
 106              	.L9:
 107 0030 2E85     		mv	a0,a1
 108              	.LVL8:
 109              		.loc 1 195 3 discriminator 2
 110              		.loc 1 195 3 discriminator 2
 196:C:/Users/stapi/OneDrive/Desktop/GD32VW553/V1_MQTT_OK/GD32VW55X_Wifi_BLE_SDK/GD32VW55x_RELEASE_V1.0.2/MSDK/lwip/lwip-2.1.2/src/apps/altcp_tls\altcp_tls_mbedtls_mem.c ****   mem_free(state);
 111              		.loc 1 196 3 discriminator 2
 112 0032 97000000 		call	mem_free
 112      E7800000 
 113              	.LVL9:
 197:C:/Users/stapi/OneDrive/Desktop/GD32VW553/V1_MQTT_OK/GD32VW55X_Wifi_BLE_SDK/GD32VW55x_RELEASE_V1.0.2/MSDK/lwip/lwip-2.1.2/src/apps/altcp_tls\altcp_tls_mbedtls_mem.c **** }
 114              		.loc 1 197 1 is_stmt 0 discriminator 2
 115 003a 17030000 		tail	__riscv_restore_0
 115      67000300 
 116              		.cfi_restore 1
 117              		.cfi_def_cfa_offset 0
 118              		.cfi_endproc
 119              	.LFE385:
 121              		.section	.text.altcp_mbedtls_alloc_config,"ax",@progbits
 122              		.align	1
 123              		.globl	altcp_mbedtls_alloc_config
 125              	altcp_mbedtls_alloc_config:
 126              	.LFB386:
 198:C:/Users/stapi/OneDrive/Desktop/GD32VW553/V1_MQTT_OK/GD32VW55X_Wifi_BLE_SDK/GD32VW55x_RELEASE_V1.0.2/MSDK/lwip/lwip-2.1.2/src/apps/altcp_tls\altcp_tls_mbedtls_mem.c **** 
 199:C:/Users/stapi/OneDrive/Desktop/GD32VW553/V1_MQTT_OK/GD32VW55X_Wifi_BLE_SDK/GD32VW55x_RELEASE_V1.0.2/MSDK/lwip/lwip-2.1.2/src/apps/altcp_tls\altcp_tls_mbedtls_mem.c **** void *
 200:C:/Users/stapi/OneDrive/Desktop/GD32VW553/V1_MQTT_OK/GD32VW55X_Wifi_BLE_SDK/GD32VW55x_RELEASE_V1.0.2/MSDK/lwip/lwip-2.1.2/src/apps/altcp_tls\altcp_tls_mbedtls_mem.c **** altcp_mbedtls_alloc_config(size_t size)
 201:C:/Users/stapi/OneDrive/Desktop/GD32VW553/V1_MQTT_OK/GD32VW55X_Wifi_BLE_SDK/GD32VW55x_RELEASE_V1.0.2/MSDK/lwip/lwip-2.1.2/src/apps/altcp_tls\altcp_tls_mbedtls_mem.c **** {
 127              		.loc 1 201 1 is_stmt 1
 128              		.cfi_startproc
 129              	.LVL10:
 202:C:/Users/stapi/OneDrive/Desktop/GD32VW553/V1_MQTT_OK/GD32VW55X_Wifi_BLE_SDK/GD32VW55x_RELEASE_V1.0.2/MSDK/lwip/lwip-2.1.2/src/apps/altcp_tls\altcp_tls_mbedtls_mem.c ****   void *ret;
 130              		.loc 1 202 3
 203:C:/Users/stapi/OneDrive/Desktop/GD32VW553/V1_MQTT_OK/GD32VW55X_Wifi_BLE_SDK/GD32VW55x_RELEASE_V1.0.2/MSDK/lwip/lwip-2.1.2/src/apps/altcp_tls\altcp_tls_mbedtls_mem.c ****   size_t checked_size = (mem_size_t)size;
 131              		.loc 1 203 3
 204:C:/Users/stapi/OneDrive/Desktop/GD32VW553/V1_MQTT_OK/GD32VW55X_Wifi_BLE_SDK/GD32VW55x_RELEASE_V1.0.2/MSDK/lwip/lwip-2.1.2/src/apps/altcp_tls\altcp_tls_mbedtls_mem.c ****   if (size != checked_size) {
 132              		.loc 1 204 3
 133              		.loc 1 204 6 is_stmt 0
 134 0000 B3470508 		zext.h	a5,a0
 135 0004 6318F500 		bne	a0,a5,.L14
 205:C:/Users/stapi/OneDrive/Desktop/GD32VW553/V1_MQTT_OK/GD32VW55X_Wifi_BLE_SDK/GD32VW55x_RELEASE_V1.0.2/MSDK/lwip/lwip-2.1.2/src/apps/altcp_tls\altcp_tls_mbedtls_mem.c ****     /* allocation too big (mem_size_t overflow) */
 206:C:/Users/stapi/OneDrive/Desktop/GD32VW553/V1_MQTT_OK/GD32VW55X_Wifi_BLE_SDK/GD32VW55x_RELEASE_V1.0.2/MSDK/lwip/lwip-2.1.2/src/apps/altcp_tls\altcp_tls_mbedtls_mem.c ****     return NULL;
 207:C:/Users/stapi/OneDrive/Desktop/GD32VW553/V1_MQTT_OK/GD32VW55X_Wifi_BLE_SDK/GD32VW55x_RELEASE_V1.0.2/MSDK/lwip/lwip-2.1.2/src/apps/altcp_tls\altcp_tls_mbedtls_mem.c ****   }
 208:C:/Users/stapi/OneDrive/Desktop/GD32VW553/V1_MQTT_OK/GD32VW55X_Wifi_BLE_SDK/GD32VW55x_RELEASE_V1.0.2/MSDK/lwip/lwip-2.1.2/src/apps/altcp_tls\altcp_tls_mbedtls_mem.c ****   ret = (altcp_mbedtls_state_t *)mem_calloc(1, (mem_size_t)size);
 136              		.loc 1 208 3 is_stmt 1
 137              		.loc 1 208 34 is_stmt 0
 138 0008 BE85     		mv	a1,a5
 139 000a 0545     		li	a0,1
 140              	.LVL11:
 141 000c 17030000 		tail	mem_calloc
 141      67000300 
 142              	.LVL12:
 209:C:/Users/stapi/OneDrive/Desktop/GD32VW553/V1_MQTT_OK/GD32VW55X_Wifi_BLE_SDK/GD32VW55x_RELEASE_V1.0.2/MSDK/lwip/lwip-2.1.2/src/apps/altcp_tls\altcp_tls_mbedtls_mem.c ****   return ret;
 143              		.loc 1 209 3 is_stmt 1
 144              	.L14:
 206:C:/Users/stapi/OneDrive/Desktop/GD32VW553/V1_MQTT_OK/GD32VW55X_Wifi_BLE_SDK/GD32VW55x_RELEASE_V1.0.2/MSDK/lwip/lwip-2.1.2/src/apps/altcp_tls\altcp_tls_mbedtls_mem.c ****   }
 145              		.loc 1 206 12 is_stmt 0
 146 0014 0145     		li	a0,0
 147              	.LVL13:
 210:C:/Users/stapi/OneDrive/Desktop/GD32VW553/V1_MQTT_OK/GD32VW55X_Wifi_BLE_SDK/GD32VW55x_RELEASE_V1.0.2/MSDK/lwip/lwip-2.1.2/src/apps/altcp_tls\altcp_tls_mbedtls_mem.c **** }
 148              		.loc 1 210 1
 149 0016 8280     		ret
 150              		.cfi_endproc
 151              	.LFE386:
 153              		.section	.rodata.altcp_mbedtls_free_config.str1.4,"aMS",@progbits,1
 154              		.align	2
 155              	.LC3:
 156 0000 6974656D 		.string	"item != NULL"
 156      20213D20 
 156      4E554C4C 
 156      00
 157              		.section	.text.altcp_mbedtls_free_config,"ax",@progbits
 158              		.align	1
 159              		.globl	altcp_mbedtls_free_config
 161              	altcp_mbedtls_free_config:
 162              	.LFB387:
 211:C:/Users/stapi/OneDrive/Desktop/GD32VW553/V1_MQTT_OK/GD32VW55X_Wifi_BLE_SDK/GD32VW55x_RELEASE_V1.0.2/MSDK/lwip/lwip-2.1.2/src/apps/altcp_tls\altcp_tls_mbedtls_mem.c **** 
 212:C:/Users/stapi/OneDrive/Desktop/GD32VW553/V1_MQTT_OK/GD32VW55X_Wifi_BLE_SDK/GD32VW55x_RELEASE_V1.0.2/MSDK/lwip/lwip-2.1.2/src/apps/altcp_tls\altcp_tls_mbedtls_mem.c **** void
 213:C:/Users/stapi/OneDrive/Desktop/GD32VW553/V1_MQTT_OK/GD32VW55X_Wifi_BLE_SDK/GD32VW55x_RELEASE_V1.0.2/MSDK/lwip/lwip-2.1.2/src/apps/altcp_tls\altcp_tls_mbedtls_mem.c **** altcp_mbedtls_free_config(void *item)
 214:C:/Users/stapi/OneDrive/Desktop/GD32VW553/V1_MQTT_OK/GD32VW55X_Wifi_BLE_SDK/GD32VW55x_RELEASE_V1.0.2/MSDK/lwip/lwip-2.1.2/src/apps/altcp_tls\altcp_tls_mbedtls_mem.c **** {
 163              		.loc 1 214 1 is_stmt 1
 164              		.cfi_startproc
 165              	.LVL14:
 166 0000 17030000 		call	t0,__riscv_save_0
 166      E7020300 
 167              		.cfi_offset 1, -4
 168              		.cfi_def_cfa_offset 16
 215:C:/Users/stapi/OneDrive/Desktop/GD32VW553/V1_MQTT_OK/GD32VW55X_Wifi_BLE_SDK/GD32VW55x_RELEASE_V1.0.2/MSDK/lwip/lwip-2.1.2/src/apps/altcp_tls\altcp_tls_mbedtls_mem.c ****   LWIP_ASSERT("item != NULL", item != NULL);
 169              		.loc 1 215 3
 170              		.loc 1 215 3
 171 0008 05E5     		bne	a0,zero,.L20
 172              		.loc 1 215 3 discriminator 1
 173              		.loc 1 215 3 discriminator 1
 174 000a B7060000 		lui	a3,%hi(.LC0)
 175 000e B7050000 		lui	a1,%hi(.LC3)
 176 0012 37050000 		lui	a0,%hi(.LC2)
 177              	.LVL15:
 178 0016 93860600 		addi	a3,a3,%lo(.LC0)
 179 001a 1306700D 		li	a2,215
 180 001e 93850500 		addi	a1,a1,%lo(.LC3)
 181 0022 13050500 		addi	a0,a0,%lo(.LC2)
 182 0026 97000000 		call	printf
 182      E7800000 
 183              	.LVL16:
 184              	.L21:
 185              		.loc 1 215 3 discriminator 1
 186              		.loc 1 215 3 discriminator 1
 187              		.loc 1 215 3 discriminator 1
 188 002e 01A0     		j	.L21
 189              	.LVL17:
 190              	.L20:
 191              		.loc 1 215 3 discriminator 2
 192              		.loc 1 215 3 discriminator 2
 216:C:/Users/stapi/OneDrive/Desktop/GD32VW553/V1_MQTT_OK/GD32VW55X_Wifi_BLE_SDK/GD32VW55x_RELEASE_V1.0.2/MSDK/lwip/lwip-2.1.2/src/apps/altcp_tls\altcp_tls_mbedtls_mem.c ****   mem_free(item);
 193              		.loc 1 216 3 discriminator 2
 194 0030 97000000 		call	mem_free
 194      E7800000 
 195              	.LVL18:
 217:C:/Users/stapi/OneDrive/Desktop/GD32VW553/V1_MQTT_OK/GD32VW55X_Wifi_BLE_SDK/GD32VW55x_RELEASE_V1.0.2/MSDK/lwip/lwip-2.1.2/src/apps/altcp_tls\altcp_tls_mbedtls_mem.c **** }
 196              		.loc 1 217 1 is_stmt 0 discriminator 2
 197 0038 17030000 		tail	__riscv_restore_0
 197      67000300 
 198              		.cfi_restore 1
 199              		.cfi_def_cfa_offset 0
 200              		.cfi_endproc
 201              	.LFE387:
 203              		.text
 204              	.Letext0:
 205              		.file 2 "c:\\users\\stapi\\onedrive\\desktop\\gd32vw553\\embeddedbuilder_v1.4.7.26843\\tools\\nucl
 206              		.file 3 "c:\\users\\stapi\\onedrive\\desktop\\gd32vw553\\embeddedbuilder_v1.4.7.26843\\tools\\nucl
 207              		.file 4 "c:\\users\\stapi\\onedrive\\desktop\\gd32vw553\\embeddedbuilder_v1.4.7.26843\\tools\\nucl
 208              		.file 5 "..\\..\\..\\..\\lwip\\lwip-2.1.2\\src\\include/lwip/arch.h"
 209              		.file 6 "..\\..\\..\\..\\lwip\\lwip-2.1.2\\src\\include/lwip/pbuf.h"
 210              		.file 7 "..\\..\\..\\..\\..\\ROM-EXPORT\\mbedtls-2.17.0-rom\\include/mbedtls/md.h"
 211              		.file 8 "..\\..\\..\\..\\..\\ROM-EXPORT\\mbedtls-2.17.0-rom\\include/mbedtls/bignum.h"
 212              		.file 9 "..\\..\\..\\..\\..\\ROM-EXPORT\\mbedtls-2.17.0-rom\\include/mbedtls/ecp.h"
 213              		.file 10 "..\\..\\..\\..\\..\\ROM-EXPORT\\mbedtls-2.17.0-rom\\include/mbedtls/pk.h"
 214              		.file 11 "..\\..\\..\\..\\..\\ROM-EXPORT\\mbedtls-2.17.0-rom\\include/mbedtls/asn1.h"
 215              		.file 12 "..\\..\\..\\..\\..\\ROM-EXPORT\\mbedtls-2.17.0-rom\\include/mbedtls/x509.h"
 216              		.file 13 "..\\..\\..\\..\\..\\ROM-EXPORT\\mbedtls-2.17.0-rom\\include/mbedtls/x509_crl.h"
 217              		.file 14 "..\\..\\..\\..\\..\\ROM-EXPORT\\mbedtls-2.17.0-rom\\include/mbedtls/x509_crt.h"
 218              		.file 15 "..\\..\\..\\..\\..\\ROM-EXPORT\\mbedtls-2.17.0-rom\\include/mbedtls/platform_time.h"
 219              		.file 16 "..\\..\\..\\..\\..\\ROM-EXPORT\\mbedtls-2.17.0-rom\\include/mbedtls/ssl.h"
 220              		.file 17 "C:/Users/stapi/OneDrive/Desktop/GD32VW553/V1_MQTT_OK/GD32VW55X_Wifi_BLE_SDK/GD32VW55x_RE
 221              		.file 18 "..\\..\\..\\..\\lwip\\lwip-2.1.2\\src\\include/lwip/mem.h"
 222              		.file 19 "c:\\users\\stapi\\onedrive\\desktop\\gd32vw553\\embeddedbuilder_v1.4.7.26843\\tools\\nuc
DEFINED SYMBOLS
                            *ABS*:0000000000000000 altcp_tls_mbedtls_mem.c
C:\Users\stapi\AppData\Local\Temp\ccxHMYAp.s:13     .text.altcp_mbedtls_mem_init:0000000000000000 altcp_mbedtls_mem_init
C:\Users\stapi\AppData\Local\Temp\ccxHMYAp.s:17     .text.altcp_mbedtls_mem_init:0000000000000000 .L0 
C:\Users\stapi\AppData\Local\Temp\ccxHMYAp.s:18     .text.altcp_mbedtls_mem_init:0000000000000000 .L0 
C:\Users\stapi\AppData\Local\Temp\ccxHMYAp.s:19     .text.altcp_mbedtls_mem_init:0000000000000000 .L0 
C:\Users\stapi\AppData\Local\Temp\ccxHMYAp.s:20     .text.altcp_mbedtls_mem_init:0000000000000002 .L0 
C:\Users\stapi\AppData\Local\Temp\ccxHMYAp.s:27     .text.altcp_mbedtls_alloc:0000000000000000 altcp_mbedtls_alloc
C:\Users\stapi\AppData\Local\Temp\ccxHMYAp.s:30     .text.altcp_mbedtls_alloc:0000000000000000 .L0 
C:\Users\stapi\AppData\Local\Temp\ccxHMYAp.s:32     .text.altcp_mbedtls_alloc:0000000000000000 .L0 
C:\Users\stapi\AppData\Local\Temp\ccxHMYAp.s:33     .text.altcp_mbedtls_alloc:0000000000000008 .L0 
C:\Users\stapi\AppData\Local\Temp\ccxHMYAp.s:34     .text.altcp_mbedtls_alloc:0000000000000008 .L0 
C:\Users\stapi\AppData\Local\Temp\ccxHMYAp.s:35     .text.altcp_mbedtls_alloc:0000000000000008 .L0 
C:\Users\stapi\AppData\Local\Temp\ccxHMYAp.s:37     .text.altcp_mbedtls_alloc:0000000000000008 .L0 
C:\Users\stapi\AppData\Local\Temp\ccxHMYAp.s:38     .text.altcp_mbedtls_alloc:0000000000000008 .L0 
C:\Users\stapi\AppData\Local\Temp\ccxHMYAp.s:40     .text.altcp_mbedtls_alloc:000000000000000a .L0 
C:\Users\stapi\AppData\Local\Temp\ccxHMYAp.s:46     .text.altcp_mbedtls_alloc:0000000000000018 .L0 
C:\Users\stapi\AppData\Local\Temp\ccxHMYAp.s:47     .text.altcp_mbedtls_alloc:0000000000000018 .L0 
C:\Users\stapi\AppData\Local\Temp\ccxHMYAp.s:49     .text.altcp_mbedtls_alloc:000000000000001a .L0 
C:\Users\stapi\AppData\Local\Temp\ccxHMYAp.s:50     .text.altcp_mbedtls_alloc:000000000000001a .L0 
C:\Users\stapi\AppData\Local\Temp\ccxHMYAp.s:53     .text.altcp_mbedtls_alloc:000000000000001c .L0 
C:\Users\stapi\AppData\Local\Temp\ccxHMYAp.s:54     .text.altcp_mbedtls_alloc:000000000000001c .L0 
C:\Users\stapi\AppData\Local\Temp\ccxHMYAp.s:55     .text.altcp_mbedtls_alloc:0000000000000024 .L0 
C:\Users\stapi\AppData\Local\Temp\ccxHMYAp.s:56     .text.altcp_mbedtls_alloc:0000000000000024 .L0 
C:\Users\stapi\AppData\Local\Temp\ccxHMYAp.s:57     .text.altcp_mbedtls_alloc:0000000000000024 .L0 
C:\Users\stapi\AppData\Local\Temp\ccxHMYAp.s:58     .text.altcp_mbedtls_alloc:0000000000000024 .L0 
C:\Users\stapi\AppData\Local\Temp\ccxHMYAp.s:75     .text.altcp_mbedtls_free:0000000000000000 altcp_mbedtls_free
C:\Users\stapi\AppData\Local\Temp\ccxHMYAp.s:78     .text.altcp_mbedtls_free:0000000000000000 .L0 
C:\Users\stapi\AppData\Local\Temp\ccxHMYAp.s:80     .text.altcp_mbedtls_free:0000000000000000 .L0 
C:\Users\stapi\AppData\Local\Temp\ccxHMYAp.s:81     .text.altcp_mbedtls_free:0000000000000008 .L0 
C:\Users\stapi\AppData\Local\Temp\ccxHMYAp.s:82     .text.altcp_mbedtls_free:0000000000000008 .L0 
C:\Users\stapi\AppData\Local\Temp\ccxHMYAp.s:84     .text.altcp_mbedtls_free:0000000000000008 .L0 
C:\Users\stapi\AppData\Local\Temp\ccxHMYAp.s:85     .text.altcp_mbedtls_free:0000000000000008 .L0 
C:\Users\stapi\AppData\Local\Temp\ccxHMYAp.s:86     .text.altcp_mbedtls_free:0000000000000008 .L0 
C:\Users\stapi\AppData\Local\Temp\ccxHMYAp.s:88     .text.altcp_mbedtls_free:000000000000000a .L0 
C:\Users\stapi\AppData\Local\Temp\ccxHMYAp.s:89     .text.altcp_mbedtls_free:000000000000000a .L0 
C:\Users\stapi\AppData\Local\Temp\ccxHMYAp.s:102    .text.altcp_mbedtls_free:000000000000002e .L0 
C:\Users\stapi\AppData\Local\Temp\ccxHMYAp.s:103    .text.altcp_mbedtls_free:000000000000002e .L0 
C:\Users\stapi\AppData\Local\Temp\ccxHMYAp.s:104    .text.altcp_mbedtls_free:000000000000002e .L0 
C:\Users\stapi\AppData\Local\Temp\ccxHMYAp.s:110    .text.altcp_mbedtls_free:0000000000000032 .L0 
C:\Users\stapi\AppData\Local\Temp\ccxHMYAp.s:111    .text.altcp_mbedtls_free:0000000000000032 .L0 
C:\Users\stapi\AppData\Local\Temp\ccxHMYAp.s:112    .text.altcp_mbedtls_free:0000000000000032 .L0 
C:\Users\stapi\AppData\Local\Temp\ccxHMYAp.s:115    .text.altcp_mbedtls_free:000000000000003a .L0 
C:\Users\stapi\AppData\Local\Temp\ccxHMYAp.s:116    .text.altcp_mbedtls_free:0000000000000042 .L0 
C:\Users\stapi\AppData\Local\Temp\ccxHMYAp.s:117    .text.altcp_mbedtls_free:0000000000000042 .L0 
C:\Users\stapi\AppData\Local\Temp\ccxHMYAp.s:118    .text.altcp_mbedtls_free:0000000000000042 .L0 
C:\Users\stapi\AppData\Local\Temp\ccxHMYAp.s:125    .text.altcp_mbedtls_alloc_config:0000000000000000 altcp_mbedtls_alloc_config
C:\Users\stapi\AppData\Local\Temp\ccxHMYAp.s:128    .text.altcp_mbedtls_alloc_config:0000000000000000 .L0 
C:\Users\stapi\AppData\Local\Temp\ccxHMYAp.s:130    .text.altcp_mbedtls_alloc_config:0000000000000000 .L0 
C:\Users\stapi\AppData\Local\Temp\ccxHMYAp.s:131    .text.altcp_mbedtls_alloc_config:0000000000000000 .L0 
C:\Users\stapi\AppData\Local\Temp\ccxHMYAp.s:132    .text.altcp_mbedtls_alloc_config:0000000000000000 .L0 
C:\Users\stapi\AppData\Local\Temp\ccxHMYAp.s:133    .text.altcp_mbedtls_alloc_config:0000000000000000 .L0 
C:\Users\stapi\AppData\Local\Temp\ccxHMYAp.s:134    .text.altcp_mbedtls_alloc_config:0000000000000000 .L0 
C:\Users\stapi\AppData\Local\Temp\ccxHMYAp.s:137    .text.altcp_mbedtls_alloc_config:0000000000000008 .L0 
C:\Users\stapi\AppData\Local\Temp\ccxHMYAp.s:138    .text.altcp_mbedtls_alloc_config:0000000000000008 .L0 
C:\Users\stapi\AppData\Local\Temp\ccxHMYAp.s:145    .text.altcp_mbedtls_alloc_config:0000000000000014 .L0 
C:\Users\stapi\AppData\Local\Temp\ccxHMYAp.s:146    .text.altcp_mbedtls_alloc_config:0000000000000014 .L0 
C:\Users\stapi\AppData\Local\Temp\ccxHMYAp.s:149    .text.altcp_mbedtls_alloc_config:0000000000000016 .L0 
C:\Users\stapi\AppData\Local\Temp\ccxHMYAp.s:150    .text.altcp_mbedtls_alloc_config:0000000000000018 .L0 
C:\Users\stapi\AppData\Local\Temp\ccxHMYAp.s:161    .text.altcp_mbedtls_free_config:0000000000000000 altcp_mbedtls_free_config
C:\Users\stapi\AppData\Local\Temp\ccxHMYAp.s:164    .text.altcp_mbedtls_free_config:0000000000000000 .L0 
C:\Users\stapi\AppData\Local\Temp\ccxHMYAp.s:166    .text.altcp_mbedtls_free_config:0000000000000000 .L0 
C:\Users\stapi\AppData\Local\Temp\ccxHMYAp.s:167    .text.altcp_mbedtls_free_config:0000000000000008 .L0 
C:\Users\stapi\AppData\Local\Temp\ccxHMYAp.s:168    .text.altcp_mbedtls_free_config:0000000000000008 .L0 
C:\Users\stapi\AppData\Local\Temp\ccxHMYAp.s:170    .text.altcp_mbedtls_free_config:0000000000000008 .L0 
C:\Users\stapi\AppData\Local\Temp\ccxHMYAp.s:171    .text.altcp_mbedtls_free_config:0000000000000008 .L0 
C:\Users\stapi\AppData\Local\Temp\ccxHMYAp.s:173    .text.altcp_mbedtls_free_config:000000000000000a .L0 
C:\Users\stapi\AppData\Local\Temp\ccxHMYAp.s:174    .text.altcp_mbedtls_free_config:000000000000000a .L0 
C:\Users\stapi\AppData\Local\Temp\ccxHMYAp.s:186    .text.altcp_mbedtls_free_config:000000000000002e .L0 
C:\Users\stapi\AppData\Local\Temp\ccxHMYAp.s:187    .text.altcp_mbedtls_free_config:000000000000002e .L0 
C:\Users\stapi\AppData\Local\Temp\ccxHMYAp.s:188    .text.altcp_mbedtls_free_config:000000000000002e .L0 
C:\Users\stapi\AppData\Local\Temp\ccxHMYAp.s:192    .text.altcp_mbedtls_free_config:0000000000000030 .L0 
C:\Users\stapi\AppData\Local\Temp\ccxHMYAp.s:193    .text.altcp_mbedtls_free_config:0000000000000030 .L0 
C:\Users\stapi\AppData\Local\Temp\ccxHMYAp.s:194    .text.altcp_mbedtls_free_config:0000000000000030 .L0 
C:\Users\stapi\AppData\Local\Temp\ccxHMYAp.s:197    .text.altcp_mbedtls_free_config:0000000000000038 .L0 
C:\Users\stapi\AppData\Local\Temp\ccxHMYAp.s:198    .text.altcp_mbedtls_free_config:0000000000000040 .L0 
C:\Users\stapi\AppData\Local\Temp\ccxHMYAp.s:199    .text.altcp_mbedtls_free_config:0000000000000040 .L0 
C:\Users\stapi\AppData\Local\Temp\ccxHMYAp.s:200    .text.altcp_mbedtls_free_config:0000000000000040 .L0 
C:\Users\stapi\AppData\Local\Temp\ccxHMYAp.s:23     .text.altcp_mbedtls_mem_init:0000000000000002 .L0 
C:\Users\stapi\AppData\Local\Temp\ccxHMYAp.s:61     .text.altcp_mbedtls_alloc:0000000000000024 .L0 
C:\Users\stapi\AppData\Local\Temp\ccxHMYAp.s:121    .text.altcp_mbedtls_free:0000000000000042 .L0 
C:\Users\stapi\AppData\Local\Temp\ccxHMYAp.s:153    .text.altcp_mbedtls_alloc_config:0000000000000018 .L0 
C:\Users\stapi\AppData\Local\Temp\ccxHMYAp.s:203    .text.altcp_mbedtls_free_config:0000000000000040 .L0 
                     .debug_frame:0000000000000000 .L0 
C:\Users\stapi\AppData\Local\Temp\ccxHMYAp.s:52     .text.altcp_mbedtls_alloc:000000000000001c .L2
C:\Users\stapi\AppData\Local\Temp\ccxHMYAp.s:63     .rodata.altcp_mbedtls_free.str1.4:0000000000000000 .LC0
C:\Users\stapi\AppData\Local\Temp\ccxHMYAp.s:66     .rodata.altcp_mbedtls_free.str1.4:00000000000000a8 .LC1
C:\Users\stapi\AppData\Local\Temp\ccxHMYAp.s:69     .rodata.altcp_mbedtls_free.str1.4:00000000000000b8 .LC2
C:\Users\stapi\AppData\Local\Temp\ccxHMYAp.s:106    .text.altcp_mbedtls_free:0000000000000030 .L9
C:\Users\stapi\AppData\Local\Temp\ccxHMYAp.s:100    .text.altcp_mbedtls_free:000000000000002e .L10
C:\Users\stapi\AppData\Local\Temp\ccxHMYAp.s:144    .text.altcp_mbedtls_alloc_config:0000000000000014 .L14
C:\Users\stapi\AppData\Local\Temp\ccxHMYAp.s:155    .rodata.altcp_mbedtls_free_config.str1.4:0000000000000000 .LC3
C:\Users\stapi\AppData\Local\Temp\ccxHMYAp.s:190    .text.altcp_mbedtls_free_config:0000000000000030 .L20
C:\Users\stapi\AppData\Local\Temp\ccxHMYAp.s:184    .text.altcp_mbedtls_free_config:000000000000002e .L21
C:\Users\stapi\AppData\Local\Temp\ccxHMYAp.s:3035   .debug_abbrev:0000000000000000 .Ldebug_abbrev0
C:\Users\stapi\AppData\Local\Temp\ccxHMYAp.s:4379   .debug_str:0000000000000f60 .LASF282
C:\Users\stapi\AppData\Local\Temp\ccxHMYAp.s:4061   .debug_str:00000000000006ac .LASF283
C:\Users\stapi\AppData\Local\Temp\ccxHMYAp.s:4057   .debug_str:000000000000061d .LASF284
C:\Users\stapi\AppData\Local\Temp\ccxHMYAp.s:3813   .debug_ranges:0000000000000000 .Ldebug_ranges0
C:\Users\stapi\AppData\Local\Temp\ccxHMYAp.s:3827   .debug_line:0000000000000000 .Ldebug_line0
C:\Users\stapi\AppData\Local\Temp\ccxHMYAp.s:4359   .debug_str:0000000000000ed6 .LASF0
C:\Users\stapi\AppData\Local\Temp\ccxHMYAp.s:4267   .debug_str:0000000000000c4f .LASF3
C:\Users\stapi\AppData\Local\Temp\ccxHMYAp.s:4321   .debug_str:0000000000000dcb .LASF1
C:\Users\stapi\AppData\Local\Temp\ccxHMYAp.s:4233   .debug_str:0000000000000b56 .LASF2
C:\Users\stapi\AppData\Local\Temp\ccxHMYAp.s:3989   .debug_str:0000000000000439 .LASF4
C:\Users\stapi\AppData\Local\Temp\ccxHMYAp.s:4367   .debug_str:0000000000000f18 .LASF5
C:\Users\stapi\AppData\Local\Temp\ccxHMYAp.s:4241   .debug_str:0000000000000b97 .LASF6
C:\Users\stapi\AppData\Local\Temp\ccxHMYAp.s:4211   .debug_str:0000000000000ac0 .LASF7
C:\Users\stapi\AppData\Local\Temp\ccxHMYAp.s:4293   .debug_str:0000000000000d20 .LASF8
C:\Users\stapi\AppData\Local\Temp\ccxHMYAp.s:4125   .debug_str:00000000000008d6 .LASF9
C:\Users\stapi\AppData\Local\Temp\ccxHMYAp.s:4053   .debug_str:0000000000000601 .LASF10
C:\Users\stapi\AppData\Local\Temp\ccxHMYAp.s:3971   .debug_str:0000000000000393 .LASF11
C:\Users\stapi\AppData\Local\Temp\ccxHMYAp.s:3867   .debug_str:00000000000000c7 .LASF12
C:\Users\stapi\AppData\Local\Temp\ccxHMYAp.s:4105   .debug_str:0000000000000863 .LASF13
C:\Users\stapi\AppData\Local\Temp\ccxHMYAp.s:4205   .debug_str:0000000000000aa9 .LASF14
C:\Users\stapi\AppData\Local\Temp\ccxHMYAp.s:3943   .debug_str:00000000000002d8 .LASF15
C:\Users\stapi\AppData\Local\Temp\ccxHMYAp.s:4343   .debug_str:0000000000000e67 .LASF16
C:\Users\stapi\AppData\Local\Temp\ccxHMYAp.s:4207   .debug_str:0000000000000ab2 .LASF17
C:\Users\stapi\AppData\Local\Temp\ccxHMYAp.s:4085   .debug_str:00000000000007dc .LASF18
C:\Users\stapi\AppData\Local\Temp\ccxHMYAp.s:4139   .debug_str:0000000000000921 .LASF19
C:\Users\stapi\AppData\Local\Temp\ccxHMYAp.s:3889   .debug_str:000000000000014f .LASF20
C:\Users\stapi\AppData\Local\Temp\ccxHMYAp.s:4041   .debug_str:00000000000005a3 .LASF39
C:\Users\stapi\AppData\Local\Temp\ccxHMYAp.s:3869   .debug_str:00000000000000d4 .LASF21
C:\Users\stapi\AppData\Local\Temp\ccxHMYAp.s:4029   .debug_str:000000000000054a .LASF22
C:\Users\stapi\AppData\Local\Temp\ccxHMYAp.s:4023   .debug_str:0000000000000523 .LASF23
C:\Users\stapi\AppData\Local\Temp\ccxHMYAp.s:4021   .debug_str:0000000000000515 .LASF24
C:\Users\stapi\AppData\Local\Temp\ccxHMYAp.s:3857   .debug_str:000000000000008e .LASF25
C:\Users\stapi\AppData\Local\Temp\ccxHMYAp.s:4209   .debug_str:0000000000000ab9 .LASF26
C:\Users\stapi\AppData\Local\Temp\ccxHMYAp.s:4147   .debug_str:0000000000000950 .LASF27
C:\Users\stapi\AppData\Local\Temp\ccxHMYAp.s:3855   .debug_str:000000000000007f .LASF28
C:\Users\stapi\AppData\Local\Temp\ccxHMYAp.s:4287   .debug_str:0000000000000cec .LASF29
C:\Users\stapi\AppData\Local\Temp\ccxHMYAp.s:4289   .debug_str:0000000000000cfb .LASF30
C:\Users\stapi\AppData\Local\Temp\ccxHMYAp.s:4279   .debug_str:0000000000000ca0 .LASF31
C:\Users\stapi\AppData\Local\Temp\ccxHMYAp.s:3907   .debug_str:00000000000001be .LASF32
C:\Users\stapi\AppData\Local\Temp\ccxHMYAp.s:4035   .debug_str:0000000000000570 .LASF33
C:\Users\stapi\AppData\Local\Temp\ccxHMYAp.s:4373   .debug_str:0000000000000f3c .LASF34
C:\Users\stapi\AppData\Local\Temp\ccxHMYAp.s:3977   .debug_str:00000000000003ce .LASF35
C:\Users\stapi\AppData\Local\Temp\ccxHMYAp.s:4363   .debug_str:0000000000000eee .LASF36
C:\Users\stapi\AppData\Local\Temp\ccxHMYAp.s:3861   .debug_str:00000000000000a4 .LASF37
C:\Users\stapi\AppData\Local\Temp\ccxHMYAp.s:4013   .debug_str:00000000000004e1 .LASF38
C:\Users\stapi\AppData\Local\Temp\ccxHMYAp.s:4361   .debug_str:0000000000000ee2 .LASF40
C:\Users\stapi\AppData\Local\Temp\ccxHMYAp.s:4225   .debug_str:0000000000000b16 .LASF41
C:\Users\stapi\AppData\Local\Temp\ccxHMYAp.s:3973   .debug_str:00000000000003aa .LASF42
C:\Users\stapi\AppData\Local\Temp\ccxHMYAp.s:4281   .debug_str:0000000000000cb0 .LASF43
C:\Users\stapi\AppData\Local\Temp\ccxHMYAp.s:4235   .debug_str:0000000000000b60 .LASF44
C:\Users\stapi\AppData\Local\Temp\ccxHMYAp.s:3987   .debug_str:0000000000000420 .LASF45
C:\Users\stapi\AppData\Local\Temp\ccxHMYAp.s:4119   .debug_str:000000000000089e .LASF46
C:\Users\stapi\AppData\Local\Temp\ccxHMYAp.s:4245   .debug_str:0000000000000bab .LASF47
C:\Users\stapi\AppData\Local\Temp\ccxHMYAp.s:3995   .debug_str:000000000000045b .LASF48
C:\Users\stapi\AppData\Local\Temp\ccxHMYAp.s:3875   .debug_str:00000000000000ec .LASF49
C:\Users\stapi\AppData\Local\Temp\ccxHMYAp.s:3931   .debug_str:0000000000000274 .LASF50
C:\Users\stapi\AppData\Local\Temp\ccxHMYAp.s:4001   .debug_str:000000000000048b .LASF51
C:\Users\stapi\AppData\Local\Temp\ccxHMYAp.s:4329   .debug_str:0000000000000df1 .LASF52
C:\Users\stapi\AppData\Local\Temp\ccxHMYAp.s:3957   .debug_str:000000000000032d .LASF53
C:\Users\stapi\AppData\Local\Temp\ccxHMYAp.s:4037   .debug_str:0000000000000582 .LASF54
C:\Users\stapi\AppData\Local\Temp\ccxHMYAp.s:4365   .debug_str:0000000000000f03 .LASF55
C:\Users\stapi\AppData\Local\Temp\ccxHMYAp.s:4065   .debug_str:0000000000000762 .LASF56
C:\Users\stapi\AppData\Local\Temp\ccxHMYAp.s:3905   .debug_str:00000000000001af .LASF57
C:\Users\stapi\AppData\Local\Temp\ccxHMYAp.s:3979   .debug_str:00000000000003e0 .LASF58
C:\Users\stapi\AppData\Local\Temp\ccxHMYAp.s:3841   .debug_str:0000000000000035 .LASF59
C:\Users\stapi\AppData\Local\Temp\ccxHMYAp.s:4063   .debug_str:0000000000000751 .LASF60
C:\Users\stapi\AppData\Local\Temp\ccxHMYAp.s:3997   .debug_str:0000000000000472 .LASF61
C:\Users\stapi\AppData\Local\Temp\ccxHMYAp.s:4161   .debug_str:00000000000009b6 .LASF62
C:\Users\stapi\AppData\Local\Temp\ccxHMYAp.s:4345   .debug_str:0000000000000e70 .LASF63
C:\Users\stapi\AppData\Local\Temp\ccxHMYAp.s:4045   .debug_str:00000000000005b8 .LASF64
C:\Users\stapi\AppData\Local\Temp\ccxHMYAp.s:4103   .debug_str:0000000000000851 .LASF65
C:\Users\stapi\AppData\Local\Temp\ccxHMYAp.s:4283   .debug_str:0000000000000cc9 .LASF66
C:\Users\stapi\AppData\Local\Temp\ccxHMYAp.s:3963   .debug_str:0000000000000361 .LASF67
C:\Users\stapi\AppData\Local\Temp\ccxHMYAp.s:4231   .debug_str:0000000000000b4e .LASF68
C:\Users\stapi\AppData\Local\Temp\ccxHMYAp.s:4319   .debug_str:0000000000000dc4 .LASF69
C:\Users\stapi\AppData\Local\Temp\ccxHMYAp.s:4249   .debug_str:0000000000000bca .LASF70
C:\Users\stapi\AppData\Local\Temp\ccxHMYAp.s:4269   .debug_str:0000000000000c59 .LASF71
C:\Users\stapi\AppData\Local\Temp\ccxHMYAp.s:4341   .debug_str:0000000000000e4f .LASF72
C:\Users\stapi\AppData\Local\Temp\ccxHMYAp.s:4033   .debug_str:0000000000000564 .LASF73
C:\Users\stapi\AppData\Local\Temp\ccxHMYAp.s:3941   .debug_str:00000000000002c7 .LASF74
C:\Users\stapi\AppData\Local\Temp\ccxHMYAp.s:4121   .debug_str:00000000000008b7 .LASF75
C:\Users\stapi\AppData\Local\Temp\ccxHMYAp.s:3887   .debug_str:0000000000000139 .LASF76
C:\Users\stapi\AppData\Local\Temp\ccxHMYAp.s:3901   .debug_str:000000000000018e .LASF77
C:\Users\stapi\AppData\Local\Temp\ccxHMYAp.s:4305   .debug_str:0000000000000d74 .LASF78
C:\Users\stapi\AppData\Local\Temp\ccxHMYAp.s:4069   .debug_str:000000000000077f .LASF79
C:\Users\stapi\AppData\Local\Temp\ccxHMYAp.s:3891   .debug_str:0000000000000155 .LASF80
C:\Users\stapi\AppData\Local\Temp\ccxHMYAp.s:4309   .debug_str:0000000000000d8a .LASF81
C:\Users\stapi\AppData\Local\Temp\ccxHMYAp.s:4009   .debug_str:00000000000004c5 .LASF82
C:\Users\stapi\AppData\Local\Temp\ccxHMYAp.s:4003   .debug_str:00000000000004a4 .LASF83
C:\Users\stapi\AppData\Local\Temp\ccxHMYAp.s:4077   .debug_str:00000000000007a9 .LASF84
C:\Users\stapi\AppData\Local\Temp\ccxHMYAp.s:3871   .debug_str:00000000000000d9 .LASF85
C:\Users\stapi\AppData\Local\Temp\ccxHMYAp.s:3893   .debug_str:000000000000016c .LASF86
C:\Users\stapi\AppData\Local\Temp\ccxHMYAp.s:4273   .debug_str:0000000000000c75 .LASF87
C:\Users\stapi\AppData\Local\Temp\ccxHMYAp.s:4111   .debug_str:0000000000000880 .LASF88
C:\Users\stapi\AppData\Local\Temp\ccxHMYAp.s:4337   .debug_str:0000000000000e37 .LASF89
C:\Users\stapi\AppData\Local\Temp\ccxHMYAp.s:4327   .debug_str:0000000000000de5 .LASF90
C:\Users\stapi\AppData\Local\Temp\ccxHMYAp.s:4115   .debug_str:000000000000088f .LASF91
C:\Users\stapi\AppData\Local\Temp\ccxHMYAp.s:4357   .debug_str:0000000000000ece .LASF92
C:\Users\stapi\AppData\Local\Temp\ccxHMYAp.s:4017   .debug_str:0000000000000505 .LASF93
C:\Users\stapi\AppData\Local\Temp\ccxHMYAp.s:4257   .debug_str:0000000000000c09 .LASF94
C:\Users\stapi\AppData\Local\Temp\ccxHMYAp.s:3879   .debug_str:0000000000000117 .LASF95
C:\Users\stapi\AppData\Local\Temp\ccxHMYAp.s:3947   .debug_str:00000000000002f2 .LASF96
C:\Users\stapi\AppData\Local\Temp\ccxHMYAp.s:4083   .debug_str:00000000000007cb .LASF97
C:\Users\stapi\AppData\Local\Temp\ccxHMYAp.s:3919   .debug_str:000000000000021a .LASF98
C:\Users\stapi\AppData\Local\Temp\ccxHMYAp.s:4155   .debug_str:0000000000000985 .LASF99
C:\Users\stapi\AppData\Local\Temp\ccxHMYAp.s:3881   .debug_str:000000000000011e .LASF100
C:\Users\stapi\AppData\Local\Temp\ccxHMYAp.s:4239   .debug_str:0000000000000b8c .LASF101
C:\Users\stapi\AppData\Local\Temp\ccxHMYAp.s:3955   .debug_str:0000000000000324 .LASF102
C:\Users\stapi\AppData\Local\Temp\ccxHMYAp.s:4145   .debug_str:0000000000000949 .LASF103
C:\Users\stapi\AppData\Local\Temp\ccxHMYAp.s:4051   .debug_str:00000000000005f7 .LASF104
C:\Users\stapi\AppData\Local\Temp\ccxHMYAp.s:3845   .debug_str:0000000000000051 .LASF105
C:\Users\stapi\AppData\Local\Temp\ccxHMYAp.s:3833   .debug_str:0000000000000011 .LASF106
C:\Users\stapi\AppData\Local\Temp\ccxHMYAp.s:4091   .debug_str:00000000000007fa .LASF107
C:\Users\stapi\AppData\Local\Temp\ccxHMYAp.s:4007   .debug_str:00000000000004bb .LASF108
C:\Users\stapi\AppData\Local\Temp\ccxHMYAp.s:3839   .debug_str:000000000000002b .LASF109
C:\Users\stapi\AppData\Local\Temp\ccxHMYAp.s:3965   .debug_str:0000000000000374 .LASF110
C:\Users\stapi\AppData\Local\Temp\ccxHMYAp.s:3993   .debug_str:0000000000000451 .LASF111
C:\Users\stapi\AppData\Local\Temp\ccxHMYAp.s:3837   .debug_str:000000000000001d .LASF112
C:\Users\stapi\AppData\Local\Temp\ccxHMYAp.s:4123   .debug_str:00000000000008c9 .LASF113
C:\Users\stapi\AppData\Local\Temp\ccxHMYAp.s:4143   .debug_str:0000000000000930 .LASF114
C:\Users\stapi\AppData\Local\Temp\ccxHMYAp.s:4025   .debug_str:000000000000052b .LASF115
C:\Users\stapi\AppData\Local\Temp\ccxHMYAp.s:4071   .debug_str:0000000000000784 .LASF116
C:\Users\stapi\AppData\Local\Temp\ccxHMYAp.s:4157   .debug_str:0000000000000991 .LASF117
C:\Users\stapi\AppData\Local\Temp\ccxHMYAp.s:4317   .debug_str:0000000000000db5 .LASF118
C:\Users\stapi\AppData\Local\Temp\ccxHMYAp.s:3903   .debug_str:00000000000001a0 .LASF119
C:\Users\stapi\AppData\Local\Temp\ccxHMYAp.s:4251   .debug_str:0000000000000bdb .LASF120
C:\Users\stapi\AppData\Local\Temp\ccxHMYAp.s:3985   .debug_str:000000000000040d .LASF121
C:\Users\stapi\AppData\Local\Temp\ccxHMYAp.s:4049   .debug_str:00000000000005dc .LASF122
C:\Users\stapi\AppData\Local\Temp\ccxHMYAp.s:3921   .debug_str:0000000000000225 .LASF123
C:\Users\stapi\AppData\Local\Temp\ccxHMYAp.s:4303   .debug_str:0000000000000d5c .LASF124
C:\Users\stapi\AppData\Local\Temp\ccxHMYAp.s:3915   .debug_str:0000000000000200 .LASF125
C:\Users\stapi\AppData\Local\Temp\ccxHMYAp.s:4271   .debug_str:0000000000000c6f .LASF126
C:\Users\stapi\AppData\Local\Temp\ccxHMYAp.s:4011   .debug_str:00000000000004d5 .LASF127
C:\Users\stapi\AppData\Local\Temp\ccxHMYAp.s:4351   .debug_str:0000000000000eac .LASF128
C:\Users\stapi\AppData\Local\Temp\ccxHMYAp.s:4183   .debug_str:0000000000000a28 .LASF129
C:\Users\stapi\AppData\Local\Temp\ccxHMYAp.s:4299   .debug_str:0000000000000d4a .LASF130
C:\Users\stapi\AppData\Local\Temp\ccxHMYAp.s:4055   .debug_str:000000000000060c .LASF131
C:\Users\stapi\AppData\Local\Temp\ccxHMYAp.s:4223   .debug_str:0000000000000b01 .LASF132
C:\Users\stapi\AppData\Local\Temp\ccxHMYAp.s:4291   .debug_str:0000000000000d0a .LASF133
C:\Users\stapi\AppData\Local\Temp\ccxHMYAp.s:3911   .debug_str:00000000000001d9 .LASF134
C:\Users\stapi\AppData\Local\Temp\ccxHMYAp.s:4109   .debug_str:0000000000000879 .LASF135
C:\Users\stapi\AppData\Local\Temp\ccxHMYAp.s:4201   .debug_str:0000000000000a89 .LASF136
C:\Users\stapi\AppData\Local\Temp\ccxHMYAp.s:3937   .debug_str:00000000000002a8 .LASF137
C:\Users\stapi\AppData\Local\Temp\ccxHMYAp.s:3851   .debug_str:000000000000006c .LASF138
C:\Users\stapi\AppData\Local\Temp\ccxHMYAp.s:4301   .debug_str:0000000000000d51 .LASF139
C:\Users\stapi\AppData\Local\Temp\ccxHMYAp.s:4047   .debug_str:00000000000005cb .LASF140
C:\Users\stapi\AppData\Local\Temp\ccxHMYAp.s:4199   .debug_str:0000000000000a75 .LASF141
C:\Users\stapi\AppData\Local\Temp\ccxHMYAp.s:3835   .debug_str:0000000000000018 .LASF142
C:\Users\stapi\AppData\Local\Temp\ccxHMYAp.s:4311   .debug_str:0000000000000d91 .LASF143
C:\Users\stapi\AppData\Local\Temp\ccxHMYAp.s:4265   .debug_str:0000000000000c41 .LASF144
C:\Users\stapi\AppData\Local\Temp\ccxHMYAp.s:3877   .debug_str:0000000000000103 .LASF145
C:\Users\stapi\AppData\Local\Temp\ccxHMYAp.s:4081   .debug_str:00000000000007c1 .LASF146
C:\Users\stapi\AppData\Local\Temp\ccxHMYAp.s:4163   .debug_str:00000000000009cc .LASF147
C:\Users\stapi\AppData\Local\Temp\ccxHMYAp.s:3959   .debug_str:0000000000000346 .LASF148
C:\Users\stapi\AppData\Local\Temp\ccxHMYAp.s:4333   .debug_str:0000000000000e1f .LASF149
C:\Users\stapi\AppData\Local\Temp\ccxHMYAp.s:4179   .debug_str:0000000000000a14 .LASF150
C:\Users\stapi\AppData\Local\Temp\ccxHMYAp.s:3939   .debug_str:00000000000002b8 .LASF151
C:\Users\stapi\AppData\Local\Temp\ccxHMYAp.s:4185   .debug_str:0000000000000a2f .LASF152
C:\Users\stapi\AppData\Local\Temp\ccxHMYAp.s:4075   .debug_str:000000000000079e .LASF153
C:\Users\stapi\AppData\Local\Temp\ccxHMYAp.s:4339   .debug_str:0000000000000e43 .LASF154
C:\Users\stapi\AppData\Local\Temp\ccxHMYAp.s:3843   .debug_str:0000000000000049 .LASF155
C:\Users\stapi\AppData\Local\Temp\ccxHMYAp.s:4031   .debug_str:0000000000000552 .LASF156
C:\Users\stapi\AppData\Local\Temp\ccxHMYAp.s:4141   .debug_str:0000000000000926 .LASF157
C:\Users\stapi\AppData\Local\Temp\ccxHMYAp.s:4005   .debug_str:00000000000004ae .LASF158
C:\Users\stapi\AppData\Local\Temp\ccxHMYAp.s:4107   .debug_str:000000000000086b .LASF159
C:\Users\stapi\AppData\Local\Temp\ccxHMYAp.s:4259   .debug_str:0000000000000c10 .LASF160
C:\Users\stapi\AppData\Local\Temp\ccxHMYAp.s:4275   .debug_str:0000000000000c80 .LASF161
C:\Users\stapi\AppData\Local\Temp\ccxHMYAp.s:4153   .debug_str:000000000000097d .LASF162
C:\Users\stapi\AppData\Local\Temp\ccxHMYAp.s:4217   .debug_str:0000000000000ad9 .LASF163
C:\Users\stapi\AppData\Local\Temp\ccxHMYAp.s:3951   .debug_str:0000000000000309 .LASF164
C:\Users\stapi\AppData\Local\Temp\ccxHMYAp.s:3929   .debug_str:000000000000026d .LASF165
C:\Users\stapi\AppData\Local\Temp\ccxHMYAp.s:4135   .debug_str:000000000000090f .LASF166
C:\Users\stapi\AppData\Local\Temp\ccxHMYAp.s:4101   .debug_str:000000000000084a .LASF167
C:\Users\stapi\AppData\Local\Temp\ccxHMYAp.s:3885   .debug_str:0000000000000132 .LASF168
C:\Users\stapi\AppData\Local\Temp\ccxHMYAp.s:4191   .debug_str:0000000000000a45 .LASF169
C:\Users\stapi\AppData\Local\Temp\ccxHMYAp.s:3899   .debug_str:0000000000000187 .LASF170
C:\Users\stapi\AppData\Local\Temp\ccxHMYAp.s:4313   .debug_str:0000000000000d97 .LASF171
C:\Users\stapi\AppData\Local\Temp\ccxHMYAp.s:3895   .debug_str:0000000000000174 .LASF172
C:\Users\stapi\AppData\Local\Temp\ccxHMYAp.s:4377   .debug_str:0000000000000f56 .LASF173
C:\Users\stapi\AppData\Local\Temp\ccxHMYAp.s:4247   .debug_str:0000000000000bc2 .LASF174
C:\Users\stapi\AppData\Local\Temp\ccxHMYAp.s:4097   .debug_str:0000000000000831 .LASF175
C:\Users\stapi\AppData\Local\Temp\ccxHMYAp.s:4133   .debug_str:00000000000008fc .LASF176
C:\Users\stapi\AppData\Local\Temp\ccxHMYAp.s:4073   .debug_str:0000000000000790 .LASF177
C:\Users\stapi\AppData\Local\Temp\ccxHMYAp.s:3853   .debug_str:0000000000000075 .LASF178
C:\Users\stapi\AppData\Local\Temp\ccxHMYAp.s:3863   .debug_str:00000000000000b6 .LASF179
C:\Users\stapi\AppData\Local\Temp\ccxHMYAp.s:4375   .debug_str:0000000000000f4e .LASF180
C:\Users\stapi\AppData\Local\Temp\ccxHMYAp.s:4203   .debug_str:0000000000000a94 .LASF181
C:\Users\stapi\AppData\Local\Temp\ccxHMYAp.s:3913   .debug_str:00000000000001e7 .LASF182
C:\Users\stapi\AppData\Local\Temp\ccxHMYAp.s:3829   .debug_str:0000000000000000 .LASF183
C:\Users\stapi\AppData\Local\Temp\ccxHMYAp.s:4149   .debug_str:0000000000000960 .LASF184
C:\Users\stapi\AppData\Local\Temp\ccxHMYAp.s:4113   .debug_str:0000000000000887 .LASF185
C:\Users\stapi\AppData\Local\Temp\ccxHMYAp.s:3897   .debug_str:000000000000017f .LASF186
C:\Users\stapi\AppData\Local\Temp\ccxHMYAp.s:4129   .debug_str:00000000000008eb .LASF187
C:\Users\stapi\AppData\Local\Temp\ccxHMYAp.s:4093   .debug_str:000000000000080c .LASF188
C:\Users\stapi\AppData\Local\Temp\ccxHMYAp.s:4381   .debug_str:0000000000001059 .LASF189
C:\Users\stapi\AppData\Local\Temp\ccxHMYAp.s:3873   .debug_str:00000000000000e1 .LASF190
C:\Users\stapi\AppData\Local\Temp\ccxHMYAp.s:4039   .debug_str:000000000000059a .LASF191
C:\Users\stapi\AppData\Local\Temp\ccxHMYAp.s:4175   .debug_str:0000000000000a02 .LASF192
C:\Users\stapi\AppData\Local\Temp\ccxHMYAp.s:4243   .debug_str:0000000000000ba0 .LASF193
C:\Users\stapi\AppData\Local\Temp\ccxHMYAp.s:4193   .debug_str:0000000000000a4b .LASF194
C:\Users\stapi\AppData\Local\Temp\ccxHMYAp.s:4117   .debug_str:0000000000000895 .LASF195
C:\Users\stapi\AppData\Local\Temp\ccxHMYAp.s:4277   .debug_str:0000000000000c94 .LASF196
C:\Users\stapi\AppData\Local\Temp\ccxHMYAp.s:3847   .debug_str:000000000000005c .LASF197
C:\Users\stapi\AppData\Local\Temp\ccxHMYAp.s:4369   .debug_str:0000000000000f2b .LASF198
C:\Users\stapi\AppData\Local\Temp\ccxHMYAp.s:4229   .debug_str:0000000000000b39 .LASF199
C:\Users\stapi\AppData\Local\Temp\ccxHMYAp.s:4099   .debug_str:000000000000083a .LASF200
C:\Users\stapi\AppData\Local\Temp\ccxHMYAp.s:4043   .debug_str:00000000000005a8 .LASF201
C:\Users\stapi\AppData\Local\Temp\ccxHMYAp.s:4335   .debug_str:0000000000000e26 .LASF202
C:\Users\stapi\AppData\Local\Temp\ccxHMYAp.s:4387   .debug_str:000000000000107c .LASF203
C:\Users\stapi\AppData\Local\Temp\ccxHMYAp.s:4285   .debug_str:0000000000000cdb .LASF204
C:\Users\stapi\AppData\Local\Temp\ccxHMYAp.s:4171   .debug_str:00000000000009ee .LASF205
C:\Users\stapi\AppData\Local\Temp\ccxHMYAp.s:4371   .debug_str:0000000000000f36 .LASF206
C:\Users\stapi\AppData\Local\Temp\ccxHMYAp.s:4059   .debug_str:00000000000006a6 .LASF207
C:\Users\stapi\AppData\Local\Temp\ccxHMYAp.s:3981   .debug_str:00000000000003f1 .LASF208
C:\Users\stapi\AppData\Local\Temp\ccxHMYAp.s:4263   .debug_str:0000000000000c35 .LASF209
C:\Users\stapi\AppData\Local\Temp\ccxHMYAp.s:3933   .debug_str:000000000000028e .LASF210
C:\Users\stapi\AppData\Local\Temp\ccxHMYAp.s:3865   .debug_str:00000000000000bf .LASF211
C:\Users\stapi\AppData\Local\Temp\ccxHMYAp.s:3917   .debug_str:0000000000000214 .LASF212
C:\Users\stapi\AppData\Local\Temp\ccxHMYAp.s:4177   .debug_str:0000000000000a0e .LASF213
C:\Users\stapi\AppData\Local\Temp\ccxHMYAp.s:3969   .debug_str:000000000000038c .LASF214
C:\Users\stapi\AppData\Local\Temp\ccxHMYAp.s:4019   .debug_str:000000000000050e .LASF215
C:\Users\stapi\AppData\Local\Temp\ccxHMYAp.s:3999   .debug_str:0000000000000485 .LASF216
C:\Users\stapi\AppData\Local\Temp\ccxHMYAp.s:4323   .debug_str:0000000000000dd9 .LASF217
C:\Users\stapi\AppData\Local\Temp\ccxHMYAp.s:4227   .debug_str:0000000000000b2a .LASF218
C:\Users\stapi\AppData\Local\Temp\ccxHMYAp.s:3923   .debug_str:000000000000023d .LASF219
C:\Users\stapi\AppData\Local\Temp\ccxHMYAp.s:4297   .debug_str:0000000000000d41 .LASF220
C:\Users\stapi\AppData\Local\Temp\ccxHMYAp.s:4221   .debug_str:0000000000000af2 .LASF221
C:\Users\stapi\AppData\Local\Temp\ccxHMYAp.s:4295   .debug_str:0000000000000d32 .LASF222
C:\Users\stapi\AppData\Local\Temp\ccxHMYAp.s:3849   .debug_str:0000000000000063 .LASF223
C:\Users\stapi\AppData\Local\Temp\ccxHMYAp.s:4389   .debug_str:000000000000108f .LASF224
C:\Users\stapi\AppData\Local\Temp\ccxHMYAp.s:4383   .debug_str:0000000000001065 .LASF225
C:\Users\stapi\AppData\Local\Temp\ccxHMYAp.s:4219   .debug_str:0000000000000ae5 .LASF226
C:\Users\stapi\AppData\Local\Temp\ccxHMYAp.s:4187   .debug_str:0000000000000a35 .LASF227
C:\Users\stapi\AppData\Local\Temp\ccxHMYAp.s:4397   .debug_str:00000000000010d4 .LASF228
C:\Users\stapi\AppData\Local\Temp\ccxHMYAp.s:4189   .debug_str:0000000000000a3e .LASF229
C:\Users\stapi\AppData\Local\Temp\ccxHMYAp.s:4137   .debug_str:0000000000000916 .LASF230
C:\Users\stapi\AppData\Local\Temp\ccxHMYAp.s:3927   .debug_str:0000000000000262 .LASF231
C:\Users\stapi\AppData\Local\Temp\ccxHMYAp.s:4213   .debug_str:0000000000000acb .LASF232
C:\Users\stapi\AppData\Local\Temp\ccxHMYAp.s:4325   .debug_str:0000000000000ddf .LASF233
C:\Users\stapi\AppData\Local\Temp\ccxHMYAp.s:4215   .debug_str:0000000000000ad1 .LASF234
C:\Users\stapi\AppData\Local\Temp\ccxHMYAp.s:4067   .debug_str:0000000000000772 .LASF235
C:\Users\stapi\AppData\Local\Temp\ccxHMYAp.s:3945   .debug_str:00000000000002e1 .LASF236
C:\Users\stapi\AppData\Local\Temp\ccxHMYAp.s:4195   .debug_str:0000000000000a57 .LASF237
C:\Users\stapi\AppData\Local\Temp\ccxHMYAp.s:3991   .debug_str:0000000000000444 .LASF238
C:\Users\stapi\AppData\Local\Temp\ccxHMYAp.s:3961   .debug_str:0000000000000352 .LASF239
C:\Users\stapi\AppData\Local\Temp\ccxHMYAp.s:3953   .debug_str:0000000000000315 .LASF240
C:\Users\stapi\AppData\Local\Temp\ccxHMYAp.s:4237   .debug_str:0000000000000b79 .LASF241
C:\Users\stapi\AppData\Local\Temp\ccxHMYAp.s:3949   .debug_str:00000000000002fb .LASF242
C:\Users\stapi\AppData\Local\Temp\ccxHMYAp.s:4355   .debug_str:0000000000000ec1 .LASF243
C:\Users\stapi\AppData\Local\Temp\ccxHMYAp.s:4347   .debug_str:0000000000000e82 .LASF244
C:\Users\stapi\AppData\Local\Temp\ccxHMYAp.s:4087   .debug_str:00000000000007e1 .LASF245
C:\Users\stapi\AppData\Local\Temp\ccxHMYAp.s:4169   .debug_str:00000000000009e0 .LASF246
C:\Users\stapi\AppData\Local\Temp\ccxHMYAp.s:4391   .debug_str:000000000000109d .LASF247
C:\Users\stapi\AppData\Local\Temp\ccxHMYAp.s:3935   .debug_str:000000000000029a .LASF248
C:\Users\stapi\AppData\Local\Temp\ccxHMYAp.s:4385   .debug_str:0000000000001073 .LASF249
C:\Users\stapi\AppData\Local\Temp\ccxHMYAp.s:4131   .debug_str:00000000000008f2 .LASF250
C:\Users\stapi\AppData\Local\Temp\ccxHMYAp.s:3909   .debug_str:00000000000001d0 .LASF251
C:\Users\stapi\AppData\Local\Temp\ccxHMYAp.s:4349   .debug_str:0000000000000e91 .LASF252
C:\Users\stapi\AppData\Local\Temp\ccxHMYAp.s:4173   .debug_str:00000000000009f4 .LASF253
C:\Users\stapi\AppData\Local\Temp\ccxHMYAp.s:3883   .debug_str:0000000000000126 .LASF254
C:\Users\stapi\AppData\Local\Temp\ccxHMYAp.s:3967   .debug_str:0000000000000380 .LASF255
C:\Users\stapi\AppData\Local\Temp\ccxHMYAp.s:4331   .debug_str:0000000000000e0a .LASF256
C:\Users\stapi\AppData\Local\Temp\ccxHMYAp.s:4315   .debug_str:0000000000000d9f .LASF257
C:\Users\stapi\AppData\Local\Temp\ccxHMYAp.s:3859   .debug_str:0000000000000094 .LASF258
C:\Users\stapi\AppData\Local\Temp\ccxHMYAp.s:4353   .debug_str:0000000000000eb8 .LASF259
C:\Users\stapi\AppData\Local\Temp\ccxHMYAp.s:4307   .debug_str:0000000000000d79 .LASF260
C:\Users\stapi\AppData\Local\Temp\ccxHMYAp.s:3925   .debug_str:000000000000024c .LASF261
C:\Users\stapi\AppData\Local\Temp\ccxHMYAp.s:4095   .debug_str:0000000000000814 .LASF262
C:\Users\stapi\AppData\Local\Temp\ccxHMYAp.s:4151   .debug_str:0000000000000968 .LASF263
C:\Users\stapi\AppData\Local\Temp\ccxHMYAp.s:4159   .debug_str:00000000000009a0 .LASF264
C:\Users\stapi\AppData\Local\Temp\ccxHMYAp.s:4253   .debug_str:0000000000000bee .LASF265
C:\Users\stapi\AppData\Local\Temp\ccxHMYAp.s:4079   .debug_str:00000000000007ba .LASF266
C:\Users\stapi\AppData\Local\Temp\ccxHMYAp.s:4015   .debug_str:00000000000004f2 .LASF267
C:\Users\stapi\AppData\Local\Temp\ccxHMYAp.s:4393   .debug_str:00000000000010ab .LASF268
C:\Users\stapi\AppData\Local\Temp\ccxHMYAp.s:4255   .debug_str:0000000000000bfa .LASF269
C:\Users\stapi\AppData\Local\Temp\ccxHMYAp.s:3983   .debug_str:00000000000003f7 .LASF270
C:\Users\stapi\AppData\Local\Temp\ccxHMYAp.s:4089   .debug_str:00000000000007ef .LASF271
C:\Users\stapi\AppData\Local\Temp\ccxHMYAp.s:4395   .debug_str:00000000000010ba .LASF274
C:\Users\stapi\AppData\Local\Temp\ccxHMYAp.s:162    .text.altcp_mbedtls_free_config:0000000000000000 .LFB387
C:\Users\stapi\AppData\Local\Temp\ccxHMYAp.s:201    .text.altcp_mbedtls_free_config:0000000000000040 .LFE387
C:\Users\stapi\AppData\Local\Temp\ccxHMYAp.s:4167   .debug_str:00000000000009db .LASF272
C:\Users\stapi\AppData\Local\Temp\ccxHMYAp.s:3640   .debug_loc:0000000000000000 .LLST5
C:\Users\stapi\AppData\Local\Temp\ccxHMYAp.s:183    .text.altcp_mbedtls_free_config:000000000000002e .LVL16
C:\Users\stapi\AppData\Local\Temp\ccxHMYAp.s:195    .text.altcp_mbedtls_free_config:0000000000000038 .LVL18
C:\Users\stapi\AppData\Local\Temp\ccxHMYAp.s:4261   .debug_str:0000000000000c1a .LASF276
C:\Users\stapi\AppData\Local\Temp\ccxHMYAp.s:126    .text.altcp_mbedtls_alloc_config:0000000000000000 .LFB386
C:\Users\stapi\AppData\Local\Temp\ccxHMYAp.s:151    .text.altcp_mbedtls_alloc_config:0000000000000018 .LFE386
C:\Users\stapi\AppData\Local\Temp\ccxHMYAp.s:4165   .debug_str:00000000000009d6 .LASF273
C:\Users\stapi\AppData\Local\Temp\ccxHMYAp.s:3665   .debug_loc:000000000000003a .LLST3
C:\Users\stapi\AppData\Local\Temp\ccxHMYAp.s:4181   .debug_str:0000000000000a1b .LASF278
C:\Users\stapi\AppData\Local\Temp\ccxHMYAp.s:3690   .debug_loc:0000000000000074 .LLST4
C:\Users\stapi\AppData\Local\Temp\ccxHMYAp.s:142    .text.altcp_mbedtls_alloc_config:0000000000000014 .LVL12
C:\Users\stapi\AppData\Local\Temp\ccxHMYAp.s:4027   .debug_str:0000000000000537 .LASF275
C:\Users\stapi\AppData\Local\Temp\ccxHMYAp.s:76     .text.altcp_mbedtls_free:0000000000000000 .LFB385
C:\Users\stapi\AppData\Local\Temp\ccxHMYAp.s:119    .text.altcp_mbedtls_free:0000000000000042 .LFE385
C:\Users\stapi\AppData\Local\Temp\ccxHMYAp.s:3731   .debug_loc:00000000000000c2 .LLST1
C:\Users\stapi\AppData\Local\Temp\ccxHMYAp.s:3756   .debug_loc:00000000000000fc .LLST2
C:\Users\stapi\AppData\Local\Temp\ccxHMYAp.s:99     .text.altcp_mbedtls_free:000000000000002e .LVL6
C:\Users\stapi\AppData\Local\Temp\ccxHMYAp.s:113    .text.altcp_mbedtls_free:000000000000003a .LVL9
C:\Users\stapi\AppData\Local\Temp\ccxHMYAp.s:4197   .debug_str:0000000000000a61 .LASF277
C:\Users\stapi\AppData\Local\Temp\ccxHMYAp.s:28     .text.altcp_mbedtls_alloc:0000000000000000 .LFB384
C:\Users\stapi\AppData\Local\Temp\ccxHMYAp.s:59     .text.altcp_mbedtls_alloc:0000000000000024 .LFE384
C:\Users\stapi\AppData\Local\Temp\ccxHMYAp.s:3781   .debug_loc:0000000000000136 .LLST0
C:\Users\stapi\AppData\Local\Temp\ccxHMYAp.s:44     .text.altcp_mbedtls_alloc:0000000000000018 .LVL2
C:\Users\stapi\AppData\Local\Temp\ccxHMYAp.s:4399   .debug_str:00000000000010dd .LASF285
C:\Users\stapi\AppData\Local\Temp\ccxHMYAp.s:14     .text.altcp_mbedtls_mem_init:0000000000000000 .LFB383
C:\Users\stapi\AppData\Local\Temp\ccxHMYAp.s:21     .text.altcp_mbedtls_mem_init:0000000000000002 .LFE383
C:\Users\stapi\AppData\Local\Temp\ccxHMYAp.s:4127   .debug_str:00000000000008e4 .LASF279
C:\Users\stapi\AppData\Local\Temp\ccxHMYAp.s:3831   .debug_str:0000000000000008 .LASF280
C:\Users\stapi\AppData\Local\Temp\ccxHMYAp.s:3975   .debug_str:00000000000003c3 .LASF281
C:\Users\stapi\AppData\Local\Temp\ccxHMYAp.s:165    .text.altcp_mbedtls_free_config:0000000000000000 .LVL14
C:\Users\stapi\AppData\Local\Temp\ccxHMYAp.s:177    .text.altcp_mbedtls_free_config:0000000000000016 .LVL15
C:\Users\stapi\AppData\Local\Temp\ccxHMYAp.s:189    .text.altcp_mbedtls_free_config:0000000000000030 .LVL17
C:\Users\stapi\AppData\Local\Temp\ccxHMYAp.s:129    .text.altcp_mbedtls_alloc_config:0000000000000000 .LVL10
C:\Users\stapi\AppData\Local\Temp\ccxHMYAp.s:140    .text.altcp_mbedtls_alloc_config:000000000000000c .LVL11
C:\Users\stapi\AppData\Local\Temp\ccxHMYAp.s:147    .text.altcp_mbedtls_alloc_config:0000000000000016 .LVL13
C:\Users\stapi\AppData\Local\Temp\ccxHMYAp.s:79     .text.altcp_mbedtls_free:0000000000000000 .LVL3
C:\Users\stapi\AppData\Local\Temp\ccxHMYAp.s:93     .text.altcp_mbedtls_free:0000000000000016 .LVL5
C:\Users\stapi\AppData\Local\Temp\ccxHMYAp.s:105    .text.altcp_mbedtls_free:0000000000000030 .LVL7
C:\Users\stapi\AppData\Local\Temp\ccxHMYAp.s:108    .text.altcp_mbedtls_free:0000000000000032 .LVL8
C:\Users\stapi\AppData\Local\Temp\ccxHMYAp.s:91     .text.altcp_mbedtls_free:0000000000000012 .LVL4
C:\Users\stapi\AppData\Local\Temp\ccxHMYAp.s:31     .text.altcp_mbedtls_alloc:0000000000000000 .LVL0
C:\Users\stapi\AppData\Local\Temp\ccxHMYAp.s:42     .text.altcp_mbedtls_alloc:0000000000000010 .LVL1
C:\Users\stapi\AppData\Local\Temp\ccxHMYAp.s:224    .debug_info:0000000000000000 .Ldebug_info0

UNDEFINED SYMBOLS
__riscv_save_1
mem_calloc
__riscv_restore_1
__riscv_save_0
printf
mem_free
__riscv_restore_0
