   1              		.file	"altcp_alloc.c"
   2              		.option nopic
   3              		.attribute arch, "rv32i2p0_m2p0_a2p0_f2p0_c2p0_b_p0p94"
   4              		.attribute unaligned_access, 0
   5              		.attribute stack_align, 16
   6              		.text
   7              	.Ltext0:
   8              		.cfi_sections	.debug_frame
   9              		.section	.text.altcp_tls_new,"ax",@progbits
  10              		.align	1
  11              		.globl	altcp_tls_new
  13              	altcp_tls_new:
  14              	.LFB4:
  15              		.file 1 "C:/Users/stapi/OneDrive/Desktop/GD32VW553/V1_MQTT_OK/GD32VW55X_Wifi_BLE_SDK/GD32VW55x_REL
   1:C:/Users/stapi/OneDrive/Desktop/GD32VW553/V1_MQTT_OK/GD32VW55X_Wifi_BLE_SDK/GD32VW55x_RELEASE_V1.0.2/MSDK/lwip/lwip-2.1.2/src/core\altcp_alloc.c **** /**
   2:C:/Users/stapi/OneDrive/Desktop/GD32VW553/V1_MQTT_OK/GD32VW55X_Wifi_BLE_SDK/GD32VW55x_RELEASE_V1.0.2/MSDK/lwip/lwip-2.1.2/src/core\altcp_alloc.c ****  * @file
   3:C:/Users/stapi/OneDrive/Desktop/GD32VW553/V1_MQTT_OK/GD32VW55X_Wifi_BLE_SDK/GD32VW55x_RELEASE_V1.0.2/MSDK/lwip/lwip-2.1.2/src/core\altcp_alloc.c ****  * Application layered TCP connection API (to be used from TCPIP thread)\n
   4:C:/Users/stapi/OneDrive/Desktop/GD32VW553/V1_MQTT_OK/GD32VW55X_Wifi_BLE_SDK/GD32VW55x_RELEASE_V1.0.2/MSDK/lwip/lwip-2.1.2/src/core\altcp_alloc.c ****  * This interface mimics the tcp callback API to the application while preventing
   5:C:/Users/stapi/OneDrive/Desktop/GD32VW553/V1_MQTT_OK/GD32VW55X_Wifi_BLE_SDK/GD32VW55x_RELEASE_V1.0.2/MSDK/lwip/lwip-2.1.2/src/core\altcp_alloc.c ****  * direct linking (much like virtual functions).
   6:C:/Users/stapi/OneDrive/Desktop/GD32VW553/V1_MQTT_OK/GD32VW55X_Wifi_BLE_SDK/GD32VW55x_RELEASE_V1.0.2/MSDK/lwip/lwip-2.1.2/src/core\altcp_alloc.c ****  * This way, an application can make use of other application layer protocols
   7:C:/Users/stapi/OneDrive/Desktop/GD32VW553/V1_MQTT_OK/GD32VW55X_Wifi_BLE_SDK/GD32VW55x_RELEASE_V1.0.2/MSDK/lwip/lwip-2.1.2/src/core\altcp_alloc.c ****  * on top of TCP without knowing the details (e.g. TLS, proxy connection).
   8:C:/Users/stapi/OneDrive/Desktop/GD32VW553/V1_MQTT_OK/GD32VW55X_Wifi_BLE_SDK/GD32VW55x_RELEASE_V1.0.2/MSDK/lwip/lwip-2.1.2/src/core\altcp_alloc.c ****  *
   9:C:/Users/stapi/OneDrive/Desktop/GD32VW553/V1_MQTT_OK/GD32VW55X_Wifi_BLE_SDK/GD32VW55x_RELEASE_V1.0.2/MSDK/lwip/lwip-2.1.2/src/core\altcp_alloc.c ****  * This file contains allocation implementation that combine several layers.
  10:C:/Users/stapi/OneDrive/Desktop/GD32VW553/V1_MQTT_OK/GD32VW55X_Wifi_BLE_SDK/GD32VW55x_RELEASE_V1.0.2/MSDK/lwip/lwip-2.1.2/src/core\altcp_alloc.c ****  */
  11:C:/Users/stapi/OneDrive/Desktop/GD32VW553/V1_MQTT_OK/GD32VW55X_Wifi_BLE_SDK/GD32VW55x_RELEASE_V1.0.2/MSDK/lwip/lwip-2.1.2/src/core\altcp_alloc.c **** 
  12:C:/Users/stapi/OneDrive/Desktop/GD32VW553/V1_MQTT_OK/GD32VW55X_Wifi_BLE_SDK/GD32VW55x_RELEASE_V1.0.2/MSDK/lwip/lwip-2.1.2/src/core\altcp_alloc.c **** /*
  13:C:/Users/stapi/OneDrive/Desktop/GD32VW553/V1_MQTT_OK/GD32VW55X_Wifi_BLE_SDK/GD32VW55x_RELEASE_V1.0.2/MSDK/lwip/lwip-2.1.2/src/core\altcp_alloc.c ****  * Copyright (c) 2017 Simon Goldschmidt
  14:C:/Users/stapi/OneDrive/Desktop/GD32VW553/V1_MQTT_OK/GD32VW55X_Wifi_BLE_SDK/GD32VW55x_RELEASE_V1.0.2/MSDK/lwip/lwip-2.1.2/src/core\altcp_alloc.c ****  * All rights reserved.
  15:C:/Users/stapi/OneDrive/Desktop/GD32VW553/V1_MQTT_OK/GD32VW55X_Wifi_BLE_SDK/GD32VW55x_RELEASE_V1.0.2/MSDK/lwip/lwip-2.1.2/src/core\altcp_alloc.c ****  *
  16:C:/Users/stapi/OneDrive/Desktop/GD32VW553/V1_MQTT_OK/GD32VW55X_Wifi_BLE_SDK/GD32VW55x_RELEASE_V1.0.2/MSDK/lwip/lwip-2.1.2/src/core\altcp_alloc.c ****  * Redistribution and use in source and binary forms, with or without modification,
  17:C:/Users/stapi/OneDrive/Desktop/GD32VW553/V1_MQTT_OK/GD32VW55X_Wifi_BLE_SDK/GD32VW55x_RELEASE_V1.0.2/MSDK/lwip/lwip-2.1.2/src/core\altcp_alloc.c ****  * are permitted provided that the following conditions are met:
  18:C:/Users/stapi/OneDrive/Desktop/GD32VW553/V1_MQTT_OK/GD32VW55X_Wifi_BLE_SDK/GD32VW55x_RELEASE_V1.0.2/MSDK/lwip/lwip-2.1.2/src/core\altcp_alloc.c ****  *
  19:C:/Users/stapi/OneDrive/Desktop/GD32VW553/V1_MQTT_OK/GD32VW55X_Wifi_BLE_SDK/GD32VW55x_RELEASE_V1.0.2/MSDK/lwip/lwip-2.1.2/src/core\altcp_alloc.c ****  * 1. Redistributions of source code must retain the above copyright notice,
  20:C:/Users/stapi/OneDrive/Desktop/GD32VW553/V1_MQTT_OK/GD32VW55X_Wifi_BLE_SDK/GD32VW55x_RELEASE_V1.0.2/MSDK/lwip/lwip-2.1.2/src/core\altcp_alloc.c ****  *    this list of conditions and the following disclaimer.
  21:C:/Users/stapi/OneDrive/Desktop/GD32VW553/V1_MQTT_OK/GD32VW55X_Wifi_BLE_SDK/GD32VW55x_RELEASE_V1.0.2/MSDK/lwip/lwip-2.1.2/src/core\altcp_alloc.c ****  * 2. Redistributions in binary form must reproduce the above copyright notice,
  22:C:/Users/stapi/OneDrive/Desktop/GD32VW553/V1_MQTT_OK/GD32VW55X_Wifi_BLE_SDK/GD32VW55x_RELEASE_V1.0.2/MSDK/lwip/lwip-2.1.2/src/core\altcp_alloc.c ****  *    this list of conditions and the following disclaimer in the documentation
  23:C:/Users/stapi/OneDrive/Desktop/GD32VW553/V1_MQTT_OK/GD32VW55X_Wifi_BLE_SDK/GD32VW55x_RELEASE_V1.0.2/MSDK/lwip/lwip-2.1.2/src/core\altcp_alloc.c ****  *    and/or other materials provided with the distribution.
  24:C:/Users/stapi/OneDrive/Desktop/GD32VW553/V1_MQTT_OK/GD32VW55X_Wifi_BLE_SDK/GD32VW55x_RELEASE_V1.0.2/MSDK/lwip/lwip-2.1.2/src/core\altcp_alloc.c ****  * 3. The name of the author may not be used to endorse or promote products
  25:C:/Users/stapi/OneDrive/Desktop/GD32VW553/V1_MQTT_OK/GD32VW55X_Wifi_BLE_SDK/GD32VW55x_RELEASE_V1.0.2/MSDK/lwip/lwip-2.1.2/src/core\altcp_alloc.c ****  *    derived from this software without specific prior written permission.
  26:C:/Users/stapi/OneDrive/Desktop/GD32VW553/V1_MQTT_OK/GD32VW55X_Wifi_BLE_SDK/GD32VW55x_RELEASE_V1.0.2/MSDK/lwip/lwip-2.1.2/src/core\altcp_alloc.c ****  *
  27:C:/Users/stapi/OneDrive/Desktop/GD32VW553/V1_MQTT_OK/GD32VW55X_Wifi_BLE_SDK/GD32VW55x_RELEASE_V1.0.2/MSDK/lwip/lwip-2.1.2/src/core\altcp_alloc.c ****  * THIS SOFTWARE IS PROVIDED BY THE AUTHOR ``AS IS'' AND ANY EXPRESS OR IMPLIED
  28:C:/Users/stapi/OneDrive/Desktop/GD32VW553/V1_MQTT_OK/GD32VW55X_Wifi_BLE_SDK/GD32VW55x_RELEASE_V1.0.2/MSDK/lwip/lwip-2.1.2/src/core\altcp_alloc.c ****  * WARRANTIES, INCLUDING, BUT NOT LIMITED TO, THE IMPLIED WARRANTIES OF
  29:C:/Users/stapi/OneDrive/Desktop/GD32VW553/V1_MQTT_OK/GD32VW55X_Wifi_BLE_SDK/GD32VW55x_RELEASE_V1.0.2/MSDK/lwip/lwip-2.1.2/src/core\altcp_alloc.c ****  * MERCHANTABILITY AND FITNESS FOR A PARTICULAR PURPOSE ARE DISCLAIMED. IN NO EVENT
  30:C:/Users/stapi/OneDrive/Desktop/GD32VW553/V1_MQTT_OK/GD32VW55X_Wifi_BLE_SDK/GD32VW55x_RELEASE_V1.0.2/MSDK/lwip/lwip-2.1.2/src/core\altcp_alloc.c ****  * SHALL THE AUTHOR BE LIABLE FOR ANY DIRECT, INDIRECT, INCIDENTAL, SPECIAL,
  31:C:/Users/stapi/OneDrive/Desktop/GD32VW553/V1_MQTT_OK/GD32VW55X_Wifi_BLE_SDK/GD32VW55x_RELEASE_V1.0.2/MSDK/lwip/lwip-2.1.2/src/core\altcp_alloc.c ****  * EXEMPLARY, OR CONSEQUENTIAL DAMAGES (INCLUDING, BUT NOT LIMITED TO, PROCUREMENT
  32:C:/Users/stapi/OneDrive/Desktop/GD32VW553/V1_MQTT_OK/GD32VW55X_Wifi_BLE_SDK/GD32VW55x_RELEASE_V1.0.2/MSDK/lwip/lwip-2.1.2/src/core\altcp_alloc.c ****  * OF SUBSTITUTE GOODS OR SERVICES; LOSS OF USE, DATA, OR PROFITS; OR BUSINESS
  33:C:/Users/stapi/OneDrive/Desktop/GD32VW553/V1_MQTT_OK/GD32VW55X_Wifi_BLE_SDK/GD32VW55x_RELEASE_V1.0.2/MSDK/lwip/lwip-2.1.2/src/core\altcp_alloc.c ****  * INTERRUPTION) HOWEVER CAUSED AND ON ANY THEORY OF LIABILITY, WHETHER IN
  34:C:/Users/stapi/OneDrive/Desktop/GD32VW553/V1_MQTT_OK/GD32VW55X_Wifi_BLE_SDK/GD32VW55x_RELEASE_V1.0.2/MSDK/lwip/lwip-2.1.2/src/core\altcp_alloc.c ****  * CONTRACT, STRICT LIABILITY, OR TORT (INCLUDING NEGLIGENCE OR OTHERWISE) ARISING
  35:C:/Users/stapi/OneDrive/Desktop/GD32VW553/V1_MQTT_OK/GD32VW55X_Wifi_BLE_SDK/GD32VW55x_RELEASE_V1.0.2/MSDK/lwip/lwip-2.1.2/src/core\altcp_alloc.c ****  * IN ANY WAY OUT OF THE USE OF THIS SOFTWARE, EVEN IF ADVISED OF THE POSSIBILITY
  36:C:/Users/stapi/OneDrive/Desktop/GD32VW553/V1_MQTT_OK/GD32VW55X_Wifi_BLE_SDK/GD32VW55x_RELEASE_V1.0.2/MSDK/lwip/lwip-2.1.2/src/core\altcp_alloc.c ****  * OF SUCH DAMAGE.
  37:C:/Users/stapi/OneDrive/Desktop/GD32VW553/V1_MQTT_OK/GD32VW55X_Wifi_BLE_SDK/GD32VW55x_RELEASE_V1.0.2/MSDK/lwip/lwip-2.1.2/src/core\altcp_alloc.c ****  *
  38:C:/Users/stapi/OneDrive/Desktop/GD32VW553/V1_MQTT_OK/GD32VW55X_Wifi_BLE_SDK/GD32VW55x_RELEASE_V1.0.2/MSDK/lwip/lwip-2.1.2/src/core\altcp_alloc.c ****  * This file is part of the lwIP TCP/IP stack.
  39:C:/Users/stapi/OneDrive/Desktop/GD32VW553/V1_MQTT_OK/GD32VW55X_Wifi_BLE_SDK/GD32VW55x_RELEASE_V1.0.2/MSDK/lwip/lwip-2.1.2/src/core\altcp_alloc.c ****  *
  40:C:/Users/stapi/OneDrive/Desktop/GD32VW553/V1_MQTT_OK/GD32VW55X_Wifi_BLE_SDK/GD32VW55x_RELEASE_V1.0.2/MSDK/lwip/lwip-2.1.2/src/core\altcp_alloc.c ****  * Author: Simon Goldschmidt <goldsimon@gmx.de>
  41:C:/Users/stapi/OneDrive/Desktop/GD32VW553/V1_MQTT_OK/GD32VW55X_Wifi_BLE_SDK/GD32VW55x_RELEASE_V1.0.2/MSDK/lwip/lwip-2.1.2/src/core\altcp_alloc.c ****  *
  42:C:/Users/stapi/OneDrive/Desktop/GD32VW553/V1_MQTT_OK/GD32VW55X_Wifi_BLE_SDK/GD32VW55x_RELEASE_V1.0.2/MSDK/lwip/lwip-2.1.2/src/core\altcp_alloc.c ****  */
  43:C:/Users/stapi/OneDrive/Desktop/GD32VW553/V1_MQTT_OK/GD32VW55X_Wifi_BLE_SDK/GD32VW55x_RELEASE_V1.0.2/MSDK/lwip/lwip-2.1.2/src/core\altcp_alloc.c **** 
  44:C:/Users/stapi/OneDrive/Desktop/GD32VW553/V1_MQTT_OK/GD32VW55X_Wifi_BLE_SDK/GD32VW55x_RELEASE_V1.0.2/MSDK/lwip/lwip-2.1.2/src/core\altcp_alloc.c **** #include "lwip/opt.h"
  45:C:/Users/stapi/OneDrive/Desktop/GD32VW553/V1_MQTT_OK/GD32VW55X_Wifi_BLE_SDK/GD32VW55x_RELEASE_V1.0.2/MSDK/lwip/lwip-2.1.2/src/core\altcp_alloc.c **** 
  46:C:/Users/stapi/OneDrive/Desktop/GD32VW553/V1_MQTT_OK/GD32VW55X_Wifi_BLE_SDK/GD32VW55x_RELEASE_V1.0.2/MSDK/lwip/lwip-2.1.2/src/core\altcp_alloc.c **** #if LWIP_ALTCP /* don't build if not configured for use in lwipopts.h */
  47:C:/Users/stapi/OneDrive/Desktop/GD32VW553/V1_MQTT_OK/GD32VW55X_Wifi_BLE_SDK/GD32VW55x_RELEASE_V1.0.2/MSDK/lwip/lwip-2.1.2/src/core\altcp_alloc.c **** 
  48:C:/Users/stapi/OneDrive/Desktop/GD32VW553/V1_MQTT_OK/GD32VW55X_Wifi_BLE_SDK/GD32VW55x_RELEASE_V1.0.2/MSDK/lwip/lwip-2.1.2/src/core\altcp_alloc.c **** #include "lwip/altcp.h"
  49:C:/Users/stapi/OneDrive/Desktop/GD32VW553/V1_MQTT_OK/GD32VW55X_Wifi_BLE_SDK/GD32VW55x_RELEASE_V1.0.2/MSDK/lwip/lwip-2.1.2/src/core\altcp_alloc.c **** #include "lwip/altcp_tcp.h"
  50:C:/Users/stapi/OneDrive/Desktop/GD32VW553/V1_MQTT_OK/GD32VW55X_Wifi_BLE_SDK/GD32VW55x_RELEASE_V1.0.2/MSDK/lwip/lwip-2.1.2/src/core\altcp_alloc.c **** #include "lwip/altcp_tls.h"
  51:C:/Users/stapi/OneDrive/Desktop/GD32VW553/V1_MQTT_OK/GD32VW55X_Wifi_BLE_SDK/GD32VW55x_RELEASE_V1.0.2/MSDK/lwip/lwip-2.1.2/src/core\altcp_alloc.c **** #include "lwip/priv/altcp_priv.h"
  52:C:/Users/stapi/OneDrive/Desktop/GD32VW553/V1_MQTT_OK/GD32VW55X_Wifi_BLE_SDK/GD32VW55x_RELEASE_V1.0.2/MSDK/lwip/lwip-2.1.2/src/core\altcp_alloc.c **** #include "lwip/mem.h"
  53:C:/Users/stapi/OneDrive/Desktop/GD32VW553/V1_MQTT_OK/GD32VW55X_Wifi_BLE_SDK/GD32VW55x_RELEASE_V1.0.2/MSDK/lwip/lwip-2.1.2/src/core\altcp_alloc.c **** 
  54:C:/Users/stapi/OneDrive/Desktop/GD32VW553/V1_MQTT_OK/GD32VW55X_Wifi_BLE_SDK/GD32VW55x_RELEASE_V1.0.2/MSDK/lwip/lwip-2.1.2/src/core\altcp_alloc.c **** #include <string.h>
  55:C:/Users/stapi/OneDrive/Desktop/GD32VW553/V1_MQTT_OK/GD32VW55X_Wifi_BLE_SDK/GD32VW55x_RELEASE_V1.0.2/MSDK/lwip/lwip-2.1.2/src/core\altcp_alloc.c **** 
  56:C:/Users/stapi/OneDrive/Desktop/GD32VW553/V1_MQTT_OK/GD32VW55X_Wifi_BLE_SDK/GD32VW55x_RELEASE_V1.0.2/MSDK/lwip/lwip-2.1.2/src/core\altcp_alloc.c **** #if LWIP_ALTCP_TLS
  57:C:/Users/stapi/OneDrive/Desktop/GD32VW553/V1_MQTT_OK/GD32VW55X_Wifi_BLE_SDK/GD32VW55x_RELEASE_V1.0.2/MSDK/lwip/lwip-2.1.2/src/core\altcp_alloc.c **** 
  58:C:/Users/stapi/OneDrive/Desktop/GD32VW553/V1_MQTT_OK/GD32VW55X_Wifi_BLE_SDK/GD32VW55x_RELEASE_V1.0.2/MSDK/lwip/lwip-2.1.2/src/core\altcp_alloc.c **** /** This standard allocator function creates an altcp pcb for
  59:C:/Users/stapi/OneDrive/Desktop/GD32VW553/V1_MQTT_OK/GD32VW55X_Wifi_BLE_SDK/GD32VW55x_RELEASE_V1.0.2/MSDK/lwip/lwip-2.1.2/src/core\altcp_alloc.c ****  * TLS over TCP */
  60:C:/Users/stapi/OneDrive/Desktop/GD32VW553/V1_MQTT_OK/GD32VW55X_Wifi_BLE_SDK/GD32VW55x_RELEASE_V1.0.2/MSDK/lwip/lwip-2.1.2/src/core\altcp_alloc.c **** struct altcp_pcb *
  61:C:/Users/stapi/OneDrive/Desktop/GD32VW553/V1_MQTT_OK/GD32VW55X_Wifi_BLE_SDK/GD32VW55x_RELEASE_V1.0.2/MSDK/lwip/lwip-2.1.2/src/core\altcp_alloc.c **** altcp_tls_new(struct altcp_tls_config *config, u8_t ip_type)
  62:C:/Users/stapi/OneDrive/Desktop/GD32VW553/V1_MQTT_OK/GD32VW55X_Wifi_BLE_SDK/GD32VW55x_RELEASE_V1.0.2/MSDK/lwip/lwip-2.1.2/src/core\altcp_alloc.c **** {
  16              		.loc 1 62 1
  17              		.cfi_startproc
  18              	.LVL0:
  19 0000 17030000 		call	t0,__riscv_save_2
  19      E7020300 
  20              		.cfi_offset 9, -12
  21              		.cfi_offset 8, -8
  22              		.cfi_offset 1, -4
  23              		.cfi_def_cfa_offset 16
  63:C:/Users/stapi/OneDrive/Desktop/GD32VW553/V1_MQTT_OK/GD32VW55X_Wifi_BLE_SDK/GD32VW55x_RELEASE_V1.0.2/MSDK/lwip/lwip-2.1.2/src/core\altcp_alloc.c ****   struct altcp_pcb *inner_conn, *ret;
  24              		.loc 1 63 3
  64:C:/Users/stapi/OneDrive/Desktop/GD32VW553/V1_MQTT_OK/GD32VW55X_Wifi_BLE_SDK/GD32VW55x_RELEASE_V1.0.2/MSDK/lwip/lwip-2.1.2/src/core\altcp_alloc.c ****   LWIP_UNUSED_ARG(ip_type);
  25              		.loc 1 64 3
  65:C:/Users/stapi/OneDrive/Desktop/GD32VW553/V1_MQTT_OK/GD32VW55X_Wifi_BLE_SDK/GD32VW55x_RELEASE_V1.0.2/MSDK/lwip/lwip-2.1.2/src/core\altcp_alloc.c **** 
  66:C:/Users/stapi/OneDrive/Desktop/GD32VW553/V1_MQTT_OK/GD32VW55X_Wifi_BLE_SDK/GD32VW55x_RELEASE_V1.0.2/MSDK/lwip/lwip-2.1.2/src/core\altcp_alloc.c ****   inner_conn = altcp_tcp_new_ip_type(ip_type);
  26              		.loc 1 66 3
  62:C:/Users/stapi/OneDrive/Desktop/GD32VW553/V1_MQTT_OK/GD32VW55X_Wifi_BLE_SDK/GD32VW55x_RELEASE_V1.0.2/MSDK/lwip/lwip-2.1.2/src/core\altcp_alloc.c ****   struct altcp_pcb *inner_conn, *ret;
  27              		.loc 1 62 1 is_stmt 0
  28 0008 2A84     		mv	s0,a0
  29              		.loc 1 66 16
  30 000a 2E85     		mv	a0,a1
  31              	.LVL1:
  32 000c 97000000 		call	altcp_tcp_new_ip_type
  32      E7800000 
  33              	.LVL2:
  67:C:/Users/stapi/OneDrive/Desktop/GD32VW553/V1_MQTT_OK/GD32VW55X_Wifi_BLE_SDK/GD32VW55x_RELEASE_V1.0.2/MSDK/lwip/lwip-2.1.2/src/core\altcp_alloc.c ****   if (inner_conn == NULL) {
  34              		.loc 1 67 3 is_stmt 1
  35              		.loc 1 67 6 is_stmt 0
  36 0014 05C5     		beq	a0,zero,.L3
  68:C:/Users/stapi/OneDrive/Desktop/GD32VW553/V1_MQTT_OK/GD32VW55X_Wifi_BLE_SDK/GD32VW55x_RELEASE_V1.0.2/MSDK/lwip/lwip-2.1.2/src/core\altcp_alloc.c ****     return NULL;
  69:C:/Users/stapi/OneDrive/Desktop/GD32VW553/V1_MQTT_OK/GD32VW55X_Wifi_BLE_SDK/GD32VW55x_RELEASE_V1.0.2/MSDK/lwip/lwip-2.1.2/src/core\altcp_alloc.c ****   }
  70:C:/Users/stapi/OneDrive/Desktop/GD32VW553/V1_MQTT_OK/GD32VW55X_Wifi_BLE_SDK/GD32VW55x_RELEASE_V1.0.2/MSDK/lwip/lwip-2.1.2/src/core\altcp_alloc.c ****   ret = altcp_tls_wrap(config, inner_conn);
  37              		.loc 1 70 9
  38 0016 AA85     		mv	a1,a0
  39 0018 AA84     		mv	s1,a0
  40              		.loc 1 70 3 is_stmt 1
  41              		.loc 1 70 9 is_stmt 0
  42 001a 2285     		mv	a0,s0
  43              	.LVL3:
  44 001c 97000000 		call	altcp_tls_wrap
  44      E7800000 
  45              	.LVL4:
  46 0024 2A84     		mv	s0,a0
  47              	.LVL5:
  71:C:/Users/stapi/OneDrive/Desktop/GD32VW553/V1_MQTT_OK/GD32VW55X_Wifi_BLE_SDK/GD32VW55x_RELEASE_V1.0.2/MSDK/lwip/lwip-2.1.2/src/core\altcp_alloc.c ****   if (ret == NULL) {
  48              		.loc 1 71 3 is_stmt 1
  49              		.loc 1 71 6 is_stmt 0
  50 0026 11E5     		bne	a0,zero,.L1
  72:C:/Users/stapi/OneDrive/Desktop/GD32VW553/V1_MQTT_OK/GD32VW55X_Wifi_BLE_SDK/GD32VW55x_RELEASE_V1.0.2/MSDK/lwip/lwip-2.1.2/src/core\altcp_alloc.c ****     altcp_close(inner_conn);
  51              		.loc 1 72 5 is_stmt 1
  52 0028 2685     		mv	a0,s1
  53 002a 97000000 		call	altcp_close
  53      E7800000 
  54              	.LVL6:
  55              	.L1:
  73:C:/Users/stapi/OneDrive/Desktop/GD32VW553/V1_MQTT_OK/GD32VW55X_Wifi_BLE_SDK/GD32VW55x_RELEASE_V1.0.2/MSDK/lwip/lwip-2.1.2/src/core\altcp_alloc.c ****   }
  74:C:/Users/stapi/OneDrive/Desktop/GD32VW553/V1_MQTT_OK/GD32VW55X_Wifi_BLE_SDK/GD32VW55x_RELEASE_V1.0.2/MSDK/lwip/lwip-2.1.2/src/core\altcp_alloc.c ****   return ret;
  75:C:/Users/stapi/OneDrive/Desktop/GD32VW553/V1_MQTT_OK/GD32VW55X_Wifi_BLE_SDK/GD32VW55x_RELEASE_V1.0.2/MSDK/lwip/lwip-2.1.2/src/core\altcp_alloc.c **** }
  56              		.loc 1 75 1 is_stmt 0
  57 0032 2285     		mv	a0,s0
  58 0034 17030000 		tail	__riscv_restore_2
  58      67000300 
  59              		.cfi_remember_state
  60              		.cfi_restore 9
  61              		.cfi_restore 8
  62              		.cfi_restore 1
  63              		.cfi_def_cfa_offset 0
  64              	.LVL7:
  65              	.L3:
  66              		.cfi_restore_state
  68:C:/Users/stapi/OneDrive/Desktop/GD32VW553/V1_MQTT_OK/GD32VW55X_Wifi_BLE_SDK/GD32VW55x_RELEASE_V1.0.2/MSDK/lwip/lwip-2.1.2/src/core\altcp_alloc.c ****   }
  67              		.loc 1 68 12
  68 003c 0144     		li	s0,0
  69              	.LVL8:
  70 003e D5BF     		j	.L1
  71              		.cfi_endproc
  72              	.LFE4:
  74              		.section	.text.altcp_tls_alloc,"ax",@progbits
  75              		.align	1
  76              		.globl	altcp_tls_alloc
  78              	altcp_tls_alloc:
  79              	.LFB5:
  76:C:/Users/stapi/OneDrive/Desktop/GD32VW553/V1_MQTT_OK/GD32VW55X_Wifi_BLE_SDK/GD32VW55x_RELEASE_V1.0.2/MSDK/lwip/lwip-2.1.2/src/core\altcp_alloc.c **** 
  77:C:/Users/stapi/OneDrive/Desktop/GD32VW553/V1_MQTT_OK/GD32VW55X_Wifi_BLE_SDK/GD32VW55x_RELEASE_V1.0.2/MSDK/lwip/lwip-2.1.2/src/core\altcp_alloc.c **** /** This standard allocator function creates an altcp pcb for
  78:C:/Users/stapi/OneDrive/Desktop/GD32VW553/V1_MQTT_OK/GD32VW55X_Wifi_BLE_SDK/GD32VW55x_RELEASE_V1.0.2/MSDK/lwip/lwip-2.1.2/src/core\altcp_alloc.c ****  * TLS over TCP */
  79:C:/Users/stapi/OneDrive/Desktop/GD32VW553/V1_MQTT_OK/GD32VW55X_Wifi_BLE_SDK/GD32VW55x_RELEASE_V1.0.2/MSDK/lwip/lwip-2.1.2/src/core\altcp_alloc.c **** struct altcp_pcb *
  80:C:/Users/stapi/OneDrive/Desktop/GD32VW553/V1_MQTT_OK/GD32VW55X_Wifi_BLE_SDK/GD32VW55x_RELEASE_V1.0.2/MSDK/lwip/lwip-2.1.2/src/core\altcp_alloc.c **** altcp_tls_alloc(void *arg, u8_t ip_type)
  81:C:/Users/stapi/OneDrive/Desktop/GD32VW553/V1_MQTT_OK/GD32VW55X_Wifi_BLE_SDK/GD32VW55x_RELEASE_V1.0.2/MSDK/lwip/lwip-2.1.2/src/core\altcp_alloc.c **** {
  80              		.loc 1 81 1 is_stmt 1
  81              		.cfi_startproc
  82              	.LVL9:
  82:C:/Users/stapi/OneDrive/Desktop/GD32VW553/V1_MQTT_OK/GD32VW55X_Wifi_BLE_SDK/GD32VW55x_RELEASE_V1.0.2/MSDK/lwip/lwip-2.1.2/src/core\altcp_alloc.c ****   return altcp_tls_new((struct altcp_tls_config *)arg, ip_type);
  83              		.loc 1 82 3
  84              		.loc 1 82 10 is_stmt 0
  85 0000 17030000 		tail	altcp_tls_new
  85      67000300 
  86              	.LVL10:
  87              		.cfi_endproc
  88              	.LFE5:
  90              		.text
  91              	.Letext0:
  92              		.file 2 "c:\\users\\stapi\\onedrive\\desktop\\gd32vw553\\embeddedbuilder_v1.4.7.26843\\tools\\nucl
  93              		.file 3 "c:\\users\\stapi\\onedrive\\desktop\\gd32vw553\\embeddedbuilder_v1.4.7.26843\\tools\\nucl
  94              		.file 4 "..\\..\\..\\..\\lwip\\lwip-2.1.2\\src\\include/lwip/arch.h"
  95              		.file 5 "..\\..\\..\\..\\lwip\\lwip-2.1.2\\src\\include/lwip/err.h"
  96              		.file 6 "..\\..\\..\\..\\lwip\\lwip-2.1.2\\src\\include/lwip/pbuf.h"
  97              		.file 7 "..\\..\\..\\..\\lwip\\lwip-2.1.2\\src\\include/lwip/ip4_addr.h"
  98              		.file 8 "..\\..\\..\\..\\lwip\\lwip-2.1.2\\src\\include/lwip/ip_addr.h"
  99              		.file 9 "..\\..\\..\\..\\lwip\\lwip-2.1.2\\src\\include/lwip/altcp.h"
 100              		.file 10 "..\\..\\..\\..\\lwip\\lwip-2.1.2\\src\\include/lwip/priv/altcp_priv.h"
 101              		.file 11 "..\\..\\..\\..\\lwip\\lwip-2.1.2\\src\\include/lwip/altcp_tcp.h"
 102              		.file 12 "..\\..\\..\\..\\lwip\\lwip-2.1.2\\src\\include/lwip/altcp_tls.h"
DEFINED SYMBOLS
                            *ABS*:0000000000000000 altcp_alloc.c
C:\Users\stapi\AppData\Local\Temp\ccSWRkZ2.s:13     .text.altcp_tls_new:0000000000000000 altcp_tls_new
C:\Users\stapi\AppData\Local\Temp\ccSWRkZ2.s:17     .text.altcp_tls_new:0000000000000000 .L0 
C:\Users\stapi\AppData\Local\Temp\ccSWRkZ2.s:19     .text.altcp_tls_new:0000000000000000 .L0 
C:\Users\stapi\AppData\Local\Temp\ccSWRkZ2.s:20     .text.altcp_tls_new:0000000000000008 .L0 
C:\Users\stapi\AppData\Local\Temp\ccSWRkZ2.s:21     .text.altcp_tls_new:0000000000000008 .L0 
C:\Users\stapi\AppData\Local\Temp\ccSWRkZ2.s:22     .text.altcp_tls_new:0000000000000008 .L0 
C:\Users\stapi\AppData\Local\Temp\ccSWRkZ2.s:23     .text.altcp_tls_new:0000000000000008 .L0 
C:\Users\stapi\AppData\Local\Temp\ccSWRkZ2.s:25     .text.altcp_tls_new:0000000000000008 .L0 
C:\Users\stapi\AppData\Local\Temp\ccSWRkZ2.s:26     .text.altcp_tls_new:0000000000000008 .L0 
C:\Users\stapi\AppData\Local\Temp\ccSWRkZ2.s:27     .text.altcp_tls_new:0000000000000008 .L0 
C:\Users\stapi\AppData\Local\Temp\ccSWRkZ2.s:28     .text.altcp_tls_new:0000000000000008 .L0 
C:\Users\stapi\AppData\Local\Temp\ccSWRkZ2.s:30     .text.altcp_tls_new:000000000000000a .L0 
C:\Users\stapi\AppData\Local\Temp\ccSWRkZ2.s:35     .text.altcp_tls_new:0000000000000014 .L0 
C:\Users\stapi\AppData\Local\Temp\ccSWRkZ2.s:36     .text.altcp_tls_new:0000000000000014 .L0 
C:\Users\stapi\AppData\Local\Temp\ccSWRkZ2.s:38     .text.altcp_tls_new:0000000000000016 .L0 
C:\Users\stapi\AppData\Local\Temp\ccSWRkZ2.s:41     .text.altcp_tls_new:000000000000001a .L0 
C:\Users\stapi\AppData\Local\Temp\ccSWRkZ2.s:42     .text.altcp_tls_new:000000000000001a .L0 
C:\Users\stapi\AppData\Local\Temp\ccSWRkZ2.s:49     .text.altcp_tls_new:0000000000000026 .L0 
C:\Users\stapi\AppData\Local\Temp\ccSWRkZ2.s:50     .text.altcp_tls_new:0000000000000026 .L0 
C:\Users\stapi\AppData\Local\Temp\ccSWRkZ2.s:52     .text.altcp_tls_new:0000000000000028 .L0 
C:\Users\stapi\AppData\Local\Temp\ccSWRkZ2.s:57     .text.altcp_tls_new:0000000000000032 .L0 
C:\Users\stapi\AppData\Local\Temp\ccSWRkZ2.s:59     .text.altcp_tls_new:000000000000003c .L0 
C:\Users\stapi\AppData\Local\Temp\ccSWRkZ2.s:60     .text.altcp_tls_new:000000000000003c .L0 
C:\Users\stapi\AppData\Local\Temp\ccSWRkZ2.s:61     .text.altcp_tls_new:000000000000003c .L0 
C:\Users\stapi\AppData\Local\Temp\ccSWRkZ2.s:62     .text.altcp_tls_new:000000000000003c .L0 
C:\Users\stapi\AppData\Local\Temp\ccSWRkZ2.s:63     .text.altcp_tls_new:000000000000003c .L0 
C:\Users\stapi\AppData\Local\Temp\ccSWRkZ2.s:66     .text.altcp_tls_new:000000000000003c .L0 
C:\Users\stapi\AppData\Local\Temp\ccSWRkZ2.s:68     .text.altcp_tls_new:000000000000003c .L0 
C:\Users\stapi\AppData\Local\Temp\ccSWRkZ2.s:71     .text.altcp_tls_new:0000000000000040 .L0 
C:\Users\stapi\AppData\Local\Temp\ccSWRkZ2.s:78     .text.altcp_tls_alloc:0000000000000000 altcp_tls_alloc
C:\Users\stapi\AppData\Local\Temp\ccSWRkZ2.s:81     .text.altcp_tls_alloc:0000000000000000 .L0 
C:\Users\stapi\AppData\Local\Temp\ccSWRkZ2.s:83     .text.altcp_tls_alloc:0000000000000000 .L0 
C:\Users\stapi\AppData\Local\Temp\ccSWRkZ2.s:84     .text.altcp_tls_alloc:0000000000000000 .L0 
C:\Users\stapi\AppData\Local\Temp\ccSWRkZ2.s:85     .text.altcp_tls_alloc:0000000000000000 .L0 
C:\Users\stapi\AppData\Local\Temp\ccSWRkZ2.s:87     .text.altcp_tls_alloc:0000000000000008 .L0 
C:\Users\stapi\AppData\Local\Temp\ccSWRkZ2.s:74     .text.altcp_tls_new:0000000000000040 .L0 
C:\Users\stapi\AppData\Local\Temp\ccSWRkZ2.s:90     .text.altcp_tls_alloc:0000000000000008 .L0 
                     .debug_frame:0000000000000000 .L0 
C:\Users\stapi\AppData\Local\Temp\ccSWRkZ2.s:65     .text.altcp_tls_new:000000000000003c .L3
C:\Users\stapi\AppData\Local\Temp\ccSWRkZ2.s:55     .text.altcp_tls_new:0000000000000032 .L1
C:\Users\stapi\AppData\Local\Temp\ccSWRkZ2.s:1118   .debug_abbrev:0000000000000000 .Ldebug_abbrev0
C:\Users\stapi\AppData\Local\Temp\ccSWRkZ2.s:1635   .debug_str:0000000000000186 .LASF98
C:\Users\stapi\AppData\Local\Temp\ccSWRkZ2.s:1593   .debug_str:0000000000000006 .LASF99
C:\Users\stapi\AppData\Local\Temp\ccSWRkZ2.s:1741   .debug_str:00000000000004f4 .LASF100
C:\Users\stapi\AppData\Local\Temp\ccSWRkZ2.s:1581   .debug_ranges:0000000000000000 .Ldebug_ranges0
C:\Users\stapi\AppData\Local\Temp\ccSWRkZ2.s:1589   .debug_line:0000000000000000 .Ldebug_line0
C:\Users\stapi\AppData\Local\Temp\ccSWRkZ2.s:1719   .debug_str:000000000000047b .LASF0
C:\Users\stapi\AppData\Local\Temp\ccSWRkZ2.s:1691   .debug_str:00000000000003c6 .LASF2
C:\Users\stapi\AppData\Local\Temp\ccSWRkZ2.s:1789   .debug_str:000000000000067b .LASF1
C:\Users\stapi\AppData\Local\Temp\ccSWRkZ2.s:1681   .debug_str:000000000000038f .LASF3
C:\Users\stapi\AppData\Local\Temp\ccSWRkZ2.s:1611   .debug_str:00000000000000fb .LASF4
C:\Users\stapi\AppData\Local\Temp\ccSWRkZ2.s:1625   .debug_str:0000000000000149 .LASF5
C:\Users\stapi\AppData\Local\Temp\ccSWRkZ2.s:1727   .debug_str:0000000000000498 .LASF6
C:\Users\stapi\AppData\Local\Temp\ccSWRkZ2.s:1663   .debug_str:0000000000000323 .LASF7
C:\Users\stapi\AppData\Local\Temp\ccSWRkZ2.s:1619   .debug_str:000000000000011e .LASF8
C:\Users\stapi\AppData\Local\Temp\ccSWRkZ2.s:1737   .debug_str:00000000000004cc .LASF9
C:\Users\stapi\AppData\Local\Temp\ccSWRkZ2.s:1657   .debug_str:00000000000002f1 .LASF10
C:\Users\stapi\AppData\Local\Temp\ccSWRkZ2.s:1659   .debug_str:00000000000002ff .LASF11
C:\Users\stapi\AppData\Local\Temp\ccSWRkZ2.s:1703   .debug_str:0000000000000406 .LASF12
C:\Users\stapi\AppData\Local\Temp\ccSWRkZ2.s:1603   .debug_str:00000000000000ce .LASF13
C:\Users\stapi\AppData\Local\Temp\ccSWRkZ2.s:1753   .debug_str:00000000000005af .LASF14
C:\Users\stapi\AppData\Local\Temp\ccSWRkZ2.s:1707   .debug_str:0000000000000421 .LASF15
C:\Users\stapi\AppData\Local\Temp\ccSWRkZ2.s:1699   .debug_str:00000000000003ec .LASF16
C:\Users\stapi\AppData\Local\Temp\ccSWRkZ2.s:1723   .debug_str:000000000000048a .LASF17
C:\Users\stapi\AppData\Local\Temp\ccSWRkZ2.s:1747   .debug_str:000000000000058c .LASF18
C:\Users\stapi\AppData\Local\Temp\ccSWRkZ2.s:1651   .debug_str:00000000000002cf .LASF19
C:\Users\stapi\AppData\Local\Temp\ccSWRkZ2.s:1757   .debug_str:00000000000005c6 .LASF20
C:\Users\stapi\AppData\Local\Temp\ccSWRkZ2.s:1749   .debug_str:0000000000000591 .LASF21
C:\Users\stapi\AppData\Local\Temp\ccSWRkZ2.s:1721   .debug_str:0000000000000484 .LASF22
C:\Users\stapi\AppData\Local\Temp\ccSWRkZ2.s:1791   .debug_str:0000000000000685 .LASF29
C:\Users\stapi\AppData\Local\Temp\ccSWRkZ2.s:1695   .debug_str:00000000000003d8 .LASF23
C:\Users\stapi\AppData\Local\Temp\ccSWRkZ2.s:1785   .debug_str:0000000000000665 .LASF24
C:\Users\stapi\AppData\Local\Temp\ccSWRkZ2.s:1767   .debug_str:00000000000005f7 .LASF25
C:\Users\stapi\AppData\Local\Temp\ccSWRkZ2.s:1673   .debug_str:000000000000035d .LASF26
C:\Users\stapi\AppData\Local\Temp\ccSWRkZ2.s:1693   .debug_str:00000000000003d2 .LASF27
C:\Users\stapi\AppData\Local\Temp\ccSWRkZ2.s:1689   .debug_str:00000000000003bf .LASF28
C:\Users\stapi\AppData\Local\Temp\ccSWRkZ2.s:1725   .debug_str:000000000000048f .LASF30
C:\Users\stapi\AppData\Local\Temp\ccSWRkZ2.s:1667   .debug_str:000000000000033d .LASF31
C:\Users\stapi\AppData\Local\Temp\ccSWRkZ2.s:1685   .debug_str:00000000000003ae .LASF32
C:\Users\stapi\AppData\Local\Temp\ccSWRkZ2.s:1759   .debug_str:00000000000005cc .LASF33
C:\Users\stapi\AppData\Local\Temp\ccSWRkZ2.s:1793   .debug_str:000000000000068a .LASF34
C:\Users\stapi\AppData\Local\Temp\ccSWRkZ2.s:1639   .debug_str:000000000000028b .LASF35
C:\Users\stapi\AppData\Local\Temp\ccSWRkZ2.s:1713   .debug_str:0000000000000451 .LASF36
C:\Users\stapi\AppData\Local\Temp\ccSWRkZ2.s:1607   .debug_str:00000000000000e3 .LASF37
C:\Users\stapi\AppData\Local\Temp\ccSWRkZ2.s:1763   .debug_str:00000000000005e9 .LASF38
C:\Users\stapi\AppData\Local\Temp\ccSWRkZ2.s:1643   .debug_str:000000000000029d .LASF39
C:\Users\stapi\AppData\Local\Temp\ccSWRkZ2.s:1777   .debug_str:0000000000000632 .LASF40
C:\Users\stapi\AppData\Local\Temp\ccSWRkZ2.s:1615   .debug_str:000000000000010a .LASF41
C:\Users\stapi\AppData\Local\Temp\ccSWRkZ2.s:1613   .debug_str:0000000000000105 .LASF42
C:\Users\stapi\AppData\Local\Temp\ccSWRkZ2.s:1735   .debug_str:00000000000004bf .LASF43
C:\Users\stapi\AppData\Local\Temp\ccSWRkZ2.s:1761   .debug_str:00000000000005d6 .LASF44
C:\Users\stapi\AppData\Local\Temp\ccSWRkZ2.s:1605   .debug_str:00000000000000d5 .LASF45
C:\Users\stapi\AppData\Local\Temp\ccSWRkZ2.s:1779   .debug_str:0000000000000637 .LASF46
C:\Users\stapi\AppData\Local\Temp\ccSWRkZ2.s:1787   .debug_str:000000000000066d .LASF47
C:\Users\stapi\AppData\Local\Temp\ccSWRkZ2.s:1661   .debug_str:0000000000000316 .LASF48
C:\Users\stapi\AppData\Local\Temp\ccSWRkZ2.s:1627   .debug_str:0000000000000154 .LASF49
C:\Users\stapi\AppData\Local\Temp\ccSWRkZ2.s:1781   .debug_str:0000000000000645 .LASF50
C:\Users\stapi\AppData\Local\Temp\ccSWRkZ2.s:1745   .debug_str:0000000000000585 .LASF51
C:\Users\stapi\AppData\Local\Temp\ccSWRkZ2.s:1729   .debug_str:00000000000004ab .LASF52
C:\Users\stapi\AppData\Local\Temp\ccSWRkZ2.s:1641   .debug_str:0000000000000295 .LASF53
C:\Users\stapi\AppData\Local\Temp\ccSWRkZ2.s:1731   .debug_str:00000000000004b0 .LASF54
C:\Users\stapi\AppData\Local\Temp\ccSWRkZ2.s:1687   .debug_str:00000000000003b9 .LASF55
C:\Users\stapi\AppData\Local\Temp\ccSWRkZ2.s:1591   .debug_str:0000000000000000 .LASF56
C:\Users\stapi\AppData\Local\Temp\ccSWRkZ2.s:1645   .debug_str:00000000000002a7 .LASF57
C:\Users\stapi\AppData\Local\Temp\ccSWRkZ2.s:1595   .debug_str:0000000000000097 .LASF58
C:\Users\stapi\AppData\Local\Temp\ccSWRkZ2.s:1765   .debug_str:00000000000005f0 .LASF59
C:\Users\stapi\AppData\Local\Temp\ccSWRkZ2.s:1653   .debug_str:00000000000002d4 .LASF60
C:\Users\stapi\AppData\Local\Temp\ccSWRkZ2.s:1637   .debug_str:000000000000027f .LASF61
C:\Users\stapi\AppData\Local\Temp\ccSWRkZ2.s:1773   .debug_str:0000000000000614 .LASF62
C:\Users\stapi\AppData\Local\Temp\ccSWRkZ2.s:1711   .debug_str:0000000000000444 .LASF63
C:\Users\stapi\AppData\Local\Temp\ccSWRkZ2.s:1755   .debug_str:00000000000005b7 .LASF64
C:\Users\stapi\AppData\Local\Temp\ccSWRkZ2.s:1733   .debug_str:00000000000004b7 .LASF65
C:\Users\stapi\AppData\Local\Temp\ccSWRkZ2.s:1743   .debug_str:000000000000057d .LASF66
C:\Users\stapi\AppData\Local\Temp\ccSWRkZ2.s:1631   .debug_str:000000000000016b .LASF67
C:\Users\stapi\AppData\Local\Temp\ccSWRkZ2.s:1671   .debug_str:0000000000000357 .LASF68
C:\Users\stapi\AppData\Local\Temp\ccSWRkZ2.s:1679   .debug_str:0000000000000387 .LASF69
C:\Users\stapi\AppData\Local\Temp\ccSWRkZ2.s:1633   .debug_str:0000000000000174 .LASF70
C:\Users\stapi\AppData\Local\Temp\ccSWRkZ2.s:1623   .debug_str:0000000000000139 .LASF71
C:\Users\stapi\AppData\Local\Temp\ccSWRkZ2.s:1705   .debug_str:0000000000000413 .LASF72
C:\Users\stapi\AppData\Local\Temp\ccSWRkZ2.s:1701   .debug_str:00000000000003f5 .LASF73
C:\Users\stapi\AppData\Local\Temp\ccSWRkZ2.s:1677   .debug_str:0000000000000377 .LASF74
C:\Users\stapi\AppData\Local\Temp\ccSWRkZ2.s:1697   .debug_str:00000000000003dd .LASF75
C:\Users\stapi\AppData\Local\Temp\ccSWRkZ2.s:1717   .debug_str:000000000000046c .LASF76
C:\Users\stapi\AppData\Local\Temp\ccSWRkZ2.s:1609   .debug_str:00000000000000e9 .LASF77
C:\Users\stapi\AppData\Local\Temp\ccSWRkZ2.s:1617   .debug_str:000000000000010f .LASF78
C:\Users\stapi\AppData\Local\Temp\ccSWRkZ2.s:1775   .debug_str:0000000000000622 .LASF79
C:\Users\stapi\AppData\Local\Temp\ccSWRkZ2.s:1771   .debug_str:0000000000000607 .LASF80
C:\Users\stapi\AppData\Local\Temp\ccSWRkZ2.s:1715   .debug_str:000000000000045c .LASF81
C:\Users\stapi\AppData\Local\Temp\ccSWRkZ2.s:1669   .debug_str:0000000000000342 .LASF82
C:\Users\stapi\AppData\Local\Temp\ccSWRkZ2.s:1783   .debug_str:000000000000064e .LASF83
C:\Users\stapi\AppData\Local\Temp\ccSWRkZ2.s:1655   .debug_str:00000000000002db .LASF84
C:\Users\stapi\AppData\Local\Temp\ccSWRkZ2.s:1751   .debug_str:0000000000000597 .LASF85
C:\Users\stapi\AppData\Local\Temp\ccSWRkZ2.s:1665   .debug_str:000000000000032c .LASF86
C:\Users\stapi\AppData\Local\Temp\ccSWRkZ2.s:1647   .debug_str:00000000000002b0 .LASF87
C:\Users\stapi\AppData\Local\Temp\ccSWRkZ2.s:1709   .debug_str:000000000000042a .LASF88
C:\Users\stapi\AppData\Local\Temp\ccSWRkZ2.s:1621   .debug_str:0000000000000129 .LASF89
C:\Users\stapi\AppData\Local\Temp\ccSWRkZ2.s:1601   .debug_str:00000000000000bc .LASF90
C:\Users\stapi\AppData\Local\Temp\ccSWRkZ2.s:1597   .debug_str:000000000000009d .LASF92
C:\Users\stapi\AppData\Local\Temp\ccSWRkZ2.s:79     .text.altcp_tls_alloc:0000000000000000 .LFB5
C:\Users\stapi\AppData\Local\Temp\ccSWRkZ2.s:88     .text.altcp_tls_alloc:0000000000000008 .LFE5
C:\Users\stapi\AppData\Local\Temp\ccSWRkZ2.s:1473   .debug_loc:0000000000000000 .LLST4
C:\Users\stapi\AppData\Local\Temp\ccSWRkZ2.s:1769   .debug_str:00000000000005ff .LASF91
C:\Users\stapi\AppData\Local\Temp\ccSWRkZ2.s:1487   .debug_loc:0000000000000021 .LLST5
C:\Users\stapi\AppData\Local\Temp\ccSWRkZ2.s:86     .text.altcp_tls_alloc:0000000000000008 .LVL10
C:\Users\stapi\AppData\Local\Temp\ccSWRkZ2.s:1649   .debug_str:00000000000002c1 .LASF93
C:\Users\stapi\AppData\Local\Temp\ccSWRkZ2.s:14     .text.altcp_tls_new:0000000000000000 .LFB4
C:\Users\stapi\AppData\Local\Temp\ccSWRkZ2.s:72     .text.altcp_tls_new:0000000000000040 .LFE4
C:\Users\stapi\AppData\Local\Temp\ccSWRkZ2.s:1629   .debug_str:0000000000000164 .LASF94
C:\Users\stapi\AppData\Local\Temp\ccSWRkZ2.s:1501   .debug_loc:0000000000000042 .LLST0
C:\Users\stapi\AppData\Local\Temp\ccSWRkZ2.s:1530   .debug_loc:0000000000000087 .LLST1
C:\Users\stapi\AppData\Local\Temp\ccSWRkZ2.s:1544   .debug_loc:00000000000000a8 .LLST2
C:\Users\stapi\AppData\Local\Temp\ccSWRkZ2.s:1559   .debug_loc:00000000000000d1 .LLST3
C:\Users\stapi\AppData\Local\Temp\ccSWRkZ2.s:33     .text.altcp_tls_new:0000000000000014 .LVL2
C:\Users\stapi\AppData\Local\Temp\ccSWRkZ2.s:45     .text.altcp_tls_new:0000000000000024 .LVL4
C:\Users\stapi\AppData\Local\Temp\ccSWRkZ2.s:54     .text.altcp_tls_new:0000000000000032 .LVL6
C:\Users\stapi\AppData\Local\Temp\ccSWRkZ2.s:1683   .debug_str:000000000000039d .LASF101
C:\Users\stapi\AppData\Local\Temp\ccSWRkZ2.s:1739   .debug_str:00000000000004de .LASF95
C:\Users\stapi\AppData\Local\Temp\ccSWRkZ2.s:1599   .debug_str:00000000000000ad .LASF96
C:\Users\stapi\AppData\Local\Temp\ccSWRkZ2.s:1675   .debug_str:000000000000036b .LASF97
C:\Users\stapi\AppData\Local\Temp\ccSWRkZ2.s:82     .text.altcp_tls_alloc:0000000000000000 .LVL9
C:\Users\stapi\AppData\Local\Temp\ccSWRkZ2.s:18     .text.altcp_tls_new:0000000000000000 .LVL0
C:\Users\stapi\AppData\Local\Temp\ccSWRkZ2.s:31     .text.altcp_tls_new:000000000000000c .LVL1
C:\Users\stapi\AppData\Local\Temp\ccSWRkZ2.s:47     .text.altcp_tls_new:0000000000000026 .LVL5
C:\Users\stapi\AppData\Local\Temp\ccSWRkZ2.s:64     .text.altcp_tls_new:000000000000003c .LVL7
C:\Users\stapi\AppData\Local\Temp\ccSWRkZ2.s:69     .text.altcp_tls_new:000000000000003e .LVL8
C:\Users\stapi\AppData\Local\Temp\ccSWRkZ2.s:43     .text.altcp_tls_new:000000000000001c .LVL3
C:\Users\stapi\AppData\Local\Temp\ccSWRkZ2.s:104    .debug_info:0000000000000000 .Ldebug_info0

UNDEFINED SYMBOLS
__riscv_save_2
altcp_tcp_new_ip_type
altcp_tls_wrap
altcp_close
__riscv_restore_2
