   1              		.file	"err.c"
   2              		.option nopic
   3              		.attribute arch, "rv32i2p0_m2p0_a2p0_f2p0_c2p0_b_p0p94"
   4              		.attribute unaligned_access, 0
   5              		.attribute stack_align, 16
   6              		.text
   7              	.Ltext0:
   8              		.cfi_sections	.debug_frame
   9              		.section	.text.err_to_errno,"ax",@progbits
  10              		.align	1
  11              		.globl	err_to_errno
  13              	err_to_errno:
  14              	.LFB3:
  15              		.file 1 "C:/Users/stapi/OneDrive/Desktop/GD32VW553/V1_MQTT_OK/GD32VW55X_Wifi_BLE_SDK/GD32VW55x_REL
   1:C:/Users/stapi/OneDrive/Desktop/GD32VW553/V1_MQTT_OK/GD32VW55X_Wifi_BLE_SDK/GD32VW55x_RELEASE_V1.0.2/MSDK/lwip/lwip-2.1.2/src/api\err.c **** /**
   2:C:/Users/stapi/OneDrive/Desktop/GD32VW553/V1_MQTT_OK/GD32VW55X_Wifi_BLE_SDK/GD32VW55x_RELEASE_V1.0.2/MSDK/lwip/lwip-2.1.2/src/api\err.c ****  * @file
   3:C:/Users/stapi/OneDrive/Desktop/GD32VW553/V1_MQTT_OK/GD32VW55X_Wifi_BLE_SDK/GD32VW55x_RELEASE_V1.0.2/MSDK/lwip/lwip-2.1.2/src/api\err.c ****  * Error Management module
   4:C:/Users/stapi/OneDrive/Desktop/GD32VW553/V1_MQTT_OK/GD32VW55X_Wifi_BLE_SDK/GD32VW55x_RELEASE_V1.0.2/MSDK/lwip/lwip-2.1.2/src/api\err.c ****  *
   5:C:/Users/stapi/OneDrive/Desktop/GD32VW553/V1_MQTT_OK/GD32VW55X_Wifi_BLE_SDK/GD32VW55x_RELEASE_V1.0.2/MSDK/lwip/lwip-2.1.2/src/api\err.c ****  */
   6:C:/Users/stapi/OneDrive/Desktop/GD32VW553/V1_MQTT_OK/GD32VW55X_Wifi_BLE_SDK/GD32VW55x_RELEASE_V1.0.2/MSDK/lwip/lwip-2.1.2/src/api\err.c **** 
   7:C:/Users/stapi/OneDrive/Desktop/GD32VW553/V1_MQTT_OK/GD32VW55X_Wifi_BLE_SDK/GD32VW55x_RELEASE_V1.0.2/MSDK/lwip/lwip-2.1.2/src/api\err.c **** /*
   8:C:/Users/stapi/OneDrive/Desktop/GD32VW553/V1_MQTT_OK/GD32VW55X_Wifi_BLE_SDK/GD32VW55x_RELEASE_V1.0.2/MSDK/lwip/lwip-2.1.2/src/api\err.c ****  * Copyright (c) 2001-2004 Swedish Institute of Computer Science.
   9:C:/Users/stapi/OneDrive/Desktop/GD32VW553/V1_MQTT_OK/GD32VW55X_Wifi_BLE_SDK/GD32VW55x_RELEASE_V1.0.2/MSDK/lwip/lwip-2.1.2/src/api\err.c ****  * Copyright (c) 2024, GigaDevice Semiconductor Inc.
  10:C:/Users/stapi/OneDrive/Desktop/GD32VW553/V1_MQTT_OK/GD32VW55X_Wifi_BLE_SDK/GD32VW55x_RELEASE_V1.0.2/MSDK/lwip/lwip-2.1.2/src/api\err.c ****  * All rights reserved.
  11:C:/Users/stapi/OneDrive/Desktop/GD32VW553/V1_MQTT_OK/GD32VW55X_Wifi_BLE_SDK/GD32VW55x_RELEASE_V1.0.2/MSDK/lwip/lwip-2.1.2/src/api\err.c ****  *
  12:C:/Users/stapi/OneDrive/Desktop/GD32VW553/V1_MQTT_OK/GD32VW55X_Wifi_BLE_SDK/GD32VW55x_RELEASE_V1.0.2/MSDK/lwip/lwip-2.1.2/src/api\err.c ****  * Redistribution and use in source and binary forms, with or without modification,
  13:C:/Users/stapi/OneDrive/Desktop/GD32VW553/V1_MQTT_OK/GD32VW55X_Wifi_BLE_SDK/GD32VW55x_RELEASE_V1.0.2/MSDK/lwip/lwip-2.1.2/src/api\err.c ****  * are permitted provided that the following conditions are met:
  14:C:/Users/stapi/OneDrive/Desktop/GD32VW553/V1_MQTT_OK/GD32VW55X_Wifi_BLE_SDK/GD32VW55x_RELEASE_V1.0.2/MSDK/lwip/lwip-2.1.2/src/api\err.c ****  *
  15:C:/Users/stapi/OneDrive/Desktop/GD32VW553/V1_MQTT_OK/GD32VW55X_Wifi_BLE_SDK/GD32VW55x_RELEASE_V1.0.2/MSDK/lwip/lwip-2.1.2/src/api\err.c ****  * 1. Redistributions of source code must retain the above copyright notice,
  16:C:/Users/stapi/OneDrive/Desktop/GD32VW553/V1_MQTT_OK/GD32VW55X_Wifi_BLE_SDK/GD32VW55x_RELEASE_V1.0.2/MSDK/lwip/lwip-2.1.2/src/api\err.c ****  *    this list of conditions and the following disclaimer.
  17:C:/Users/stapi/OneDrive/Desktop/GD32VW553/V1_MQTT_OK/GD32VW55X_Wifi_BLE_SDK/GD32VW55x_RELEASE_V1.0.2/MSDK/lwip/lwip-2.1.2/src/api\err.c ****  * 2. Redistributions in binary form must reproduce the above copyright notice,
  18:C:/Users/stapi/OneDrive/Desktop/GD32VW553/V1_MQTT_OK/GD32VW55X_Wifi_BLE_SDK/GD32VW55x_RELEASE_V1.0.2/MSDK/lwip/lwip-2.1.2/src/api\err.c ****  *    this list of conditions and the following disclaimer in the documentation
  19:C:/Users/stapi/OneDrive/Desktop/GD32VW553/V1_MQTT_OK/GD32VW55X_Wifi_BLE_SDK/GD32VW55x_RELEASE_V1.0.2/MSDK/lwip/lwip-2.1.2/src/api\err.c ****  *    and/or other materials provided with the distribution.
  20:C:/Users/stapi/OneDrive/Desktop/GD32VW553/V1_MQTT_OK/GD32VW55X_Wifi_BLE_SDK/GD32VW55x_RELEASE_V1.0.2/MSDK/lwip/lwip-2.1.2/src/api\err.c ****  * 3. The name of the author may not be used to endorse or promote products
  21:C:/Users/stapi/OneDrive/Desktop/GD32VW553/V1_MQTT_OK/GD32VW55X_Wifi_BLE_SDK/GD32VW55x_RELEASE_V1.0.2/MSDK/lwip/lwip-2.1.2/src/api\err.c ****  *    derived from this software without specific prior written permission.
  22:C:/Users/stapi/OneDrive/Desktop/GD32VW553/V1_MQTT_OK/GD32VW55X_Wifi_BLE_SDK/GD32VW55x_RELEASE_V1.0.2/MSDK/lwip/lwip-2.1.2/src/api\err.c ****  *
  23:C:/Users/stapi/OneDrive/Desktop/GD32VW553/V1_MQTT_OK/GD32VW55X_Wifi_BLE_SDK/GD32VW55x_RELEASE_V1.0.2/MSDK/lwip/lwip-2.1.2/src/api\err.c ****  * THIS SOFTWARE IS PROVIDED BY THE AUTHOR ``AS IS'' AND ANY EXPRESS OR IMPLIED
  24:C:/Users/stapi/OneDrive/Desktop/GD32VW553/V1_MQTT_OK/GD32VW55X_Wifi_BLE_SDK/GD32VW55x_RELEASE_V1.0.2/MSDK/lwip/lwip-2.1.2/src/api\err.c ****  * WARRANTIES, INCLUDING, BUT NOT LIMITED TO, THE IMPLIED WARRANTIES OF
  25:C:/Users/stapi/OneDrive/Desktop/GD32VW553/V1_MQTT_OK/GD32VW55X_Wifi_BLE_SDK/GD32VW55x_RELEASE_V1.0.2/MSDK/lwip/lwip-2.1.2/src/api\err.c ****  * MERCHANTABILITY AND FITNESS FOR A PARTICULAR PURPOSE ARE DISCLAIMED. IN NO EVENT
  26:C:/Users/stapi/OneDrive/Desktop/GD32VW553/V1_MQTT_OK/GD32VW55X_Wifi_BLE_SDK/GD32VW55x_RELEASE_V1.0.2/MSDK/lwip/lwip-2.1.2/src/api\err.c ****  * SHALL THE AUTHOR BE LIABLE FOR ANY DIRECT, INDIRECT, INCIDENTAL, SPECIAL,
  27:C:/Users/stapi/OneDrive/Desktop/GD32VW553/V1_MQTT_OK/GD32VW55X_Wifi_BLE_SDK/GD32VW55x_RELEASE_V1.0.2/MSDK/lwip/lwip-2.1.2/src/api\err.c ****  * EXEMPLARY, OR CONSEQUENTIAL DAMAGES (INCLUDING, BUT NOT LIMITED TO, PROCUREMENT
  28:C:/Users/stapi/OneDrive/Desktop/GD32VW553/V1_MQTT_OK/GD32VW55X_Wifi_BLE_SDK/GD32VW55x_RELEASE_V1.0.2/MSDK/lwip/lwip-2.1.2/src/api\err.c ****  * OF SUBSTITUTE GOODS OR SERVICES; LOSS OF USE, DATA, OR PROFITS; OR BUSINESS
  29:C:/Users/stapi/OneDrive/Desktop/GD32VW553/V1_MQTT_OK/GD32VW55X_Wifi_BLE_SDK/GD32VW55x_RELEASE_V1.0.2/MSDK/lwip/lwip-2.1.2/src/api\err.c ****  * INTERRUPTION) HOWEVER CAUSED AND ON ANY THEORY OF LIABILITY, WHETHER IN
  30:C:/Users/stapi/OneDrive/Desktop/GD32VW553/V1_MQTT_OK/GD32VW55X_Wifi_BLE_SDK/GD32VW55x_RELEASE_V1.0.2/MSDK/lwip/lwip-2.1.2/src/api\err.c ****  * CONTRACT, STRICT LIABILITY, OR TORT (INCLUDING NEGLIGENCE OR OTHERWISE) ARISING
  31:C:/Users/stapi/OneDrive/Desktop/GD32VW553/V1_MQTT_OK/GD32VW55X_Wifi_BLE_SDK/GD32VW55x_RELEASE_V1.0.2/MSDK/lwip/lwip-2.1.2/src/api\err.c ****  * IN ANY WAY OUT OF THE USE OF THIS SOFTWARE, EVEN IF ADVISED OF THE POSSIBILITY
  32:C:/Users/stapi/OneDrive/Desktop/GD32VW553/V1_MQTT_OK/GD32VW55X_Wifi_BLE_SDK/GD32VW55x_RELEASE_V1.0.2/MSDK/lwip/lwip-2.1.2/src/api\err.c ****  * OF SUCH DAMAGE.
  33:C:/Users/stapi/OneDrive/Desktop/GD32VW553/V1_MQTT_OK/GD32VW55X_Wifi_BLE_SDK/GD32VW55x_RELEASE_V1.0.2/MSDK/lwip/lwip-2.1.2/src/api\err.c ****  *
  34:C:/Users/stapi/OneDrive/Desktop/GD32VW553/V1_MQTT_OK/GD32VW55X_Wifi_BLE_SDK/GD32VW55x_RELEASE_V1.0.2/MSDK/lwip/lwip-2.1.2/src/api\err.c ****  * This file is part of the lwIP TCP/IP stack.
  35:C:/Users/stapi/OneDrive/Desktop/GD32VW553/V1_MQTT_OK/GD32VW55X_Wifi_BLE_SDK/GD32VW55x_RELEASE_V1.0.2/MSDK/lwip/lwip-2.1.2/src/api\err.c ****  *
  36:C:/Users/stapi/OneDrive/Desktop/GD32VW553/V1_MQTT_OK/GD32VW55X_Wifi_BLE_SDK/GD32VW55x_RELEASE_V1.0.2/MSDK/lwip/lwip-2.1.2/src/api\err.c ****  * Author: Adam Dunkels <adam@sics.se>
  37:C:/Users/stapi/OneDrive/Desktop/GD32VW553/V1_MQTT_OK/GD32VW55X_Wifi_BLE_SDK/GD32VW55x_RELEASE_V1.0.2/MSDK/lwip/lwip-2.1.2/src/api\err.c ****  *
  38:C:/Users/stapi/OneDrive/Desktop/GD32VW553/V1_MQTT_OK/GD32VW55X_Wifi_BLE_SDK/GD32VW55x_RELEASE_V1.0.2/MSDK/lwip/lwip-2.1.2/src/api\err.c ****  */
  39:C:/Users/stapi/OneDrive/Desktop/GD32VW553/V1_MQTT_OK/GD32VW55X_Wifi_BLE_SDK/GD32VW55x_RELEASE_V1.0.2/MSDK/lwip/lwip-2.1.2/src/api\err.c **** 
  40:C:/Users/stapi/OneDrive/Desktop/GD32VW553/V1_MQTT_OK/GD32VW55X_Wifi_BLE_SDK/GD32VW55x_RELEASE_V1.0.2/MSDK/lwip/lwip-2.1.2/src/api\err.c **** #include "lwip/err.h"
  41:C:/Users/stapi/OneDrive/Desktop/GD32VW553/V1_MQTT_OK/GD32VW55X_Wifi_BLE_SDK/GD32VW55x_RELEASE_V1.0.2/MSDK/lwip/lwip-2.1.2/src/api\err.c **** #include "lwip/def.h"
  42:C:/Users/stapi/OneDrive/Desktop/GD32VW553/V1_MQTT_OK/GD32VW55X_Wifi_BLE_SDK/GD32VW55x_RELEASE_V1.0.2/MSDK/lwip/lwip-2.1.2/src/api\err.c **** #include "lwip/sys.h"
  43:C:/Users/stapi/OneDrive/Desktop/GD32VW553/V1_MQTT_OK/GD32VW55X_Wifi_BLE_SDK/GD32VW55x_RELEASE_V1.0.2/MSDK/lwip/lwip-2.1.2/src/api\err.c **** 
  44:C:/Users/stapi/OneDrive/Desktop/GD32VW553/V1_MQTT_OK/GD32VW55X_Wifi_BLE_SDK/GD32VW55x_RELEASE_V1.0.2/MSDK/lwip/lwip-2.1.2/src/api\err.c **** #include "lwip/errno.h"
  45:C:/Users/stapi/OneDrive/Desktop/GD32VW553/V1_MQTT_OK/GD32VW55X_Wifi_BLE_SDK/GD32VW55x_RELEASE_V1.0.2/MSDK/lwip/lwip-2.1.2/src/api\err.c **** 
  46:C:/Users/stapi/OneDrive/Desktop/GD32VW553/V1_MQTT_OK/GD32VW55X_Wifi_BLE_SDK/GD32VW55x_RELEASE_V1.0.2/MSDK/lwip/lwip-2.1.2/src/api\err.c **** /* FT TAG */
  47:C:/Users/stapi/OneDrive/Desktop/GD32VW553/V1_MQTT_OK/GD32VW55X_Wifi_BLE_SDK/GD32VW55x_RELEASE_V1.0.2/MSDK/lwip/lwip-2.1.2/src/api\err.c **** int errno;
  48:C:/Users/stapi/OneDrive/Desktop/GD32VW553/V1_MQTT_OK/GD32VW55X_Wifi_BLE_SDK/GD32VW55x_RELEASE_V1.0.2/MSDK/lwip/lwip-2.1.2/src/api\err.c **** /* FT TAG */
  49:C:/Users/stapi/OneDrive/Desktop/GD32VW553/V1_MQTT_OK/GD32VW55X_Wifi_BLE_SDK/GD32VW55x_RELEASE_V1.0.2/MSDK/lwip/lwip-2.1.2/src/api\err.c **** 
  50:C:/Users/stapi/OneDrive/Desktop/GD32VW553/V1_MQTT_OK/GD32VW55X_Wifi_BLE_SDK/GD32VW55x_RELEASE_V1.0.2/MSDK/lwip/lwip-2.1.2/src/api\err.c **** #if !NO_SYS
  51:C:/Users/stapi/OneDrive/Desktop/GD32VW553/V1_MQTT_OK/GD32VW55X_Wifi_BLE_SDK/GD32VW55x_RELEASE_V1.0.2/MSDK/lwip/lwip-2.1.2/src/api\err.c **** /** Table to quickly map an lwIP error (err_t) to a socket error
  52:C:/Users/stapi/OneDrive/Desktop/GD32VW553/V1_MQTT_OK/GD32VW55X_Wifi_BLE_SDK/GD32VW55x_RELEASE_V1.0.2/MSDK/lwip/lwip-2.1.2/src/api\err.c ****   * by using -err as an index */
  53:C:/Users/stapi/OneDrive/Desktop/GD32VW553/V1_MQTT_OK/GD32VW55X_Wifi_BLE_SDK/GD32VW55x_RELEASE_V1.0.2/MSDK/lwip/lwip-2.1.2/src/api\err.c **** static const int err_to_errno_table[] = {
  54:C:/Users/stapi/OneDrive/Desktop/GD32VW553/V1_MQTT_OK/GD32VW55X_Wifi_BLE_SDK/GD32VW55x_RELEASE_V1.0.2/MSDK/lwip/lwip-2.1.2/src/api\err.c ****   0,             /* ERR_OK          0      No error, everything OK. */
  55:C:/Users/stapi/OneDrive/Desktop/GD32VW553/V1_MQTT_OK/GD32VW55X_Wifi_BLE_SDK/GD32VW55x_RELEASE_V1.0.2/MSDK/lwip/lwip-2.1.2/src/api\err.c ****   ENOMEM,        /* ERR_MEM        -1      Out of memory error.     */
  56:C:/Users/stapi/OneDrive/Desktop/GD32VW553/V1_MQTT_OK/GD32VW55X_Wifi_BLE_SDK/GD32VW55x_RELEASE_V1.0.2/MSDK/lwip/lwip-2.1.2/src/api\err.c ****   ENOBUFS,       /* ERR_BUF        -2      Buffer error.            */
  57:C:/Users/stapi/OneDrive/Desktop/GD32VW553/V1_MQTT_OK/GD32VW55X_Wifi_BLE_SDK/GD32VW55x_RELEASE_V1.0.2/MSDK/lwip/lwip-2.1.2/src/api\err.c ****   EWOULDBLOCK,   /* ERR_TIMEOUT    -3      Timeout                  */
  58:C:/Users/stapi/OneDrive/Desktop/GD32VW553/V1_MQTT_OK/GD32VW55X_Wifi_BLE_SDK/GD32VW55x_RELEASE_V1.0.2/MSDK/lwip/lwip-2.1.2/src/api\err.c ****   EHOSTUNREACH,  /* ERR_RTE        -4      Routing problem.         */
  59:C:/Users/stapi/OneDrive/Desktop/GD32VW553/V1_MQTT_OK/GD32VW55X_Wifi_BLE_SDK/GD32VW55x_RELEASE_V1.0.2/MSDK/lwip/lwip-2.1.2/src/api\err.c ****   EINPROGRESS,   /* ERR_INPROGRESS -5      Operation in progress    */
  60:C:/Users/stapi/OneDrive/Desktop/GD32VW553/V1_MQTT_OK/GD32VW55X_Wifi_BLE_SDK/GD32VW55x_RELEASE_V1.0.2/MSDK/lwip/lwip-2.1.2/src/api\err.c ****   EINVAL,        /* ERR_VAL        -6      Illegal value.           */
  61:C:/Users/stapi/OneDrive/Desktop/GD32VW553/V1_MQTT_OK/GD32VW55X_Wifi_BLE_SDK/GD32VW55x_RELEASE_V1.0.2/MSDK/lwip/lwip-2.1.2/src/api\err.c ****   EWOULDBLOCK,   /* ERR_WOULDBLOCK -7      Operation would block.   */
  62:C:/Users/stapi/OneDrive/Desktop/GD32VW553/V1_MQTT_OK/GD32VW55X_Wifi_BLE_SDK/GD32VW55x_RELEASE_V1.0.2/MSDK/lwip/lwip-2.1.2/src/api\err.c ****   EADDRINUSE,    /* ERR_USE        -8      Address in use.          */
  63:C:/Users/stapi/OneDrive/Desktop/GD32VW553/V1_MQTT_OK/GD32VW55X_Wifi_BLE_SDK/GD32VW55x_RELEASE_V1.0.2/MSDK/lwip/lwip-2.1.2/src/api\err.c ****   EALREADY,      /* ERR_ALREADY    -9      Already connecting.      */
  64:C:/Users/stapi/OneDrive/Desktop/GD32VW553/V1_MQTT_OK/GD32VW55X_Wifi_BLE_SDK/GD32VW55x_RELEASE_V1.0.2/MSDK/lwip/lwip-2.1.2/src/api\err.c ****   EISCONN,       /* ERR_ISCONN     -10     Conn already established.*/
  65:C:/Users/stapi/OneDrive/Desktop/GD32VW553/V1_MQTT_OK/GD32VW55X_Wifi_BLE_SDK/GD32VW55x_RELEASE_V1.0.2/MSDK/lwip/lwip-2.1.2/src/api\err.c ****   ENOTCONN,      /* ERR_CONN       -11     Not connected.           */
  66:C:/Users/stapi/OneDrive/Desktop/GD32VW553/V1_MQTT_OK/GD32VW55X_Wifi_BLE_SDK/GD32VW55x_RELEASE_V1.0.2/MSDK/lwip/lwip-2.1.2/src/api\err.c ****   -1,            /* ERR_IF         -12     Low-level netif error    */
  67:C:/Users/stapi/OneDrive/Desktop/GD32VW553/V1_MQTT_OK/GD32VW55X_Wifi_BLE_SDK/GD32VW55x_RELEASE_V1.0.2/MSDK/lwip/lwip-2.1.2/src/api\err.c ****   ECONNABORTED,  /* ERR_ABRT       -13     Connection aborted.      */
  68:C:/Users/stapi/OneDrive/Desktop/GD32VW553/V1_MQTT_OK/GD32VW55X_Wifi_BLE_SDK/GD32VW55x_RELEASE_V1.0.2/MSDK/lwip/lwip-2.1.2/src/api\err.c ****   ECONNRESET,    /* ERR_RST        -14     Connection reset.        */
  69:C:/Users/stapi/OneDrive/Desktop/GD32VW553/V1_MQTT_OK/GD32VW55X_Wifi_BLE_SDK/GD32VW55x_RELEASE_V1.0.2/MSDK/lwip/lwip-2.1.2/src/api\err.c ****   ENOTCONN,      /* ERR_CLSD       -15     Connection closed.       */
  70:C:/Users/stapi/OneDrive/Desktop/GD32VW553/V1_MQTT_OK/GD32VW55X_Wifi_BLE_SDK/GD32VW55x_RELEASE_V1.0.2/MSDK/lwip/lwip-2.1.2/src/api\err.c ****   EIO            /* ERR_ARG        -16     Illegal argument.        */
  71:C:/Users/stapi/OneDrive/Desktop/GD32VW553/V1_MQTT_OK/GD32VW55X_Wifi_BLE_SDK/GD32VW55x_RELEASE_V1.0.2/MSDK/lwip/lwip-2.1.2/src/api\err.c **** };
  72:C:/Users/stapi/OneDrive/Desktop/GD32VW553/V1_MQTT_OK/GD32VW55X_Wifi_BLE_SDK/GD32VW55x_RELEASE_V1.0.2/MSDK/lwip/lwip-2.1.2/src/api\err.c **** 
  73:C:/Users/stapi/OneDrive/Desktop/GD32VW553/V1_MQTT_OK/GD32VW55X_Wifi_BLE_SDK/GD32VW55x_RELEASE_V1.0.2/MSDK/lwip/lwip-2.1.2/src/api\err.c **** int
  74:C:/Users/stapi/OneDrive/Desktop/GD32VW553/V1_MQTT_OK/GD32VW55X_Wifi_BLE_SDK/GD32VW55x_RELEASE_V1.0.2/MSDK/lwip/lwip-2.1.2/src/api\err.c **** err_to_errno(err_t err)
  75:C:/Users/stapi/OneDrive/Desktop/GD32VW553/V1_MQTT_OK/GD32VW55X_Wifi_BLE_SDK/GD32VW55x_RELEASE_V1.0.2/MSDK/lwip/lwip-2.1.2/src/api\err.c **** {
  16              		.loc 1 75 1
  17              		.cfi_startproc
  18              	.LVL0:
  76:C:/Users/stapi/OneDrive/Desktop/GD32VW553/V1_MQTT_OK/GD32VW55X_Wifi_BLE_SDK/GD32VW55x_RELEASE_V1.0.2/MSDK/lwip/lwip-2.1.2/src/api\err.c ****   if ((err > 0) || (-err >= (err_t)LWIP_ARRAYSIZE(err_to_errno_table))) {
  19              		.loc 1 76 3
  20              		.loc 1 76 17 is_stmt 0
  21 0000 93070501 		addi	a5,a0,16
  22              		.loc 1 76 6
  23 0004 93F7F70F 		andi	a5,a5,0xff
  24 0008 4147     		li	a4,16
  25 000a 636CF700 		bgtu	a5,a4,.L3
  77:C:/Users/stapi/OneDrive/Desktop/GD32VW553/V1_MQTT_OK/GD32VW55X_Wifi_BLE_SDK/GD32VW55x_RELEASE_V1.0.2/MSDK/lwip/lwip-2.1.2/src/api\err.c ****     return EIO;
  78:C:/Users/stapi/OneDrive/Desktop/GD32VW553/V1_MQTT_OK/GD32VW55X_Wifi_BLE_SDK/GD32VW55x_RELEASE_V1.0.2/MSDK/lwip/lwip-2.1.2/src/api\err.c ****   }
  79:C:/Users/stapi/OneDrive/Desktop/GD32VW553/V1_MQTT_OK/GD32VW55X_Wifi_BLE_SDK/GD32VW55x_RELEASE_V1.0.2/MSDK/lwip/lwip-2.1.2/src/api\err.c ****   return err_to_errno_table[-err];
  26              		.loc 1 79 3 is_stmt 1
  27              		.loc 1 79 28 is_stmt 0
  28 000e B7070000 		lui	a5,%hi(.LANCHOR0)
  29 0012 93870700 		addi	a5,a5,%lo(.LANCHOR0)
  30              		.loc 1 79 29
  31 0016 3305A040 		neg	a0,a0
  32              	.LVL1:
  33              		.loc 1 79 28
  34 001a 3345F520 		sh2add	a0,a0,a5
  35 001e 0841     		lw	a0,0(a0)
  36 0020 8280     		ret
  37              	.LVL2:
  38              	.L3:
  77:C:/Users/stapi/OneDrive/Desktop/GD32VW553/V1_MQTT_OK/GD32VW55X_Wifi_BLE_SDK/GD32VW55x_RELEASE_V1.0.2/MSDK/lwip/lwip-2.1.2/src/api\err.c ****     return EIO;
  39              		.loc 1 77 12
  40 0022 1545     		li	a0,5
  41              	.LVL3:
  80:C:/Users/stapi/OneDrive/Desktop/GD32VW553/V1_MQTT_OK/GD32VW55X_Wifi_BLE_SDK/GD32VW55x_RELEASE_V1.0.2/MSDK/lwip/lwip-2.1.2/src/api\err.c **** }
  42              		.loc 1 80 1
  43 0024 8280     		ret
  44              		.cfi_endproc
  45              	.LFE3:
  47              		.globl	errno
  48              		.section	.rodata.err_to_errno_table,"a"
  49              		.align	2
  50              		.set	.LANCHOR0,. + 0
  53              	err_to_errno_table:
  54 0000 00000000 		.word	0
  55 0004 0C000000 		.word	12
  56 0008 69000000 		.word	105
  57 000c 0B000000 		.word	11
  58 0010 71000000 		.word	113
  59 0014 73000000 		.word	115
  60 0018 16000000 		.word	22
  61 001c 0B000000 		.word	11
  62 0020 62000000 		.word	98
  63 0024 72000000 		.word	114
  64 0028 6A000000 		.word	106
  65 002c 6B000000 		.word	107
  66 0030 FFFFFFFF 		.word	-1
  67 0034 67000000 		.word	103
  68 0038 68000000 		.word	104
  69 003c 6B000000 		.word	107
  70 0040 05000000 		.word	5
  71              		.section	.sbss.errno,"aw",@nobits
  72              		.align	2
  75              	errno:
  76 0000 00000000 		.zero	4
  77              		.text
  78              	.Letext0:
  79              		.file 2 "c:\\users\\stapi\\onedrive\\desktop\\gd32vw553\\embeddedbuilder_v1.4.7.26843\\tools\\nucl
  80              		.file 3 "c:\\users\\stapi\\onedrive\\desktop\\gd32vw553\\embeddedbuilder_v1.4.7.26843\\tools\\nucl
  81              		.file 4 "..\\..\\..\\..\\lwip\\lwip-2.1.2\\src\\include/lwip/arch.h"
  82              		.file 5 "..\\..\\..\\..\\lwip\\lwip-2.1.2\\src\\include/lwip/err.h"
  83              		.file 6 "..\\..\\..\\..\\lwip\\lwip-2.1.2\\src\\include/lwip/errno.h"
DEFINED SYMBOLS
                            *ABS*:0000000000000000 err.c
C:\Users\stapi\AppData\Local\Temp\ccMMSLDE.s:13     .text.err_to_errno:0000000000000000 err_to_errno
C:\Users\stapi\AppData\Local\Temp\ccMMSLDE.s:17     .text.err_to_errno:0000000000000000 .L0 
C:\Users\stapi\AppData\Local\Temp\ccMMSLDE.s:19     .text.err_to_errno:0000000000000000 .L0 
C:\Users\stapi\AppData\Local\Temp\ccMMSLDE.s:20     .text.err_to_errno:0000000000000000 .L0 
C:\Users\stapi\AppData\Local\Temp\ccMMSLDE.s:21     .text.err_to_errno:0000000000000000 .L0 
C:\Users\stapi\AppData\Local\Temp\ccMMSLDE.s:23     .text.err_to_errno:0000000000000004 .L0 
C:\Users\stapi\AppData\Local\Temp\ccMMSLDE.s:27     .text.err_to_errno:000000000000000e .L0 
C:\Users\stapi\AppData\Local\Temp\ccMMSLDE.s:28     .text.err_to_errno:000000000000000e .L0 
C:\Users\stapi\AppData\Local\Temp\ccMMSLDE.s:31     .text.err_to_errno:0000000000000016 .L0 
C:\Users\stapi\AppData\Local\Temp\ccMMSLDE.s:34     .text.err_to_errno:000000000000001a .L0 
C:\Users\stapi\AppData\Local\Temp\ccMMSLDE.s:40     .text.err_to_errno:0000000000000022 .L0 
C:\Users\stapi\AppData\Local\Temp\ccMMSLDE.s:43     .text.err_to_errno:0000000000000024 .L0 
C:\Users\stapi\AppData\Local\Temp\ccMMSLDE.s:44     .text.err_to_errno:0000000000000026 .L0 
C:\Users\stapi\AppData\Local\Temp\ccMMSLDE.s:75     .sbss.errno:0000000000000000 errno
C:\Users\stapi\AppData\Local\Temp\ccMMSLDE.s:50     .rodata.err_to_errno_table:0000000000000000 .LANCHOR0
C:\Users\stapi\AppData\Local\Temp\ccMMSLDE.s:53     .rodata.err_to_errno_table:0000000000000000 err_to_errno_table
C:\Users\stapi\AppData\Local\Temp\ccMMSLDE.s:48     .text.err_to_errno:0000000000000026 .L0 
                     .debug_frame:0000000000000000 .L0 
C:\Users\stapi\AppData\Local\Temp\ccMMSLDE.s:38     .text.err_to_errno:0000000000000022 .L3
C:\Users\stapi\AppData\Local\Temp\ccMMSLDE.s:220    .debug_abbrev:0000000000000000 .Ldebug_abbrev0
C:\Users\stapi\AppData\Local\Temp\ccMMSLDE.s:466    .debug_str:00000000000000fd .LASF14
C:\Users\stapi\AppData\Local\Temp\ccMMSLDE.s:458    .debug_str:0000000000000057 .LASF15
C:\Users\stapi\AppData\Local\Temp\ccMMSLDE.s:478    .debug_str:000000000000022e .LASF16
C:\Users\stapi\AppData\Local\Temp\ccMMSLDE.s:438    .debug_ranges:0000000000000000 .Ldebug_ranges0
C:\Users\stapi\AppData\Local\Temp\ccMMSLDE.s:444    .debug_line:0000000000000000 .Ldebug_line0
C:\Users\stapi\AppData\Local\Temp\ccMMSLDE.s:472    .debug_str:0000000000000206 .LASF9
C:\Users\stapi\AppData\Local\Temp\ccMMSLDE.s:476    .debug_str:0000000000000222 .LASF0
C:\Users\stapi\AppData\Local\Temp\ccMMSLDE.s:452    .debug_str:0000000000000020 .LASF1
C:\Users\stapi\AppData\Local\Temp\ccMMSLDE.s:484    .debug_str:00000000000002ca .LASF2
C:\Users\stapi\AppData\Local\Temp\ccMMSLDE.s:474    .debug_str:000000000000020f .LASF3
C:\Users\stapi\AppData\Local\Temp\ccMMSLDE.s:468    .debug_str:00000000000001f6 .LASF4
C:\Users\stapi\AppData\Local\Temp\ccMMSLDE.s:454    .debug_str:000000000000002e .LASF5
C:\Users\stapi\AppData\Local\Temp\ccMMSLDE.s:446    .debug_str:0000000000000000 .LASF6
C:\Users\stapi\AppData\Local\Temp\ccMMSLDE.s:456    .debug_str:0000000000000040 .LASF7
C:\Users\stapi\AppData\Local\Temp\ccMMSLDE.s:450    .debug_str:0000000000000013 .LASF8
C:\Users\stapi\AppData\Local\Temp\ccMMSLDE.s:470    .debug_str:00000000000001ff .LASF10
C:\Users\stapi\AppData\Local\Temp\ccMMSLDE.s:464    .debug_str:00000000000000f8 .LASF11
C:\Users\stapi\AppData\Local\Temp\ccMMSLDE.s:448    .debug_str:000000000000000e .LASF12
C:\Users\stapi\AppData\Local\Temp\ccMMSLDE.s:460    .debug_str:00000000000000df .LASF13
C:\Users\stapi\AppData\Local\Temp\ccMMSLDE.s:480    .debug_str:00000000000002b7 .LASF17
C:\Users\stapi\AppData\Local\Temp\ccMMSLDE.s:462    .debug_str:00000000000000e5 .LASF18
C:\Users\stapi\AppData\Local\Temp\ccMMSLDE.s:482    .debug_str:00000000000002bd .LASF19
C:\Users\stapi\AppData\Local\Temp\ccMMSLDE.s:14     .text.err_to_errno:0000000000000000 .LFB3
C:\Users\stapi\AppData\Local\Temp\ccMMSLDE.s:45     .text.err_to_errno:0000000000000026 .LFE3
C:\Users\stapi\AppData\Local\Temp\ccMMSLDE.s:400    .debug_loc:0000000000000000 .LLST0
C:\Users\stapi\AppData\Local\Temp\ccMMSLDE.s:18     .text.err_to_errno:0000000000000000 .LVL0
C:\Users\stapi\AppData\Local\Temp\ccMMSLDE.s:32     .text.err_to_errno:000000000000001a .LVL1
C:\Users\stapi\AppData\Local\Temp\ccMMSLDE.s:37     .text.err_to_errno:0000000000000022 .LVL2
C:\Users\stapi\AppData\Local\Temp\ccMMSLDE.s:41     .text.err_to_errno:0000000000000024 .LVL3
C:\Users\stapi\AppData\Local\Temp\ccMMSLDE.s:85     .debug_info:0000000000000000 .Ldebug_info0

NO UNDEFINED SYMBOLS
