   1              		.file	"init.c"
   2              		.option nopic
   3              		.attribute arch, "rv32i2p0_m2p0_a2p0_f2p0_c2p0_b_p0p94"
   4              		.attribute unaligned_access, 0
   5              		.attribute stack_align, 16
   6              		.text
   7              	.Ltext0:
   8              		.cfi_sections	.debug_frame
   9              		.section	.text.lwip_init,"ax",@progbits
  10              		.align	1
  11              		.globl	lwip_init
  13              	lwip_init:
  14              	.LFB4:
  15              		.file 1 "C:/Users/stapi/OneDrive/Desktop/GD32VW553/V1_MQTT_OK/GD32VW55X_Wifi_BLE_SDK/GD32VW55x_REL
   1:C:/Users/stapi/OneDrive/Desktop/GD32VW553/V1_MQTT_OK/GD32VW55X_Wifi_BLE_SDK/GD32VW55x_RELEASE_V1.0.2/MSDK/lwip/lwip-2.1.2/src/core\init.c **** /**
   2:C:/Users/stapi/OneDrive/Desktop/GD32VW553/V1_MQTT_OK/GD32VW55X_Wifi_BLE_SDK/GD32VW55x_RELEASE_V1.0.2/MSDK/lwip/lwip-2.1.2/src/core\init.c ****  * @file
   3:C:/Users/stapi/OneDrive/Desktop/GD32VW553/V1_MQTT_OK/GD32VW55X_Wifi_BLE_SDK/GD32VW55x_RELEASE_V1.0.2/MSDK/lwip/lwip-2.1.2/src/core\init.c ****  * Modules initialization
   4:C:/Users/stapi/OneDrive/Desktop/GD32VW553/V1_MQTT_OK/GD32VW55X_Wifi_BLE_SDK/GD32VW55x_RELEASE_V1.0.2/MSDK/lwip/lwip-2.1.2/src/core\init.c ****  *
   5:C:/Users/stapi/OneDrive/Desktop/GD32VW553/V1_MQTT_OK/GD32VW55X_Wifi_BLE_SDK/GD32VW55x_RELEASE_V1.0.2/MSDK/lwip/lwip-2.1.2/src/core\init.c ****  */
   6:C:/Users/stapi/OneDrive/Desktop/GD32VW553/V1_MQTT_OK/GD32VW55X_Wifi_BLE_SDK/GD32VW55x_RELEASE_V1.0.2/MSDK/lwip/lwip-2.1.2/src/core\init.c **** 
   7:C:/Users/stapi/OneDrive/Desktop/GD32VW553/V1_MQTT_OK/GD32VW55X_Wifi_BLE_SDK/GD32VW55x_RELEASE_V1.0.2/MSDK/lwip/lwip-2.1.2/src/core\init.c **** /*
   8:C:/Users/stapi/OneDrive/Desktop/GD32VW553/V1_MQTT_OK/GD32VW55X_Wifi_BLE_SDK/GD32VW55x_RELEASE_V1.0.2/MSDK/lwip/lwip-2.1.2/src/core\init.c ****  * Copyright (c) 2001-2004 Swedish Institute of Computer Science.
   9:C:/Users/stapi/OneDrive/Desktop/GD32VW553/V1_MQTT_OK/GD32VW55X_Wifi_BLE_SDK/GD32VW55x_RELEASE_V1.0.2/MSDK/lwip/lwip-2.1.2/src/core\init.c ****  * All rights reserved.
  10:C:/Users/stapi/OneDrive/Desktop/GD32VW553/V1_MQTT_OK/GD32VW55X_Wifi_BLE_SDK/GD32VW55x_RELEASE_V1.0.2/MSDK/lwip/lwip-2.1.2/src/core\init.c ****  *
  11:C:/Users/stapi/OneDrive/Desktop/GD32VW553/V1_MQTT_OK/GD32VW55X_Wifi_BLE_SDK/GD32VW55x_RELEASE_V1.0.2/MSDK/lwip/lwip-2.1.2/src/core\init.c ****  * Redistribution and use in source and binary forms, with or without modification,
  12:C:/Users/stapi/OneDrive/Desktop/GD32VW553/V1_MQTT_OK/GD32VW55X_Wifi_BLE_SDK/GD32VW55x_RELEASE_V1.0.2/MSDK/lwip/lwip-2.1.2/src/core\init.c ****  * are permitted provided that the following conditions are met:
  13:C:/Users/stapi/OneDrive/Desktop/GD32VW553/V1_MQTT_OK/GD32VW55X_Wifi_BLE_SDK/GD32VW55x_RELEASE_V1.0.2/MSDK/lwip/lwip-2.1.2/src/core\init.c ****  *
  14:C:/Users/stapi/OneDrive/Desktop/GD32VW553/V1_MQTT_OK/GD32VW55X_Wifi_BLE_SDK/GD32VW55x_RELEASE_V1.0.2/MSDK/lwip/lwip-2.1.2/src/core\init.c ****  * 1. Redistributions of source code must retain the above copyright notice,
  15:C:/Users/stapi/OneDrive/Desktop/GD32VW553/V1_MQTT_OK/GD32VW55X_Wifi_BLE_SDK/GD32VW55x_RELEASE_V1.0.2/MSDK/lwip/lwip-2.1.2/src/core\init.c ****  *    this list of conditions and the following disclaimer.
  16:C:/Users/stapi/OneDrive/Desktop/GD32VW553/V1_MQTT_OK/GD32VW55X_Wifi_BLE_SDK/GD32VW55x_RELEASE_V1.0.2/MSDK/lwip/lwip-2.1.2/src/core\init.c ****  * 2. Redistributions in binary form must reproduce the above copyright notice,
  17:C:/Users/stapi/OneDrive/Desktop/GD32VW553/V1_MQTT_OK/GD32VW55X_Wifi_BLE_SDK/GD32VW55x_RELEASE_V1.0.2/MSDK/lwip/lwip-2.1.2/src/core\init.c ****  *    this list of conditions and the following disclaimer in the documentation
  18:C:/Users/stapi/OneDrive/Desktop/GD32VW553/V1_MQTT_OK/GD32VW55X_Wifi_BLE_SDK/GD32VW55x_RELEASE_V1.0.2/MSDK/lwip/lwip-2.1.2/src/core\init.c ****  *    and/or other materials provided with the distribution.
  19:C:/Users/stapi/OneDrive/Desktop/GD32VW553/V1_MQTT_OK/GD32VW55X_Wifi_BLE_SDK/GD32VW55x_RELEASE_V1.0.2/MSDK/lwip/lwip-2.1.2/src/core\init.c ****  * 3. The name of the author may not be used to endorse or promote products
  20:C:/Users/stapi/OneDrive/Desktop/GD32VW553/V1_MQTT_OK/GD32VW55X_Wifi_BLE_SDK/GD32VW55x_RELEASE_V1.0.2/MSDK/lwip/lwip-2.1.2/src/core\init.c ****  *    derived from this software without specific prior written permission.
  21:C:/Users/stapi/OneDrive/Desktop/GD32VW553/V1_MQTT_OK/GD32VW55X_Wifi_BLE_SDK/GD32VW55x_RELEASE_V1.0.2/MSDK/lwip/lwip-2.1.2/src/core\init.c ****  *
  22:C:/Users/stapi/OneDrive/Desktop/GD32VW553/V1_MQTT_OK/GD32VW55X_Wifi_BLE_SDK/GD32VW55x_RELEASE_V1.0.2/MSDK/lwip/lwip-2.1.2/src/core\init.c ****  * THIS SOFTWARE IS PROVIDED BY THE AUTHOR ``AS IS'' AND ANY EXPRESS OR IMPLIED
  23:C:/Users/stapi/OneDrive/Desktop/GD32VW553/V1_MQTT_OK/GD32VW55X_Wifi_BLE_SDK/GD32VW55x_RELEASE_V1.0.2/MSDK/lwip/lwip-2.1.2/src/core\init.c ****  * WARRANTIES, INCLUDING, BUT NOT LIMITED TO, THE IMPLIED WARRANTIES OF
  24:C:/Users/stapi/OneDrive/Desktop/GD32VW553/V1_MQTT_OK/GD32VW55X_Wifi_BLE_SDK/GD32VW55x_RELEASE_V1.0.2/MSDK/lwip/lwip-2.1.2/src/core\init.c ****  * MERCHANTABILITY AND FITNESS FOR A PARTICULAR PURPOSE ARE DISCLAIMED. IN NO EVENT
  25:C:/Users/stapi/OneDrive/Desktop/GD32VW553/V1_MQTT_OK/GD32VW55X_Wifi_BLE_SDK/GD32VW55x_RELEASE_V1.0.2/MSDK/lwip/lwip-2.1.2/src/core\init.c ****  * SHALL THE AUTHOR BE LIABLE FOR ANY DIRECT, INDIRECT, INCIDENTAL, SPECIAL,
  26:C:/Users/stapi/OneDrive/Desktop/GD32VW553/V1_MQTT_OK/GD32VW55X_Wifi_BLE_SDK/GD32VW55x_RELEASE_V1.0.2/MSDK/lwip/lwip-2.1.2/src/core\init.c ****  * EXEMPLARY, OR CONSEQUENTIAL DAMAGES (INCLUDING, BUT NOT LIMITED TO, PROCUREMENT
  27:C:/Users/stapi/OneDrive/Desktop/GD32VW553/V1_MQTT_OK/GD32VW55X_Wifi_BLE_SDK/GD32VW55x_RELEASE_V1.0.2/MSDK/lwip/lwip-2.1.2/src/core\init.c ****  * OF SUBSTITUTE GOODS OR SERVICES; LOSS OF USE, DATA, OR PROFITS; OR BUSINESS
  28:C:/Users/stapi/OneDrive/Desktop/GD32VW553/V1_MQTT_OK/GD32VW55X_Wifi_BLE_SDK/GD32VW55x_RELEASE_V1.0.2/MSDK/lwip/lwip-2.1.2/src/core\init.c ****  * INTERRUPTION) HOWEVER CAUSED AND ON ANY THEORY OF LIABILITY, WHETHER IN
  29:C:/Users/stapi/OneDrive/Desktop/GD32VW553/V1_MQTT_OK/GD32VW55X_Wifi_BLE_SDK/GD32VW55x_RELEASE_V1.0.2/MSDK/lwip/lwip-2.1.2/src/core\init.c ****  * CONTRACT, STRICT LIABILITY, OR TORT (INCLUDING NEGLIGENCE OR OTHERWISE) ARISING
  30:C:/Users/stapi/OneDrive/Desktop/GD32VW553/V1_MQTT_OK/GD32VW55X_Wifi_BLE_SDK/GD32VW55x_RELEASE_V1.0.2/MSDK/lwip/lwip-2.1.2/src/core\init.c ****  * IN ANY WAY OUT OF THE USE OF THIS SOFTWARE, EVEN IF ADVISED OF THE POSSIBILITY
  31:C:/Users/stapi/OneDrive/Desktop/GD32VW553/V1_MQTT_OK/GD32VW55X_Wifi_BLE_SDK/GD32VW55x_RELEASE_V1.0.2/MSDK/lwip/lwip-2.1.2/src/core\init.c ****  * OF SUCH DAMAGE.
  32:C:/Users/stapi/OneDrive/Desktop/GD32VW553/V1_MQTT_OK/GD32VW55X_Wifi_BLE_SDK/GD32VW55x_RELEASE_V1.0.2/MSDK/lwip/lwip-2.1.2/src/core\init.c ****  *
  33:C:/Users/stapi/OneDrive/Desktop/GD32VW553/V1_MQTT_OK/GD32VW55X_Wifi_BLE_SDK/GD32VW55x_RELEASE_V1.0.2/MSDK/lwip/lwip-2.1.2/src/core\init.c ****  * This file is part of the lwIP TCP/IP stack.
  34:C:/Users/stapi/OneDrive/Desktop/GD32VW553/V1_MQTT_OK/GD32VW55X_Wifi_BLE_SDK/GD32VW55x_RELEASE_V1.0.2/MSDK/lwip/lwip-2.1.2/src/core\init.c ****  *
  35:C:/Users/stapi/OneDrive/Desktop/GD32VW553/V1_MQTT_OK/GD32VW55X_Wifi_BLE_SDK/GD32VW55x_RELEASE_V1.0.2/MSDK/lwip/lwip-2.1.2/src/core\init.c ****  * Author: Adam Dunkels <adam@sics.se>
  36:C:/Users/stapi/OneDrive/Desktop/GD32VW553/V1_MQTT_OK/GD32VW55X_Wifi_BLE_SDK/GD32VW55x_RELEASE_V1.0.2/MSDK/lwip/lwip-2.1.2/src/core\init.c ****  */
  37:C:/Users/stapi/OneDrive/Desktop/GD32VW553/V1_MQTT_OK/GD32VW55X_Wifi_BLE_SDK/GD32VW55x_RELEASE_V1.0.2/MSDK/lwip/lwip-2.1.2/src/core\init.c **** 
  38:C:/Users/stapi/OneDrive/Desktop/GD32VW553/V1_MQTT_OK/GD32VW55X_Wifi_BLE_SDK/GD32VW55x_RELEASE_V1.0.2/MSDK/lwip/lwip-2.1.2/src/core\init.c **** #include "lwip/opt.h"
  39:C:/Users/stapi/OneDrive/Desktop/GD32VW553/V1_MQTT_OK/GD32VW55X_Wifi_BLE_SDK/GD32VW55x_RELEASE_V1.0.2/MSDK/lwip/lwip-2.1.2/src/core\init.c **** 
  40:C:/Users/stapi/OneDrive/Desktop/GD32VW553/V1_MQTT_OK/GD32VW55X_Wifi_BLE_SDK/GD32VW55x_RELEASE_V1.0.2/MSDK/lwip/lwip-2.1.2/src/core\init.c **** #include "lwip/init.h"
  41:C:/Users/stapi/OneDrive/Desktop/GD32VW553/V1_MQTT_OK/GD32VW55X_Wifi_BLE_SDK/GD32VW55x_RELEASE_V1.0.2/MSDK/lwip/lwip-2.1.2/src/core\init.c **** #include "lwip/stats.h"
  42:C:/Users/stapi/OneDrive/Desktop/GD32VW553/V1_MQTT_OK/GD32VW55X_Wifi_BLE_SDK/GD32VW55x_RELEASE_V1.0.2/MSDK/lwip/lwip-2.1.2/src/core\init.c **** #include "lwip/sys.h"
  43:C:/Users/stapi/OneDrive/Desktop/GD32VW553/V1_MQTT_OK/GD32VW55X_Wifi_BLE_SDK/GD32VW55x_RELEASE_V1.0.2/MSDK/lwip/lwip-2.1.2/src/core\init.c **** #include "lwip/mem.h"
  44:C:/Users/stapi/OneDrive/Desktop/GD32VW553/V1_MQTT_OK/GD32VW55X_Wifi_BLE_SDK/GD32VW55x_RELEASE_V1.0.2/MSDK/lwip/lwip-2.1.2/src/core\init.c **** #include "lwip/memp.h"
  45:C:/Users/stapi/OneDrive/Desktop/GD32VW553/V1_MQTT_OK/GD32VW55X_Wifi_BLE_SDK/GD32VW55x_RELEASE_V1.0.2/MSDK/lwip/lwip-2.1.2/src/core\init.c **** #include "lwip/pbuf.h"
  46:C:/Users/stapi/OneDrive/Desktop/GD32VW553/V1_MQTT_OK/GD32VW55X_Wifi_BLE_SDK/GD32VW55x_RELEASE_V1.0.2/MSDK/lwip/lwip-2.1.2/src/core\init.c **** #include "lwip/netif.h"
  47:C:/Users/stapi/OneDrive/Desktop/GD32VW553/V1_MQTT_OK/GD32VW55X_Wifi_BLE_SDK/GD32VW55x_RELEASE_V1.0.2/MSDK/lwip/lwip-2.1.2/src/core\init.c **** #include "lwip/sockets.h"
  48:C:/Users/stapi/OneDrive/Desktop/GD32VW553/V1_MQTT_OK/GD32VW55X_Wifi_BLE_SDK/GD32VW55x_RELEASE_V1.0.2/MSDK/lwip/lwip-2.1.2/src/core\init.c **** #include "lwip/ip.h"
  49:C:/Users/stapi/OneDrive/Desktop/GD32VW553/V1_MQTT_OK/GD32VW55X_Wifi_BLE_SDK/GD32VW55x_RELEASE_V1.0.2/MSDK/lwip/lwip-2.1.2/src/core\init.c **** #include "lwip/raw.h"
  50:C:/Users/stapi/OneDrive/Desktop/GD32VW553/V1_MQTT_OK/GD32VW55X_Wifi_BLE_SDK/GD32VW55x_RELEASE_V1.0.2/MSDK/lwip/lwip-2.1.2/src/core\init.c **** #include "lwip/udp.h"
  51:C:/Users/stapi/OneDrive/Desktop/GD32VW553/V1_MQTT_OK/GD32VW55X_Wifi_BLE_SDK/GD32VW55x_RELEASE_V1.0.2/MSDK/lwip/lwip-2.1.2/src/core\init.c **** #include "lwip/priv/tcp_priv.h"
  52:C:/Users/stapi/OneDrive/Desktop/GD32VW553/V1_MQTT_OK/GD32VW55X_Wifi_BLE_SDK/GD32VW55x_RELEASE_V1.0.2/MSDK/lwip/lwip-2.1.2/src/core\init.c **** #include "lwip/igmp.h"
  53:C:/Users/stapi/OneDrive/Desktop/GD32VW553/V1_MQTT_OK/GD32VW55X_Wifi_BLE_SDK/GD32VW55x_RELEASE_V1.0.2/MSDK/lwip/lwip-2.1.2/src/core\init.c **** #include "lwip/dns.h"
  54:C:/Users/stapi/OneDrive/Desktop/GD32VW553/V1_MQTT_OK/GD32VW55X_Wifi_BLE_SDK/GD32VW55x_RELEASE_V1.0.2/MSDK/lwip/lwip-2.1.2/src/core\init.c **** #include "lwip/timeouts.h"
  55:C:/Users/stapi/OneDrive/Desktop/GD32VW553/V1_MQTT_OK/GD32VW55X_Wifi_BLE_SDK/GD32VW55x_RELEASE_V1.0.2/MSDK/lwip/lwip-2.1.2/src/core\init.c **** #include "lwip/etharp.h"
  56:C:/Users/stapi/OneDrive/Desktop/GD32VW553/V1_MQTT_OK/GD32VW55X_Wifi_BLE_SDK/GD32VW55x_RELEASE_V1.0.2/MSDK/lwip/lwip-2.1.2/src/core\init.c **** #include "lwip/ip6.h"
  57:C:/Users/stapi/OneDrive/Desktop/GD32VW553/V1_MQTT_OK/GD32VW55X_Wifi_BLE_SDK/GD32VW55x_RELEASE_V1.0.2/MSDK/lwip/lwip-2.1.2/src/core\init.c **** #include "lwip/nd6.h"
  58:C:/Users/stapi/OneDrive/Desktop/GD32VW553/V1_MQTT_OK/GD32VW55X_Wifi_BLE_SDK/GD32VW55x_RELEASE_V1.0.2/MSDK/lwip/lwip-2.1.2/src/core\init.c **** #include "lwip/mld6.h"
  59:C:/Users/stapi/OneDrive/Desktop/GD32VW553/V1_MQTT_OK/GD32VW55X_Wifi_BLE_SDK/GD32VW55x_RELEASE_V1.0.2/MSDK/lwip/lwip-2.1.2/src/core\init.c **** #include "lwip/api.h"
  60:C:/Users/stapi/OneDrive/Desktop/GD32VW553/V1_MQTT_OK/GD32VW55X_Wifi_BLE_SDK/GD32VW55x_RELEASE_V1.0.2/MSDK/lwip/lwip-2.1.2/src/core\init.c **** 
  61:C:/Users/stapi/OneDrive/Desktop/GD32VW553/V1_MQTT_OK/GD32VW55X_Wifi_BLE_SDK/GD32VW55x_RELEASE_V1.0.2/MSDK/lwip/lwip-2.1.2/src/core\init.c **** #include "netif/ppp/ppp_opts.h"
  62:C:/Users/stapi/OneDrive/Desktop/GD32VW553/V1_MQTT_OK/GD32VW55X_Wifi_BLE_SDK/GD32VW55x_RELEASE_V1.0.2/MSDK/lwip/lwip-2.1.2/src/core\init.c **** #include "netif/ppp/ppp_impl.h"
  63:C:/Users/stapi/OneDrive/Desktop/GD32VW553/V1_MQTT_OK/GD32VW55X_Wifi_BLE_SDK/GD32VW55x_RELEASE_V1.0.2/MSDK/lwip/lwip-2.1.2/src/core\init.c **** 
  64:C:/Users/stapi/OneDrive/Desktop/GD32VW553/V1_MQTT_OK/GD32VW55X_Wifi_BLE_SDK/GD32VW55x_RELEASE_V1.0.2/MSDK/lwip/lwip-2.1.2/src/core\init.c **** #ifndef LWIP_SKIP_PACKING_CHECK
  65:C:/Users/stapi/OneDrive/Desktop/GD32VW553/V1_MQTT_OK/GD32VW55X_Wifi_BLE_SDK/GD32VW55x_RELEASE_V1.0.2/MSDK/lwip/lwip-2.1.2/src/core\init.c **** 
  66:C:/Users/stapi/OneDrive/Desktop/GD32VW553/V1_MQTT_OK/GD32VW55X_Wifi_BLE_SDK/GD32VW55x_RELEASE_V1.0.2/MSDK/lwip/lwip-2.1.2/src/core\init.c **** #ifdef PACK_STRUCT_USE_INCLUDES
  67:C:/Users/stapi/OneDrive/Desktop/GD32VW553/V1_MQTT_OK/GD32VW55X_Wifi_BLE_SDK/GD32VW55x_RELEASE_V1.0.2/MSDK/lwip/lwip-2.1.2/src/core\init.c **** #  include "arch/bpstruct.h"
  68:C:/Users/stapi/OneDrive/Desktop/GD32VW553/V1_MQTT_OK/GD32VW55X_Wifi_BLE_SDK/GD32VW55x_RELEASE_V1.0.2/MSDK/lwip/lwip-2.1.2/src/core\init.c **** #endif
  69:C:/Users/stapi/OneDrive/Desktop/GD32VW553/V1_MQTT_OK/GD32VW55X_Wifi_BLE_SDK/GD32VW55x_RELEASE_V1.0.2/MSDK/lwip/lwip-2.1.2/src/core\init.c **** PACK_STRUCT_BEGIN
  70:C:/Users/stapi/OneDrive/Desktop/GD32VW553/V1_MQTT_OK/GD32VW55X_Wifi_BLE_SDK/GD32VW55x_RELEASE_V1.0.2/MSDK/lwip/lwip-2.1.2/src/core\init.c **** struct packed_struct_test {
  71:C:/Users/stapi/OneDrive/Desktop/GD32VW553/V1_MQTT_OK/GD32VW55X_Wifi_BLE_SDK/GD32VW55x_RELEASE_V1.0.2/MSDK/lwip/lwip-2.1.2/src/core\init.c ****   PACK_STRUCT_FLD_8(u8_t  dummy1);
  72:C:/Users/stapi/OneDrive/Desktop/GD32VW553/V1_MQTT_OK/GD32VW55X_Wifi_BLE_SDK/GD32VW55x_RELEASE_V1.0.2/MSDK/lwip/lwip-2.1.2/src/core\init.c ****   PACK_STRUCT_FIELD(u32_t dummy2);
  73:C:/Users/stapi/OneDrive/Desktop/GD32VW553/V1_MQTT_OK/GD32VW55X_Wifi_BLE_SDK/GD32VW55x_RELEASE_V1.0.2/MSDK/lwip/lwip-2.1.2/src/core\init.c **** } PACK_STRUCT_STRUCT;
  74:C:/Users/stapi/OneDrive/Desktop/GD32VW553/V1_MQTT_OK/GD32VW55X_Wifi_BLE_SDK/GD32VW55x_RELEASE_V1.0.2/MSDK/lwip/lwip-2.1.2/src/core\init.c **** PACK_STRUCT_END
  75:C:/Users/stapi/OneDrive/Desktop/GD32VW553/V1_MQTT_OK/GD32VW55X_Wifi_BLE_SDK/GD32VW55x_RELEASE_V1.0.2/MSDK/lwip/lwip-2.1.2/src/core\init.c **** #ifdef PACK_STRUCT_USE_INCLUDES
  76:C:/Users/stapi/OneDrive/Desktop/GD32VW553/V1_MQTT_OK/GD32VW55X_Wifi_BLE_SDK/GD32VW55x_RELEASE_V1.0.2/MSDK/lwip/lwip-2.1.2/src/core\init.c **** #  include "arch/epstruct.h"
  77:C:/Users/stapi/OneDrive/Desktop/GD32VW553/V1_MQTT_OK/GD32VW55X_Wifi_BLE_SDK/GD32VW55x_RELEASE_V1.0.2/MSDK/lwip/lwip-2.1.2/src/core\init.c **** #endif
  78:C:/Users/stapi/OneDrive/Desktop/GD32VW553/V1_MQTT_OK/GD32VW55X_Wifi_BLE_SDK/GD32VW55x_RELEASE_V1.0.2/MSDK/lwip/lwip-2.1.2/src/core\init.c **** #define PACKED_STRUCT_TEST_EXPECTED_SIZE 5
  79:C:/Users/stapi/OneDrive/Desktop/GD32VW553/V1_MQTT_OK/GD32VW55X_Wifi_BLE_SDK/GD32VW55x_RELEASE_V1.0.2/MSDK/lwip/lwip-2.1.2/src/core\init.c **** 
  80:C:/Users/stapi/OneDrive/Desktop/GD32VW553/V1_MQTT_OK/GD32VW55X_Wifi_BLE_SDK/GD32VW55x_RELEASE_V1.0.2/MSDK/lwip/lwip-2.1.2/src/core\init.c **** #endif
  81:C:/Users/stapi/OneDrive/Desktop/GD32VW553/V1_MQTT_OK/GD32VW55X_Wifi_BLE_SDK/GD32VW55x_RELEASE_V1.0.2/MSDK/lwip/lwip-2.1.2/src/core\init.c **** 
  82:C:/Users/stapi/OneDrive/Desktop/GD32VW553/V1_MQTT_OK/GD32VW55X_Wifi_BLE_SDK/GD32VW55x_RELEASE_V1.0.2/MSDK/lwip/lwip-2.1.2/src/core\init.c **** /* Compile-time sanity checks for configuration errors.
  83:C:/Users/stapi/OneDrive/Desktop/GD32VW553/V1_MQTT_OK/GD32VW55X_Wifi_BLE_SDK/GD32VW55x_RELEASE_V1.0.2/MSDK/lwip/lwip-2.1.2/src/core\init.c ****  * These can be done independently of LWIP_DEBUG, without penalty.
  84:C:/Users/stapi/OneDrive/Desktop/GD32VW553/V1_MQTT_OK/GD32VW55X_Wifi_BLE_SDK/GD32VW55x_RELEASE_V1.0.2/MSDK/lwip/lwip-2.1.2/src/core\init.c ****  */
  85:C:/Users/stapi/OneDrive/Desktop/GD32VW553/V1_MQTT_OK/GD32VW55X_Wifi_BLE_SDK/GD32VW55x_RELEASE_V1.0.2/MSDK/lwip/lwip-2.1.2/src/core\init.c **** #ifndef BYTE_ORDER
  86:C:/Users/stapi/OneDrive/Desktop/GD32VW553/V1_MQTT_OK/GD32VW55X_Wifi_BLE_SDK/GD32VW55x_RELEASE_V1.0.2/MSDK/lwip/lwip-2.1.2/src/core\init.c **** #error "BYTE_ORDER is not defined, you have to define it in your cc.h"
  87:C:/Users/stapi/OneDrive/Desktop/GD32VW553/V1_MQTT_OK/GD32VW55X_Wifi_BLE_SDK/GD32VW55x_RELEASE_V1.0.2/MSDK/lwip/lwip-2.1.2/src/core\init.c **** #endif
  88:C:/Users/stapi/OneDrive/Desktop/GD32VW553/V1_MQTT_OK/GD32VW55X_Wifi_BLE_SDK/GD32VW55x_RELEASE_V1.0.2/MSDK/lwip/lwip-2.1.2/src/core\init.c **** #if (!IP_SOF_BROADCAST && IP_SOF_BROADCAST_RECV)
  89:C:/Users/stapi/OneDrive/Desktop/GD32VW553/V1_MQTT_OK/GD32VW55X_Wifi_BLE_SDK/GD32VW55x_RELEASE_V1.0.2/MSDK/lwip/lwip-2.1.2/src/core\init.c **** #error "If you want to use broadcast filter per pcb on recv operations, you have to define IP_SOF_B
  90:C:/Users/stapi/OneDrive/Desktop/GD32VW553/V1_MQTT_OK/GD32VW55X_Wifi_BLE_SDK/GD32VW55x_RELEASE_V1.0.2/MSDK/lwip/lwip-2.1.2/src/core\init.c **** #endif
  91:C:/Users/stapi/OneDrive/Desktop/GD32VW553/V1_MQTT_OK/GD32VW55X_Wifi_BLE_SDK/GD32VW55x_RELEASE_V1.0.2/MSDK/lwip/lwip-2.1.2/src/core\init.c **** #if (!LWIP_UDP && LWIP_UDPLITE)
  92:C:/Users/stapi/OneDrive/Desktop/GD32VW553/V1_MQTT_OK/GD32VW55X_Wifi_BLE_SDK/GD32VW55x_RELEASE_V1.0.2/MSDK/lwip/lwip-2.1.2/src/core\init.c **** #error "If you want to use UDP Lite, you have to define LWIP_UDP=1 in your lwipopts.h"
  93:C:/Users/stapi/OneDrive/Desktop/GD32VW553/V1_MQTT_OK/GD32VW55X_Wifi_BLE_SDK/GD32VW55x_RELEASE_V1.0.2/MSDK/lwip/lwip-2.1.2/src/core\init.c **** #endif
  94:C:/Users/stapi/OneDrive/Desktop/GD32VW553/V1_MQTT_OK/GD32VW55X_Wifi_BLE_SDK/GD32VW55x_RELEASE_V1.0.2/MSDK/lwip/lwip-2.1.2/src/core\init.c **** #if (!LWIP_UDP && LWIP_DHCP)
  95:C:/Users/stapi/OneDrive/Desktop/GD32VW553/V1_MQTT_OK/GD32VW55X_Wifi_BLE_SDK/GD32VW55x_RELEASE_V1.0.2/MSDK/lwip/lwip-2.1.2/src/core\init.c **** #error "If you want to use DHCP, you have to define LWIP_UDP=1 in your lwipopts.h"
  96:C:/Users/stapi/OneDrive/Desktop/GD32VW553/V1_MQTT_OK/GD32VW55X_Wifi_BLE_SDK/GD32VW55x_RELEASE_V1.0.2/MSDK/lwip/lwip-2.1.2/src/core\init.c **** #endif
  97:C:/Users/stapi/OneDrive/Desktop/GD32VW553/V1_MQTT_OK/GD32VW55X_Wifi_BLE_SDK/GD32VW55x_RELEASE_V1.0.2/MSDK/lwip/lwip-2.1.2/src/core\init.c **** #if (!LWIP_UDP && !LWIP_RAW && LWIP_MULTICAST_TX_OPTIONS)
  98:C:/Users/stapi/OneDrive/Desktop/GD32VW553/V1_MQTT_OK/GD32VW55X_Wifi_BLE_SDK/GD32VW55x_RELEASE_V1.0.2/MSDK/lwip/lwip-2.1.2/src/core\init.c **** #error "If you want to use LWIP_MULTICAST_TX_OPTIONS, you have to define LWIP_UDP=1 and/or LWIP_RAW
  99:C:/Users/stapi/OneDrive/Desktop/GD32VW553/V1_MQTT_OK/GD32VW55X_Wifi_BLE_SDK/GD32VW55x_RELEASE_V1.0.2/MSDK/lwip/lwip-2.1.2/src/core\init.c **** #endif
 100:C:/Users/stapi/OneDrive/Desktop/GD32VW553/V1_MQTT_OK/GD32VW55X_Wifi_BLE_SDK/GD32VW55x_RELEASE_V1.0.2/MSDK/lwip/lwip-2.1.2/src/core\init.c **** #if (!LWIP_UDP && LWIP_DNS)
 101:C:/Users/stapi/OneDrive/Desktop/GD32VW553/V1_MQTT_OK/GD32VW55X_Wifi_BLE_SDK/GD32VW55x_RELEASE_V1.0.2/MSDK/lwip/lwip-2.1.2/src/core\init.c **** #error "If you want to use DNS, you have to define LWIP_UDP=1 in your lwipopts.h"
 102:C:/Users/stapi/OneDrive/Desktop/GD32VW553/V1_MQTT_OK/GD32VW55X_Wifi_BLE_SDK/GD32VW55x_RELEASE_V1.0.2/MSDK/lwip/lwip-2.1.2/src/core\init.c **** #endif
 103:C:/Users/stapi/OneDrive/Desktop/GD32VW553/V1_MQTT_OK/GD32VW55X_Wifi_BLE_SDK/GD32VW55x_RELEASE_V1.0.2/MSDK/lwip/lwip-2.1.2/src/core\init.c **** #if !MEMP_MEM_MALLOC /* MEMP_NUM_* checks are disabled when not using the pool allocator */
 104:C:/Users/stapi/OneDrive/Desktop/GD32VW553/V1_MQTT_OK/GD32VW55X_Wifi_BLE_SDK/GD32VW55x_RELEASE_V1.0.2/MSDK/lwip/lwip-2.1.2/src/core\init.c **** #if (LWIP_ARP && ARP_QUEUEING && (MEMP_NUM_ARP_QUEUE<=0))
 105:C:/Users/stapi/OneDrive/Desktop/GD32VW553/V1_MQTT_OK/GD32VW55X_Wifi_BLE_SDK/GD32VW55x_RELEASE_V1.0.2/MSDK/lwip/lwip-2.1.2/src/core\init.c **** #error "If you want to use ARP Queueing, you have to define MEMP_NUM_ARP_QUEUE>=1 in your lwipopts.
 106:C:/Users/stapi/OneDrive/Desktop/GD32VW553/V1_MQTT_OK/GD32VW55X_Wifi_BLE_SDK/GD32VW55x_RELEASE_V1.0.2/MSDK/lwip/lwip-2.1.2/src/core\init.c **** #endif
 107:C:/Users/stapi/OneDrive/Desktop/GD32VW553/V1_MQTT_OK/GD32VW55X_Wifi_BLE_SDK/GD32VW55x_RELEASE_V1.0.2/MSDK/lwip/lwip-2.1.2/src/core\init.c **** #if (LWIP_RAW && (MEMP_NUM_RAW_PCB<=0))
 108:C:/Users/stapi/OneDrive/Desktop/GD32VW553/V1_MQTT_OK/GD32VW55X_Wifi_BLE_SDK/GD32VW55x_RELEASE_V1.0.2/MSDK/lwip/lwip-2.1.2/src/core\init.c **** #error "If you want to use RAW, you have to define MEMP_NUM_RAW_PCB>=1 in your lwipopts.h"
 109:C:/Users/stapi/OneDrive/Desktop/GD32VW553/V1_MQTT_OK/GD32VW55X_Wifi_BLE_SDK/GD32VW55x_RELEASE_V1.0.2/MSDK/lwip/lwip-2.1.2/src/core\init.c **** #endif
 110:C:/Users/stapi/OneDrive/Desktop/GD32VW553/V1_MQTT_OK/GD32VW55X_Wifi_BLE_SDK/GD32VW55x_RELEASE_V1.0.2/MSDK/lwip/lwip-2.1.2/src/core\init.c **** #if (LWIP_UDP && (MEMP_NUM_UDP_PCB<=0))
 111:C:/Users/stapi/OneDrive/Desktop/GD32VW553/V1_MQTT_OK/GD32VW55X_Wifi_BLE_SDK/GD32VW55x_RELEASE_V1.0.2/MSDK/lwip/lwip-2.1.2/src/core\init.c **** #error "If you want to use UDP, you have to define MEMP_NUM_UDP_PCB>=1 in your lwipopts.h"
 112:C:/Users/stapi/OneDrive/Desktop/GD32VW553/V1_MQTT_OK/GD32VW55X_Wifi_BLE_SDK/GD32VW55x_RELEASE_V1.0.2/MSDK/lwip/lwip-2.1.2/src/core\init.c **** #endif
 113:C:/Users/stapi/OneDrive/Desktop/GD32VW553/V1_MQTT_OK/GD32VW55X_Wifi_BLE_SDK/GD32VW55x_RELEASE_V1.0.2/MSDK/lwip/lwip-2.1.2/src/core\init.c **** #if (LWIP_TCP && (MEMP_NUM_TCP_PCB<=0))
 114:C:/Users/stapi/OneDrive/Desktop/GD32VW553/V1_MQTT_OK/GD32VW55X_Wifi_BLE_SDK/GD32VW55x_RELEASE_V1.0.2/MSDK/lwip/lwip-2.1.2/src/core\init.c **** #error "If you want to use TCP, you have to define MEMP_NUM_TCP_PCB>=1 in your lwipopts.h"
 115:C:/Users/stapi/OneDrive/Desktop/GD32VW553/V1_MQTT_OK/GD32VW55X_Wifi_BLE_SDK/GD32VW55x_RELEASE_V1.0.2/MSDK/lwip/lwip-2.1.2/src/core\init.c **** #endif
 116:C:/Users/stapi/OneDrive/Desktop/GD32VW553/V1_MQTT_OK/GD32VW55X_Wifi_BLE_SDK/GD32VW55x_RELEASE_V1.0.2/MSDK/lwip/lwip-2.1.2/src/core\init.c **** #if (LWIP_IGMP && (MEMP_NUM_IGMP_GROUP<=1))
 117:C:/Users/stapi/OneDrive/Desktop/GD32VW553/V1_MQTT_OK/GD32VW55X_Wifi_BLE_SDK/GD32VW55x_RELEASE_V1.0.2/MSDK/lwip/lwip-2.1.2/src/core\init.c **** #error "If you want to use IGMP, you have to define MEMP_NUM_IGMP_GROUP>1 in your lwipopts.h"
 118:C:/Users/stapi/OneDrive/Desktop/GD32VW553/V1_MQTT_OK/GD32VW55X_Wifi_BLE_SDK/GD32VW55x_RELEASE_V1.0.2/MSDK/lwip/lwip-2.1.2/src/core\init.c **** #endif
 119:C:/Users/stapi/OneDrive/Desktop/GD32VW553/V1_MQTT_OK/GD32VW55X_Wifi_BLE_SDK/GD32VW55x_RELEASE_V1.0.2/MSDK/lwip/lwip-2.1.2/src/core\init.c **** #if (LWIP_IGMP && !LWIP_MULTICAST_TX_OPTIONS)
 120:C:/Users/stapi/OneDrive/Desktop/GD32VW553/V1_MQTT_OK/GD32VW55X_Wifi_BLE_SDK/GD32VW55x_RELEASE_V1.0.2/MSDK/lwip/lwip-2.1.2/src/core\init.c **** #error "If you want to use IGMP, you have to define LWIP_MULTICAST_TX_OPTIONS==1 in your lwipopts.h
 121:C:/Users/stapi/OneDrive/Desktop/GD32VW553/V1_MQTT_OK/GD32VW55X_Wifi_BLE_SDK/GD32VW55x_RELEASE_V1.0.2/MSDK/lwip/lwip-2.1.2/src/core\init.c **** #endif
 122:C:/Users/stapi/OneDrive/Desktop/GD32VW553/V1_MQTT_OK/GD32VW55X_Wifi_BLE_SDK/GD32VW55x_RELEASE_V1.0.2/MSDK/lwip/lwip-2.1.2/src/core\init.c **** #if (LWIP_IGMP && !LWIP_IPV4)
 123:C:/Users/stapi/OneDrive/Desktop/GD32VW553/V1_MQTT_OK/GD32VW55X_Wifi_BLE_SDK/GD32VW55x_RELEASE_V1.0.2/MSDK/lwip/lwip-2.1.2/src/core\init.c **** #error "IGMP needs LWIP_IPV4 enabled in your lwipopts.h"
 124:C:/Users/stapi/OneDrive/Desktop/GD32VW553/V1_MQTT_OK/GD32VW55X_Wifi_BLE_SDK/GD32VW55x_RELEASE_V1.0.2/MSDK/lwip/lwip-2.1.2/src/core\init.c **** #endif
 125:C:/Users/stapi/OneDrive/Desktop/GD32VW553/V1_MQTT_OK/GD32VW55X_Wifi_BLE_SDK/GD32VW55x_RELEASE_V1.0.2/MSDK/lwip/lwip-2.1.2/src/core\init.c **** #if ((LWIP_NETCONN || LWIP_SOCKET) && (MEMP_NUM_TCPIP_MSG_API<=0))
 126:C:/Users/stapi/OneDrive/Desktop/GD32VW553/V1_MQTT_OK/GD32VW55X_Wifi_BLE_SDK/GD32VW55x_RELEASE_V1.0.2/MSDK/lwip/lwip-2.1.2/src/core\init.c **** #error "If you want to use Sequential API, you have to define MEMP_NUM_TCPIP_MSG_API>=1 in your lwi
 127:C:/Users/stapi/OneDrive/Desktop/GD32VW553/V1_MQTT_OK/GD32VW55X_Wifi_BLE_SDK/GD32VW55x_RELEASE_V1.0.2/MSDK/lwip/lwip-2.1.2/src/core\init.c **** #endif
 128:C:/Users/stapi/OneDrive/Desktop/GD32VW553/V1_MQTT_OK/GD32VW55X_Wifi_BLE_SDK/GD32VW55x_RELEASE_V1.0.2/MSDK/lwip/lwip-2.1.2/src/core\init.c **** /* There must be sufficient timeouts, taking into account requirements of the subsystems. */
 129:C:/Users/stapi/OneDrive/Desktop/GD32VW553/V1_MQTT_OK/GD32VW55X_Wifi_BLE_SDK/GD32VW55x_RELEASE_V1.0.2/MSDK/lwip/lwip-2.1.2/src/core\init.c **** #if LWIP_TIMERS && (MEMP_NUM_SYS_TIMEOUT < LWIP_NUM_SYS_TIMEOUT_INTERNAL)
 130:C:/Users/stapi/OneDrive/Desktop/GD32VW553/V1_MQTT_OK/GD32VW55X_Wifi_BLE_SDK/GD32VW55x_RELEASE_V1.0.2/MSDK/lwip/lwip-2.1.2/src/core\init.c **** #error "MEMP_NUM_SYS_TIMEOUT is too low to accomodate all required timeouts"
 131:C:/Users/stapi/OneDrive/Desktop/GD32VW553/V1_MQTT_OK/GD32VW55X_Wifi_BLE_SDK/GD32VW55x_RELEASE_V1.0.2/MSDK/lwip/lwip-2.1.2/src/core\init.c **** #endif
 132:C:/Users/stapi/OneDrive/Desktop/GD32VW553/V1_MQTT_OK/GD32VW55X_Wifi_BLE_SDK/GD32VW55x_RELEASE_V1.0.2/MSDK/lwip/lwip-2.1.2/src/core\init.c **** #if (IP_REASSEMBLY && (MEMP_NUM_REASSDATA > IP_REASS_MAX_PBUFS))
 133:C:/Users/stapi/OneDrive/Desktop/GD32VW553/V1_MQTT_OK/GD32VW55X_Wifi_BLE_SDK/GD32VW55x_RELEASE_V1.0.2/MSDK/lwip/lwip-2.1.2/src/core\init.c **** #error "MEMP_NUM_REASSDATA > IP_REASS_MAX_PBUFS doesn't make sense since each struct ip_reassdata m
 134:C:/Users/stapi/OneDrive/Desktop/GD32VW553/V1_MQTT_OK/GD32VW55X_Wifi_BLE_SDK/GD32VW55x_RELEASE_V1.0.2/MSDK/lwip/lwip-2.1.2/src/core\init.c **** #endif
 135:C:/Users/stapi/OneDrive/Desktop/GD32VW553/V1_MQTT_OK/GD32VW55X_Wifi_BLE_SDK/GD32VW55x_RELEASE_V1.0.2/MSDK/lwip/lwip-2.1.2/src/core\init.c **** #endif /* !MEMP_MEM_MALLOC */
 136:C:/Users/stapi/OneDrive/Desktop/GD32VW553/V1_MQTT_OK/GD32VW55X_Wifi_BLE_SDK/GD32VW55x_RELEASE_V1.0.2/MSDK/lwip/lwip-2.1.2/src/core\init.c **** #if LWIP_WND_SCALE
 137:C:/Users/stapi/OneDrive/Desktop/GD32VW553/V1_MQTT_OK/GD32VW55X_Wifi_BLE_SDK/GD32VW55x_RELEASE_V1.0.2/MSDK/lwip/lwip-2.1.2/src/core\init.c **** #if (LWIP_TCP && (TCP_WND > 0xffffffff))
 138:C:/Users/stapi/OneDrive/Desktop/GD32VW553/V1_MQTT_OK/GD32VW55X_Wifi_BLE_SDK/GD32VW55x_RELEASE_V1.0.2/MSDK/lwip/lwip-2.1.2/src/core\init.c **** #error "If you want to use TCP, TCP_WND must fit in an u32_t, so, you have to reduce it in your lwi
 139:C:/Users/stapi/OneDrive/Desktop/GD32VW553/V1_MQTT_OK/GD32VW55X_Wifi_BLE_SDK/GD32VW55x_RELEASE_V1.0.2/MSDK/lwip/lwip-2.1.2/src/core\init.c **** #endif
 140:C:/Users/stapi/OneDrive/Desktop/GD32VW553/V1_MQTT_OK/GD32VW55X_Wifi_BLE_SDK/GD32VW55x_RELEASE_V1.0.2/MSDK/lwip/lwip-2.1.2/src/core\init.c **** #if (LWIP_TCP && (TCP_RCV_SCALE > 14))
 141:C:/Users/stapi/OneDrive/Desktop/GD32VW553/V1_MQTT_OK/GD32VW55X_Wifi_BLE_SDK/GD32VW55x_RELEASE_V1.0.2/MSDK/lwip/lwip-2.1.2/src/core\init.c **** #error "The maximum valid window scale value is 14!"
 142:C:/Users/stapi/OneDrive/Desktop/GD32VW553/V1_MQTT_OK/GD32VW55X_Wifi_BLE_SDK/GD32VW55x_RELEASE_V1.0.2/MSDK/lwip/lwip-2.1.2/src/core\init.c **** #endif
 143:C:/Users/stapi/OneDrive/Desktop/GD32VW553/V1_MQTT_OK/GD32VW55X_Wifi_BLE_SDK/GD32VW55x_RELEASE_V1.0.2/MSDK/lwip/lwip-2.1.2/src/core\init.c **** #if (LWIP_TCP && (TCP_WND > (0xFFFFU << TCP_RCV_SCALE)))
 144:C:/Users/stapi/OneDrive/Desktop/GD32VW553/V1_MQTT_OK/GD32VW55X_Wifi_BLE_SDK/GD32VW55x_RELEASE_V1.0.2/MSDK/lwip/lwip-2.1.2/src/core\init.c **** #error "TCP_WND is bigger than the configured LWIP_WND_SCALE allows!"
 145:C:/Users/stapi/OneDrive/Desktop/GD32VW553/V1_MQTT_OK/GD32VW55X_Wifi_BLE_SDK/GD32VW55x_RELEASE_V1.0.2/MSDK/lwip/lwip-2.1.2/src/core\init.c **** #endif
 146:C:/Users/stapi/OneDrive/Desktop/GD32VW553/V1_MQTT_OK/GD32VW55X_Wifi_BLE_SDK/GD32VW55x_RELEASE_V1.0.2/MSDK/lwip/lwip-2.1.2/src/core\init.c **** #if (LWIP_TCP && ((TCP_WND >> TCP_RCV_SCALE) == 0))
 147:C:/Users/stapi/OneDrive/Desktop/GD32VW553/V1_MQTT_OK/GD32VW55X_Wifi_BLE_SDK/GD32VW55x_RELEASE_V1.0.2/MSDK/lwip/lwip-2.1.2/src/core\init.c **** #error "TCP_WND is too small for the configured LWIP_WND_SCALE (results in zero window)!"
 148:C:/Users/stapi/OneDrive/Desktop/GD32VW553/V1_MQTT_OK/GD32VW55X_Wifi_BLE_SDK/GD32VW55x_RELEASE_V1.0.2/MSDK/lwip/lwip-2.1.2/src/core\init.c **** #endif
 149:C:/Users/stapi/OneDrive/Desktop/GD32VW553/V1_MQTT_OK/GD32VW55X_Wifi_BLE_SDK/GD32VW55x_RELEASE_V1.0.2/MSDK/lwip/lwip-2.1.2/src/core\init.c **** #else /* LWIP_WND_SCALE */
 150:C:/Users/stapi/OneDrive/Desktop/GD32VW553/V1_MQTT_OK/GD32VW55X_Wifi_BLE_SDK/GD32VW55x_RELEASE_V1.0.2/MSDK/lwip/lwip-2.1.2/src/core\init.c **** #if (LWIP_TCP && (TCP_WND > 0xffff))
 151:C:/Users/stapi/OneDrive/Desktop/GD32VW553/V1_MQTT_OK/GD32VW55X_Wifi_BLE_SDK/GD32VW55x_RELEASE_V1.0.2/MSDK/lwip/lwip-2.1.2/src/core\init.c **** #error "If you want to use TCP, TCP_WND must fit in an u16_t, so, you have to reduce it in your lwi
 152:C:/Users/stapi/OneDrive/Desktop/GD32VW553/V1_MQTT_OK/GD32VW55X_Wifi_BLE_SDK/GD32VW55x_RELEASE_V1.0.2/MSDK/lwip/lwip-2.1.2/src/core\init.c **** #endif
 153:C:/Users/stapi/OneDrive/Desktop/GD32VW553/V1_MQTT_OK/GD32VW55X_Wifi_BLE_SDK/GD32VW55x_RELEASE_V1.0.2/MSDK/lwip/lwip-2.1.2/src/core\init.c **** #endif /* LWIP_WND_SCALE */
 154:C:/Users/stapi/OneDrive/Desktop/GD32VW553/V1_MQTT_OK/GD32VW55X_Wifi_BLE_SDK/GD32VW55x_RELEASE_V1.0.2/MSDK/lwip/lwip-2.1.2/src/core\init.c **** #if (LWIP_TCP && (TCP_SND_QUEUELEN > 0xffff))
 155:C:/Users/stapi/OneDrive/Desktop/GD32VW553/V1_MQTT_OK/GD32VW55X_Wifi_BLE_SDK/GD32VW55x_RELEASE_V1.0.2/MSDK/lwip/lwip-2.1.2/src/core\init.c **** #error "If you want to use TCP, TCP_SND_QUEUELEN must fit in an u16_t, so, you have to reduce it in
 156:C:/Users/stapi/OneDrive/Desktop/GD32VW553/V1_MQTT_OK/GD32VW55X_Wifi_BLE_SDK/GD32VW55x_RELEASE_V1.0.2/MSDK/lwip/lwip-2.1.2/src/core\init.c **** #endif
 157:C:/Users/stapi/OneDrive/Desktop/GD32VW553/V1_MQTT_OK/GD32VW55X_Wifi_BLE_SDK/GD32VW55x_RELEASE_V1.0.2/MSDK/lwip/lwip-2.1.2/src/core\init.c **** #if (LWIP_TCP && (TCP_SND_QUEUELEN < 2))
 158:C:/Users/stapi/OneDrive/Desktop/GD32VW553/V1_MQTT_OK/GD32VW55X_Wifi_BLE_SDK/GD32VW55x_RELEASE_V1.0.2/MSDK/lwip/lwip-2.1.2/src/core\init.c **** #error "TCP_SND_QUEUELEN must be at least 2 for no-copy TCP writes to work"
 159:C:/Users/stapi/OneDrive/Desktop/GD32VW553/V1_MQTT_OK/GD32VW55X_Wifi_BLE_SDK/GD32VW55x_RELEASE_V1.0.2/MSDK/lwip/lwip-2.1.2/src/core\init.c **** #endif
 160:C:/Users/stapi/OneDrive/Desktop/GD32VW553/V1_MQTT_OK/GD32VW55X_Wifi_BLE_SDK/GD32VW55x_RELEASE_V1.0.2/MSDK/lwip/lwip-2.1.2/src/core\init.c **** #if (LWIP_TCP && ((TCP_MAXRTX > 12) || (TCP_SYNMAXRTX > 12)))
 161:C:/Users/stapi/OneDrive/Desktop/GD32VW553/V1_MQTT_OK/GD32VW55X_Wifi_BLE_SDK/GD32VW55x_RELEASE_V1.0.2/MSDK/lwip/lwip-2.1.2/src/core\init.c **** #error "If you want to use TCP, TCP_MAXRTX and TCP_SYNMAXRTX must less or equal to 12 (due to tcp_b
 162:C:/Users/stapi/OneDrive/Desktop/GD32VW553/V1_MQTT_OK/GD32VW55X_Wifi_BLE_SDK/GD32VW55x_RELEASE_V1.0.2/MSDK/lwip/lwip-2.1.2/src/core\init.c **** #endif
 163:C:/Users/stapi/OneDrive/Desktop/GD32VW553/V1_MQTT_OK/GD32VW55X_Wifi_BLE_SDK/GD32VW55x_RELEASE_V1.0.2/MSDK/lwip/lwip-2.1.2/src/core\init.c **** #if (LWIP_TCP && TCP_LISTEN_BACKLOG && ((TCP_DEFAULT_LISTEN_BACKLOG < 0) || (TCP_DEFAULT_LISTEN_BAC
 164:C:/Users/stapi/OneDrive/Desktop/GD32VW553/V1_MQTT_OK/GD32VW55X_Wifi_BLE_SDK/GD32VW55x_RELEASE_V1.0.2/MSDK/lwip/lwip-2.1.2/src/core\init.c **** #error "If you want to use TCP backlog, TCP_DEFAULT_LISTEN_BACKLOG must fit into an u8_t"
 165:C:/Users/stapi/OneDrive/Desktop/GD32VW553/V1_MQTT_OK/GD32VW55X_Wifi_BLE_SDK/GD32VW55x_RELEASE_V1.0.2/MSDK/lwip/lwip-2.1.2/src/core\init.c **** #endif
 166:C:/Users/stapi/OneDrive/Desktop/GD32VW553/V1_MQTT_OK/GD32VW55X_Wifi_BLE_SDK/GD32VW55x_RELEASE_V1.0.2/MSDK/lwip/lwip-2.1.2/src/core\init.c **** #if (LWIP_TCP && LWIP_TCP_SACK_OUT && !TCP_QUEUE_OOSEQ)
 167:C:/Users/stapi/OneDrive/Desktop/GD32VW553/V1_MQTT_OK/GD32VW55X_Wifi_BLE_SDK/GD32VW55x_RELEASE_V1.0.2/MSDK/lwip/lwip-2.1.2/src/core\init.c **** #error "To use LWIP_TCP_SACK_OUT, TCP_QUEUE_OOSEQ needs to be enabled"
 168:C:/Users/stapi/OneDrive/Desktop/GD32VW553/V1_MQTT_OK/GD32VW55X_Wifi_BLE_SDK/GD32VW55x_RELEASE_V1.0.2/MSDK/lwip/lwip-2.1.2/src/core\init.c **** #endif
 169:C:/Users/stapi/OneDrive/Desktop/GD32VW553/V1_MQTT_OK/GD32VW55X_Wifi_BLE_SDK/GD32VW55x_RELEASE_V1.0.2/MSDK/lwip/lwip-2.1.2/src/core\init.c **** #if (LWIP_TCP && LWIP_TCP_SACK_OUT && (LWIP_TCP_MAX_SACK_NUM < 1))
 170:C:/Users/stapi/OneDrive/Desktop/GD32VW553/V1_MQTT_OK/GD32VW55X_Wifi_BLE_SDK/GD32VW55x_RELEASE_V1.0.2/MSDK/lwip/lwip-2.1.2/src/core\init.c **** #error "LWIP_TCP_MAX_SACK_NUM must be greater than 0"
 171:C:/Users/stapi/OneDrive/Desktop/GD32VW553/V1_MQTT_OK/GD32VW55X_Wifi_BLE_SDK/GD32VW55x_RELEASE_V1.0.2/MSDK/lwip/lwip-2.1.2/src/core\init.c **** #endif
 172:C:/Users/stapi/OneDrive/Desktop/GD32VW553/V1_MQTT_OK/GD32VW55X_Wifi_BLE_SDK/GD32VW55x_RELEASE_V1.0.2/MSDK/lwip/lwip-2.1.2/src/core\init.c **** #if (LWIP_NETIF_API && (NO_SYS==1))
 173:C:/Users/stapi/OneDrive/Desktop/GD32VW553/V1_MQTT_OK/GD32VW55X_Wifi_BLE_SDK/GD32VW55x_RELEASE_V1.0.2/MSDK/lwip/lwip-2.1.2/src/core\init.c **** #error "If you want to use NETIF API, you have to define NO_SYS=0 in your lwipopts.h"
 174:C:/Users/stapi/OneDrive/Desktop/GD32VW553/V1_MQTT_OK/GD32VW55X_Wifi_BLE_SDK/GD32VW55x_RELEASE_V1.0.2/MSDK/lwip/lwip-2.1.2/src/core\init.c **** #endif
 175:C:/Users/stapi/OneDrive/Desktop/GD32VW553/V1_MQTT_OK/GD32VW55X_Wifi_BLE_SDK/GD32VW55x_RELEASE_V1.0.2/MSDK/lwip/lwip-2.1.2/src/core\init.c **** #if ((LWIP_SOCKET || LWIP_NETCONN) && (NO_SYS==1))
 176:C:/Users/stapi/OneDrive/Desktop/GD32VW553/V1_MQTT_OK/GD32VW55X_Wifi_BLE_SDK/GD32VW55x_RELEASE_V1.0.2/MSDK/lwip/lwip-2.1.2/src/core\init.c **** #error "If you want to use Sequential API, you have to define NO_SYS=0 in your lwipopts.h"
 177:C:/Users/stapi/OneDrive/Desktop/GD32VW553/V1_MQTT_OK/GD32VW55X_Wifi_BLE_SDK/GD32VW55x_RELEASE_V1.0.2/MSDK/lwip/lwip-2.1.2/src/core\init.c **** #endif
 178:C:/Users/stapi/OneDrive/Desktop/GD32VW553/V1_MQTT_OK/GD32VW55X_Wifi_BLE_SDK/GD32VW55x_RELEASE_V1.0.2/MSDK/lwip/lwip-2.1.2/src/core\init.c **** #if (LWIP_PPP_API && (NO_SYS==1))
 179:C:/Users/stapi/OneDrive/Desktop/GD32VW553/V1_MQTT_OK/GD32VW55X_Wifi_BLE_SDK/GD32VW55x_RELEASE_V1.0.2/MSDK/lwip/lwip-2.1.2/src/core\init.c **** #error "If you want to use PPP API, you have to define NO_SYS=0 in your lwipopts.h"
 180:C:/Users/stapi/OneDrive/Desktop/GD32VW553/V1_MQTT_OK/GD32VW55X_Wifi_BLE_SDK/GD32VW55x_RELEASE_V1.0.2/MSDK/lwip/lwip-2.1.2/src/core\init.c **** #endif
 181:C:/Users/stapi/OneDrive/Desktop/GD32VW553/V1_MQTT_OK/GD32VW55X_Wifi_BLE_SDK/GD32VW55x_RELEASE_V1.0.2/MSDK/lwip/lwip-2.1.2/src/core\init.c **** #if (LWIP_PPP_API && (PPP_SUPPORT==0))
 182:C:/Users/stapi/OneDrive/Desktop/GD32VW553/V1_MQTT_OK/GD32VW55X_Wifi_BLE_SDK/GD32VW55x_RELEASE_V1.0.2/MSDK/lwip/lwip-2.1.2/src/core\init.c **** #error "If you want to use PPP API, you have to enable PPP_SUPPORT in your lwipopts.h"
 183:C:/Users/stapi/OneDrive/Desktop/GD32VW553/V1_MQTT_OK/GD32VW55X_Wifi_BLE_SDK/GD32VW55x_RELEASE_V1.0.2/MSDK/lwip/lwip-2.1.2/src/core\init.c **** #endif
 184:C:/Users/stapi/OneDrive/Desktop/GD32VW553/V1_MQTT_OK/GD32VW55X_Wifi_BLE_SDK/GD32VW55x_RELEASE_V1.0.2/MSDK/lwip/lwip-2.1.2/src/core\init.c **** #if (((!LWIP_DHCP) || (!LWIP_AUTOIP)) && LWIP_DHCP_AUTOIP_COOP)
 185:C:/Users/stapi/OneDrive/Desktop/GD32VW553/V1_MQTT_OK/GD32VW55X_Wifi_BLE_SDK/GD32VW55x_RELEASE_V1.0.2/MSDK/lwip/lwip-2.1.2/src/core\init.c **** #error "If you want to use DHCP/AUTOIP cooperation mode, you have to define LWIP_DHCP=1 and LWIP_AU
 186:C:/Users/stapi/OneDrive/Desktop/GD32VW553/V1_MQTT_OK/GD32VW55X_Wifi_BLE_SDK/GD32VW55x_RELEASE_V1.0.2/MSDK/lwip/lwip-2.1.2/src/core\init.c **** #endif
 187:C:/Users/stapi/OneDrive/Desktop/GD32VW553/V1_MQTT_OK/GD32VW55X_Wifi_BLE_SDK/GD32VW55x_RELEASE_V1.0.2/MSDK/lwip/lwip-2.1.2/src/core\init.c **** #if (((!LWIP_DHCP) || (!LWIP_ARP)) && DHCP_DOES_ARP_CHECK)
 188:C:/Users/stapi/OneDrive/Desktop/GD32VW553/V1_MQTT_OK/GD32VW55X_Wifi_BLE_SDK/GD32VW55x_RELEASE_V1.0.2/MSDK/lwip/lwip-2.1.2/src/core\init.c **** #error "If you want to use DHCP ARP checking, you have to define LWIP_DHCP=1 and LWIP_ARP=1 in your
 189:C:/Users/stapi/OneDrive/Desktop/GD32VW553/V1_MQTT_OK/GD32VW55X_Wifi_BLE_SDK/GD32VW55x_RELEASE_V1.0.2/MSDK/lwip/lwip-2.1.2/src/core\init.c **** #endif
 190:C:/Users/stapi/OneDrive/Desktop/GD32VW553/V1_MQTT_OK/GD32VW55X_Wifi_BLE_SDK/GD32VW55x_RELEASE_V1.0.2/MSDK/lwip/lwip-2.1.2/src/core\init.c **** #if (!LWIP_ARP && LWIP_AUTOIP)
 191:C:/Users/stapi/OneDrive/Desktop/GD32VW553/V1_MQTT_OK/GD32VW55X_Wifi_BLE_SDK/GD32VW55x_RELEASE_V1.0.2/MSDK/lwip/lwip-2.1.2/src/core\init.c **** #error "If you want to use AUTOIP, you have to define LWIP_ARP=1 in your lwipopts.h"
 192:C:/Users/stapi/OneDrive/Desktop/GD32VW553/V1_MQTT_OK/GD32VW55X_Wifi_BLE_SDK/GD32VW55x_RELEASE_V1.0.2/MSDK/lwip/lwip-2.1.2/src/core\init.c **** #endif
 193:C:/Users/stapi/OneDrive/Desktop/GD32VW553/V1_MQTT_OK/GD32VW55X_Wifi_BLE_SDK/GD32VW55x_RELEASE_V1.0.2/MSDK/lwip/lwip-2.1.2/src/core\init.c **** #if (LWIP_TCP && ((LWIP_EVENT_API && LWIP_CALLBACK_API) || (!LWIP_EVENT_API && !LWIP_CALLBACK_API))
 194:C:/Users/stapi/OneDrive/Desktop/GD32VW553/V1_MQTT_OK/GD32VW55X_Wifi_BLE_SDK/GD32VW55x_RELEASE_V1.0.2/MSDK/lwip/lwip-2.1.2/src/core\init.c **** #error "One and exactly one of LWIP_EVENT_API and LWIP_CALLBACK_API has to be enabled in your lwipo
 195:C:/Users/stapi/OneDrive/Desktop/GD32VW553/V1_MQTT_OK/GD32VW55X_Wifi_BLE_SDK/GD32VW55x_RELEASE_V1.0.2/MSDK/lwip/lwip-2.1.2/src/core\init.c **** #endif
 196:C:/Users/stapi/OneDrive/Desktop/GD32VW553/V1_MQTT_OK/GD32VW55X_Wifi_BLE_SDK/GD32VW55x_RELEASE_V1.0.2/MSDK/lwip/lwip-2.1.2/src/core\init.c **** #if (LWIP_ALTCP && LWIP_EVENT_API)
 197:C:/Users/stapi/OneDrive/Desktop/GD32VW553/V1_MQTT_OK/GD32VW55X_Wifi_BLE_SDK/GD32VW55x_RELEASE_V1.0.2/MSDK/lwip/lwip-2.1.2/src/core\init.c **** #error "The application layered tcp API does not work with LWIP_EVENT_API"
 198:C:/Users/stapi/OneDrive/Desktop/GD32VW553/V1_MQTT_OK/GD32VW55X_Wifi_BLE_SDK/GD32VW55x_RELEASE_V1.0.2/MSDK/lwip/lwip-2.1.2/src/core\init.c **** #endif
 199:C:/Users/stapi/OneDrive/Desktop/GD32VW553/V1_MQTT_OK/GD32VW55X_Wifi_BLE_SDK/GD32VW55x_RELEASE_V1.0.2/MSDK/lwip/lwip-2.1.2/src/core\init.c **** #if (MEM_LIBC_MALLOC && MEM_USE_POOLS)
 200:C:/Users/stapi/OneDrive/Desktop/GD32VW553/V1_MQTT_OK/GD32VW55X_Wifi_BLE_SDK/GD32VW55x_RELEASE_V1.0.2/MSDK/lwip/lwip-2.1.2/src/core\init.c **** #error "MEM_LIBC_MALLOC and MEM_USE_POOLS may not both be simultaneously enabled in your lwipopts.h
 201:C:/Users/stapi/OneDrive/Desktop/GD32VW553/V1_MQTT_OK/GD32VW55X_Wifi_BLE_SDK/GD32VW55x_RELEASE_V1.0.2/MSDK/lwip/lwip-2.1.2/src/core\init.c **** #endif
 202:C:/Users/stapi/OneDrive/Desktop/GD32VW553/V1_MQTT_OK/GD32VW55X_Wifi_BLE_SDK/GD32VW55x_RELEASE_V1.0.2/MSDK/lwip/lwip-2.1.2/src/core\init.c **** #if (MEM_USE_POOLS && !MEMP_USE_CUSTOM_POOLS)
 203:C:/Users/stapi/OneDrive/Desktop/GD32VW553/V1_MQTT_OK/GD32VW55X_Wifi_BLE_SDK/GD32VW55x_RELEASE_V1.0.2/MSDK/lwip/lwip-2.1.2/src/core\init.c **** #error "MEM_USE_POOLS requires custom pools (MEMP_USE_CUSTOM_POOLS) to be enabled in your lwipopts.
 204:C:/Users/stapi/OneDrive/Desktop/GD32VW553/V1_MQTT_OK/GD32VW55X_Wifi_BLE_SDK/GD32VW55x_RELEASE_V1.0.2/MSDK/lwip/lwip-2.1.2/src/core\init.c **** #endif
 205:C:/Users/stapi/OneDrive/Desktop/GD32VW553/V1_MQTT_OK/GD32VW55X_Wifi_BLE_SDK/GD32VW55x_RELEASE_V1.0.2/MSDK/lwip/lwip-2.1.2/src/core\init.c **** #if (PBUF_POOL_BUFSIZE <= MEM_ALIGNMENT)
 206:C:/Users/stapi/OneDrive/Desktop/GD32VW553/V1_MQTT_OK/GD32VW55X_Wifi_BLE_SDK/GD32VW55x_RELEASE_V1.0.2/MSDK/lwip/lwip-2.1.2/src/core\init.c **** #error "PBUF_POOL_BUFSIZE must be greater than MEM_ALIGNMENT or the offset may take the full first 
 207:C:/Users/stapi/OneDrive/Desktop/GD32VW553/V1_MQTT_OK/GD32VW55X_Wifi_BLE_SDK/GD32VW55x_RELEASE_V1.0.2/MSDK/lwip/lwip-2.1.2/src/core\init.c **** #endif
 208:C:/Users/stapi/OneDrive/Desktop/GD32VW553/V1_MQTT_OK/GD32VW55X_Wifi_BLE_SDK/GD32VW55x_RELEASE_V1.0.2/MSDK/lwip/lwip-2.1.2/src/core\init.c **** #if (DNS_LOCAL_HOSTLIST && !DNS_LOCAL_HOSTLIST_IS_DYNAMIC && !(defined(DNS_LOCAL_HOSTLIST_INIT)))
 209:C:/Users/stapi/OneDrive/Desktop/GD32VW553/V1_MQTT_OK/GD32VW55X_Wifi_BLE_SDK/GD32VW55x_RELEASE_V1.0.2/MSDK/lwip/lwip-2.1.2/src/core\init.c **** #error "you have to define define DNS_LOCAL_HOSTLIST_INIT {{'host1', 0x123}, {'host2', 0x234}} to i
 210:C:/Users/stapi/OneDrive/Desktop/GD32VW553/V1_MQTT_OK/GD32VW55X_Wifi_BLE_SDK/GD32VW55x_RELEASE_V1.0.2/MSDK/lwip/lwip-2.1.2/src/core\init.c **** #endif
 211:C:/Users/stapi/OneDrive/Desktop/GD32VW553/V1_MQTT_OK/GD32VW55X_Wifi_BLE_SDK/GD32VW55x_RELEASE_V1.0.2/MSDK/lwip/lwip-2.1.2/src/core\init.c **** #if PPP_SUPPORT && !PPPOS_SUPPORT && !PPPOE_SUPPORT && !PPPOL2TP_SUPPORT
 212:C:/Users/stapi/OneDrive/Desktop/GD32VW553/V1_MQTT_OK/GD32VW55X_Wifi_BLE_SDK/GD32VW55x_RELEASE_V1.0.2/MSDK/lwip/lwip-2.1.2/src/core\init.c **** #error "PPP_SUPPORT needs at least one of PPPOS_SUPPORT, PPPOE_SUPPORT or PPPOL2TP_SUPPORT turned o
 213:C:/Users/stapi/OneDrive/Desktop/GD32VW553/V1_MQTT_OK/GD32VW55X_Wifi_BLE_SDK/GD32VW55x_RELEASE_V1.0.2/MSDK/lwip/lwip-2.1.2/src/core\init.c **** #endif
 214:C:/Users/stapi/OneDrive/Desktop/GD32VW553/V1_MQTT_OK/GD32VW55X_Wifi_BLE_SDK/GD32VW55x_RELEASE_V1.0.2/MSDK/lwip/lwip-2.1.2/src/core\init.c **** #if PPP_SUPPORT && !PPP_IPV4_SUPPORT && !PPP_IPV6_SUPPORT
 215:C:/Users/stapi/OneDrive/Desktop/GD32VW553/V1_MQTT_OK/GD32VW55X_Wifi_BLE_SDK/GD32VW55x_RELEASE_V1.0.2/MSDK/lwip/lwip-2.1.2/src/core\init.c **** #error "PPP_SUPPORT needs PPP_IPV4_SUPPORT and/or PPP_IPV6_SUPPORT turned on"
 216:C:/Users/stapi/OneDrive/Desktop/GD32VW553/V1_MQTT_OK/GD32VW55X_Wifi_BLE_SDK/GD32VW55x_RELEASE_V1.0.2/MSDK/lwip/lwip-2.1.2/src/core\init.c **** #endif
 217:C:/Users/stapi/OneDrive/Desktop/GD32VW553/V1_MQTT_OK/GD32VW55X_Wifi_BLE_SDK/GD32VW55x_RELEASE_V1.0.2/MSDK/lwip/lwip-2.1.2/src/core\init.c **** #if PPP_SUPPORT && PPP_IPV4_SUPPORT && !LWIP_IPV4
 218:C:/Users/stapi/OneDrive/Desktop/GD32VW553/V1_MQTT_OK/GD32VW55X_Wifi_BLE_SDK/GD32VW55x_RELEASE_V1.0.2/MSDK/lwip/lwip-2.1.2/src/core\init.c **** #error "PPP_IPV4_SUPPORT needs LWIP_IPV4 turned on"
 219:C:/Users/stapi/OneDrive/Desktop/GD32VW553/V1_MQTT_OK/GD32VW55X_Wifi_BLE_SDK/GD32VW55x_RELEASE_V1.0.2/MSDK/lwip/lwip-2.1.2/src/core\init.c **** #endif
 220:C:/Users/stapi/OneDrive/Desktop/GD32VW553/V1_MQTT_OK/GD32VW55X_Wifi_BLE_SDK/GD32VW55x_RELEASE_V1.0.2/MSDK/lwip/lwip-2.1.2/src/core\init.c **** #if PPP_SUPPORT && PPP_IPV6_SUPPORT && !LWIP_IPV6
 221:C:/Users/stapi/OneDrive/Desktop/GD32VW553/V1_MQTT_OK/GD32VW55X_Wifi_BLE_SDK/GD32VW55x_RELEASE_V1.0.2/MSDK/lwip/lwip-2.1.2/src/core\init.c **** #error "PPP_IPV6_SUPPORT needs LWIP_IPV6 turned on"
 222:C:/Users/stapi/OneDrive/Desktop/GD32VW553/V1_MQTT_OK/GD32VW55X_Wifi_BLE_SDK/GD32VW55x_RELEASE_V1.0.2/MSDK/lwip/lwip-2.1.2/src/core\init.c **** #endif
 223:C:/Users/stapi/OneDrive/Desktop/GD32VW553/V1_MQTT_OK/GD32VW55X_Wifi_BLE_SDK/GD32VW55x_RELEASE_V1.0.2/MSDK/lwip/lwip-2.1.2/src/core\init.c **** #if !LWIP_ETHERNET && (LWIP_ARP || PPPOE_SUPPORT)
 224:C:/Users/stapi/OneDrive/Desktop/GD32VW553/V1_MQTT_OK/GD32VW55X_Wifi_BLE_SDK/GD32VW55x_RELEASE_V1.0.2/MSDK/lwip/lwip-2.1.2/src/core\init.c **** #error "LWIP_ETHERNET needs to be turned on for LWIP_ARP or PPPOE_SUPPORT"
 225:C:/Users/stapi/OneDrive/Desktop/GD32VW553/V1_MQTT_OK/GD32VW55X_Wifi_BLE_SDK/GD32VW55x_RELEASE_V1.0.2/MSDK/lwip/lwip-2.1.2/src/core\init.c **** #endif
 226:C:/Users/stapi/OneDrive/Desktop/GD32VW553/V1_MQTT_OK/GD32VW55X_Wifi_BLE_SDK/GD32VW55x_RELEASE_V1.0.2/MSDK/lwip/lwip-2.1.2/src/core\init.c **** #if LWIP_TCPIP_CORE_LOCKING_INPUT && !LWIP_TCPIP_CORE_LOCKING
 227:C:/Users/stapi/OneDrive/Desktop/GD32VW553/V1_MQTT_OK/GD32VW55X_Wifi_BLE_SDK/GD32VW55x_RELEASE_V1.0.2/MSDK/lwip/lwip-2.1.2/src/core\init.c **** #error "When using LWIP_TCPIP_CORE_LOCKING_INPUT, LWIP_TCPIP_CORE_LOCKING must be enabled, too"
 228:C:/Users/stapi/OneDrive/Desktop/GD32VW553/V1_MQTT_OK/GD32VW55X_Wifi_BLE_SDK/GD32VW55x_RELEASE_V1.0.2/MSDK/lwip/lwip-2.1.2/src/core\init.c **** #endif
 229:C:/Users/stapi/OneDrive/Desktop/GD32VW553/V1_MQTT_OK/GD32VW55X_Wifi_BLE_SDK/GD32VW55x_RELEASE_V1.0.2/MSDK/lwip/lwip-2.1.2/src/core\init.c **** #if LWIP_TCP && LWIP_NETIF_TX_SINGLE_PBUF && !TCP_OVERSIZE
 230:C:/Users/stapi/OneDrive/Desktop/GD32VW553/V1_MQTT_OK/GD32VW55X_Wifi_BLE_SDK/GD32VW55x_RELEASE_V1.0.2/MSDK/lwip/lwip-2.1.2/src/core\init.c **** #error "LWIP_NETIF_TX_SINGLE_PBUF needs TCP_OVERSIZE enabled to create single-pbuf TCP packets"
 231:C:/Users/stapi/OneDrive/Desktop/GD32VW553/V1_MQTT_OK/GD32VW55X_Wifi_BLE_SDK/GD32VW55x_RELEASE_V1.0.2/MSDK/lwip/lwip-2.1.2/src/core\init.c **** #endif
 232:C:/Users/stapi/OneDrive/Desktop/GD32VW553/V1_MQTT_OK/GD32VW55X_Wifi_BLE_SDK/GD32VW55x_RELEASE_V1.0.2/MSDK/lwip/lwip-2.1.2/src/core\init.c **** #if LWIP_NETCONN && LWIP_TCP
 233:C:/Users/stapi/OneDrive/Desktop/GD32VW553/V1_MQTT_OK/GD32VW55X_Wifi_BLE_SDK/GD32VW55x_RELEASE_V1.0.2/MSDK/lwip/lwip-2.1.2/src/core\init.c **** #if NETCONN_COPY != TCP_WRITE_FLAG_COPY
 234:C:/Users/stapi/OneDrive/Desktop/GD32VW553/V1_MQTT_OK/GD32VW55X_Wifi_BLE_SDK/GD32VW55x_RELEASE_V1.0.2/MSDK/lwip/lwip-2.1.2/src/core\init.c **** #error "NETCONN_COPY != TCP_WRITE_FLAG_COPY"
 235:C:/Users/stapi/OneDrive/Desktop/GD32VW553/V1_MQTT_OK/GD32VW55X_Wifi_BLE_SDK/GD32VW55x_RELEASE_V1.0.2/MSDK/lwip/lwip-2.1.2/src/core\init.c **** #endif
 236:C:/Users/stapi/OneDrive/Desktop/GD32VW553/V1_MQTT_OK/GD32VW55X_Wifi_BLE_SDK/GD32VW55x_RELEASE_V1.0.2/MSDK/lwip/lwip-2.1.2/src/core\init.c **** #if NETCONN_MORE != TCP_WRITE_FLAG_MORE
 237:C:/Users/stapi/OneDrive/Desktop/GD32VW553/V1_MQTT_OK/GD32VW55X_Wifi_BLE_SDK/GD32VW55x_RELEASE_V1.0.2/MSDK/lwip/lwip-2.1.2/src/core\init.c **** #error "NETCONN_MORE != TCP_WRITE_FLAG_MORE"
 238:C:/Users/stapi/OneDrive/Desktop/GD32VW553/V1_MQTT_OK/GD32VW55X_Wifi_BLE_SDK/GD32VW55x_RELEASE_V1.0.2/MSDK/lwip/lwip-2.1.2/src/core\init.c **** #endif
 239:C:/Users/stapi/OneDrive/Desktop/GD32VW553/V1_MQTT_OK/GD32VW55X_Wifi_BLE_SDK/GD32VW55x_RELEASE_V1.0.2/MSDK/lwip/lwip-2.1.2/src/core\init.c **** #endif /* LWIP_NETCONN && LWIP_TCP */
 240:C:/Users/stapi/OneDrive/Desktop/GD32VW553/V1_MQTT_OK/GD32VW55X_Wifi_BLE_SDK/GD32VW55x_RELEASE_V1.0.2/MSDK/lwip/lwip-2.1.2/src/core\init.c **** #if LWIP_SOCKET
 241:C:/Users/stapi/OneDrive/Desktop/GD32VW553/V1_MQTT_OK/GD32VW55X_Wifi_BLE_SDK/GD32VW55x_RELEASE_V1.0.2/MSDK/lwip/lwip-2.1.2/src/core\init.c **** #endif /* LWIP_SOCKET */
 242:C:/Users/stapi/OneDrive/Desktop/GD32VW553/V1_MQTT_OK/GD32VW55X_Wifi_BLE_SDK/GD32VW55x_RELEASE_V1.0.2/MSDK/lwip/lwip-2.1.2/src/core\init.c **** 
 243:C:/Users/stapi/OneDrive/Desktop/GD32VW553/V1_MQTT_OK/GD32VW55X_Wifi_BLE_SDK/GD32VW55x_RELEASE_V1.0.2/MSDK/lwip/lwip-2.1.2/src/core\init.c **** 
 244:C:/Users/stapi/OneDrive/Desktop/GD32VW553/V1_MQTT_OK/GD32VW55X_Wifi_BLE_SDK/GD32VW55x_RELEASE_V1.0.2/MSDK/lwip/lwip-2.1.2/src/core\init.c **** /* Compile-time checks for deprecated options.
 245:C:/Users/stapi/OneDrive/Desktop/GD32VW553/V1_MQTT_OK/GD32VW55X_Wifi_BLE_SDK/GD32VW55x_RELEASE_V1.0.2/MSDK/lwip/lwip-2.1.2/src/core\init.c ****  */
 246:C:/Users/stapi/OneDrive/Desktop/GD32VW553/V1_MQTT_OK/GD32VW55X_Wifi_BLE_SDK/GD32VW55x_RELEASE_V1.0.2/MSDK/lwip/lwip-2.1.2/src/core\init.c **** #ifdef MEMP_NUM_TCPIP_MSG
 247:C:/Users/stapi/OneDrive/Desktop/GD32VW553/V1_MQTT_OK/GD32VW55X_Wifi_BLE_SDK/GD32VW55x_RELEASE_V1.0.2/MSDK/lwip/lwip-2.1.2/src/core\init.c **** #error "MEMP_NUM_TCPIP_MSG option is deprecated. Remove it from your lwipopts.h."
 248:C:/Users/stapi/OneDrive/Desktop/GD32VW553/V1_MQTT_OK/GD32VW55X_Wifi_BLE_SDK/GD32VW55x_RELEASE_V1.0.2/MSDK/lwip/lwip-2.1.2/src/core\init.c **** #endif
 249:C:/Users/stapi/OneDrive/Desktop/GD32VW553/V1_MQTT_OK/GD32VW55X_Wifi_BLE_SDK/GD32VW55x_RELEASE_V1.0.2/MSDK/lwip/lwip-2.1.2/src/core\init.c **** #ifdef TCP_REXMIT_DEBUG
 250:C:/Users/stapi/OneDrive/Desktop/GD32VW553/V1_MQTT_OK/GD32VW55X_Wifi_BLE_SDK/GD32VW55x_RELEASE_V1.0.2/MSDK/lwip/lwip-2.1.2/src/core\init.c **** #error "TCP_REXMIT_DEBUG option is deprecated. Remove it from your lwipopts.h."
 251:C:/Users/stapi/OneDrive/Desktop/GD32VW553/V1_MQTT_OK/GD32VW55X_Wifi_BLE_SDK/GD32VW55x_RELEASE_V1.0.2/MSDK/lwip/lwip-2.1.2/src/core\init.c **** #endif
 252:C:/Users/stapi/OneDrive/Desktop/GD32VW553/V1_MQTT_OK/GD32VW55X_Wifi_BLE_SDK/GD32VW55x_RELEASE_V1.0.2/MSDK/lwip/lwip-2.1.2/src/core\init.c **** #ifdef RAW_STATS
 253:C:/Users/stapi/OneDrive/Desktop/GD32VW553/V1_MQTT_OK/GD32VW55X_Wifi_BLE_SDK/GD32VW55x_RELEASE_V1.0.2/MSDK/lwip/lwip-2.1.2/src/core\init.c **** #error "RAW_STATS option is deprecated. Remove it from your lwipopts.h."
 254:C:/Users/stapi/OneDrive/Desktop/GD32VW553/V1_MQTT_OK/GD32VW55X_Wifi_BLE_SDK/GD32VW55x_RELEASE_V1.0.2/MSDK/lwip/lwip-2.1.2/src/core\init.c **** #endif
 255:C:/Users/stapi/OneDrive/Desktop/GD32VW553/V1_MQTT_OK/GD32VW55X_Wifi_BLE_SDK/GD32VW55x_RELEASE_V1.0.2/MSDK/lwip/lwip-2.1.2/src/core\init.c **** #ifdef ETHARP_QUEUE_FIRST
 256:C:/Users/stapi/OneDrive/Desktop/GD32VW553/V1_MQTT_OK/GD32VW55X_Wifi_BLE_SDK/GD32VW55x_RELEASE_V1.0.2/MSDK/lwip/lwip-2.1.2/src/core\init.c **** #error "ETHARP_QUEUE_FIRST option is deprecated. Remove it from your lwipopts.h."
 257:C:/Users/stapi/OneDrive/Desktop/GD32VW553/V1_MQTT_OK/GD32VW55X_Wifi_BLE_SDK/GD32VW55x_RELEASE_V1.0.2/MSDK/lwip/lwip-2.1.2/src/core\init.c **** #endif
 258:C:/Users/stapi/OneDrive/Desktop/GD32VW553/V1_MQTT_OK/GD32VW55X_Wifi_BLE_SDK/GD32VW55x_RELEASE_V1.0.2/MSDK/lwip/lwip-2.1.2/src/core\init.c **** #ifdef ETHARP_ALWAYS_INSERT
 259:C:/Users/stapi/OneDrive/Desktop/GD32VW553/V1_MQTT_OK/GD32VW55X_Wifi_BLE_SDK/GD32VW55x_RELEASE_V1.0.2/MSDK/lwip/lwip-2.1.2/src/core\init.c **** #error "ETHARP_ALWAYS_INSERT option is deprecated. Remove it from your lwipopts.h."
 260:C:/Users/stapi/OneDrive/Desktop/GD32VW553/V1_MQTT_OK/GD32VW55X_Wifi_BLE_SDK/GD32VW55x_RELEASE_V1.0.2/MSDK/lwip/lwip-2.1.2/src/core\init.c **** #endif
 261:C:/Users/stapi/OneDrive/Desktop/GD32VW553/V1_MQTT_OK/GD32VW55X_Wifi_BLE_SDK/GD32VW55x_RELEASE_V1.0.2/MSDK/lwip/lwip-2.1.2/src/core\init.c **** #if !NO_SYS && LWIP_TCPIP_CORE_LOCKING && LWIP_COMPAT_MUTEX && !defined(LWIP_COMPAT_MUTEX_ALLOWED)
 262:C:/Users/stapi/OneDrive/Desktop/GD32VW553/V1_MQTT_OK/GD32VW55X_Wifi_BLE_SDK/GD32VW55x_RELEASE_V1.0.2/MSDK/lwip/lwip-2.1.2/src/core\init.c **** #error "LWIP_COMPAT_MUTEX cannot prevent priority inversion. It is recommended to implement priorit
 263:C:/Users/stapi/OneDrive/Desktop/GD32VW553/V1_MQTT_OK/GD32VW55X_Wifi_BLE_SDK/GD32VW55x_RELEASE_V1.0.2/MSDK/lwip/lwip-2.1.2/src/core\init.c **** #endif
 264:C:/Users/stapi/OneDrive/Desktop/GD32VW553/V1_MQTT_OK/GD32VW55X_Wifi_BLE_SDK/GD32VW55x_RELEASE_V1.0.2/MSDK/lwip/lwip-2.1.2/src/core\init.c **** 
 265:C:/Users/stapi/OneDrive/Desktop/GD32VW553/V1_MQTT_OK/GD32VW55X_Wifi_BLE_SDK/GD32VW55x_RELEASE_V1.0.2/MSDK/lwip/lwip-2.1.2/src/core\init.c **** #ifndef LWIP_DISABLE_TCP_SANITY_CHECKS
 266:C:/Users/stapi/OneDrive/Desktop/GD32VW553/V1_MQTT_OK/GD32VW55X_Wifi_BLE_SDK/GD32VW55x_RELEASE_V1.0.2/MSDK/lwip/lwip-2.1.2/src/core\init.c **** #define LWIP_DISABLE_TCP_SANITY_CHECKS  0
 267:C:/Users/stapi/OneDrive/Desktop/GD32VW553/V1_MQTT_OK/GD32VW55X_Wifi_BLE_SDK/GD32VW55x_RELEASE_V1.0.2/MSDK/lwip/lwip-2.1.2/src/core\init.c **** #endif
 268:C:/Users/stapi/OneDrive/Desktop/GD32VW553/V1_MQTT_OK/GD32VW55X_Wifi_BLE_SDK/GD32VW55x_RELEASE_V1.0.2/MSDK/lwip/lwip-2.1.2/src/core\init.c **** #ifndef LWIP_DISABLE_MEMP_SANITY_CHECKS
 269:C:/Users/stapi/OneDrive/Desktop/GD32VW553/V1_MQTT_OK/GD32VW55X_Wifi_BLE_SDK/GD32VW55x_RELEASE_V1.0.2/MSDK/lwip/lwip-2.1.2/src/core\init.c **** #define LWIP_DISABLE_MEMP_SANITY_CHECKS 0
 270:C:/Users/stapi/OneDrive/Desktop/GD32VW553/V1_MQTT_OK/GD32VW55X_Wifi_BLE_SDK/GD32VW55x_RELEASE_V1.0.2/MSDK/lwip/lwip-2.1.2/src/core\init.c **** #endif
 271:C:/Users/stapi/OneDrive/Desktop/GD32VW553/V1_MQTT_OK/GD32VW55X_Wifi_BLE_SDK/GD32VW55x_RELEASE_V1.0.2/MSDK/lwip/lwip-2.1.2/src/core\init.c **** 
 272:C:/Users/stapi/OneDrive/Desktop/GD32VW553/V1_MQTT_OK/GD32VW55X_Wifi_BLE_SDK/GD32VW55x_RELEASE_V1.0.2/MSDK/lwip/lwip-2.1.2/src/core\init.c **** /* MEMP sanity checks */
 273:C:/Users/stapi/OneDrive/Desktop/GD32VW553/V1_MQTT_OK/GD32VW55X_Wifi_BLE_SDK/GD32VW55x_RELEASE_V1.0.2/MSDK/lwip/lwip-2.1.2/src/core\init.c **** #if MEMP_MEM_MALLOC
 274:C:/Users/stapi/OneDrive/Desktop/GD32VW553/V1_MQTT_OK/GD32VW55X_Wifi_BLE_SDK/GD32VW55x_RELEASE_V1.0.2/MSDK/lwip/lwip-2.1.2/src/core\init.c **** #if !LWIP_DISABLE_MEMP_SANITY_CHECKS
 275:C:/Users/stapi/OneDrive/Desktop/GD32VW553/V1_MQTT_OK/GD32VW55X_Wifi_BLE_SDK/GD32VW55x_RELEASE_V1.0.2/MSDK/lwip/lwip-2.1.2/src/core\init.c **** #if LWIP_NETCONN || LWIP_SOCKET
 276:C:/Users/stapi/OneDrive/Desktop/GD32VW553/V1_MQTT_OK/GD32VW55X_Wifi_BLE_SDK/GD32VW55x_RELEASE_V1.0.2/MSDK/lwip/lwip-2.1.2/src/core\init.c **** #if !MEMP_NUM_NETCONN && LWIP_SOCKET
 277:C:/Users/stapi/OneDrive/Desktop/GD32VW553/V1_MQTT_OK/GD32VW55X_Wifi_BLE_SDK/GD32VW55x_RELEASE_V1.0.2/MSDK/lwip/lwip-2.1.2/src/core\init.c **** #error "lwip_sanity_check: WARNING: MEMP_NUM_NETCONN cannot be 0 when using sockets!"
 278:C:/Users/stapi/OneDrive/Desktop/GD32VW553/V1_MQTT_OK/GD32VW55X_Wifi_BLE_SDK/GD32VW55x_RELEASE_V1.0.2/MSDK/lwip/lwip-2.1.2/src/core\init.c **** #endif
 279:C:/Users/stapi/OneDrive/Desktop/GD32VW553/V1_MQTT_OK/GD32VW55X_Wifi_BLE_SDK/GD32VW55x_RELEASE_V1.0.2/MSDK/lwip/lwip-2.1.2/src/core\init.c **** #else /* MEMP_MEM_MALLOC */
 280:C:/Users/stapi/OneDrive/Desktop/GD32VW553/V1_MQTT_OK/GD32VW55X_Wifi_BLE_SDK/GD32VW55x_RELEASE_V1.0.2/MSDK/lwip/lwip-2.1.2/src/core\init.c **** #if MEMP_NUM_NETCONN > (MEMP_NUM_TCP_PCB+MEMP_NUM_TCP_PCB_LISTEN+MEMP_NUM_UDP_PCB+MEMP_NUM_RAW_PCB)
 281:C:/Users/stapi/OneDrive/Desktop/GD32VW553/V1_MQTT_OK/GD32VW55X_Wifi_BLE_SDK/GD32VW55x_RELEASE_V1.0.2/MSDK/lwip/lwip-2.1.2/src/core\init.c **** #error "lwip_sanity_check: WARNING: MEMP_NUM_NETCONN should be less than the sum of MEMP_NUM_{TCP,R
 282:C:/Users/stapi/OneDrive/Desktop/GD32VW553/V1_MQTT_OK/GD32VW55X_Wifi_BLE_SDK/GD32VW55x_RELEASE_V1.0.2/MSDK/lwip/lwip-2.1.2/src/core\init.c **** #endif
 283:C:/Users/stapi/OneDrive/Desktop/GD32VW553/V1_MQTT_OK/GD32VW55X_Wifi_BLE_SDK/GD32VW55x_RELEASE_V1.0.2/MSDK/lwip/lwip-2.1.2/src/core\init.c **** #endif /* LWIP_NETCONN || LWIP_SOCKET */
 284:C:/Users/stapi/OneDrive/Desktop/GD32VW553/V1_MQTT_OK/GD32VW55X_Wifi_BLE_SDK/GD32VW55x_RELEASE_V1.0.2/MSDK/lwip/lwip-2.1.2/src/core\init.c **** #endif /* !LWIP_DISABLE_MEMP_SANITY_CHECKS */
 285:C:/Users/stapi/OneDrive/Desktop/GD32VW553/V1_MQTT_OK/GD32VW55X_Wifi_BLE_SDK/GD32VW55x_RELEASE_V1.0.2/MSDK/lwip/lwip-2.1.2/src/core\init.c **** #if MEM_USE_POOLS
 286:C:/Users/stapi/OneDrive/Desktop/GD32VW553/V1_MQTT_OK/GD32VW55X_Wifi_BLE_SDK/GD32VW55x_RELEASE_V1.0.2/MSDK/lwip/lwip-2.1.2/src/core\init.c **** #error "MEMP_MEM_MALLOC and MEM_USE_POOLS cannot be enabled at the same time"
 287:C:/Users/stapi/OneDrive/Desktop/GD32VW553/V1_MQTT_OK/GD32VW55X_Wifi_BLE_SDK/GD32VW55x_RELEASE_V1.0.2/MSDK/lwip/lwip-2.1.2/src/core\init.c **** #endif
 288:C:/Users/stapi/OneDrive/Desktop/GD32VW553/V1_MQTT_OK/GD32VW55X_Wifi_BLE_SDK/GD32VW55x_RELEASE_V1.0.2/MSDK/lwip/lwip-2.1.2/src/core\init.c **** #ifdef LWIP_HOOK_MEMP_AVAILABLE
 289:C:/Users/stapi/OneDrive/Desktop/GD32VW553/V1_MQTT_OK/GD32VW55X_Wifi_BLE_SDK/GD32VW55x_RELEASE_V1.0.2/MSDK/lwip/lwip-2.1.2/src/core\init.c **** #error "LWIP_HOOK_MEMP_AVAILABLE doesn't make sense with MEMP_MEM_MALLOC"
 290:C:/Users/stapi/OneDrive/Desktop/GD32VW553/V1_MQTT_OK/GD32VW55X_Wifi_BLE_SDK/GD32VW55x_RELEASE_V1.0.2/MSDK/lwip/lwip-2.1.2/src/core\init.c **** #endif
 291:C:/Users/stapi/OneDrive/Desktop/GD32VW553/V1_MQTT_OK/GD32VW55X_Wifi_BLE_SDK/GD32VW55x_RELEASE_V1.0.2/MSDK/lwip/lwip-2.1.2/src/core\init.c **** #endif /* MEMP_MEM_MALLOC */
 292:C:/Users/stapi/OneDrive/Desktop/GD32VW553/V1_MQTT_OK/GD32VW55X_Wifi_BLE_SDK/GD32VW55x_RELEASE_V1.0.2/MSDK/lwip/lwip-2.1.2/src/core\init.c **** 
 293:C:/Users/stapi/OneDrive/Desktop/GD32VW553/V1_MQTT_OK/GD32VW55X_Wifi_BLE_SDK/GD32VW55x_RELEASE_V1.0.2/MSDK/lwip/lwip-2.1.2/src/core\init.c **** /* TCP sanity checks */
 294:C:/Users/stapi/OneDrive/Desktop/GD32VW553/V1_MQTT_OK/GD32VW55X_Wifi_BLE_SDK/GD32VW55x_RELEASE_V1.0.2/MSDK/lwip/lwip-2.1.2/src/core\init.c **** #if !LWIP_DISABLE_TCP_SANITY_CHECKS
 295:C:/Users/stapi/OneDrive/Desktop/GD32VW553/V1_MQTT_OK/GD32VW55X_Wifi_BLE_SDK/GD32VW55x_RELEASE_V1.0.2/MSDK/lwip/lwip-2.1.2/src/core\init.c **** #if LWIP_TCP
 296:C:/Users/stapi/OneDrive/Desktop/GD32VW553/V1_MQTT_OK/GD32VW55X_Wifi_BLE_SDK/GD32VW55x_RELEASE_V1.0.2/MSDK/lwip/lwip-2.1.2/src/core\init.c **** #if !MEMP_MEM_MALLOC && (MEMP_NUM_TCP_SEG < TCP_SND_QUEUELEN)
 297:C:/Users/stapi/OneDrive/Desktop/GD32VW553/V1_MQTT_OK/GD32VW55X_Wifi_BLE_SDK/GD32VW55x_RELEASE_V1.0.2/MSDK/lwip/lwip-2.1.2/src/core\init.c **** #error "lwip_sanity_check: WARNING: MEMP_NUM_TCP_SEG should be at least as big as TCP_SND_QUEUELEN.
 298:C:/Users/stapi/OneDrive/Desktop/GD32VW553/V1_MQTT_OK/GD32VW55X_Wifi_BLE_SDK/GD32VW55x_RELEASE_V1.0.2/MSDK/lwip/lwip-2.1.2/src/core\init.c **** #endif
 299:C:/Users/stapi/OneDrive/Desktop/GD32VW553/V1_MQTT_OK/GD32VW55X_Wifi_BLE_SDK/GD32VW55x_RELEASE_V1.0.2/MSDK/lwip/lwip-2.1.2/src/core\init.c **** #if TCP_SND_BUF < (2 * TCP_MSS)
 300:C:/Users/stapi/OneDrive/Desktop/GD32VW553/V1_MQTT_OK/GD32VW55X_Wifi_BLE_SDK/GD32VW55x_RELEASE_V1.0.2/MSDK/lwip/lwip-2.1.2/src/core\init.c **** #error "lwip_sanity_check: WARNING: TCP_SND_BUF must be at least as much as (2 * TCP_MSS) for thing
 301:C:/Users/stapi/OneDrive/Desktop/GD32VW553/V1_MQTT_OK/GD32VW55X_Wifi_BLE_SDK/GD32VW55x_RELEASE_V1.0.2/MSDK/lwip/lwip-2.1.2/src/core\init.c **** #endif
 302:C:/Users/stapi/OneDrive/Desktop/GD32VW553/V1_MQTT_OK/GD32VW55X_Wifi_BLE_SDK/GD32VW55x_RELEASE_V1.0.2/MSDK/lwip/lwip-2.1.2/src/core\init.c **** #if TCP_SND_QUEUELEN < (2 * (TCP_SND_BUF / TCP_MSS))
 303:C:/Users/stapi/OneDrive/Desktop/GD32VW553/V1_MQTT_OK/GD32VW55X_Wifi_BLE_SDK/GD32VW55x_RELEASE_V1.0.2/MSDK/lwip/lwip-2.1.2/src/core\init.c **** #error "lwip_sanity_check: WARNING: TCP_SND_QUEUELEN must be at least as much as (2 * TCP_SND_BUF/T
 304:C:/Users/stapi/OneDrive/Desktop/GD32VW553/V1_MQTT_OK/GD32VW55X_Wifi_BLE_SDK/GD32VW55x_RELEASE_V1.0.2/MSDK/lwip/lwip-2.1.2/src/core\init.c **** #endif
 305:C:/Users/stapi/OneDrive/Desktop/GD32VW553/V1_MQTT_OK/GD32VW55X_Wifi_BLE_SDK/GD32VW55x_RELEASE_V1.0.2/MSDK/lwip/lwip-2.1.2/src/core\init.c **** #if TCP_SNDLOWAT >= TCP_SND_BUF
 306:C:/Users/stapi/OneDrive/Desktop/GD32VW553/V1_MQTT_OK/GD32VW55X_Wifi_BLE_SDK/GD32VW55x_RELEASE_V1.0.2/MSDK/lwip/lwip-2.1.2/src/core\init.c **** #error "lwip_sanity_check: WARNING: TCP_SNDLOWAT must be less than TCP_SND_BUF. If you know what yo
 307:C:/Users/stapi/OneDrive/Desktop/GD32VW553/V1_MQTT_OK/GD32VW55X_Wifi_BLE_SDK/GD32VW55x_RELEASE_V1.0.2/MSDK/lwip/lwip-2.1.2/src/core\init.c **** #endif
 308:C:/Users/stapi/OneDrive/Desktop/GD32VW553/V1_MQTT_OK/GD32VW55X_Wifi_BLE_SDK/GD32VW55x_RELEASE_V1.0.2/MSDK/lwip/lwip-2.1.2/src/core\init.c **** #if TCP_SNDLOWAT >= (0xFFFF - (4 * TCP_MSS))
 309:C:/Users/stapi/OneDrive/Desktop/GD32VW553/V1_MQTT_OK/GD32VW55X_Wifi_BLE_SDK/GD32VW55x_RELEASE_V1.0.2/MSDK/lwip/lwip-2.1.2/src/core\init.c **** #error "lwip_sanity_check: WARNING: TCP_SNDLOWAT must at least be 4*MSS below u16_t overflow!"
 310:C:/Users/stapi/OneDrive/Desktop/GD32VW553/V1_MQTT_OK/GD32VW55X_Wifi_BLE_SDK/GD32VW55x_RELEASE_V1.0.2/MSDK/lwip/lwip-2.1.2/src/core\init.c **** #endif
 311:C:/Users/stapi/OneDrive/Desktop/GD32VW553/V1_MQTT_OK/GD32VW55X_Wifi_BLE_SDK/GD32VW55x_RELEASE_V1.0.2/MSDK/lwip/lwip-2.1.2/src/core\init.c **** #if TCP_SNDQUEUELOWAT >= TCP_SND_QUEUELEN
 312:C:/Users/stapi/OneDrive/Desktop/GD32VW553/V1_MQTT_OK/GD32VW55X_Wifi_BLE_SDK/GD32VW55x_RELEASE_V1.0.2/MSDK/lwip/lwip-2.1.2/src/core\init.c **** #error "lwip_sanity_check: WARNING: TCP_SNDQUEUELOWAT must be less than TCP_SND_QUEUELEN. If you kn
 313:C:/Users/stapi/OneDrive/Desktop/GD32VW553/V1_MQTT_OK/GD32VW55X_Wifi_BLE_SDK/GD32VW55x_RELEASE_V1.0.2/MSDK/lwip/lwip-2.1.2/src/core\init.c **** #endif
 314:C:/Users/stapi/OneDrive/Desktop/GD32VW553/V1_MQTT_OK/GD32VW55X_Wifi_BLE_SDK/GD32VW55x_RELEASE_V1.0.2/MSDK/lwip/lwip-2.1.2/src/core\init.c **** #if !MEMP_MEM_MALLOC && PBUF_POOL_SIZE && (PBUF_POOL_BUFSIZE <= (PBUF_LINK_ENCAPSULATION_HLEN + PBU
 315:C:/Users/stapi/OneDrive/Desktop/GD32VW553/V1_MQTT_OK/GD32VW55X_Wifi_BLE_SDK/GD32VW55x_RELEASE_V1.0.2/MSDK/lwip/lwip-2.1.2/src/core\init.c **** #error "lwip_sanity_check: WARNING: PBUF_POOL_BUFSIZE does not provide enough space for protocol he
 316:C:/Users/stapi/OneDrive/Desktop/GD32VW553/V1_MQTT_OK/GD32VW55X_Wifi_BLE_SDK/GD32VW55x_RELEASE_V1.0.2/MSDK/lwip/lwip-2.1.2/src/core\init.c **** #endif
 317:C:/Users/stapi/OneDrive/Desktop/GD32VW553/V1_MQTT_OK/GD32VW55X_Wifi_BLE_SDK/GD32VW55x_RELEASE_V1.0.2/MSDK/lwip/lwip-2.1.2/src/core\init.c **** #if !MEMP_MEM_MALLOC && PBUF_POOL_SIZE && (TCP_WND > (PBUF_POOL_SIZE * (PBUF_POOL_BUFSIZE - (PBUF_L
 318:C:/Users/stapi/OneDrive/Desktop/GD32VW553/V1_MQTT_OK/GD32VW55X_Wifi_BLE_SDK/GD32VW55x_RELEASE_V1.0.2/MSDK/lwip/lwip-2.1.2/src/core\init.c **** #error "lwip_sanity_check: WARNING: TCP_WND is larger than space provided by PBUF_POOL_SIZE * (PBUF
 319:C:/Users/stapi/OneDrive/Desktop/GD32VW553/V1_MQTT_OK/GD32VW55X_Wifi_BLE_SDK/GD32VW55x_RELEASE_V1.0.2/MSDK/lwip/lwip-2.1.2/src/core\init.c **** #endif
 320:C:/Users/stapi/OneDrive/Desktop/GD32VW553/V1_MQTT_OK/GD32VW55X_Wifi_BLE_SDK/GD32VW55x_RELEASE_V1.0.2/MSDK/lwip/lwip-2.1.2/src/core\init.c **** #if TCP_WND < TCP_MSS
 321:C:/Users/stapi/OneDrive/Desktop/GD32VW553/V1_MQTT_OK/GD32VW55X_Wifi_BLE_SDK/GD32VW55x_RELEASE_V1.0.2/MSDK/lwip/lwip-2.1.2/src/core\init.c **** #error "lwip_sanity_check: WARNING: TCP_WND is smaller than MSS. If you know what you are doing, de
 322:C:/Users/stapi/OneDrive/Desktop/GD32VW553/V1_MQTT_OK/GD32VW55X_Wifi_BLE_SDK/GD32VW55x_RELEASE_V1.0.2/MSDK/lwip/lwip-2.1.2/src/core\init.c **** #endif
 323:C:/Users/stapi/OneDrive/Desktop/GD32VW553/V1_MQTT_OK/GD32VW55X_Wifi_BLE_SDK/GD32VW55x_RELEASE_V1.0.2/MSDK/lwip/lwip-2.1.2/src/core\init.c **** #endif /* LWIP_TCP */
 324:C:/Users/stapi/OneDrive/Desktop/GD32VW553/V1_MQTT_OK/GD32VW55X_Wifi_BLE_SDK/GD32VW55x_RELEASE_V1.0.2/MSDK/lwip/lwip-2.1.2/src/core\init.c **** #endif /* !LWIP_DISABLE_TCP_SANITY_CHECKS */
 325:C:/Users/stapi/OneDrive/Desktop/GD32VW553/V1_MQTT_OK/GD32VW55X_Wifi_BLE_SDK/GD32VW55x_RELEASE_V1.0.2/MSDK/lwip/lwip-2.1.2/src/core\init.c **** 
 326:C:/Users/stapi/OneDrive/Desktop/GD32VW553/V1_MQTT_OK/GD32VW55X_Wifi_BLE_SDK/GD32VW55x_RELEASE_V1.0.2/MSDK/lwip/lwip-2.1.2/src/core\init.c **** /**
 327:C:/Users/stapi/OneDrive/Desktop/GD32VW553/V1_MQTT_OK/GD32VW55X_Wifi_BLE_SDK/GD32VW55x_RELEASE_V1.0.2/MSDK/lwip/lwip-2.1.2/src/core\init.c ****  * @ingroup lwip_nosys
 328:C:/Users/stapi/OneDrive/Desktop/GD32VW553/V1_MQTT_OK/GD32VW55X_Wifi_BLE_SDK/GD32VW55x_RELEASE_V1.0.2/MSDK/lwip/lwip-2.1.2/src/core\init.c ****  * Initialize all modules.
 329:C:/Users/stapi/OneDrive/Desktop/GD32VW553/V1_MQTT_OK/GD32VW55X_Wifi_BLE_SDK/GD32VW55x_RELEASE_V1.0.2/MSDK/lwip/lwip-2.1.2/src/core\init.c ****  * Use this in NO_SYS mode. Use tcpip_init() otherwise.
 330:C:/Users/stapi/OneDrive/Desktop/GD32VW553/V1_MQTT_OK/GD32VW55X_Wifi_BLE_SDK/GD32VW55x_RELEASE_V1.0.2/MSDK/lwip/lwip-2.1.2/src/core\init.c ****  */
 331:C:/Users/stapi/OneDrive/Desktop/GD32VW553/V1_MQTT_OK/GD32VW55X_Wifi_BLE_SDK/GD32VW55x_RELEASE_V1.0.2/MSDK/lwip/lwip-2.1.2/src/core\init.c **** void
 332:C:/Users/stapi/OneDrive/Desktop/GD32VW553/V1_MQTT_OK/GD32VW55X_Wifi_BLE_SDK/GD32VW55x_RELEASE_V1.0.2/MSDK/lwip/lwip-2.1.2/src/core\init.c **** lwip_init(void)
 333:C:/Users/stapi/OneDrive/Desktop/GD32VW553/V1_MQTT_OK/GD32VW55X_Wifi_BLE_SDK/GD32VW55x_RELEASE_V1.0.2/MSDK/lwip/lwip-2.1.2/src/core\init.c **** {
  16              		.loc 1 333 1
  17              		.cfi_startproc
  18 0000 17030000 		call	t0,__riscv_save_0
  18      E7020300 
  19              		.cfi_offset 1, -4
  20              		.cfi_def_cfa_offset 16
 334:C:/Users/stapi/OneDrive/Desktop/GD32VW553/V1_MQTT_OK/GD32VW55X_Wifi_BLE_SDK/GD32VW55x_RELEASE_V1.0.2/MSDK/lwip/lwip-2.1.2/src/core\init.c **** #ifndef LWIP_SKIP_CONST_CHECK
 335:C:/Users/stapi/OneDrive/Desktop/GD32VW553/V1_MQTT_OK/GD32VW55X_Wifi_BLE_SDK/GD32VW55x_RELEASE_V1.0.2/MSDK/lwip/lwip-2.1.2/src/core\init.c ****   int a = 0;
  21              		.loc 1 335 3
  22              	.LVL0:
 336:C:/Users/stapi/OneDrive/Desktop/GD32VW553/V1_MQTT_OK/GD32VW55X_Wifi_BLE_SDK/GD32VW55x_RELEASE_V1.0.2/MSDK/lwip/lwip-2.1.2/src/core\init.c ****   LWIP_UNUSED_ARG(a);
  23              		.loc 1 336 3
 337:C:/Users/stapi/OneDrive/Desktop/GD32VW553/V1_MQTT_OK/GD32VW55X_Wifi_BLE_SDK/GD32VW55x_RELEASE_V1.0.2/MSDK/lwip/lwip-2.1.2/src/core\init.c ****   LWIP_ASSERT("LWIP_CONST_CAST not implemented correctly. Check your lwIP port.", LWIP_CONST_CAST(v
  24              		.loc 1 337 3
  25              		.loc 1 337 3
  26              		.loc 1 337 3
  27              		.loc 1 337 3
 338:C:/Users/stapi/OneDrive/Desktop/GD32VW553/V1_MQTT_OK/GD32VW55X_Wifi_BLE_SDK/GD32VW55x_RELEASE_V1.0.2/MSDK/lwip/lwip-2.1.2/src/core\init.c **** #endif
 339:C:/Users/stapi/OneDrive/Desktop/GD32VW553/V1_MQTT_OK/GD32VW55X_Wifi_BLE_SDK/GD32VW55x_RELEASE_V1.0.2/MSDK/lwip/lwip-2.1.2/src/core\init.c **** #ifndef LWIP_SKIP_PACKING_CHECK
 340:C:/Users/stapi/OneDrive/Desktop/GD32VW553/V1_MQTT_OK/GD32VW55X_Wifi_BLE_SDK/GD32VW55x_RELEASE_V1.0.2/MSDK/lwip/lwip-2.1.2/src/core\init.c ****   LWIP_ASSERT("Struct packing not implemented correctly. Check your lwIP port.", sizeof(struct pack
  28              		.loc 1 340 3
  29              		.loc 1 340 3
  30              		.loc 1 340 3
  31              		.loc 1 340 3
 341:C:/Users/stapi/OneDrive/Desktop/GD32VW553/V1_MQTT_OK/GD32VW55X_Wifi_BLE_SDK/GD32VW55x_RELEASE_V1.0.2/MSDK/lwip/lwip-2.1.2/src/core\init.c **** #endif
 342:C:/Users/stapi/OneDrive/Desktop/GD32VW553/V1_MQTT_OK/GD32VW55X_Wifi_BLE_SDK/GD32VW55x_RELEASE_V1.0.2/MSDK/lwip/lwip-2.1.2/src/core\init.c **** 
 343:C:/Users/stapi/OneDrive/Desktop/GD32VW553/V1_MQTT_OK/GD32VW55X_Wifi_BLE_SDK/GD32VW55x_RELEASE_V1.0.2/MSDK/lwip/lwip-2.1.2/src/core\init.c ****   /* Modules initialization */
 344:C:/Users/stapi/OneDrive/Desktop/GD32VW553/V1_MQTT_OK/GD32VW55X_Wifi_BLE_SDK/GD32VW55x_RELEASE_V1.0.2/MSDK/lwip/lwip-2.1.2/src/core\init.c ****   stats_init();
  32              		.loc 1 344 15
 345:C:/Users/stapi/OneDrive/Desktop/GD32VW553/V1_MQTT_OK/GD32VW55X_Wifi_BLE_SDK/GD32VW55x_RELEASE_V1.0.2/MSDK/lwip/lwip-2.1.2/src/core\init.c **** #if !NO_SYS
 346:C:/Users/stapi/OneDrive/Desktop/GD32VW553/V1_MQTT_OK/GD32VW55X_Wifi_BLE_SDK/GD32VW55x_RELEASE_V1.0.2/MSDK/lwip/lwip-2.1.2/src/core\init.c ****   sys_init();
  33              		.loc 1 346 3
  34 0008 97000000 		call	sys_init
  34      E7800000 
  35              	.LVL1:
 347:C:/Users/stapi/OneDrive/Desktop/GD32VW553/V1_MQTT_OK/GD32VW55X_Wifi_BLE_SDK/GD32VW55x_RELEASE_V1.0.2/MSDK/lwip/lwip-2.1.2/src/core\init.c **** #endif /* !NO_SYS */
 348:C:/Users/stapi/OneDrive/Desktop/GD32VW553/V1_MQTT_OK/GD32VW55X_Wifi_BLE_SDK/GD32VW55x_RELEASE_V1.0.2/MSDK/lwip/lwip-2.1.2/src/core\init.c ****   mem_init();
  36              		.loc 1 348 3
  37 0010 97000000 		call	mem_init
  37      E7800000 
  38              	.LVL2:
 349:C:/Users/stapi/OneDrive/Desktop/GD32VW553/V1_MQTT_OK/GD32VW55X_Wifi_BLE_SDK/GD32VW55x_RELEASE_V1.0.2/MSDK/lwip/lwip-2.1.2/src/core\init.c ****   memp_init();
  39              		.loc 1 349 3
  40 0018 97000000 		call	memp_init
  40      E7800000 
  41              	.LVL3:
 350:C:/Users/stapi/OneDrive/Desktop/GD32VW553/V1_MQTT_OK/GD32VW55X_Wifi_BLE_SDK/GD32VW55x_RELEASE_V1.0.2/MSDK/lwip/lwip-2.1.2/src/core\init.c ****   pbuf_init();
  42              		.loc 1 350 14
 351:C:/Users/stapi/OneDrive/Desktop/GD32VW553/V1_MQTT_OK/GD32VW55X_Wifi_BLE_SDK/GD32VW55x_RELEASE_V1.0.2/MSDK/lwip/lwip-2.1.2/src/core\init.c ****   netif_init();
  43              		.loc 1 351 3
  44 0020 97000000 		call	netif_init
  44      E7800000 
  45              	.LVL4:
 352:C:/Users/stapi/OneDrive/Desktop/GD32VW553/V1_MQTT_OK/GD32VW55X_Wifi_BLE_SDK/GD32VW55x_RELEASE_V1.0.2/MSDK/lwip/lwip-2.1.2/src/core\init.c **** #if LWIP_IPV4
 353:C:/Users/stapi/OneDrive/Desktop/GD32VW553/V1_MQTT_OK/GD32VW55X_Wifi_BLE_SDK/GD32VW55x_RELEASE_V1.0.2/MSDK/lwip/lwip-2.1.2/src/core\init.c ****   ip_init();
  46              		.loc 1 353 12
 354:C:/Users/stapi/OneDrive/Desktop/GD32VW553/V1_MQTT_OK/GD32VW55X_Wifi_BLE_SDK/GD32VW55x_RELEASE_V1.0.2/MSDK/lwip/lwip-2.1.2/src/core\init.c **** #if LWIP_ARP
 355:C:/Users/stapi/OneDrive/Desktop/GD32VW553/V1_MQTT_OK/GD32VW55X_Wifi_BLE_SDK/GD32VW55x_RELEASE_V1.0.2/MSDK/lwip/lwip-2.1.2/src/core\init.c ****   etharp_init();
  47              		.loc 1 355 16
 356:C:/Users/stapi/OneDrive/Desktop/GD32VW553/V1_MQTT_OK/GD32VW55X_Wifi_BLE_SDK/GD32VW55x_RELEASE_V1.0.2/MSDK/lwip/lwip-2.1.2/src/core\init.c **** #endif /* LWIP_ARP */
 357:C:/Users/stapi/OneDrive/Desktop/GD32VW553/V1_MQTT_OK/GD32VW55X_Wifi_BLE_SDK/GD32VW55x_RELEASE_V1.0.2/MSDK/lwip/lwip-2.1.2/src/core\init.c **** #endif /* LWIP_IPV4 */
 358:C:/Users/stapi/OneDrive/Desktop/GD32VW553/V1_MQTT_OK/GD32VW55X_Wifi_BLE_SDK/GD32VW55x_RELEASE_V1.0.2/MSDK/lwip/lwip-2.1.2/src/core\init.c **** #if LWIP_RAW
 359:C:/Users/stapi/OneDrive/Desktop/GD32VW553/V1_MQTT_OK/GD32VW55X_Wifi_BLE_SDK/GD32VW55x_RELEASE_V1.0.2/MSDK/lwip/lwip-2.1.2/src/core\init.c ****   raw_init();
  48              		.loc 1 359 13
 360:C:/Users/stapi/OneDrive/Desktop/GD32VW553/V1_MQTT_OK/GD32VW55X_Wifi_BLE_SDK/GD32VW55x_RELEASE_V1.0.2/MSDK/lwip/lwip-2.1.2/src/core\init.c **** #endif /* LWIP_RAW */
 361:C:/Users/stapi/OneDrive/Desktop/GD32VW553/V1_MQTT_OK/GD32VW55X_Wifi_BLE_SDK/GD32VW55x_RELEASE_V1.0.2/MSDK/lwip/lwip-2.1.2/src/core\init.c **** #if LWIP_UDP
 362:C:/Users/stapi/OneDrive/Desktop/GD32VW553/V1_MQTT_OK/GD32VW55X_Wifi_BLE_SDK/GD32VW55x_RELEASE_V1.0.2/MSDK/lwip/lwip-2.1.2/src/core\init.c ****   udp_init();
  49              		.loc 1 362 3
  50 0028 97000000 		call	udp_init
  50      E7800000 
  51              	.LVL5:
 363:C:/Users/stapi/OneDrive/Desktop/GD32VW553/V1_MQTT_OK/GD32VW55X_Wifi_BLE_SDK/GD32VW55x_RELEASE_V1.0.2/MSDK/lwip/lwip-2.1.2/src/core\init.c **** #endif /* LWIP_UDP */
 364:C:/Users/stapi/OneDrive/Desktop/GD32VW553/V1_MQTT_OK/GD32VW55X_Wifi_BLE_SDK/GD32VW55x_RELEASE_V1.0.2/MSDK/lwip/lwip-2.1.2/src/core\init.c **** #if LWIP_TCP
 365:C:/Users/stapi/OneDrive/Desktop/GD32VW553/V1_MQTT_OK/GD32VW55X_Wifi_BLE_SDK/GD32VW55x_RELEASE_V1.0.2/MSDK/lwip/lwip-2.1.2/src/core\init.c ****   tcp_init();
  52              		.loc 1 365 3
  53 0030 97000000 		call	tcp_init
  53      E7800000 
  54              	.LVL6:
 366:C:/Users/stapi/OneDrive/Desktop/GD32VW553/V1_MQTT_OK/GD32VW55X_Wifi_BLE_SDK/GD32VW55x_RELEASE_V1.0.2/MSDK/lwip/lwip-2.1.2/src/core\init.c **** #endif /* LWIP_TCP */
 367:C:/Users/stapi/OneDrive/Desktop/GD32VW553/V1_MQTT_OK/GD32VW55X_Wifi_BLE_SDK/GD32VW55x_RELEASE_V1.0.2/MSDK/lwip/lwip-2.1.2/src/core\init.c **** #if LWIP_IGMP
 368:C:/Users/stapi/OneDrive/Desktop/GD32VW553/V1_MQTT_OK/GD32VW55X_Wifi_BLE_SDK/GD32VW55x_RELEASE_V1.0.2/MSDK/lwip/lwip-2.1.2/src/core\init.c ****   igmp_init();
  55              		.loc 1 368 3
  56 0038 97000000 		call	igmp_init
  56      E7800000 
  57              	.LVL7:
 369:C:/Users/stapi/OneDrive/Desktop/GD32VW553/V1_MQTT_OK/GD32VW55X_Wifi_BLE_SDK/GD32VW55x_RELEASE_V1.0.2/MSDK/lwip/lwip-2.1.2/src/core\init.c **** #endif /* LWIP_IGMP */
 370:C:/Users/stapi/OneDrive/Desktop/GD32VW553/V1_MQTT_OK/GD32VW55X_Wifi_BLE_SDK/GD32VW55x_RELEASE_V1.0.2/MSDK/lwip/lwip-2.1.2/src/core\init.c **** #if LWIP_DNS
 371:C:/Users/stapi/OneDrive/Desktop/GD32VW553/V1_MQTT_OK/GD32VW55X_Wifi_BLE_SDK/GD32VW55x_RELEASE_V1.0.2/MSDK/lwip/lwip-2.1.2/src/core\init.c ****   dns_init();
  58              		.loc 1 371 3
  59 0040 97000000 		call	dns_init
  59      E7800000 
  60              	.LVL8:
 372:C:/Users/stapi/OneDrive/Desktop/GD32VW553/V1_MQTT_OK/GD32VW55X_Wifi_BLE_SDK/GD32VW55x_RELEASE_V1.0.2/MSDK/lwip/lwip-2.1.2/src/core\init.c **** #endif /* LWIP_DNS */
 373:C:/Users/stapi/OneDrive/Desktop/GD32VW553/V1_MQTT_OK/GD32VW55X_Wifi_BLE_SDK/GD32VW55x_RELEASE_V1.0.2/MSDK/lwip/lwip-2.1.2/src/core\init.c **** #if PPP_SUPPORT
 374:C:/Users/stapi/OneDrive/Desktop/GD32VW553/V1_MQTT_OK/GD32VW55X_Wifi_BLE_SDK/GD32VW55x_RELEASE_V1.0.2/MSDK/lwip/lwip-2.1.2/src/core\init.c ****   ppp_init();
 375:C:/Users/stapi/OneDrive/Desktop/GD32VW553/V1_MQTT_OK/GD32VW55X_Wifi_BLE_SDK/GD32VW55x_RELEASE_V1.0.2/MSDK/lwip/lwip-2.1.2/src/core\init.c **** #endif
 376:C:/Users/stapi/OneDrive/Desktop/GD32VW553/V1_MQTT_OK/GD32VW55X_Wifi_BLE_SDK/GD32VW55x_RELEASE_V1.0.2/MSDK/lwip/lwip-2.1.2/src/core\init.c **** 
 377:C:/Users/stapi/OneDrive/Desktop/GD32VW553/V1_MQTT_OK/GD32VW55X_Wifi_BLE_SDK/GD32VW55x_RELEASE_V1.0.2/MSDK/lwip/lwip-2.1.2/src/core\init.c **** #if LWIP_TIMERS
 378:C:/Users/stapi/OneDrive/Desktop/GD32VW553/V1_MQTT_OK/GD32VW55X_Wifi_BLE_SDK/GD32VW55x_RELEASE_V1.0.2/MSDK/lwip/lwip-2.1.2/src/core\init.c ****   sys_timeouts_init();
  61              		.loc 1 378 3
  62 0048 97000000 		call	sys_timeouts_init
  62      E7800000 
  63              	.LVL9:
 379:C:/Users/stapi/OneDrive/Desktop/GD32VW553/V1_MQTT_OK/GD32VW55X_Wifi_BLE_SDK/GD32VW55x_RELEASE_V1.0.2/MSDK/lwip/lwip-2.1.2/src/core\init.c **** #endif /* LWIP_TIMERS */
 380:C:/Users/stapi/OneDrive/Desktop/GD32VW553/V1_MQTT_OK/GD32VW55X_Wifi_BLE_SDK/GD32VW55x_RELEASE_V1.0.2/MSDK/lwip/lwip-2.1.2/src/core\init.c **** }
  64              		.loc 1 380 1 is_stmt 0
  65 0050 17030000 		tail	__riscv_restore_0
  65      67000300 
  66              		.cfi_restore 1
  67              		.cfi_def_cfa_offset 0
  68              		.cfi_endproc
  69              	.LFE4:
  71              		.text
  72              	.Letext0:
  73              		.file 2 "..\\..\\..\\..\\lwip\\lwip-2.1.2\\src\\include/lwip/sys.h"
  74              		.file 3 "..\\..\\..\\..\\lwip\\lwip-2.1.2\\src\\include/lwip/mem.h"
  75              		.file 4 "..\\..\\..\\..\\lwip\\lwip-2.1.2\\src\\include/lwip/memp.h"
  76              		.file 5 "..\\..\\..\\..\\lwip\\lwip-2.1.2\\src\\include/lwip/netif.h"
  77              		.file 6 "..\\..\\..\\..\\lwip\\lwip-2.1.2\\src\\include/lwip/udp.h"
  78              		.file 7 "..\\..\\..\\..\\lwip\\lwip-2.1.2\\src\\include/lwip/priv/tcp_priv.h"
  79              		.file 8 "..\\..\\..\\..\\lwip\\lwip-2.1.2\\src\\include/lwip/igmp.h"
  80              		.file 9 "..\\..\\..\\..\\lwip\\lwip-2.1.2\\src\\include/lwip/dns.h"
  81              		.file 10 "..\\..\\..\\..\\lwip\\lwip-2.1.2\\src\\include/lwip/timeouts.h"
  82              		.file 11 "c:\\users\\stapi\\onedrive\\desktop\\gd32vw553\\embeddedbuilder_v1.4.7.26843\\tools\\nuc
DEFINED SYMBOLS
                            *ABS*:0000000000000000 init.c
C:\Users\stapi\AppData\Local\Temp\ccYHGCyQ.s:13     .text.lwip_init:0000000000000000 lwip_init
C:\Users\stapi\AppData\Local\Temp\ccYHGCyQ.s:17     .text.lwip_init:0000000000000000 .L0 
C:\Users\stapi\AppData\Local\Temp\ccYHGCyQ.s:18     .text.lwip_init:0000000000000000 .L0 
C:\Users\stapi\AppData\Local\Temp\ccYHGCyQ.s:19     .text.lwip_init:0000000000000008 .L0 
C:\Users\stapi\AppData\Local\Temp\ccYHGCyQ.s:20     .text.lwip_init:0000000000000008 .L0 
C:\Users\stapi\AppData\Local\Temp\ccYHGCyQ.s:23     .text.lwip_init:0000000000000008 .L0 
C:\Users\stapi\AppData\Local\Temp\ccYHGCyQ.s:24     .text.lwip_init:0000000000000008 .L0 
C:\Users\stapi\AppData\Local\Temp\ccYHGCyQ.s:25     .text.lwip_init:0000000000000008 .L0 
C:\Users\stapi\AppData\Local\Temp\ccYHGCyQ.s:26     .text.lwip_init:0000000000000008 .L0 
C:\Users\stapi\AppData\Local\Temp\ccYHGCyQ.s:27     .text.lwip_init:0000000000000008 .L0 
C:\Users\stapi\AppData\Local\Temp\ccYHGCyQ.s:28     .text.lwip_init:0000000000000008 .L0 
C:\Users\stapi\AppData\Local\Temp\ccYHGCyQ.s:29     .text.lwip_init:0000000000000008 .L0 
C:\Users\stapi\AppData\Local\Temp\ccYHGCyQ.s:30     .text.lwip_init:0000000000000008 .L0 
C:\Users\stapi\AppData\Local\Temp\ccYHGCyQ.s:31     .text.lwip_init:0000000000000008 .L0 
C:\Users\stapi\AppData\Local\Temp\ccYHGCyQ.s:32     .text.lwip_init:0000000000000008 .L0 
C:\Users\stapi\AppData\Local\Temp\ccYHGCyQ.s:33     .text.lwip_init:0000000000000008 .L0 
C:\Users\stapi\AppData\Local\Temp\ccYHGCyQ.s:34     .text.lwip_init:0000000000000008 .L0 
C:\Users\stapi\AppData\Local\Temp\ccYHGCyQ.s:37     .text.lwip_init:0000000000000010 .L0 
C:\Users\stapi\AppData\Local\Temp\ccYHGCyQ.s:40     .text.lwip_init:0000000000000018 .L0 
C:\Users\stapi\AppData\Local\Temp\ccYHGCyQ.s:43     .text.lwip_init:0000000000000020 .L0 
C:\Users\stapi\AppData\Local\Temp\ccYHGCyQ.s:44     .text.lwip_init:0000000000000020 .L0 
C:\Users\stapi\AppData\Local\Temp\ccYHGCyQ.s:47     .text.lwip_init:0000000000000028 .L0 
C:\Users\stapi\AppData\Local\Temp\ccYHGCyQ.s:48     .text.lwip_init:0000000000000028 .L0 
C:\Users\stapi\AppData\Local\Temp\ccYHGCyQ.s:49     .text.lwip_init:0000000000000028 .L0 
C:\Users\stapi\AppData\Local\Temp\ccYHGCyQ.s:50     .text.lwip_init:0000000000000028 .L0 
C:\Users\stapi\AppData\Local\Temp\ccYHGCyQ.s:53     .text.lwip_init:0000000000000030 .L0 
C:\Users\stapi\AppData\Local\Temp\ccYHGCyQ.s:56     .text.lwip_init:0000000000000038 .L0 
C:\Users\stapi\AppData\Local\Temp\ccYHGCyQ.s:59     .text.lwip_init:0000000000000040 .L0 
C:\Users\stapi\AppData\Local\Temp\ccYHGCyQ.s:62     .text.lwip_init:0000000000000048 .L0 
C:\Users\stapi\AppData\Local\Temp\ccYHGCyQ.s:65     .text.lwip_init:0000000000000050 .L0 
C:\Users\stapi\AppData\Local\Temp\ccYHGCyQ.s:66     .text.lwip_init:0000000000000058 .L0 
C:\Users\stapi\AppData\Local\Temp\ccYHGCyQ.s:67     .text.lwip_init:0000000000000058 .L0 
C:\Users\stapi\AppData\Local\Temp\ccYHGCyQ.s:68     .text.lwip_init:0000000000000058 .L0 
C:\Users\stapi\AppData\Local\Temp\ccYHGCyQ.s:71     .text.lwip_init:0000000000000058 .L0 
                     .debug_frame:0000000000000000 .L0 
C:\Users\stapi\AppData\Local\Temp\ccYHGCyQ.s:248    .debug_abbrev:0000000000000000 .Ldebug_abbrev0
C:\Users\stapi\AppData\Local\Temp\ccYHGCyQ.s:446    .debug_str:000000000000012e .LASF19
C:\Users\stapi\AppData\Local\Temp\ccYHGCyQ.s:424    .debug_str:0000000000000025 .LASF20
C:\Users\stapi\AppData\Local\Temp\ccYHGCyQ.s:458    .debug_str:0000000000000262 .LASF21
C:\Users\stapi\AppData\Local\Temp\ccYHGCyQ.s:410    .debug_ranges:0000000000000000 .Ldebug_ranges0
C:\Users\stapi\AppData\Local\Temp\ccYHGCyQ.s:416    .debug_line:0000000000000000 .Ldebug_line0
C:\Users\stapi\AppData\Local\Temp\ccYHGCyQ.s:456    .debug_str:0000000000000256 .LASF0
C:\Users\stapi\AppData\Local\Temp\ccYHGCyQ.s:440    .debug_str:0000000000000110 .LASF1
C:\Users\stapi\AppData\Local\Temp\ccYHGCyQ.s:452    .debug_str:0000000000000239 .LASF2
C:\Users\stapi\AppData\Local\Temp\ccYHGCyQ.s:454    .debug_str:0000000000000243 .LASF3
C:\Users\stapi\AppData\Local\Temp\ccYHGCyQ.s:448    .debug_str:0000000000000227 .LASF4
C:\Users\stapi\AppData\Local\Temp\ccYHGCyQ.s:428    .debug_str:00000000000000b9 .LASF5
C:\Users\stapi\AppData\Local\Temp\ccYHGCyQ.s:418    .debug_str:0000000000000000 .LASF6
C:\Users\stapi\AppData\Local\Temp\ccYHGCyQ.s:430    .debug_str:00000000000000cb .LASF7
C:\Users\stapi\AppData\Local\Temp\ccYHGCyQ.s:422    .debug_str:0000000000000018 .LASF8
C:\Users\stapi\AppData\Local\Temp\ccYHGCyQ.s:426    .debug_str:00000000000000af .LASF22
C:\Users\stapi\AppData\Local\Temp\ccYHGCyQ.s:442    .debug_str:000000000000011e .LASF9
C:\Users\stapi\AppData\Local\Temp\ccYHGCyQ.s:434    .debug_str:00000000000000eb .LASF23
C:\Users\stapi\AppData\Local\Temp\ccYHGCyQ.s:14     .text.lwip_init:0000000000000000 .LFB4
C:\Users\stapi\AppData\Local\Temp\ccYHGCyQ.s:69     .text.lwip_init:0000000000000058 .LFE4
C:\Users\stapi\AppData\Local\Temp\ccYHGCyQ.s:35     .text.lwip_init:0000000000000010 .LVL1
C:\Users\stapi\AppData\Local\Temp\ccYHGCyQ.s:38     .text.lwip_init:0000000000000018 .LVL2
C:\Users\stapi\AppData\Local\Temp\ccYHGCyQ.s:41     .text.lwip_init:0000000000000020 .LVL3
C:\Users\stapi\AppData\Local\Temp\ccYHGCyQ.s:45     .text.lwip_init:0000000000000028 .LVL4
C:\Users\stapi\AppData\Local\Temp\ccYHGCyQ.s:51     .text.lwip_init:0000000000000030 .LVL5
C:\Users\stapi\AppData\Local\Temp\ccYHGCyQ.s:54     .text.lwip_init:0000000000000038 .LVL6
C:\Users\stapi\AppData\Local\Temp\ccYHGCyQ.s:57     .text.lwip_init:0000000000000040 .LVL7
C:\Users\stapi\AppData\Local\Temp\ccYHGCyQ.s:60     .text.lwip_init:0000000000000048 .LVL8
C:\Users\stapi\AppData\Local\Temp\ccYHGCyQ.s:63     .text.lwip_init:0000000000000050 .LVL9
C:\Users\stapi\AppData\Local\Temp\ccYHGCyQ.s:460    .debug_str:00000000000002eb .LASF10
C:\Users\stapi\AppData\Local\Temp\ccYHGCyQ.s:432    .debug_str:00000000000000e2 .LASF11
C:\Users\stapi\AppData\Local\Temp\ccYHGCyQ.s:420    .debug_str:000000000000000e .LASF12
C:\Users\stapi\AppData\Local\Temp\ccYHGCyQ.s:444    .debug_str:0000000000000123 .LASF13
C:\Users\stapi\AppData\Local\Temp\ccYHGCyQ.s:436    .debug_str:00000000000000f5 .LASF14
C:\Users\stapi\AppData\Local\Temp\ccYHGCyQ.s:462    .debug_str:00000000000002f4 .LASF15
C:\Users\stapi\AppData\Local\Temp\ccYHGCyQ.s:464    .debug_str:00000000000002fd .LASF16
C:\Users\stapi\AppData\Local\Temp\ccYHGCyQ.s:450    .debug_str:0000000000000230 .LASF17
C:\Users\stapi\AppData\Local\Temp\ccYHGCyQ.s:438    .debug_str:00000000000000fe .LASF18
C:\Users\stapi\AppData\Local\Temp\ccYHGCyQ.s:84     .debug_info:0000000000000000 .Ldebug_info0

UNDEFINED SYMBOLS
__riscv_save_0
sys_init
mem_init
memp_init
netif_init
udp_init
tcp_init
igmp_init
dns_init
sys_timeouts_init
__riscv_restore_0
