   1              		.file	"lwip_sockets_demo.c"
   2              		.option nopic
   3              		.attribute arch, "rv32i2p0_m2p0_a2p0_f2p0_c2p0_b_p0p94"
   4              		.attribute unaligned_access, 0
   5              		.attribute stack_align, 16
   6              		.text
   7              	.Ltext0:
   8              		.cfi_sections	.debug_frame
   9              	.Letext0:
DEFINED SYMBOLS
                            *ABS*:0000000000000000 lwip_sockets_demo.c
C:\Users\stapi\AppData\Local\Temp\ccT2tT6R.s:68     .debug_abbrev:0000000000000000 .Ldebug_abbrev0
C:\Users\stapi\AppData\Local\Temp\ccT2tT6R.s:124    .debug_str:000000000000001f .LASF10
C:\Users\stapi\AppData\Local\Temp\ccT2tT6R.s:128    .debug_str:0000000000000126 .LASF11
C:\Users\stapi\AppData\Local\Temp\ccT2tT6R.s:136    .debug_str:00000000000001e6 .LASF12
C:\Users\stapi\AppData\Local\Temp\ccT2tT6R.s:118    .debug_line:0000000000000000 .Ldebug_line0
C:\Users\stapi\AppData\Local\Temp\ccT2tT6R.s:130    .debug_str:00000000000001b9 .LASF0
C:\Users\stapi\AppData\Local\Temp\ccT2tT6R.s:126    .debug_str:0000000000000118 .LASF1
C:\Users\stapi\AppData\Local\Temp\ccT2tT6R.s:132    .debug_str:00000000000001c5 .LASF2
C:\Users\stapi\AppData\Local\Temp\ccT2tT6R.s:138    .debug_str:000000000000026f .LASF3
C:\Users\stapi\AppData\Local\Temp\ccT2tT6R.s:140    .debug_str:0000000000000282 .LASF4
C:\Users\stapi\AppData\Local\Temp\ccT2tT6R.s:122    .debug_str:000000000000000d .LASF5
C:\Users\stapi\AppData\Local\Temp\ccT2tT6R.s:144    .debug_str:0000000000000290 .LASF6
C:\Users\stapi\AppData\Local\Temp\ccT2tT6R.s:134    .debug_str:00000000000001cf .LASF7
C:\Users\stapi\AppData\Local\Temp\ccT2tT6R.s:120    .debug_str:0000000000000000 .LASF8
C:\Users\stapi\AppData\Local\Temp\ccT2tT6R.s:142    .debug_str:000000000000028b .LASF9
C:\Users\stapi\AppData\Local\Temp\ccT2tT6R.s:11     .debug_info:0000000000000000 .Ldebug_info0

NO UNDEFINED SYMBOLS
